[2023-10-17T11:24:19.127+0000] {taskinstance.py:1159} INFO - Dependencies all met for dep_context=non-requeueable deps ti=<TaskInstance: copy_tranform_to_mongo.waiting_for_data scheduled__2022-11-09T00:00:00+00:00 [queued]>
[2023-10-17T11:24:19.132+0000] {taskinstance.py:1159} INFO - Dependencies all met for dep_context=requeueable deps ti=<TaskInstance: copy_tranform_to_mongo.waiting_for_data scheduled__2022-11-09T00:00:00+00:00 [queued]>
[2023-10-17T11:24:19.132+0000] {taskinstance.py:1361} INFO - Starting attempt 1 of 1
[2023-10-17T11:24:19.141+0000] {taskinstance.py:1382} INFO - Executing <Task(FileSensor): waiting_for_data> on 2022-11-09 00:00:00+00:00
[2023-10-17T11:24:19.146+0000] {standard_task_runner.py:57} INFO - Started process 1858 to run task
[2023-10-17T11:24:19.148+0000] {standard_task_runner.py:84} INFO - Running: ['***', 'tasks', 'run', 'copy_tranform_to_mongo', 'waiting_for_data', 'scheduled__2022-11-09T00:00:00+00:00', '--job-id', '682', '--raw', '--subdir', 'DAGS_FOLDER/file_***-mongo.py', '--cfg-path', '/tmp/tmpkkio3pds']
[2023-10-17T11:24:19.149+0000] {standard_task_runner.py:85} INFO - Job 682: Subtask waiting_for_data
[2023-10-17T11:24:19.180+0000] {task_command.py:416} INFO - Running <TaskInstance: copy_tranform_to_mongo.waiting_for_data scheduled__2022-11-09T00:00:00+00:00 [running]> on host 238c1d4ff767
[2023-10-17T11:24:19.233+0000] {taskinstance.py:1662} INFO - Exporting env vars: AIRFLOW_CTX_DAG_OWNER='***' AIRFLOW_CTX_DAG_ID='copy_tranform_to_mongo' AIRFLOW_CTX_TASK_ID='waiting_for_data' AIRFLOW_CTX_EXECUTION_DATE='2022-11-09T00:00:00+00:00' AIRFLOW_CTX_TRY_NUMBER='1' AIRFLOW_CTX_DAG_RUN_ID='scheduled__2022-11-09T00:00:00+00:00'
[2023-10-17T11:24:19.240+0000] {base.py:73} INFO - Using connection ID 'fs_default' for task execution.
[2023-10-17T11:24:19.240+0000] {filesystem.py:64} INFO - Poking for file /opt/in/tiktok_google_play_reviews.csv
[2023-10-17T11:24:19.240+0000] {filesystem.py:69} INFO - Found File /opt/in/tiktok_google_play_reviews.csv last modified: 20220405221612
[2023-10-17T11:24:19.240+0000] {base.py:287} INFO - Success criteria met. Exiting.
[2023-10-17T11:24:19.246+0000] {taskinstance.py:1400} INFO - Marking task as SUCCESS. dag_id=copy_tranform_to_mongo, task_id=waiting_for_data, execution_date=20221109T000000, start_date=20231017T112419, end_date=20231017T112419
[2023-10-17T11:24:19.280+0000] {local_task_job_runner.py:228} INFO - Task exited with return code 0
[2023-10-17T11:24:19.304+0000] {taskinstance.py:2778} INFO - 0 downstream tasks scheduled from follow-on schedule check
[2023-10-18T11:49:06.129+0000] {taskinstance.py:1159} INFO - Dependencies all met for dep_context=non-requeueable deps ti=<TaskInstance: copy_tranform_to_mongo.waiting_for_data scheduled__2022-11-09T00:00:00+00:00 [queued]>
[2023-10-18T11:49:06.137+0000] {taskinstance.py:1159} INFO - Dependencies all met for dep_context=requeueable deps ti=<TaskInstance: copy_tranform_to_mongo.waiting_for_data scheduled__2022-11-09T00:00:00+00:00 [queued]>
[2023-10-18T11:49:06.137+0000] {taskinstance.py:1361} INFO - Starting attempt 1 of 1
[2023-10-18T11:49:06.175+0000] {taskinstance.py:1382} INFO - Executing <Task(FileSensor): waiting_for_data> on 2022-11-09 00:00:00+00:00
[2023-10-18T11:49:06.183+0000] {standard_task_runner.py:57} INFO - Started process 3252 to run task
[2023-10-18T11:49:06.186+0000] {standard_task_runner.py:84} INFO - Running: ['***', 'tasks', 'run', 'copy_tranform_to_mongo', 'waiting_for_data', 'scheduled__2022-11-09T00:00:00+00:00', '--job-id', '1319', '--raw', '--subdir', 'DAGS_FOLDER/file_***-mongo.py', '--cfg-path', '/tmp/tmpzs0yql_r']
[2023-10-18T11:49:06.187+0000] {standard_task_runner.py:85} INFO - Job 1319: Subtask waiting_for_data
[2023-10-18T11:49:06.242+0000] {task_command.py:416} INFO - Running <TaskInstance: copy_tranform_to_mongo.waiting_for_data scheduled__2022-11-09T00:00:00+00:00 [running]> on host 0e68aa52dfc7
[2023-10-18T11:49:06.320+0000] {taskinstance.py:1662} INFO - Exporting env vars: AIRFLOW_CTX_DAG_OWNER='***' AIRFLOW_CTX_DAG_ID='copy_tranform_to_mongo' AIRFLOW_CTX_TASK_ID='waiting_for_data' AIRFLOW_CTX_EXECUTION_DATE='2022-11-09T00:00:00+00:00' AIRFLOW_CTX_TRY_NUMBER='1' AIRFLOW_CTX_DAG_RUN_ID='scheduled__2022-11-09T00:00:00+00:00'
[2023-10-18T11:49:06.331+0000] {base.py:73} INFO - Using connection ID 'fs_default' for task execution.
[2023-10-18T11:49:06.331+0000] {filesystem.py:64} INFO - Poking for file /opt/in/tiktok_google_play_reviews.csv
[2023-10-18T11:49:06.331+0000] {filesystem.py:69} INFO - Found File /opt/in/tiktok_google_play_reviews.csv last modified: 20220405221612
[2023-10-18T11:49:06.331+0000] {base.py:287} INFO - Success criteria met. Exiting.
[2023-10-18T11:49:06.339+0000] {taskinstance.py:1400} INFO - Marking task as SUCCESS. dag_id=copy_tranform_to_mongo, task_id=waiting_for_data, execution_date=20221109T000000, start_date=20231018T114906, end_date=20231018T114906
[2023-10-18T11:49:06.361+0000] {local_task_job_runner.py:228} INFO - Task exited with return code 0
[2023-10-18T11:49:06.390+0000] {taskinstance.py:2778} INFO - 1 downstream tasks scheduled from follow-on schedule check
