[2023-10-17T11:20:26.653+0000] {taskinstance.py:1159} INFO - Dependencies all met for dep_context=non-requeueable deps ti=<TaskInstance: copy_tranform_to_mongo.waiting_for_data scheduled__2021-09-15T00:00:00+00:00 [queued]>
[2023-10-17T11:20:26.663+0000] {taskinstance.py:1159} INFO - Dependencies all met for dep_context=requeueable deps ti=<TaskInstance: copy_tranform_to_mongo.waiting_for_data scheduled__2021-09-15T00:00:00+00:00 [queued]>
[2023-10-17T11:20:26.664+0000] {taskinstance.py:1361} INFO - Starting attempt 1 of 1
[2023-10-17T11:20:26.677+0000] {taskinstance.py:1382} INFO - Executing <Task(FileSensor): waiting_for_data> on 2021-09-15 00:00:00+00:00
[2023-10-17T11:20:26.685+0000] {standard_task_runner.py:57} INFO - Started process 964 to run task
[2023-10-17T11:20:26.687+0000] {standard_task_runner.py:84} INFO - Running: ['***', 'tasks', 'run', 'copy_tranform_to_mongo', 'waiting_for_data', 'scheduled__2021-09-15T00:00:00+00:00', '--job-id', '262', '--raw', '--subdir', 'DAGS_FOLDER/file_***-mongo.py', '--cfg-path', '/tmp/tmpzizqrljc']
[2023-10-17T11:20:26.688+0000] {standard_task_runner.py:85} INFO - Job 262: Subtask waiting_for_data
[2023-10-17T11:20:26.728+0000] {task_command.py:416} INFO - Running <TaskInstance: copy_tranform_to_mongo.waiting_for_data scheduled__2021-09-15T00:00:00+00:00 [running]> on host 238c1d4ff767
[2023-10-17T11:20:26.791+0000] {taskinstance.py:1662} INFO - Exporting env vars: AIRFLOW_CTX_DAG_OWNER='***' AIRFLOW_CTX_DAG_ID='copy_tranform_to_mongo' AIRFLOW_CTX_TASK_ID='waiting_for_data' AIRFLOW_CTX_EXECUTION_DATE='2021-09-15T00:00:00+00:00' AIRFLOW_CTX_TRY_NUMBER='1' AIRFLOW_CTX_DAG_RUN_ID='scheduled__2021-09-15T00:00:00+00:00'
[2023-10-17T11:20:26.798+0000] {base.py:73} INFO - Using connection ID 'fs_default' for task execution.
[2023-10-17T11:20:26.799+0000] {filesystem.py:64} INFO - Poking for file /opt/in/tiktok_google_play_reviews.csv
[2023-10-17T11:20:26.799+0000] {filesystem.py:69} INFO - Found File /opt/in/tiktok_google_play_reviews.csv last modified: 20220405221612
[2023-10-17T11:20:26.799+0000] {base.py:287} INFO - Success criteria met. Exiting.
[2023-10-17T11:20:26.806+0000] {taskinstance.py:1400} INFO - Marking task as SUCCESS. dag_id=copy_tranform_to_mongo, task_id=waiting_for_data, execution_date=20210915T000000, start_date=20231017T112026, end_date=20231017T112026
[2023-10-17T11:20:26.859+0000] {local_task_job_runner.py:228} INFO - Task exited with return code 0
[2023-10-17T11:20:26.873+0000] {taskinstance.py:2778} INFO - 0 downstream tasks scheduled from follow-on schedule check
[2023-10-18T10:48:15.293+0000] {taskinstance.py:1159} INFO - Dependencies all met for dep_context=non-requeueable deps ti=<TaskInstance: copy_tranform_to_mongo.waiting_for_data scheduled__2021-09-15T00:00:00+00:00 [queued]>
[2023-10-18T10:48:15.301+0000] {taskinstance.py:1159} INFO - Dependencies all met for dep_context=requeueable deps ti=<TaskInstance: copy_tranform_to_mongo.waiting_for_data scheduled__2021-09-15T00:00:00+00:00 [queued]>
[2023-10-18T10:48:15.301+0000] {taskinstance.py:1361} INFO - Starting attempt 1 of 1
[2023-10-18T10:48:15.318+0000] {taskinstance.py:1382} INFO - Executing <Task(FileSensor): waiting_for_data> on 2021-09-15 00:00:00+00:00
[2023-10-18T10:48:15.324+0000] {standard_task_runner.py:57} INFO - Started process 2102 to run task
[2023-10-18T10:48:15.327+0000] {standard_task_runner.py:84} INFO - Running: ['***', 'tasks', 'run', 'copy_tranform_to_mongo', 'waiting_for_data', 'scheduled__2021-09-15T00:00:00+00:00', '--job-id', '316', '--raw', '--subdir', 'DAGS_FOLDER/file_***-mongo.py', '--cfg-path', '/tmp/tmp1_sjsao_']
[2023-10-18T10:48:15.329+0000] {standard_task_runner.py:85} INFO - Job 316: Subtask waiting_for_data
[2023-10-18T10:48:15.375+0000] {task_command.py:416} INFO - Running <TaskInstance: copy_tranform_to_mongo.waiting_for_data scheduled__2021-09-15T00:00:00+00:00 [running]> on host 2473b23ba069
[2023-10-18T10:48:15.447+0000] {taskinstance.py:1662} INFO - Exporting env vars: AIRFLOW_CTX_DAG_OWNER='***' AIRFLOW_CTX_DAG_ID='copy_tranform_to_mongo' AIRFLOW_CTX_TASK_ID='waiting_for_data' AIRFLOW_CTX_EXECUTION_DATE='2021-09-15T00:00:00+00:00' AIRFLOW_CTX_TRY_NUMBER='1' AIRFLOW_CTX_DAG_RUN_ID='scheduled__2021-09-15T00:00:00+00:00'
[2023-10-18T10:48:15.455+0000] {base.py:73} INFO - Using connection ID 'fs_default' for task execution.
[2023-10-18T10:48:15.456+0000] {filesystem.py:64} INFO - Poking for file /opt/in/tiktok_google_play_reviews.csv
[2023-10-18T10:48:15.456+0000] {filesystem.py:69} INFO - Found File /opt/in/tiktok_google_play_reviews.csv last modified: 20220405221612
[2023-10-18T10:48:15.456+0000] {base.py:287} INFO - Success criteria met. Exiting.
[2023-10-18T10:48:15.465+0000] {taskinstance.py:1400} INFO - Marking task as SUCCESS. dag_id=copy_tranform_to_mongo, task_id=waiting_for_data, execution_date=20210915T000000, start_date=20231018T104815, end_date=20231018T104815
[2023-10-18T10:48:15.501+0000] {local_task_job_runner.py:228} INFO - Task exited with return code 0
[2023-10-18T10:48:15.527+0000] {taskinstance.py:2778} INFO - 1 downstream tasks scheduled from follow-on schedule check
[2023-10-18T11:44:50.531+0000] {taskinstance.py:1159} INFO - Dependencies all met for dep_context=non-requeueable deps ti=<TaskInstance: copy_tranform_to_mongo.waiting_for_data scheduled__2021-09-15T00:00:00+00:00 [queued]>
[2023-10-18T11:44:50.547+0000] {taskinstance.py:1159} INFO - Dependencies all met for dep_context=requeueable deps ti=<TaskInstance: copy_tranform_to_mongo.waiting_for_data scheduled__2021-09-15T00:00:00+00:00 [queued]>
[2023-10-18T11:44:50.547+0000] {taskinstance.py:1361} INFO - Starting attempt 1 of 1
[2023-10-18T11:44:50.562+0000] {taskinstance.py:1382} INFO - Executing <Task(FileSensor): waiting_for_data> on 2021-09-15 00:00:00+00:00
[2023-10-18T11:44:50.569+0000] {standard_task_runner.py:57} INFO - Started process 1504 to run task
[2023-10-18T11:44:50.575+0000] {standard_task_runner.py:84} INFO - Running: ['***', 'tasks', 'run', 'copy_tranform_to_mongo', 'waiting_for_data', 'scheduled__2021-09-15T00:00:00+00:00', '--job-id', '477', '--raw', '--subdir', 'DAGS_FOLDER/file_***-mongo.py', '--cfg-path', '/tmp/tmpn57uhif9']
[2023-10-18T11:44:50.576+0000] {standard_task_runner.py:85} INFO - Job 477: Subtask waiting_for_data
[2023-10-18T11:44:50.638+0000] {task_command.py:416} INFO - Running <TaskInstance: copy_tranform_to_mongo.waiting_for_data scheduled__2021-09-15T00:00:00+00:00 [running]> on host 0e68aa52dfc7
[2023-10-18T11:44:50.718+0000] {taskinstance.py:1662} INFO - Exporting env vars: AIRFLOW_CTX_DAG_OWNER='***' AIRFLOW_CTX_DAG_ID='copy_tranform_to_mongo' AIRFLOW_CTX_TASK_ID='waiting_for_data' AIRFLOW_CTX_EXECUTION_DATE='2021-09-15T00:00:00+00:00' AIRFLOW_CTX_TRY_NUMBER='1' AIRFLOW_CTX_DAG_RUN_ID='scheduled__2021-09-15T00:00:00+00:00'
[2023-10-18T11:44:50.726+0000] {base.py:73} INFO - Using connection ID 'fs_default' for task execution.
[2023-10-18T11:44:50.726+0000] {filesystem.py:64} INFO - Poking for file /opt/in/tiktok_google_play_reviews.csv
[2023-10-18T11:44:50.727+0000] {filesystem.py:69} INFO - Found File /opt/in/tiktok_google_play_reviews.csv last modified: 20220405221612
[2023-10-18T11:44:50.727+0000] {base.py:287} INFO - Success criteria met. Exiting.
[2023-10-18T11:44:50.736+0000] {taskinstance.py:1400} INFO - Marking task as SUCCESS. dag_id=copy_tranform_to_mongo, task_id=waiting_for_data, execution_date=20210915T000000, start_date=20231018T114450, end_date=20231018T114450
[2023-10-18T11:44:50.787+0000] {local_task_job_runner.py:228} INFO - Task exited with return code 0
[2023-10-18T11:44:50.825+0000] {taskinstance.py:2778} INFO - 1 downstream tasks scheduled from follow-on schedule check
