[2023-10-17T11:27:22.755+0000] {taskinstance.py:1159} INFO - Dependencies all met for dep_context=non-requeueable deps ti=<TaskInstance: copy_tranform_to_mongo.waiting_for_data scheduled__2023-09-22T00:00:00+00:00 [queued]>
[2023-10-17T11:27:22.760+0000] {taskinstance.py:1159} INFO - Dependencies all met for dep_context=requeueable deps ti=<TaskInstance: copy_tranform_to_mongo.waiting_for_data scheduled__2023-09-22T00:00:00+00:00 [queued]>
[2023-10-17T11:27:22.760+0000] {taskinstance.py:1361} INFO - Starting attempt 1 of 1
[2023-10-17T11:27:22.768+0000] {taskinstance.py:1382} INFO - Executing <Task(FileSensor): waiting_for_data> on 2023-09-22 00:00:00+00:00
[2023-10-17T11:27:22.773+0000] {standard_task_runner.py:57} INFO - Started process 2540 to run task
[2023-10-17T11:27:22.775+0000] {standard_task_runner.py:84} INFO - Running: ['***', 'tasks', 'run', 'copy_tranform_to_mongo', 'waiting_for_data', 'scheduled__2023-09-22T00:00:00+00:00', '--job-id', '999', '--raw', '--subdir', 'DAGS_FOLDER/file_***-mongo.py', '--cfg-path', '/tmp/tmpoh7x5zyx']
[2023-10-17T11:27:22.775+0000] {standard_task_runner.py:85} INFO - Job 999: Subtask waiting_for_data
[2023-10-17T11:27:22.806+0000] {task_command.py:416} INFO - Running <TaskInstance: copy_tranform_to_mongo.waiting_for_data scheduled__2023-09-22T00:00:00+00:00 [running]> on host 238c1d4ff767
[2023-10-17T11:27:22.858+0000] {taskinstance.py:1662} INFO - Exporting env vars: AIRFLOW_CTX_DAG_OWNER='***' AIRFLOW_CTX_DAG_ID='copy_tranform_to_mongo' AIRFLOW_CTX_TASK_ID='waiting_for_data' AIRFLOW_CTX_EXECUTION_DATE='2023-09-22T00:00:00+00:00' AIRFLOW_CTX_TRY_NUMBER='1' AIRFLOW_CTX_DAG_RUN_ID='scheduled__2023-09-22T00:00:00+00:00'
[2023-10-17T11:27:22.864+0000] {base.py:73} INFO - Using connection ID 'fs_default' for task execution.
[2023-10-17T11:27:22.864+0000] {filesystem.py:64} INFO - Poking for file /opt/in/tiktok_google_play_reviews.csv
[2023-10-17T11:27:22.864+0000] {filesystem.py:69} INFO - Found File /opt/in/tiktok_google_play_reviews.csv last modified: 20220405221612
[2023-10-17T11:27:22.865+0000] {base.py:287} INFO - Success criteria met. Exiting.
[2023-10-17T11:27:22.871+0000] {taskinstance.py:1400} INFO - Marking task as SUCCESS. dag_id=copy_tranform_to_mongo, task_id=waiting_for_data, execution_date=20230922T000000, start_date=20231017T112722, end_date=20231017T112722
[2023-10-17T11:27:22.907+0000] {local_task_job_runner.py:228} INFO - Task exited with return code 0
[2023-10-17T11:27:22.933+0000] {taskinstance.py:2778} INFO - 0 downstream tasks scheduled from follow-on schedule check
[2023-10-18T11:52:35.876+0000] {taskinstance.py:1159} INFO - Dependencies all met for dep_context=non-requeueable deps ti=<TaskInstance: copy_tranform_to_mongo.waiting_for_data scheduled__2023-09-22T00:00:00+00:00 [queued]>
[2023-10-18T11:52:35.890+0000] {taskinstance.py:1159} INFO - Dependencies all met for dep_context=requeueable deps ti=<TaskInstance: copy_tranform_to_mongo.waiting_for_data scheduled__2023-09-22T00:00:00+00:00 [queued]>
[2023-10-18T11:52:35.891+0000] {taskinstance.py:1361} INFO - Starting attempt 1 of 1
[2023-10-18T11:52:35.908+0000] {taskinstance.py:1382} INFO - Executing <Task(FileSensor): waiting_for_data> on 2023-09-22 00:00:00+00:00
[2023-10-18T11:52:35.916+0000] {standard_task_runner.py:57} INFO - Started process 4574 to run task
[2023-10-18T11:52:35.922+0000] {standard_task_runner.py:84} INFO - Running: ['***', 'tasks', 'run', 'copy_tranform_to_mongo', 'waiting_for_data', 'scheduled__2023-09-22T00:00:00+00:00', '--job-id', '1952', '--raw', '--subdir', 'DAGS_FOLDER/file_***-mongo.py', '--cfg-path', '/tmp/tmp19o33g99']
[2023-10-18T11:52:35.923+0000] {standard_task_runner.py:85} INFO - Job 1952: Subtask waiting_for_data
[2023-10-18T11:52:36.000+0000] {task_command.py:416} INFO - Running <TaskInstance: copy_tranform_to_mongo.waiting_for_data scheduled__2023-09-22T00:00:00+00:00 [running]> on host 0e68aa52dfc7
[2023-10-18T11:52:36.098+0000] {taskinstance.py:1662} INFO - Exporting env vars: AIRFLOW_CTX_DAG_OWNER='***' AIRFLOW_CTX_DAG_ID='copy_tranform_to_mongo' AIRFLOW_CTX_TASK_ID='waiting_for_data' AIRFLOW_CTX_EXECUTION_DATE='2023-09-22T00:00:00+00:00' AIRFLOW_CTX_TRY_NUMBER='1' AIRFLOW_CTX_DAG_RUN_ID='scheduled__2023-09-22T00:00:00+00:00'
[2023-10-18T11:52:36.111+0000] {base.py:73} INFO - Using connection ID 'fs_default' for task execution.
[2023-10-18T11:52:36.112+0000] {filesystem.py:64} INFO - Poking for file /opt/in/tiktok_google_play_reviews.csv
[2023-10-18T11:52:36.112+0000] {filesystem.py:69} INFO - Found File /opt/in/tiktok_google_play_reviews.csv last modified: 20220405221612
[2023-10-18T11:52:36.112+0000] {base.py:287} INFO - Success criteria met. Exiting.
[2023-10-18T11:52:36.123+0000] {taskinstance.py:1400} INFO - Marking task as SUCCESS. dag_id=copy_tranform_to_mongo, task_id=waiting_for_data, execution_date=20230922T000000, start_date=20231018T115235, end_date=20231018T115236
[2023-10-18T11:52:36.181+0000] {local_task_job_runner.py:228} INFO - Task exited with return code 0
[2023-10-18T11:52:36.207+0000] {taskinstance.py:2778} INFO - 0 downstream tasks scheduled from follow-on schedule check
