[2023-10-17T11:22:28.645+0000] {taskinstance.py:1159} INFO - Dependencies all met for dep_context=non-requeueable deps ti=<TaskInstance: copy_tranform_to_mongo.waiting_for_data scheduled__2022-04-30T00:00:00+00:00 [queued]>
[2023-10-17T11:22:28.653+0000] {taskinstance.py:1159} INFO - Dependencies all met for dep_context=requeueable deps ti=<TaskInstance: copy_tranform_to_mongo.waiting_for_data scheduled__2022-04-30T00:00:00+00:00 [queued]>
[2023-10-17T11:22:28.653+0000] {taskinstance.py:1361} INFO - Starting attempt 1 of 1
[2023-10-17T11:22:28.664+0000] {taskinstance.py:1382} INFO - Executing <Task(FileSensor): waiting_for_data> on 2022-04-30 00:00:00+00:00
[2023-10-17T11:22:28.670+0000] {standard_task_runner.py:57} INFO - Started process 1449 to run task
[2023-10-17T11:22:28.672+0000] {standard_task_runner.py:84} INFO - Running: ['***', 'tasks', 'run', 'copy_tranform_to_mongo', 'waiting_for_data', 'scheduled__2022-04-30T00:00:00+00:00', '--job-id', '489', '--raw', '--subdir', 'DAGS_FOLDER/file_***-mongo.py', '--cfg-path', '/tmp/tmpc07ofwik']
[2023-10-17T11:22:28.673+0000] {standard_task_runner.py:85} INFO - Job 489: Subtask waiting_for_data
[2023-10-17T11:22:28.708+0000] {task_command.py:416} INFO - Running <TaskInstance: copy_tranform_to_mongo.waiting_for_data scheduled__2022-04-30T00:00:00+00:00 [running]> on host 238c1d4ff767
[2023-10-17T11:22:28.767+0000] {taskinstance.py:1662} INFO - Exporting env vars: AIRFLOW_CTX_DAG_OWNER='***' AIRFLOW_CTX_DAG_ID='copy_tranform_to_mongo' AIRFLOW_CTX_TASK_ID='waiting_for_data' AIRFLOW_CTX_EXECUTION_DATE='2022-04-30T00:00:00+00:00' AIRFLOW_CTX_TRY_NUMBER='1' AIRFLOW_CTX_DAG_RUN_ID='scheduled__2022-04-30T00:00:00+00:00'
[2023-10-17T11:22:28.775+0000] {base.py:73} INFO - Using connection ID 'fs_default' for task execution.
[2023-10-17T11:22:28.775+0000] {filesystem.py:64} INFO - Poking for file /opt/in/tiktok_google_play_reviews.csv
[2023-10-17T11:22:28.775+0000] {filesystem.py:69} INFO - Found File /opt/in/tiktok_google_play_reviews.csv last modified: 20220405221612
[2023-10-17T11:22:28.776+0000] {base.py:287} INFO - Success criteria met. Exiting.
[2023-10-17T11:22:28.782+0000] {taskinstance.py:1400} INFO - Marking task as SUCCESS. dag_id=copy_tranform_to_mongo, task_id=waiting_for_data, execution_date=20220430T000000, start_date=20231017T112228, end_date=20231017T112228
[2023-10-17T11:22:28.804+0000] {local_task_job_runner.py:228} INFO - Task exited with return code 0
[2023-10-17T11:22:28.817+0000] {taskinstance.py:2778} INFO - 0 downstream tasks scheduled from follow-on schedule check
[2023-10-18T11:47:05.840+0000] {taskinstance.py:1159} INFO - Dependencies all met for dep_context=non-requeueable deps ti=<TaskInstance: copy_tranform_to_mongo.waiting_for_data scheduled__2022-04-30T00:00:00+00:00 [queued]>
[2023-10-18T11:47:05.855+0000] {taskinstance.py:1159} INFO - Dependencies all met for dep_context=requeueable deps ti=<TaskInstance: copy_tranform_to_mongo.waiting_for_data scheduled__2022-04-30T00:00:00+00:00 [queued]>
[2023-10-18T11:47:05.855+0000] {taskinstance.py:1361} INFO - Starting attempt 1 of 1
[2023-10-18T11:47:05.874+0000] {taskinstance.py:1382} INFO - Executing <Task(FileSensor): waiting_for_data> on 2022-04-30 00:00:00+00:00
[2023-10-18T11:47:05.880+0000] {standard_task_runner.py:57} INFO - Started process 2452 to run task
[2023-10-18T11:47:05.884+0000] {standard_task_runner.py:84} INFO - Running: ['***', 'tasks', 'run', 'copy_tranform_to_mongo', 'waiting_for_data', 'scheduled__2022-04-30T00:00:00+00:00', '--job-id', '931', '--raw', '--subdir', 'DAGS_FOLDER/file_***-mongo.py', '--cfg-path', '/tmp/tmpa48ra_3m']
[2023-10-18T11:47:05.885+0000] {standard_task_runner.py:85} INFO - Job 931: Subtask waiting_for_data
[2023-10-18T11:47:05.928+0000] {task_command.py:416} INFO - Running <TaskInstance: copy_tranform_to_mongo.waiting_for_data scheduled__2022-04-30T00:00:00+00:00 [running]> on host 0e68aa52dfc7
[2023-10-18T11:47:06.000+0000] {taskinstance.py:1662} INFO - Exporting env vars: AIRFLOW_CTX_DAG_OWNER='***' AIRFLOW_CTX_DAG_ID='copy_tranform_to_mongo' AIRFLOW_CTX_TASK_ID='waiting_for_data' AIRFLOW_CTX_EXECUTION_DATE='2022-04-30T00:00:00+00:00' AIRFLOW_CTX_TRY_NUMBER='1' AIRFLOW_CTX_DAG_RUN_ID='scheduled__2022-04-30T00:00:00+00:00'
[2023-10-18T11:47:06.009+0000] {base.py:73} INFO - Using connection ID 'fs_default' for task execution.
[2023-10-18T11:47:06.010+0000] {filesystem.py:64} INFO - Poking for file /opt/in/tiktok_google_play_reviews.csv
[2023-10-18T11:47:06.010+0000] {filesystem.py:69} INFO - Found File /opt/in/tiktok_google_play_reviews.csv last modified: 20220405221612
[2023-10-18T11:47:06.010+0000] {base.py:287} INFO - Success criteria met. Exiting.
[2023-10-18T11:47:06.021+0000] {taskinstance.py:1400} INFO - Marking task as SUCCESS. dag_id=copy_tranform_to_mongo, task_id=waiting_for_data, execution_date=20220430T000000, start_date=20231018T114705, end_date=20231018T114706
[2023-10-18T11:47:06.056+0000] {local_task_job_runner.py:228} INFO - Task exited with return code 0
[2023-10-18T11:47:06.086+0000] {taskinstance.py:2778} INFO - 1 downstream tasks scheduled from follow-on schedule check
