[2023-10-17T11:14:46.229+0000] {taskinstance.py:1159} INFO - Dependencies all met for dep_context=non-requeueable deps ti=<TaskInstance: copy_tranform_to_mongo.waiting_for_data scheduled__2021-01-02T00:00:00+00:00 [queued]>
[2023-10-17T11:14:46.238+0000] {taskinstance.py:1159} INFO - Dependencies all met for dep_context=requeueable deps ti=<TaskInstance: copy_tranform_to_mongo.waiting_for_data scheduled__2021-01-02T00:00:00+00:00 [queued]>
[2023-10-17T11:14:46.238+0000] {taskinstance.py:1361} INFO - Starting attempt 1 of 1
[2023-10-17T11:14:46.268+0000] {taskinstance.py:1382} INFO - Executing <Task(FileSensor): waiting_for_data> on 2021-01-02 00:00:00+00:00
[2023-10-17T11:14:46.275+0000] {standard_task_runner.py:57} INFO - Started process 361 to run task
[2023-10-17T11:14:46.279+0000] {standard_task_runner.py:84} INFO - Running: ['***', 'tasks', 'run', 'copy_tranform_to_mongo', 'waiting_for_data', 'scheduled__2021-01-02T00:00:00+00:00', '--job-id', '4', '--raw', '--subdir', 'DAGS_FOLDER/file_***-mongo.py', '--cfg-path', '/tmp/tmpmip4v1th']
[2023-10-17T11:14:46.280+0000] {standard_task_runner.py:85} INFO - Job 4: Subtask waiting_for_data
[2023-10-17T11:14:46.335+0000] {task_command.py:416} INFO - Running <TaskInstance: copy_tranform_to_mongo.waiting_for_data scheduled__2021-01-02T00:00:00+00:00 [running]> on host 238c1d4ff767
[2023-10-17T11:14:46.419+0000] {taskinstance.py:1662} INFO - Exporting env vars: AIRFLOW_CTX_DAG_OWNER='***' AIRFLOW_CTX_DAG_ID='copy_tranform_to_mongo' AIRFLOW_CTX_TASK_ID='waiting_for_data' AIRFLOW_CTX_EXECUTION_DATE='2021-01-02T00:00:00+00:00' AIRFLOW_CTX_TRY_NUMBER='1' AIRFLOW_CTX_DAG_RUN_ID='scheduled__2021-01-02T00:00:00+00:00'
[2023-10-17T11:14:46.429+0000] {base.py:73} INFO - Using connection ID 'fs_default' for task execution.
[2023-10-17T11:14:46.430+0000] {filesystem.py:64} INFO - Poking for file /opt/in/in/tiktok_google_play_reviews.csv
[2023-10-17T11:15:46.501+0000] {base.py:73} INFO - Using connection ID 'fs_default' for task execution.
[2023-10-17T11:15:46.502+0000] {filesystem.py:64} INFO - Poking for file /opt/in/in/tiktok_google_play_reviews.csv
[2023-10-17T11:16:46.569+0000] {base.py:73} INFO - Using connection ID 'fs_default' for task execution.
[2023-10-17T11:16:46.570+0000] {filesystem.py:64} INFO - Poking for file /opt/in/in/tiktok_google_play_reviews.csv
[2023-10-17T11:17:46.640+0000] {base.py:73} INFO - Using connection ID 'fs_default' for task execution.
[2023-10-17T11:17:46.640+0000] {filesystem.py:64} INFO - Poking for file /opt/in/in/tiktok_google_play_reviews.csv
[2023-10-17T11:18:46.703+0000] {base.py:73} INFO - Using connection ID 'fs_default' for task execution.
[2023-10-17T11:18:46.703+0000] {filesystem.py:64} INFO - Poking for file /opt/in/tiktok_google_play_reviews.csv
[2023-10-17T11:18:46.704+0000] {filesystem.py:69} INFO - Found File /opt/in/tiktok_google_play_reviews.csv last modified: 20220405221612
[2023-10-17T11:18:46.704+0000] {base.py:287} INFO - Success criteria met. Exiting.
[2023-10-17T11:18:46.718+0000] {taskinstance.py:1400} INFO - Marking task as SUCCESS. dag_id=copy_tranform_to_mongo, task_id=waiting_for_data, execution_date=20210102T000000, start_date=20231017T111446, end_date=20231017T111846
[2023-10-17T11:18:46.760+0000] {local_task_job_runner.py:228} INFO - Task exited with return code 0
[2023-10-17T11:18:46.772+0000] {taskinstance.py:2778} INFO - 0 downstream tasks scheduled from follow-on schedule check
[2023-10-18T10:42:04.428+0000] {taskinstance.py:1159} INFO - Dependencies all met for dep_context=non-requeueable deps ti=<TaskInstance: copy_tranform_to_mongo.waiting_for_data scheduled__2021-01-02T00:00:00+00:00 [queued]>
[2023-10-18T10:42:04.439+0000] {taskinstance.py:1159} INFO - Dependencies all met for dep_context=requeueable deps ti=<TaskInstance: copy_tranform_to_mongo.waiting_for_data scheduled__2021-01-02T00:00:00+00:00 [queued]>
[2023-10-18T10:42:04.439+0000] {taskinstance.py:1361} INFO - Starting attempt 1 of 1
[2023-10-18T10:42:04.451+0000] {taskinstance.py:1382} INFO - Executing <Task(FileSensor): waiting_for_data> on 2021-01-02 00:00:00+00:00
[2023-10-18T10:42:04.458+0000] {standard_task_runner.py:57} INFO - Started process 1382 to run task
[2023-10-18T10:42:04.460+0000] {standard_task_runner.py:84} INFO - Running: ['***', 'tasks', 'run', 'copy_tranform_to_mongo', 'waiting_for_data', 'scheduled__2021-01-02T00:00:00+00:00', '--job-id', '4', '--raw', '--subdir', 'DAGS_FOLDER/file_***-mongo.py', '--cfg-path', '/tmp/tmp03t1wm4z']
[2023-10-18T10:42:04.461+0000] {standard_task_runner.py:85} INFO - Job 4: Subtask waiting_for_data
[2023-10-18T10:42:04.509+0000] {task_command.py:416} INFO - Running <TaskInstance: copy_tranform_to_mongo.waiting_for_data scheduled__2021-01-02T00:00:00+00:00 [running]> on host 2473b23ba069
[2023-10-18T10:42:04.590+0000] {taskinstance.py:1662} INFO - Exporting env vars: AIRFLOW_CTX_DAG_OWNER='***' AIRFLOW_CTX_DAG_ID='copy_tranform_to_mongo' AIRFLOW_CTX_TASK_ID='waiting_for_data' AIRFLOW_CTX_EXECUTION_DATE='2021-01-02T00:00:00+00:00' AIRFLOW_CTX_TRY_NUMBER='1' AIRFLOW_CTX_DAG_RUN_ID='scheduled__2021-01-02T00:00:00+00:00'
[2023-10-18T10:42:04.615+0000] {taskinstance.py:1937} ERROR - Task failed with exception
Traceback (most recent call last):
  File "/home/airflow/.local/lib/python3.8/site-packages/airflow/sensors/base.py", line 257, in execute
    raise e
  File "/home/airflow/.local/lib/python3.8/site-packages/airflow/sensors/base.py", line 239, in execute
    poke_return = self.poke(context)
  File "/home/airflow/.local/lib/python3.8/site-packages/airflow/sensors/filesystem.py", line 61, in poke
    hook = FSHook(self.fs_conn_id)
  File "/home/airflow/.local/lib/python3.8/site-packages/airflow/hooks/filesystem.py", line 38, in __init__
    conn = self.get_connection(conn_id)
  File "/home/airflow/.local/lib/python3.8/site-packages/airflow/hooks/base.py", line 72, in get_connection
    conn = Connection.get_connection_from_secrets(conn_id)
  File "/home/airflow/.local/lib/python3.8/site-packages/airflow/models/connection.py", line 477, in get_connection_from_secrets
    raise AirflowNotFoundException(f"The conn_id `{conn_id}` isn't defined")
airflow.exceptions.AirflowNotFoundException: The conn_id `fs_default` isn't defined
[2023-10-18T10:42:04.619+0000] {taskinstance.py:1400} INFO - Marking task as FAILED. dag_id=copy_tranform_to_mongo, task_id=waiting_for_data, execution_date=20210102T000000, start_date=20231018T104204, end_date=20231018T104204
[2023-10-18T10:42:04.632+0000] {standard_task_runner.py:104} ERROR - Failed to execute job 4 for task waiting_for_data (The conn_id `fs_default` isn't defined; 1382)
[2023-10-18T10:42:04.672+0000] {local_task_job_runner.py:228} INFO - Task exited with return code 1
[2023-10-18T10:42:04.765+0000] {taskinstance.py:2778} INFO - 0 downstream tasks scheduled from follow-on schedule check
[2023-10-18T11:14:37.312+0000] {taskinstance.py:1159} INFO - Dependencies all met for dep_context=non-requeueable deps ti=<TaskInstance: copy_tranform_to_mongo.waiting_for_data scheduled__2021-01-02T00:00:00+00:00 [queued]>
[2023-10-18T11:14:37.322+0000] {taskinstance.py:1159} INFO - Dependencies all met for dep_context=requeueable deps ti=<TaskInstance: copy_tranform_to_mongo.waiting_for_data scheduled__2021-01-02T00:00:00+00:00 [queued]>
[2023-10-18T11:14:37.323+0000] {taskinstance.py:1361} INFO - Starting attempt 1 of 1
[2023-10-18T11:14:37.367+0000] {taskinstance.py:1382} INFO - Executing <Task(FileSensor): waiting_for_data> on 2021-01-02 00:00:00+00:00
[2023-10-18T11:14:37.375+0000] {standard_task_runner.py:57} INFO - Started process 101 to run task
[2023-10-18T11:14:37.380+0000] {standard_task_runner.py:84} INFO - Running: ['***', 'tasks', 'run', 'copy_tranform_to_mongo', 'waiting_for_data', 'scheduled__2021-01-02T00:00:00+00:00', '--job-id', '5', '--raw', '--subdir', 'DAGS_FOLDER/file_***-mongo.py', '--cfg-path', '/tmp/tmp9mi_8poj']
[2023-10-18T11:14:37.381+0000] {standard_task_runner.py:85} INFO - Job 5: Subtask waiting_for_data
[2023-10-18T11:14:37.435+0000] {task_command.py:416} INFO - Running <TaskInstance: copy_tranform_to_mongo.waiting_for_data scheduled__2021-01-02T00:00:00+00:00 [running]> on host 0e68aa52dfc7
[2023-10-18T11:14:37.522+0000] {taskinstance.py:1662} INFO - Exporting env vars: AIRFLOW_CTX_DAG_OWNER='***' AIRFLOW_CTX_DAG_ID='copy_tranform_to_mongo' AIRFLOW_CTX_TASK_ID='waiting_for_data' AIRFLOW_CTX_EXECUTION_DATE='2021-01-02T00:00:00+00:00' AIRFLOW_CTX_TRY_NUMBER='1' AIRFLOW_CTX_DAG_RUN_ID='scheduled__2021-01-02T00:00:00+00:00'
[2023-10-18T11:14:37.541+0000] {taskinstance.py:1937} ERROR - Task failed with exception
Traceback (most recent call last):
  File "/home/airflow/.local/lib/python3.8/site-packages/airflow/sensors/base.py", line 257, in execute
    raise e
  File "/home/airflow/.local/lib/python3.8/site-packages/airflow/sensors/base.py", line 239, in execute
    poke_return = self.poke(context)
  File "/home/airflow/.local/lib/python3.8/site-packages/airflow/sensors/filesystem.py", line 61, in poke
    hook = FSHook(self.fs_conn_id)
  File "/home/airflow/.local/lib/python3.8/site-packages/airflow/hooks/filesystem.py", line 38, in __init__
    conn = self.get_connection(conn_id)
  File "/home/airflow/.local/lib/python3.8/site-packages/airflow/hooks/base.py", line 72, in get_connection
    conn = Connection.get_connection_from_secrets(conn_id)
  File "/home/airflow/.local/lib/python3.8/site-packages/airflow/models/connection.py", line 477, in get_connection_from_secrets
    raise AirflowNotFoundException(f"The conn_id `{conn_id}` isn't defined")
airflow.exceptions.AirflowNotFoundException: The conn_id `fs_default` isn't defined
[2023-10-18T11:14:37.545+0000] {taskinstance.py:1400} INFO - Marking task as FAILED. dag_id=copy_tranform_to_mongo, task_id=waiting_for_data, execution_date=20210102T000000, start_date=20231018T111437, end_date=20231018T111437
[2023-10-18T11:14:37.560+0000] {standard_task_runner.py:104} ERROR - Failed to execute job 5 for task waiting_for_data (The conn_id `fs_default` isn't defined; 101)
[2023-10-18T11:14:37.599+0000] {local_task_job_runner.py:228} INFO - Task exited with return code 1
[2023-10-18T11:14:37.634+0000] {taskinstance.py:2778} INFO - 0 downstream tasks scheduled from follow-on schedule check
[2023-10-19T12:09:47.753+0000] {taskinstance.py:1159} INFO - Dependencies all met for dep_context=non-requeueable deps ti=<TaskInstance: copy_tranform_to_mongo.waiting_for_data scheduled__2021-01-02T00:00:00+00:00 [queued]>
[2023-10-19T12:09:47.761+0000] {taskinstance.py:1159} INFO - Dependencies all met for dep_context=requeueable deps ti=<TaskInstance: copy_tranform_to_mongo.waiting_for_data scheduled__2021-01-02T00:00:00+00:00 [queued]>
[2023-10-19T12:09:47.761+0000] {taskinstance.py:1361} INFO - Starting attempt 1 of 1
[2023-10-19T12:09:47.775+0000] {taskinstance.py:1382} INFO - Executing <Task(FileSensor): waiting_for_data> on 2021-01-02 00:00:00+00:00
[2023-10-19T12:09:47.783+0000] {standard_task_runner.py:57} INFO - Started process 163 to run task
[2023-10-19T12:09:47.786+0000] {standard_task_runner.py:84} INFO - Running: ['***', 'tasks', 'run', 'copy_tranform_to_mongo', 'waiting_for_data', 'scheduled__2021-01-02T00:00:00+00:00', '--job-id', '5', '--raw', '--subdir', 'DAGS_FOLDER/file_***-mongo.py', '--cfg-path', '/tmp/tmpxsnqxcdw']
[2023-10-19T12:09:47.787+0000] {standard_task_runner.py:85} INFO - Job 5: Subtask waiting_for_data
[2023-10-19T12:09:47.844+0000] {task_command.py:416} INFO - Running <TaskInstance: copy_tranform_to_mongo.waiting_for_data scheduled__2021-01-02T00:00:00+00:00 [running]> on host 6f5df7fea6fd
[2023-10-19T12:09:47.932+0000] {taskinstance.py:1662} INFO - Exporting env vars: AIRFLOW_CTX_DAG_OWNER='***' AIRFLOW_CTX_DAG_ID='copy_tranform_to_mongo' AIRFLOW_CTX_TASK_ID='waiting_for_data' AIRFLOW_CTX_EXECUTION_DATE='2021-01-02T00:00:00+00:00' AIRFLOW_CTX_TRY_NUMBER='1' AIRFLOW_CTX_DAG_RUN_ID='scheduled__2021-01-02T00:00:00+00:00'
[2023-10-19T12:09:47.956+0000] {taskinstance.py:1937} ERROR - Task failed with exception
Traceback (most recent call last):
  File "/home/airflow/.local/lib/python3.8/site-packages/airflow/sensors/base.py", line 257, in execute
    raise e
  File "/home/airflow/.local/lib/python3.8/site-packages/airflow/sensors/base.py", line 239, in execute
    poke_return = self.poke(context)
  File "/home/airflow/.local/lib/python3.8/site-packages/airflow/sensors/filesystem.py", line 61, in poke
    hook = FSHook(self.fs_conn_id)
  File "/home/airflow/.local/lib/python3.8/site-packages/airflow/hooks/filesystem.py", line 38, in __init__
    conn = self.get_connection(conn_id)
  File "/home/airflow/.local/lib/python3.8/site-packages/airflow/hooks/base.py", line 72, in get_connection
    conn = Connection.get_connection_from_secrets(conn_id)
  File "/home/airflow/.local/lib/python3.8/site-packages/airflow/models/connection.py", line 477, in get_connection_from_secrets
    raise AirflowNotFoundException(f"The conn_id `{conn_id}` isn't defined")
airflow.exceptions.AirflowNotFoundException: The conn_id `fs_default` isn't defined
[2023-10-19T12:09:47.960+0000] {taskinstance.py:1400} INFO - Marking task as FAILED. dag_id=copy_tranform_to_mongo, task_id=waiting_for_data, execution_date=20210102T000000, start_date=20231019T120947, end_date=20231019T120947
[2023-10-19T12:09:47.971+0000] {standard_task_runner.py:104} ERROR - Failed to execute job 5 for task waiting_for_data (The conn_id `fs_default` isn't defined; 163)
[2023-10-19T12:09:48.007+0000] {local_task_job_runner.py:228} INFO - Task exited with return code 1
[2023-10-19T12:09:48.043+0000] {taskinstance.py:2778} INFO - 0 downstream tasks scheduled from follow-on schedule check
[2023-10-19T13:03:21.007+0000] {taskinstance.py:1159} INFO - Dependencies all met for dep_context=non-requeueable deps ti=<TaskInstance: copy_tranform_to_mongo.waiting_for_data scheduled__2021-01-02T00:00:00+00:00 [queued]>
[2023-10-19T13:03:21.016+0000] {taskinstance.py:1159} INFO - Dependencies all met for dep_context=requeueable deps ti=<TaskInstance: copy_tranform_to_mongo.waiting_for_data scheduled__2021-01-02T00:00:00+00:00 [queued]>
[2023-10-19T13:03:21.016+0000] {taskinstance.py:1361} INFO - Starting attempt 1 of 1
[2023-10-19T13:03:21.087+0000] {taskinstance.py:1382} INFO - Executing <Task(FileSensor): waiting_for_data> on 2021-01-02 00:00:00+00:00
[2023-10-19T13:03:21.098+0000] {standard_task_runner.py:57} INFO - Started process 116 to run task
[2023-10-19T13:03:21.101+0000] {standard_task_runner.py:84} INFO - Running: ['***', 'tasks', 'run', 'copy_tranform_to_mongo', 'waiting_for_data', 'scheduled__2021-01-02T00:00:00+00:00', '--job-id', '5', '--raw', '--subdir', 'DAGS_FOLDER/file_***-mongo.py', '--cfg-path', '/tmp/tmpnya9q487']
[2023-10-19T13:03:21.102+0000] {standard_task_runner.py:85} INFO - Job 5: Subtask waiting_for_data
[2023-10-19T13:03:21.157+0000] {task_command.py:416} INFO - Running <TaskInstance: copy_tranform_to_mongo.waiting_for_data scheduled__2021-01-02T00:00:00+00:00 [running]> on host f2b9ba520501
[2023-10-19T13:03:21.239+0000] {taskinstance.py:1662} INFO - Exporting env vars: AIRFLOW_CTX_DAG_OWNER='***' AIRFLOW_CTX_DAG_ID='copy_tranform_to_mongo' AIRFLOW_CTX_TASK_ID='waiting_for_data' AIRFLOW_CTX_EXECUTION_DATE='2021-01-02T00:00:00+00:00' AIRFLOW_CTX_TRY_NUMBER='1' AIRFLOW_CTX_DAG_RUN_ID='scheduled__2021-01-02T00:00:00+00:00'
[2023-10-19T13:03:21.249+0000] {base.py:73} INFO - Using connection ID 'fs_default' for task execution.
[2023-10-19T13:03:21.250+0000] {filesystem.py:64} INFO - Poking for file /opt/in/tiktok_google_play_reviews.csv
[2023-10-19T13:03:21.250+0000] {filesystem.py:69} INFO - Found File /opt/in/tiktok_google_play_reviews.csv last modified: 20220405221612
[2023-10-19T13:03:21.251+0000] {base.py:287} INFO - Success criteria met. Exiting.
[2023-10-19T13:03:21.260+0000] {taskinstance.py:1400} INFO - Marking task as SUCCESS. dag_id=copy_tranform_to_mongo, task_id=waiting_for_data, execution_date=20210102T000000, start_date=20231019T130321, end_date=20231019T130321
[2023-10-19T13:03:21.318+0000] {local_task_job_runner.py:228} INFO - Task exited with return code 0
[2023-10-19T13:03:21.356+0000] {taskinstance.py:2778} INFO - 1 downstream tasks scheduled from follow-on schedule check
