[2023-10-19T13:16:45.295+0000] {taskinstance.py:1159} INFO - Dependencies all met for dep_context=non-requeueable deps ti=<TaskInstance: copy_tranform_to_mongo.transform_data_by_pandas scheduled__2021-01-27T00:00:00+00:00 [queued]>
[2023-10-19T13:16:45.319+0000] {taskinstance.py:1159} INFO - Dependencies all met for dep_context=requeueable deps ti=<TaskInstance: copy_tranform_to_mongo.transform_data_by_pandas scheduled__2021-01-27T00:00:00+00:00 [queued]>
[2023-10-19T13:16:45.319+0000] {taskinstance.py:1361} INFO - Starting attempt 1 of 1
[2023-10-19T13:16:45.357+0000] {taskinstance.py:1382} INFO - Executing <Task(DockerOperator): transform_data_by_pandas> on 2021-01-27 00:00:00+00:00
[2023-10-19T13:16:45.369+0000] {standard_task_runner.py:57} INFO - Started process 470 to run task
[2023-10-19T13:16:45.373+0000] {standard_task_runner.py:84} INFO - Running: ['***', 'tasks', 'run', 'copy_tranform_to_mongo', 'transform_data_by_pandas', 'scheduled__2021-01-27T00:00:00+00:00', '--job-id', '81', '--raw', '--subdir', 'DAGS_FOLDER/file_***-mongo.py', '--cfg-path', '/tmp/tmp8n6buk2l']
[2023-10-19T13:16:45.375+0000] {standard_task_runner.py:85} INFO - Job 81: Subtask transform_data_by_pandas
[2023-10-19T13:16:45.479+0000] {task_command.py:416} INFO - Running <TaskInstance: copy_tranform_to_mongo.transform_data_by_pandas scheduled__2021-01-27T00:00:00+00:00 [running]> on host f2b9ba520501
[2023-10-19T13:16:45.633+0000] {taskinstance.py:1662} INFO - Exporting env vars: AIRFLOW_CTX_DAG_OWNER='***' AIRFLOW_CTX_DAG_ID='copy_tranform_to_mongo' AIRFLOW_CTX_TASK_ID='transform_data_by_pandas' AIRFLOW_CTX_EXECUTION_DATE='2021-01-27T00:00:00+00:00' AIRFLOW_CTX_TRY_NUMBER='1' AIRFLOW_CTX_DAG_RUN_ID='scheduled__2021-01-27T00:00:00+00:00'
[2023-10-19T13:16:45.688+0000] {docker.py:337} INFO - Starting docker container from image python/pandas:1.0.0
[2023-10-19T13:16:46.585+0000] {docker.py:406} INFO - Input Notebook:  /opt/pandasapp/notebooks/tiktok_google_reviews.ipynb
Output Notebook: /opt/pandasapp/notebooks/tiktok_google_reviews.ipynb
[2023-10-19T13:16:46.674+0000] {docker.py:406} INFO - Executing:   0%|          | 0/27 [00:00<?, ?cell/s]
[2023-10-19T13:16:48.141+0000] {docker.py:406} INFO - Executing notebook with kernel: python3
[2023-10-19T13:16:48.153+0000] {docker.py:406} INFO - Executing:   4%|▎         | 1/27 [00:01<00:38,  1.48s/cell]
[2023-10-19T13:16:49.185+0000] {docker.py:406} INFO - Executing:  15%|█▍        | 4/27 [00:02<00:12,  1.79cell/s]
[2023-10-19T13:16:51.291+0000] {docker.py:406} INFO - Executing:  22%|██▏       | 6/27 [00:04<00:16,  1.29cell/s]
[2023-10-19T13:16:51.408+0000] {docker.py:406} INFO - Executing:  41%|████      | 11/27 [00:04<00:05,  3.15cell/s]
[2023-10-19T13:16:51.636+0000] {docker.py:406} INFO - Executing:  48%|████▊     | 13/27 [00:04<00:03,  3.78cell/s]
[2023-10-19T13:16:51.829+0000] {docker.py:406} INFO - Executing:  59%|█████▉    | 16/27 [00:05<00:02,  5.17cell/s]
[2023-10-19T13:16:52.400+0000] {docker.py:406} INFO - Executing:  67%|██████▋   | 18/27 [00:05<00:01,  4.61cell/s]
[2023-10-19T13:16:52.896+0000] {docker.py:406} INFO - Executing:  74%|███████▍  | 20/27 [00:06<00:01,  4.44cell/s]
[2023-10-19T13:16:53.113+0000] {docker.py:406} INFO - Executing:  78%|███████▊  | 21/27 [00:06<00:01,  4.47cell/s]
[2023-10-19T13:16:53.529+0000] {docker.py:406} INFO - Executing:  81%|████████▏ | 22/27 [00:06<00:01,  3.87cell/s]
[2023-10-19T13:16:53.831+0000] {docker.py:406} INFO - Executing:  85%|████████▌ | 23/27 [00:07<00:01,  3.72cell/s]
[2023-10-19T13:16:55.386+0000] {docker.py:406} INFO - Executing:  96%|█████████▋| 26/27 [00:08<00:00,  2.59cell/s]
[2023-10-19T13:16:56.644+0000] {docker.py:406} INFO - Executing: 100%|██████████| 27/27 [00:09<00:00,  2.71cell/s]
[2023-10-19T13:16:56.645+0000] {docker.py:406} INFO - 
[2023-10-19T13:16:57.167+0000] {taskinstance.py:1400} INFO - Marking task as SUCCESS. dag_id=copy_tranform_to_mongo, task_id=transform_data_by_pandas, execution_date=20210127T000000, start_date=20231019T131645, end_date=20231019T131657
[2023-10-19T13:16:57.224+0000] {local_task_job_runner.py:228} INFO - Task exited with return code 0
[2023-10-19T13:16:57.248+0000] {taskinstance.py:2778} INFO - 1 downstream tasks scheduled from follow-on schedule check
