[2023-10-17T11:23:52.101+0000] {taskinstance.py:1159} INFO - Dependencies all met for dep_context=non-requeueable deps ti=<TaskInstance: copy_tranform_to_mongo.waiting_for_data scheduled__2022-09-17T00:00:00+00:00 [queued]>
[2023-10-17T11:23:52.108+0000] {taskinstance.py:1159} INFO - Dependencies all met for dep_context=requeueable deps ti=<TaskInstance: copy_tranform_to_mongo.waiting_for_data scheduled__2022-09-17T00:00:00+00:00 [queued]>
[2023-10-17T11:23:52.108+0000] {taskinstance.py:1361} INFO - Starting attempt 1 of 1
[2023-10-17T11:23:52.115+0000] {taskinstance.py:1382} INFO - Executing <Task(FileSensor): waiting_for_data> on 2022-09-17 00:00:00+00:00
[2023-10-17T11:23:52.120+0000] {standard_task_runner.py:57} INFO - Started process 1744 to run task
[2023-10-17T11:23:52.122+0000] {standard_task_runner.py:84} INFO - Running: ['***', 'tasks', 'run', 'copy_tranform_to_mongo', 'waiting_for_data', 'scheduled__2022-09-17T00:00:00+00:00', '--job-id', '629', '--raw', '--subdir', 'DAGS_FOLDER/file_***-mongo.py', '--cfg-path', '/tmp/tmpvt8bhqvu']
[2023-10-17T11:23:52.123+0000] {standard_task_runner.py:85} INFO - Job 629: Subtask waiting_for_data
[2023-10-17T11:23:52.156+0000] {task_command.py:416} INFO - Running <TaskInstance: copy_tranform_to_mongo.waiting_for_data scheduled__2022-09-17T00:00:00+00:00 [running]> on host 238c1d4ff767
[2023-10-17T11:23:52.212+0000] {taskinstance.py:1662} INFO - Exporting env vars: AIRFLOW_CTX_DAG_OWNER='***' AIRFLOW_CTX_DAG_ID='copy_tranform_to_mongo' AIRFLOW_CTX_TASK_ID='waiting_for_data' AIRFLOW_CTX_EXECUTION_DATE='2022-09-17T00:00:00+00:00' AIRFLOW_CTX_TRY_NUMBER='1' AIRFLOW_CTX_DAG_RUN_ID='scheduled__2022-09-17T00:00:00+00:00'
[2023-10-17T11:23:52.219+0000] {base.py:73} INFO - Using connection ID 'fs_default' for task execution.
[2023-10-17T11:23:52.220+0000] {filesystem.py:64} INFO - Poking for file /opt/in/tiktok_google_play_reviews.csv
[2023-10-17T11:23:52.220+0000] {filesystem.py:69} INFO - Found File /opt/in/tiktok_google_play_reviews.csv last modified: 20220405221612
[2023-10-17T11:23:52.220+0000] {base.py:287} INFO - Success criteria met. Exiting.
[2023-10-17T11:23:52.229+0000] {taskinstance.py:1400} INFO - Marking task as SUCCESS. dag_id=copy_tranform_to_mongo, task_id=waiting_for_data, execution_date=20220917T000000, start_date=20231017T112352, end_date=20231017T112352
[2023-10-17T11:23:52.255+0000] {local_task_job_runner.py:228} INFO - Task exited with return code 0
[2023-10-17T11:23:52.270+0000] {taskinstance.py:2778} INFO - 0 downstream tasks scheduled from follow-on schedule check
[2023-10-18T11:48:36.967+0000] {taskinstance.py:1159} INFO - Dependencies all met for dep_context=non-requeueable deps ti=<TaskInstance: copy_tranform_to_mongo.waiting_for_data scheduled__2022-09-17T00:00:00+00:00 [queued]>
[2023-10-18T11:48:36.976+0000] {taskinstance.py:1159} INFO - Dependencies all met for dep_context=requeueable deps ti=<TaskInstance: copy_tranform_to_mongo.waiting_for_data scheduled__2022-09-17T00:00:00+00:00 [queued]>
[2023-10-18T11:48:36.976+0000] {taskinstance.py:1361} INFO - Starting attempt 1 of 1
[2023-10-18T11:48:36.991+0000] {taskinstance.py:1382} INFO - Executing <Task(FileSensor): waiting_for_data> on 2022-09-17 00:00:00+00:00
[2023-10-18T11:48:36.998+0000] {standard_task_runner.py:57} INFO - Started process 3032 to run task
[2023-10-18T11:48:37.001+0000] {standard_task_runner.py:84} INFO - Running: ['***', 'tasks', 'run', 'copy_tranform_to_mongo', 'waiting_for_data', 'scheduled__2022-09-17T00:00:00+00:00', '--job-id', '1213', '--raw', '--subdir', 'DAGS_FOLDER/file_***-mongo.py', '--cfg-path', '/tmp/tmpkhsm9j6n']
[2023-10-18T11:48:37.002+0000] {standard_task_runner.py:85} INFO - Job 1213: Subtask waiting_for_data
[2023-10-18T11:48:37.052+0000] {task_command.py:416} INFO - Running <TaskInstance: copy_tranform_to_mongo.waiting_for_data scheduled__2022-09-17T00:00:00+00:00 [running]> on host 0e68aa52dfc7
[2023-10-18T11:48:37.120+0000] {taskinstance.py:1662} INFO - Exporting env vars: AIRFLOW_CTX_DAG_OWNER='***' AIRFLOW_CTX_DAG_ID='copy_tranform_to_mongo' AIRFLOW_CTX_TASK_ID='waiting_for_data' AIRFLOW_CTX_EXECUTION_DATE='2022-09-17T00:00:00+00:00' AIRFLOW_CTX_TRY_NUMBER='1' AIRFLOW_CTX_DAG_RUN_ID='scheduled__2022-09-17T00:00:00+00:00'
[2023-10-18T11:48:37.131+0000] {base.py:73} INFO - Using connection ID 'fs_default' for task execution.
[2023-10-18T11:48:37.132+0000] {filesystem.py:64} INFO - Poking for file /opt/in/tiktok_google_play_reviews.csv
[2023-10-18T11:48:37.132+0000] {filesystem.py:69} INFO - Found File /opt/in/tiktok_google_play_reviews.csv last modified: 20220405221612
[2023-10-18T11:48:37.132+0000] {base.py:287} INFO - Success criteria met. Exiting.
[2023-10-18T11:48:37.142+0000] {taskinstance.py:1400} INFO - Marking task as SUCCESS. dag_id=copy_tranform_to_mongo, task_id=waiting_for_data, execution_date=20220917T000000, start_date=20231018T114836, end_date=20231018T114837
[2023-10-18T11:48:37.176+0000] {local_task_job_runner.py:228} INFO - Task exited with return code 0
[2023-10-18T11:48:37.211+0000] {taskinstance.py:2778} INFO - 1 downstream tasks scheduled from follow-on schedule check
