[2023-10-17T11:20:15.432+0000] {taskinstance.py:1159} INFO - Dependencies all met for dep_context=non-requeueable deps ti=<TaskInstance: copy_tranform_to_mongo.waiting_for_data scheduled__2021-08-17T00:00:00+00:00 [queued]>
[2023-10-17T11:20:15.439+0000] {taskinstance.py:1159} INFO - Dependencies all met for dep_context=requeueable deps ti=<TaskInstance: copy_tranform_to_mongo.waiting_for_data scheduled__2021-08-17T00:00:00+00:00 [queued]>
[2023-10-17T11:20:15.439+0000] {taskinstance.py:1361} INFO - Starting attempt 1 of 1
[2023-10-17T11:20:15.449+0000] {taskinstance.py:1382} INFO - Executing <Task(FileSensor): waiting_for_data> on 2021-08-17 00:00:00+00:00
[2023-10-17T11:20:15.456+0000] {standard_task_runner.py:57} INFO - Started process 899 to run task
[2023-10-17T11:20:15.459+0000] {standard_task_runner.py:84} INFO - Running: ['***', 'tasks', 'run', 'copy_tranform_to_mongo', 'waiting_for_data', 'scheduled__2021-08-17T00:00:00+00:00', '--job-id', '233', '--raw', '--subdir', 'DAGS_FOLDER/file_***-mongo.py', '--cfg-path', '/tmp/tmpheey624o']
[2023-10-17T11:20:15.459+0000] {standard_task_runner.py:85} INFO - Job 233: Subtask waiting_for_data
[2023-10-17T11:20:15.502+0000] {task_command.py:416} INFO - Running <TaskInstance: copy_tranform_to_mongo.waiting_for_data scheduled__2021-08-17T00:00:00+00:00 [running]> on host 238c1d4ff767
[2023-10-17T11:20:15.582+0000] {taskinstance.py:1662} INFO - Exporting env vars: AIRFLOW_CTX_DAG_OWNER='***' AIRFLOW_CTX_DAG_ID='copy_tranform_to_mongo' AIRFLOW_CTX_TASK_ID='waiting_for_data' AIRFLOW_CTX_EXECUTION_DATE='2021-08-17T00:00:00+00:00' AIRFLOW_CTX_TRY_NUMBER='1' AIRFLOW_CTX_DAG_RUN_ID='scheduled__2021-08-17T00:00:00+00:00'
[2023-10-17T11:20:15.590+0000] {base.py:73} INFO - Using connection ID 'fs_default' for task execution.
[2023-10-17T11:20:15.590+0000] {filesystem.py:64} INFO - Poking for file /opt/in/tiktok_google_play_reviews.csv
[2023-10-17T11:20:15.590+0000] {filesystem.py:69} INFO - Found File /opt/in/tiktok_google_play_reviews.csv last modified: 20220405221612
[2023-10-17T11:20:15.591+0000] {base.py:287} INFO - Success criteria met. Exiting.
[2023-10-17T11:20:15.598+0000] {taskinstance.py:1400} INFO - Marking task as SUCCESS. dag_id=copy_tranform_to_mongo, task_id=waiting_for_data, execution_date=20210817T000000, start_date=20231017T112015, end_date=20231017T112015
[2023-10-17T11:20:15.631+0000] {local_task_job_runner.py:228} INFO - Task exited with return code 0
[2023-10-17T11:20:15.645+0000] {taskinstance.py:2778} INFO - 0 downstream tasks scheduled from follow-on schedule check
[2023-10-18T10:47:58.332+0000] {taskinstance.py:1159} INFO - Dependencies all met for dep_context=non-requeueable deps ti=<TaskInstance: copy_tranform_to_mongo.waiting_for_data scheduled__2021-08-17T00:00:00+00:00 [queued]>
[2023-10-18T10:47:58.347+0000] {taskinstance.py:1159} INFO - Dependencies all met for dep_context=requeueable deps ti=<TaskInstance: copy_tranform_to_mongo.waiting_for_data scheduled__2021-08-17T00:00:00+00:00 [queued]>
[2023-10-18T10:47:58.348+0000] {taskinstance.py:1361} INFO - Starting attempt 1 of 1
[2023-10-18T10:47:58.373+0000] {taskinstance.py:1382} INFO - Executing <Task(FileSensor): waiting_for_data> on 2021-08-17 00:00:00+00:00
[2023-10-18T10:47:58.381+0000] {standard_task_runner.py:57} INFO - Started process 1984 to run task
[2023-10-18T10:47:58.389+0000] {standard_task_runner.py:84} INFO - Running: ['***', 'tasks', 'run', 'copy_tranform_to_mongo', 'waiting_for_data', 'scheduled__2021-08-17T00:00:00+00:00', '--job-id', '256', '--raw', '--subdir', 'DAGS_FOLDER/file_***-mongo.py', '--cfg-path', '/tmp/tmpssat0a0j']
[2023-10-18T10:47:58.392+0000] {standard_task_runner.py:85} INFO - Job 256: Subtask waiting_for_data
[2023-10-18T10:47:58.513+0000] {task_command.py:416} INFO - Running <TaskInstance: copy_tranform_to_mongo.waiting_for_data scheduled__2021-08-17T00:00:00+00:00 [running]> on host 2473b23ba069
[2023-10-18T10:47:58.677+0000] {taskinstance.py:1662} INFO - Exporting env vars: AIRFLOW_CTX_DAG_OWNER='***' AIRFLOW_CTX_DAG_ID='copy_tranform_to_mongo' AIRFLOW_CTX_TASK_ID='waiting_for_data' AIRFLOW_CTX_EXECUTION_DATE='2021-08-17T00:00:00+00:00' AIRFLOW_CTX_TRY_NUMBER='1' AIRFLOW_CTX_DAG_RUN_ID='scheduled__2021-08-17T00:00:00+00:00'
[2023-10-18T10:47:58.690+0000] {base.py:73} INFO - Using connection ID 'fs_default' for task execution.
[2023-10-18T10:47:58.691+0000] {filesystem.py:64} INFO - Poking for file /opt/in/tiktok_google_play_reviews.csv
[2023-10-18T10:47:58.691+0000] {filesystem.py:69} INFO - Found File /opt/in/tiktok_google_play_reviews.csv last modified: 20220405221612
[2023-10-18T10:47:58.691+0000] {base.py:287} INFO - Success criteria met. Exiting.
[2023-10-18T10:47:58.704+0000] {taskinstance.py:1400} INFO - Marking task as SUCCESS. dag_id=copy_tranform_to_mongo, task_id=waiting_for_data, execution_date=20210817T000000, start_date=20231018T104758, end_date=20231018T104758
[2023-10-18T10:47:58.765+0000] {local_task_job_runner.py:228} INFO - Task exited with return code 0
[2023-10-18T10:47:58.841+0000] {taskinstance.py:2778} INFO - 0 downstream tasks scheduled from follow-on schedule check
[2023-10-18T11:44:32.727+0000] {taskinstance.py:1159} INFO - Dependencies all met for dep_context=non-requeueable deps ti=<TaskInstance: copy_tranform_to_mongo.waiting_for_data scheduled__2021-08-17T00:00:00+00:00 [queued]>
[2023-10-18T11:44:32.746+0000] {taskinstance.py:1159} INFO - Dependencies all met for dep_context=requeueable deps ti=<TaskInstance: copy_tranform_to_mongo.waiting_for_data scheduled__2021-08-17T00:00:00+00:00 [queued]>
[2023-10-18T11:44:32.746+0000] {taskinstance.py:1361} INFO - Starting attempt 1 of 1
[2023-10-18T11:44:32.777+0000] {taskinstance.py:1382} INFO - Executing <Task(FileSensor): waiting_for_data> on 2021-08-17 00:00:00+00:00
[2023-10-18T11:44:32.785+0000] {standard_task_runner.py:57} INFO - Started process 1387 to run task
[2023-10-18T11:44:32.789+0000] {standard_task_runner.py:84} INFO - Running: ['***', 'tasks', 'run', 'copy_tranform_to_mongo', 'waiting_for_data', 'scheduled__2021-08-17T00:00:00+00:00', '--job-id', '418', '--raw', '--subdir', 'DAGS_FOLDER/file_***-mongo.py', '--cfg-path', '/tmp/tmph09u4qsz']
[2023-10-18T11:44:32.791+0000] {standard_task_runner.py:85} INFO - Job 418: Subtask waiting_for_data
[2023-10-18T11:44:32.860+0000] {task_command.py:416} INFO - Running <TaskInstance: copy_tranform_to_mongo.waiting_for_data scheduled__2021-08-17T00:00:00+00:00 [running]> on host 0e68aa52dfc7
[2023-10-18T11:44:32.941+0000] {taskinstance.py:1662} INFO - Exporting env vars: AIRFLOW_CTX_DAG_OWNER='***' AIRFLOW_CTX_DAG_ID='copy_tranform_to_mongo' AIRFLOW_CTX_TASK_ID='waiting_for_data' AIRFLOW_CTX_EXECUTION_DATE='2021-08-17T00:00:00+00:00' AIRFLOW_CTX_TRY_NUMBER='1' AIRFLOW_CTX_DAG_RUN_ID='scheduled__2021-08-17T00:00:00+00:00'
[2023-10-18T11:44:32.962+0000] {base.py:73} INFO - Using connection ID 'fs_default' for task execution.
[2023-10-18T11:44:32.963+0000] {filesystem.py:64} INFO - Poking for file /opt/in/tiktok_google_play_reviews.csv
[2023-10-18T11:44:32.965+0000] {filesystem.py:69} INFO - Found File /opt/in/tiktok_google_play_reviews.csv last modified: 20220405221612
[2023-10-18T11:44:32.966+0000] {base.py:287} INFO - Success criteria met. Exiting.
[2023-10-18T11:44:32.984+0000] {taskinstance.py:1400} INFO - Marking task as SUCCESS. dag_id=copy_tranform_to_mongo, task_id=waiting_for_data, execution_date=20210817T000000, start_date=20231018T114432, end_date=20231018T114432
[2023-10-18T11:44:33.014+0000] {local_task_job_runner.py:228} INFO - Task exited with return code 0
[2023-10-18T11:44:33.050+0000] {taskinstance.py:2778} INFO - 1 downstream tasks scheduled from follow-on schedule check
