[2023-10-17T11:24:45.880+0000] {taskinstance.py:1159} INFO - Dependencies all met for dep_context=non-requeueable deps ti=<TaskInstance: copy_tranform_to_mongo.waiting_for_data scheduled__2022-12-12T00:00:00+00:00 [queued]>
[2023-10-17T11:24:45.889+0000] {taskinstance.py:1159} INFO - Dependencies all met for dep_context=requeueable deps ti=<TaskInstance: copy_tranform_to_mongo.waiting_for_data scheduled__2022-12-12T00:00:00+00:00 [queued]>
[2023-10-17T11:24:45.889+0000] {taskinstance.py:1361} INFO - Starting attempt 1 of 1
[2023-10-17T11:24:45.906+0000] {taskinstance.py:1382} INFO - Executing <Task(FileSensor): waiting_for_data> on 2022-12-12 00:00:00+00:00
[2023-10-17T11:24:45.913+0000] {standard_task_runner.py:57} INFO - Started process 1934 to run task
[2023-10-17T11:24:45.915+0000] {standard_task_runner.py:84} INFO - Running: ['***', 'tasks', 'run', 'copy_tranform_to_mongo', 'waiting_for_data', 'scheduled__2022-12-12T00:00:00+00:00', '--job-id', '715', '--raw', '--subdir', 'DAGS_FOLDER/file_***-mongo.py', '--cfg-path', '/tmp/tmp0jlhpec3']
[2023-10-17T11:24:45.916+0000] {standard_task_runner.py:85} INFO - Job 715: Subtask waiting_for_data
[2023-10-17T11:24:45.959+0000] {task_command.py:416} INFO - Running <TaskInstance: copy_tranform_to_mongo.waiting_for_data scheduled__2022-12-12T00:00:00+00:00 [running]> on host 238c1d4ff767
[2023-10-17T11:24:46.034+0000] {taskinstance.py:1662} INFO - Exporting env vars: AIRFLOW_CTX_DAG_OWNER='***' AIRFLOW_CTX_DAG_ID='copy_tranform_to_mongo' AIRFLOW_CTX_TASK_ID='waiting_for_data' AIRFLOW_CTX_EXECUTION_DATE='2022-12-12T00:00:00+00:00' AIRFLOW_CTX_TRY_NUMBER='1' AIRFLOW_CTX_DAG_RUN_ID='scheduled__2022-12-12T00:00:00+00:00'
[2023-10-17T11:24:46.045+0000] {base.py:73} INFO - Using connection ID 'fs_default' for task execution.
[2023-10-17T11:24:46.045+0000] {filesystem.py:64} INFO - Poking for file /opt/in/tiktok_google_play_reviews.csv
[2023-10-17T11:24:46.046+0000] {filesystem.py:69} INFO - Found File /opt/in/tiktok_google_play_reviews.csv last modified: 20220405221612
[2023-10-17T11:24:46.046+0000] {base.py:287} INFO - Success criteria met. Exiting.
[2023-10-17T11:24:46.056+0000] {taskinstance.py:1400} INFO - Marking task as SUCCESS. dag_id=copy_tranform_to_mongo, task_id=waiting_for_data, execution_date=20221212T000000, start_date=20231017T112445, end_date=20231017T112446
[2023-10-17T11:24:46.087+0000] {local_task_job_runner.py:228} INFO - Task exited with return code 0
[2023-10-17T11:24:46.103+0000] {taskinstance.py:2778} INFO - 0 downstream tasks scheduled from follow-on schedule check
[2023-10-18T11:49:46.288+0000] {taskinstance.py:1159} INFO - Dependencies all met for dep_context=non-requeueable deps ti=<TaskInstance: copy_tranform_to_mongo.waiting_for_data scheduled__2022-12-12T00:00:00+00:00 [queued]>
[2023-10-18T11:49:46.299+0000] {taskinstance.py:1159} INFO - Dependencies all met for dep_context=requeueable deps ti=<TaskInstance: copy_tranform_to_mongo.waiting_for_data scheduled__2022-12-12T00:00:00+00:00 [queued]>
[2023-10-18T11:49:46.300+0000] {taskinstance.py:1361} INFO - Starting attempt 1 of 1
[2023-10-18T11:49:46.315+0000] {taskinstance.py:1382} INFO - Executing <Task(FileSensor): waiting_for_data> on 2022-12-12 00:00:00+00:00
[2023-10-18T11:49:46.322+0000] {standard_task_runner.py:57} INFO - Started process 3395 to run task
[2023-10-18T11:49:46.325+0000] {standard_task_runner.py:84} INFO - Running: ['***', 'tasks', 'run', 'copy_tranform_to_mongo', 'waiting_for_data', 'scheduled__2022-12-12T00:00:00+00:00', '--job-id', '1382', '--raw', '--subdir', 'DAGS_FOLDER/file_***-mongo.py', '--cfg-path', '/tmp/tmp3c3n98l_']
[2023-10-18T11:49:46.326+0000] {standard_task_runner.py:85} INFO - Job 1382: Subtask waiting_for_data
[2023-10-18T11:49:46.388+0000] {task_command.py:416} INFO - Running <TaskInstance: copy_tranform_to_mongo.waiting_for_data scheduled__2022-12-12T00:00:00+00:00 [running]> on host 0e68aa52dfc7
[2023-10-18T11:49:46.506+0000] {taskinstance.py:1662} INFO - Exporting env vars: AIRFLOW_CTX_DAG_OWNER='***' AIRFLOW_CTX_DAG_ID='copy_tranform_to_mongo' AIRFLOW_CTX_TASK_ID='waiting_for_data' AIRFLOW_CTX_EXECUTION_DATE='2022-12-12T00:00:00+00:00' AIRFLOW_CTX_TRY_NUMBER='1' AIRFLOW_CTX_DAG_RUN_ID='scheduled__2022-12-12T00:00:00+00:00'
[2023-10-18T11:49:46.536+0000] {base.py:73} INFO - Using connection ID 'fs_default' for task execution.
[2023-10-18T11:49:46.536+0000] {filesystem.py:64} INFO - Poking for file /opt/in/tiktok_google_play_reviews.csv
[2023-10-18T11:49:46.536+0000] {filesystem.py:69} INFO - Found File /opt/in/tiktok_google_play_reviews.csv last modified: 20220405221612
[2023-10-18T11:49:46.536+0000] {base.py:287} INFO - Success criteria met. Exiting.
[2023-10-18T11:49:46.565+0000] {taskinstance.py:1400} INFO - Marking task as SUCCESS. dag_id=copy_tranform_to_mongo, task_id=waiting_for_data, execution_date=20221212T000000, start_date=20231018T114946, end_date=20231018T114946
[2023-10-18T11:49:46.633+0000] {local_task_job_runner.py:228} INFO - Task exited with return code 0
[2023-10-18T11:49:46.666+0000] {taskinstance.py:2778} INFO - 1 downstream tasks scheduled from follow-on schedule check
