[2023-10-17T11:21:42.943+0000] {taskinstance.py:1159} INFO - Dependencies all met for dep_context=non-requeueable deps ti=<TaskInstance: copy_tranform_to_mongo.waiting_for_data scheduled__2022-01-09T00:00:00+00:00 [queued]>
[2023-10-17T11:21:42.949+0000] {taskinstance.py:1159} INFO - Dependencies all met for dep_context=requeueable deps ti=<TaskInstance: copy_tranform_to_mongo.waiting_for_data scheduled__2022-01-09T00:00:00+00:00 [queued]>
[2023-10-17T11:21:42.950+0000] {taskinstance.py:1361} INFO - Starting attempt 1 of 1
[2023-10-17T11:21:42.961+0000] {taskinstance.py:1382} INFO - Executing <Task(FileSensor): waiting_for_data> on 2022-01-09 00:00:00+00:00
[2023-10-17T11:21:42.968+0000] {standard_task_runner.py:57} INFO - Started process 1212 to run task
[2023-10-17T11:21:42.971+0000] {standard_task_runner.py:84} INFO - Running: ['***', 'tasks', 'run', 'copy_tranform_to_mongo', 'waiting_for_data', 'scheduled__2022-01-09T00:00:00+00:00', '--job-id', '378', '--raw', '--subdir', 'DAGS_FOLDER/file_***-mongo.py', '--cfg-path', '/tmp/tmpn1ri8yqn']
[2023-10-17T11:21:42.971+0000] {standard_task_runner.py:85} INFO - Job 378: Subtask waiting_for_data
[2023-10-17T11:21:43.011+0000] {task_command.py:416} INFO - Running <TaskInstance: copy_tranform_to_mongo.waiting_for_data scheduled__2022-01-09T00:00:00+00:00 [running]> on host 238c1d4ff767
[2023-10-17T11:21:43.076+0000] {taskinstance.py:1662} INFO - Exporting env vars: AIRFLOW_CTX_DAG_OWNER='***' AIRFLOW_CTX_DAG_ID='copy_tranform_to_mongo' AIRFLOW_CTX_TASK_ID='waiting_for_data' AIRFLOW_CTX_EXECUTION_DATE='2022-01-09T00:00:00+00:00' AIRFLOW_CTX_TRY_NUMBER='1' AIRFLOW_CTX_DAG_RUN_ID='scheduled__2022-01-09T00:00:00+00:00'
[2023-10-17T11:21:43.083+0000] {base.py:73} INFO - Using connection ID 'fs_default' for task execution.
[2023-10-17T11:21:43.084+0000] {filesystem.py:64} INFO - Poking for file /opt/in/tiktok_google_play_reviews.csv
[2023-10-17T11:21:43.084+0000] {filesystem.py:69} INFO - Found File /opt/in/tiktok_google_play_reviews.csv last modified: 20220405221612
[2023-10-17T11:21:43.084+0000] {base.py:287} INFO - Success criteria met. Exiting.
[2023-10-17T11:21:43.092+0000] {taskinstance.py:1400} INFO - Marking task as SUCCESS. dag_id=copy_tranform_to_mongo, task_id=waiting_for_data, execution_date=20220109T000000, start_date=20231017T112142, end_date=20231017T112143
[2023-10-17T11:21:43.142+0000] {local_task_job_runner.py:228} INFO - Task exited with return code 0
[2023-10-17T11:21:43.153+0000] {taskinstance.py:2778} INFO - 0 downstream tasks scheduled from follow-on schedule check
[2023-10-18T11:45:57.981+0000] {taskinstance.py:1159} INFO - Dependencies all met for dep_context=non-requeueable deps ti=<TaskInstance: copy_tranform_to_mongo.waiting_for_data scheduled__2022-01-09T00:00:00+00:00 [queued]>
[2023-10-18T11:45:57.995+0000] {taskinstance.py:1159} INFO - Dependencies all met for dep_context=requeueable deps ti=<TaskInstance: copy_tranform_to_mongo.waiting_for_data scheduled__2022-01-09T00:00:00+00:00 [queued]>
[2023-10-18T11:45:57.998+0000] {taskinstance.py:1361} INFO - Starting attempt 1 of 1
[2023-10-18T11:45:58.009+0000] {taskinstance.py:1382} INFO - Executing <Task(FileSensor): waiting_for_data> on 2022-01-09 00:00:00+00:00
[2023-10-18T11:45:58.020+0000] {standard_task_runner.py:57} INFO - Started process 1982 to run task
[2023-10-18T11:45:58.024+0000] {standard_task_runner.py:84} INFO - Running: ['***', 'tasks', 'run', 'copy_tranform_to_mongo', 'waiting_for_data', 'scheduled__2022-01-09T00:00:00+00:00', '--job-id', '707', '--raw', '--subdir', 'DAGS_FOLDER/file_***-mongo.py', '--cfg-path', '/tmp/tmpo1rzyamq']
[2023-10-18T11:45:58.025+0000] {standard_task_runner.py:85} INFO - Job 707: Subtask waiting_for_data
[2023-10-18T11:45:58.068+0000] {task_command.py:416} INFO - Running <TaskInstance: copy_tranform_to_mongo.waiting_for_data scheduled__2022-01-09T00:00:00+00:00 [running]> on host 0e68aa52dfc7
[2023-10-18T11:45:58.166+0000] {taskinstance.py:1662} INFO - Exporting env vars: AIRFLOW_CTX_DAG_OWNER='***' AIRFLOW_CTX_DAG_ID='copy_tranform_to_mongo' AIRFLOW_CTX_TASK_ID='waiting_for_data' AIRFLOW_CTX_EXECUTION_DATE='2022-01-09T00:00:00+00:00' AIRFLOW_CTX_TRY_NUMBER='1' AIRFLOW_CTX_DAG_RUN_ID='scheduled__2022-01-09T00:00:00+00:00'
[2023-10-18T11:45:58.181+0000] {base.py:73} INFO - Using connection ID 'fs_default' for task execution.
[2023-10-18T11:45:58.181+0000] {filesystem.py:64} INFO - Poking for file /opt/in/tiktok_google_play_reviews.csv
[2023-10-18T11:45:58.182+0000] {filesystem.py:69} INFO - Found File /opt/in/tiktok_google_play_reviews.csv last modified: 20220405221612
[2023-10-18T11:45:58.182+0000] {base.py:287} INFO - Success criteria met. Exiting.
[2023-10-18T11:45:58.191+0000] {taskinstance.py:1400} INFO - Marking task as SUCCESS. dag_id=copy_tranform_to_mongo, task_id=waiting_for_data, execution_date=20220109T000000, start_date=20231018T114557, end_date=20231018T114558
[2023-10-18T11:45:58.237+0000] {local_task_job_runner.py:228} INFO - Task exited with return code 0
[2023-10-18T11:45:58.520+0000] {taskinstance.py:2778} INFO - 0 downstream tasks scheduled from follow-on schedule check
