[2023-10-17T11:26:27.226+0000] {taskinstance.py:1159} INFO - Dependencies all met for dep_context=non-requeueable deps ti=<TaskInstance: copy_tranform_to_mongo.waiting_for_data scheduled__2023-06-20T00:00:00+00:00 [queued]>
[2023-10-17T11:26:27.231+0000] {taskinstance.py:1159} INFO - Dependencies all met for dep_context=requeueable deps ti=<TaskInstance: copy_tranform_to_mongo.waiting_for_data scheduled__2023-06-20T00:00:00+00:00 [queued]>
[2023-10-17T11:26:27.231+0000] {taskinstance.py:1361} INFO - Starting attempt 1 of 1
[2023-10-17T11:26:27.240+0000] {taskinstance.py:1382} INFO - Executing <Task(FileSensor): waiting_for_data> on 2023-06-20 00:00:00+00:00
[2023-10-17T11:26:27.244+0000] {standard_task_runner.py:57} INFO - Started process 2336 to run task
[2023-10-17T11:26:27.246+0000] {standard_task_runner.py:84} INFO - Running: ['***', 'tasks', 'run', 'copy_tranform_to_mongo', 'waiting_for_data', 'scheduled__2023-06-20T00:00:00+00:00', '--job-id', '905', '--raw', '--subdir', 'DAGS_FOLDER/file_***-mongo.py', '--cfg-path', '/tmp/tmp_mwls5j_']
[2023-10-17T11:26:27.247+0000] {standard_task_runner.py:85} INFO - Job 905: Subtask waiting_for_data
[2023-10-17T11:26:27.276+0000] {task_command.py:416} INFO - Running <TaskInstance: copy_tranform_to_mongo.waiting_for_data scheduled__2023-06-20T00:00:00+00:00 [running]> on host 238c1d4ff767
[2023-10-17T11:26:27.331+0000] {taskinstance.py:1662} INFO - Exporting env vars: AIRFLOW_CTX_DAG_OWNER='***' AIRFLOW_CTX_DAG_ID='copy_tranform_to_mongo' AIRFLOW_CTX_TASK_ID='waiting_for_data' AIRFLOW_CTX_EXECUTION_DATE='2023-06-20T00:00:00+00:00' AIRFLOW_CTX_TRY_NUMBER='1' AIRFLOW_CTX_DAG_RUN_ID='scheduled__2023-06-20T00:00:00+00:00'
[2023-10-17T11:26:27.338+0000] {base.py:73} INFO - Using connection ID 'fs_default' for task execution.
[2023-10-17T11:26:27.338+0000] {filesystem.py:64} INFO - Poking for file /opt/in/tiktok_google_play_reviews.csv
[2023-10-17T11:26:27.338+0000] {filesystem.py:69} INFO - Found File /opt/in/tiktok_google_play_reviews.csv last modified: 20220405221612
[2023-10-17T11:26:27.338+0000] {base.py:287} INFO - Success criteria met. Exiting.
[2023-10-17T11:26:27.344+0000] {taskinstance.py:1400} INFO - Marking task as SUCCESS. dag_id=copy_tranform_to_mongo, task_id=waiting_for_data, execution_date=20230620T000000, start_date=20231017T112627, end_date=20231017T112627
[2023-10-17T11:26:27.378+0000] {local_task_job_runner.py:228} INFO - Task exited with return code 0
[2023-10-17T11:26:27.403+0000] {taskinstance.py:2778} INFO - 0 downstream tasks scheduled from follow-on schedule check
[2023-10-18T11:51:39.932+0000] {taskinstance.py:1159} INFO - Dependencies all met for dep_context=non-requeueable deps ti=<TaskInstance: copy_tranform_to_mongo.waiting_for_data scheduled__2023-06-20T00:00:00+00:00 [queued]>
[2023-10-18T11:51:39.941+0000] {taskinstance.py:1159} INFO - Dependencies all met for dep_context=requeueable deps ti=<TaskInstance: copy_tranform_to_mongo.waiting_for_data scheduled__2023-06-20T00:00:00+00:00 [queued]>
[2023-10-18T11:51:39.941+0000] {taskinstance.py:1361} INFO - Starting attempt 1 of 1
[2023-10-18T11:51:39.957+0000] {taskinstance.py:1382} INFO - Executing <Task(FileSensor): waiting_for_data> on 2023-06-20 00:00:00+00:00
[2023-10-18T11:51:39.965+0000] {standard_task_runner.py:57} INFO - Started process 4180 to run task
[2023-10-18T11:51:39.968+0000] {standard_task_runner.py:84} INFO - Running: ['***', 'tasks', 'run', 'copy_tranform_to_mongo', 'waiting_for_data', 'scheduled__2023-06-20T00:00:00+00:00', '--job-id', '1763', '--raw', '--subdir', 'DAGS_FOLDER/file_***-mongo.py', '--cfg-path', '/tmp/tmpr9r97o57']
[2023-10-18T11:51:39.969+0000] {standard_task_runner.py:85} INFO - Job 1763: Subtask waiting_for_data
[2023-10-18T11:51:40.011+0000] {task_command.py:416} INFO - Running <TaskInstance: copy_tranform_to_mongo.waiting_for_data scheduled__2023-06-20T00:00:00+00:00 [running]> on host 0e68aa52dfc7
[2023-10-18T11:51:40.083+0000] {taskinstance.py:1662} INFO - Exporting env vars: AIRFLOW_CTX_DAG_OWNER='***' AIRFLOW_CTX_DAG_ID='copy_tranform_to_mongo' AIRFLOW_CTX_TASK_ID='waiting_for_data' AIRFLOW_CTX_EXECUTION_DATE='2023-06-20T00:00:00+00:00' AIRFLOW_CTX_TRY_NUMBER='1' AIRFLOW_CTX_DAG_RUN_ID='scheduled__2023-06-20T00:00:00+00:00'
[2023-10-18T11:51:40.093+0000] {base.py:73} INFO - Using connection ID 'fs_default' for task execution.
[2023-10-18T11:51:40.094+0000] {filesystem.py:64} INFO - Poking for file /opt/in/tiktok_google_play_reviews.csv
[2023-10-18T11:51:40.094+0000] {filesystem.py:69} INFO - Found File /opt/in/tiktok_google_play_reviews.csv last modified: 20220405221612
[2023-10-18T11:51:40.094+0000] {base.py:287} INFO - Success criteria met. Exiting.
[2023-10-18T11:51:40.104+0000] {taskinstance.py:1400} INFO - Marking task as SUCCESS. dag_id=copy_tranform_to_mongo, task_id=waiting_for_data, execution_date=20230620T000000, start_date=20231018T115139, end_date=20231018T115140
[2023-10-18T11:51:40.141+0000] {local_task_job_runner.py:228} INFO - Task exited with return code 0
[2023-10-18T11:51:40.168+0000] {taskinstance.py:2778} INFO - 1 downstream tasks scheduled from follow-on schedule check
