[2023-10-17T11:20:53.910+0000] {taskinstance.py:1159} INFO - Dependencies all met for dep_context=non-requeueable deps ti=<TaskInstance: copy_tranform_to_mongo.waiting_for_data scheduled__2021-11-10T00:00:00+00:00 [queued]>
[2023-10-17T11:20:53.917+0000] {taskinstance.py:1159} INFO - Dependencies all met for dep_context=requeueable deps ti=<TaskInstance: copy_tranform_to_mongo.waiting_for_data scheduled__2021-11-10T00:00:00+00:00 [queued]>
[2023-10-17T11:20:53.917+0000] {taskinstance.py:1361} INFO - Starting attempt 1 of 1
[2023-10-17T11:20:53.924+0000] {taskinstance.py:1382} INFO - Executing <Task(FileSensor): waiting_for_data> on 2021-11-10 00:00:00+00:00
[2023-10-17T11:20:53.930+0000] {standard_task_runner.py:57} INFO - Started process 1083 to run task
[2023-10-17T11:20:53.932+0000] {standard_task_runner.py:84} INFO - Running: ['***', 'tasks', 'run', 'copy_tranform_to_mongo', 'waiting_for_data', 'scheduled__2021-11-10T00:00:00+00:00', '--job-id', '318', '--raw', '--subdir', 'DAGS_FOLDER/file_***-mongo.py', '--cfg-path', '/tmp/tmpql711hzo']
[2023-10-17T11:20:53.933+0000] {standard_task_runner.py:85} INFO - Job 318: Subtask waiting_for_data
[2023-10-17T11:20:53.966+0000] {task_command.py:416} INFO - Running <TaskInstance: copy_tranform_to_mongo.waiting_for_data scheduled__2021-11-10T00:00:00+00:00 [running]> on host 238c1d4ff767
[2023-10-17T11:20:54.019+0000] {taskinstance.py:1662} INFO - Exporting env vars: AIRFLOW_CTX_DAG_OWNER='***' AIRFLOW_CTX_DAG_ID='copy_tranform_to_mongo' AIRFLOW_CTX_TASK_ID='waiting_for_data' AIRFLOW_CTX_EXECUTION_DATE='2021-11-10T00:00:00+00:00' AIRFLOW_CTX_TRY_NUMBER='1' AIRFLOW_CTX_DAG_RUN_ID='scheduled__2021-11-10T00:00:00+00:00'
[2023-10-17T11:20:54.026+0000] {base.py:73} INFO - Using connection ID 'fs_default' for task execution.
[2023-10-17T11:20:54.027+0000] {filesystem.py:64} INFO - Poking for file /opt/in/tiktok_google_play_reviews.csv
[2023-10-17T11:20:54.027+0000] {filesystem.py:69} INFO - Found File /opt/in/tiktok_google_play_reviews.csv last modified: 20220405221612
[2023-10-17T11:20:54.027+0000] {base.py:287} INFO - Success criteria met. Exiting.
[2023-10-17T11:20:54.033+0000] {taskinstance.py:1400} INFO - Marking task as SUCCESS. dag_id=copy_tranform_to_mongo, task_id=waiting_for_data, execution_date=20211110T000000, start_date=20231017T112053, end_date=20231017T112054
[2023-10-17T11:20:54.064+0000] {local_task_job_runner.py:228} INFO - Task exited with return code 0
[2023-10-17T11:20:54.081+0000] {taskinstance.py:2778} INFO - 0 downstream tasks scheduled from follow-on schedule check
[2023-10-18T11:45:21.379+0000] {taskinstance.py:1159} INFO - Dependencies all met for dep_context=non-requeueable deps ti=<TaskInstance: copy_tranform_to_mongo.waiting_for_data scheduled__2021-11-10T00:00:00+00:00 [queued]>
[2023-10-18T11:45:21.388+0000] {taskinstance.py:1159} INFO - Dependencies all met for dep_context=requeueable deps ti=<TaskInstance: copy_tranform_to_mongo.waiting_for_data scheduled__2021-11-10T00:00:00+00:00 [queued]>
[2023-10-18T11:45:21.389+0000] {taskinstance.py:1361} INFO - Starting attempt 1 of 1
[2023-10-18T11:45:21.405+0000] {taskinstance.py:1382} INFO - Executing <Task(FileSensor): waiting_for_data> on 2021-11-10 00:00:00+00:00
[2023-10-18T11:45:21.413+0000] {standard_task_runner.py:57} INFO - Started process 1734 to run task
[2023-10-18T11:45:21.416+0000] {standard_task_runner.py:84} INFO - Running: ['***', 'tasks', 'run', 'copy_tranform_to_mongo', 'waiting_for_data', 'scheduled__2021-11-10T00:00:00+00:00', '--job-id', '588', '--raw', '--subdir', 'DAGS_FOLDER/file_***-mongo.py', '--cfg-path', '/tmp/tmpzpwcpvcr']
[2023-10-18T11:45:21.417+0000] {standard_task_runner.py:85} INFO - Job 588: Subtask waiting_for_data
[2023-10-18T11:45:21.477+0000] {task_command.py:416} INFO - Running <TaskInstance: copy_tranform_to_mongo.waiting_for_data scheduled__2021-11-10T00:00:00+00:00 [running]> on host 0e68aa52dfc7
[2023-10-18T11:45:21.556+0000] {taskinstance.py:1662} INFO - Exporting env vars: AIRFLOW_CTX_DAG_OWNER='***' AIRFLOW_CTX_DAG_ID='copy_tranform_to_mongo' AIRFLOW_CTX_TASK_ID='waiting_for_data' AIRFLOW_CTX_EXECUTION_DATE='2021-11-10T00:00:00+00:00' AIRFLOW_CTX_TRY_NUMBER='1' AIRFLOW_CTX_DAG_RUN_ID='scheduled__2021-11-10T00:00:00+00:00'
[2023-10-18T11:45:21.564+0000] {base.py:73} INFO - Using connection ID 'fs_default' for task execution.
[2023-10-18T11:45:21.565+0000] {filesystem.py:64} INFO - Poking for file /opt/in/tiktok_google_play_reviews.csv
[2023-10-18T11:45:21.565+0000] {filesystem.py:69} INFO - Found File /opt/in/tiktok_google_play_reviews.csv last modified: 20220405221612
[2023-10-18T11:45:21.565+0000] {base.py:287} INFO - Success criteria met. Exiting.
[2023-10-18T11:45:21.574+0000] {taskinstance.py:1400} INFO - Marking task as SUCCESS. dag_id=copy_tranform_to_mongo, task_id=waiting_for_data, execution_date=20211110T000000, start_date=20231018T114521, end_date=20231018T114521
[2023-10-18T11:45:21.596+0000] {local_task_job_runner.py:228} INFO - Task exited with return code 0
[2023-10-18T11:45:21.628+0000] {taskinstance.py:2778} INFO - 1 downstream tasks scheduled from follow-on schedule check
