[2023-10-17T11:20:13.881+0000] {taskinstance.py:1159} INFO - Dependencies all met for dep_context=non-requeueable deps ti=<TaskInstance: copy_tranform_to_mongo.waiting_for_data scheduled__2021-08-13T00:00:00+00:00 [queued]>
[2023-10-17T11:20:13.890+0000] {taskinstance.py:1159} INFO - Dependencies all met for dep_context=requeueable deps ti=<TaskInstance: copy_tranform_to_mongo.waiting_for_data scheduled__2021-08-13T00:00:00+00:00 [queued]>
[2023-10-17T11:20:13.891+0000] {taskinstance.py:1361} INFO - Starting attempt 1 of 1
[2023-10-17T11:20:13.932+0000] {taskinstance.py:1382} INFO - Executing <Task(FileSensor): waiting_for_data> on 2021-08-13 00:00:00+00:00
[2023-10-17T11:20:13.939+0000] {standard_task_runner.py:57} INFO - Started process 891 to run task
[2023-10-17T11:20:13.942+0000] {standard_task_runner.py:84} INFO - Running: ['***', 'tasks', 'run', 'copy_tranform_to_mongo', 'waiting_for_data', 'scheduled__2021-08-13T00:00:00+00:00', '--job-id', '229', '--raw', '--subdir', 'DAGS_FOLDER/file_***-mongo.py', '--cfg-path', '/tmp/tmp8fqvbzti']
[2023-10-17T11:20:13.943+0000] {standard_task_runner.py:85} INFO - Job 229: Subtask waiting_for_data
[2023-10-17T11:20:13.984+0000] {task_command.py:416} INFO - Running <TaskInstance: copy_tranform_to_mongo.waiting_for_data scheduled__2021-08-13T00:00:00+00:00 [running]> on host 238c1d4ff767
[2023-10-17T11:20:14.058+0000] {taskinstance.py:1662} INFO - Exporting env vars: AIRFLOW_CTX_DAG_OWNER='***' AIRFLOW_CTX_DAG_ID='copy_tranform_to_mongo' AIRFLOW_CTX_TASK_ID='waiting_for_data' AIRFLOW_CTX_EXECUTION_DATE='2021-08-13T00:00:00+00:00' AIRFLOW_CTX_TRY_NUMBER='1' AIRFLOW_CTX_DAG_RUN_ID='scheduled__2021-08-13T00:00:00+00:00'
[2023-10-17T11:20:14.065+0000] {base.py:73} INFO - Using connection ID 'fs_default' for task execution.
[2023-10-17T11:20:14.065+0000] {filesystem.py:64} INFO - Poking for file /opt/in/tiktok_google_play_reviews.csv
[2023-10-17T11:20:14.065+0000] {filesystem.py:69} INFO - Found File /opt/in/tiktok_google_play_reviews.csv last modified: 20220405221612
[2023-10-17T11:20:14.065+0000] {base.py:287} INFO - Success criteria met. Exiting.
[2023-10-17T11:20:14.072+0000] {taskinstance.py:1400} INFO - Marking task as SUCCESS. dag_id=copy_tranform_to_mongo, task_id=waiting_for_data, execution_date=20210813T000000, start_date=20231017T112013, end_date=20231017T112014
[2023-10-17T11:20:14.116+0000] {local_task_job_runner.py:228} INFO - Task exited with return code 0
[2023-10-17T11:20:14.128+0000] {taskinstance.py:2778} INFO - 0 downstream tasks scheduled from follow-on schedule check
[2023-10-18T10:47:57.467+0000] {taskinstance.py:1159} INFO - Dependencies all met for dep_context=non-requeueable deps ti=<TaskInstance: copy_tranform_to_mongo.waiting_for_data scheduled__2021-08-13T00:00:00+00:00 [queued]>
[2023-10-18T10:47:57.477+0000] {taskinstance.py:1159} INFO - Dependencies all met for dep_context=requeueable deps ti=<TaskInstance: copy_tranform_to_mongo.waiting_for_data scheduled__2021-08-13T00:00:00+00:00 [queued]>
[2023-10-18T10:47:57.477+0000] {taskinstance.py:1361} INFO - Starting attempt 1 of 1
[2023-10-18T10:47:57.492+0000] {taskinstance.py:1382} INFO - Executing <Task(FileSensor): waiting_for_data> on 2021-08-13 00:00:00+00:00
[2023-10-18T10:47:57.499+0000] {standard_task_runner.py:57} INFO - Started process 1963 to run task
[2023-10-18T10:47:57.502+0000] {standard_task_runner.py:84} INFO - Running: ['***', 'tasks', 'run', 'copy_tranform_to_mongo', 'waiting_for_data', 'scheduled__2021-08-13T00:00:00+00:00', '--job-id', '250', '--raw', '--subdir', 'DAGS_FOLDER/file_***-mongo.py', '--cfg-path', '/tmp/tmptj08le5n']
[2023-10-18T10:47:57.503+0000] {standard_task_runner.py:85} INFO - Job 250: Subtask waiting_for_data
[2023-10-18T10:47:57.542+0000] {task_command.py:416} INFO - Running <TaskInstance: copy_tranform_to_mongo.waiting_for_data scheduled__2021-08-13T00:00:00+00:00 [running]> on host 2473b23ba069
[2023-10-18T10:47:57.654+0000] {taskinstance.py:1662} INFO - Exporting env vars: AIRFLOW_CTX_DAG_OWNER='***' AIRFLOW_CTX_DAG_ID='copy_tranform_to_mongo' AIRFLOW_CTX_TASK_ID='waiting_for_data' AIRFLOW_CTX_EXECUTION_DATE='2021-08-13T00:00:00+00:00' AIRFLOW_CTX_TRY_NUMBER='1' AIRFLOW_CTX_DAG_RUN_ID='scheduled__2021-08-13T00:00:00+00:00'
[2023-10-18T10:47:57.668+0000] {base.py:73} INFO - Using connection ID 'fs_default' for task execution.
[2023-10-18T10:47:57.668+0000] {filesystem.py:64} INFO - Poking for file /opt/in/tiktok_google_play_reviews.csv
[2023-10-18T10:47:57.669+0000] {filesystem.py:69} INFO - Found File /opt/in/tiktok_google_play_reviews.csv last modified: 20220405221612
[2023-10-18T10:47:57.669+0000] {base.py:287} INFO - Success criteria met. Exiting.
[2023-10-18T10:47:57.679+0000] {taskinstance.py:1400} INFO - Marking task as SUCCESS. dag_id=copy_tranform_to_mongo, task_id=waiting_for_data, execution_date=20210813T000000, start_date=20231018T104757, end_date=20231018T104757
[2023-10-18T10:47:57.714+0000] {local_task_job_runner.py:228} INFO - Task exited with return code 0
[2023-10-18T10:47:57.794+0000] {taskinstance.py:2778} INFO - 0 downstream tasks scheduled from follow-on schedule check
[2023-10-18T11:44:31.802+0000] {taskinstance.py:1159} INFO - Dependencies all met for dep_context=non-requeueable deps ti=<TaskInstance: copy_tranform_to_mongo.waiting_for_data scheduled__2021-08-13T00:00:00+00:00 [queued]>
[2023-10-18T11:44:31.814+0000] {taskinstance.py:1159} INFO - Dependencies all met for dep_context=requeueable deps ti=<TaskInstance: copy_tranform_to_mongo.waiting_for_data scheduled__2021-08-13T00:00:00+00:00 [queued]>
[2023-10-18T11:44:31.815+0000] {taskinstance.py:1361} INFO - Starting attempt 1 of 1
[2023-10-18T11:44:31.832+0000] {taskinstance.py:1382} INFO - Executing <Task(FileSensor): waiting_for_data> on 2021-08-13 00:00:00+00:00
[2023-10-18T11:44:31.839+0000] {standard_task_runner.py:57} INFO - Started process 1372 to run task
[2023-10-18T11:44:31.843+0000] {standard_task_runner.py:84} INFO - Running: ['***', 'tasks', 'run', 'copy_tranform_to_mongo', 'waiting_for_data', 'scheduled__2021-08-13T00:00:00+00:00', '--job-id', '411', '--raw', '--subdir', 'DAGS_FOLDER/file_***-mongo.py', '--cfg-path', '/tmp/tmp1frqyq8_']
[2023-10-18T11:44:31.844+0000] {standard_task_runner.py:85} INFO - Job 411: Subtask waiting_for_data
[2023-10-18T11:44:31.894+0000] {task_command.py:416} INFO - Running <TaskInstance: copy_tranform_to_mongo.waiting_for_data scheduled__2021-08-13T00:00:00+00:00 [running]> on host 0e68aa52dfc7
[2023-10-18T11:44:31.971+0000] {taskinstance.py:1662} INFO - Exporting env vars: AIRFLOW_CTX_DAG_OWNER='***' AIRFLOW_CTX_DAG_ID='copy_tranform_to_mongo' AIRFLOW_CTX_TASK_ID='waiting_for_data' AIRFLOW_CTX_EXECUTION_DATE='2021-08-13T00:00:00+00:00' AIRFLOW_CTX_TRY_NUMBER='1' AIRFLOW_CTX_DAG_RUN_ID='scheduled__2021-08-13T00:00:00+00:00'
[2023-10-18T11:44:31.981+0000] {base.py:73} INFO - Using connection ID 'fs_default' for task execution.
[2023-10-18T11:44:31.981+0000] {filesystem.py:64} INFO - Poking for file /opt/in/tiktok_google_play_reviews.csv
[2023-10-18T11:44:31.982+0000] {filesystem.py:69} INFO - Found File /opt/in/tiktok_google_play_reviews.csv last modified: 20220405221612
[2023-10-18T11:44:31.982+0000] {base.py:287} INFO - Success criteria met. Exiting.
[2023-10-18T11:44:31.993+0000] {taskinstance.py:1400} INFO - Marking task as SUCCESS. dag_id=copy_tranform_to_mongo, task_id=waiting_for_data, execution_date=20210813T000000, start_date=20231018T114431, end_date=20231018T114431
[2023-10-18T11:44:32.055+0000] {local_task_job_runner.py:228} INFO - Task exited with return code 0
[2023-10-18T11:44:32.094+0000] {taskinstance.py:2778} INFO - 1 downstream tasks scheduled from follow-on schedule check
