[2023-10-17T11:19:22.826+0000] {taskinstance.py:1159} INFO - Dependencies all met for dep_context=non-requeueable deps ti=<TaskInstance: copy_tranform_to_mongo.waiting_for_data scheduled__2021-04-08T00:00:00+00:00 [queued]>
[2023-10-17T11:19:22.837+0000] {taskinstance.py:1159} INFO - Dependencies all met for dep_context=requeueable deps ti=<TaskInstance: copy_tranform_to_mongo.waiting_for_data scheduled__2021-04-08T00:00:00+00:00 [queued]>
[2023-10-17T11:19:22.838+0000] {taskinstance.py:1361} INFO - Starting attempt 1 of 1
[2023-10-17T11:19:22.851+0000] {taskinstance.py:1382} INFO - Executing <Task(FileSensor): waiting_for_data> on 2021-04-08 00:00:00+00:00
[2023-10-17T11:19:22.858+0000] {standard_task_runner.py:57} INFO - Started process 630 to run task
[2023-10-17T11:19:22.860+0000] {standard_task_runner.py:84} INFO - Running: ['***', 'tasks', 'run', 'copy_tranform_to_mongo', 'waiting_for_data', 'scheduled__2021-04-08T00:00:00+00:00', '--job-id', '102', '--raw', '--subdir', 'DAGS_FOLDER/file_***-mongo.py', '--cfg-path', '/tmp/tmpw7uzmy8s']
[2023-10-17T11:19:22.861+0000] {standard_task_runner.py:85} INFO - Job 102: Subtask waiting_for_data
[2023-10-17T11:19:22.897+0000] {task_command.py:416} INFO - Running <TaskInstance: copy_tranform_to_mongo.waiting_for_data scheduled__2021-04-08T00:00:00+00:00 [running]> on host 238c1d4ff767
[2023-10-17T11:19:22.983+0000] {taskinstance.py:1662} INFO - Exporting env vars: AIRFLOW_CTX_DAG_OWNER='***' AIRFLOW_CTX_DAG_ID='copy_tranform_to_mongo' AIRFLOW_CTX_TASK_ID='waiting_for_data' AIRFLOW_CTX_EXECUTION_DATE='2021-04-08T00:00:00+00:00' AIRFLOW_CTX_TRY_NUMBER='1' AIRFLOW_CTX_DAG_RUN_ID='scheduled__2021-04-08T00:00:00+00:00'
[2023-10-17T11:19:22.991+0000] {base.py:73} INFO - Using connection ID 'fs_default' for task execution.
[2023-10-17T11:19:22.992+0000] {filesystem.py:64} INFO - Poking for file /opt/in/tiktok_google_play_reviews.csv
[2023-10-17T11:19:22.992+0000] {filesystem.py:69} INFO - Found File /opt/in/tiktok_google_play_reviews.csv last modified: 20220405221612
[2023-10-17T11:19:22.992+0000] {base.py:287} INFO - Success criteria met. Exiting.
[2023-10-17T11:19:23.002+0000] {taskinstance.py:1400} INFO - Marking task as SUCCESS. dag_id=copy_tranform_to_mongo, task_id=waiting_for_data, execution_date=20210408T000000, start_date=20231017T111922, end_date=20231017T111923
[2023-10-17T11:19:23.032+0000] {local_task_job_runner.py:228} INFO - Task exited with return code 0
[2023-10-17T11:19:23.078+0000] {taskinstance.py:2778} INFO - 0 downstream tasks scheduled from follow-on schedule check
[2023-10-18T10:42:51.682+0000] {taskinstance.py:1159} INFO - Dependencies all met for dep_context=non-requeueable deps ti=<TaskInstance: copy_tranform_to_mongo.waiting_for_data scheduled__2021-04-08T00:00:00+00:00 [queued]>
[2023-10-18T10:42:51.690+0000] {taskinstance.py:1159} INFO - Dependencies all met for dep_context=requeueable deps ti=<TaskInstance: copy_tranform_to_mongo.waiting_for_data scheduled__2021-04-08T00:00:00+00:00 [queued]>
[2023-10-18T10:42:51.690+0000] {taskinstance.py:1361} INFO - Starting attempt 1 of 1
[2023-10-18T10:42:51.706+0000] {taskinstance.py:1382} INFO - Executing <Task(FileSensor): waiting_for_data> on 2021-04-08 00:00:00+00:00
[2023-10-18T10:42:51.711+0000] {standard_task_runner.py:57} INFO - Started process 1592 to run task
[2023-10-18T10:42:51.715+0000] {standard_task_runner.py:84} INFO - Running: ['***', 'tasks', 'run', 'copy_tranform_to_mongo', 'waiting_for_data', 'scheduled__2021-04-08T00:00:00+00:00', '--job-id', '101', '--raw', '--subdir', 'DAGS_FOLDER/file_***-mongo.py', '--cfg-path', '/tmp/tmp31nrvd0r']
[2023-10-18T10:42:51.716+0000] {standard_task_runner.py:85} INFO - Job 101: Subtask waiting_for_data
[2023-10-18T10:42:51.762+0000] {task_command.py:416} INFO - Running <TaskInstance: copy_tranform_to_mongo.waiting_for_data scheduled__2021-04-08T00:00:00+00:00 [running]> on host 2473b23ba069
[2023-10-18T10:42:51.829+0000] {taskinstance.py:1662} INFO - Exporting env vars: AIRFLOW_CTX_DAG_OWNER='***' AIRFLOW_CTX_DAG_ID='copy_tranform_to_mongo' AIRFLOW_CTX_TASK_ID='waiting_for_data' AIRFLOW_CTX_EXECUTION_DATE='2021-04-08T00:00:00+00:00' AIRFLOW_CTX_TRY_NUMBER='1' AIRFLOW_CTX_DAG_RUN_ID='scheduled__2021-04-08T00:00:00+00:00'
[2023-10-18T10:42:51.843+0000] {taskinstance.py:1937} ERROR - Task failed with exception
Traceback (most recent call last):
  File "/home/airflow/.local/lib/python3.8/site-packages/airflow/sensors/base.py", line 257, in execute
    raise e
  File "/home/airflow/.local/lib/python3.8/site-packages/airflow/sensors/base.py", line 239, in execute
    poke_return = self.poke(context)
  File "/home/airflow/.local/lib/python3.8/site-packages/airflow/sensors/filesystem.py", line 61, in poke
    hook = FSHook(self.fs_conn_id)
  File "/home/airflow/.local/lib/python3.8/site-packages/airflow/hooks/filesystem.py", line 38, in __init__
    conn = self.get_connection(conn_id)
  File "/home/airflow/.local/lib/python3.8/site-packages/airflow/hooks/base.py", line 72, in get_connection
    conn = Connection.get_connection_from_secrets(conn_id)
  File "/home/airflow/.local/lib/python3.8/site-packages/airflow/models/connection.py", line 477, in get_connection_from_secrets
    raise AirflowNotFoundException(f"The conn_id `{conn_id}` isn't defined")
airflow.exceptions.AirflowNotFoundException: The conn_id `fs_default` isn't defined
[2023-10-18T10:42:51.847+0000] {taskinstance.py:1400} INFO - Marking task as FAILED. dag_id=copy_tranform_to_mongo, task_id=waiting_for_data, execution_date=20210408T000000, start_date=20231018T104251, end_date=20231018T104251
[2023-10-18T10:42:51.857+0000] {standard_task_runner.py:104} ERROR - Failed to execute job 101 for task waiting_for_data (The conn_id `fs_default` isn't defined; 1592)
[2023-10-18T10:42:51.887+0000] {local_task_job_runner.py:228} INFO - Task exited with return code 1
[2023-10-18T10:42:51.910+0000] {taskinstance.py:2778} INFO - 0 downstream tasks scheduled from follow-on schedule check
[2023-10-18T11:17:26.066+0000] {taskinstance.py:1159} INFO - Dependencies all met for dep_context=non-requeueable deps ti=<TaskInstance: copy_tranform_to_mongo.waiting_for_data scheduled__2021-04-08T00:00:00+00:00 [queued]>
[2023-10-18T11:17:26.078+0000] {taskinstance.py:1159} INFO - Dependencies all met for dep_context=requeueable deps ti=<TaskInstance: copy_tranform_to_mongo.waiting_for_data scheduled__2021-04-08T00:00:00+00:00 [queued]>
[2023-10-18T11:17:26.078+0000] {taskinstance.py:1361} INFO - Starting attempt 1 of 1
[2023-10-18T11:17:26.093+0000] {taskinstance.py:1382} INFO - Executing <Task(FileSensor): waiting_for_data> on 2021-04-08 00:00:00+00:00
[2023-10-18T11:17:26.101+0000] {standard_task_runner.py:57} INFO - Started process 443 to run task
[2023-10-18T11:17:26.103+0000] {standard_task_runner.py:84} INFO - Running: ['***', 'tasks', 'run', 'copy_tranform_to_mongo', 'waiting_for_data', 'scheduled__2021-04-08T00:00:00+00:00', '--job-id', '155', '--raw', '--subdir', 'DAGS_FOLDER/file_***-mongo.py', '--cfg-path', '/tmp/tmpuihkji_x']
[2023-10-18T11:17:26.104+0000] {standard_task_runner.py:85} INFO - Job 155: Subtask waiting_for_data
[2023-10-18T11:17:26.164+0000] {task_command.py:416} INFO - Running <TaskInstance: copy_tranform_to_mongo.waiting_for_data scheduled__2021-04-08T00:00:00+00:00 [running]> on host 0e68aa52dfc7
[2023-10-18T11:17:26.274+0000] {taskinstance.py:1662} INFO - Exporting env vars: AIRFLOW_CTX_DAG_OWNER='***' AIRFLOW_CTX_DAG_ID='copy_tranform_to_mongo' AIRFLOW_CTX_TASK_ID='waiting_for_data' AIRFLOW_CTX_EXECUTION_DATE='2021-04-08T00:00:00+00:00' AIRFLOW_CTX_TRY_NUMBER='1' AIRFLOW_CTX_DAG_RUN_ID='scheduled__2021-04-08T00:00:00+00:00'
[2023-10-18T11:17:26.289+0000] {base.py:73} INFO - Using connection ID 'fs_default' for task execution.
[2023-10-18T11:17:26.292+0000] {filesystem.py:64} INFO - Poking for file /opt/in/tiktok_google_play_reviews.csv
[2023-10-18T11:17:26.293+0000] {filesystem.py:69} INFO - Found File /opt/in/tiktok_google_play_reviews.csv last modified: 20220405221612
[2023-10-18T11:17:26.294+0000] {base.py:287} INFO - Success criteria met. Exiting.
[2023-10-18T11:17:26.305+0000] {taskinstance.py:1400} INFO - Marking task as SUCCESS. dag_id=copy_tranform_to_mongo, task_id=waiting_for_data, execution_date=20210408T000000, start_date=20231018T111726, end_date=20231018T111726
[2023-10-18T11:17:26.358+0000] {local_task_job_runner.py:228} INFO - Task exited with return code 0
[2023-10-18T11:17:26.390+0000] {taskinstance.py:2778} INFO - 1 downstream tasks scheduled from follow-on schedule check
[2023-10-19T12:22:08.943+0000] {taskinstance.py:1159} INFO - Dependencies all met for dep_context=non-requeueable deps ti=<TaskInstance: copy_tranform_to_mongo.waiting_for_data scheduled__2021-04-08T00:00:00+00:00 [queued]>
[2023-10-19T12:22:08.953+0000] {taskinstance.py:1159} INFO - Dependencies all met for dep_context=requeueable deps ti=<TaskInstance: copy_tranform_to_mongo.waiting_for_data scheduled__2021-04-08T00:00:00+00:00 [queued]>
[2023-10-19T12:22:08.954+0000] {taskinstance.py:1361} INFO - Starting attempt 1 of 1
[2023-10-19T12:22:08.974+0000] {taskinstance.py:1382} INFO - Executing <Task(FileSensor): waiting_for_data> on 2021-04-08 00:00:00+00:00
[2023-10-19T12:22:08.982+0000] {standard_task_runner.py:57} INFO - Started process 655 to run task
[2023-10-19T12:22:08.985+0000] {standard_task_runner.py:84} INFO - Running: ['***', 'tasks', 'run', 'copy_tranform_to_mongo', 'waiting_for_data', 'scheduled__2021-04-08T00:00:00+00:00', '--job-id', '155', '--raw', '--subdir', 'DAGS_FOLDER/file_***-mongo.py', '--cfg-path', '/tmp/tmpmlaka6mh']
[2023-10-19T12:22:08.986+0000] {standard_task_runner.py:85} INFO - Job 155: Subtask waiting_for_data
[2023-10-19T12:22:09.045+0000] {task_command.py:416} INFO - Running <TaskInstance: copy_tranform_to_mongo.waiting_for_data scheduled__2021-04-08T00:00:00+00:00 [running]> on host 6f5df7fea6fd
[2023-10-19T12:22:09.141+0000] {taskinstance.py:1662} INFO - Exporting env vars: AIRFLOW_CTX_DAG_OWNER='***' AIRFLOW_CTX_DAG_ID='copy_tranform_to_mongo' AIRFLOW_CTX_TASK_ID='waiting_for_data' AIRFLOW_CTX_EXECUTION_DATE='2021-04-08T00:00:00+00:00' AIRFLOW_CTX_TRY_NUMBER='1' AIRFLOW_CTX_DAG_RUN_ID='scheduled__2021-04-08T00:00:00+00:00'
[2023-10-19T12:22:09.154+0000] {base.py:73} INFO - Using connection ID 'fs_default' for task execution.
[2023-10-19T12:22:09.155+0000] {filesystem.py:64} INFO - Poking for file /opt/in/tiktok_google_play_reviews.csv
[2023-10-19T12:22:09.156+0000] {filesystem.py:69} INFO - Found File /opt/in/tiktok_google_play_reviews.csv last modified: 20220405221612
[2023-10-19T12:22:09.156+0000] {base.py:287} INFO - Success criteria met. Exiting.
[2023-10-19T12:22:09.165+0000] {taskinstance.py:1400} INFO - Marking task as SUCCESS. dag_id=copy_tranform_to_mongo, task_id=waiting_for_data, execution_date=20210408T000000, start_date=20231019T122208, end_date=20231019T122209
[2023-10-19T12:22:09.201+0000] {local_task_job_runner.py:228} INFO - Task exited with return code 0
[2023-10-19T12:22:09.241+0000] {taskinstance.py:2778} INFO - 1 downstream tasks scheduled from follow-on schedule check
