[2023-10-17T11:24:04.305+0000] {taskinstance.py:1159} INFO - Dependencies all met for dep_context=non-requeueable deps ti=<TaskInstance: copy_tranform_to_mongo.waiting_for_data scheduled__2022-10-05T00:00:00+00:00 [queued]>
[2023-10-17T11:24:04.315+0000] {taskinstance.py:1159} INFO - Dependencies all met for dep_context=requeueable deps ti=<TaskInstance: copy_tranform_to_mongo.waiting_for_data scheduled__2022-10-05T00:00:00+00:00 [queued]>
[2023-10-17T11:24:04.315+0000] {taskinstance.py:1361} INFO - Starting attempt 1 of 1
[2023-10-17T11:24:04.365+0000] {taskinstance.py:1382} INFO - Executing <Task(FileSensor): waiting_for_data> on 2022-10-05 00:00:00+00:00
[2023-10-17T11:24:04.374+0000] {standard_task_runner.py:57} INFO - Started process 1790 to run task
[2023-10-17T11:24:04.376+0000] {standard_task_runner.py:84} INFO - Running: ['***', 'tasks', 'run', 'copy_tranform_to_mongo', 'waiting_for_data', 'scheduled__2022-10-05T00:00:00+00:00', '--job-id', '647', '--raw', '--subdir', 'DAGS_FOLDER/file_***-mongo.py', '--cfg-path', '/tmp/tmpfbaedujd']
[2023-10-17T11:24:04.378+0000] {standard_task_runner.py:85} INFO - Job 647: Subtask waiting_for_data
[2023-10-17T11:24:04.428+0000] {task_command.py:416} INFO - Running <TaskInstance: copy_tranform_to_mongo.waiting_for_data scheduled__2022-10-05T00:00:00+00:00 [running]> on host 238c1d4ff767
[2023-10-17T11:24:04.512+0000] {taskinstance.py:1662} INFO - Exporting env vars: AIRFLOW_CTX_DAG_OWNER='***' AIRFLOW_CTX_DAG_ID='copy_tranform_to_mongo' AIRFLOW_CTX_TASK_ID='waiting_for_data' AIRFLOW_CTX_EXECUTION_DATE='2022-10-05T00:00:00+00:00' AIRFLOW_CTX_TRY_NUMBER='1' AIRFLOW_CTX_DAG_RUN_ID='scheduled__2022-10-05T00:00:00+00:00'
[2023-10-17T11:24:04.519+0000] {base.py:73} INFO - Using connection ID 'fs_default' for task execution.
[2023-10-17T11:24:04.519+0000] {filesystem.py:64} INFO - Poking for file /opt/in/tiktok_google_play_reviews.csv
[2023-10-17T11:24:04.520+0000] {filesystem.py:69} INFO - Found File /opt/in/tiktok_google_play_reviews.csv last modified: 20220405221612
[2023-10-17T11:24:04.520+0000] {base.py:287} INFO - Success criteria met. Exiting.
[2023-10-17T11:24:04.527+0000] {taskinstance.py:1400} INFO - Marking task as SUCCESS. dag_id=copy_tranform_to_mongo, task_id=waiting_for_data, execution_date=20221005T000000, start_date=20231017T112404, end_date=20231017T112404
[2023-10-17T11:24:04.554+0000] {local_task_job_runner.py:228} INFO - Task exited with return code 0
[2023-10-17T11:24:04.568+0000] {taskinstance.py:2778} INFO - 0 downstream tasks scheduled from follow-on schedule check
[2023-10-18T11:48:45.938+0000] {taskinstance.py:1159} INFO - Dependencies all met for dep_context=non-requeueable deps ti=<TaskInstance: copy_tranform_to_mongo.waiting_for_data scheduled__2022-10-05T00:00:00+00:00 [queued]>
[2023-10-18T11:48:45.946+0000] {taskinstance.py:1159} INFO - Dependencies all met for dep_context=requeueable deps ti=<TaskInstance: copy_tranform_to_mongo.waiting_for_data scheduled__2022-10-05T00:00:00+00:00 [queued]>
[2023-10-18T11:48:45.947+0000] {taskinstance.py:1361} INFO - Starting attempt 1 of 1
[2023-10-18T11:48:45.957+0000] {taskinstance.py:1382} INFO - Executing <Task(FileSensor): waiting_for_data> on 2022-10-05 00:00:00+00:00
[2023-10-18T11:48:45.963+0000] {standard_task_runner.py:57} INFO - Started process 3112 to run task
[2023-10-18T11:48:45.966+0000] {standard_task_runner.py:84} INFO - Running: ['***', 'tasks', 'run', 'copy_tranform_to_mongo', 'waiting_for_data', 'scheduled__2022-10-05T00:00:00+00:00', '--job-id', '1249', '--raw', '--subdir', 'DAGS_FOLDER/file_***-mongo.py', '--cfg-path', '/tmp/tmpy8v0yid_']
[2023-10-18T11:48:45.967+0000] {standard_task_runner.py:85} INFO - Job 1249: Subtask waiting_for_data
[2023-10-18T11:48:46.015+0000] {task_command.py:416} INFO - Running <TaskInstance: copy_tranform_to_mongo.waiting_for_data scheduled__2022-10-05T00:00:00+00:00 [running]> on host 0e68aa52dfc7
[2023-10-18T11:48:46.097+0000] {taskinstance.py:1662} INFO - Exporting env vars: AIRFLOW_CTX_DAG_OWNER='***' AIRFLOW_CTX_DAG_ID='copy_tranform_to_mongo' AIRFLOW_CTX_TASK_ID='waiting_for_data' AIRFLOW_CTX_EXECUTION_DATE='2022-10-05T00:00:00+00:00' AIRFLOW_CTX_TRY_NUMBER='1' AIRFLOW_CTX_DAG_RUN_ID='scheduled__2022-10-05T00:00:00+00:00'
[2023-10-18T11:48:46.111+0000] {base.py:73} INFO - Using connection ID 'fs_default' for task execution.
[2023-10-18T11:48:46.112+0000] {filesystem.py:64} INFO - Poking for file /opt/in/tiktok_google_play_reviews.csv
[2023-10-18T11:48:46.112+0000] {filesystem.py:69} INFO - Found File /opt/in/tiktok_google_play_reviews.csv last modified: 20220405221612
[2023-10-18T11:48:46.112+0000] {base.py:287} INFO - Success criteria met. Exiting.
[2023-10-18T11:48:46.124+0000] {taskinstance.py:1400} INFO - Marking task as SUCCESS. dag_id=copy_tranform_to_mongo, task_id=waiting_for_data, execution_date=20221005T000000, start_date=20231018T114845, end_date=20231018T114846
[2023-10-18T11:48:46.179+0000] {local_task_job_runner.py:228} INFO - Task exited with return code 0
[2023-10-18T11:48:46.208+0000] {taskinstance.py:2778} INFO - 0 downstream tasks scheduled from follow-on schedule check
