[2023-10-17T11:19:53.867+0000] {taskinstance.py:1159} INFO - Dependencies all met for dep_context=non-requeueable deps ti=<TaskInstance: copy_tranform_to_mongo.waiting_for_data scheduled__2021-06-27T00:00:00+00:00 [queued]>
[2023-10-17T11:19:53.875+0000] {taskinstance.py:1159} INFO - Dependencies all met for dep_context=requeueable deps ti=<TaskInstance: copy_tranform_to_mongo.waiting_for_data scheduled__2021-06-27T00:00:00+00:00 [queued]>
[2023-10-17T11:19:53.875+0000] {taskinstance.py:1361} INFO - Starting attempt 1 of 1
[2023-10-17T11:19:53.885+0000] {taskinstance.py:1382} INFO - Executing <Task(FileSensor): waiting_for_data> on 2021-06-27 00:00:00+00:00
[2023-10-17T11:19:53.892+0000] {standard_task_runner.py:57} INFO - Started process 796 to run task
[2023-10-17T11:19:53.894+0000] {standard_task_runner.py:84} INFO - Running: ['***', 'tasks', 'run', 'copy_tranform_to_mongo', 'waiting_for_data', 'scheduled__2021-06-27T00:00:00+00:00', '--job-id', '182', '--raw', '--subdir', 'DAGS_FOLDER/file_***-mongo.py', '--cfg-path', '/tmp/tmpy_917ax9']
[2023-10-17T11:19:53.894+0000] {standard_task_runner.py:85} INFO - Job 182: Subtask waiting_for_data
[2023-10-17T11:19:53.929+0000] {task_command.py:416} INFO - Running <TaskInstance: copy_tranform_to_mongo.waiting_for_data scheduled__2021-06-27T00:00:00+00:00 [running]> on host 238c1d4ff767
[2023-10-17T11:19:53.996+0000] {taskinstance.py:1662} INFO - Exporting env vars: AIRFLOW_CTX_DAG_OWNER='***' AIRFLOW_CTX_DAG_ID='copy_tranform_to_mongo' AIRFLOW_CTX_TASK_ID='waiting_for_data' AIRFLOW_CTX_EXECUTION_DATE='2021-06-27T00:00:00+00:00' AIRFLOW_CTX_TRY_NUMBER='1' AIRFLOW_CTX_DAG_RUN_ID='scheduled__2021-06-27T00:00:00+00:00'
[2023-10-17T11:19:54.004+0000] {base.py:73} INFO - Using connection ID 'fs_default' for task execution.
[2023-10-17T11:19:54.004+0000] {filesystem.py:64} INFO - Poking for file /opt/in/tiktok_google_play_reviews.csv
[2023-10-17T11:19:54.004+0000] {filesystem.py:69} INFO - Found File /opt/in/tiktok_google_play_reviews.csv last modified: 20220405221612
[2023-10-17T11:19:54.005+0000] {base.py:287} INFO - Success criteria met. Exiting.
[2023-10-17T11:19:54.011+0000] {taskinstance.py:1400} INFO - Marking task as SUCCESS. dag_id=copy_tranform_to_mongo, task_id=waiting_for_data, execution_date=20210627T000000, start_date=20231017T111953, end_date=20231017T111954
[2023-10-17T11:19:54.065+0000] {local_task_job_runner.py:228} INFO - Task exited with return code 0
[2023-10-17T11:19:54.077+0000] {taskinstance.py:2778} INFO - 0 downstream tasks scheduled from follow-on schedule check
[2023-10-18T10:43:40.213+0000] {taskinstance.py:1159} INFO - Dependencies all met for dep_context=non-requeueable deps ti=<TaskInstance: copy_tranform_to_mongo.waiting_for_data scheduled__2021-06-27T00:00:00+00:00 [queued]>
[2023-10-18T10:43:40.225+0000] {taskinstance.py:1159} INFO - Dependencies all met for dep_context=requeueable deps ti=<TaskInstance: copy_tranform_to_mongo.waiting_for_data scheduled__2021-06-27T00:00:00+00:00 [queued]>
[2023-10-18T10:43:40.225+0000] {taskinstance.py:1361} INFO - Starting attempt 1 of 1
[2023-10-18T10:43:40.239+0000] {taskinstance.py:1382} INFO - Executing <Task(FileSensor): waiting_for_data> on 2021-06-27 00:00:00+00:00
[2023-10-18T10:43:40.249+0000] {standard_task_runner.py:57} INFO - Started process 1761 to run task
[2023-10-18T10:43:40.252+0000] {standard_task_runner.py:84} INFO - Running: ['***', 'tasks', 'run', 'copy_tranform_to_mongo', 'waiting_for_data', 'scheduled__2021-06-27T00:00:00+00:00', '--job-id', '181', '--raw', '--subdir', 'DAGS_FOLDER/file_***-mongo.py', '--cfg-path', '/tmp/tmpmmn47t1s']
[2023-10-18T10:43:40.253+0000] {standard_task_runner.py:85} INFO - Job 181: Subtask waiting_for_data
[2023-10-18T10:43:40.305+0000] {task_command.py:416} INFO - Running <TaskInstance: copy_tranform_to_mongo.waiting_for_data scheduled__2021-06-27T00:00:00+00:00 [running]> on host 2473b23ba069
[2023-10-18T10:43:40.388+0000] {taskinstance.py:1662} INFO - Exporting env vars: AIRFLOW_CTX_DAG_OWNER='***' AIRFLOW_CTX_DAG_ID='copy_tranform_to_mongo' AIRFLOW_CTX_TASK_ID='waiting_for_data' AIRFLOW_CTX_EXECUTION_DATE='2021-06-27T00:00:00+00:00' AIRFLOW_CTX_TRY_NUMBER='1' AIRFLOW_CTX_DAG_RUN_ID='scheduled__2021-06-27T00:00:00+00:00'
[2023-10-18T10:43:40.411+0000] {taskinstance.py:1937} ERROR - Task failed with exception
Traceback (most recent call last):
  File "/home/airflow/.local/lib/python3.8/site-packages/airflow/sensors/base.py", line 257, in execute
    raise e
  File "/home/airflow/.local/lib/python3.8/site-packages/airflow/sensors/base.py", line 239, in execute
    poke_return = self.poke(context)
  File "/home/airflow/.local/lib/python3.8/site-packages/airflow/sensors/filesystem.py", line 61, in poke
    hook = FSHook(self.fs_conn_id)
  File "/home/airflow/.local/lib/python3.8/site-packages/airflow/hooks/filesystem.py", line 38, in __init__
    conn = self.get_connection(conn_id)
  File "/home/airflow/.local/lib/python3.8/site-packages/airflow/hooks/base.py", line 72, in get_connection
    conn = Connection.get_connection_from_secrets(conn_id)
  File "/home/airflow/.local/lib/python3.8/site-packages/airflow/models/connection.py", line 477, in get_connection_from_secrets
    raise AirflowNotFoundException(f"The conn_id `{conn_id}` isn't defined")
airflow.exceptions.AirflowNotFoundException: The conn_id `fs_default` isn't defined
[2023-10-18T10:43:40.416+0000] {taskinstance.py:1400} INFO - Marking task as FAILED. dag_id=copy_tranform_to_mongo, task_id=waiting_for_data, execution_date=20210627T000000, start_date=20231018T104340, end_date=20231018T104340
[2023-10-18T10:43:40.430+0000] {standard_task_runner.py:104} ERROR - Failed to execute job 181 for task waiting_for_data (The conn_id `fs_default` isn't defined; 1761)
[2023-10-18T10:43:40.464+0000] {local_task_job_runner.py:228} INFO - Task exited with return code 1
[2023-10-18T10:43:40.540+0000] {taskinstance.py:2778} INFO - 0 downstream tasks scheduled from follow-on schedule check
[2023-10-18T11:44:04.030+0000] {taskinstance.py:1159} INFO - Dependencies all met for dep_context=non-requeueable deps ti=<TaskInstance: copy_tranform_to_mongo.waiting_for_data scheduled__2021-06-27T00:00:00+00:00 [queued]>
[2023-10-18T11:44:04.042+0000] {taskinstance.py:1159} INFO - Dependencies all met for dep_context=requeueable deps ti=<TaskInstance: copy_tranform_to_mongo.waiting_for_data scheduled__2021-06-27T00:00:00+00:00 [queued]>
[2023-10-18T11:44:04.043+0000] {taskinstance.py:1361} INFO - Starting attempt 1 of 1
[2023-10-18T11:44:04.057+0000] {taskinstance.py:1382} INFO - Executing <Task(FileSensor): waiting_for_data> on 2021-06-27 00:00:00+00:00
[2023-10-18T11:44:04.062+0000] {standard_task_runner.py:57} INFO - Started process 1182 to run task
[2023-10-18T11:44:04.065+0000] {standard_task_runner.py:84} INFO - Running: ['***', 'tasks', 'run', 'copy_tranform_to_mongo', 'waiting_for_data', 'scheduled__2021-06-27T00:00:00+00:00', '--job-id', '320', '--raw', '--subdir', 'DAGS_FOLDER/file_***-mongo.py', '--cfg-path', '/tmp/tmpcae9tm97']
[2023-10-18T11:44:04.066+0000] {standard_task_runner.py:85} INFO - Job 320: Subtask waiting_for_data
[2023-10-18T11:44:04.114+0000] {task_command.py:416} INFO - Running <TaskInstance: copy_tranform_to_mongo.waiting_for_data scheduled__2021-06-27T00:00:00+00:00 [running]> on host 0e68aa52dfc7
[2023-10-18T11:44:04.212+0000] {taskinstance.py:1662} INFO - Exporting env vars: AIRFLOW_CTX_DAG_OWNER='***' AIRFLOW_CTX_DAG_ID='copy_tranform_to_mongo' AIRFLOW_CTX_TASK_ID='waiting_for_data' AIRFLOW_CTX_EXECUTION_DATE='2021-06-27T00:00:00+00:00' AIRFLOW_CTX_TRY_NUMBER='1' AIRFLOW_CTX_DAG_RUN_ID='scheduled__2021-06-27T00:00:00+00:00'
[2023-10-18T11:44:04.223+0000] {base.py:73} INFO - Using connection ID 'fs_default' for task execution.
[2023-10-18T11:44:04.224+0000] {filesystem.py:64} INFO - Poking for file /opt/in/tiktok_google_play_reviews.csv
[2023-10-18T11:44:04.224+0000] {filesystem.py:69} INFO - Found File /opt/in/tiktok_google_play_reviews.csv last modified: 20220405221612
[2023-10-18T11:44:04.224+0000] {base.py:287} INFO - Success criteria met. Exiting.
[2023-10-18T11:44:04.242+0000] {taskinstance.py:1400} INFO - Marking task as SUCCESS. dag_id=copy_tranform_to_mongo, task_id=waiting_for_data, execution_date=20210627T000000, start_date=20231018T114404, end_date=20231018T114404
[2023-10-18T11:44:04.279+0000] {local_task_job_runner.py:228} INFO - Task exited with return code 0
[2023-10-18T11:44:04.339+0000] {taskinstance.py:2778} INFO - 0 downstream tasks scheduled from follow-on schedule check
