[2023-10-20T07:10:43.897+0000] {taskinstance.py:1159} INFO - Dependencies all met for dep_context=non-requeueable deps ti=<TaskInstance: copy_tranform_to_mongo.transform_data_by_pandas manual__2023-10-20T07:10:42.227612+00:00 [queued]>
[2023-10-20T07:10:43.904+0000] {taskinstance.py:1159} INFO - Dependencies all met for dep_context=requeueable deps ti=<TaskInstance: copy_tranform_to_mongo.transform_data_by_pandas manual__2023-10-20T07:10:42.227612+00:00 [queued]>
[2023-10-20T07:10:43.904+0000] {taskinstance.py:1361} INFO - Starting attempt 1 of 1
[2023-10-20T07:10:43.914+0000] {taskinstance.py:1382} INFO - Executing <Task(DockerOperator): transform_data_by_pandas> on 2023-10-20 07:10:42.227612+00:00
[2023-10-20T07:10:43.917+0000] {standard_task_runner.py:57} INFO - Started process 122 to run task
[2023-10-20T07:10:43.919+0000] {standard_task_runner.py:84} INFO - Running: ['***', 'tasks', 'run', 'copy_tranform_to_mongo', 'transform_data_by_pandas', 'manual__2023-10-20T07:10:42.227612+00:00', '--job-id', '6', '--raw', '--subdir', 'DAGS_FOLDER/file_***-mongo.py', '--cfg-path', '/tmp/tmpihqsr1lb']
[2023-10-20T07:10:43.920+0000] {standard_task_runner.py:85} INFO - Job 6: Subtask transform_data_by_pandas
[2023-10-20T07:10:43.947+0000] {task_command.py:416} INFO - Running <TaskInstance: copy_tranform_to_mongo.transform_data_by_pandas manual__2023-10-20T07:10:42.227612+00:00 [running]> on host 7490a4f46735
[2023-10-20T07:10:43.993+0000] {taskinstance.py:1662} INFO - Exporting env vars: AIRFLOW_CTX_DAG_OWNER='***' AIRFLOW_CTX_DAG_ID='copy_tranform_to_mongo' AIRFLOW_CTX_TASK_ID='transform_data_by_pandas' AIRFLOW_CTX_EXECUTION_DATE='2023-10-20T07:10:42.227612+00:00' AIRFLOW_CTX_TRY_NUMBER='1' AIRFLOW_CTX_DAG_RUN_ID='manual__2023-10-20T07:10:42.227612+00:00'
[2023-10-20T07:10:44.007+0000] {docker.py:337} INFO - Starting docker container from image python/pandas:1.0.0
[2023-10-20T07:10:44.497+0000] {docker.py:406} INFO - Input Notebook:  /opt/pandasapp/in_notebooks/tiktok_google_reviews.ipynb
Output Notebook: /opt/pandasapp/out_notebooks/tiktok_google_reviews.ipynb
[2023-10-20T07:10:44.534+0000] {docker.py:406} INFO - Executing:   0%|          | 0/27 [00:00<?, ?cell/s]
[2023-10-20T07:10:45.359+0000] {docker.py:406} INFO - Executing notebook with kernel: python3
[2023-10-20T07:10:45.365+0000] {docker.py:406} INFO - Executing:   4%|▎         | 1/27 [00:00<00:21,  1.20cell/s]
[2023-10-20T07:10:46.017+0000] {docker.py:406} INFO - Executing:  15%|█▍        | 4/27 [00:01<00:07,  3.00cell/s]
[2023-10-20T07:10:47.855+0000] {docker.py:406} INFO - Executing:  22%|██▏       | 6/27 [00:03<00:12,  1.70cell/s]
[2023-10-20T07:10:48.026+0000] {docker.py:406} INFO - Executing:  44%|████▍     | 12/27 [00:03<00:03,  4.47cell/s]
[2023-10-20T07:10:48.254+0000] {docker.py:406} INFO - Executing:  59%|█████▉    | 16/27 [00:03<00:01,  6.25cell/s]
[2023-10-20T07:10:48.803+0000] {docker.py:406} INFO - Executing:  67%|██████▋   | 18/27 [00:04<00:01,  5.42cell/s]
[2023-10-20T07:10:49.141+0000] {docker.py:406} INFO - Executing:  74%|███████▍  | 20/27 [00:04<00:01,  5.53cell/s]
[2023-10-20T07:10:49.274+0000] {docker.py:406} INFO - Executing:  78%|███████▊  | 21/27 [00:04<00:01,  5.74cell/s]
[2023-10-20T07:10:49.485+0000] {docker.py:406} INFO - Executing:  81%|████████▏ | 22/27 [00:04<00:00,  5.55cell/s]
[2023-10-20T07:10:49.622+0000] {docker.py:406} INFO - Executing:  85%|████████▌ | 23/27 [00:05<00:00,  5.82cell/s]
[2023-10-20T07:10:50.357+0000] {docker.py:406} INFO - Executing:  96%|█████████▋| 26/27 [00:05<00:00,  4.87cell/s]
[2023-10-20T07:10:50.828+0000] {docker.py:406} INFO - Executing: 100%|██████████| 27/27 [00:06<00:00,  4.29cell/s]
[2023-10-20T07:10:51.134+0000] {taskinstance.py:1400} INFO - Marking task as SUCCESS. dag_id=copy_tranform_to_mongo, task_id=transform_data_by_pandas, execution_date=20231020T071042, start_date=20231020T071043, end_date=20231020T071051
[2023-10-20T07:10:51.183+0000] {local_task_job_runner.py:228} INFO - Task exited with return code 0
[2023-10-20T07:10:51.214+0000] {taskinstance.py:2778} INFO - 1 downstream tasks scheduled from follow-on schedule check
