[2023-10-17T11:24:13.526+0000] {taskinstance.py:1159} INFO - Dependencies all met for dep_context=non-requeueable deps ti=<TaskInstance: copy_tranform_to_mongo.waiting_for_data scheduled__2022-10-26T00:00:00+00:00 [queued]>
[2023-10-17T11:24:13.533+0000] {taskinstance.py:1159} INFO - Dependencies all met for dep_context=requeueable deps ti=<TaskInstance: copy_tranform_to_mongo.waiting_for_data scheduled__2022-10-26T00:00:00+00:00 [queued]>
[2023-10-17T11:24:13.533+0000] {taskinstance.py:1361} INFO - Starting attempt 1 of 1
[2023-10-17T11:24:13.544+0000] {taskinstance.py:1382} INFO - Executing <Task(FileSensor): waiting_for_data> on 2022-10-26 00:00:00+00:00
[2023-10-17T11:24:13.551+0000] {standard_task_runner.py:57} INFO - Started process 1831 to run task
[2023-10-17T11:24:13.554+0000] {standard_task_runner.py:84} INFO - Running: ['***', 'tasks', 'run', 'copy_tranform_to_mongo', 'waiting_for_data', 'scheduled__2022-10-26T00:00:00+00:00', '--job-id', '668', '--raw', '--subdir', 'DAGS_FOLDER/file_***-mongo.py', '--cfg-path', '/tmp/tmp1ilglqm_']
[2023-10-17T11:24:13.555+0000] {standard_task_runner.py:85} INFO - Job 668: Subtask waiting_for_data
[2023-10-17T11:24:13.593+0000] {task_command.py:416} INFO - Running <TaskInstance: copy_tranform_to_mongo.waiting_for_data scheduled__2022-10-26T00:00:00+00:00 [running]> on host 238c1d4ff767
[2023-10-17T11:24:13.658+0000] {taskinstance.py:1662} INFO - Exporting env vars: AIRFLOW_CTX_DAG_OWNER='***' AIRFLOW_CTX_DAG_ID='copy_tranform_to_mongo' AIRFLOW_CTX_TASK_ID='waiting_for_data' AIRFLOW_CTX_EXECUTION_DATE='2022-10-26T00:00:00+00:00' AIRFLOW_CTX_TRY_NUMBER='1' AIRFLOW_CTX_DAG_RUN_ID='scheduled__2022-10-26T00:00:00+00:00'
[2023-10-17T11:24:13.665+0000] {base.py:73} INFO - Using connection ID 'fs_default' for task execution.
[2023-10-17T11:24:13.666+0000] {filesystem.py:64} INFO - Poking for file /opt/in/tiktok_google_play_reviews.csv
[2023-10-17T11:24:13.666+0000] {filesystem.py:69} INFO - Found File /opt/in/tiktok_google_play_reviews.csv last modified: 20220405221612
[2023-10-17T11:24:13.666+0000] {base.py:287} INFO - Success criteria met. Exiting.
[2023-10-17T11:24:13.673+0000] {taskinstance.py:1400} INFO - Marking task as SUCCESS. dag_id=copy_tranform_to_mongo, task_id=waiting_for_data, execution_date=20221026T000000, start_date=20231017T112413, end_date=20231017T112413
[2023-10-17T11:24:13.726+0000] {local_task_job_runner.py:228} INFO - Task exited with return code 0
[2023-10-17T11:24:13.745+0000] {taskinstance.py:2778} INFO - 0 downstream tasks scheduled from follow-on schedule check
[2023-10-18T11:48:57.152+0000] {taskinstance.py:1159} INFO - Dependencies all met for dep_context=non-requeueable deps ti=<TaskInstance: copy_tranform_to_mongo.waiting_for_data scheduled__2022-10-26T00:00:00+00:00 [queued]>
[2023-10-18T11:48:57.165+0000] {taskinstance.py:1159} INFO - Dependencies all met for dep_context=requeueable deps ti=<TaskInstance: copy_tranform_to_mongo.waiting_for_data scheduled__2022-10-26T00:00:00+00:00 [queued]>
[2023-10-18T11:48:57.165+0000] {taskinstance.py:1361} INFO - Starting attempt 1 of 1
[2023-10-18T11:48:57.179+0000] {taskinstance.py:1382} INFO - Executing <Task(FileSensor): waiting_for_data> on 2022-10-26 00:00:00+00:00
[2023-10-18T11:48:57.186+0000] {standard_task_runner.py:57} INFO - Started process 3190 to run task
[2023-10-18T11:48:57.193+0000] {standard_task_runner.py:84} INFO - Running: ['***', 'tasks', 'run', 'copy_tranform_to_mongo', 'waiting_for_data', 'scheduled__2022-10-26T00:00:00+00:00', '--job-id', '1288', '--raw', '--subdir', 'DAGS_FOLDER/file_***-mongo.py', '--cfg-path', '/tmp/tmpfvevhqdi']
[2023-10-18T11:48:57.194+0000] {standard_task_runner.py:85} INFO - Job 1288: Subtask waiting_for_data
[2023-10-18T11:48:57.256+0000] {task_command.py:416} INFO - Running <TaskInstance: copy_tranform_to_mongo.waiting_for_data scheduled__2022-10-26T00:00:00+00:00 [running]> on host 0e68aa52dfc7
[2023-10-18T11:48:57.347+0000] {taskinstance.py:1662} INFO - Exporting env vars: AIRFLOW_CTX_DAG_OWNER='***' AIRFLOW_CTX_DAG_ID='copy_tranform_to_mongo' AIRFLOW_CTX_TASK_ID='waiting_for_data' AIRFLOW_CTX_EXECUTION_DATE='2022-10-26T00:00:00+00:00' AIRFLOW_CTX_TRY_NUMBER='1' AIRFLOW_CTX_DAG_RUN_ID='scheduled__2022-10-26T00:00:00+00:00'
[2023-10-18T11:48:57.362+0000] {base.py:73} INFO - Using connection ID 'fs_default' for task execution.
[2023-10-18T11:48:57.363+0000] {filesystem.py:64} INFO - Poking for file /opt/in/tiktok_google_play_reviews.csv
[2023-10-18T11:48:57.363+0000] {filesystem.py:69} INFO - Found File /opt/in/tiktok_google_play_reviews.csv last modified: 20220405221612
[2023-10-18T11:48:57.364+0000] {base.py:287} INFO - Success criteria met. Exiting.
[2023-10-18T11:48:57.377+0000] {taskinstance.py:1400} INFO - Marking task as SUCCESS. dag_id=copy_tranform_to_mongo, task_id=waiting_for_data, execution_date=20221026T000000, start_date=20231018T114857, end_date=20231018T114857
[2023-10-18T11:48:57.405+0000] {local_task_job_runner.py:228} INFO - Task exited with return code 0
[2023-10-18T11:48:57.449+0000] {taskinstance.py:2778} INFO - 1 downstream tasks scheduled from follow-on schedule check
