[2023-10-17T11:27:23.794+0000] {taskinstance.py:1159} INFO - Dependencies all met for dep_context=non-requeueable deps ti=<TaskInstance: copy_tranform_to_mongo.waiting_for_data scheduled__2023-09-23T00:00:00+00:00 [queued]>
[2023-10-17T11:27:23.799+0000] {taskinstance.py:1159} INFO - Dependencies all met for dep_context=requeueable deps ti=<TaskInstance: copy_tranform_to_mongo.waiting_for_data scheduled__2023-09-23T00:00:00+00:00 [queued]>
[2023-10-17T11:27:23.799+0000] {taskinstance.py:1361} INFO - Starting attempt 1 of 1
[2023-10-17T11:27:23.810+0000] {taskinstance.py:1382} INFO - Executing <Task(FileSensor): waiting_for_data> on 2023-09-23 00:00:00+00:00
[2023-10-17T11:27:23.815+0000] {standard_task_runner.py:57} INFO - Started process 2542 to run task
[2023-10-17T11:27:23.817+0000] {standard_task_runner.py:84} INFO - Running: ['***', 'tasks', 'run', 'copy_tranform_to_mongo', 'waiting_for_data', 'scheduled__2023-09-23T00:00:00+00:00', '--job-id', '1000', '--raw', '--subdir', 'DAGS_FOLDER/file_***-mongo.py', '--cfg-path', '/tmp/tmpjp9srzha']
[2023-10-17T11:27:23.818+0000] {standard_task_runner.py:85} INFO - Job 1000: Subtask waiting_for_data
[2023-10-17T11:27:23.853+0000] {task_command.py:416} INFO - Running <TaskInstance: copy_tranform_to_mongo.waiting_for_data scheduled__2023-09-23T00:00:00+00:00 [running]> on host 238c1d4ff767
[2023-10-17T11:27:23.907+0000] {taskinstance.py:1662} INFO - Exporting env vars: AIRFLOW_CTX_DAG_OWNER='***' AIRFLOW_CTX_DAG_ID='copy_tranform_to_mongo' AIRFLOW_CTX_TASK_ID='waiting_for_data' AIRFLOW_CTX_EXECUTION_DATE='2023-09-23T00:00:00+00:00' AIRFLOW_CTX_TRY_NUMBER='1' AIRFLOW_CTX_DAG_RUN_ID='scheduled__2023-09-23T00:00:00+00:00'
[2023-10-17T11:27:23.913+0000] {base.py:73} INFO - Using connection ID 'fs_default' for task execution.
[2023-10-17T11:27:23.913+0000] {filesystem.py:64} INFO - Poking for file /opt/in/tiktok_google_play_reviews.csv
[2023-10-17T11:27:23.914+0000] {filesystem.py:69} INFO - Found File /opt/in/tiktok_google_play_reviews.csv last modified: 20220405221612
[2023-10-17T11:27:23.914+0000] {base.py:287} INFO - Success criteria met. Exiting.
[2023-10-17T11:27:23.920+0000] {taskinstance.py:1400} INFO - Marking task as SUCCESS. dag_id=copy_tranform_to_mongo, task_id=waiting_for_data, execution_date=20230923T000000, start_date=20231017T112723, end_date=20231017T112723
[2023-10-17T11:27:23.949+0000] {local_task_job_runner.py:228} INFO - Task exited with return code 0
[2023-10-17T11:27:23.972+0000] {taskinstance.py:2778} INFO - 0 downstream tasks scheduled from follow-on schedule check
[2023-10-18T11:52:36.076+0000] {taskinstance.py:1159} INFO - Dependencies all met for dep_context=non-requeueable deps ti=<TaskInstance: copy_tranform_to_mongo.waiting_for_data scheduled__2023-09-23T00:00:00+00:00 [queued]>
[2023-10-18T11:52:36.086+0000] {taskinstance.py:1159} INFO - Dependencies all met for dep_context=requeueable deps ti=<TaskInstance: copy_tranform_to_mongo.waiting_for_data scheduled__2023-09-23T00:00:00+00:00 [queued]>
[2023-10-18T11:52:36.087+0000] {taskinstance.py:1361} INFO - Starting attempt 1 of 1
[2023-10-18T11:52:36.099+0000] {taskinstance.py:1382} INFO - Executing <Task(FileSensor): waiting_for_data> on 2023-09-23 00:00:00+00:00
[2023-10-18T11:52:36.106+0000] {standard_task_runner.py:57} INFO - Started process 4577 to run task
[2023-10-18T11:52:36.110+0000] {standard_task_runner.py:84} INFO - Running: ['***', 'tasks', 'run', 'copy_tranform_to_mongo', 'waiting_for_data', 'scheduled__2023-09-23T00:00:00+00:00', '--job-id', '1953', '--raw', '--subdir', 'DAGS_FOLDER/file_***-mongo.py', '--cfg-path', '/tmp/tmpyi6317lv']
[2023-10-18T11:52:36.111+0000] {standard_task_runner.py:85} INFO - Job 1953: Subtask waiting_for_data
[2023-10-18T11:52:36.172+0000] {task_command.py:416} INFO - Running <TaskInstance: copy_tranform_to_mongo.waiting_for_data scheduled__2023-09-23T00:00:00+00:00 [running]> on host 0e68aa52dfc7
[2023-10-18T11:52:36.272+0000] {taskinstance.py:1662} INFO - Exporting env vars: AIRFLOW_CTX_DAG_OWNER='***' AIRFLOW_CTX_DAG_ID='copy_tranform_to_mongo' AIRFLOW_CTX_TASK_ID='waiting_for_data' AIRFLOW_CTX_EXECUTION_DATE='2023-09-23T00:00:00+00:00' AIRFLOW_CTX_TRY_NUMBER='1' AIRFLOW_CTX_DAG_RUN_ID='scheduled__2023-09-23T00:00:00+00:00'
[2023-10-18T11:52:36.287+0000] {base.py:73} INFO - Using connection ID 'fs_default' for task execution.
[2023-10-18T11:52:36.288+0000] {filesystem.py:64} INFO - Poking for file /opt/in/tiktok_google_play_reviews.csv
[2023-10-18T11:52:36.288+0000] {filesystem.py:69} INFO - Found File /opt/in/tiktok_google_play_reviews.csv last modified: 20220405221612
[2023-10-18T11:52:36.288+0000] {base.py:287} INFO - Success criteria met. Exiting.
[2023-10-18T11:52:36.301+0000] {taskinstance.py:1400} INFO - Marking task as SUCCESS. dag_id=copy_tranform_to_mongo, task_id=waiting_for_data, execution_date=20230923T000000, start_date=20231018T115236, end_date=20231018T115236
[2023-10-18T11:52:36.329+0000] {local_task_job_runner.py:228} INFO - Task exited with return code 0
[2023-10-18T11:52:36.368+0000] {taskinstance.py:2778} INFO - 1 downstream tasks scheduled from follow-on schedule check
