[2023-10-17T11:20:21.415+0000] {taskinstance.py:1159} INFO - Dependencies all met for dep_context=non-requeueable deps ti=<TaskInstance: copy_tranform_to_mongo.waiting_for_data scheduled__2021-09-01T00:00:00+00:00 [queued]>
[2023-10-17T11:20:21.425+0000] {taskinstance.py:1159} INFO - Dependencies all met for dep_context=requeueable deps ti=<TaskInstance: copy_tranform_to_mongo.waiting_for_data scheduled__2021-09-01T00:00:00+00:00 [queued]>
[2023-10-17T11:20:21.425+0000] {taskinstance.py:1361} INFO - Starting attempt 1 of 1
[2023-10-17T11:20:21.477+0000] {taskinstance.py:1382} INFO - Executing <Task(FileSensor): waiting_for_data> on 2021-09-01 00:00:00+00:00
[2023-10-17T11:20:21.486+0000] {standard_task_runner.py:57} INFO - Started process 937 to run task
[2023-10-17T11:20:21.488+0000] {standard_task_runner.py:84} INFO - Running: ['***', 'tasks', 'run', 'copy_tranform_to_mongo', 'waiting_for_data', 'scheduled__2021-09-01T00:00:00+00:00', '--job-id', '248', '--raw', '--subdir', 'DAGS_FOLDER/file_***-mongo.py', '--cfg-path', '/tmp/tmpdh3mrsnh']
[2023-10-17T11:20:21.489+0000] {standard_task_runner.py:85} INFO - Job 248: Subtask waiting_for_data
[2023-10-17T11:20:21.540+0000] {task_command.py:416} INFO - Running <TaskInstance: copy_tranform_to_mongo.waiting_for_data scheduled__2021-09-01T00:00:00+00:00 [running]> on host 238c1d4ff767
[2023-10-17T11:20:21.621+0000] {taskinstance.py:1662} INFO - Exporting env vars: AIRFLOW_CTX_DAG_OWNER='***' AIRFLOW_CTX_DAG_ID='copy_tranform_to_mongo' AIRFLOW_CTX_TASK_ID='waiting_for_data' AIRFLOW_CTX_EXECUTION_DATE='2021-09-01T00:00:00+00:00' AIRFLOW_CTX_TRY_NUMBER='1' AIRFLOW_CTX_DAG_RUN_ID='scheduled__2021-09-01T00:00:00+00:00'
[2023-10-17T11:20:21.630+0000] {base.py:73} INFO - Using connection ID 'fs_default' for task execution.
[2023-10-17T11:20:21.630+0000] {filesystem.py:64} INFO - Poking for file /opt/in/tiktok_google_play_reviews.csv
[2023-10-17T11:20:21.630+0000] {filesystem.py:69} INFO - Found File /opt/in/tiktok_google_play_reviews.csv last modified: 20220405221612
[2023-10-17T11:20:21.630+0000] {base.py:287} INFO - Success criteria met. Exiting.
[2023-10-17T11:20:21.637+0000] {taskinstance.py:1400} INFO - Marking task as SUCCESS. dag_id=copy_tranform_to_mongo, task_id=waiting_for_data, execution_date=20210901T000000, start_date=20231017T112021, end_date=20231017T112021
[2023-10-17T11:20:21.662+0000] {local_task_job_runner.py:228} INFO - Task exited with return code 0
[2023-10-17T11:20:21.678+0000] {taskinstance.py:2778} INFO - 0 downstream tasks scheduled from follow-on schedule check
[2023-10-18T10:48:07.722+0000] {taskinstance.py:1159} INFO - Dependencies all met for dep_context=non-requeueable deps ti=<TaskInstance: copy_tranform_to_mongo.waiting_for_data scheduled__2021-09-01T00:00:00+00:00 [queued]>
[2023-10-18T10:48:07.733+0000] {taskinstance.py:1159} INFO - Dependencies all met for dep_context=requeueable deps ti=<TaskInstance: copy_tranform_to_mongo.waiting_for_data scheduled__2021-09-01T00:00:00+00:00 [queued]>
[2023-10-18T10:48:07.733+0000] {taskinstance.py:1361} INFO - Starting attempt 1 of 1
[2023-10-18T10:48:07.753+0000] {taskinstance.py:1382} INFO - Executing <Task(FileSensor): waiting_for_data> on 2021-09-01 00:00:00+00:00
[2023-10-18T10:48:07.760+0000] {standard_task_runner.py:57} INFO - Started process 2046 to run task
[2023-10-18T10:48:07.762+0000] {standard_task_runner.py:84} INFO - Running: ['***', 'tasks', 'run', 'copy_tranform_to_mongo', 'waiting_for_data', 'scheduled__2021-09-01T00:00:00+00:00', '--job-id', '287', '--raw', '--subdir', 'DAGS_FOLDER/file_***-mongo.py', '--cfg-path', '/tmp/tmpzkdpzdkd']
[2023-10-18T10:48:07.764+0000] {standard_task_runner.py:85} INFO - Job 287: Subtask waiting_for_data
[2023-10-18T10:48:07.819+0000] {task_command.py:416} INFO - Running <TaskInstance: copy_tranform_to_mongo.waiting_for_data scheduled__2021-09-01T00:00:00+00:00 [running]> on host 2473b23ba069
[2023-10-18T10:48:07.899+0000] {taskinstance.py:1662} INFO - Exporting env vars: AIRFLOW_CTX_DAG_OWNER='***' AIRFLOW_CTX_DAG_ID='copy_tranform_to_mongo' AIRFLOW_CTX_TASK_ID='waiting_for_data' AIRFLOW_CTX_EXECUTION_DATE='2021-09-01T00:00:00+00:00' AIRFLOW_CTX_TRY_NUMBER='1' AIRFLOW_CTX_DAG_RUN_ID='scheduled__2021-09-01T00:00:00+00:00'
[2023-10-18T10:48:07.911+0000] {base.py:73} INFO - Using connection ID 'fs_default' for task execution.
[2023-10-18T10:48:07.914+0000] {filesystem.py:64} INFO - Poking for file /opt/in/tiktok_google_play_reviews.csv
[2023-10-18T10:48:07.915+0000] {filesystem.py:69} INFO - Found File /opt/in/tiktok_google_play_reviews.csv last modified: 20220405221612
[2023-10-18T10:48:07.915+0000] {base.py:287} INFO - Success criteria met. Exiting.
[2023-10-18T10:48:07.927+0000] {taskinstance.py:1400} INFO - Marking task as SUCCESS. dag_id=copy_tranform_to_mongo, task_id=waiting_for_data, execution_date=20210901T000000, start_date=20231018T104807, end_date=20231018T104807
[2023-10-18T10:48:07.977+0000] {local_task_job_runner.py:228} INFO - Task exited with return code 0
[2023-10-18T10:48:08.018+0000] {taskinstance.py:2778} INFO - 1 downstream tasks scheduled from follow-on schedule check
[2023-10-18T11:44:40.534+0000] {taskinstance.py:1159} INFO - Dependencies all met for dep_context=non-requeueable deps ti=<TaskInstance: copy_tranform_to_mongo.waiting_for_data scheduled__2021-09-01T00:00:00+00:00 [queued]>
[2023-10-18T11:44:40.544+0000] {taskinstance.py:1159} INFO - Dependencies all met for dep_context=requeueable deps ti=<TaskInstance: copy_tranform_to_mongo.waiting_for_data scheduled__2021-09-01T00:00:00+00:00 [queued]>
[2023-10-18T11:44:40.545+0000] {taskinstance.py:1361} INFO - Starting attempt 1 of 1
[2023-10-18T11:44:40.557+0000] {taskinstance.py:1382} INFO - Executing <Task(FileSensor): waiting_for_data> on 2021-09-01 00:00:00+00:00
[2023-10-18T11:44:40.566+0000] {standard_task_runner.py:57} INFO - Started process 1444 to run task
[2023-10-18T11:44:40.569+0000] {standard_task_runner.py:84} INFO - Running: ['***', 'tasks', 'run', 'copy_tranform_to_mongo', 'waiting_for_data', 'scheduled__2021-09-01T00:00:00+00:00', '--job-id', '447', '--raw', '--subdir', 'DAGS_FOLDER/file_***-mongo.py', '--cfg-path', '/tmp/tmpufsregn9']
[2023-10-18T11:44:40.571+0000] {standard_task_runner.py:85} INFO - Job 447: Subtask waiting_for_data
[2023-10-18T11:44:40.630+0000] {task_command.py:416} INFO - Running <TaskInstance: copy_tranform_to_mongo.waiting_for_data scheduled__2021-09-01T00:00:00+00:00 [running]> on host 0e68aa52dfc7
[2023-10-18T11:44:40.715+0000] {taskinstance.py:1662} INFO - Exporting env vars: AIRFLOW_CTX_DAG_OWNER='***' AIRFLOW_CTX_DAG_ID='copy_tranform_to_mongo' AIRFLOW_CTX_TASK_ID='waiting_for_data' AIRFLOW_CTX_EXECUTION_DATE='2021-09-01T00:00:00+00:00' AIRFLOW_CTX_TRY_NUMBER='1' AIRFLOW_CTX_DAG_RUN_ID='scheduled__2021-09-01T00:00:00+00:00'
[2023-10-18T11:44:40.724+0000] {base.py:73} INFO - Using connection ID 'fs_default' for task execution.
[2023-10-18T11:44:40.725+0000] {filesystem.py:64} INFO - Poking for file /opt/in/tiktok_google_play_reviews.csv
[2023-10-18T11:44:40.725+0000] {filesystem.py:69} INFO - Found File /opt/in/tiktok_google_play_reviews.csv last modified: 20220405221612
[2023-10-18T11:44:40.725+0000] {base.py:287} INFO - Success criteria met. Exiting.
[2023-10-18T11:44:40.739+0000] {taskinstance.py:1400} INFO - Marking task as SUCCESS. dag_id=copy_tranform_to_mongo, task_id=waiting_for_data, execution_date=20210901T000000, start_date=20231018T114440, end_date=20231018T114440
[2023-10-18T11:44:40.783+0000] {local_task_job_runner.py:228} INFO - Task exited with return code 0
[2023-10-18T11:44:40.815+0000] {taskinstance.py:2778} INFO - 1 downstream tasks scheduled from follow-on schedule check
