[2023-10-17T11:24:49.517+0000] {taskinstance.py:1159} INFO - Dependencies all met for dep_context=non-requeueable deps ti=<TaskInstance: copy_tranform_to_mongo.waiting_for_data scheduled__2022-12-23T00:00:00+00:00 [queued]>
[2023-10-17T11:24:49.524+0000] {taskinstance.py:1159} INFO - Dependencies all met for dep_context=requeueable deps ti=<TaskInstance: copy_tranform_to_mongo.waiting_for_data scheduled__2022-12-23T00:00:00+00:00 [queued]>
[2023-10-17T11:24:49.524+0000] {taskinstance.py:1361} INFO - Starting attempt 1 of 1
[2023-10-17T11:24:49.531+0000] {taskinstance.py:1382} INFO - Executing <Task(FileSensor): waiting_for_data> on 2022-12-23 00:00:00+00:00
[2023-10-17T11:24:49.536+0000] {standard_task_runner.py:57} INFO - Started process 1954 to run task
[2023-10-17T11:24:49.538+0000] {standard_task_runner.py:84} INFO - Running: ['***', 'tasks', 'run', 'copy_tranform_to_mongo', 'waiting_for_data', 'scheduled__2022-12-23T00:00:00+00:00', '--job-id', '726', '--raw', '--subdir', 'DAGS_FOLDER/file_***-mongo.py', '--cfg-path', '/tmp/tmpg9gmf2l1']
[2023-10-17T11:24:49.538+0000] {standard_task_runner.py:85} INFO - Job 726: Subtask waiting_for_data
[2023-10-17T11:24:49.569+0000] {task_command.py:416} INFO - Running <TaskInstance: copy_tranform_to_mongo.waiting_for_data scheduled__2022-12-23T00:00:00+00:00 [running]> on host 238c1d4ff767
[2023-10-17T11:24:49.621+0000] {taskinstance.py:1662} INFO - Exporting env vars: AIRFLOW_CTX_DAG_OWNER='***' AIRFLOW_CTX_DAG_ID='copy_tranform_to_mongo' AIRFLOW_CTX_TASK_ID='waiting_for_data' AIRFLOW_CTX_EXECUTION_DATE='2022-12-23T00:00:00+00:00' AIRFLOW_CTX_TRY_NUMBER='1' AIRFLOW_CTX_DAG_RUN_ID='scheduled__2022-12-23T00:00:00+00:00'
[2023-10-17T11:24:49.628+0000] {base.py:73} INFO - Using connection ID 'fs_default' for task execution.
[2023-10-17T11:24:49.628+0000] {filesystem.py:64} INFO - Poking for file /opt/in/tiktok_google_play_reviews.csv
[2023-10-17T11:24:49.628+0000] {filesystem.py:69} INFO - Found File /opt/in/tiktok_google_play_reviews.csv last modified: 20220405221612
[2023-10-17T11:24:49.628+0000] {base.py:287} INFO - Success criteria met. Exiting.
[2023-10-17T11:24:49.634+0000] {taskinstance.py:1400} INFO - Marking task as SUCCESS. dag_id=copy_tranform_to_mongo, task_id=waiting_for_data, execution_date=20221223T000000, start_date=20231017T112449, end_date=20231017T112449
[2023-10-17T11:24:49.670+0000] {local_task_job_runner.py:228} INFO - Task exited with return code 0
[2023-10-17T11:24:49.697+0000] {taskinstance.py:2778} INFO - 0 downstream tasks scheduled from follow-on schedule check
[2023-10-18T11:49:56.330+0000] {taskinstance.py:1159} INFO - Dependencies all met for dep_context=non-requeueable deps ti=<TaskInstance: copy_tranform_to_mongo.waiting_for_data scheduled__2022-12-23T00:00:00+00:00 [queued]>
[2023-10-18T11:49:56.340+0000] {taskinstance.py:1159} INFO - Dependencies all met for dep_context=requeueable deps ti=<TaskInstance: copy_tranform_to_mongo.waiting_for_data scheduled__2022-12-23T00:00:00+00:00 [queued]>
[2023-10-18T11:49:56.341+0000] {taskinstance.py:1361} INFO - Starting attempt 1 of 1
[2023-10-18T11:49:56.355+0000] {taskinstance.py:1382} INFO - Executing <Task(FileSensor): waiting_for_data> on 2022-12-23 00:00:00+00:00
[2023-10-18T11:49:56.364+0000] {standard_task_runner.py:57} INFO - Started process 3447 to run task
[2023-10-18T11:49:56.368+0000] {standard_task_runner.py:84} INFO - Running: ['***', 'tasks', 'run', 'copy_tranform_to_mongo', 'waiting_for_data', 'scheduled__2022-12-23T00:00:00+00:00', '--job-id', '1408', '--raw', '--subdir', 'DAGS_FOLDER/file_***-mongo.py', '--cfg-path', '/tmp/tmp17jn5o39']
[2023-10-18T11:49:56.369+0000] {standard_task_runner.py:85} INFO - Job 1408: Subtask waiting_for_data
[2023-10-18T11:49:56.442+0000] {task_command.py:416} INFO - Running <TaskInstance: copy_tranform_to_mongo.waiting_for_data scheduled__2022-12-23T00:00:00+00:00 [running]> on host 0e68aa52dfc7
[2023-10-18T11:49:56.587+0000] {taskinstance.py:1662} INFO - Exporting env vars: AIRFLOW_CTX_DAG_OWNER='***' AIRFLOW_CTX_DAG_ID='copy_tranform_to_mongo' AIRFLOW_CTX_TASK_ID='waiting_for_data' AIRFLOW_CTX_EXECUTION_DATE='2022-12-23T00:00:00+00:00' AIRFLOW_CTX_TRY_NUMBER='1' AIRFLOW_CTX_DAG_RUN_ID='scheduled__2022-12-23T00:00:00+00:00'
[2023-10-18T11:49:56.596+0000] {base.py:73} INFO - Using connection ID 'fs_default' for task execution.
[2023-10-18T11:49:56.597+0000] {filesystem.py:64} INFO - Poking for file /opt/in/tiktok_google_play_reviews.csv
[2023-10-18T11:49:56.598+0000] {filesystem.py:69} INFO - Found File /opt/in/tiktok_google_play_reviews.csv last modified: 20220405221612
[2023-10-18T11:49:56.598+0000] {base.py:287} INFO - Success criteria met. Exiting.
[2023-10-18T11:49:56.608+0000] {taskinstance.py:1400} INFO - Marking task as SUCCESS. dag_id=copy_tranform_to_mongo, task_id=waiting_for_data, execution_date=20221223T000000, start_date=20231018T114956, end_date=20231018T114956
[2023-10-18T11:49:56.663+0000] {local_task_job_runner.py:228} INFO - Task exited with return code 0
[2023-10-18T11:49:56.684+0000] {taskinstance.py:2778} INFO - 0 downstream tasks scheduled from follow-on schedule check
