[2023-10-17T11:27:09.103+0000] {taskinstance.py:1159} INFO - Dependencies all met for dep_context=non-requeueable deps ti=<TaskInstance: copy_tranform_to_mongo.waiting_for_data scheduled__2023-08-26T00:00:00+00:00 [queued]>
[2023-10-17T11:27:09.112+0000] {taskinstance.py:1159} INFO - Dependencies all met for dep_context=requeueable deps ti=<TaskInstance: copy_tranform_to_mongo.waiting_for_data scheduled__2023-08-26T00:00:00+00:00 [queued]>
[2023-10-17T11:27:09.112+0000] {taskinstance.py:1361} INFO - Starting attempt 1 of 1
[2023-10-17T11:27:09.123+0000] {taskinstance.py:1382} INFO - Executing <Task(FileSensor): waiting_for_data> on 2023-08-26 00:00:00+00:00
[2023-10-17T11:27:09.129+0000] {standard_task_runner.py:57} INFO - Started process 2478 to run task
[2023-10-17T11:27:09.131+0000] {standard_task_runner.py:84} INFO - Running: ['***', 'tasks', 'run', 'copy_tranform_to_mongo', 'waiting_for_data', 'scheduled__2023-08-26T00:00:00+00:00', '--job-id', '972', '--raw', '--subdir', 'DAGS_FOLDER/file_***-mongo.py', '--cfg-path', '/tmp/tmpvg0s79li']
[2023-10-17T11:27:09.132+0000] {standard_task_runner.py:85} INFO - Job 972: Subtask waiting_for_data
[2023-10-17T11:27:09.171+0000] {task_command.py:416} INFO - Running <TaskInstance: copy_tranform_to_mongo.waiting_for_data scheduled__2023-08-26T00:00:00+00:00 [running]> on host 238c1d4ff767
[2023-10-17T11:27:09.253+0000] {taskinstance.py:1662} INFO - Exporting env vars: AIRFLOW_CTX_DAG_OWNER='***' AIRFLOW_CTX_DAG_ID='copy_tranform_to_mongo' AIRFLOW_CTX_TASK_ID='waiting_for_data' AIRFLOW_CTX_EXECUTION_DATE='2023-08-26T00:00:00+00:00' AIRFLOW_CTX_TRY_NUMBER='1' AIRFLOW_CTX_DAG_RUN_ID='scheduled__2023-08-26T00:00:00+00:00'
[2023-10-17T11:27:09.259+0000] {base.py:73} INFO - Using connection ID 'fs_default' for task execution.
[2023-10-17T11:27:09.259+0000] {filesystem.py:64} INFO - Poking for file /opt/in/tiktok_google_play_reviews.csv
[2023-10-17T11:27:09.259+0000] {filesystem.py:69} INFO - Found File /opt/in/tiktok_google_play_reviews.csv last modified: 20220405221612
[2023-10-17T11:27:09.259+0000] {base.py:287} INFO - Success criteria met. Exiting.
[2023-10-17T11:27:09.265+0000] {taskinstance.py:1400} INFO - Marking task as SUCCESS. dag_id=copy_tranform_to_mongo, task_id=waiting_for_data, execution_date=20230826T000000, start_date=20231017T112709, end_date=20231017T112709
[2023-10-17T11:27:09.303+0000] {local_task_job_runner.py:228} INFO - Task exited with return code 0
[2023-10-17T11:27:09.328+0000] {taskinstance.py:2778} INFO - 0 downstream tasks scheduled from follow-on schedule check
[2023-10-18T11:52:20.704+0000] {taskinstance.py:1159} INFO - Dependencies all met for dep_context=non-requeueable deps ti=<TaskInstance: copy_tranform_to_mongo.waiting_for_data scheduled__2023-08-26T00:00:00+00:00 [queued]>
[2023-10-18T11:52:20.719+0000] {taskinstance.py:1159} INFO - Dependencies all met for dep_context=requeueable deps ti=<TaskInstance: copy_tranform_to_mongo.waiting_for_data scheduled__2023-08-26T00:00:00+00:00 [queued]>
[2023-10-18T11:52:20.719+0000] {taskinstance.py:1361} INFO - Starting attempt 1 of 1
[2023-10-18T11:52:20.737+0000] {taskinstance.py:1382} INFO - Executing <Task(FileSensor): waiting_for_data> on 2023-08-26 00:00:00+00:00
[2023-10-18T11:52:20.745+0000] {standard_task_runner.py:57} INFO - Started process 4454 to run task
[2023-10-18T11:52:20.749+0000] {standard_task_runner.py:84} INFO - Running: ['***', 'tasks', 'run', 'copy_tranform_to_mongo', 'waiting_for_data', 'scheduled__2023-08-26T00:00:00+00:00', '--job-id', '1896', '--raw', '--subdir', 'DAGS_FOLDER/file_***-mongo.py', '--cfg-path', '/tmp/tmpgh54x9gn']
[2023-10-18T11:52:20.750+0000] {standard_task_runner.py:85} INFO - Job 1896: Subtask waiting_for_data
[2023-10-18T11:52:20.809+0000] {task_command.py:416} INFO - Running <TaskInstance: copy_tranform_to_mongo.waiting_for_data scheduled__2023-08-26T00:00:00+00:00 [running]> on host 0e68aa52dfc7
[2023-10-18T11:52:20.904+0000] {taskinstance.py:1662} INFO - Exporting env vars: AIRFLOW_CTX_DAG_OWNER='***' AIRFLOW_CTX_DAG_ID='copy_tranform_to_mongo' AIRFLOW_CTX_TASK_ID='waiting_for_data' AIRFLOW_CTX_EXECUTION_DATE='2023-08-26T00:00:00+00:00' AIRFLOW_CTX_TRY_NUMBER='1' AIRFLOW_CTX_DAG_RUN_ID='scheduled__2023-08-26T00:00:00+00:00'
[2023-10-18T11:52:20.913+0000] {base.py:73} INFO - Using connection ID 'fs_default' for task execution.
[2023-10-18T11:52:20.913+0000] {filesystem.py:64} INFO - Poking for file /opt/in/tiktok_google_play_reviews.csv
[2023-10-18T11:52:20.914+0000] {filesystem.py:69} INFO - Found File /opt/in/tiktok_google_play_reviews.csv last modified: 20220405221612
[2023-10-18T11:52:20.914+0000] {base.py:287} INFO - Success criteria met. Exiting.
[2023-10-18T11:52:20.925+0000] {taskinstance.py:1400} INFO - Marking task as SUCCESS. dag_id=copy_tranform_to_mongo, task_id=waiting_for_data, execution_date=20230826T000000, start_date=20231018T115220, end_date=20231018T115220
[2023-10-18T11:52:20.966+0000] {local_task_job_runner.py:228} INFO - Task exited with return code 0
[2023-10-18T11:52:20.999+0000] {taskinstance.py:2778} INFO - 0 downstream tasks scheduled from follow-on schedule check
