[2023-10-17T11:22:31.581+0000] {taskinstance.py:1159} INFO - Dependencies all met for dep_context=non-requeueable deps ti=<TaskInstance: copy_tranform_to_mongo.waiting_for_data scheduled__2022-05-07T00:00:00+00:00 [queued]>
[2023-10-17T11:22:31.592+0000] {taskinstance.py:1159} INFO - Dependencies all met for dep_context=requeueable deps ti=<TaskInstance: copy_tranform_to_mongo.waiting_for_data scheduled__2022-05-07T00:00:00+00:00 [queued]>
[2023-10-17T11:22:31.592+0000] {taskinstance.py:1361} INFO - Starting attempt 1 of 1
[2023-10-17T11:22:31.607+0000] {taskinstance.py:1382} INFO - Executing <Task(FileSensor): waiting_for_data> on 2022-05-07 00:00:00+00:00
[2023-10-17T11:22:31.614+0000] {standard_task_runner.py:57} INFO - Started process 1463 to run task
[2023-10-17T11:22:31.616+0000] {standard_task_runner.py:84} INFO - Running: ['***', 'tasks', 'run', 'copy_tranform_to_mongo', 'waiting_for_data', 'scheduled__2022-05-07T00:00:00+00:00', '--job-id', '496', '--raw', '--subdir', 'DAGS_FOLDER/file_***-mongo.py', '--cfg-path', '/tmp/tmpyvvwm9bm']
[2023-10-17T11:22:31.616+0000] {standard_task_runner.py:85} INFO - Job 496: Subtask waiting_for_data
[2023-10-17T11:22:31.653+0000] {task_command.py:416} INFO - Running <TaskInstance: copy_tranform_to_mongo.waiting_for_data scheduled__2022-05-07T00:00:00+00:00 [running]> on host 238c1d4ff767
[2023-10-17T11:22:31.714+0000] {taskinstance.py:1662} INFO - Exporting env vars: AIRFLOW_CTX_DAG_OWNER='***' AIRFLOW_CTX_DAG_ID='copy_tranform_to_mongo' AIRFLOW_CTX_TASK_ID='waiting_for_data' AIRFLOW_CTX_EXECUTION_DATE='2022-05-07T00:00:00+00:00' AIRFLOW_CTX_TRY_NUMBER='1' AIRFLOW_CTX_DAG_RUN_ID='scheduled__2022-05-07T00:00:00+00:00'
[2023-10-17T11:22:31.721+0000] {base.py:73} INFO - Using connection ID 'fs_default' for task execution.
[2023-10-17T11:22:31.721+0000] {filesystem.py:64} INFO - Poking for file /opt/in/tiktok_google_play_reviews.csv
[2023-10-17T11:22:31.721+0000] {filesystem.py:69} INFO - Found File /opt/in/tiktok_google_play_reviews.csv last modified: 20220405221612
[2023-10-17T11:22:31.722+0000] {base.py:287} INFO - Success criteria met. Exiting.
[2023-10-17T11:22:31.729+0000] {taskinstance.py:1400} INFO - Marking task as SUCCESS. dag_id=copy_tranform_to_mongo, task_id=waiting_for_data, execution_date=20220507T000000, start_date=20231017T112231, end_date=20231017T112231
[2023-10-17T11:22:31.748+0000] {local_task_job_runner.py:228} INFO - Task exited with return code 0
[2023-10-17T11:22:31.761+0000] {taskinstance.py:2778} INFO - 0 downstream tasks scheduled from follow-on schedule check
[2023-10-18T11:47:11.310+0000] {taskinstance.py:1159} INFO - Dependencies all met for dep_context=non-requeueable deps ti=<TaskInstance: copy_tranform_to_mongo.waiting_for_data scheduled__2022-05-07T00:00:00+00:00 [queued]>
[2023-10-18T11:47:11.324+0000] {taskinstance.py:1159} INFO - Dependencies all met for dep_context=requeueable deps ti=<TaskInstance: copy_tranform_to_mongo.waiting_for_data scheduled__2022-05-07T00:00:00+00:00 [queued]>
[2023-10-18T11:47:11.325+0000] {taskinstance.py:1361} INFO - Starting attempt 1 of 1
[2023-10-18T11:47:11.341+0000] {taskinstance.py:1382} INFO - Executing <Task(FileSensor): waiting_for_data> on 2022-05-07 00:00:00+00:00
[2023-10-18T11:47:11.350+0000] {standard_task_runner.py:57} INFO - Started process 2480 to run task
[2023-10-18T11:47:11.353+0000] {standard_task_runner.py:84} INFO - Running: ['***', 'tasks', 'run', 'copy_tranform_to_mongo', 'waiting_for_data', 'scheduled__2022-05-07T00:00:00+00:00', '--job-id', '945', '--raw', '--subdir', 'DAGS_FOLDER/file_***-mongo.py', '--cfg-path', '/tmp/tmp42b6w7rc']
[2023-10-18T11:47:11.355+0000] {standard_task_runner.py:85} INFO - Job 945: Subtask waiting_for_data
[2023-10-18T11:47:11.415+0000] {task_command.py:416} INFO - Running <TaskInstance: copy_tranform_to_mongo.waiting_for_data scheduled__2022-05-07T00:00:00+00:00 [running]> on host 0e68aa52dfc7
[2023-10-18T11:47:11.537+0000] {taskinstance.py:1662} INFO - Exporting env vars: AIRFLOW_CTX_DAG_OWNER='***' AIRFLOW_CTX_DAG_ID='copy_tranform_to_mongo' AIRFLOW_CTX_TASK_ID='waiting_for_data' AIRFLOW_CTX_EXECUTION_DATE='2022-05-07T00:00:00+00:00' AIRFLOW_CTX_TRY_NUMBER='1' AIRFLOW_CTX_DAG_RUN_ID='scheduled__2022-05-07T00:00:00+00:00'
[2023-10-18T11:47:11.551+0000] {base.py:73} INFO - Using connection ID 'fs_default' for task execution.
[2023-10-18T11:47:11.551+0000] {filesystem.py:64} INFO - Poking for file /opt/in/tiktok_google_play_reviews.csv
[2023-10-18T11:47:11.552+0000] {filesystem.py:69} INFO - Found File /opt/in/tiktok_google_play_reviews.csv last modified: 20220405221612
[2023-10-18T11:47:11.552+0000] {base.py:287} INFO - Success criteria met. Exiting.
[2023-10-18T11:47:11.582+0000] {taskinstance.py:1400} INFO - Marking task as SUCCESS. dag_id=copy_tranform_to_mongo, task_id=waiting_for_data, execution_date=20220507T000000, start_date=20231018T114711, end_date=20231018T114711
[2023-10-18T11:47:11.650+0000] {local_task_job_runner.py:228} INFO - Task exited with return code 0
[2023-10-18T11:47:11.734+0000] {taskinstance.py:2778} INFO - 0 downstream tasks scheduled from follow-on schedule check
