[2023-10-17T11:22:28.304+0000] {taskinstance.py:1159} INFO - Dependencies all met for dep_context=non-requeueable deps ti=<TaskInstance: copy_tranform_to_mongo.waiting_for_data scheduled__2022-04-27T00:00:00+00:00 [queued]>
[2023-10-17T11:22:28.315+0000] {taskinstance.py:1159} INFO - Dependencies all met for dep_context=requeueable deps ti=<TaskInstance: copy_tranform_to_mongo.waiting_for_data scheduled__2022-04-27T00:00:00+00:00 [queued]>
[2023-10-17T11:22:28.315+0000] {taskinstance.py:1361} INFO - Starting attempt 1 of 1
[2023-10-17T11:22:28.330+0000] {taskinstance.py:1382} INFO - Executing <Task(FileSensor): waiting_for_data> on 2022-04-27 00:00:00+00:00
[2023-10-17T11:22:28.335+0000] {standard_task_runner.py:57} INFO - Started process 1444 to run task
[2023-10-17T11:22:28.338+0000] {standard_task_runner.py:84} INFO - Running: ['***', 'tasks', 'run', 'copy_tranform_to_mongo', 'waiting_for_data', 'scheduled__2022-04-27T00:00:00+00:00', '--job-id', '486', '--raw', '--subdir', 'DAGS_FOLDER/file_***-mongo.py', '--cfg-path', '/tmp/tmp4wjfe9yb']
[2023-10-17T11:22:28.339+0000] {standard_task_runner.py:85} INFO - Job 486: Subtask waiting_for_data
[2023-10-17T11:22:28.385+0000] {task_command.py:416} INFO - Running <TaskInstance: copy_tranform_to_mongo.waiting_for_data scheduled__2022-04-27T00:00:00+00:00 [running]> on host 238c1d4ff767
[2023-10-17T11:22:28.460+0000] {taskinstance.py:1662} INFO - Exporting env vars: AIRFLOW_CTX_DAG_OWNER='***' AIRFLOW_CTX_DAG_ID='copy_tranform_to_mongo' AIRFLOW_CTX_TASK_ID='waiting_for_data' AIRFLOW_CTX_EXECUTION_DATE='2022-04-27T00:00:00+00:00' AIRFLOW_CTX_TRY_NUMBER='1' AIRFLOW_CTX_DAG_RUN_ID='scheduled__2022-04-27T00:00:00+00:00'
[2023-10-17T11:22:28.471+0000] {base.py:73} INFO - Using connection ID 'fs_default' for task execution.
[2023-10-17T11:22:28.472+0000] {filesystem.py:64} INFO - Poking for file /opt/in/tiktok_google_play_reviews.csv
[2023-10-17T11:22:28.472+0000] {filesystem.py:69} INFO - Found File /opt/in/tiktok_google_play_reviews.csv last modified: 20220405221612
[2023-10-17T11:22:28.472+0000] {base.py:287} INFO - Success criteria met. Exiting.
[2023-10-17T11:22:28.481+0000] {taskinstance.py:1400} INFO - Marking task as SUCCESS. dag_id=copy_tranform_to_mongo, task_id=waiting_for_data, execution_date=20220427T000000, start_date=20231017T112228, end_date=20231017T112228
[2023-10-17T11:22:28.513+0000] {local_task_job_runner.py:228} INFO - Task exited with return code 0
[2023-10-17T11:22:28.530+0000] {taskinstance.py:2778} INFO - 0 downstream tasks scheduled from follow-on schedule check
[2023-10-18T11:47:04.662+0000] {taskinstance.py:1159} INFO - Dependencies all met for dep_context=non-requeueable deps ti=<TaskInstance: copy_tranform_to_mongo.waiting_for_data scheduled__2022-04-27T00:00:00+00:00 [queued]>
[2023-10-18T11:47:04.676+0000] {taskinstance.py:1159} INFO - Dependencies all met for dep_context=requeueable deps ti=<TaskInstance: copy_tranform_to_mongo.waiting_for_data scheduled__2022-04-27T00:00:00+00:00 [queued]>
[2023-10-18T11:47:04.676+0000] {taskinstance.py:1361} INFO - Starting attempt 1 of 1
[2023-10-18T11:47:04.693+0000] {taskinstance.py:1382} INFO - Executing <Task(FileSensor): waiting_for_data> on 2022-04-27 00:00:00+00:00
[2023-10-18T11:47:04.706+0000] {standard_task_runner.py:57} INFO - Started process 2437 to run task
[2023-10-18T11:47:04.712+0000] {standard_task_runner.py:84} INFO - Running: ['***', 'tasks', 'run', 'copy_tranform_to_mongo', 'waiting_for_data', 'scheduled__2022-04-27T00:00:00+00:00', '--job-id', '922', '--raw', '--subdir', 'DAGS_FOLDER/file_***-mongo.py', '--cfg-path', '/tmp/tmp4g4f3sh2']
[2023-10-18T11:47:04.713+0000] {standard_task_runner.py:85} INFO - Job 922: Subtask waiting_for_data
[2023-10-18T11:47:04.779+0000] {task_command.py:416} INFO - Running <TaskInstance: copy_tranform_to_mongo.waiting_for_data scheduled__2022-04-27T00:00:00+00:00 [running]> on host 0e68aa52dfc7
[2023-10-18T11:47:04.877+0000] {taskinstance.py:1662} INFO - Exporting env vars: AIRFLOW_CTX_DAG_OWNER='***' AIRFLOW_CTX_DAG_ID='copy_tranform_to_mongo' AIRFLOW_CTX_TASK_ID='waiting_for_data' AIRFLOW_CTX_EXECUTION_DATE='2022-04-27T00:00:00+00:00' AIRFLOW_CTX_TRY_NUMBER='1' AIRFLOW_CTX_DAG_RUN_ID='scheduled__2022-04-27T00:00:00+00:00'
[2023-10-18T11:47:04.890+0000] {base.py:73} INFO - Using connection ID 'fs_default' for task execution.
[2023-10-18T11:47:04.890+0000] {filesystem.py:64} INFO - Poking for file /opt/in/tiktok_google_play_reviews.csv
[2023-10-18T11:47:04.891+0000] {filesystem.py:69} INFO - Found File /opt/in/tiktok_google_play_reviews.csv last modified: 20220405221612
[2023-10-18T11:47:04.891+0000] {base.py:287} INFO - Success criteria met. Exiting.
[2023-10-18T11:47:04.909+0000] {taskinstance.py:1400} INFO - Marking task as SUCCESS. dag_id=copy_tranform_to_mongo, task_id=waiting_for_data, execution_date=20220427T000000, start_date=20231018T114704, end_date=20231018T114704
[2023-10-18T11:47:05.017+0000] {local_task_job_runner.py:228} INFO - Task exited with return code 0
[2023-10-18T11:47:05.057+0000] {taskinstance.py:2778} INFO - 1 downstream tasks scheduled from follow-on schedule check
