[2023-10-17T11:23:21.478+0000] {taskinstance.py:1159} INFO - Dependencies all met for dep_context=non-requeueable deps ti=<TaskInstance: copy_tranform_to_mongo.waiting_for_data scheduled__2022-07-20T00:00:00+00:00 [queued]>
[2023-10-17T11:23:21.483+0000] {taskinstance.py:1159} INFO - Dependencies all met for dep_context=requeueable deps ti=<TaskInstance: copy_tranform_to_mongo.waiting_for_data scheduled__2022-07-20T00:00:00+00:00 [queued]>
[2023-10-17T11:23:21.483+0000] {taskinstance.py:1361} INFO - Starting attempt 1 of 1
[2023-10-17T11:23:21.492+0000] {taskinstance.py:1382} INFO - Executing <Task(FileSensor): waiting_for_data> on 2022-07-20 00:00:00+00:00
[2023-10-17T11:23:21.496+0000] {standard_task_runner.py:57} INFO - Started process 1618 to run task
[2023-10-17T11:23:21.498+0000] {standard_task_runner.py:84} INFO - Running: ['***', 'tasks', 'run', 'copy_tranform_to_mongo', 'waiting_for_data', 'scheduled__2022-07-20T00:00:00+00:00', '--job-id', '570', '--raw', '--subdir', 'DAGS_FOLDER/file_***-mongo.py', '--cfg-path', '/tmp/tmpyyrkpbtq']
[2023-10-17T11:23:21.499+0000] {standard_task_runner.py:85} INFO - Job 570: Subtask waiting_for_data
[2023-10-17T11:23:21.530+0000] {task_command.py:416} INFO - Running <TaskInstance: copy_tranform_to_mongo.waiting_for_data scheduled__2022-07-20T00:00:00+00:00 [running]> on host 238c1d4ff767
[2023-10-17T11:23:21.584+0000] {taskinstance.py:1662} INFO - Exporting env vars: AIRFLOW_CTX_DAG_OWNER='***' AIRFLOW_CTX_DAG_ID='copy_tranform_to_mongo' AIRFLOW_CTX_TASK_ID='waiting_for_data' AIRFLOW_CTX_EXECUTION_DATE='2022-07-20T00:00:00+00:00' AIRFLOW_CTX_TRY_NUMBER='1' AIRFLOW_CTX_DAG_RUN_ID='scheduled__2022-07-20T00:00:00+00:00'
[2023-10-17T11:23:21.591+0000] {base.py:73} INFO - Using connection ID 'fs_default' for task execution.
[2023-10-17T11:23:21.591+0000] {filesystem.py:64} INFO - Poking for file /opt/in/tiktok_google_play_reviews.csv
[2023-10-17T11:23:21.591+0000] {filesystem.py:69} INFO - Found File /opt/in/tiktok_google_play_reviews.csv last modified: 20220405221612
[2023-10-17T11:23:21.592+0000] {base.py:287} INFO - Success criteria met. Exiting.
[2023-10-17T11:23:21.598+0000] {taskinstance.py:1400} INFO - Marking task as SUCCESS. dag_id=copy_tranform_to_mongo, task_id=waiting_for_data, execution_date=20220720T000000, start_date=20231017T112321, end_date=20231017T112321
[2023-10-17T11:23:21.630+0000] {local_task_job_runner.py:228} INFO - Task exited with return code 0
[2023-10-17T11:23:21.653+0000] {taskinstance.py:2778} INFO - 0 downstream tasks scheduled from follow-on schedule check
[2023-10-18T11:48:00.904+0000] {taskinstance.py:1159} INFO - Dependencies all met for dep_context=non-requeueable deps ti=<TaskInstance: copy_tranform_to_mongo.waiting_for_data scheduled__2022-07-20T00:00:00+00:00 [queued]>
[2023-10-18T11:48:00.916+0000] {taskinstance.py:1159} INFO - Dependencies all met for dep_context=requeueable deps ti=<TaskInstance: copy_tranform_to_mongo.waiting_for_data scheduled__2022-07-20T00:00:00+00:00 [queued]>
[2023-10-18T11:48:00.917+0000] {taskinstance.py:1361} INFO - Starting attempt 1 of 1
[2023-10-18T11:48:00.932+0000] {taskinstance.py:1382} INFO - Executing <Task(FileSensor): waiting_for_data> on 2022-07-20 00:00:00+00:00
[2023-10-18T11:48:00.942+0000] {standard_task_runner.py:57} INFO - Started process 2782 to run task
[2023-10-18T11:48:00.945+0000] {standard_task_runner.py:84} INFO - Running: ['***', 'tasks', 'run', 'copy_tranform_to_mongo', 'waiting_for_data', 'scheduled__2022-07-20T00:00:00+00:00', '--job-id', '1092', '--raw', '--subdir', 'DAGS_FOLDER/file_***-mongo.py', '--cfg-path', '/tmp/tmpvlewvacz']
[2023-10-18T11:48:00.946+0000] {standard_task_runner.py:85} INFO - Job 1092: Subtask waiting_for_data
[2023-10-18T11:48:01.000+0000] {task_command.py:416} INFO - Running <TaskInstance: copy_tranform_to_mongo.waiting_for_data scheduled__2022-07-20T00:00:00+00:00 [running]> on host 0e68aa52dfc7
[2023-10-18T11:48:01.076+0000] {taskinstance.py:1662} INFO - Exporting env vars: AIRFLOW_CTX_DAG_OWNER='***' AIRFLOW_CTX_DAG_ID='copy_tranform_to_mongo' AIRFLOW_CTX_TASK_ID='waiting_for_data' AIRFLOW_CTX_EXECUTION_DATE='2022-07-20T00:00:00+00:00' AIRFLOW_CTX_TRY_NUMBER='1' AIRFLOW_CTX_DAG_RUN_ID='scheduled__2022-07-20T00:00:00+00:00'
[2023-10-18T11:48:01.085+0000] {base.py:73} INFO - Using connection ID 'fs_default' for task execution.
[2023-10-18T11:48:01.086+0000] {filesystem.py:64} INFO - Poking for file /opt/in/tiktok_google_play_reviews.csv
[2023-10-18T11:48:01.086+0000] {filesystem.py:69} INFO - Found File /opt/in/tiktok_google_play_reviews.csv last modified: 20220405221612
[2023-10-18T11:48:01.086+0000] {base.py:287} INFO - Success criteria met. Exiting.
[2023-10-18T11:48:01.096+0000] {taskinstance.py:1400} INFO - Marking task as SUCCESS. dag_id=copy_tranform_to_mongo, task_id=waiting_for_data, execution_date=20220720T000000, start_date=20231018T114800, end_date=20231018T114801
[2023-10-18T11:48:01.118+0000] {local_task_job_runner.py:228} INFO - Task exited with return code 0
[2023-10-18T11:48:01.177+0000] {taskinstance.py:2778} INFO - 1 downstream tasks scheduled from follow-on schedule check
