[2023-10-17T11:25:34.980+0000] {taskinstance.py:1159} INFO - Dependencies all met for dep_context=non-requeueable deps ti=<TaskInstance: copy_tranform_to_mongo.waiting_for_data scheduled__2023-04-12T00:00:00+00:00 [queued]>
[2023-10-17T11:25:34.987+0000] {taskinstance.py:1159} INFO - Dependencies all met for dep_context=requeueable deps ti=<TaskInstance: copy_tranform_to_mongo.waiting_for_data scheduled__2023-04-12T00:00:00+00:00 [queued]>
[2023-10-17T11:25:34.987+0000] {taskinstance.py:1361} INFO - Starting attempt 1 of 1
[2023-10-17T11:25:34.996+0000] {taskinstance.py:1382} INFO - Executing <Task(FileSensor): waiting_for_data> on 2023-04-12 00:00:00+00:00
[2023-10-17T11:25:35.002+0000] {standard_task_runner.py:57} INFO - Started process 2182 to run task
[2023-10-17T11:25:35.003+0000] {standard_task_runner.py:84} INFO - Running: ['***', 'tasks', 'run', 'copy_tranform_to_mongo', 'waiting_for_data', 'scheduled__2023-04-12T00:00:00+00:00', '--job-id', '836', '--raw', '--subdir', 'DAGS_FOLDER/file_***-mongo.py', '--cfg-path', '/tmp/tmpb1mq6xpv']
[2023-10-17T11:25:35.004+0000] {standard_task_runner.py:85} INFO - Job 836: Subtask waiting_for_data
[2023-10-17T11:25:35.040+0000] {task_command.py:416} INFO - Running <TaskInstance: copy_tranform_to_mongo.waiting_for_data scheduled__2023-04-12T00:00:00+00:00 [running]> on host 238c1d4ff767
[2023-10-17T11:25:35.107+0000] {taskinstance.py:1662} INFO - Exporting env vars: AIRFLOW_CTX_DAG_OWNER='***' AIRFLOW_CTX_DAG_ID='copy_tranform_to_mongo' AIRFLOW_CTX_TASK_ID='waiting_for_data' AIRFLOW_CTX_EXECUTION_DATE='2023-04-12T00:00:00+00:00' AIRFLOW_CTX_TRY_NUMBER='1' AIRFLOW_CTX_DAG_RUN_ID='scheduled__2023-04-12T00:00:00+00:00'
[2023-10-17T11:25:35.116+0000] {base.py:73} INFO - Using connection ID 'fs_default' for task execution.
[2023-10-17T11:25:35.116+0000] {filesystem.py:64} INFO - Poking for file /opt/in/tiktok_google_play_reviews.csv
[2023-10-17T11:25:35.117+0000] {filesystem.py:69} INFO - Found File /opt/in/tiktok_google_play_reviews.csv last modified: 20220405221612
[2023-10-17T11:25:35.117+0000] {base.py:287} INFO - Success criteria met. Exiting.
[2023-10-17T11:25:35.129+0000] {taskinstance.py:1400} INFO - Marking task as SUCCESS. dag_id=copy_tranform_to_mongo, task_id=waiting_for_data, execution_date=20230412T000000, start_date=20231017T112534, end_date=20231017T112535
[2023-10-17T11:25:35.176+0000] {local_task_job_runner.py:228} INFO - Task exited with return code 0
[2023-10-17T11:25:35.201+0000] {taskinstance.py:2778} INFO - 0 downstream tasks scheduled from follow-on schedule check
[2023-10-18T11:50:59.776+0000] {taskinstance.py:1159} INFO - Dependencies all met for dep_context=non-requeueable deps ti=<TaskInstance: copy_tranform_to_mongo.waiting_for_data scheduled__2023-04-12T00:00:00+00:00 [queued]>
[2023-10-18T11:50:59.785+0000] {taskinstance.py:1159} INFO - Dependencies all met for dep_context=requeueable deps ti=<TaskInstance: copy_tranform_to_mongo.waiting_for_data scheduled__2023-04-12T00:00:00+00:00 [queued]>
[2023-10-18T11:50:59.786+0000] {taskinstance.py:1361} INFO - Starting attempt 1 of 1
[2023-10-18T11:50:59.803+0000] {taskinstance.py:1382} INFO - Executing <Task(FileSensor): waiting_for_data> on 2023-04-12 00:00:00+00:00
[2023-10-18T11:50:59.810+0000] {standard_task_runner.py:57} INFO - Started process 3900 to run task
[2023-10-18T11:50:59.813+0000] {standard_task_runner.py:84} INFO - Running: ['***', 'tasks', 'run', 'copy_tranform_to_mongo', 'waiting_for_data', 'scheduled__2023-04-12T00:00:00+00:00', '--job-id', '1627', '--raw', '--subdir', 'DAGS_FOLDER/file_***-mongo.py', '--cfg-path', '/tmp/tmpozjiw_xu']
[2023-10-18T11:50:59.815+0000] {standard_task_runner.py:85} INFO - Job 1627: Subtask waiting_for_data
[2023-10-18T11:50:59.880+0000] {task_command.py:416} INFO - Running <TaskInstance: copy_tranform_to_mongo.waiting_for_data scheduled__2023-04-12T00:00:00+00:00 [running]> on host 0e68aa52dfc7
[2023-10-18T11:50:59.973+0000] {taskinstance.py:1662} INFO - Exporting env vars: AIRFLOW_CTX_DAG_OWNER='***' AIRFLOW_CTX_DAG_ID='copy_tranform_to_mongo' AIRFLOW_CTX_TASK_ID='waiting_for_data' AIRFLOW_CTX_EXECUTION_DATE='2023-04-12T00:00:00+00:00' AIRFLOW_CTX_TRY_NUMBER='1' AIRFLOW_CTX_DAG_RUN_ID='scheduled__2023-04-12T00:00:00+00:00'
[2023-10-18T11:50:59.985+0000] {base.py:73} INFO - Using connection ID 'fs_default' for task execution.
[2023-10-18T11:50:59.988+0000] {filesystem.py:64} INFO - Poking for file /opt/in/tiktok_google_play_reviews.csv
[2023-10-18T11:50:59.989+0000] {filesystem.py:69} INFO - Found File /opt/in/tiktok_google_play_reviews.csv last modified: 20220405221612
[2023-10-18T11:50:59.989+0000] {base.py:287} INFO - Success criteria met. Exiting.
[2023-10-18T11:50:59.999+0000] {taskinstance.py:1400} INFO - Marking task as SUCCESS. dag_id=copy_tranform_to_mongo, task_id=waiting_for_data, execution_date=20230412T000000, start_date=20231018T115059, end_date=20231018T115059
[2023-10-18T11:51:00.034+0000] {local_task_job_runner.py:228} INFO - Task exited with return code 0
[2023-10-18T11:51:00.070+0000] {taskinstance.py:2778} INFO - 1 downstream tasks scheduled from follow-on schedule check
