[2023-10-17T11:21:56.213+0000] {taskinstance.py:1159} INFO - Dependencies all met for dep_context=non-requeueable deps ti=<TaskInstance: copy_tranform_to_mongo.waiting_for_data scheduled__2022-02-10T00:00:00+00:00 [queued]>
[2023-10-17T11:21:56.223+0000] {taskinstance.py:1159} INFO - Dependencies all met for dep_context=requeueable deps ti=<TaskInstance: copy_tranform_to_mongo.waiting_for_data scheduled__2022-02-10T00:00:00+00:00 [queued]>
[2023-10-17T11:21:56.223+0000] {taskinstance.py:1361} INFO - Starting attempt 1 of 1
[2023-10-17T11:21:56.235+0000] {taskinstance.py:1382} INFO - Executing <Task(FileSensor): waiting_for_data> on 2022-02-10 00:00:00+00:00
[2023-10-17T11:21:56.240+0000] {standard_task_runner.py:57} INFO - Started process 1282 to run task
[2023-10-17T11:21:56.243+0000] {standard_task_runner.py:84} INFO - Running: ['***', 'tasks', 'run', 'copy_tranform_to_mongo', 'waiting_for_data', 'scheduled__2022-02-10T00:00:00+00:00', '--job-id', '410', '--raw', '--subdir', 'DAGS_FOLDER/file_***-mongo.py', '--cfg-path', '/tmp/tmpjwfrcqpj']
[2023-10-17T11:21:56.244+0000] {standard_task_runner.py:85} INFO - Job 410: Subtask waiting_for_data
[2023-10-17T11:21:56.279+0000] {task_command.py:416} INFO - Running <TaskInstance: copy_tranform_to_mongo.waiting_for_data scheduled__2022-02-10T00:00:00+00:00 [running]> on host 238c1d4ff767
[2023-10-17T11:21:56.353+0000] {taskinstance.py:1662} INFO - Exporting env vars: AIRFLOW_CTX_DAG_OWNER='***' AIRFLOW_CTX_DAG_ID='copy_tranform_to_mongo' AIRFLOW_CTX_TASK_ID='waiting_for_data' AIRFLOW_CTX_EXECUTION_DATE='2022-02-10T00:00:00+00:00' AIRFLOW_CTX_TRY_NUMBER='1' AIRFLOW_CTX_DAG_RUN_ID='scheduled__2022-02-10T00:00:00+00:00'
[2023-10-17T11:21:56.360+0000] {base.py:73} INFO - Using connection ID 'fs_default' for task execution.
[2023-10-17T11:21:56.360+0000] {filesystem.py:64} INFO - Poking for file /opt/in/tiktok_google_play_reviews.csv
[2023-10-17T11:21:56.361+0000] {filesystem.py:69} INFO - Found File /opt/in/tiktok_google_play_reviews.csv last modified: 20220405221612
[2023-10-17T11:21:56.361+0000] {base.py:287} INFO - Success criteria met. Exiting.
[2023-10-17T11:21:56.367+0000] {taskinstance.py:1400} INFO - Marking task as SUCCESS. dag_id=copy_tranform_to_mongo, task_id=waiting_for_data, execution_date=20220210T000000, start_date=20231017T112156, end_date=20231017T112156
[2023-10-17T11:21:56.415+0000] {local_task_job_runner.py:228} INFO - Task exited with return code 0
[2023-10-17T11:21:56.441+0000] {taskinstance.py:2778} INFO - 0 downstream tasks scheduled from follow-on schedule check
[2023-10-18T11:46:18.210+0000] {taskinstance.py:1159} INFO - Dependencies all met for dep_context=non-requeueable deps ti=<TaskInstance: copy_tranform_to_mongo.waiting_for_data scheduled__2022-02-10T00:00:00+00:00 [queued]>
[2023-10-18T11:46:18.219+0000] {taskinstance.py:1159} INFO - Dependencies all met for dep_context=requeueable deps ti=<TaskInstance: copy_tranform_to_mongo.waiting_for_data scheduled__2022-02-10T00:00:00+00:00 [queued]>
[2023-10-18T11:46:18.219+0000] {taskinstance.py:1361} INFO - Starting attempt 1 of 1
[2023-10-18T11:46:18.232+0000] {taskinstance.py:1382} INFO - Executing <Task(FileSensor): waiting_for_data> on 2022-02-10 00:00:00+00:00
[2023-10-18T11:46:18.238+0000] {standard_task_runner.py:57} INFO - Started process 2124 to run task
[2023-10-18T11:46:18.241+0000] {standard_task_runner.py:84} INFO - Running: ['***', 'tasks', 'run', 'copy_tranform_to_mongo', 'waiting_for_data', 'scheduled__2022-02-10T00:00:00+00:00', '--job-id', '775', '--raw', '--subdir', 'DAGS_FOLDER/file_***-mongo.py', '--cfg-path', '/tmp/tmpz3tqqybe']
[2023-10-18T11:46:18.242+0000] {standard_task_runner.py:85} INFO - Job 775: Subtask waiting_for_data
[2023-10-18T11:46:18.280+0000] {task_command.py:416} INFO - Running <TaskInstance: copy_tranform_to_mongo.waiting_for_data scheduled__2022-02-10T00:00:00+00:00 [running]> on host 0e68aa52dfc7
[2023-10-18T11:46:18.340+0000] {taskinstance.py:1662} INFO - Exporting env vars: AIRFLOW_CTX_DAG_OWNER='***' AIRFLOW_CTX_DAG_ID='copy_tranform_to_mongo' AIRFLOW_CTX_TASK_ID='waiting_for_data' AIRFLOW_CTX_EXECUTION_DATE='2022-02-10T00:00:00+00:00' AIRFLOW_CTX_TRY_NUMBER='1' AIRFLOW_CTX_DAG_RUN_ID='scheduled__2022-02-10T00:00:00+00:00'
[2023-10-18T11:46:18.349+0000] {base.py:73} INFO - Using connection ID 'fs_default' for task execution.
[2023-10-18T11:46:18.349+0000] {filesystem.py:64} INFO - Poking for file /opt/in/tiktok_google_play_reviews.csv
[2023-10-18T11:46:18.350+0000] {filesystem.py:69} INFO - Found File /opt/in/tiktok_google_play_reviews.csv last modified: 20220405221612
[2023-10-18T11:46:18.350+0000] {base.py:287} INFO - Success criteria met. Exiting.
[2023-10-18T11:46:18.357+0000] {taskinstance.py:1400} INFO - Marking task as SUCCESS. dag_id=copy_tranform_to_mongo, task_id=waiting_for_data, execution_date=20220210T000000, start_date=20231018T114618, end_date=20231018T114618
[2023-10-18T11:46:18.373+0000] {local_task_job_runner.py:228} INFO - Task exited with return code 0
[2023-10-18T11:46:18.392+0000] {taskinstance.py:2778} INFO - 1 downstream tasks scheduled from follow-on schedule check
