[2023-10-17T11:24:43.558+0000] {taskinstance.py:1159} INFO - Dependencies all met for dep_context=non-requeueable deps ti=<TaskInstance: copy_tranform_to_mongo.waiting_for_data scheduled__2022-12-09T00:00:00+00:00 [queued]>
[2023-10-17T11:24:43.566+0000] {taskinstance.py:1159} INFO - Dependencies all met for dep_context=requeueable deps ti=<TaskInstance: copy_tranform_to_mongo.waiting_for_data scheduled__2022-12-09T00:00:00+00:00 [queued]>
[2023-10-17T11:24:43.566+0000] {taskinstance.py:1361} INFO - Starting attempt 1 of 1
[2023-10-17T11:24:43.577+0000] {taskinstance.py:1382} INFO - Executing <Task(FileSensor): waiting_for_data> on 2022-12-09 00:00:00+00:00
[2023-10-17T11:24:43.582+0000] {standard_task_runner.py:57} INFO - Started process 1927 to run task
[2023-10-17T11:24:43.584+0000] {standard_task_runner.py:84} INFO - Running: ['***', 'tasks', 'run', 'copy_tranform_to_mongo', 'waiting_for_data', 'scheduled__2022-12-09T00:00:00+00:00', '--job-id', '712', '--raw', '--subdir', 'DAGS_FOLDER/file_***-mongo.py', '--cfg-path', '/tmp/tmplmrkcky1']
[2023-10-17T11:24:43.585+0000] {standard_task_runner.py:85} INFO - Job 712: Subtask waiting_for_data
[2023-10-17T11:24:43.620+0000] {task_command.py:416} INFO - Running <TaskInstance: copy_tranform_to_mongo.waiting_for_data scheduled__2022-12-09T00:00:00+00:00 [running]> on host 238c1d4ff767
[2023-10-17T11:24:43.684+0000] {taskinstance.py:1662} INFO - Exporting env vars: AIRFLOW_CTX_DAG_OWNER='***' AIRFLOW_CTX_DAG_ID='copy_tranform_to_mongo' AIRFLOW_CTX_TASK_ID='waiting_for_data' AIRFLOW_CTX_EXECUTION_DATE='2022-12-09T00:00:00+00:00' AIRFLOW_CTX_TRY_NUMBER='1' AIRFLOW_CTX_DAG_RUN_ID='scheduled__2022-12-09T00:00:00+00:00'
[2023-10-17T11:24:43.692+0000] {base.py:73} INFO - Using connection ID 'fs_default' for task execution.
[2023-10-17T11:24:43.692+0000] {filesystem.py:64} INFO - Poking for file /opt/in/tiktok_google_play_reviews.csv
[2023-10-17T11:24:43.692+0000] {filesystem.py:69} INFO - Found File /opt/in/tiktok_google_play_reviews.csv last modified: 20220405221612
[2023-10-17T11:24:43.692+0000] {base.py:287} INFO - Success criteria met. Exiting.
[2023-10-17T11:24:43.698+0000] {taskinstance.py:1400} INFO - Marking task as SUCCESS. dag_id=copy_tranform_to_mongo, task_id=waiting_for_data, execution_date=20221209T000000, start_date=20231017T112443, end_date=20231017T112443
[2023-10-17T11:24:43.716+0000] {local_task_job_runner.py:228} INFO - Task exited with return code 0
[2023-10-17T11:24:43.727+0000] {taskinstance.py:2778} INFO - 0 downstream tasks scheduled from follow-on schedule check
[2023-10-18T11:49:45.705+0000] {taskinstance.py:1159} INFO - Dependencies all met for dep_context=non-requeueable deps ti=<TaskInstance: copy_tranform_to_mongo.waiting_for_data scheduled__2022-12-09T00:00:00+00:00 [queued]>
[2023-10-18T11:49:45.712+0000] {taskinstance.py:1159} INFO - Dependencies all met for dep_context=requeueable deps ti=<TaskInstance: copy_tranform_to_mongo.waiting_for_data scheduled__2022-12-09T00:00:00+00:00 [queued]>
[2023-10-18T11:49:45.713+0000] {taskinstance.py:1361} INFO - Starting attempt 1 of 1
[2023-10-18T11:49:45.756+0000] {taskinstance.py:1382} INFO - Executing <Task(FileSensor): waiting_for_data> on 2022-12-09 00:00:00+00:00
[2023-10-18T11:49:45.763+0000] {standard_task_runner.py:57} INFO - Started process 3384 to run task
[2023-10-18T11:49:45.765+0000] {standard_task_runner.py:84} INFO - Running: ['***', 'tasks', 'run', 'copy_tranform_to_mongo', 'waiting_for_data', 'scheduled__2022-12-09T00:00:00+00:00', '--job-id', '1377', '--raw', '--subdir', 'DAGS_FOLDER/file_***-mongo.py', '--cfg-path', '/tmp/tmpvkmwsw8q']
[2023-10-18T11:49:45.766+0000] {standard_task_runner.py:85} INFO - Job 1377: Subtask waiting_for_data
[2023-10-18T11:49:45.815+0000] {task_command.py:416} INFO - Running <TaskInstance: copy_tranform_to_mongo.waiting_for_data scheduled__2022-12-09T00:00:00+00:00 [running]> on host 0e68aa52dfc7
[2023-10-18T11:49:45.906+0000] {taskinstance.py:1662} INFO - Exporting env vars: AIRFLOW_CTX_DAG_OWNER='***' AIRFLOW_CTX_DAG_ID='copy_tranform_to_mongo' AIRFLOW_CTX_TASK_ID='waiting_for_data' AIRFLOW_CTX_EXECUTION_DATE='2022-12-09T00:00:00+00:00' AIRFLOW_CTX_TRY_NUMBER='1' AIRFLOW_CTX_DAG_RUN_ID='scheduled__2022-12-09T00:00:00+00:00'
[2023-10-18T11:49:45.918+0000] {base.py:73} INFO - Using connection ID 'fs_default' for task execution.
[2023-10-18T11:49:45.919+0000] {filesystem.py:64} INFO - Poking for file /opt/in/tiktok_google_play_reviews.csv
[2023-10-18T11:49:45.919+0000] {filesystem.py:69} INFO - Found File /opt/in/tiktok_google_play_reviews.csv last modified: 20220405221612
[2023-10-18T11:49:45.919+0000] {base.py:287} INFO - Success criteria met. Exiting.
[2023-10-18T11:49:45.931+0000] {taskinstance.py:1400} INFO - Marking task as SUCCESS. dag_id=copy_tranform_to_mongo, task_id=waiting_for_data, execution_date=20221209T000000, start_date=20231018T114945, end_date=20231018T114945
[2023-10-18T11:49:45.981+0000] {local_task_job_runner.py:228} INFO - Task exited with return code 0
[2023-10-18T11:49:46.072+0000] {taskinstance.py:2778} INFO - 0 downstream tasks scheduled from follow-on schedule check
