[2023-10-17T11:20:44.202+0000] {taskinstance.py:1159} INFO - Dependencies all met for dep_context=non-requeueable deps ti=<TaskInstance: copy_tranform_to_mongo.waiting_for_data scheduled__2021-10-27T00:00:00+00:00 [queued]>
[2023-10-17T11:20:44.210+0000] {taskinstance.py:1159} INFO - Dependencies all met for dep_context=requeueable deps ti=<TaskInstance: copy_tranform_to_mongo.waiting_for_data scheduled__2021-10-27T00:00:00+00:00 [queued]>
[2023-10-17T11:20:44.210+0000] {taskinstance.py:1361} INFO - Starting attempt 1 of 1
[2023-10-17T11:20:44.223+0000] {taskinstance.py:1382} INFO - Executing <Task(FileSensor): waiting_for_data> on 2021-10-27 00:00:00+00:00
[2023-10-17T11:20:44.228+0000] {standard_task_runner.py:57} INFO - Started process 1048 to run task
[2023-10-17T11:20:44.231+0000] {standard_task_runner.py:84} INFO - Running: ['***', 'tasks', 'run', 'copy_tranform_to_mongo', 'waiting_for_data', 'scheduled__2021-10-27T00:00:00+00:00', '--job-id', '304', '--raw', '--subdir', 'DAGS_FOLDER/file_***-mongo.py', '--cfg-path', '/tmp/tmplw5576h_']
[2023-10-17T11:20:44.232+0000] {standard_task_runner.py:85} INFO - Job 304: Subtask waiting_for_data
[2023-10-17T11:20:44.271+0000] {task_command.py:416} INFO - Running <TaskInstance: copy_tranform_to_mongo.waiting_for_data scheduled__2021-10-27T00:00:00+00:00 [running]> on host 238c1d4ff767
[2023-10-17T11:20:44.333+0000] {taskinstance.py:1662} INFO - Exporting env vars: AIRFLOW_CTX_DAG_OWNER='***' AIRFLOW_CTX_DAG_ID='copy_tranform_to_mongo' AIRFLOW_CTX_TASK_ID='waiting_for_data' AIRFLOW_CTX_EXECUTION_DATE='2021-10-27T00:00:00+00:00' AIRFLOW_CTX_TRY_NUMBER='1' AIRFLOW_CTX_DAG_RUN_ID='scheduled__2021-10-27T00:00:00+00:00'
[2023-10-17T11:20:44.340+0000] {base.py:73} INFO - Using connection ID 'fs_default' for task execution.
[2023-10-17T11:20:44.340+0000] {filesystem.py:64} INFO - Poking for file /opt/in/tiktok_google_play_reviews.csv
[2023-10-17T11:20:44.340+0000] {filesystem.py:69} INFO - Found File /opt/in/tiktok_google_play_reviews.csv last modified: 20220405221612
[2023-10-17T11:20:44.340+0000] {base.py:287} INFO - Success criteria met. Exiting.
[2023-10-17T11:20:44.347+0000] {taskinstance.py:1400} INFO - Marking task as SUCCESS. dag_id=copy_tranform_to_mongo, task_id=waiting_for_data, execution_date=20211027T000000, start_date=20231017T112044, end_date=20231017T112044
[2023-10-17T11:20:44.363+0000] {local_task_job_runner.py:228} INFO - Task exited with return code 0
[2023-10-17T11:20:44.374+0000] {taskinstance.py:2778} INFO - 0 downstream tasks scheduled from follow-on schedule check
[2023-10-18T11:45:11.465+0000] {taskinstance.py:1159} INFO - Dependencies all met for dep_context=non-requeueable deps ti=<TaskInstance: copy_tranform_to_mongo.waiting_for_data scheduled__2021-10-27T00:00:00+00:00 [queued]>
[2023-10-18T11:45:11.475+0000] {taskinstance.py:1159} INFO - Dependencies all met for dep_context=requeueable deps ti=<TaskInstance: copy_tranform_to_mongo.waiting_for_data scheduled__2021-10-27T00:00:00+00:00 [queued]>
[2023-10-18T11:45:11.476+0000] {taskinstance.py:1361} INFO - Starting attempt 1 of 1
[2023-10-18T11:45:11.495+0000] {taskinstance.py:1382} INFO - Executing <Task(FileSensor): waiting_for_data> on 2021-10-27 00:00:00+00:00
[2023-10-18T11:45:11.505+0000] {standard_task_runner.py:57} INFO - Started process 1681 to run task
[2023-10-18T11:45:11.510+0000] {standard_task_runner.py:84} INFO - Running: ['***', 'tasks', 'run', 'copy_tranform_to_mongo', 'waiting_for_data', 'scheduled__2021-10-27T00:00:00+00:00', '--job-id', '562', '--raw', '--subdir', 'DAGS_FOLDER/file_***-mongo.py', '--cfg-path', '/tmp/tmpl25jgtkj']
[2023-10-18T11:45:11.511+0000] {standard_task_runner.py:85} INFO - Job 562: Subtask waiting_for_data
[2023-10-18T11:45:11.562+0000] {task_command.py:416} INFO - Running <TaskInstance: copy_tranform_to_mongo.waiting_for_data scheduled__2021-10-27T00:00:00+00:00 [running]> on host 0e68aa52dfc7
[2023-10-18T11:45:11.701+0000] {taskinstance.py:1662} INFO - Exporting env vars: AIRFLOW_CTX_DAG_OWNER='***' AIRFLOW_CTX_DAG_ID='copy_tranform_to_mongo' AIRFLOW_CTX_TASK_ID='waiting_for_data' AIRFLOW_CTX_EXECUTION_DATE='2021-10-27T00:00:00+00:00' AIRFLOW_CTX_TRY_NUMBER='1' AIRFLOW_CTX_DAG_RUN_ID='scheduled__2021-10-27T00:00:00+00:00'
[2023-10-18T11:45:11.709+0000] {base.py:73} INFO - Using connection ID 'fs_default' for task execution.
[2023-10-18T11:45:11.710+0000] {filesystem.py:64} INFO - Poking for file /opt/in/tiktok_google_play_reviews.csv
[2023-10-18T11:45:11.710+0000] {filesystem.py:69} INFO - Found File /opt/in/tiktok_google_play_reviews.csv last modified: 20220405221612
[2023-10-18T11:45:11.710+0000] {base.py:287} INFO - Success criteria met. Exiting.
[2023-10-18T11:45:11.720+0000] {taskinstance.py:1400} INFO - Marking task as SUCCESS. dag_id=copy_tranform_to_mongo, task_id=waiting_for_data, execution_date=20211027T000000, start_date=20231018T114511, end_date=20231018T114511
[2023-10-18T11:45:11.764+0000] {local_task_job_runner.py:228} INFO - Task exited with return code 0
[2023-10-18T11:45:11.798+0000] {taskinstance.py:2778} INFO - 1 downstream tasks scheduled from follow-on schedule check
