[2023-10-17T11:21:35.756+0000] {taskinstance.py:1159} INFO - Dependencies all met for dep_context=non-requeueable deps ti=<TaskInstance: copy_tranform_to_mongo.waiting_for_data scheduled__2021-12-21T00:00:00+00:00 [queued]>
[2023-10-17T11:21:35.763+0000] {taskinstance.py:1159} INFO - Dependencies all met for dep_context=requeueable deps ti=<TaskInstance: copy_tranform_to_mongo.waiting_for_data scheduled__2021-12-21T00:00:00+00:00 [queued]>
[2023-10-17T11:21:35.763+0000] {taskinstance.py:1361} INFO - Starting attempt 1 of 1
[2023-10-17T11:21:35.774+0000] {taskinstance.py:1382} INFO - Executing <Task(FileSensor): waiting_for_data> on 2021-12-21 00:00:00+00:00
[2023-10-17T11:21:35.779+0000] {standard_task_runner.py:57} INFO - Started process 1173 to run task
[2023-10-17T11:21:35.781+0000] {standard_task_runner.py:84} INFO - Running: ['***', 'tasks', 'run', 'copy_tranform_to_mongo', 'waiting_for_data', 'scheduled__2021-12-21T00:00:00+00:00', '--job-id', '359', '--raw', '--subdir', 'DAGS_FOLDER/file_***-mongo.py', '--cfg-path', '/tmp/tmp580lplhx']
[2023-10-17T11:21:35.782+0000] {standard_task_runner.py:85} INFO - Job 359: Subtask waiting_for_data
[2023-10-17T11:21:35.818+0000] {task_command.py:416} INFO - Running <TaskInstance: copy_tranform_to_mongo.waiting_for_data scheduled__2021-12-21T00:00:00+00:00 [running]> on host 238c1d4ff767
[2023-10-17T11:21:35.878+0000] {taskinstance.py:1662} INFO - Exporting env vars: AIRFLOW_CTX_DAG_OWNER='***' AIRFLOW_CTX_DAG_ID='copy_tranform_to_mongo' AIRFLOW_CTX_TASK_ID='waiting_for_data' AIRFLOW_CTX_EXECUTION_DATE='2021-12-21T00:00:00+00:00' AIRFLOW_CTX_TRY_NUMBER='1' AIRFLOW_CTX_DAG_RUN_ID='scheduled__2021-12-21T00:00:00+00:00'
[2023-10-17T11:21:35.885+0000] {base.py:73} INFO - Using connection ID 'fs_default' for task execution.
[2023-10-17T11:21:35.885+0000] {filesystem.py:64} INFO - Poking for file /opt/in/tiktok_google_play_reviews.csv
[2023-10-17T11:21:35.885+0000] {filesystem.py:69} INFO - Found File /opt/in/tiktok_google_play_reviews.csv last modified: 20220405221612
[2023-10-17T11:21:35.886+0000] {base.py:287} INFO - Success criteria met. Exiting.
[2023-10-17T11:21:35.892+0000] {taskinstance.py:1400} INFO - Marking task as SUCCESS. dag_id=copy_tranform_to_mongo, task_id=waiting_for_data, execution_date=20211221T000000, start_date=20231017T112135, end_date=20231017T112135
[2023-10-17T11:21:35.913+0000] {local_task_job_runner.py:228} INFO - Task exited with return code 0
[2023-10-17T11:21:35.927+0000] {taskinstance.py:2778} INFO - 0 downstream tasks scheduled from follow-on schedule check
[2023-10-18T11:45:45.440+0000] {taskinstance.py:1159} INFO - Dependencies all met for dep_context=non-requeueable deps ti=<TaskInstance: copy_tranform_to_mongo.waiting_for_data scheduled__2021-12-21T00:00:00+00:00 [queued]>
[2023-10-18T11:45:45.449+0000] {taskinstance.py:1159} INFO - Dependencies all met for dep_context=requeueable deps ti=<TaskInstance: copy_tranform_to_mongo.waiting_for_data scheduled__2021-12-21T00:00:00+00:00 [queued]>
[2023-10-18T11:45:45.449+0000] {taskinstance.py:1361} INFO - Starting attempt 1 of 1
[2023-10-18T11:45:45.465+0000] {taskinstance.py:1382} INFO - Executing <Task(FileSensor): waiting_for_data> on 2021-12-21 00:00:00+00:00
[2023-10-18T11:45:45.475+0000] {standard_task_runner.py:57} INFO - Started process 1906 to run task
[2023-10-18T11:45:45.478+0000] {standard_task_runner.py:84} INFO - Running: ['***', 'tasks', 'run', 'copy_tranform_to_mongo', 'waiting_for_data', 'scheduled__2021-12-21T00:00:00+00:00', '--job-id', '670', '--raw', '--subdir', 'DAGS_FOLDER/file_***-mongo.py', '--cfg-path', '/tmp/tmpbfgs23hq']
[2023-10-18T11:45:45.479+0000] {standard_task_runner.py:85} INFO - Job 670: Subtask waiting_for_data
[2023-10-18T11:45:45.539+0000] {task_command.py:416} INFO - Running <TaskInstance: copy_tranform_to_mongo.waiting_for_data scheduled__2021-12-21T00:00:00+00:00 [running]> on host 0e68aa52dfc7
[2023-10-18T11:45:45.627+0000] {taskinstance.py:1662} INFO - Exporting env vars: AIRFLOW_CTX_DAG_OWNER='***' AIRFLOW_CTX_DAG_ID='copy_tranform_to_mongo' AIRFLOW_CTX_TASK_ID='waiting_for_data' AIRFLOW_CTX_EXECUTION_DATE='2021-12-21T00:00:00+00:00' AIRFLOW_CTX_TRY_NUMBER='1' AIRFLOW_CTX_DAG_RUN_ID='scheduled__2021-12-21T00:00:00+00:00'
[2023-10-18T11:45:45.637+0000] {base.py:73} INFO - Using connection ID 'fs_default' for task execution.
[2023-10-18T11:45:45.637+0000] {filesystem.py:64} INFO - Poking for file /opt/in/tiktok_google_play_reviews.csv
[2023-10-18T11:45:45.637+0000] {filesystem.py:69} INFO - Found File /opt/in/tiktok_google_play_reviews.csv last modified: 20220405221612
[2023-10-18T11:45:45.638+0000] {base.py:287} INFO - Success criteria met. Exiting.
[2023-10-18T11:45:45.647+0000] {taskinstance.py:1400} INFO - Marking task as SUCCESS. dag_id=copy_tranform_to_mongo, task_id=waiting_for_data, execution_date=20211221T000000, start_date=20231018T114545, end_date=20231018T114545
[2023-10-18T11:45:45.692+0000] {local_task_job_runner.py:228} INFO - Task exited with return code 0
[2023-10-18T11:45:45.736+0000] {taskinstance.py:2778} INFO - 0 downstream tasks scheduled from follow-on schedule check
