[2023-10-19T13:03:29.290+0000] {taskinstance.py:1159} INFO - Dependencies all met for dep_context=non-requeueable deps ti=<TaskInstance: copy_tranform_to_mongo.transform_data_by_pandas scheduled__2021-01-16T00:00:00+00:00 [queued]>
[2023-10-19T13:03:29.307+0000] {taskinstance.py:1159} INFO - Dependencies all met for dep_context=requeueable deps ti=<TaskInstance: copy_tranform_to_mongo.transform_data_by_pandas scheduled__2021-01-16T00:00:00+00:00 [queued]>
[2023-10-19T13:03:29.308+0000] {taskinstance.py:1361} INFO - Starting attempt 1 of 1
[2023-10-19T13:03:29.339+0000] {taskinstance.py:1382} INFO - Executing <Task(DockerOperator): transform_data_by_pandas> on 2021-01-16 00:00:00+00:00
[2023-10-19T13:03:29.355+0000] {standard_task_runner.py:57} INFO - Started process 171 to run task
[2023-10-19T13:03:29.358+0000] {standard_task_runner.py:84} INFO - Running: ['***', 'tasks', 'run', 'copy_tranform_to_mongo', 'transform_data_by_pandas', 'scheduled__2021-01-16T00:00:00+00:00', '--job-id', '34', '--raw', '--subdir', 'DAGS_FOLDER/file_***-mongo.py', '--cfg-path', '/tmp/tmpvwijdn9k']
[2023-10-19T13:03:29.359+0000] {standard_task_runner.py:85} INFO - Job 34: Subtask transform_data_by_pandas
[2023-10-19T13:03:29.490+0000] {task_command.py:416} INFO - Running <TaskInstance: copy_tranform_to_mongo.transform_data_by_pandas scheduled__2021-01-16T00:00:00+00:00 [running]> on host f2b9ba520501
[2023-10-19T13:03:29.763+0000] {taskinstance.py:1662} INFO - Exporting env vars: AIRFLOW_CTX_DAG_OWNER='***' AIRFLOW_CTX_DAG_ID='copy_tranform_to_mongo' AIRFLOW_CTX_TASK_ID='transform_data_by_pandas' AIRFLOW_CTX_EXECUTION_DATE='2021-01-16T00:00:00+00:00' AIRFLOW_CTX_TRY_NUMBER='1' AIRFLOW_CTX_DAG_RUN_ID='scheduled__2021-01-16T00:00:00+00:00'
[2023-10-19T13:03:29.794+0000] {docker.py:337} INFO - Starting docker container from image python/pandas:1.0.0
[2023-10-19T13:03:32.117+0000] {docker.py:406} INFO - Input Notebook:  /opt/pandasapp/notebooks/tiktok_google_reviews.ipynb
[2023-10-19T13:03:32.118+0000] {docker.py:406} INFO - Output Notebook: /opt/pandasapp/notebooks/tiktok_google_reviews.ipynb
[2023-10-19T13:03:32.282+0000] {docker.py:406} INFO - Executing:   0%|          | 0/27 [00:00<?, ?cell/s]
[2023-10-19T13:03:36.605+0000] {docker.py:406} INFO - Executing notebook with kernel: python3
[2023-10-19T13:03:36.653+0000] {docker.py:406} INFO - Executing:   4%|▎         | 1/27 [00:04<01:53,  4.36s/cell]
[2023-10-19T13:03:36.808+0000] {docker.py:406} INFO - Executing:   7%|▋         | 2/27 [00:04<00:47,  1.89s/cell]
[2023-10-19T13:03:40.707+0000] {docker.py:406} INFO - Executing:  15%|█▍        | 4/27 [00:08<00:44,  1.93s/cell]
[2023-10-19T13:03:46.438+0000] {docker.py:406} INFO - Executing:  22%|██▏       | 6/27 [00:14<00:49,  2.37s/cell]
[2023-10-19T13:03:46.707+0000] {docker.py:406} INFO - Executing:  33%|███▎      | 9/27 [00:14<00:22,  1.22s/cell]
[2023-10-19T13:03:46.844+0000] {docker.py:406} INFO - Executing:  37%|███▋      | 10/27 [00:14<00:17,  1.01s/cell]
[2023-10-19T13:03:46.964+0000] {docker.py:406} INFO - Executing:  41%|████      | 11/27 [00:14<00:13,  1.22cell/s]
[2023-10-19T13:03:47.659+0000] {docker.py:406} INFO - Executing:  44%|████▍     | 12/27 [00:15<00:11,  1.26cell/s]
[2023-10-19T13:03:47.855+0000] {docker.py:406} INFO - Executing:  48%|████▊     | 13/27 [00:15<00:08,  1.56cell/s]
[2023-10-19T13:03:47.998+0000] {docker.py:406} INFO - Executing:  52%|█████▏    | 14/27 [00:15<00:06,  1.97cell/s]
[2023-10-19T13:03:48.329+0000] {docker.py:406} INFO - Executing:  59%|█████▉    | 16/27 [00:16<00:03,  2.77cell/s]
[2023-10-19T13:03:49.414+0000] {docker.py:406} INFO - Executing:  63%|██████▎   | 17/27 [00:17<00:05,  1.88cell/s]
[2023-10-19T13:03:49.831+0000] {docker.py:406} INFO - Executing:  70%|███████   | 19/27 [00:17<00:03,  2.52cell/s]
[2023-10-19T13:03:51.466+0000] {docker.py:406} INFO - Executing:  74%|███████▍  | 20/27 [00:19<00:04,  1.48cell/s]
[2023-10-19T13:03:52.490+0000] {docker.py:406} INFO - Executing:  78%|███████▊  | 21/27 [00:20<00:04,  1.31cell/s]
[2023-10-19T13:03:54.317+0000] {docker.py:406} INFO - Executing:  81%|████████▏ | 22/27 [00:22<00:05,  1.04s/cell]
[2023-10-19T13:03:55.768+0000] {docker.py:406} INFO - Executing:  85%|████████▌ | 23/27 [00:23<00:04,  1.15s/cell]
[2023-10-19T13:03:56.022+0000] {docker.py:406} INFO - Executing:  93%|█████████▎| 25/27 [00:23<00:01,  1.42cell/s]
[2023-10-19T13:03:59.186+0000] {docker.py:406} INFO - Executing:  96%|█████████▋| 26/27 [00:26<00:01,  1.29s/cell]
[2023-10-19T13:03:59.333+0000] {docker.py:406} INFO - Executing: 100%|██████████| 27/27 [00:27<00:00,  1.00cell/s]
[2023-10-19T13:04:02.046+0000] {docker.py:406} INFO - Executing: 100%|██████████| 27/27 [00:29<00:00,  1.10s/cell]
[2023-10-19T13:04:03.815+0000] {taskinstance.py:1400} INFO - Marking task as SUCCESS. dag_id=copy_tranform_to_mongo, task_id=transform_data_by_pandas, execution_date=20210116T000000, start_date=20231019T130329, end_date=20231019T130403
[2023-10-19T13:04:03.917+0000] {local_task_job_runner.py:228} INFO - Task exited with return code 0
[2023-10-19T13:04:03.960+0000] {taskinstance.py:2778} INFO - 1 downstream tasks scheduled from follow-on schedule check
