[2023-10-17T11:22:13.425+0000] {taskinstance.py:1159} INFO - Dependencies all met for dep_context=non-requeueable deps ti=<TaskInstance: copy_tranform_to_mongo.waiting_for_data scheduled__2022-03-23T00:00:00+00:00 [queued]>
[2023-10-17T11:22:13.436+0000] {taskinstance.py:1159} INFO - Dependencies all met for dep_context=requeueable deps ti=<TaskInstance: copy_tranform_to_mongo.waiting_for_data scheduled__2022-03-23T00:00:00+00:00 [queued]>
[2023-10-17T11:22:13.436+0000] {taskinstance.py:1361} INFO - Starting attempt 1 of 1
[2023-10-17T11:22:13.450+0000] {taskinstance.py:1382} INFO - Executing <Task(FileSensor): waiting_for_data> on 2022-03-23 00:00:00+00:00
[2023-10-17T11:22:13.458+0000] {standard_task_runner.py:57} INFO - Started process 1366 to run task
[2023-10-17T11:22:13.461+0000] {standard_task_runner.py:84} INFO - Running: ['***', 'tasks', 'run', 'copy_tranform_to_mongo', 'waiting_for_data', 'scheduled__2022-03-23T00:00:00+00:00', '--job-id', '451', '--raw', '--subdir', 'DAGS_FOLDER/file_***-mongo.py', '--cfg-path', '/tmp/tmp7uaff8of']
[2023-10-17T11:22:13.463+0000] {standard_task_runner.py:85} INFO - Job 451: Subtask waiting_for_data
[2023-10-17T11:22:13.504+0000] {task_command.py:416} INFO - Running <TaskInstance: copy_tranform_to_mongo.waiting_for_data scheduled__2022-03-23T00:00:00+00:00 [running]> on host 238c1d4ff767
[2023-10-17T11:22:13.581+0000] {taskinstance.py:1662} INFO - Exporting env vars: AIRFLOW_CTX_DAG_OWNER='***' AIRFLOW_CTX_DAG_ID='copy_tranform_to_mongo' AIRFLOW_CTX_TASK_ID='waiting_for_data' AIRFLOW_CTX_EXECUTION_DATE='2022-03-23T00:00:00+00:00' AIRFLOW_CTX_TRY_NUMBER='1' AIRFLOW_CTX_DAG_RUN_ID='scheduled__2022-03-23T00:00:00+00:00'
[2023-10-17T11:22:13.588+0000] {base.py:73} INFO - Using connection ID 'fs_default' for task execution.
[2023-10-17T11:22:13.588+0000] {filesystem.py:64} INFO - Poking for file /opt/in/tiktok_google_play_reviews.csv
[2023-10-17T11:22:13.588+0000] {filesystem.py:69} INFO - Found File /opt/in/tiktok_google_play_reviews.csv last modified: 20220405221612
[2023-10-17T11:22:13.589+0000] {base.py:287} INFO - Success criteria met. Exiting.
[2023-10-17T11:22:13.598+0000] {taskinstance.py:1400} INFO - Marking task as SUCCESS. dag_id=copy_tranform_to_mongo, task_id=waiting_for_data, execution_date=20220323T000000, start_date=20231017T112213, end_date=20231017T112213
[2023-10-17T11:22:13.634+0000] {local_task_job_runner.py:228} INFO - Task exited with return code 0
[2023-10-17T11:22:13.647+0000] {taskinstance.py:2778} INFO - 0 downstream tasks scheduled from follow-on schedule check
[2023-10-18T11:46:46.857+0000] {taskinstance.py:1159} INFO - Dependencies all met for dep_context=non-requeueable deps ti=<TaskInstance: copy_tranform_to_mongo.waiting_for_data scheduled__2022-03-23T00:00:00+00:00 [queued]>
[2023-10-18T11:46:46.867+0000] {taskinstance.py:1159} INFO - Dependencies all met for dep_context=requeueable deps ti=<TaskInstance: copy_tranform_to_mongo.waiting_for_data scheduled__2022-03-23T00:00:00+00:00 [queued]>
[2023-10-18T11:46:46.868+0000] {taskinstance.py:1361} INFO - Starting attempt 1 of 1
[2023-10-18T11:46:46.884+0000] {taskinstance.py:1382} INFO - Executing <Task(FileSensor): waiting_for_data> on 2022-03-23 00:00:00+00:00
[2023-10-18T11:46:46.892+0000] {standard_task_runner.py:57} INFO - Started process 2299 to run task
[2023-10-18T11:46:46.894+0000] {standard_task_runner.py:84} INFO - Running: ['***', 'tasks', 'run', 'copy_tranform_to_mongo', 'waiting_for_data', 'scheduled__2022-03-23T00:00:00+00:00', '--job-id', '858', '--raw', '--subdir', 'DAGS_FOLDER/file_***-mongo.py', '--cfg-path', '/tmp/tmpmq6ilc86']
[2023-10-18T11:46:46.895+0000] {standard_task_runner.py:85} INFO - Job 858: Subtask waiting_for_data
[2023-10-18T11:46:46.941+0000] {task_command.py:416} INFO - Running <TaskInstance: copy_tranform_to_mongo.waiting_for_data scheduled__2022-03-23T00:00:00+00:00 [running]> on host 0e68aa52dfc7
[2023-10-18T11:46:47.021+0000] {taskinstance.py:1662} INFO - Exporting env vars: AIRFLOW_CTX_DAG_OWNER='***' AIRFLOW_CTX_DAG_ID='copy_tranform_to_mongo' AIRFLOW_CTX_TASK_ID='waiting_for_data' AIRFLOW_CTX_EXECUTION_DATE='2022-03-23T00:00:00+00:00' AIRFLOW_CTX_TRY_NUMBER='1' AIRFLOW_CTX_DAG_RUN_ID='scheduled__2022-03-23T00:00:00+00:00'
[2023-10-18T11:46:47.035+0000] {base.py:73} INFO - Using connection ID 'fs_default' for task execution.
[2023-10-18T11:46:47.035+0000] {filesystem.py:64} INFO - Poking for file /opt/in/tiktok_google_play_reviews.csv
[2023-10-18T11:46:47.035+0000] {filesystem.py:69} INFO - Found File /opt/in/tiktok_google_play_reviews.csv last modified: 20220405221612
[2023-10-18T11:46:47.035+0000] {base.py:287} INFO - Success criteria met. Exiting.
[2023-10-18T11:46:47.046+0000] {taskinstance.py:1400} INFO - Marking task as SUCCESS. dag_id=copy_tranform_to_mongo, task_id=waiting_for_data, execution_date=20220323T000000, start_date=20231018T114646, end_date=20231018T114647
[2023-10-18T11:46:47.067+0000] {local_task_job_runner.py:228} INFO - Task exited with return code 0
[2023-10-18T11:46:47.144+0000] {taskinstance.py:2778} INFO - 0 downstream tasks scheduled from follow-on schedule check
