[2023-10-19T13:03:27.974+0000] {taskinstance.py:1159} INFO - Dependencies all met for dep_context=non-requeueable deps ti=<TaskInstance: copy_tranform_to_mongo.transform_data_by_pandas scheduled__2021-01-15T00:00:00+00:00 [queued]>
[2023-10-19T13:03:28.009+0000] {taskinstance.py:1159} INFO - Dependencies all met for dep_context=requeueable deps ti=<TaskInstance: copy_tranform_to_mongo.transform_data_by_pandas scheduled__2021-01-15T00:00:00+00:00 [queued]>
[2023-10-19T13:03:28.012+0000] {taskinstance.py:1361} INFO - Starting attempt 1 of 1
[2023-10-19T13:03:28.044+0000] {taskinstance.py:1382} INFO - Executing <Task(DockerOperator): transform_data_by_pandas> on 2021-01-15 00:00:00+00:00
[2023-10-19T13:03:28.064+0000] {standard_task_runner.py:57} INFO - Started process 167 to run task
[2023-10-19T13:03:28.080+0000] {standard_task_runner.py:84} INFO - Running: ['***', 'tasks', 'run', 'copy_tranform_to_mongo', 'transform_data_by_pandas', 'scheduled__2021-01-15T00:00:00+00:00', '--job-id', '31', '--raw', '--subdir', 'DAGS_FOLDER/file_***-mongo.py', '--cfg-path', '/tmp/tmppqcoxfat']
[2023-10-19T13:03:28.081+0000] {standard_task_runner.py:85} INFO - Job 31: Subtask transform_data_by_pandas
[2023-10-19T13:03:28.218+0000] {task_command.py:416} INFO - Running <TaskInstance: copy_tranform_to_mongo.transform_data_by_pandas scheduled__2021-01-15T00:00:00+00:00 [running]> on host f2b9ba520501
[2023-10-19T13:03:28.530+0000] {taskinstance.py:1662} INFO - Exporting env vars: AIRFLOW_CTX_DAG_OWNER='***' AIRFLOW_CTX_DAG_ID='copy_tranform_to_mongo' AIRFLOW_CTX_TASK_ID='transform_data_by_pandas' AIRFLOW_CTX_EXECUTION_DATE='2021-01-15T00:00:00+00:00' AIRFLOW_CTX_TRY_NUMBER='1' AIRFLOW_CTX_DAG_RUN_ID='scheduled__2021-01-15T00:00:00+00:00'
[2023-10-19T13:03:28.619+0000] {docker.py:337} INFO - Starting docker container from image python/pandas:1.0.0
[2023-10-19T13:03:30.305+0000] {docker.py:406} INFO - Input Notebook:  /opt/pandasapp/notebooks/tiktok_google_reviews.ipynb
Output Notebook: /opt/pandasapp/notebooks/tiktok_google_reviews.ipynb
[2023-10-19T13:03:30.553+0000] {docker.py:406} INFO - Executing:   0%|          | 0/27 [00:00<?, ?cell/s]
[2023-10-19T13:03:33.709+0000] {docker.py:406} INFO - Executing notebook with kernel: python3
[2023-10-19T13:03:33.745+0000] {docker.py:406} INFO - Executing:   4%|▎         | 1/27 [00:03<01:22,  3.19s/cell]
[2023-10-19T13:03:33.865+0000] {docker.py:406} INFO - Executing:   7%|▋         | 2/27 [00:03<00:34,  1.38s/cell]
[2023-10-19T13:03:37.715+0000] {docker.py:406} INFO - Executing:  15%|█▍        | 4/27 [00:07<00:39,  1.72s/cell]
[2023-10-19T13:03:47.653+0000] {docker.py:406} INFO - Executing:  22%|██▏       | 6/27 [00:17<01:08,  3.26s/cell]
[2023-10-19T13:03:47.895+0000] {docker.py:406} INFO - Executing:  33%|███▎      | 9/27 [00:17<00:29,  1.66s/cell]
[2023-10-19T13:03:48.030+0000] {docker.py:406} INFO - Executing:  37%|███▋      | 10/27 [00:17<00:23,  1.36s/cell]
[2023-10-19T13:03:48.165+0000] {docker.py:406} INFO - Executing:  41%|████      | 11/27 [00:17<00:17,  1.10s/cell]
[2023-10-19T13:03:48.585+0000] {docker.py:406} INFO - Executing:  44%|████▍     | 12/27 [00:18<00:14,  1.07cell/s]
[2023-10-19T13:03:48.825+0000] {docker.py:406} INFO - Executing:  48%|████▊     | 13/27 [00:18<00:10,  1.31cell/s]
[2023-10-19T13:03:49.465+0000] {docker.py:406} INFO - Executing:  59%|█████▉    | 16/27 [00:18<00:05,  2.10cell/s]
[2023-10-19T13:03:51.147+0000] {docker.py:406} INFO - Executing:  63%|██████▎   | 17/27 [00:20<00:07,  1.40cell/s]
[2023-10-19T13:03:51.251+0000] {docker.py:406} INFO - Executing:  67%|██████▋   | 18/27 [00:20<00:05,  1.72cell/s]
[2023-10-19T13:03:51.513+0000] {docker.py:406} INFO - Executing:  70%|███████   | 19/27 [00:20<00:04,  1.98cell/s]
[2023-10-19T13:03:53.307+0000] {docker.py:406} INFO - Executing:  74%|███████▍  | 20/27 [00:22<00:05,  1.20cell/s]
[2023-10-19T13:03:53.827+0000] {docker.py:406} INFO - Executing:  78%|███████▊  | 21/27 [00:23<00:04,  1.33cell/s]
[2023-10-19T13:03:54.932+0000] {docker.py:406} INFO - Executing:  81%|████████▏ | 22/27 [00:24<00:04,  1.18cell/s]
[2023-10-19T13:03:55.936+0000] {docker.py:406} INFO - Executing:  85%|████████▌ | 23/27 [00:25<00:03,  1.12cell/s]
[2023-10-19T13:03:56.367+0000] {docker.py:406} INFO - Executing:  93%|█████████▎| 25/27 [00:25<00:01,  1.70cell/s]
[2023-10-19T13:04:01.196+0000] {docker.py:406} INFO - Executing:  96%|█████████▋| 26/27 [00:30<00:01,  1.62s/cell]
[2023-10-19T13:04:01.316+0000] {docker.py:406} INFO - Executing: 100%|██████████| 27/27 [00:30<00:00,  1.23s/cell]
[2023-10-19T13:04:03.829+0000] {docker.py:406} INFO - Executing: 100%|██████████| 27/27 [00:33<00:00,  1.23s/cell]
[2023-10-19T13:04:04.818+0000] {taskinstance.py:1400} INFO - Marking task as SUCCESS. dag_id=copy_tranform_to_mongo, task_id=transform_data_by_pandas, execution_date=20210115T000000, start_date=20231019T130327, end_date=20231019T130404
[2023-10-19T13:04:04.885+0000] {local_task_job_runner.py:228} INFO - Task exited with return code 0
[2023-10-19T13:04:05.148+0000] {taskinstance.py:2778} INFO - 0 downstream tasks scheduled from follow-on schedule check
