[2023-10-17T11:25:16.886+0000] {taskinstance.py:1159} INFO - Dependencies all met for dep_context=non-requeueable deps ti=<TaskInstance: copy_tranform_to_mongo.waiting_for_data scheduled__2023-02-28T00:00:00+00:00 [queued]>
[2023-10-17T11:25:16.893+0000] {taskinstance.py:1159} INFO - Dependencies all met for dep_context=requeueable deps ti=<TaskInstance: copy_tranform_to_mongo.waiting_for_data scheduled__2023-02-28T00:00:00+00:00 [queued]>
[2023-10-17T11:25:16.893+0000] {taskinstance.py:1361} INFO - Starting attempt 1 of 1
[2023-10-17T11:25:16.902+0000] {taskinstance.py:1382} INFO - Executing <Task(FileSensor): waiting_for_data> on 2023-02-28 00:00:00+00:00
[2023-10-17T11:25:16.907+0000] {standard_task_runner.py:57} INFO - Started process 2096 to run task
[2023-10-17T11:25:16.909+0000] {standard_task_runner.py:84} INFO - Running: ['***', 'tasks', 'run', 'copy_tranform_to_mongo', 'waiting_for_data', 'scheduled__2023-02-28T00:00:00+00:00', '--job-id', '793', '--raw', '--subdir', 'DAGS_FOLDER/file_***-mongo.py', '--cfg-path', '/tmp/tmp46ubo0dr']
[2023-10-17T11:25:16.910+0000] {standard_task_runner.py:85} INFO - Job 793: Subtask waiting_for_data
[2023-10-17T11:25:16.945+0000] {task_command.py:416} INFO - Running <TaskInstance: copy_tranform_to_mongo.waiting_for_data scheduled__2023-02-28T00:00:00+00:00 [running]> on host 238c1d4ff767
[2023-10-17T11:25:17.001+0000] {taskinstance.py:1662} INFO - Exporting env vars: AIRFLOW_CTX_DAG_OWNER='***' AIRFLOW_CTX_DAG_ID='copy_tranform_to_mongo' AIRFLOW_CTX_TASK_ID='waiting_for_data' AIRFLOW_CTX_EXECUTION_DATE='2023-02-28T00:00:00+00:00' AIRFLOW_CTX_TRY_NUMBER='1' AIRFLOW_CTX_DAG_RUN_ID='scheduled__2023-02-28T00:00:00+00:00'
[2023-10-17T11:25:17.007+0000] {base.py:73} INFO - Using connection ID 'fs_default' for task execution.
[2023-10-17T11:25:17.007+0000] {filesystem.py:64} INFO - Poking for file /opt/in/tiktok_google_play_reviews.csv
[2023-10-17T11:25:17.007+0000] {filesystem.py:69} INFO - Found File /opt/in/tiktok_google_play_reviews.csv last modified: 20220405221612
[2023-10-17T11:25:17.007+0000] {base.py:287} INFO - Success criteria met. Exiting.
[2023-10-17T11:25:17.014+0000] {taskinstance.py:1400} INFO - Marking task as SUCCESS. dag_id=copy_tranform_to_mongo, task_id=waiting_for_data, execution_date=20230228T000000, start_date=20231017T112516, end_date=20231017T112517
[2023-10-17T11:25:17.041+0000] {local_task_job_runner.py:228} INFO - Task exited with return code 0
[2023-10-17T11:25:17.058+0000] {taskinstance.py:2778} INFO - 0 downstream tasks scheduled from follow-on schedule check
[2023-10-18T11:50:34.421+0000] {taskinstance.py:1159} INFO - Dependencies all met for dep_context=non-requeueable deps ti=<TaskInstance: copy_tranform_to_mongo.waiting_for_data scheduled__2023-02-28T00:00:00+00:00 [queued]>
[2023-10-18T11:50:34.432+0000] {taskinstance.py:1159} INFO - Dependencies all met for dep_context=requeueable deps ti=<TaskInstance: copy_tranform_to_mongo.waiting_for_data scheduled__2023-02-28T00:00:00+00:00 [queued]>
[2023-10-18T11:50:34.433+0000] {taskinstance.py:1361} INFO - Starting attempt 1 of 1
[2023-10-18T11:50:34.449+0000] {taskinstance.py:1382} INFO - Executing <Task(FileSensor): waiting_for_data> on 2023-02-28 00:00:00+00:00
[2023-10-18T11:50:34.459+0000] {standard_task_runner.py:57} INFO - Started process 3720 to run task
[2023-10-18T11:50:34.465+0000] {standard_task_runner.py:84} INFO - Running: ['***', 'tasks', 'run', 'copy_tranform_to_mongo', 'waiting_for_data', 'scheduled__2023-02-28T00:00:00+00:00', '--job-id', '1541', '--raw', '--subdir', 'DAGS_FOLDER/file_***-mongo.py', '--cfg-path', '/tmp/tmpzim2yp2v']
[2023-10-18T11:50:34.467+0000] {standard_task_runner.py:85} INFO - Job 1541: Subtask waiting_for_data
[2023-10-18T11:50:34.516+0000] {task_command.py:416} INFO - Running <TaskInstance: copy_tranform_to_mongo.waiting_for_data scheduled__2023-02-28T00:00:00+00:00 [running]> on host 0e68aa52dfc7
[2023-10-18T11:50:34.604+0000] {taskinstance.py:1662} INFO - Exporting env vars: AIRFLOW_CTX_DAG_OWNER='***' AIRFLOW_CTX_DAG_ID='copy_tranform_to_mongo' AIRFLOW_CTX_TASK_ID='waiting_for_data' AIRFLOW_CTX_EXECUTION_DATE='2023-02-28T00:00:00+00:00' AIRFLOW_CTX_TRY_NUMBER='1' AIRFLOW_CTX_DAG_RUN_ID='scheduled__2023-02-28T00:00:00+00:00'
[2023-10-18T11:50:34.612+0000] {base.py:73} INFO - Using connection ID 'fs_default' for task execution.
[2023-10-18T11:50:34.613+0000] {filesystem.py:64} INFO - Poking for file /opt/in/tiktok_google_play_reviews.csv
[2023-10-18T11:50:34.613+0000] {filesystem.py:69} INFO - Found File /opt/in/tiktok_google_play_reviews.csv last modified: 20220405221612
[2023-10-18T11:50:34.613+0000] {base.py:287} INFO - Success criteria met. Exiting.
[2023-10-18T11:50:34.623+0000] {taskinstance.py:1400} INFO - Marking task as SUCCESS. dag_id=copy_tranform_to_mongo, task_id=waiting_for_data, execution_date=20230228T000000, start_date=20231018T115034, end_date=20231018T115034
[2023-10-18T11:50:34.674+0000] {local_task_job_runner.py:228} INFO - Task exited with return code 0
[2023-10-18T11:50:34.707+0000] {taskinstance.py:2778} INFO - 1 downstream tasks scheduled from follow-on schedule check
