[2023-10-17T11:22:23.654+0000] {taskinstance.py:1159} INFO - Dependencies all met for dep_context=non-requeueable deps ti=<TaskInstance: copy_tranform_to_mongo.waiting_for_data scheduled__2022-04-17T00:00:00+00:00 [queued]>
[2023-10-17T11:22:23.662+0000] {taskinstance.py:1159} INFO - Dependencies all met for dep_context=requeueable deps ti=<TaskInstance: copy_tranform_to_mongo.waiting_for_data scheduled__2022-04-17T00:00:00+00:00 [queued]>
[2023-10-17T11:22:23.662+0000] {taskinstance.py:1361} INFO - Starting attempt 1 of 1
[2023-10-17T11:22:23.677+0000] {taskinstance.py:1382} INFO - Executing <Task(FileSensor): waiting_for_data> on 2022-04-17 00:00:00+00:00
[2023-10-17T11:22:23.685+0000] {standard_task_runner.py:57} INFO - Started process 1416 to run task
[2023-10-17T11:22:23.687+0000] {standard_task_runner.py:84} INFO - Running: ['***', 'tasks', 'run', 'copy_tranform_to_mongo', 'waiting_for_data', 'scheduled__2022-04-17T00:00:00+00:00', '--job-id', '476', '--raw', '--subdir', 'DAGS_FOLDER/file_***-mongo.py', '--cfg-path', '/tmp/tmpv8kerids']
[2023-10-17T11:22:23.688+0000] {standard_task_runner.py:85} INFO - Job 476: Subtask waiting_for_data
[2023-10-17T11:22:23.736+0000] {task_command.py:416} INFO - Running <TaskInstance: copy_tranform_to_mongo.waiting_for_data scheduled__2022-04-17T00:00:00+00:00 [running]> on host 238c1d4ff767
[2023-10-17T11:22:23.804+0000] {taskinstance.py:1662} INFO - Exporting env vars: AIRFLOW_CTX_DAG_OWNER='***' AIRFLOW_CTX_DAG_ID='copy_tranform_to_mongo' AIRFLOW_CTX_TASK_ID='waiting_for_data' AIRFLOW_CTX_EXECUTION_DATE='2022-04-17T00:00:00+00:00' AIRFLOW_CTX_TRY_NUMBER='1' AIRFLOW_CTX_DAG_RUN_ID='scheduled__2022-04-17T00:00:00+00:00'
[2023-10-17T11:22:23.813+0000] {base.py:73} INFO - Using connection ID 'fs_default' for task execution.
[2023-10-17T11:22:23.814+0000] {filesystem.py:64} INFO - Poking for file /opt/in/tiktok_google_play_reviews.csv
[2023-10-17T11:22:23.814+0000] {filesystem.py:69} INFO - Found File /opt/in/tiktok_google_play_reviews.csv last modified: 20220405221612
[2023-10-17T11:22:23.814+0000] {base.py:287} INFO - Success criteria met. Exiting.
[2023-10-17T11:22:23.822+0000] {taskinstance.py:1400} INFO - Marking task as SUCCESS. dag_id=copy_tranform_to_mongo, task_id=waiting_for_data, execution_date=20220417T000000, start_date=20231017T112223, end_date=20231017T112223
[2023-10-17T11:22:23.860+0000] {local_task_job_runner.py:228} INFO - Task exited with return code 0
[2023-10-17T11:22:23.873+0000] {taskinstance.py:2778} INFO - 0 downstream tasks scheduled from follow-on schedule check
[2023-10-18T11:46:58.507+0000] {taskinstance.py:1159} INFO - Dependencies all met for dep_context=non-requeueable deps ti=<TaskInstance: copy_tranform_to_mongo.waiting_for_data scheduled__2022-04-17T00:00:00+00:00 [queued]>
[2023-10-18T11:46:58.519+0000] {taskinstance.py:1159} INFO - Dependencies all met for dep_context=requeueable deps ti=<TaskInstance: copy_tranform_to_mongo.waiting_for_data scheduled__2022-04-17T00:00:00+00:00 [queued]>
[2023-10-18T11:46:58.520+0000] {taskinstance.py:1361} INFO - Starting attempt 1 of 1
[2023-10-18T11:46:58.534+0000] {taskinstance.py:1382} INFO - Executing <Task(FileSensor): waiting_for_data> on 2022-04-17 00:00:00+00:00
[2023-10-18T11:46:58.542+0000] {standard_task_runner.py:57} INFO - Started process 2390 to run task
[2023-10-18T11:46:58.545+0000] {standard_task_runner.py:84} INFO - Running: ['***', 'tasks', 'run', 'copy_tranform_to_mongo', 'waiting_for_data', 'scheduled__2022-04-17T00:00:00+00:00', '--job-id', '903', '--raw', '--subdir', 'DAGS_FOLDER/file_***-mongo.py', '--cfg-path', '/tmp/tmpvgg0cfl8']
[2023-10-18T11:46:58.546+0000] {standard_task_runner.py:85} INFO - Job 903: Subtask waiting_for_data
[2023-10-18T11:46:58.607+0000] {task_command.py:416} INFO - Running <TaskInstance: copy_tranform_to_mongo.waiting_for_data scheduled__2022-04-17T00:00:00+00:00 [running]> on host 0e68aa52dfc7
[2023-10-18T11:46:58.716+0000] {taskinstance.py:1662} INFO - Exporting env vars: AIRFLOW_CTX_DAG_OWNER='***' AIRFLOW_CTX_DAG_ID='copy_tranform_to_mongo' AIRFLOW_CTX_TASK_ID='waiting_for_data' AIRFLOW_CTX_EXECUTION_DATE='2022-04-17T00:00:00+00:00' AIRFLOW_CTX_TRY_NUMBER='1' AIRFLOW_CTX_DAG_RUN_ID='scheduled__2022-04-17T00:00:00+00:00'
[2023-10-18T11:46:58.735+0000] {base.py:73} INFO - Using connection ID 'fs_default' for task execution.
[2023-10-18T11:46:58.736+0000] {filesystem.py:64} INFO - Poking for file /opt/in/tiktok_google_play_reviews.csv
[2023-10-18T11:46:58.736+0000] {filesystem.py:69} INFO - Found File /opt/in/tiktok_google_play_reviews.csv last modified: 20220405221612
[2023-10-18T11:46:58.736+0000] {base.py:287} INFO - Success criteria met. Exiting.
[2023-10-18T11:46:58.746+0000] {taskinstance.py:1400} INFO - Marking task as SUCCESS. dag_id=copy_tranform_to_mongo, task_id=waiting_for_data, execution_date=20220417T000000, start_date=20231018T114658, end_date=20231018T114658
[2023-10-18T11:46:58.801+0000] {local_task_job_runner.py:228} INFO - Task exited with return code 0
[2023-10-18T11:46:58.903+0000] {taskinstance.py:2778} INFO - 0 downstream tasks scheduled from follow-on schedule check
