[2023-10-17T11:25:34.660+0000] {taskinstance.py:1159} INFO - Dependencies all met for dep_context=non-requeueable deps ti=<TaskInstance: copy_tranform_to_mongo.waiting_for_data scheduled__2023-04-09T00:00:00+00:00 [queued]>
[2023-10-17T11:25:34.669+0000] {taskinstance.py:1159} INFO - Dependencies all met for dep_context=requeueable deps ti=<TaskInstance: copy_tranform_to_mongo.waiting_for_data scheduled__2023-04-09T00:00:00+00:00 [queued]>
[2023-10-17T11:25:34.669+0000] {taskinstance.py:1361} INFO - Starting attempt 1 of 1
[2023-10-17T11:25:34.699+0000] {taskinstance.py:1382} INFO - Executing <Task(FileSensor): waiting_for_data> on 2023-04-09 00:00:00+00:00
[2023-10-17T11:25:34.706+0000] {standard_task_runner.py:57} INFO - Started process 2178 to run task
[2023-10-17T11:25:34.709+0000] {standard_task_runner.py:84} INFO - Running: ['***', 'tasks', 'run', 'copy_tranform_to_mongo', 'waiting_for_data', 'scheduled__2023-04-09T00:00:00+00:00', '--job-id', '833', '--raw', '--subdir', 'DAGS_FOLDER/file_***-mongo.py', '--cfg-path', '/tmp/tmp_bnq6fpa']
[2023-10-17T11:25:34.711+0000] {standard_task_runner.py:85} INFO - Job 833: Subtask waiting_for_data
[2023-10-17T11:25:34.758+0000] {task_command.py:416} INFO - Running <TaskInstance: copy_tranform_to_mongo.waiting_for_data scheduled__2023-04-09T00:00:00+00:00 [running]> on host 238c1d4ff767
[2023-10-17T11:25:34.830+0000] {taskinstance.py:1662} INFO - Exporting env vars: AIRFLOW_CTX_DAG_OWNER='***' AIRFLOW_CTX_DAG_ID='copy_tranform_to_mongo' AIRFLOW_CTX_TASK_ID='waiting_for_data' AIRFLOW_CTX_EXECUTION_DATE='2023-04-09T00:00:00+00:00' AIRFLOW_CTX_TRY_NUMBER='1' AIRFLOW_CTX_DAG_RUN_ID='scheduled__2023-04-09T00:00:00+00:00'
[2023-10-17T11:25:34.839+0000] {base.py:73} INFO - Using connection ID 'fs_default' for task execution.
[2023-10-17T11:25:34.840+0000] {filesystem.py:64} INFO - Poking for file /opt/in/tiktok_google_play_reviews.csv
[2023-10-17T11:25:34.840+0000] {filesystem.py:69} INFO - Found File /opt/in/tiktok_google_play_reviews.csv last modified: 20220405221612
[2023-10-17T11:25:34.840+0000] {base.py:287} INFO - Success criteria met. Exiting.
[2023-10-17T11:25:34.848+0000] {taskinstance.py:1400} INFO - Marking task as SUCCESS. dag_id=copy_tranform_to_mongo, task_id=waiting_for_data, execution_date=20230409T000000, start_date=20231017T112534, end_date=20231017T112534
[2023-10-17T11:25:34.884+0000] {local_task_job_runner.py:228} INFO - Task exited with return code 0
[2023-10-17T11:25:34.897+0000] {taskinstance.py:2778} INFO - 0 downstream tasks scheduled from follow-on schedule check
[2023-10-18T11:50:55.215+0000] {taskinstance.py:1159} INFO - Dependencies all met for dep_context=non-requeueable deps ti=<TaskInstance: copy_tranform_to_mongo.waiting_for_data scheduled__2023-04-09T00:00:00+00:00 [queued]>
[2023-10-18T11:50:55.235+0000] {taskinstance.py:1159} INFO - Dependencies all met for dep_context=requeueable deps ti=<TaskInstance: copy_tranform_to_mongo.waiting_for_data scheduled__2023-04-09T00:00:00+00:00 [queued]>
[2023-10-18T11:50:55.235+0000] {taskinstance.py:1361} INFO - Starting attempt 1 of 1
[2023-10-18T11:50:55.268+0000] {taskinstance.py:1382} INFO - Executing <Task(FileSensor): waiting_for_data> on 2023-04-09 00:00:00+00:00
[2023-10-18T11:50:55.279+0000] {standard_task_runner.py:57} INFO - Started process 3884 to run task
[2023-10-18T11:50:55.286+0000] {standard_task_runner.py:84} INFO - Running: ['***', 'tasks', 'run', 'copy_tranform_to_mongo', 'waiting_for_data', 'scheduled__2023-04-09T00:00:00+00:00', '--job-id', '1618', '--raw', '--subdir', 'DAGS_FOLDER/file_***-mongo.py', '--cfg-path', '/tmp/tmp4my86u52']
[2023-10-18T11:50:55.287+0000] {standard_task_runner.py:85} INFO - Job 1618: Subtask waiting_for_data
[2023-10-18T11:50:55.392+0000] {task_command.py:416} INFO - Running <TaskInstance: copy_tranform_to_mongo.waiting_for_data scheduled__2023-04-09T00:00:00+00:00 [running]> on host 0e68aa52dfc7
[2023-10-18T11:50:55.554+0000] {taskinstance.py:1662} INFO - Exporting env vars: AIRFLOW_CTX_DAG_OWNER='***' AIRFLOW_CTX_DAG_ID='copy_tranform_to_mongo' AIRFLOW_CTX_TASK_ID='waiting_for_data' AIRFLOW_CTX_EXECUTION_DATE='2023-04-09T00:00:00+00:00' AIRFLOW_CTX_TRY_NUMBER='1' AIRFLOW_CTX_DAG_RUN_ID='scheduled__2023-04-09T00:00:00+00:00'
[2023-10-18T11:50:55.568+0000] {base.py:73} INFO - Using connection ID 'fs_default' for task execution.
[2023-10-18T11:50:55.569+0000] {filesystem.py:64} INFO - Poking for file /opt/in/tiktok_google_play_reviews.csv
[2023-10-18T11:50:55.569+0000] {filesystem.py:69} INFO - Found File /opt/in/tiktok_google_play_reviews.csv last modified: 20220405221612
[2023-10-18T11:50:55.569+0000] {base.py:287} INFO - Success criteria met. Exiting.
[2023-10-18T11:50:55.586+0000] {taskinstance.py:1400} INFO - Marking task as SUCCESS. dag_id=copy_tranform_to_mongo, task_id=waiting_for_data, execution_date=20230409T000000, start_date=20231018T115055, end_date=20231018T115055
[2023-10-18T11:50:55.633+0000] {local_task_job_runner.py:228} INFO - Task exited with return code 0
[2023-10-18T11:50:55.682+0000] {taskinstance.py:2778} INFO - 1 downstream tasks scheduled from follow-on schedule check
