[2023-10-17T11:19:18.188+0000] {taskinstance.py:1159} INFO - Dependencies all met for dep_context=non-requeueable deps ti=<TaskInstance: copy_tranform_to_mongo.waiting_for_data scheduled__2021-03-30T00:00:00+00:00 [queued]>
[2023-10-17T11:19:18.198+0000] {taskinstance.py:1159} INFO - Dependencies all met for dep_context=requeueable deps ti=<TaskInstance: copy_tranform_to_mongo.waiting_for_data scheduled__2021-03-30T00:00:00+00:00 [queued]>
[2023-10-17T11:19:18.198+0000] {taskinstance.py:1361} INFO - Starting attempt 1 of 1
[2023-10-17T11:19:18.213+0000] {taskinstance.py:1382} INFO - Executing <Task(FileSensor): waiting_for_data> on 2021-03-30 00:00:00+00:00
[2023-10-17T11:19:18.223+0000] {standard_task_runner.py:57} INFO - Started process 611 to run task
[2023-10-17T11:19:18.226+0000] {standard_task_runner.py:84} INFO - Running: ['***', 'tasks', 'run', 'copy_tranform_to_mongo', 'waiting_for_data', 'scheduled__2021-03-30T00:00:00+00:00', '--job-id', '93', '--raw', '--subdir', 'DAGS_FOLDER/file_***-mongo.py', '--cfg-path', '/tmp/tmpp7j8fbxz']
[2023-10-17T11:19:18.227+0000] {standard_task_runner.py:85} INFO - Job 93: Subtask waiting_for_data
[2023-10-17T11:19:18.271+0000] {task_command.py:416} INFO - Running <TaskInstance: copy_tranform_to_mongo.waiting_for_data scheduled__2021-03-30T00:00:00+00:00 [running]> on host 238c1d4ff767
[2023-10-17T11:19:18.341+0000] {taskinstance.py:1662} INFO - Exporting env vars: AIRFLOW_CTX_DAG_OWNER='***' AIRFLOW_CTX_DAG_ID='copy_tranform_to_mongo' AIRFLOW_CTX_TASK_ID='waiting_for_data' AIRFLOW_CTX_EXECUTION_DATE='2021-03-30T00:00:00+00:00' AIRFLOW_CTX_TRY_NUMBER='1' AIRFLOW_CTX_DAG_RUN_ID='scheduled__2021-03-30T00:00:00+00:00'
[2023-10-17T11:19:18.348+0000] {base.py:73} INFO - Using connection ID 'fs_default' for task execution.
[2023-10-17T11:19:18.349+0000] {filesystem.py:64} INFO - Poking for file /opt/in/tiktok_google_play_reviews.csv
[2023-10-17T11:19:18.351+0000] {filesystem.py:69} INFO - Found File /opt/in/tiktok_google_play_reviews.csv last modified: 20220405221612
[2023-10-17T11:19:18.351+0000] {base.py:287} INFO - Success criteria met. Exiting.
[2023-10-17T11:19:18.359+0000] {taskinstance.py:1400} INFO - Marking task as SUCCESS. dag_id=copy_tranform_to_mongo, task_id=waiting_for_data, execution_date=20210330T000000, start_date=20231017T111918, end_date=20231017T111918
[2023-10-17T11:19:18.398+0000] {local_task_job_runner.py:228} INFO - Task exited with return code 0
[2023-10-17T11:19:18.412+0000] {taskinstance.py:2778} INFO - 0 downstream tasks scheduled from follow-on schedule check
[2023-10-18T10:42:47.914+0000] {taskinstance.py:1159} INFO - Dependencies all met for dep_context=non-requeueable deps ti=<TaskInstance: copy_tranform_to_mongo.waiting_for_data scheduled__2021-03-30T00:00:00+00:00 [queued]>
[2023-10-18T10:42:47.924+0000] {taskinstance.py:1159} INFO - Dependencies all met for dep_context=requeueable deps ti=<TaskInstance: copy_tranform_to_mongo.waiting_for_data scheduled__2021-03-30T00:00:00+00:00 [queued]>
[2023-10-18T10:42:47.925+0000] {taskinstance.py:1361} INFO - Starting attempt 1 of 1
[2023-10-18T10:42:47.941+0000] {taskinstance.py:1382} INFO - Executing <Task(FileSensor): waiting_for_data> on 2021-03-30 00:00:00+00:00
[2023-10-18T10:42:47.951+0000] {standard_task_runner.py:57} INFO - Started process 1574 to run task
[2023-10-18T10:42:47.954+0000] {standard_task_runner.py:84} INFO - Running: ['***', 'tasks', 'run', 'copy_tranform_to_mongo', 'waiting_for_data', 'scheduled__2021-03-30T00:00:00+00:00', '--job-id', '92', '--raw', '--subdir', 'DAGS_FOLDER/file_***-mongo.py', '--cfg-path', '/tmp/tmps2di0bi_']
[2023-10-18T10:42:47.955+0000] {standard_task_runner.py:85} INFO - Job 92: Subtask waiting_for_data
[2023-10-18T10:42:48.005+0000] {task_command.py:416} INFO - Running <TaskInstance: copy_tranform_to_mongo.waiting_for_data scheduled__2021-03-30T00:00:00+00:00 [running]> on host 2473b23ba069
[2023-10-18T10:42:48.069+0000] {taskinstance.py:1662} INFO - Exporting env vars: AIRFLOW_CTX_DAG_OWNER='***' AIRFLOW_CTX_DAG_ID='copy_tranform_to_mongo' AIRFLOW_CTX_TASK_ID='waiting_for_data' AIRFLOW_CTX_EXECUTION_DATE='2021-03-30T00:00:00+00:00' AIRFLOW_CTX_TRY_NUMBER='1' AIRFLOW_CTX_DAG_RUN_ID='scheduled__2021-03-30T00:00:00+00:00'
[2023-10-18T10:42:48.084+0000] {taskinstance.py:1937} ERROR - Task failed with exception
Traceback (most recent call last):
  File "/home/airflow/.local/lib/python3.8/site-packages/airflow/sensors/base.py", line 257, in execute
    raise e
  File "/home/airflow/.local/lib/python3.8/site-packages/airflow/sensors/base.py", line 239, in execute
    poke_return = self.poke(context)
  File "/home/airflow/.local/lib/python3.8/site-packages/airflow/sensors/filesystem.py", line 61, in poke
    hook = FSHook(self.fs_conn_id)
  File "/home/airflow/.local/lib/python3.8/site-packages/airflow/hooks/filesystem.py", line 38, in __init__
    conn = self.get_connection(conn_id)
  File "/home/airflow/.local/lib/python3.8/site-packages/airflow/hooks/base.py", line 72, in get_connection
    conn = Connection.get_connection_from_secrets(conn_id)
  File "/home/airflow/.local/lib/python3.8/site-packages/airflow/models/connection.py", line 477, in get_connection_from_secrets
    raise AirflowNotFoundException(f"The conn_id `{conn_id}` isn't defined")
airflow.exceptions.AirflowNotFoundException: The conn_id `fs_default` isn't defined
[2023-10-18T10:42:48.088+0000] {taskinstance.py:1400} INFO - Marking task as FAILED. dag_id=copy_tranform_to_mongo, task_id=waiting_for_data, execution_date=20210330T000000, start_date=20231018T104247, end_date=20231018T104248
[2023-10-18T10:42:48.103+0000] {standard_task_runner.py:104} ERROR - Failed to execute job 92 for task waiting_for_data (The conn_id `fs_default` isn't defined; 1574)
[2023-10-18T10:42:48.127+0000] {local_task_job_runner.py:228} INFO - Task exited with return code 1
[2023-10-18T10:42:48.159+0000] {taskinstance.py:2778} INFO - 0 downstream tasks scheduled from follow-on schedule check
[2023-10-18T11:17:20.344+0000] {taskinstance.py:1159} INFO - Dependencies all met for dep_context=non-requeueable deps ti=<TaskInstance: copy_tranform_to_mongo.waiting_for_data scheduled__2021-03-30T00:00:00+00:00 [queued]>
[2023-10-18T11:17:20.355+0000] {taskinstance.py:1159} INFO - Dependencies all met for dep_context=requeueable deps ti=<TaskInstance: copy_tranform_to_mongo.waiting_for_data scheduled__2021-03-30T00:00:00+00:00 [queued]>
[2023-10-18T11:17:20.356+0000] {taskinstance.py:1361} INFO - Starting attempt 1 of 1
[2023-10-18T11:17:20.373+0000] {taskinstance.py:1382} INFO - Executing <Task(FileSensor): waiting_for_data> on 2021-03-30 00:00:00+00:00
[2023-10-18T11:17:20.381+0000] {standard_task_runner.py:57} INFO - Started process 409 to run task
[2023-10-18T11:17:20.384+0000] {standard_task_runner.py:84} INFO - Running: ['***', 'tasks', 'run', 'copy_tranform_to_mongo', 'waiting_for_data', 'scheduled__2021-03-30T00:00:00+00:00', '--job-id', '139', '--raw', '--subdir', 'DAGS_FOLDER/file_***-mongo.py', '--cfg-path', '/tmp/tmp_tkbdnv_']
[2023-10-18T11:17:20.385+0000] {standard_task_runner.py:85} INFO - Job 139: Subtask waiting_for_data
[2023-10-18T11:17:20.433+0000] {task_command.py:416} INFO - Running <TaskInstance: copy_tranform_to_mongo.waiting_for_data scheduled__2021-03-30T00:00:00+00:00 [running]> on host 0e68aa52dfc7
[2023-10-18T11:17:20.533+0000] {taskinstance.py:1662} INFO - Exporting env vars: AIRFLOW_CTX_DAG_OWNER='***' AIRFLOW_CTX_DAG_ID='copy_tranform_to_mongo' AIRFLOW_CTX_TASK_ID='waiting_for_data' AIRFLOW_CTX_EXECUTION_DATE='2021-03-30T00:00:00+00:00' AIRFLOW_CTX_TRY_NUMBER='1' AIRFLOW_CTX_DAG_RUN_ID='scheduled__2021-03-30T00:00:00+00:00'
[2023-10-18T11:17:20.543+0000] {base.py:73} INFO - Using connection ID 'fs_default' for task execution.
[2023-10-18T11:17:20.543+0000] {filesystem.py:64} INFO - Poking for file /opt/in/tiktok_google_play_reviews.csv
[2023-10-18T11:17:20.545+0000] {filesystem.py:69} INFO - Found File /opt/in/tiktok_google_play_reviews.csv last modified: 20220405221612
[2023-10-18T11:17:20.546+0000] {base.py:287} INFO - Success criteria met. Exiting.
[2023-10-18T11:17:20.555+0000] {taskinstance.py:1400} INFO - Marking task as SUCCESS. dag_id=copy_tranform_to_mongo, task_id=waiting_for_data, execution_date=20210330T000000, start_date=20231018T111720, end_date=20231018T111720
[2023-10-18T11:17:20.600+0000] {local_task_job_runner.py:228} INFO - Task exited with return code 0
[2023-10-18T11:17:20.671+0000] {taskinstance.py:2778} INFO - 0 downstream tasks scheduled from follow-on schedule check
[2023-10-19T12:12:00.007+0000] {taskinstance.py:1159} INFO - Dependencies all met for dep_context=non-requeueable deps ti=<TaskInstance: copy_tranform_to_mongo.waiting_for_data scheduled__2021-03-30T00:00:00+00:00 [queued]>
[2023-10-19T12:12:00.016+0000] {taskinstance.py:1159} INFO - Dependencies all met for dep_context=requeueable deps ti=<TaskInstance: copy_tranform_to_mongo.waiting_for_data scheduled__2021-03-30T00:00:00+00:00 [queued]>
[2023-10-19T12:12:00.017+0000] {taskinstance.py:1361} INFO - Starting attempt 1 of 1
[2023-10-19T12:12:00.033+0000] {taskinstance.py:1382} INFO - Executing <Task(FileSensor): waiting_for_data> on 2021-03-30 00:00:00+00:00
[2023-10-19T12:12:00.042+0000] {standard_task_runner.py:57} INFO - Started process 459 to run task
[2023-10-19T12:12:00.045+0000] {standard_task_runner.py:84} INFO - Running: ['***', 'tasks', 'run', 'copy_tranform_to_mongo', 'waiting_for_data', 'scheduled__2021-03-30T00:00:00+00:00', '--job-id', '137', '--raw', '--subdir', 'DAGS_FOLDER/file_***-mongo.py', '--cfg-path', '/tmp/tmpgsze4t_4']
[2023-10-19T12:12:00.046+0000] {standard_task_runner.py:85} INFO - Job 137: Subtask waiting_for_data
[2023-10-19T12:12:00.101+0000] {task_command.py:416} INFO - Running <TaskInstance: copy_tranform_to_mongo.waiting_for_data scheduled__2021-03-30T00:00:00+00:00 [running]> on host 6f5df7fea6fd
[2023-10-19T12:12:00.192+0000] {taskinstance.py:1662} INFO - Exporting env vars: AIRFLOW_CTX_DAG_OWNER='***' AIRFLOW_CTX_DAG_ID='copy_tranform_to_mongo' AIRFLOW_CTX_TASK_ID='waiting_for_data' AIRFLOW_CTX_EXECUTION_DATE='2021-03-30T00:00:00+00:00' AIRFLOW_CTX_TRY_NUMBER='1' AIRFLOW_CTX_DAG_RUN_ID='scheduled__2021-03-30T00:00:00+00:00'
[2023-10-19T12:12:00.203+0000] {base.py:73} INFO - Using connection ID 'fs_default' for task execution.
[2023-10-19T12:12:00.205+0000] {filesystem.py:64} INFO - Poking for file /opt/in/tiktok_google_play_reviews.csv
[2023-10-19T12:12:00.205+0000] {filesystem.py:69} INFO - Found File /opt/in/tiktok_google_play_reviews.csv last modified: 20220405221612
[2023-10-19T12:12:00.206+0000] {base.py:287} INFO - Success criteria met. Exiting.
[2023-10-19T12:12:00.215+0000] {taskinstance.py:1400} INFO - Marking task as SUCCESS. dag_id=copy_tranform_to_mongo, task_id=waiting_for_data, execution_date=20210330T000000, start_date=20231019T121200, end_date=20231019T121200
[2023-10-19T12:12:00.258+0000] {local_task_job_runner.py:228} INFO - Task exited with return code 0
[2023-10-19T12:12:00.331+0000] {taskinstance.py:2778} INFO - 0 downstream tasks scheduled from follow-on schedule check
