[2023-10-17T11:25:11.594+0000] {taskinstance.py:1159} INFO - Dependencies all met for dep_context=non-requeueable deps ti=<TaskInstance: copy_tranform_to_mongo.waiting_for_data scheduled__2023-02-13T00:00:00+00:00 [queued]>
[2023-10-17T11:25:11.605+0000] {taskinstance.py:1159} INFO - Dependencies all met for dep_context=requeueable deps ti=<TaskInstance: copy_tranform_to_mongo.waiting_for_data scheduled__2023-02-13T00:00:00+00:00 [queued]>
[2023-10-17T11:25:11.605+0000] {taskinstance.py:1361} INFO - Starting attempt 1 of 1
[2023-10-17T11:25:11.620+0000] {taskinstance.py:1382} INFO - Executing <Task(FileSensor): waiting_for_data> on 2023-02-13 00:00:00+00:00
[2023-10-17T11:25:11.627+0000] {standard_task_runner.py:57} INFO - Started process 2068 to run task
[2023-10-17T11:25:11.630+0000] {standard_task_runner.py:84} INFO - Running: ['***', 'tasks', 'run', 'copy_tranform_to_mongo', 'waiting_for_data', 'scheduled__2023-02-13T00:00:00+00:00', '--job-id', '778', '--raw', '--subdir', 'DAGS_FOLDER/file_***-mongo.py', '--cfg-path', '/tmp/tmpx800b7rc']
[2023-10-17T11:25:11.631+0000] {standard_task_runner.py:85} INFO - Job 778: Subtask waiting_for_data
[2023-10-17T11:25:11.672+0000] {task_command.py:416} INFO - Running <TaskInstance: copy_tranform_to_mongo.waiting_for_data scheduled__2023-02-13T00:00:00+00:00 [running]> on host 238c1d4ff767
[2023-10-17T11:25:11.739+0000] {taskinstance.py:1662} INFO - Exporting env vars: AIRFLOW_CTX_DAG_OWNER='***' AIRFLOW_CTX_DAG_ID='copy_tranform_to_mongo' AIRFLOW_CTX_TASK_ID='waiting_for_data' AIRFLOW_CTX_EXECUTION_DATE='2023-02-13T00:00:00+00:00' AIRFLOW_CTX_TRY_NUMBER='1' AIRFLOW_CTX_DAG_RUN_ID='scheduled__2023-02-13T00:00:00+00:00'
[2023-10-17T11:25:11.746+0000] {base.py:73} INFO - Using connection ID 'fs_default' for task execution.
[2023-10-17T11:25:11.747+0000] {filesystem.py:64} INFO - Poking for file /opt/in/tiktok_google_play_reviews.csv
[2023-10-17T11:25:11.747+0000] {filesystem.py:69} INFO - Found File /opt/in/tiktok_google_play_reviews.csv last modified: 20220405221612
[2023-10-17T11:25:11.747+0000] {base.py:287} INFO - Success criteria met. Exiting.
[2023-10-17T11:25:11.755+0000] {taskinstance.py:1400} INFO - Marking task as SUCCESS. dag_id=copy_tranform_to_mongo, task_id=waiting_for_data, execution_date=20230213T000000, start_date=20231017T112511, end_date=20231017T112511
[2023-10-17T11:25:11.802+0000] {local_task_job_runner.py:228} INFO - Task exited with return code 0
[2023-10-17T11:25:11.816+0000] {taskinstance.py:2778} INFO - 0 downstream tasks scheduled from follow-on schedule check
[2023-10-18T11:50:24.935+0000] {taskinstance.py:1159} INFO - Dependencies all met for dep_context=non-requeueable deps ti=<TaskInstance: copy_tranform_to_mongo.waiting_for_data scheduled__2023-02-13T00:00:00+00:00 [queued]>
[2023-10-18T11:50:24.950+0000] {taskinstance.py:1159} INFO - Dependencies all met for dep_context=requeueable deps ti=<TaskInstance: copy_tranform_to_mongo.waiting_for_data scheduled__2023-02-13T00:00:00+00:00 [queued]>
[2023-10-18T11:50:24.951+0000] {taskinstance.py:1361} INFO - Starting attempt 1 of 1
[2023-10-18T11:50:24.973+0000] {taskinstance.py:1382} INFO - Executing <Task(FileSensor): waiting_for_data> on 2023-02-13 00:00:00+00:00
[2023-10-18T11:50:24.985+0000] {standard_task_runner.py:57} INFO - Started process 3653 to run task
[2023-10-18T11:50:24.988+0000] {standard_task_runner.py:84} INFO - Running: ['***', 'tasks', 'run', 'copy_tranform_to_mongo', 'waiting_for_data', 'scheduled__2023-02-13T00:00:00+00:00', '--job-id', '1507', '--raw', '--subdir', 'DAGS_FOLDER/file_***-mongo.py', '--cfg-path', '/tmp/tmp54lk8jl9']
[2023-10-18T11:50:24.990+0000] {standard_task_runner.py:85} INFO - Job 1507: Subtask waiting_for_data
[2023-10-18T11:50:25.046+0000] {task_command.py:416} INFO - Running <TaskInstance: copy_tranform_to_mongo.waiting_for_data scheduled__2023-02-13T00:00:00+00:00 [running]> on host 0e68aa52dfc7
[2023-10-18T11:50:25.145+0000] {taskinstance.py:1662} INFO - Exporting env vars: AIRFLOW_CTX_DAG_OWNER='***' AIRFLOW_CTX_DAG_ID='copy_tranform_to_mongo' AIRFLOW_CTX_TASK_ID='waiting_for_data' AIRFLOW_CTX_EXECUTION_DATE='2023-02-13T00:00:00+00:00' AIRFLOW_CTX_TRY_NUMBER='1' AIRFLOW_CTX_DAG_RUN_ID='scheduled__2023-02-13T00:00:00+00:00'
[2023-10-18T11:50:25.155+0000] {base.py:73} INFO - Using connection ID 'fs_default' for task execution.
[2023-10-18T11:50:25.156+0000] {filesystem.py:64} INFO - Poking for file /opt/in/tiktok_google_play_reviews.csv
[2023-10-18T11:50:25.156+0000] {filesystem.py:69} INFO - Found File /opt/in/tiktok_google_play_reviews.csv last modified: 20220405221612
[2023-10-18T11:50:25.156+0000] {base.py:287} INFO - Success criteria met. Exiting.
[2023-10-18T11:50:25.167+0000] {taskinstance.py:1400} INFO - Marking task as SUCCESS. dag_id=copy_tranform_to_mongo, task_id=waiting_for_data, execution_date=20230213T000000, start_date=20231018T115024, end_date=20231018T115025
[2023-10-18T11:50:25.202+0000] {local_task_job_runner.py:228} INFO - Task exited with return code 0
[2023-10-18T11:50:25.239+0000] {taskinstance.py:2778} INFO - 1 downstream tasks scheduled from follow-on schedule check
