[2023-10-17T11:20:09.085+0000] {taskinstance.py:1159} INFO - Dependencies all met for dep_context=non-requeueable deps ti=<TaskInstance: copy_tranform_to_mongo.waiting_for_data scheduled__2021-08-02T00:00:00+00:00 [queued]>
[2023-10-17T11:20:09.092+0000] {taskinstance.py:1159} INFO - Dependencies all met for dep_context=requeueable deps ti=<TaskInstance: copy_tranform_to_mongo.waiting_for_data scheduled__2021-08-02T00:00:00+00:00 [queued]>
[2023-10-17T11:20:09.092+0000] {taskinstance.py:1361} INFO - Starting attempt 1 of 1
[2023-10-17T11:20:09.104+0000] {taskinstance.py:1382} INFO - Executing <Task(FileSensor): waiting_for_data> on 2021-08-02 00:00:00+00:00
[2023-10-17T11:20:09.111+0000] {standard_task_runner.py:57} INFO - Started process 868 to run task
[2023-10-17T11:20:09.113+0000] {standard_task_runner.py:84} INFO - Running: ['***', 'tasks', 'run', 'copy_tranform_to_mongo', 'waiting_for_data', 'scheduled__2021-08-02T00:00:00+00:00', '--job-id', '218', '--raw', '--subdir', 'DAGS_FOLDER/file_***-mongo.py', '--cfg-path', '/tmp/tmp_6h4myfr']
[2023-10-17T11:20:09.115+0000] {standard_task_runner.py:85} INFO - Job 218: Subtask waiting_for_data
[2023-10-17T11:20:09.154+0000] {task_command.py:416} INFO - Running <TaskInstance: copy_tranform_to_mongo.waiting_for_data scheduled__2021-08-02T00:00:00+00:00 [running]> on host 238c1d4ff767
[2023-10-17T11:20:09.223+0000] {taskinstance.py:1662} INFO - Exporting env vars: AIRFLOW_CTX_DAG_OWNER='***' AIRFLOW_CTX_DAG_ID='copy_tranform_to_mongo' AIRFLOW_CTX_TASK_ID='waiting_for_data' AIRFLOW_CTX_EXECUTION_DATE='2021-08-02T00:00:00+00:00' AIRFLOW_CTX_TRY_NUMBER='1' AIRFLOW_CTX_DAG_RUN_ID='scheduled__2021-08-02T00:00:00+00:00'
[2023-10-17T11:20:09.230+0000] {base.py:73} INFO - Using connection ID 'fs_default' for task execution.
[2023-10-17T11:20:09.231+0000] {filesystem.py:64} INFO - Poking for file /opt/in/tiktok_google_play_reviews.csv
[2023-10-17T11:20:09.231+0000] {filesystem.py:69} INFO - Found File /opt/in/tiktok_google_play_reviews.csv last modified: 20220405221612
[2023-10-17T11:20:09.231+0000] {base.py:287} INFO - Success criteria met. Exiting.
[2023-10-17T11:20:09.239+0000] {taskinstance.py:1400} INFO - Marking task as SUCCESS. dag_id=copy_tranform_to_mongo, task_id=waiting_for_data, execution_date=20210802T000000, start_date=20231017T112009, end_date=20231017T112009
[2023-10-17T11:20:09.285+0000] {local_task_job_runner.py:228} INFO - Task exited with return code 0
[2023-10-17T11:20:09.302+0000] {taskinstance.py:2778} INFO - 0 downstream tasks scheduled from follow-on schedule check
[2023-10-18T10:43:52.769+0000] {taskinstance.py:1159} INFO - Dependencies all met for dep_context=non-requeueable deps ti=<TaskInstance: copy_tranform_to_mongo.waiting_for_data scheduled__2021-08-02T00:00:00+00:00 [queued]>
[2023-10-18T10:43:52.780+0000] {taskinstance.py:1159} INFO - Dependencies all met for dep_context=requeueable deps ti=<TaskInstance: copy_tranform_to_mongo.waiting_for_data scheduled__2021-08-02T00:00:00+00:00 [queued]>
[2023-10-18T10:43:52.781+0000] {taskinstance.py:1361} INFO - Starting attempt 1 of 1
[2023-10-18T10:43:53.013+0000] {taskinstance.py:1382} INFO - Executing <Task(FileSensor): waiting_for_data> on 2021-08-02 00:00:00+00:00
[2023-10-18T10:43:53.020+0000] {standard_task_runner.py:57} INFO - Started process 1841 to run task
[2023-10-18T10:43:53.022+0000] {standard_task_runner.py:84} INFO - Running: ['***', 'tasks', 'run', 'copy_tranform_to_mongo', 'waiting_for_data', 'scheduled__2021-08-02T00:00:00+00:00', '--job-id', '217', '--raw', '--subdir', 'DAGS_FOLDER/file_***-mongo.py', '--cfg-path', '/tmp/tmps55zdsgg']
[2023-10-18T10:43:53.023+0000] {standard_task_runner.py:85} INFO - Job 217: Subtask waiting_for_data
[2023-10-18T10:43:53.073+0000] {task_command.py:416} INFO - Running <TaskInstance: copy_tranform_to_mongo.waiting_for_data scheduled__2021-08-02T00:00:00+00:00 [running]> on host 2473b23ba069
[2023-10-18T10:43:53.157+0000] {taskinstance.py:1662} INFO - Exporting env vars: AIRFLOW_CTX_DAG_OWNER='***' AIRFLOW_CTX_DAG_ID='copy_tranform_to_mongo' AIRFLOW_CTX_TASK_ID='waiting_for_data' AIRFLOW_CTX_EXECUTION_DATE='2021-08-02T00:00:00+00:00' AIRFLOW_CTX_TRY_NUMBER='1' AIRFLOW_CTX_DAG_RUN_ID='scheduled__2021-08-02T00:00:00+00:00'
[2023-10-18T10:43:53.164+0000] {base.py:73} INFO - Using connection ID 'fs_default' for task execution.
[2023-10-18T10:43:53.164+0000] {filesystem.py:64} INFO - Poking for file in/tiktok_google_play_reviews.csv
[2023-10-18T10:44:53.233+0000] {base.py:73} INFO - Using connection ID 'fs_default' for task execution.
[2023-10-18T10:44:53.234+0000] {filesystem.py:64} INFO - Poking for file in/tiktok_google_play_reviews.csv
[2023-10-18T10:45:53.302+0000] {base.py:73} INFO - Using connection ID 'fs_default' for task execution.
[2023-10-18T10:45:53.303+0000] {filesystem.py:64} INFO - Poking for file in/tiktok_google_play_reviews.csv
[2023-10-18T10:46:53.370+0000] {base.py:73} INFO - Using connection ID 'fs_default' for task execution.
[2023-10-18T10:46:53.370+0000] {filesystem.py:64} INFO - Poking for file in/tiktok_google_play_reviews.csv
[2023-10-18T10:47:53.438+0000] {base.py:73} INFO - Using connection ID 'fs_default' for task execution.
[2023-10-18T10:47:53.438+0000] {filesystem.py:64} INFO - Poking for file /opt/in/tiktok_google_play_reviews.csv
[2023-10-18T10:47:53.438+0000] {filesystem.py:69} INFO - Found File /opt/in/tiktok_google_play_reviews.csv last modified: 20220405221612
[2023-10-18T10:47:53.439+0000] {base.py:287} INFO - Success criteria met. Exiting.
[2023-10-18T10:47:53.451+0000] {taskinstance.py:1400} INFO - Marking task as SUCCESS. dag_id=copy_tranform_to_mongo, task_id=waiting_for_data, execution_date=20210802T000000, start_date=20231018T104352, end_date=20231018T104753
[2023-10-18T10:47:53.499+0000] {local_task_job_runner.py:228} INFO - Task exited with return code 0
[2023-10-18T10:47:53.528+0000] {taskinstance.py:2778} INFO - 1 downstream tasks scheduled from follow-on schedule check
[2023-10-18T11:44:23.010+0000] {taskinstance.py:1159} INFO - Dependencies all met for dep_context=non-requeueable deps ti=<TaskInstance: copy_tranform_to_mongo.waiting_for_data scheduled__2021-08-02T00:00:00+00:00 [queued]>
[2023-10-18T11:44:23.021+0000] {taskinstance.py:1159} INFO - Dependencies all met for dep_context=requeueable deps ti=<TaskInstance: copy_tranform_to_mongo.waiting_for_data scheduled__2021-08-02T00:00:00+00:00 [queued]>
[2023-10-18T11:44:23.022+0000] {taskinstance.py:1361} INFO - Starting attempt 1 of 1
[2023-10-18T11:44:23.040+0000] {taskinstance.py:1382} INFO - Executing <Task(FileSensor): waiting_for_data> on 2021-08-02 00:00:00+00:00
[2023-10-18T11:44:23.048+0000] {standard_task_runner.py:57} INFO - Started process 1328 to run task
[2023-10-18T11:44:23.051+0000] {standard_task_runner.py:84} INFO - Running: ['***', 'tasks', 'run', 'copy_tranform_to_mongo', 'waiting_for_data', 'scheduled__2021-08-02T00:00:00+00:00', '--job-id', '389', '--raw', '--subdir', 'DAGS_FOLDER/file_***-mongo.py', '--cfg-path', '/tmp/tmpjdkr6z70']
[2023-10-18T11:44:23.052+0000] {standard_task_runner.py:85} INFO - Job 389: Subtask waiting_for_data
[2023-10-18T11:44:23.110+0000] {task_command.py:416} INFO - Running <TaskInstance: copy_tranform_to_mongo.waiting_for_data scheduled__2021-08-02T00:00:00+00:00 [running]> on host 0e68aa52dfc7
[2023-10-18T11:44:23.183+0000] {taskinstance.py:1662} INFO - Exporting env vars: AIRFLOW_CTX_DAG_OWNER='***' AIRFLOW_CTX_DAG_ID='copy_tranform_to_mongo' AIRFLOW_CTX_TASK_ID='waiting_for_data' AIRFLOW_CTX_EXECUTION_DATE='2021-08-02T00:00:00+00:00' AIRFLOW_CTX_TRY_NUMBER='1' AIRFLOW_CTX_DAG_RUN_ID='scheduled__2021-08-02T00:00:00+00:00'
[2023-10-18T11:44:23.194+0000] {base.py:73} INFO - Using connection ID 'fs_default' for task execution.
[2023-10-18T11:44:23.194+0000] {filesystem.py:64} INFO - Poking for file /opt/in/tiktok_google_play_reviews.csv
[2023-10-18T11:44:23.195+0000] {filesystem.py:69} INFO - Found File /opt/in/tiktok_google_play_reviews.csv last modified: 20220405221612
[2023-10-18T11:44:23.195+0000] {base.py:287} INFO - Success criteria met. Exiting.
[2023-10-18T11:44:23.202+0000] {taskinstance.py:1400} INFO - Marking task as SUCCESS. dag_id=copy_tranform_to_mongo, task_id=waiting_for_data, execution_date=20210802T000000, start_date=20231018T114423, end_date=20231018T114423
[2023-10-18T11:44:23.225+0000] {local_task_job_runner.py:228} INFO - Task exited with return code 0
[2023-10-18T11:44:23.255+0000] {taskinstance.py:2778} INFO - 1 downstream tasks scheduled from follow-on schedule check
