[2023-10-17T11:24:15.679+0000] {taskinstance.py:1159} INFO - Dependencies all met for dep_context=non-requeueable deps ti=<TaskInstance: copy_tranform_to_mongo.waiting_for_data scheduled__2022-11-01T00:00:00+00:00 [queued]>
[2023-10-17T11:24:15.690+0000] {taskinstance.py:1159} INFO - Dependencies all met for dep_context=requeueable deps ti=<TaskInstance: copy_tranform_to_mongo.waiting_for_data scheduled__2022-11-01T00:00:00+00:00 [queued]>
[2023-10-17T11:24:15.690+0000] {taskinstance.py:1361} INFO - Starting attempt 1 of 1
[2023-10-17T11:24:15.707+0000] {taskinstance.py:1382} INFO - Executing <Task(FileSensor): waiting_for_data> on 2022-11-01 00:00:00+00:00
[2023-10-17T11:24:15.714+0000] {standard_task_runner.py:57} INFO - Started process 1843 to run task
[2023-10-17T11:24:15.718+0000] {standard_task_runner.py:84} INFO - Running: ['***', 'tasks', 'run', 'copy_tranform_to_mongo', 'waiting_for_data', 'scheduled__2022-11-01T00:00:00+00:00', '--job-id', '674', '--raw', '--subdir', 'DAGS_FOLDER/file_***-mongo.py', '--cfg-path', '/tmp/tmp4lycs4ag']
[2023-10-17T11:24:15.719+0000] {standard_task_runner.py:85} INFO - Job 674: Subtask waiting_for_data
[2023-10-17T11:24:15.764+0000] {task_command.py:416} INFO - Running <TaskInstance: copy_tranform_to_mongo.waiting_for_data scheduled__2022-11-01T00:00:00+00:00 [running]> on host 238c1d4ff767
[2023-10-17T11:24:15.839+0000] {taskinstance.py:1662} INFO - Exporting env vars: AIRFLOW_CTX_DAG_OWNER='***' AIRFLOW_CTX_DAG_ID='copy_tranform_to_mongo' AIRFLOW_CTX_TASK_ID='waiting_for_data' AIRFLOW_CTX_EXECUTION_DATE='2022-11-01T00:00:00+00:00' AIRFLOW_CTX_TRY_NUMBER='1' AIRFLOW_CTX_DAG_RUN_ID='scheduled__2022-11-01T00:00:00+00:00'
[2023-10-17T11:24:15.847+0000] {base.py:73} INFO - Using connection ID 'fs_default' for task execution.
[2023-10-17T11:24:15.847+0000] {filesystem.py:64} INFO - Poking for file /opt/in/tiktok_google_play_reviews.csv
[2023-10-17T11:24:15.848+0000] {filesystem.py:69} INFO - Found File /opt/in/tiktok_google_play_reviews.csv last modified: 20220405221612
[2023-10-17T11:24:15.848+0000] {base.py:287} INFO - Success criteria met. Exiting.
[2023-10-17T11:24:15.856+0000] {taskinstance.py:1400} INFO - Marking task as SUCCESS. dag_id=copy_tranform_to_mongo, task_id=waiting_for_data, execution_date=20221101T000000, start_date=20231017T112415, end_date=20231017T112415
[2023-10-17T11:24:15.891+0000] {local_task_job_runner.py:228} INFO - Task exited with return code 0
[2023-10-17T11:24:15.904+0000] {taskinstance.py:2778} INFO - 0 downstream tasks scheduled from follow-on schedule check
[2023-10-18T11:49:01.541+0000] {taskinstance.py:1159} INFO - Dependencies all met for dep_context=non-requeueable deps ti=<TaskInstance: copy_tranform_to_mongo.waiting_for_data scheduled__2022-11-01T00:00:00+00:00 [queued]>
[2023-10-18T11:49:01.553+0000] {taskinstance.py:1159} INFO - Dependencies all met for dep_context=requeueable deps ti=<TaskInstance: copy_tranform_to_mongo.waiting_for_data scheduled__2022-11-01T00:00:00+00:00 [queued]>
[2023-10-18T11:49:01.553+0000] {taskinstance.py:1361} INFO - Starting attempt 1 of 1
[2023-10-18T11:49:01.566+0000] {taskinstance.py:1382} INFO - Executing <Task(FileSensor): waiting_for_data> on 2022-11-01 00:00:00+00:00
[2023-10-18T11:49:01.573+0000] {standard_task_runner.py:57} INFO - Started process 3217 to run task
[2023-10-18T11:49:01.578+0000] {standard_task_runner.py:84} INFO - Running: ['***', 'tasks', 'run', 'copy_tranform_to_mongo', 'waiting_for_data', 'scheduled__2022-11-01T00:00:00+00:00', '--job-id', '1301', '--raw', '--subdir', 'DAGS_FOLDER/file_***-mongo.py', '--cfg-path', '/tmp/tmp_moi37fm']
[2023-10-18T11:49:01.580+0000] {standard_task_runner.py:85} INFO - Job 1301: Subtask waiting_for_data
[2023-10-18T11:49:01.637+0000] {task_command.py:416} INFO - Running <TaskInstance: copy_tranform_to_mongo.waiting_for_data scheduled__2022-11-01T00:00:00+00:00 [running]> on host 0e68aa52dfc7
[2023-10-18T11:49:01.722+0000] {taskinstance.py:1662} INFO - Exporting env vars: AIRFLOW_CTX_DAG_OWNER='***' AIRFLOW_CTX_DAG_ID='copy_tranform_to_mongo' AIRFLOW_CTX_TASK_ID='waiting_for_data' AIRFLOW_CTX_EXECUTION_DATE='2022-11-01T00:00:00+00:00' AIRFLOW_CTX_TRY_NUMBER='1' AIRFLOW_CTX_DAG_RUN_ID='scheduled__2022-11-01T00:00:00+00:00'
[2023-10-18T11:49:01.736+0000] {base.py:73} INFO - Using connection ID 'fs_default' for task execution.
[2023-10-18T11:49:01.737+0000] {filesystem.py:64} INFO - Poking for file /opt/in/tiktok_google_play_reviews.csv
[2023-10-18T11:49:01.737+0000] {filesystem.py:69} INFO - Found File /opt/in/tiktok_google_play_reviews.csv last modified: 20220405221612
[2023-10-18T11:49:01.738+0000] {base.py:287} INFO - Success criteria met. Exiting.
[2023-10-18T11:49:01.750+0000] {taskinstance.py:1400} INFO - Marking task as SUCCESS. dag_id=copy_tranform_to_mongo, task_id=waiting_for_data, execution_date=20221101T000000, start_date=20231018T114901, end_date=20231018T114901
[2023-10-18T11:49:01.791+0000] {local_task_job_runner.py:228} INFO - Task exited with return code 0
[2023-10-18T11:49:01.825+0000] {taskinstance.py:2778} INFO - 1 downstream tasks scheduled from follow-on schedule check
