[2023-10-17T11:20:34.313+0000] {taskinstance.py:1159} INFO - Dependencies all met for dep_context=non-requeueable deps ti=<TaskInstance: copy_tranform_to_mongo.waiting_for_data scheduled__2021-10-01T00:00:00+00:00 [queued]>
[2023-10-17T11:20:34.323+0000] {taskinstance.py:1159} INFO - Dependencies all met for dep_context=requeueable deps ti=<TaskInstance: copy_tranform_to_mongo.waiting_for_data scheduled__2021-10-01T00:00:00+00:00 [queued]>
[2023-10-17T11:20:34.323+0000] {taskinstance.py:1361} INFO - Starting attempt 1 of 1
[2023-10-17T11:20:34.366+0000] {taskinstance.py:1382} INFO - Executing <Task(FileSensor): waiting_for_data> on 2021-10-01 00:00:00+00:00
[2023-10-17T11:20:34.375+0000] {standard_task_runner.py:57} INFO - Started process 997 to run task
[2023-10-17T11:20:34.378+0000] {standard_task_runner.py:84} INFO - Running: ['***', 'tasks', 'run', 'copy_tranform_to_mongo', 'waiting_for_data', 'scheduled__2021-10-01T00:00:00+00:00', '--job-id', '278', '--raw', '--subdir', 'DAGS_FOLDER/file_***-mongo.py', '--cfg-path', '/tmp/tmpw4hm3wnq']
[2023-10-17T11:20:34.379+0000] {standard_task_runner.py:85} INFO - Job 278: Subtask waiting_for_data
[2023-10-17T11:20:34.431+0000] {task_command.py:416} INFO - Running <TaskInstance: copy_tranform_to_mongo.waiting_for_data scheduled__2021-10-01T00:00:00+00:00 [running]> on host 238c1d4ff767
[2023-10-17T11:20:34.509+0000] {taskinstance.py:1662} INFO - Exporting env vars: AIRFLOW_CTX_DAG_OWNER='***' AIRFLOW_CTX_DAG_ID='copy_tranform_to_mongo' AIRFLOW_CTX_TASK_ID='waiting_for_data' AIRFLOW_CTX_EXECUTION_DATE='2021-10-01T00:00:00+00:00' AIRFLOW_CTX_TRY_NUMBER='1' AIRFLOW_CTX_DAG_RUN_ID='scheduled__2021-10-01T00:00:00+00:00'
[2023-10-17T11:20:34.519+0000] {base.py:73} INFO - Using connection ID 'fs_default' for task execution.
[2023-10-17T11:20:34.519+0000] {filesystem.py:64} INFO - Poking for file /opt/in/tiktok_google_play_reviews.csv
[2023-10-17T11:20:34.519+0000] {filesystem.py:69} INFO - Found File /opt/in/tiktok_google_play_reviews.csv last modified: 20220405221612
[2023-10-17T11:20:34.519+0000] {base.py:287} INFO - Success criteria met. Exiting.
[2023-10-17T11:20:34.528+0000] {taskinstance.py:1400} INFO - Marking task as SUCCESS. dag_id=copy_tranform_to_mongo, task_id=waiting_for_data, execution_date=20211001T000000, start_date=20231017T112034, end_date=20231017T112034
[2023-10-17T11:20:34.551+0000] {local_task_job_runner.py:228} INFO - Task exited with return code 0
[2023-10-17T11:20:34.564+0000] {taskinstance.py:2778} INFO - 0 downstream tasks scheduled from follow-on schedule check
[2023-10-18T11:45:00.721+0000] {taskinstance.py:1159} INFO - Dependencies all met for dep_context=non-requeueable deps ti=<TaskInstance: copy_tranform_to_mongo.waiting_for_data scheduled__2021-10-01T00:00:00+00:00 [queued]>
[2023-10-18T11:45:00.731+0000] {taskinstance.py:1159} INFO - Dependencies all met for dep_context=requeueable deps ti=<TaskInstance: copy_tranform_to_mongo.waiting_for_data scheduled__2021-10-01T00:00:00+00:00 [queued]>
[2023-10-18T11:45:00.732+0000] {taskinstance.py:1361} INFO - Starting attempt 1 of 1
[2023-10-18T11:45:00.748+0000] {taskinstance.py:1382} INFO - Executing <Task(FileSensor): waiting_for_data> on 2021-10-01 00:00:00+00:00
[2023-10-18T11:45:00.754+0000] {standard_task_runner.py:57} INFO - Started process 1581 to run task
[2023-10-18T11:45:00.756+0000] {standard_task_runner.py:84} INFO - Running: ['***', 'tasks', 'run', 'copy_tranform_to_mongo', 'waiting_for_data', 'scheduled__2021-10-01T00:00:00+00:00', '--job-id', '511', '--raw', '--subdir', 'DAGS_FOLDER/file_***-mongo.py', '--cfg-path', '/tmp/tmpd4fs6eed']
[2023-10-18T11:45:00.758+0000] {standard_task_runner.py:85} INFO - Job 511: Subtask waiting_for_data
[2023-10-18T11:45:00.800+0000] {task_command.py:416} INFO - Running <TaskInstance: copy_tranform_to_mongo.waiting_for_data scheduled__2021-10-01T00:00:00+00:00 [running]> on host 0e68aa52dfc7
[2023-10-18T11:45:00.875+0000] {taskinstance.py:1662} INFO - Exporting env vars: AIRFLOW_CTX_DAG_OWNER='***' AIRFLOW_CTX_DAG_ID='copy_tranform_to_mongo' AIRFLOW_CTX_TASK_ID='waiting_for_data' AIRFLOW_CTX_EXECUTION_DATE='2021-10-01T00:00:00+00:00' AIRFLOW_CTX_TRY_NUMBER='1' AIRFLOW_CTX_DAG_RUN_ID='scheduled__2021-10-01T00:00:00+00:00'
[2023-10-18T11:45:00.886+0000] {base.py:73} INFO - Using connection ID 'fs_default' for task execution.
[2023-10-18T11:45:00.886+0000] {filesystem.py:64} INFO - Poking for file /opt/in/tiktok_google_play_reviews.csv
[2023-10-18T11:45:00.886+0000] {filesystem.py:69} INFO - Found File /opt/in/tiktok_google_play_reviews.csv last modified: 20220405221612
[2023-10-18T11:45:00.887+0000] {base.py:287} INFO - Success criteria met. Exiting.
[2023-10-18T11:45:00.897+0000] {taskinstance.py:1400} INFO - Marking task as SUCCESS. dag_id=copy_tranform_to_mongo, task_id=waiting_for_data, execution_date=20211001T000000, start_date=20231018T114500, end_date=20231018T114500
[2023-10-18T11:45:00.928+0000] {local_task_job_runner.py:228} INFO - Task exited with return code 0
[2023-10-18T11:45:00.959+0000] {taskinstance.py:2778} INFO - 1 downstream tasks scheduled from follow-on schedule check
