[2023-10-17T11:25:59.222+0000] {taskinstance.py:1159} INFO - Dependencies all met for dep_context=non-requeueable deps ti=<TaskInstance: copy_tranform_to_mongo.waiting_for_data scheduled__2023-05-24T00:00:00+00:00 [queued]>
[2023-10-17T11:25:59.228+0000] {taskinstance.py:1159} INFO - Dependencies all met for dep_context=requeueable deps ti=<TaskInstance: copy_tranform_to_mongo.waiting_for_data scheduled__2023-05-24T00:00:00+00:00 [queued]>
[2023-10-17T11:25:59.228+0000] {taskinstance.py:1361} INFO - Starting attempt 1 of 1
[2023-10-17T11:25:59.242+0000] {taskinstance.py:1382} INFO - Executing <Task(FileSensor): waiting_for_data> on 2023-05-24 00:00:00+00:00
[2023-10-17T11:25:59.247+0000] {standard_task_runner.py:57} INFO - Started process 2274 to run task
[2023-10-17T11:25:59.249+0000] {standard_task_runner.py:84} INFO - Running: ['***', 'tasks', 'run', 'copy_tranform_to_mongo', 'waiting_for_data', 'scheduled__2023-05-24T00:00:00+00:00', '--job-id', '878', '--raw', '--subdir', 'DAGS_FOLDER/file_***-mongo.py', '--cfg-path', '/tmp/tmpt33uv09h']
[2023-10-17T11:25:59.250+0000] {standard_task_runner.py:85} INFO - Job 878: Subtask waiting_for_data
[2023-10-17T11:25:59.283+0000] {task_command.py:416} INFO - Running <TaskInstance: copy_tranform_to_mongo.waiting_for_data scheduled__2023-05-24T00:00:00+00:00 [running]> on host 238c1d4ff767
[2023-10-17T11:25:59.335+0000] {taskinstance.py:1662} INFO - Exporting env vars: AIRFLOW_CTX_DAG_OWNER='***' AIRFLOW_CTX_DAG_ID='copy_tranform_to_mongo' AIRFLOW_CTX_TASK_ID='waiting_for_data' AIRFLOW_CTX_EXECUTION_DATE='2023-05-24T00:00:00+00:00' AIRFLOW_CTX_TRY_NUMBER='1' AIRFLOW_CTX_DAG_RUN_ID='scheduled__2023-05-24T00:00:00+00:00'
[2023-10-17T11:25:59.341+0000] {base.py:73} INFO - Using connection ID 'fs_default' for task execution.
[2023-10-17T11:25:59.342+0000] {filesystem.py:64} INFO - Poking for file /opt/in/tiktok_google_play_reviews.csv
[2023-10-17T11:25:59.342+0000] {filesystem.py:69} INFO - Found File /opt/in/tiktok_google_play_reviews.csv last modified: 20220405221612
[2023-10-17T11:25:59.342+0000] {base.py:287} INFO - Success criteria met. Exiting.
[2023-10-17T11:25:59.348+0000] {taskinstance.py:1400} INFO - Marking task as SUCCESS. dag_id=copy_tranform_to_mongo, task_id=waiting_for_data, execution_date=20230524T000000, start_date=20231017T112559, end_date=20231017T112559
[2023-10-17T11:25:59.381+0000] {local_task_job_runner.py:228} INFO - Task exited with return code 0
[2023-10-17T11:25:59.399+0000] {taskinstance.py:2778} INFO - 0 downstream tasks scheduled from follow-on schedule check
[2023-10-18T11:51:23.224+0000] {taskinstance.py:1159} INFO - Dependencies all met for dep_context=non-requeueable deps ti=<TaskInstance: copy_tranform_to_mongo.waiting_for_data scheduled__2023-05-24T00:00:00+00:00 [queued]>
[2023-10-18T11:51:23.240+0000] {taskinstance.py:1159} INFO - Dependencies all met for dep_context=requeueable deps ti=<TaskInstance: copy_tranform_to_mongo.waiting_for_data scheduled__2023-05-24T00:00:00+00:00 [queued]>
[2023-10-18T11:51:23.241+0000] {taskinstance.py:1361} INFO - Starting attempt 1 of 1
[2023-10-18T11:51:23.269+0000] {taskinstance.py:1382} INFO - Executing <Task(FileSensor): waiting_for_data> on 2023-05-24 00:00:00+00:00
[2023-10-18T11:51:23.278+0000] {standard_task_runner.py:57} INFO - Started process 4072 to run task
[2023-10-18T11:51:23.283+0000] {standard_task_runner.py:84} INFO - Running: ['***', 'tasks', 'run', 'copy_tranform_to_mongo', 'waiting_for_data', 'scheduled__2023-05-24T00:00:00+00:00', '--job-id', '1710', '--raw', '--subdir', 'DAGS_FOLDER/file_***-mongo.py', '--cfg-path', '/tmp/tmpn7dpwyns']
[2023-10-18T11:51:23.285+0000] {standard_task_runner.py:85} INFO - Job 1710: Subtask waiting_for_data
[2023-10-18T11:51:23.354+0000] {task_command.py:416} INFO - Running <TaskInstance: copy_tranform_to_mongo.waiting_for_data scheduled__2023-05-24T00:00:00+00:00 [running]> on host 0e68aa52dfc7
[2023-10-18T11:51:23.444+0000] {taskinstance.py:1662} INFO - Exporting env vars: AIRFLOW_CTX_DAG_OWNER='***' AIRFLOW_CTX_DAG_ID='copy_tranform_to_mongo' AIRFLOW_CTX_TASK_ID='waiting_for_data' AIRFLOW_CTX_EXECUTION_DATE='2023-05-24T00:00:00+00:00' AIRFLOW_CTX_TRY_NUMBER='1' AIRFLOW_CTX_DAG_RUN_ID='scheduled__2023-05-24T00:00:00+00:00'
[2023-10-18T11:51:23.454+0000] {base.py:73} INFO - Using connection ID 'fs_default' for task execution.
[2023-10-18T11:51:23.455+0000] {filesystem.py:64} INFO - Poking for file /opt/in/tiktok_google_play_reviews.csv
[2023-10-18T11:51:23.455+0000] {filesystem.py:69} INFO - Found File /opt/in/tiktok_google_play_reviews.csv last modified: 20220405221612
[2023-10-18T11:51:23.456+0000] {base.py:287} INFO - Success criteria met. Exiting.
[2023-10-18T11:51:23.467+0000] {taskinstance.py:1400} INFO - Marking task as SUCCESS. dag_id=copy_tranform_to_mongo, task_id=waiting_for_data, execution_date=20230524T000000, start_date=20231018T115123, end_date=20231018T115123
[2023-10-18T11:51:23.502+0000] {local_task_job_runner.py:228} INFO - Task exited with return code 0
[2023-10-18T11:51:23.529+0000] {taskinstance.py:2778} INFO - 1 downstream tasks scheduled from follow-on schedule check
