[2023-10-17T11:19:42.292+0000] {taskinstance.py:1159} INFO - Dependencies all met for dep_context=non-requeueable deps ti=<TaskInstance: copy_tranform_to_mongo.waiting_for_data scheduled__2021-05-28T00:00:00+00:00 [queued]>
[2023-10-17T11:19:42.302+0000] {taskinstance.py:1159} INFO - Dependencies all met for dep_context=requeueable deps ti=<TaskInstance: copy_tranform_to_mongo.waiting_for_data scheduled__2021-05-28T00:00:00+00:00 [queued]>
[2023-10-17T11:19:42.303+0000] {taskinstance.py:1361} INFO - Starting attempt 1 of 1
[2023-10-17T11:19:42.314+0000] {taskinstance.py:1382} INFO - Executing <Task(FileSensor): waiting_for_data> on 2021-05-28 00:00:00+00:00
[2023-10-17T11:19:42.323+0000] {standard_task_runner.py:57} INFO - Started process 730 to run task
[2023-10-17T11:19:42.325+0000] {standard_task_runner.py:84} INFO - Running: ['***', 'tasks', 'run', 'copy_tranform_to_mongo', 'waiting_for_data', 'scheduled__2021-05-28T00:00:00+00:00', '--job-id', '152', '--raw', '--subdir', 'DAGS_FOLDER/file_***-mongo.py', '--cfg-path', '/tmp/tmpm6z3lndv']
[2023-10-17T11:19:42.326+0000] {standard_task_runner.py:85} INFO - Job 152: Subtask waiting_for_data
[2023-10-17T11:19:42.368+0000] {task_command.py:416} INFO - Running <TaskInstance: copy_tranform_to_mongo.waiting_for_data scheduled__2021-05-28T00:00:00+00:00 [running]> on host 238c1d4ff767
[2023-10-17T11:19:42.446+0000] {taskinstance.py:1662} INFO - Exporting env vars: AIRFLOW_CTX_DAG_OWNER='***' AIRFLOW_CTX_DAG_ID='copy_tranform_to_mongo' AIRFLOW_CTX_TASK_ID='waiting_for_data' AIRFLOW_CTX_EXECUTION_DATE='2021-05-28T00:00:00+00:00' AIRFLOW_CTX_TRY_NUMBER='1' AIRFLOW_CTX_DAG_RUN_ID='scheduled__2021-05-28T00:00:00+00:00'
[2023-10-17T11:19:42.458+0000] {base.py:73} INFO - Using connection ID 'fs_default' for task execution.
[2023-10-17T11:19:42.459+0000] {filesystem.py:64} INFO - Poking for file /opt/in/tiktok_google_play_reviews.csv
[2023-10-17T11:19:42.459+0000] {filesystem.py:69} INFO - Found File /opt/in/tiktok_google_play_reviews.csv last modified: 20220405221612
[2023-10-17T11:19:42.459+0000] {base.py:287} INFO - Success criteria met. Exiting.
[2023-10-17T11:19:42.468+0000] {taskinstance.py:1400} INFO - Marking task as SUCCESS. dag_id=copy_tranform_to_mongo, task_id=waiting_for_data, execution_date=20210528T000000, start_date=20231017T111942, end_date=20231017T111942
[2023-10-17T11:19:42.498+0000] {local_task_job_runner.py:228} INFO - Task exited with return code 0
[2023-10-17T11:19:42.562+0000] {taskinstance.py:2778} INFO - 0 downstream tasks scheduled from follow-on schedule check
[2023-10-18T10:43:18.619+0000] {taskinstance.py:1159} INFO - Dependencies all met for dep_context=non-requeueable deps ti=<TaskInstance: copy_tranform_to_mongo.waiting_for_data scheduled__2021-05-28T00:00:00+00:00 [queued]>
[2023-10-18T10:43:18.627+0000] {taskinstance.py:1159} INFO - Dependencies all met for dep_context=requeueable deps ti=<TaskInstance: copy_tranform_to_mongo.waiting_for_data scheduled__2021-05-28T00:00:00+00:00 [queued]>
[2023-10-18T10:43:18.627+0000] {taskinstance.py:1361} INFO - Starting attempt 1 of 1
[2023-10-18T10:43:18.637+0000] {taskinstance.py:1382} INFO - Executing <Task(FileSensor): waiting_for_data> on 2021-05-28 00:00:00+00:00
[2023-10-18T10:43:18.641+0000] {standard_task_runner.py:57} INFO - Started process 1699 to run task
[2023-10-18T10:43:18.643+0000] {standard_task_runner.py:84} INFO - Running: ['***', 'tasks', 'run', 'copy_tranform_to_mongo', 'waiting_for_data', 'scheduled__2021-05-28T00:00:00+00:00', '--job-id', '151', '--raw', '--subdir', 'DAGS_FOLDER/file_***-mongo.py', '--cfg-path', '/tmp/tmp37bhw367']
[2023-10-18T10:43:18.644+0000] {standard_task_runner.py:85} INFO - Job 151: Subtask waiting_for_data
[2023-10-18T10:43:18.678+0000] {task_command.py:416} INFO - Running <TaskInstance: copy_tranform_to_mongo.waiting_for_data scheduled__2021-05-28T00:00:00+00:00 [running]> on host 2473b23ba069
[2023-10-18T10:43:18.731+0000] {taskinstance.py:1662} INFO - Exporting env vars: AIRFLOW_CTX_DAG_OWNER='***' AIRFLOW_CTX_DAG_ID='copy_tranform_to_mongo' AIRFLOW_CTX_TASK_ID='waiting_for_data' AIRFLOW_CTX_EXECUTION_DATE='2021-05-28T00:00:00+00:00' AIRFLOW_CTX_TRY_NUMBER='1' AIRFLOW_CTX_DAG_RUN_ID='scheduled__2021-05-28T00:00:00+00:00'
[2023-10-18T10:43:18.744+0000] {taskinstance.py:1937} ERROR - Task failed with exception
Traceback (most recent call last):
  File "/home/airflow/.local/lib/python3.8/site-packages/airflow/sensors/base.py", line 257, in execute
    raise e
  File "/home/airflow/.local/lib/python3.8/site-packages/airflow/sensors/base.py", line 239, in execute
    poke_return = self.poke(context)
  File "/home/airflow/.local/lib/python3.8/site-packages/airflow/sensors/filesystem.py", line 61, in poke
    hook = FSHook(self.fs_conn_id)
  File "/home/airflow/.local/lib/python3.8/site-packages/airflow/hooks/filesystem.py", line 38, in __init__
    conn = self.get_connection(conn_id)
  File "/home/airflow/.local/lib/python3.8/site-packages/airflow/hooks/base.py", line 72, in get_connection
    conn = Connection.get_connection_from_secrets(conn_id)
  File "/home/airflow/.local/lib/python3.8/site-packages/airflow/models/connection.py", line 477, in get_connection_from_secrets
    raise AirflowNotFoundException(f"The conn_id `{conn_id}` isn't defined")
airflow.exceptions.AirflowNotFoundException: The conn_id `fs_default` isn't defined
[2023-10-18T10:43:18.746+0000] {taskinstance.py:1400} INFO - Marking task as FAILED. dag_id=copy_tranform_to_mongo, task_id=waiting_for_data, execution_date=20210528T000000, start_date=20231018T104318, end_date=20231018T104318
[2023-10-18T10:43:18.753+0000] {standard_task_runner.py:104} ERROR - Failed to execute job 151 for task waiting_for_data (The conn_id `fs_default` isn't defined; 1699)
[2023-10-18T10:43:18.775+0000] {local_task_job_runner.py:228} INFO - Task exited with return code 1
[2023-10-18T10:43:18.794+0000] {taskinstance.py:2778} INFO - 0 downstream tasks scheduled from follow-on schedule check
[2023-10-18T11:43:42.955+0000] {taskinstance.py:1159} INFO - Dependencies all met for dep_context=non-requeueable deps ti=<TaskInstance: copy_tranform_to_mongo.waiting_for_data scheduled__2021-05-28T00:00:00+00:00 [queued]>
[2023-10-18T11:43:42.965+0000] {taskinstance.py:1159} INFO - Dependencies all met for dep_context=requeueable deps ti=<TaskInstance: copy_tranform_to_mongo.waiting_for_data scheduled__2021-05-28T00:00:00+00:00 [queued]>
[2023-10-18T11:43:42.965+0000] {taskinstance.py:1361} INFO - Starting attempt 1 of 1
[2023-10-18T11:43:42.980+0000] {taskinstance.py:1382} INFO - Executing <Task(FileSensor): waiting_for_data> on 2021-05-28 00:00:00+00:00
[2023-10-18T11:43:42.988+0000] {standard_task_runner.py:57} INFO - Started process 1052 to run task
[2023-10-18T11:43:42.991+0000] {standard_task_runner.py:84} INFO - Running: ['***', 'tasks', 'run', 'copy_tranform_to_mongo', 'waiting_for_data', 'scheduled__2021-05-28T00:00:00+00:00', '--job-id', '259', '--raw', '--subdir', 'DAGS_FOLDER/file_***-mongo.py', '--cfg-path', '/tmp/tmpteykxfg2']
[2023-10-18T11:43:42.992+0000] {standard_task_runner.py:85} INFO - Job 259: Subtask waiting_for_data
[2023-10-18T11:43:43.035+0000] {task_command.py:416} INFO - Running <TaskInstance: copy_tranform_to_mongo.waiting_for_data scheduled__2021-05-28T00:00:00+00:00 [running]> on host 0e68aa52dfc7
[2023-10-18T11:43:43.107+0000] {taskinstance.py:1662} INFO - Exporting env vars: AIRFLOW_CTX_DAG_OWNER='***' AIRFLOW_CTX_DAG_ID='copy_tranform_to_mongo' AIRFLOW_CTX_TASK_ID='waiting_for_data' AIRFLOW_CTX_EXECUTION_DATE='2021-05-28T00:00:00+00:00' AIRFLOW_CTX_TRY_NUMBER='1' AIRFLOW_CTX_DAG_RUN_ID='scheduled__2021-05-28T00:00:00+00:00'
[2023-10-18T11:43:43.116+0000] {base.py:73} INFO - Using connection ID 'fs_default' for task execution.
[2023-10-18T11:43:43.117+0000] {filesystem.py:64} INFO - Poking for file /opt/in/tiktok_google_play_reviews.csv
[2023-10-18T11:43:43.117+0000] {filesystem.py:69} INFO - Found File /opt/in/tiktok_google_play_reviews.csv last modified: 20220405221612
[2023-10-18T11:43:43.117+0000] {base.py:287} INFO - Success criteria met. Exiting.
[2023-10-18T11:43:43.127+0000] {taskinstance.py:1400} INFO - Marking task as SUCCESS. dag_id=copy_tranform_to_mongo, task_id=waiting_for_data, execution_date=20210528T000000, start_date=20231018T114342, end_date=20231018T114343
[2023-10-18T11:43:43.165+0000] {local_task_job_runner.py:228} INFO - Task exited with return code 0
[2023-10-18T11:43:43.200+0000] {taskinstance.py:2778} INFO - 1 downstream tasks scheduled from follow-on schedule check
