[2023-10-17T11:22:16.170+0000] {taskinstance.py:1159} INFO - Dependencies all met for dep_context=non-requeueable deps ti=<TaskInstance: copy_tranform_to_mongo.waiting_for_data scheduled__2022-03-28T00:00:00+00:00 [queued]>
[2023-10-17T11:22:16.181+0000] {taskinstance.py:1159} INFO - Dependencies all met for dep_context=requeueable deps ti=<TaskInstance: copy_tranform_to_mongo.waiting_for_data scheduled__2022-03-28T00:00:00+00:00 [queued]>
[2023-10-17T11:22:16.182+0000] {taskinstance.py:1361} INFO - Starting attempt 1 of 1
[2023-10-17T11:22:16.224+0000] {taskinstance.py:1382} INFO - Executing <Task(FileSensor): waiting_for_data> on 2022-03-28 00:00:00+00:00
[2023-10-17T11:22:16.232+0000] {standard_task_runner.py:57} INFO - Started process 1376 to run task
[2023-10-17T11:22:16.235+0000] {standard_task_runner.py:84} INFO - Running: ['***', 'tasks', 'run', 'copy_tranform_to_mongo', 'waiting_for_data', 'scheduled__2022-03-28T00:00:00+00:00', '--job-id', '456', '--raw', '--subdir', 'DAGS_FOLDER/file_***-mongo.py', '--cfg-path', '/tmp/tmpzgbg3yq9']
[2023-10-17T11:22:16.236+0000] {standard_task_runner.py:85} INFO - Job 456: Subtask waiting_for_data
[2023-10-17T11:22:16.281+0000] {task_command.py:416} INFO - Running <TaskInstance: copy_tranform_to_mongo.waiting_for_data scheduled__2022-03-28T00:00:00+00:00 [running]> on host 238c1d4ff767
[2023-10-17T11:22:16.367+0000] {taskinstance.py:1662} INFO - Exporting env vars: AIRFLOW_CTX_DAG_OWNER='***' AIRFLOW_CTX_DAG_ID='copy_tranform_to_mongo' AIRFLOW_CTX_TASK_ID='waiting_for_data' AIRFLOW_CTX_EXECUTION_DATE='2022-03-28T00:00:00+00:00' AIRFLOW_CTX_TRY_NUMBER='1' AIRFLOW_CTX_DAG_RUN_ID='scheduled__2022-03-28T00:00:00+00:00'
[2023-10-17T11:22:16.377+0000] {base.py:73} INFO - Using connection ID 'fs_default' for task execution.
[2023-10-17T11:22:16.378+0000] {filesystem.py:64} INFO - Poking for file /opt/in/tiktok_google_play_reviews.csv
[2023-10-17T11:22:16.378+0000] {filesystem.py:69} INFO - Found File /opt/in/tiktok_google_play_reviews.csv last modified: 20220405221612
[2023-10-17T11:22:16.379+0000] {base.py:287} INFO - Success criteria met. Exiting.
[2023-10-17T11:22:16.387+0000] {taskinstance.py:1400} INFO - Marking task as SUCCESS. dag_id=copy_tranform_to_mongo, task_id=waiting_for_data, execution_date=20220328T000000, start_date=20231017T112216, end_date=20231017T112216
[2023-10-17T11:22:16.407+0000] {local_task_job_runner.py:228} INFO - Task exited with return code 0
[2023-10-17T11:22:16.421+0000] {taskinstance.py:2778} INFO - 0 downstream tasks scheduled from follow-on schedule check
[2023-10-18T11:46:47.594+0000] {taskinstance.py:1159} INFO - Dependencies all met for dep_context=non-requeueable deps ti=<TaskInstance: copy_tranform_to_mongo.waiting_for_data scheduled__2022-03-28T00:00:00+00:00 [queued]>
[2023-10-18T11:46:47.606+0000] {taskinstance.py:1159} INFO - Dependencies all met for dep_context=requeueable deps ti=<TaskInstance: copy_tranform_to_mongo.waiting_for_data scheduled__2022-03-28T00:00:00+00:00 [queued]>
[2023-10-18T11:46:47.607+0000] {taskinstance.py:1361} INFO - Starting attempt 1 of 1
[2023-10-18T11:46:47.626+0000] {taskinstance.py:1382} INFO - Executing <Task(FileSensor): waiting_for_data> on 2022-03-28 00:00:00+00:00
[2023-10-18T11:46:47.635+0000] {standard_task_runner.py:57} INFO - Started process 2310 to run task
[2023-10-18T11:46:47.637+0000] {standard_task_runner.py:84} INFO - Running: ['***', 'tasks', 'run', 'copy_tranform_to_mongo', 'waiting_for_data', 'scheduled__2022-03-28T00:00:00+00:00', '--job-id', '863', '--raw', '--subdir', 'DAGS_FOLDER/file_***-mongo.py', '--cfg-path', '/tmp/tmp103tm8bg']
[2023-10-18T11:46:47.639+0000] {standard_task_runner.py:85} INFO - Job 863: Subtask waiting_for_data
[2023-10-18T11:46:47.693+0000] {task_command.py:416} INFO - Running <TaskInstance: copy_tranform_to_mongo.waiting_for_data scheduled__2022-03-28T00:00:00+00:00 [running]> on host 0e68aa52dfc7
[2023-10-18T11:46:47.801+0000] {taskinstance.py:1662} INFO - Exporting env vars: AIRFLOW_CTX_DAG_OWNER='***' AIRFLOW_CTX_DAG_ID='copy_tranform_to_mongo' AIRFLOW_CTX_TASK_ID='waiting_for_data' AIRFLOW_CTX_EXECUTION_DATE='2022-03-28T00:00:00+00:00' AIRFLOW_CTX_TRY_NUMBER='1' AIRFLOW_CTX_DAG_RUN_ID='scheduled__2022-03-28T00:00:00+00:00'
[2023-10-18T11:46:47.819+0000] {base.py:73} INFO - Using connection ID 'fs_default' for task execution.
[2023-10-18T11:46:47.819+0000] {filesystem.py:64} INFO - Poking for file /opt/in/tiktok_google_play_reviews.csv
[2023-10-18T11:46:47.820+0000] {filesystem.py:69} INFO - Found File /opt/in/tiktok_google_play_reviews.csv last modified: 20220405221612
[2023-10-18T11:46:47.821+0000] {base.py:287} INFO - Success criteria met. Exiting.
[2023-10-18T11:46:47.834+0000] {taskinstance.py:1400} INFO - Marking task as SUCCESS. dag_id=copy_tranform_to_mongo, task_id=waiting_for_data, execution_date=20220328T000000, start_date=20231018T114647, end_date=20231018T114647
[2023-10-18T11:46:47.893+0000] {local_task_job_runner.py:228} INFO - Task exited with return code 0
[2023-10-18T11:46:47.934+0000] {taskinstance.py:2778} INFO - 1 downstream tasks scheduled from follow-on schedule check
