[2023-10-17T11:25:52.082+0000] {taskinstance.py:1159} INFO - Dependencies all met for dep_context=non-requeueable deps ti=<TaskInstance: copy_tranform_to_mongo.waiting_for_data scheduled__2023-05-17T00:00:00+00:00 [queued]>
[2023-10-17T11:25:52.088+0000] {taskinstance.py:1159} INFO - Dependencies all met for dep_context=requeueable deps ti=<TaskInstance: copy_tranform_to_mongo.waiting_for_data scheduled__2023-05-17T00:00:00+00:00 [queued]>
[2023-10-17T11:25:52.088+0000] {taskinstance.py:1361} INFO - Starting attempt 1 of 1
[2023-10-17T11:25:52.097+0000] {taskinstance.py:1382} INFO - Executing <Task(FileSensor): waiting_for_data> on 2023-05-17 00:00:00+00:00
[2023-10-17T11:25:52.101+0000] {standard_task_runner.py:57} INFO - Started process 2260 to run task
[2023-10-17T11:25:52.103+0000] {standard_task_runner.py:84} INFO - Running: ['***', 'tasks', 'run', 'copy_tranform_to_mongo', 'waiting_for_data', 'scheduled__2023-05-17T00:00:00+00:00', '--job-id', '871', '--raw', '--subdir', 'DAGS_FOLDER/file_***-mongo.py', '--cfg-path', '/tmp/tmpqlsg80jh']
[2023-10-17T11:25:52.104+0000] {standard_task_runner.py:85} INFO - Job 871: Subtask waiting_for_data
[2023-10-17T11:25:52.135+0000] {task_command.py:416} INFO - Running <TaskInstance: copy_tranform_to_mongo.waiting_for_data scheduled__2023-05-17T00:00:00+00:00 [running]> on host 238c1d4ff767
[2023-10-17T11:25:52.190+0000] {taskinstance.py:1662} INFO - Exporting env vars: AIRFLOW_CTX_DAG_OWNER='***' AIRFLOW_CTX_DAG_ID='copy_tranform_to_mongo' AIRFLOW_CTX_TASK_ID='waiting_for_data' AIRFLOW_CTX_EXECUTION_DATE='2023-05-17T00:00:00+00:00' AIRFLOW_CTX_TRY_NUMBER='1' AIRFLOW_CTX_DAG_RUN_ID='scheduled__2023-05-17T00:00:00+00:00'
[2023-10-17T11:25:52.197+0000] {base.py:73} INFO - Using connection ID 'fs_default' for task execution.
[2023-10-17T11:25:52.197+0000] {filesystem.py:64} INFO - Poking for file /opt/in/tiktok_google_play_reviews.csv
[2023-10-17T11:25:52.197+0000] {filesystem.py:69} INFO - Found File /opt/in/tiktok_google_play_reviews.csv last modified: 20220405221612
[2023-10-17T11:25:52.197+0000] {base.py:287} INFO - Success criteria met. Exiting.
[2023-10-17T11:25:52.202+0000] {taskinstance.py:1400} INFO - Marking task as SUCCESS. dag_id=copy_tranform_to_mongo, task_id=waiting_for_data, execution_date=20230517T000000, start_date=20231017T112552, end_date=20231017T112552
[2023-10-17T11:25:52.235+0000] {local_task_job_runner.py:228} INFO - Task exited with return code 0
[2023-10-17T11:25:52.247+0000] {taskinstance.py:2778} INFO - 0 downstream tasks scheduled from follow-on schedule check
[2023-10-18T11:51:21.265+0000] {taskinstance.py:1159} INFO - Dependencies all met for dep_context=non-requeueable deps ti=<TaskInstance: copy_tranform_to_mongo.waiting_for_data scheduled__2023-05-17T00:00:00+00:00 [queued]>
[2023-10-18T11:51:21.275+0000] {taskinstance.py:1159} INFO - Dependencies all met for dep_context=requeueable deps ti=<TaskInstance: copy_tranform_to_mongo.waiting_for_data scheduled__2023-05-17T00:00:00+00:00 [queued]>
[2023-10-18T11:51:21.275+0000] {taskinstance.py:1361} INFO - Starting attempt 1 of 1
[2023-10-18T11:51:21.293+0000] {taskinstance.py:1382} INFO - Executing <Task(FileSensor): waiting_for_data> on 2023-05-17 00:00:00+00:00
[2023-10-18T11:51:21.302+0000] {standard_task_runner.py:57} INFO - Started process 4047 to run task
[2023-10-18T11:51:21.308+0000] {standard_task_runner.py:84} INFO - Running: ['***', 'tasks', 'run', 'copy_tranform_to_mongo', 'waiting_for_data', 'scheduled__2023-05-17T00:00:00+00:00', '--job-id', '1697', '--raw', '--subdir', 'DAGS_FOLDER/file_***-mongo.py', '--cfg-path', '/tmp/tmpa4v0pguk']
[2023-10-18T11:51:21.309+0000] {standard_task_runner.py:85} INFO - Job 1697: Subtask waiting_for_data
[2023-10-18T11:51:21.358+0000] {task_command.py:416} INFO - Running <TaskInstance: copy_tranform_to_mongo.waiting_for_data scheduled__2023-05-17T00:00:00+00:00 [running]> on host 0e68aa52dfc7
[2023-10-18T11:51:21.429+0000] {taskinstance.py:1662} INFO - Exporting env vars: AIRFLOW_CTX_DAG_OWNER='***' AIRFLOW_CTX_DAG_ID='copy_tranform_to_mongo' AIRFLOW_CTX_TASK_ID='waiting_for_data' AIRFLOW_CTX_EXECUTION_DATE='2023-05-17T00:00:00+00:00' AIRFLOW_CTX_TRY_NUMBER='1' AIRFLOW_CTX_DAG_RUN_ID='scheduled__2023-05-17T00:00:00+00:00'
[2023-10-18T11:51:21.439+0000] {base.py:73} INFO - Using connection ID 'fs_default' for task execution.
[2023-10-18T11:51:21.440+0000] {filesystem.py:64} INFO - Poking for file /opt/in/tiktok_google_play_reviews.csv
[2023-10-18T11:51:21.440+0000] {filesystem.py:69} INFO - Found File /opt/in/tiktok_google_play_reviews.csv last modified: 20220405221612
[2023-10-18T11:51:21.441+0000] {base.py:287} INFO - Success criteria met. Exiting.
[2023-10-18T11:51:21.453+0000] {taskinstance.py:1400} INFO - Marking task as SUCCESS. dag_id=copy_tranform_to_mongo, task_id=waiting_for_data, execution_date=20230517T000000, start_date=20231018T115121, end_date=20231018T115121
[2023-10-18T11:51:21.480+0000] {local_task_job_runner.py:228} INFO - Task exited with return code 0
[2023-10-18T11:51:21.511+0000] {taskinstance.py:2778} INFO - 1 downstream tasks scheduled from follow-on schedule check
