[2023-10-17T11:21:09.242+0000] {taskinstance.py:1159} INFO - Dependencies all met for dep_context=non-requeueable deps ti=<TaskInstance: copy_tranform_to_mongo.waiting_for_data scheduled__2021-11-25T00:00:00+00:00 [queued]>
[2023-10-17T11:21:09.247+0000] {taskinstance.py:1159} INFO - Dependencies all met for dep_context=requeueable deps ti=<TaskInstance: copy_tranform_to_mongo.waiting_for_data scheduled__2021-11-25T00:00:00+00:00 [queued]>
[2023-10-17T11:21:09.247+0000] {taskinstance.py:1361} INFO - Starting attempt 1 of 1
[2023-10-17T11:21:09.256+0000] {taskinstance.py:1382} INFO - Executing <Task(FileSensor): waiting_for_data> on 2021-11-25 00:00:00+00:00
[2023-10-17T11:21:09.261+0000] {standard_task_runner.py:57} INFO - Started process 1113 to run task
[2023-10-17T11:21:09.263+0000] {standard_task_runner.py:84} INFO - Running: ['***', 'tasks', 'run', 'copy_tranform_to_mongo', 'waiting_for_data', 'scheduled__2021-11-25T00:00:00+00:00', '--job-id', '333', '--raw', '--subdir', 'DAGS_FOLDER/file_***-mongo.py', '--cfg-path', '/tmp/tmpu73rj652']
[2023-10-17T11:21:09.263+0000] {standard_task_runner.py:85} INFO - Job 333: Subtask waiting_for_data
[2023-10-17T11:21:09.296+0000] {task_command.py:416} INFO - Running <TaskInstance: copy_tranform_to_mongo.waiting_for_data scheduled__2021-11-25T00:00:00+00:00 [running]> on host 238c1d4ff767
[2023-10-17T11:21:09.350+0000] {taskinstance.py:1662} INFO - Exporting env vars: AIRFLOW_CTX_DAG_OWNER='***' AIRFLOW_CTX_DAG_ID='copy_tranform_to_mongo' AIRFLOW_CTX_TASK_ID='waiting_for_data' AIRFLOW_CTX_EXECUTION_DATE='2021-11-25T00:00:00+00:00' AIRFLOW_CTX_TRY_NUMBER='1' AIRFLOW_CTX_DAG_RUN_ID='scheduled__2021-11-25T00:00:00+00:00'
[2023-10-17T11:21:09.357+0000] {base.py:73} INFO - Using connection ID 'fs_default' for task execution.
[2023-10-17T11:21:09.357+0000] {filesystem.py:64} INFO - Poking for file /opt/in/tiktok_google_play_reviews.csv
[2023-10-17T11:21:09.357+0000] {filesystem.py:69} INFO - Found File /opt/in/tiktok_google_play_reviews.csv last modified: 20220405221612
[2023-10-17T11:21:09.357+0000] {base.py:287} INFO - Success criteria met. Exiting.
[2023-10-17T11:21:09.364+0000] {taskinstance.py:1400} INFO - Marking task as SUCCESS. dag_id=copy_tranform_to_mongo, task_id=waiting_for_data, execution_date=20211125T000000, start_date=20231017T112109, end_date=20231017T112109
[2023-10-17T11:21:09.395+0000] {local_task_job_runner.py:228} INFO - Task exited with return code 0
[2023-10-17T11:21:09.417+0000] {taskinstance.py:2778} INFO - 0 downstream tasks scheduled from follow-on schedule check
[2023-10-18T11:45:30.816+0000] {taskinstance.py:1159} INFO - Dependencies all met for dep_context=non-requeueable deps ti=<TaskInstance: copy_tranform_to_mongo.waiting_for_data scheduled__2021-11-25T00:00:00+00:00 [queued]>
[2023-10-18T11:45:30.827+0000] {taskinstance.py:1159} INFO - Dependencies all met for dep_context=requeueable deps ti=<TaskInstance: copy_tranform_to_mongo.waiting_for_data scheduled__2021-11-25T00:00:00+00:00 [queued]>
[2023-10-18T11:45:30.827+0000] {taskinstance.py:1361} INFO - Starting attempt 1 of 1
[2023-10-18T11:45:30.842+0000] {taskinstance.py:1382} INFO - Executing <Task(FileSensor): waiting_for_data> on 2021-11-25 00:00:00+00:00
[2023-10-18T11:45:30.848+0000] {standard_task_runner.py:57} INFO - Started process 1804 to run task
[2023-10-18T11:45:30.851+0000] {standard_task_runner.py:84} INFO - Running: ['***', 'tasks', 'run', 'copy_tranform_to_mongo', 'waiting_for_data', 'scheduled__2021-11-25T00:00:00+00:00', '--job-id', '618', '--raw', '--subdir', 'DAGS_FOLDER/file_***-mongo.py', '--cfg-path', '/tmp/tmpscwzhtd_']
[2023-10-18T11:45:30.852+0000] {standard_task_runner.py:85} INFO - Job 618: Subtask waiting_for_data
[2023-10-18T11:45:30.905+0000] {task_command.py:416} INFO - Running <TaskInstance: copy_tranform_to_mongo.waiting_for_data scheduled__2021-11-25T00:00:00+00:00 [running]> on host 0e68aa52dfc7
[2023-10-18T11:45:30.989+0000] {taskinstance.py:1662} INFO - Exporting env vars: AIRFLOW_CTX_DAG_OWNER='***' AIRFLOW_CTX_DAG_ID='copy_tranform_to_mongo' AIRFLOW_CTX_TASK_ID='waiting_for_data' AIRFLOW_CTX_EXECUTION_DATE='2021-11-25T00:00:00+00:00' AIRFLOW_CTX_TRY_NUMBER='1' AIRFLOW_CTX_DAG_RUN_ID='scheduled__2021-11-25T00:00:00+00:00'
[2023-10-18T11:45:31.000+0000] {base.py:73} INFO - Using connection ID 'fs_default' for task execution.
[2023-10-18T11:45:31.002+0000] {filesystem.py:64} INFO - Poking for file /opt/in/tiktok_google_play_reviews.csv
[2023-10-18T11:45:31.002+0000] {filesystem.py:69} INFO - Found File /opt/in/tiktok_google_play_reviews.csv last modified: 20220405221612
[2023-10-18T11:45:31.003+0000] {base.py:287} INFO - Success criteria met. Exiting.
[2023-10-18T11:45:31.013+0000] {taskinstance.py:1400} INFO - Marking task as SUCCESS. dag_id=copy_tranform_to_mongo, task_id=waiting_for_data, execution_date=20211125T000000, start_date=20231018T114530, end_date=20231018T114531
[2023-10-18T11:45:31.069+0000] {local_task_job_runner.py:228} INFO - Task exited with return code 0
[2023-10-18T11:45:31.106+0000] {taskinstance.py:2778} INFO - 1 downstream tasks scheduled from follow-on schedule check
