[2023-10-19T14:47:36.560+0000] {taskinstance.py:1159} INFO - Dependencies all met for dep_context=non-requeueable deps ti=<TaskInstance: copy_tranform_to_mongo.transform_data_by_pandas manual__2023-10-19T14:47:34.668256+00:00 [queued]>
[2023-10-19T14:47:36.568+0000] {taskinstance.py:1159} INFO - Dependencies all met for dep_context=requeueable deps ti=<TaskInstance: copy_tranform_to_mongo.transform_data_by_pandas manual__2023-10-19T14:47:34.668256+00:00 [queued]>
[2023-10-19T14:47:36.568+0000] {taskinstance.py:1361} INFO - Starting attempt 1 of 1
[2023-10-19T14:47:36.577+0000] {taskinstance.py:1382} INFO - Executing <Task(DockerOperator): transform_data_by_pandas> on 2023-10-19 14:47:34.668256+00:00
[2023-10-19T14:47:36.582+0000] {standard_task_runner.py:57} INFO - Started process 727 to run task
[2023-10-19T14:47:36.584+0000] {standard_task_runner.py:84} INFO - Running: ['***', 'tasks', 'run', 'copy_tranform_to_mongo', 'transform_data_by_pandas', 'manual__2023-10-19T14:47:34.668256+00:00', '--job-id', '15', '--raw', '--subdir', 'DAGS_FOLDER/file_***-mongo.py', '--cfg-path', '/tmp/tmpuyr308o2']
[2023-10-19T14:47:36.585+0000] {standard_task_runner.py:85} INFO - Job 15: Subtask transform_data_by_pandas
[2023-10-19T14:47:36.615+0000] {task_command.py:416} INFO - Running <TaskInstance: copy_tranform_to_mongo.transform_data_by_pandas manual__2023-10-19T14:47:34.668256+00:00 [running]> on host 298aa8126952
[2023-10-19T14:47:36.662+0000] {taskinstance.py:1662} INFO - Exporting env vars: AIRFLOW_CTX_DAG_OWNER='***' AIRFLOW_CTX_DAG_ID='copy_tranform_to_mongo' AIRFLOW_CTX_TASK_ID='transform_data_by_pandas' AIRFLOW_CTX_EXECUTION_DATE='2023-10-19T14:47:34.668256+00:00' AIRFLOW_CTX_TRY_NUMBER='1' AIRFLOW_CTX_DAG_RUN_ID='manual__2023-10-19T14:47:34.668256+00:00'
[2023-10-19T14:47:36.674+0000] {docker.py:337} INFO - Starting docker container from image python/pandas:1.0.0
[2023-10-19T14:47:37.193+0000] {docker.py:406} INFO - Input Notebook:  /opt/pandasapp/notebooks/tiktok_google_reviews.ipynb
Output Notebook: /opt/pandasapp/notebooks/tiktok_google_reviews.ipynb
[2023-10-19T14:47:37.233+0000] {docker.py:406} INFO - Executing:   0%|          | 0/27 [00:00<?, ?cell/s]
[2023-10-19T14:47:37.937+0000] {docker.py:406} INFO - Executing notebook with kernel: python3
[2023-10-19T14:47:37.953+0000] {docker.py:406} INFO - Executing:   4%|▎         | 1/27 [00:00<00:18,  1.39cell/s]
[2023-10-19T14:47:38.589+0000] {docker.py:406} INFO - Executing:  15%|█▍        | 4/27 [00:01<00:07,  3.25cell/s]
[2023-10-19T14:47:39.968+0000] {docker.py:406} INFO - Executing:  22%|██▏       | 6/27 [00:02<00:09,  2.11cell/s]
[2023-10-19T14:47:40.093+0000] {docker.py:406} INFO - Executing:  44%|████▍     | 12/27 [00:02<00:02,  5.59cell/s]
[2023-10-19T14:47:40.296+0000] {docker.py:406} INFO - Executing:  59%|█████▉    | 16/27 [00:03<00:01,  7.70cell/s]
[2023-10-19T14:47:40.708+0000] {docker.py:406} INFO - Executing:  70%|███████   | 19/27 [00:03<00:01,  7.57cell/s]
[2023-10-19T14:47:41.075+0000] {docker.py:406} INFO - Executing:  78%|███████▊  | 21/27 [00:03<00:00,  6.98cell/s]
[2023-10-19T14:47:41.459+0000] {docker.py:406} INFO - Executing:  85%|████████▌ | 23/27 [00:04<00:00,  6.46cell/s]
[2023-10-19T14:47:42.102+0000] {docker.py:406} INFO - Executing:  96%|█████████▋| 26/27 [00:04<00:00,  5.72cell/s]
[2023-10-19T14:47:42.537+0000] {docker.py:406} INFO - Executing: 100%|██████████| 27/27 [00:05<00:00,  5.09cell/s]
[2023-10-19T14:47:42.981+0000] {taskinstance.py:1400} INFO - Marking task as SUCCESS. dag_id=copy_tranform_to_mongo, task_id=transform_data_by_pandas, execution_date=20231019T144734, start_date=20231019T144736, end_date=20231019T144742
[2023-10-19T14:47:43.003+0000] {local_task_job_runner.py:228} INFO - Task exited with return code 0
[2023-10-19T14:47:43.020+0000] {taskinstance.py:2778} INFO - 1 downstream tasks scheduled from follow-on schedule check
