[2023-10-17T11:27:13.766+0000] {taskinstance.py:1159} INFO - Dependencies all met for dep_context=non-requeueable deps ti=<TaskInstance: copy_tranform_to_mongo.waiting_for_data scheduled__2023-09-03T00:00:00+00:00 [queued]>
[2023-10-17T11:27:13.776+0000] {taskinstance.py:1159} INFO - Dependencies all met for dep_context=requeueable deps ti=<TaskInstance: copy_tranform_to_mongo.waiting_for_data scheduled__2023-09-03T00:00:00+00:00 [queued]>
[2023-10-17T11:27:13.777+0000] {taskinstance.py:1361} INFO - Starting attempt 1 of 1
[2023-10-17T11:27:13.827+0000] {taskinstance.py:1382} INFO - Executing <Task(FileSensor): waiting_for_data> on 2023-09-03 00:00:00+00:00
[2023-10-17T11:27:13.836+0000] {standard_task_runner.py:57} INFO - Started process 2504 to run task
[2023-10-17T11:27:13.839+0000] {standard_task_runner.py:84} INFO - Running: ['***', 'tasks', 'run', 'copy_tranform_to_mongo', 'waiting_for_data', 'scheduled__2023-09-03T00:00:00+00:00', '--job-id', '980', '--raw', '--subdir', 'DAGS_FOLDER/file_***-mongo.py', '--cfg-path', '/tmp/tmpyq0dtjp_']
[2023-10-17T11:27:13.840+0000] {standard_task_runner.py:85} INFO - Job 980: Subtask waiting_for_data
[2023-10-17T11:27:13.889+0000] {task_command.py:416} INFO - Running <TaskInstance: copy_tranform_to_mongo.waiting_for_data scheduled__2023-09-03T00:00:00+00:00 [running]> on host 238c1d4ff767
[2023-10-17T11:27:13.978+0000] {taskinstance.py:1662} INFO - Exporting env vars: AIRFLOW_CTX_DAG_OWNER='***' AIRFLOW_CTX_DAG_ID='copy_tranform_to_mongo' AIRFLOW_CTX_TASK_ID='waiting_for_data' AIRFLOW_CTX_EXECUTION_DATE='2023-09-03T00:00:00+00:00' AIRFLOW_CTX_TRY_NUMBER='1' AIRFLOW_CTX_DAG_RUN_ID='scheduled__2023-09-03T00:00:00+00:00'
[2023-10-17T11:27:13.990+0000] {base.py:73} INFO - Using connection ID 'fs_default' for task execution.
[2023-10-17T11:27:13.990+0000] {filesystem.py:64} INFO - Poking for file /opt/in/tiktok_google_play_reviews.csv
[2023-10-17T11:27:13.990+0000] {filesystem.py:69} INFO - Found File /opt/in/tiktok_google_play_reviews.csv last modified: 20220405221612
[2023-10-17T11:27:13.992+0000] {base.py:287} INFO - Success criteria met. Exiting.
[2023-10-17T11:27:14.003+0000] {taskinstance.py:1400} INFO - Marking task as SUCCESS. dag_id=copy_tranform_to_mongo, task_id=waiting_for_data, execution_date=20230903T000000, start_date=20231017T112713, end_date=20231017T112714
[2023-10-17T11:27:14.058+0000] {local_task_job_runner.py:228} INFO - Task exited with return code 0
[2023-10-17T11:27:14.101+0000] {taskinstance.py:2778} INFO - 0 downstream tasks scheduled from follow-on schedule check
[2023-10-18T11:52:25.756+0000] {taskinstance.py:1159} INFO - Dependencies all met for dep_context=non-requeueable deps ti=<TaskInstance: copy_tranform_to_mongo.waiting_for_data scheduled__2023-09-03T00:00:00+00:00 [queued]>
[2023-10-18T11:52:25.767+0000] {taskinstance.py:1159} INFO - Dependencies all met for dep_context=requeueable deps ti=<TaskInstance: copy_tranform_to_mongo.waiting_for_data scheduled__2023-09-03T00:00:00+00:00 [queued]>
[2023-10-18T11:52:25.767+0000] {taskinstance.py:1361} INFO - Starting attempt 1 of 1
[2023-10-18T11:52:25.782+0000] {taskinstance.py:1382} INFO - Executing <Task(FileSensor): waiting_for_data> on 2023-09-03 00:00:00+00:00
[2023-10-18T11:52:25.789+0000] {standard_task_runner.py:57} INFO - Started process 4497 to run task
[2023-10-18T11:52:25.791+0000] {standard_task_runner.py:84} INFO - Running: ['***', 'tasks', 'run', 'copy_tranform_to_mongo', 'waiting_for_data', 'scheduled__2023-09-03T00:00:00+00:00', '--job-id', '1913', '--raw', '--subdir', 'DAGS_FOLDER/file_***-mongo.py', '--cfg-path', '/tmp/tmpwl209s7z']
[2023-10-18T11:52:25.792+0000] {standard_task_runner.py:85} INFO - Job 1913: Subtask waiting_for_data
[2023-10-18T11:52:25.836+0000] {task_command.py:416} INFO - Running <TaskInstance: copy_tranform_to_mongo.waiting_for_data scheduled__2023-09-03T00:00:00+00:00 [running]> on host 0e68aa52dfc7
[2023-10-18T11:52:25.908+0000] {taskinstance.py:1662} INFO - Exporting env vars: AIRFLOW_CTX_DAG_OWNER='***' AIRFLOW_CTX_DAG_ID='copy_tranform_to_mongo' AIRFLOW_CTX_TASK_ID='waiting_for_data' AIRFLOW_CTX_EXECUTION_DATE='2023-09-03T00:00:00+00:00' AIRFLOW_CTX_TRY_NUMBER='1' AIRFLOW_CTX_DAG_RUN_ID='scheduled__2023-09-03T00:00:00+00:00'
[2023-10-18T11:52:25.921+0000] {base.py:73} INFO - Using connection ID 'fs_default' for task execution.
[2023-10-18T11:52:25.926+0000] {filesystem.py:64} INFO - Poking for file /opt/in/tiktok_google_play_reviews.csv
[2023-10-18T11:52:25.927+0000] {filesystem.py:69} INFO - Found File /opt/in/tiktok_google_play_reviews.csv last modified: 20220405221612
[2023-10-18T11:52:25.928+0000] {base.py:287} INFO - Success criteria met. Exiting.
[2023-10-18T11:52:25.939+0000] {taskinstance.py:1400} INFO - Marking task as SUCCESS. dag_id=copy_tranform_to_mongo, task_id=waiting_for_data, execution_date=20230903T000000, start_date=20231018T115225, end_date=20231018T115225
[2023-10-18T11:52:25.966+0000] {local_task_job_runner.py:228} INFO - Task exited with return code 0
[2023-10-18T11:52:25.998+0000] {taskinstance.py:2778} INFO - 1 downstream tasks scheduled from follow-on schedule check
