[2023-10-19T13:04:49.873+0000] {taskinstance.py:1159} INFO - Dependencies all met for dep_context=non-requeueable deps ti=<TaskInstance: copy_tranform_to_mongo.transform_data_by_pandas scheduled__2021-01-22T00:00:00+00:00 [queued]>
[2023-10-19T13:04:49.901+0000] {taskinstance.py:1159} INFO - Dependencies all met for dep_context=requeueable deps ti=<TaskInstance: copy_tranform_to_mongo.transform_data_by_pandas scheduled__2021-01-22T00:00:00+00:00 [queued]>
[2023-10-19T13:04:49.902+0000] {taskinstance.py:1361} INFO - Starting attempt 1 of 1
[2023-10-19T13:04:49.938+0000] {taskinstance.py:1382} INFO - Executing <Task(DockerOperator): transform_data_by_pandas> on 2021-01-22 00:00:00+00:00
[2023-10-19T13:04:49.951+0000] {standard_task_runner.py:57} INFO - Started process 264 to run task
[2023-10-19T13:04:49.983+0000] {standard_task_runner.py:84} INFO - Running: ['***', 'tasks', 'run', 'copy_tranform_to_mongo', 'transform_data_by_pandas', 'scheduled__2021-01-22T00:00:00+00:00', '--job-id', '67', '--raw', '--subdir', 'DAGS_FOLDER/file_***-mongo.py', '--cfg-path', '/tmp/tmp1gd57sal']
[2023-10-19T13:04:49.986+0000] {standard_task_runner.py:85} INFO - Job 67: Subtask transform_data_by_pandas
[2023-10-19T13:04:50.099+0000] {task_command.py:416} INFO - Running <TaskInstance: copy_tranform_to_mongo.transform_data_by_pandas scheduled__2021-01-22T00:00:00+00:00 [running]> on host f2b9ba520501
[2023-10-19T13:04:50.335+0000] {taskinstance.py:1662} INFO - Exporting env vars: AIRFLOW_CTX_DAG_OWNER='***' AIRFLOW_CTX_DAG_ID='copy_tranform_to_mongo' AIRFLOW_CTX_TASK_ID='transform_data_by_pandas' AIRFLOW_CTX_EXECUTION_DATE='2021-01-22T00:00:00+00:00' AIRFLOW_CTX_TRY_NUMBER='1' AIRFLOW_CTX_DAG_RUN_ID='scheduled__2021-01-22T00:00:00+00:00'
[2023-10-19T13:04:50.370+0000] {docker.py:337} INFO - Starting docker container from image python/pandas:1.0.0
[2023-10-19T13:04:51.767+0000] {docker.py:406} INFO - Input Notebook:  /opt/pandasapp/notebooks/tiktok_google_reviews.ipynb
Output Notebook: /opt/pandasapp/notebooks/tiktok_google_reviews.ipynb
[2023-10-19T13:04:51.854+0000] {docker.py:406} INFO - Executing:   0%|          | 0/27 [00:00<?, ?cell/s]
[2023-10-19T13:04:53.889+0000] {docker.py:406} INFO - Executing notebook with kernel: python3
[2023-10-19T13:04:53.917+0000] {docker.py:406} INFO - Executing:   4%|▎         | 1/27 [00:02<00:53,  2.06s/cell]
[2023-10-19T13:04:56.199+0000] {docker.py:406} INFO - Executing:  15%|█▍        | 4/27 [00:04<00:23,  1.01s/cell]
[2023-10-19T13:05:02.465+0000] {docker.py:406} INFO - Executing:  22%|██▏       | 6/27 [00:10<00:40,  1.93s/cell]
[2023-10-19T13:05:02.676+0000] {docker.py:406} INFO - Executing:  33%|███▎      | 9/27 [00:10<00:18,  1.03s/cell]
[2023-10-19T13:05:02.826+0000] {docker.py:406} INFO - Executing:  41%|████      | 11/27 [00:10<00:11,  1.37cell/s]
[2023-10-19T13:05:03.149+0000] {docker.py:406} INFO - Executing:  44%|████▍     | 12/27 [00:11<00:09,  1.52cell/s]
[2023-10-19T13:05:03.324+0000] {docker.py:406} INFO - Executing:  48%|████▊     | 13/27 [00:11<00:07,  1.80cell/s]
[2023-10-19T13:05:03.461+0000] {docker.py:406} INFO - Executing:  56%|█████▌    | 15/27 [00:11<00:04,  2.67cell/s]
[2023-10-19T13:05:04.311+0000] {docker.py:406} INFO - Executing:  59%|█████▉    | 16/27 [00:12<00:05,  2.11cell/s]
[2023-10-19T13:05:06.236+0000] {docker.py:406} INFO - Executing:  63%|██████▎   | 17/27 [00:14<00:08,  1.23cell/s]
[2023-10-19T13:05:06.410+0000] {docker.py:406} INFO - Executing:  70%|███████   | 19/27 [00:14<00:04,  1.91cell/s]
[2023-10-19T13:05:07.563+0000] {docker.py:406} INFO - Executing:  74%|███████▍  | 20/27 [00:15<00:04,  1.51cell/s]
[2023-10-19T13:05:08.186+0000] {docker.py:406} INFO - Executing:  78%|███████▊  | 21/27 [00:16<00:03,  1.53cell/s]
[2023-10-19T13:05:09.524+0000] {docker.py:406} INFO - Executing:  81%|████████▏ | 22/27 [00:17<00:04,  1.21cell/s]
[2023-10-19T13:05:10.496+0000] {docker.py:406} INFO - Executing:  85%|████████▌ | 23/27 [00:18<00:03,  1.16cell/s]
[2023-10-19T13:05:10.598+0000] {docker.py:406} INFO - Executing:  93%|█████████▎| 25/27 [00:18<00:01,  1.95cell/s]
[2023-10-19T13:05:13.030+0000] {docker.py:406} INFO - Executing:  96%|█████████▋| 26/27 [00:21<00:00,  1.03cell/s]
[2023-10-19T13:05:14.754+0000] {docker.py:406} INFO - Executing: 100%|██████████| 27/27 [00:22<00:00,  1.18cell/s]
[2023-10-19T13:05:15.628+0000] {taskinstance.py:1400} INFO - Marking task as SUCCESS. dag_id=copy_tranform_to_mongo, task_id=transform_data_by_pandas, execution_date=20210122T000000, start_date=20231019T130449, end_date=20231019T130515
[2023-10-19T13:05:15.686+0000] {local_task_job_runner.py:228} INFO - Task exited with return code 0
[2023-10-19T13:05:15.708+0000] {taskinstance.py:2778} INFO - 1 downstream tasks scheduled from follow-on schedule check
