[2023-10-17T11:19:58.667+0000] {taskinstance.py:1159} INFO - Dependencies all met for dep_context=non-requeueable deps ti=<TaskInstance: copy_tranform_to_mongo.waiting_for_data scheduled__2021-07-07T00:00:00+00:00 [queued]>
[2023-10-17T11:19:58.676+0000] {taskinstance.py:1159} INFO - Dependencies all met for dep_context=requeueable deps ti=<TaskInstance: copy_tranform_to_mongo.waiting_for_data scheduled__2021-07-07T00:00:00+00:00 [queued]>
[2023-10-17T11:19:58.676+0000] {taskinstance.py:1361} INFO - Starting attempt 1 of 1
[2023-10-17T11:19:58.727+0000] {taskinstance.py:1382} INFO - Executing <Task(FileSensor): waiting_for_data> on 2021-07-07 00:00:00+00:00
[2023-10-17T11:19:58.736+0000] {standard_task_runner.py:57} INFO - Started process 817 to run task
[2023-10-17T11:19:58.739+0000] {standard_task_runner.py:84} INFO - Running: ['***', 'tasks', 'run', 'copy_tranform_to_mongo', 'waiting_for_data', 'scheduled__2021-07-07T00:00:00+00:00', '--job-id', '192', '--raw', '--subdir', 'DAGS_FOLDER/file_***-mongo.py', '--cfg-path', '/tmp/tmpmyhjhns0']
[2023-10-17T11:19:58.740+0000] {standard_task_runner.py:85} INFO - Job 192: Subtask waiting_for_data
[2023-10-17T11:19:58.796+0000] {task_command.py:416} INFO - Running <TaskInstance: copy_tranform_to_mongo.waiting_for_data scheduled__2021-07-07T00:00:00+00:00 [running]> on host 238c1d4ff767
[2023-10-17T11:19:58.886+0000] {taskinstance.py:1662} INFO - Exporting env vars: AIRFLOW_CTX_DAG_OWNER='***' AIRFLOW_CTX_DAG_ID='copy_tranform_to_mongo' AIRFLOW_CTX_TASK_ID='waiting_for_data' AIRFLOW_CTX_EXECUTION_DATE='2021-07-07T00:00:00+00:00' AIRFLOW_CTX_TRY_NUMBER='1' AIRFLOW_CTX_DAG_RUN_ID='scheduled__2021-07-07T00:00:00+00:00'
[2023-10-17T11:19:58.896+0000] {base.py:73} INFO - Using connection ID 'fs_default' for task execution.
[2023-10-17T11:19:58.896+0000] {filesystem.py:64} INFO - Poking for file /opt/in/tiktok_google_play_reviews.csv
[2023-10-17T11:19:58.896+0000] {filesystem.py:69} INFO - Found File /opt/in/tiktok_google_play_reviews.csv last modified: 20220405221612
[2023-10-17T11:19:58.897+0000] {base.py:287} INFO - Success criteria met. Exiting.
[2023-10-17T11:19:58.907+0000] {taskinstance.py:1400} INFO - Marking task as SUCCESS. dag_id=copy_tranform_to_mongo, task_id=waiting_for_data, execution_date=20210707T000000, start_date=20231017T111958, end_date=20231017T111958
[2023-10-17T11:19:58.957+0000] {local_task_job_runner.py:228} INFO - Task exited with return code 0
[2023-10-17T11:19:58.980+0000] {taskinstance.py:2778} INFO - 0 downstream tasks scheduled from follow-on schedule check
[2023-10-18T10:43:43.090+0000] {taskinstance.py:1159} INFO - Dependencies all met for dep_context=non-requeueable deps ti=<TaskInstance: copy_tranform_to_mongo.waiting_for_data scheduled__2021-07-07T00:00:00+00:00 [queued]>
[2023-10-18T10:43:43.105+0000] {taskinstance.py:1159} INFO - Dependencies all met for dep_context=requeueable deps ti=<TaskInstance: copy_tranform_to_mongo.waiting_for_data scheduled__2021-07-07T00:00:00+00:00 [queued]>
[2023-10-18T10:43:43.105+0000] {taskinstance.py:1361} INFO - Starting attempt 1 of 1
[2023-10-18T10:43:43.120+0000] {taskinstance.py:1382} INFO - Executing <Task(FileSensor): waiting_for_data> on 2021-07-07 00:00:00+00:00
[2023-10-18T10:43:43.127+0000] {standard_task_runner.py:57} INFO - Started process 1780 to run task
[2023-10-18T10:43:43.131+0000] {standard_task_runner.py:84} INFO - Running: ['***', 'tasks', 'run', 'copy_tranform_to_mongo', 'waiting_for_data', 'scheduled__2021-07-07T00:00:00+00:00', '--job-id', '191', '--raw', '--subdir', 'DAGS_FOLDER/file_***-mongo.py', '--cfg-path', '/tmp/tmprl0za78t']
[2023-10-18T10:43:43.133+0000] {standard_task_runner.py:85} INFO - Job 191: Subtask waiting_for_data
[2023-10-18T10:43:43.184+0000] {task_command.py:416} INFO - Running <TaskInstance: copy_tranform_to_mongo.waiting_for_data scheduled__2021-07-07T00:00:00+00:00 [running]> on host 2473b23ba069
[2023-10-18T10:43:43.257+0000] {taskinstance.py:1662} INFO - Exporting env vars: AIRFLOW_CTX_DAG_OWNER='***' AIRFLOW_CTX_DAG_ID='copy_tranform_to_mongo' AIRFLOW_CTX_TASK_ID='waiting_for_data' AIRFLOW_CTX_EXECUTION_DATE='2021-07-07T00:00:00+00:00' AIRFLOW_CTX_TRY_NUMBER='1' AIRFLOW_CTX_DAG_RUN_ID='scheduled__2021-07-07T00:00:00+00:00'
[2023-10-18T10:43:43.275+0000] {taskinstance.py:1937} ERROR - Task failed with exception
Traceback (most recent call last):
  File "/home/airflow/.local/lib/python3.8/site-packages/airflow/sensors/base.py", line 257, in execute
    raise e
  File "/home/airflow/.local/lib/python3.8/site-packages/airflow/sensors/base.py", line 239, in execute
    poke_return = self.poke(context)
  File "/home/airflow/.local/lib/python3.8/site-packages/airflow/sensors/filesystem.py", line 61, in poke
    hook = FSHook(self.fs_conn_id)
  File "/home/airflow/.local/lib/python3.8/site-packages/airflow/hooks/filesystem.py", line 38, in __init__
    conn = self.get_connection(conn_id)
  File "/home/airflow/.local/lib/python3.8/site-packages/airflow/hooks/base.py", line 72, in get_connection
    conn = Connection.get_connection_from_secrets(conn_id)
  File "/home/airflow/.local/lib/python3.8/site-packages/airflow/models/connection.py", line 477, in get_connection_from_secrets
    raise AirflowNotFoundException(f"The conn_id `{conn_id}` isn't defined")
airflow.exceptions.AirflowNotFoundException: The conn_id `fs_default` isn't defined
[2023-10-18T10:43:43.280+0000] {taskinstance.py:1400} INFO - Marking task as FAILED. dag_id=copy_tranform_to_mongo, task_id=waiting_for_data, execution_date=20210707T000000, start_date=20231018T104343, end_date=20231018T104343
[2023-10-18T10:43:43.291+0000] {standard_task_runner.py:104} ERROR - Failed to execute job 191 for task waiting_for_data (The conn_id `fs_default` isn't defined; 1780)
[2023-10-18T10:43:43.304+0000] {local_task_job_runner.py:228} INFO - Task exited with return code 1
[2023-10-18T10:43:43.335+0000] {taskinstance.py:2778} INFO - 0 downstream tasks scheduled from follow-on schedule check
[2023-10-18T11:44:09.988+0000] {taskinstance.py:1159} INFO - Dependencies all met for dep_context=non-requeueable deps ti=<TaskInstance: copy_tranform_to_mongo.waiting_for_data scheduled__2021-07-07T00:00:00+00:00 [queued]>
[2023-10-18T11:44:09.999+0000] {taskinstance.py:1159} INFO - Dependencies all met for dep_context=requeueable deps ti=<TaskInstance: copy_tranform_to_mongo.waiting_for_data scheduled__2021-07-07T00:00:00+00:00 [queued]>
[2023-10-18T11:44:10.000+0000] {taskinstance.py:1361} INFO - Starting attempt 1 of 1
[2023-10-18T11:44:10.014+0000] {taskinstance.py:1382} INFO - Executing <Task(FileSensor): waiting_for_data> on 2021-07-07 00:00:00+00:00
[2023-10-18T11:44:10.023+0000] {standard_task_runner.py:57} INFO - Started process 1219 to run task
[2023-10-18T11:44:10.028+0000] {standard_task_runner.py:84} INFO - Running: ['***', 'tasks', 'run', 'copy_tranform_to_mongo', 'waiting_for_data', 'scheduled__2021-07-07T00:00:00+00:00', '--job-id', '339', '--raw', '--subdir', 'DAGS_FOLDER/file_***-mongo.py', '--cfg-path', '/tmp/tmp1a8ydg8p']
[2023-10-18T11:44:10.029+0000] {standard_task_runner.py:85} INFO - Job 339: Subtask waiting_for_data
[2023-10-18T11:44:10.089+0000] {task_command.py:416} INFO - Running <TaskInstance: copy_tranform_to_mongo.waiting_for_data scheduled__2021-07-07T00:00:00+00:00 [running]> on host 0e68aa52dfc7
[2023-10-18T11:44:10.157+0000] {taskinstance.py:1662} INFO - Exporting env vars: AIRFLOW_CTX_DAG_OWNER='***' AIRFLOW_CTX_DAG_ID='copy_tranform_to_mongo' AIRFLOW_CTX_TASK_ID='waiting_for_data' AIRFLOW_CTX_EXECUTION_DATE='2021-07-07T00:00:00+00:00' AIRFLOW_CTX_TRY_NUMBER='1' AIRFLOW_CTX_DAG_RUN_ID='scheduled__2021-07-07T00:00:00+00:00'
[2023-10-18T11:44:10.167+0000] {base.py:73} INFO - Using connection ID 'fs_default' for task execution.
[2023-10-18T11:44:10.168+0000] {filesystem.py:64} INFO - Poking for file /opt/in/tiktok_google_play_reviews.csv
[2023-10-18T11:44:10.169+0000] {filesystem.py:69} INFO - Found File /opt/in/tiktok_google_play_reviews.csv last modified: 20220405221612
[2023-10-18T11:44:10.169+0000] {base.py:287} INFO - Success criteria met. Exiting.
[2023-10-18T11:44:10.180+0000] {taskinstance.py:1400} INFO - Marking task as SUCCESS. dag_id=copy_tranform_to_mongo, task_id=waiting_for_data, execution_date=20210707T000000, start_date=20231018T114409, end_date=20231018T114410
[2023-10-18T11:44:10.240+0000] {local_task_job_runner.py:228} INFO - Task exited with return code 0
[2023-10-18T11:44:10.271+0000] {taskinstance.py:2778} INFO - 1 downstream tasks scheduled from follow-on schedule check
