[2023-10-17T11:24:21.462+0000] {taskinstance.py:1159} INFO - Dependencies all met for dep_context=non-requeueable deps ti=<TaskInstance: copy_tranform_to_mongo.waiting_for_data scheduled__2022-11-11T00:00:00+00:00 [queued]>
[2023-10-17T11:24:21.467+0000] {taskinstance.py:1159} INFO - Dependencies all met for dep_context=requeueable deps ti=<TaskInstance: copy_tranform_to_mongo.waiting_for_data scheduled__2022-11-11T00:00:00+00:00 [queued]>
[2023-10-17T11:24:21.468+0000] {taskinstance.py:1361} INFO - Starting attempt 1 of 1
[2023-10-17T11:24:21.477+0000] {taskinstance.py:1382} INFO - Executing <Task(FileSensor): waiting_for_data> on 2022-11-11 00:00:00+00:00
[2023-10-17T11:24:21.481+0000] {standard_task_runner.py:57} INFO - Started process 1862 to run task
[2023-10-17T11:24:21.483+0000] {standard_task_runner.py:84} INFO - Running: ['***', 'tasks', 'run', 'copy_tranform_to_mongo', 'waiting_for_data', 'scheduled__2022-11-11T00:00:00+00:00', '--job-id', '684', '--raw', '--subdir', 'DAGS_FOLDER/file_***-mongo.py', '--cfg-path', '/tmp/tmpj99t48ic']
[2023-10-17T11:24:21.484+0000] {standard_task_runner.py:85} INFO - Job 684: Subtask waiting_for_data
[2023-10-17T11:24:21.516+0000] {task_command.py:416} INFO - Running <TaskInstance: copy_tranform_to_mongo.waiting_for_data scheduled__2022-11-11T00:00:00+00:00 [running]> on host 238c1d4ff767
[2023-10-17T11:24:21.571+0000] {taskinstance.py:1662} INFO - Exporting env vars: AIRFLOW_CTX_DAG_OWNER='***' AIRFLOW_CTX_DAG_ID='copy_tranform_to_mongo' AIRFLOW_CTX_TASK_ID='waiting_for_data' AIRFLOW_CTX_EXECUTION_DATE='2022-11-11T00:00:00+00:00' AIRFLOW_CTX_TRY_NUMBER='1' AIRFLOW_CTX_DAG_RUN_ID='scheduled__2022-11-11T00:00:00+00:00'
[2023-10-17T11:24:21.578+0000] {base.py:73} INFO - Using connection ID 'fs_default' for task execution.
[2023-10-17T11:24:21.578+0000] {filesystem.py:64} INFO - Poking for file /opt/in/tiktok_google_play_reviews.csv
[2023-10-17T11:24:21.578+0000] {filesystem.py:69} INFO - Found File /opt/in/tiktok_google_play_reviews.csv last modified: 20220405221612
[2023-10-17T11:24:21.578+0000] {base.py:287} INFO - Success criteria met. Exiting.
[2023-10-17T11:24:21.584+0000] {taskinstance.py:1400} INFO - Marking task as SUCCESS. dag_id=copy_tranform_to_mongo, task_id=waiting_for_data, execution_date=20221111T000000, start_date=20231017T112421, end_date=20231017T112421
[2023-10-17T11:24:21.615+0000] {local_task_job_runner.py:228} INFO - Task exited with return code 0
[2023-10-17T11:24:21.639+0000] {taskinstance.py:2778} INFO - 0 downstream tasks scheduled from follow-on schedule check
[2023-10-18T11:49:06.428+0000] {taskinstance.py:1159} INFO - Dependencies all met for dep_context=non-requeueable deps ti=<TaskInstance: copy_tranform_to_mongo.waiting_for_data scheduled__2022-11-11T00:00:00+00:00 [queued]>
[2023-10-18T11:49:06.438+0000] {taskinstance.py:1159} INFO - Dependencies all met for dep_context=requeueable deps ti=<TaskInstance: copy_tranform_to_mongo.waiting_for_data scheduled__2022-11-11T00:00:00+00:00 [queued]>
[2023-10-18T11:49:06.439+0000] {taskinstance.py:1361} INFO - Starting attempt 1 of 1
[2023-10-18T11:49:06.455+0000] {taskinstance.py:1382} INFO - Executing <Task(FileSensor): waiting_for_data> on 2022-11-11 00:00:00+00:00
[2023-10-18T11:49:06.463+0000] {standard_task_runner.py:57} INFO - Started process 3257 to run task
[2023-10-18T11:49:06.465+0000] {standard_task_runner.py:84} INFO - Running: ['***', 'tasks', 'run', 'copy_tranform_to_mongo', 'waiting_for_data', 'scheduled__2022-11-11T00:00:00+00:00', '--job-id', '1321', '--raw', '--subdir', 'DAGS_FOLDER/file_***-mongo.py', '--cfg-path', '/tmp/tmp6ixs7u0i']
[2023-10-18T11:49:06.467+0000] {standard_task_runner.py:85} INFO - Job 1321: Subtask waiting_for_data
[2023-10-18T11:49:06.520+0000] {task_command.py:416} INFO - Running <TaskInstance: copy_tranform_to_mongo.waiting_for_data scheduled__2022-11-11T00:00:00+00:00 [running]> on host 0e68aa52dfc7
[2023-10-18T11:49:06.592+0000] {taskinstance.py:1662} INFO - Exporting env vars: AIRFLOW_CTX_DAG_OWNER='***' AIRFLOW_CTX_DAG_ID='copy_tranform_to_mongo' AIRFLOW_CTX_TASK_ID='waiting_for_data' AIRFLOW_CTX_EXECUTION_DATE='2022-11-11T00:00:00+00:00' AIRFLOW_CTX_TRY_NUMBER='1' AIRFLOW_CTX_DAG_RUN_ID='scheduled__2022-11-11T00:00:00+00:00'
[2023-10-18T11:49:06.604+0000] {base.py:73} INFO - Using connection ID 'fs_default' for task execution.
[2023-10-18T11:49:06.604+0000] {filesystem.py:64} INFO - Poking for file /opt/in/tiktok_google_play_reviews.csv
[2023-10-18T11:49:06.604+0000] {filesystem.py:69} INFO - Found File /opt/in/tiktok_google_play_reviews.csv last modified: 20220405221612
[2023-10-18T11:49:06.604+0000] {base.py:287} INFO - Success criteria met. Exiting.
[2023-10-18T11:49:06.616+0000] {taskinstance.py:1400} INFO - Marking task as SUCCESS. dag_id=copy_tranform_to_mongo, task_id=waiting_for_data, execution_date=20221111T000000, start_date=20231018T114906, end_date=20231018T114906
[2023-10-18T11:49:06.680+0000] {local_task_job_runner.py:228} INFO - Task exited with return code 0
[2023-10-18T11:49:06.741+0000] {taskinstance.py:2778} INFO - 0 downstream tasks scheduled from follow-on schedule check
