[2023-10-17T11:26:14.335+0000] {taskinstance.py:1159} INFO - Dependencies all met for dep_context=non-requeueable deps ti=<TaskInstance: copy_tranform_to_mongo.waiting_for_data scheduled__2023-06-08T00:00:00+00:00 [queued]>
[2023-10-17T11:26:14.341+0000] {taskinstance.py:1159} INFO - Dependencies all met for dep_context=requeueable deps ti=<TaskInstance: copy_tranform_to_mongo.waiting_for_data scheduled__2023-06-08T00:00:00+00:00 [queued]>
[2023-10-17T11:26:14.342+0000] {taskinstance.py:1361} INFO - Starting attempt 1 of 1
[2023-10-17T11:26:14.350+0000] {taskinstance.py:1382} INFO - Executing <Task(FileSensor): waiting_for_data> on 2023-06-08 00:00:00+00:00
[2023-10-17T11:26:14.354+0000] {standard_task_runner.py:57} INFO - Started process 2312 to run task
[2023-10-17T11:26:14.356+0000] {standard_task_runner.py:84} INFO - Running: ['***', 'tasks', 'run', 'copy_tranform_to_mongo', 'waiting_for_data', 'scheduled__2023-06-08T00:00:00+00:00', '--job-id', '893', '--raw', '--subdir', 'DAGS_FOLDER/file_***-mongo.py', '--cfg-path', '/tmp/tmpik6ux6as']
[2023-10-17T11:26:14.357+0000] {standard_task_runner.py:85} INFO - Job 893: Subtask waiting_for_data
[2023-10-17T11:26:14.387+0000] {task_command.py:416} INFO - Running <TaskInstance: copy_tranform_to_mongo.waiting_for_data scheduled__2023-06-08T00:00:00+00:00 [running]> on host 238c1d4ff767
[2023-10-17T11:26:14.439+0000] {taskinstance.py:1662} INFO - Exporting env vars: AIRFLOW_CTX_DAG_OWNER='***' AIRFLOW_CTX_DAG_ID='copy_tranform_to_mongo' AIRFLOW_CTX_TASK_ID='waiting_for_data' AIRFLOW_CTX_EXECUTION_DATE='2023-06-08T00:00:00+00:00' AIRFLOW_CTX_TRY_NUMBER='1' AIRFLOW_CTX_DAG_RUN_ID='scheduled__2023-06-08T00:00:00+00:00'
[2023-10-17T11:26:14.446+0000] {base.py:73} INFO - Using connection ID 'fs_default' for task execution.
[2023-10-17T11:26:14.446+0000] {filesystem.py:64} INFO - Poking for file /opt/in/tiktok_google_play_reviews.csv
[2023-10-17T11:26:14.446+0000] {filesystem.py:69} INFO - Found File /opt/in/tiktok_google_play_reviews.csv last modified: 20220405221612
[2023-10-17T11:26:14.446+0000] {base.py:287} INFO - Success criteria met. Exiting.
[2023-10-17T11:26:14.452+0000] {taskinstance.py:1400} INFO - Marking task as SUCCESS. dag_id=copy_tranform_to_mongo, task_id=waiting_for_data, execution_date=20230608T000000, start_date=20231017T112614, end_date=20231017T112614
[2023-10-17T11:26:14.489+0000] {local_task_job_runner.py:228} INFO - Task exited with return code 0
[2023-10-17T11:26:14.513+0000] {taskinstance.py:2778} INFO - 0 downstream tasks scheduled from follow-on schedule check
[2023-10-18T11:51:33.244+0000] {taskinstance.py:1159} INFO - Dependencies all met for dep_context=non-requeueable deps ti=<TaskInstance: copy_tranform_to_mongo.waiting_for_data scheduled__2023-06-08T00:00:00+00:00 [queued]>
[2023-10-18T11:51:33.256+0000] {taskinstance.py:1159} INFO - Dependencies all met for dep_context=requeueable deps ti=<TaskInstance: copy_tranform_to_mongo.waiting_for_data scheduled__2023-06-08T00:00:00+00:00 [queued]>
[2023-10-18T11:51:33.257+0000] {taskinstance.py:1361} INFO - Starting attempt 1 of 1
[2023-10-18T11:51:33.273+0000] {taskinstance.py:1382} INFO - Executing <Task(FileSensor): waiting_for_data> on 2023-06-08 00:00:00+00:00
[2023-10-18T11:51:33.280+0000] {standard_task_runner.py:57} INFO - Started process 4130 to run task
[2023-10-18T11:51:33.283+0000] {standard_task_runner.py:84} INFO - Running: ['***', 'tasks', 'run', 'copy_tranform_to_mongo', 'waiting_for_data', 'scheduled__2023-06-08T00:00:00+00:00', '--job-id', '1738', '--raw', '--subdir', 'DAGS_FOLDER/file_***-mongo.py', '--cfg-path', '/tmp/tmpvyifu1m2']
[2023-10-18T11:51:33.289+0000] {standard_task_runner.py:85} INFO - Job 1738: Subtask waiting_for_data
[2023-10-18T11:51:33.343+0000] {task_command.py:416} INFO - Running <TaskInstance: copy_tranform_to_mongo.waiting_for_data scheduled__2023-06-08T00:00:00+00:00 [running]> on host 0e68aa52dfc7
[2023-10-18T11:51:33.440+0000] {taskinstance.py:1662} INFO - Exporting env vars: AIRFLOW_CTX_DAG_OWNER='***' AIRFLOW_CTX_DAG_ID='copy_tranform_to_mongo' AIRFLOW_CTX_TASK_ID='waiting_for_data' AIRFLOW_CTX_EXECUTION_DATE='2023-06-08T00:00:00+00:00' AIRFLOW_CTX_TRY_NUMBER='1' AIRFLOW_CTX_DAG_RUN_ID='scheduled__2023-06-08T00:00:00+00:00'
[2023-10-18T11:51:33.453+0000] {base.py:73} INFO - Using connection ID 'fs_default' for task execution.
[2023-10-18T11:51:33.456+0000] {filesystem.py:64} INFO - Poking for file /opt/in/tiktok_google_play_reviews.csv
[2023-10-18T11:51:33.456+0000] {filesystem.py:69} INFO - Found File /opt/in/tiktok_google_play_reviews.csv last modified: 20220405221612
[2023-10-18T11:51:33.457+0000] {base.py:287} INFO - Success criteria met. Exiting.
[2023-10-18T11:51:33.467+0000] {taskinstance.py:1400} INFO - Marking task as SUCCESS. dag_id=copy_tranform_to_mongo, task_id=waiting_for_data, execution_date=20230608T000000, start_date=20231018T115133, end_date=20231018T115133
[2023-10-18T11:51:33.505+0000] {local_task_job_runner.py:228} INFO - Task exited with return code 0
[2023-10-18T11:51:33.558+0000] {taskinstance.py:2778} INFO - 0 downstream tasks scheduled from follow-on schedule check
