[2023-10-17T11:24:15.554+0000] {taskinstance.py:1159} INFO - Dependencies all met for dep_context=non-requeueable deps ti=<TaskInstance: copy_tranform_to_mongo.waiting_for_data scheduled__2022-10-31T00:00:00+00:00 [queued]>
[2023-10-17T11:24:15.566+0000] {taskinstance.py:1159} INFO - Dependencies all met for dep_context=requeueable deps ti=<TaskInstance: copy_tranform_to_mongo.waiting_for_data scheduled__2022-10-31T00:00:00+00:00 [queued]>
[2023-10-17T11:24:15.566+0000] {taskinstance.py:1361} INFO - Starting attempt 1 of 1
[2023-10-17T11:24:15.610+0000] {taskinstance.py:1382} INFO - Executing <Task(FileSensor): waiting_for_data> on 2022-10-31 00:00:00+00:00
[2023-10-17T11:24:15.619+0000] {standard_task_runner.py:57} INFO - Started process 1842 to run task
[2023-10-17T11:24:15.622+0000] {standard_task_runner.py:84} INFO - Running: ['***', 'tasks', 'run', 'copy_tranform_to_mongo', 'waiting_for_data', 'scheduled__2022-10-31T00:00:00+00:00', '--job-id', '673', '--raw', '--subdir', 'DAGS_FOLDER/file_***-mongo.py', '--cfg-path', '/tmp/tmp8rqfu0w4']
[2023-10-17T11:24:15.624+0000] {standard_task_runner.py:85} INFO - Job 673: Subtask waiting_for_data
[2023-10-17T11:24:15.663+0000] {task_command.py:416} INFO - Running <TaskInstance: copy_tranform_to_mongo.waiting_for_data scheduled__2022-10-31T00:00:00+00:00 [running]> on host 238c1d4ff767
[2023-10-17T11:24:15.735+0000] {taskinstance.py:1662} INFO - Exporting env vars: AIRFLOW_CTX_DAG_OWNER='***' AIRFLOW_CTX_DAG_ID='copy_tranform_to_mongo' AIRFLOW_CTX_TASK_ID='waiting_for_data' AIRFLOW_CTX_EXECUTION_DATE='2022-10-31T00:00:00+00:00' AIRFLOW_CTX_TRY_NUMBER='1' AIRFLOW_CTX_DAG_RUN_ID='scheduled__2022-10-31T00:00:00+00:00'
[2023-10-17T11:24:15.744+0000] {base.py:73} INFO - Using connection ID 'fs_default' for task execution.
[2023-10-17T11:24:15.744+0000] {filesystem.py:64} INFO - Poking for file /opt/in/tiktok_google_play_reviews.csv
[2023-10-17T11:24:15.744+0000] {filesystem.py:69} INFO - Found File /opt/in/tiktok_google_play_reviews.csv last modified: 20220405221612
[2023-10-17T11:24:15.744+0000] {base.py:287} INFO - Success criteria met. Exiting.
[2023-10-17T11:24:15.753+0000] {taskinstance.py:1400} INFO - Marking task as SUCCESS. dag_id=copy_tranform_to_mongo, task_id=waiting_for_data, execution_date=20221031T000000, start_date=20231017T112415, end_date=20231017T112415
[2023-10-17T11:24:15.794+0000] {local_task_job_runner.py:228} INFO - Task exited with return code 0
[2023-10-17T11:24:15.809+0000] {taskinstance.py:2778} INFO - 0 downstream tasks scheduled from follow-on schedule check
[2023-10-18T11:49:01.403+0000] {taskinstance.py:1159} INFO - Dependencies all met for dep_context=non-requeueable deps ti=<TaskInstance: copy_tranform_to_mongo.waiting_for_data scheduled__2022-10-31T00:00:00+00:00 [queued]>
[2023-10-18T11:49:01.415+0000] {taskinstance.py:1159} INFO - Dependencies all met for dep_context=requeueable deps ti=<TaskInstance: copy_tranform_to_mongo.waiting_for_data scheduled__2022-10-31T00:00:00+00:00 [queued]>
[2023-10-18T11:49:01.415+0000] {taskinstance.py:1361} INFO - Starting attempt 1 of 1
[2023-10-18T11:49:01.433+0000] {taskinstance.py:1382} INFO - Executing <Task(FileSensor): waiting_for_data> on 2022-10-31 00:00:00+00:00
[2023-10-18T11:49:01.444+0000] {standard_task_runner.py:57} INFO - Started process 3214 to run task
[2023-10-18T11:49:01.448+0000] {standard_task_runner.py:84} INFO - Running: ['***', 'tasks', 'run', 'copy_tranform_to_mongo', 'waiting_for_data', 'scheduled__2022-10-31T00:00:00+00:00', '--job-id', '1300', '--raw', '--subdir', 'DAGS_FOLDER/file_***-mongo.py', '--cfg-path', '/tmp/tmp6i801ucx']
[2023-10-18T11:49:01.449+0000] {standard_task_runner.py:85} INFO - Job 1300: Subtask waiting_for_data
[2023-10-18T11:49:01.507+0000] {task_command.py:416} INFO - Running <TaskInstance: copy_tranform_to_mongo.waiting_for_data scheduled__2022-10-31T00:00:00+00:00 [running]> on host 0e68aa52dfc7
[2023-10-18T11:49:01.588+0000] {taskinstance.py:1662} INFO - Exporting env vars: AIRFLOW_CTX_DAG_OWNER='***' AIRFLOW_CTX_DAG_ID='copy_tranform_to_mongo' AIRFLOW_CTX_TASK_ID='waiting_for_data' AIRFLOW_CTX_EXECUTION_DATE='2022-10-31T00:00:00+00:00' AIRFLOW_CTX_TRY_NUMBER='1' AIRFLOW_CTX_DAG_RUN_ID='scheduled__2022-10-31T00:00:00+00:00'
[2023-10-18T11:49:01.598+0000] {base.py:73} INFO - Using connection ID 'fs_default' for task execution.
[2023-10-18T11:49:01.599+0000] {filesystem.py:64} INFO - Poking for file /opt/in/tiktok_google_play_reviews.csv
[2023-10-18T11:49:01.599+0000] {filesystem.py:69} INFO - Found File /opt/in/tiktok_google_play_reviews.csv last modified: 20220405221612
[2023-10-18T11:49:01.600+0000] {base.py:287} INFO - Success criteria met. Exiting.
[2023-10-18T11:49:01.609+0000] {taskinstance.py:1400} INFO - Marking task as SUCCESS. dag_id=copy_tranform_to_mongo, task_id=waiting_for_data, execution_date=20221031T000000, start_date=20231018T114901, end_date=20231018T114901
[2023-10-18T11:49:01.662+0000] {local_task_job_runner.py:228} INFO - Task exited with return code 0
[2023-10-18T11:49:01.692+0000] {taskinstance.py:2778} INFO - 1 downstream tasks scheduled from follow-on schedule check
