[2023-10-17T11:20:24.616+0000] {taskinstance.py:1159} INFO - Dependencies all met for dep_context=non-requeueable deps ti=<TaskInstance: copy_tranform_to_mongo.waiting_for_data scheduled__2021-09-10T00:00:00+00:00 [queued]>
[2023-10-17T11:20:24.623+0000] {taskinstance.py:1159} INFO - Dependencies all met for dep_context=requeueable deps ti=<TaskInstance: copy_tranform_to_mongo.waiting_for_data scheduled__2021-09-10T00:00:00+00:00 [queued]>
[2023-10-17T11:20:24.623+0000] {taskinstance.py:1361} INFO - Starting attempt 1 of 1
[2023-10-17T11:20:24.633+0000] {taskinstance.py:1382} INFO - Executing <Task(FileSensor): waiting_for_data> on 2021-09-10 00:00:00+00:00
[2023-10-17T11:20:24.637+0000] {standard_task_runner.py:57} INFO - Started process 953 to run task
[2023-10-17T11:20:24.639+0000] {standard_task_runner.py:84} INFO - Running: ['***', 'tasks', 'run', 'copy_tranform_to_mongo', 'waiting_for_data', 'scheduled__2021-09-10T00:00:00+00:00', '--job-id', '257', '--raw', '--subdir', 'DAGS_FOLDER/file_***-mongo.py', '--cfg-path', '/tmp/tmp1ovijary']
[2023-10-17T11:20:24.640+0000] {standard_task_runner.py:85} INFO - Job 257: Subtask waiting_for_data
[2023-10-17T11:20:24.678+0000] {task_command.py:416} INFO - Running <TaskInstance: copy_tranform_to_mongo.waiting_for_data scheduled__2021-09-10T00:00:00+00:00 [running]> on host 238c1d4ff767
[2023-10-17T11:20:24.754+0000] {taskinstance.py:1662} INFO - Exporting env vars: AIRFLOW_CTX_DAG_OWNER='***' AIRFLOW_CTX_DAG_ID='copy_tranform_to_mongo' AIRFLOW_CTX_TASK_ID='waiting_for_data' AIRFLOW_CTX_EXECUTION_DATE='2021-09-10T00:00:00+00:00' AIRFLOW_CTX_TRY_NUMBER='1' AIRFLOW_CTX_DAG_RUN_ID='scheduled__2021-09-10T00:00:00+00:00'
[2023-10-17T11:20:24.762+0000] {base.py:73} INFO - Using connection ID 'fs_default' for task execution.
[2023-10-17T11:20:24.763+0000] {filesystem.py:64} INFO - Poking for file /opt/in/tiktok_google_play_reviews.csv
[2023-10-17T11:20:24.763+0000] {filesystem.py:69} INFO - Found File /opt/in/tiktok_google_play_reviews.csv last modified: 20220405221612
[2023-10-17T11:20:24.763+0000] {base.py:287} INFO - Success criteria met. Exiting.
[2023-10-17T11:20:24.769+0000] {taskinstance.py:1400} INFO - Marking task as SUCCESS. dag_id=copy_tranform_to_mongo, task_id=waiting_for_data, execution_date=20210910T000000, start_date=20231017T112024, end_date=20231017T112024
[2023-10-17T11:20:24.811+0000] {local_task_job_runner.py:228} INFO - Task exited with return code 0
[2023-10-17T11:20:24.836+0000] {taskinstance.py:2778} INFO - 0 downstream tasks scheduled from follow-on schedule check
[2023-10-18T10:48:13.872+0000] {taskinstance.py:1159} INFO - Dependencies all met for dep_context=non-requeueable deps ti=<TaskInstance: copy_tranform_to_mongo.waiting_for_data scheduled__2021-09-10T00:00:00+00:00 [queued]>
[2023-10-18T10:48:13.881+0000] {taskinstance.py:1159} INFO - Dependencies all met for dep_context=requeueable deps ti=<TaskInstance: copy_tranform_to_mongo.waiting_for_data scheduled__2021-09-10T00:00:00+00:00 [queued]>
[2023-10-18T10:48:13.882+0000] {taskinstance.py:1361} INFO - Starting attempt 1 of 1
[2023-10-18T10:48:13.896+0000] {taskinstance.py:1382} INFO - Executing <Task(FileSensor): waiting_for_data> on 2021-09-10 00:00:00+00:00
[2023-10-18T10:48:13.903+0000] {standard_task_runner.py:57} INFO - Started process 2082 to run task
[2023-10-18T10:48:13.906+0000] {standard_task_runner.py:84} INFO - Running: ['***', 'tasks', 'run', 'copy_tranform_to_mongo', 'waiting_for_data', 'scheduled__2021-09-10T00:00:00+00:00', '--job-id', '305', '--raw', '--subdir', 'DAGS_FOLDER/file_***-mongo.py', '--cfg-path', '/tmp/tmp88wwptbr']
[2023-10-18T10:48:13.907+0000] {standard_task_runner.py:85} INFO - Job 305: Subtask waiting_for_data
[2023-10-18T10:48:13.956+0000] {task_command.py:416} INFO - Running <TaskInstance: copy_tranform_to_mongo.waiting_for_data scheduled__2021-09-10T00:00:00+00:00 [running]> on host 2473b23ba069
[2023-10-18T10:48:14.058+0000] {taskinstance.py:1662} INFO - Exporting env vars: AIRFLOW_CTX_DAG_OWNER='***' AIRFLOW_CTX_DAG_ID='copy_tranform_to_mongo' AIRFLOW_CTX_TASK_ID='waiting_for_data' AIRFLOW_CTX_EXECUTION_DATE='2021-09-10T00:00:00+00:00' AIRFLOW_CTX_TRY_NUMBER='1' AIRFLOW_CTX_DAG_RUN_ID='scheduled__2021-09-10T00:00:00+00:00'
[2023-10-18T10:48:14.074+0000] {base.py:73} INFO - Using connection ID 'fs_default' for task execution.
[2023-10-18T10:48:14.074+0000] {filesystem.py:64} INFO - Poking for file /opt/in/tiktok_google_play_reviews.csv
[2023-10-18T10:48:14.075+0000] {filesystem.py:69} INFO - Found File /opt/in/tiktok_google_play_reviews.csv last modified: 20220405221612
[2023-10-18T10:48:14.075+0000] {base.py:287} INFO - Success criteria met. Exiting.
[2023-10-18T10:48:14.093+0000] {taskinstance.py:1400} INFO - Marking task as SUCCESS. dag_id=copy_tranform_to_mongo, task_id=waiting_for_data, execution_date=20210910T000000, start_date=20231018T104813, end_date=20231018T104814
[2023-10-18T10:48:14.165+0000] {local_task_job_runner.py:228} INFO - Task exited with return code 0
[2023-10-18T10:48:14.211+0000] {taskinstance.py:2778} INFO - 1 downstream tasks scheduled from follow-on schedule check
[2023-10-18T11:44:46.226+0000] {taskinstance.py:1159} INFO - Dependencies all met for dep_context=non-requeueable deps ti=<TaskInstance: copy_tranform_to_mongo.waiting_for_data scheduled__2021-09-10T00:00:00+00:00 [queued]>
[2023-10-18T11:44:46.239+0000] {taskinstance.py:1159} INFO - Dependencies all met for dep_context=requeueable deps ti=<TaskInstance: copy_tranform_to_mongo.waiting_for_data scheduled__2021-09-10T00:00:00+00:00 [queued]>
[2023-10-18T11:44:46.240+0000] {taskinstance.py:1361} INFO - Starting attempt 1 of 1
[2023-10-18T11:44:46.257+0000] {taskinstance.py:1382} INFO - Executing <Task(FileSensor): waiting_for_data> on 2021-09-10 00:00:00+00:00
[2023-10-18T11:44:46.268+0000] {standard_task_runner.py:57} INFO - Started process 1484 to run task
[2023-10-18T11:44:46.272+0000] {standard_task_runner.py:84} INFO - Running: ['***', 'tasks', 'run', 'copy_tranform_to_mongo', 'waiting_for_data', 'scheduled__2021-09-10T00:00:00+00:00', '--job-id', '467', '--raw', '--subdir', 'DAGS_FOLDER/file_***-mongo.py', '--cfg-path', '/tmp/tmpe48wkssl']
[2023-10-18T11:44:46.273+0000] {standard_task_runner.py:85} INFO - Job 467: Subtask waiting_for_data
[2023-10-18T11:44:46.339+0000] {task_command.py:416} INFO - Running <TaskInstance: copy_tranform_to_mongo.waiting_for_data scheduled__2021-09-10T00:00:00+00:00 [running]> on host 0e68aa52dfc7
[2023-10-18T11:44:46.433+0000] {taskinstance.py:1662} INFO - Exporting env vars: AIRFLOW_CTX_DAG_OWNER='***' AIRFLOW_CTX_DAG_ID='copy_tranform_to_mongo' AIRFLOW_CTX_TASK_ID='waiting_for_data' AIRFLOW_CTX_EXECUTION_DATE='2021-09-10T00:00:00+00:00' AIRFLOW_CTX_TRY_NUMBER='1' AIRFLOW_CTX_DAG_RUN_ID='scheduled__2021-09-10T00:00:00+00:00'
[2023-10-18T11:44:46.444+0000] {base.py:73} INFO - Using connection ID 'fs_default' for task execution.
[2023-10-18T11:44:46.444+0000] {filesystem.py:64} INFO - Poking for file /opt/in/tiktok_google_play_reviews.csv
[2023-10-18T11:44:46.445+0000] {filesystem.py:69} INFO - Found File /opt/in/tiktok_google_play_reviews.csv last modified: 20220405221612
[2023-10-18T11:44:46.445+0000] {base.py:287} INFO - Success criteria met. Exiting.
[2023-10-18T11:44:46.456+0000] {taskinstance.py:1400} INFO - Marking task as SUCCESS. dag_id=copy_tranform_to_mongo, task_id=waiting_for_data, execution_date=20210910T000000, start_date=20231018T114446, end_date=20231018T114446
[2023-10-18T11:44:46.486+0000] {local_task_job_runner.py:228} INFO - Task exited with return code 0
[2023-10-18T11:44:46.516+0000] {taskinstance.py:2778} INFO - 1 downstream tasks scheduled from follow-on schedule check
