[2023-10-17T11:20:49.922+0000] {taskinstance.py:1159} INFO - Dependencies all met for dep_context=non-requeueable deps ti=<TaskInstance: copy_tranform_to_mongo.waiting_for_data scheduled__2021-11-06T00:00:00+00:00 [queued]>
[2023-10-17T11:20:49.928+0000] {taskinstance.py:1159} INFO - Dependencies all met for dep_context=requeueable deps ti=<TaskInstance: copy_tranform_to_mongo.waiting_for_data scheduled__2021-11-06T00:00:00+00:00 [queued]>
[2023-10-17T11:20:49.928+0000] {taskinstance.py:1361} INFO - Starting attempt 1 of 1
[2023-10-17T11:20:49.936+0000] {taskinstance.py:1382} INFO - Executing <Task(FileSensor): waiting_for_data> on 2021-11-06 00:00:00+00:00
[2023-10-17T11:20:49.941+0000] {standard_task_runner.py:57} INFO - Started process 1067 to run task
[2023-10-17T11:20:49.943+0000] {standard_task_runner.py:84} INFO - Running: ['***', 'tasks', 'run', 'copy_tranform_to_mongo', 'waiting_for_data', 'scheduled__2021-11-06T00:00:00+00:00', '--job-id', '314', '--raw', '--subdir', 'DAGS_FOLDER/file_***-mongo.py', '--cfg-path', '/tmp/tmpiud1ezld']
[2023-10-17T11:20:49.944+0000] {standard_task_runner.py:85} INFO - Job 314: Subtask waiting_for_data
[2023-10-17T11:20:49.975+0000] {task_command.py:416} INFO - Running <TaskInstance: copy_tranform_to_mongo.waiting_for_data scheduled__2021-11-06T00:00:00+00:00 [running]> on host 238c1d4ff767
[2023-10-17T11:20:50.032+0000] {taskinstance.py:1662} INFO - Exporting env vars: AIRFLOW_CTX_DAG_OWNER='***' AIRFLOW_CTX_DAG_ID='copy_tranform_to_mongo' AIRFLOW_CTX_TASK_ID='waiting_for_data' AIRFLOW_CTX_EXECUTION_DATE='2021-11-06T00:00:00+00:00' AIRFLOW_CTX_TRY_NUMBER='1' AIRFLOW_CTX_DAG_RUN_ID='scheduled__2021-11-06T00:00:00+00:00'
[2023-10-17T11:20:50.039+0000] {base.py:73} INFO - Using connection ID 'fs_default' for task execution.
[2023-10-17T11:20:50.039+0000] {filesystem.py:64} INFO - Poking for file /opt/in/tiktok_google_play_reviews.csv
[2023-10-17T11:20:50.039+0000] {filesystem.py:69} INFO - Found File /opt/in/tiktok_google_play_reviews.csv last modified: 20220405221612
[2023-10-17T11:20:50.039+0000] {base.py:287} INFO - Success criteria met. Exiting.
[2023-10-17T11:20:50.048+0000] {taskinstance.py:1400} INFO - Marking task as SUCCESS. dag_id=copy_tranform_to_mongo, task_id=waiting_for_data, execution_date=20211106T000000, start_date=20231017T112049, end_date=20231017T112050
[2023-10-17T11:20:50.075+0000] {local_task_job_runner.py:228} INFO - Task exited with return code 0
[2023-10-17T11:20:50.095+0000] {taskinstance.py:2778} INFO - 0 downstream tasks scheduled from follow-on schedule check
[2023-10-18T11:45:20.819+0000] {taskinstance.py:1159} INFO - Dependencies all met for dep_context=non-requeueable deps ti=<TaskInstance: copy_tranform_to_mongo.waiting_for_data scheduled__2021-11-06T00:00:00+00:00 [queued]>
[2023-10-18T11:45:20.831+0000] {taskinstance.py:1159} INFO - Dependencies all met for dep_context=requeueable deps ti=<TaskInstance: copy_tranform_to_mongo.waiting_for_data scheduled__2021-11-06T00:00:00+00:00 [queued]>
[2023-10-18T11:45:20.832+0000] {taskinstance.py:1361} INFO - Starting attempt 1 of 1
[2023-10-18T11:45:20.849+0000] {taskinstance.py:1382} INFO - Executing <Task(FileSensor): waiting_for_data> on 2021-11-06 00:00:00+00:00
[2023-10-18T11:45:20.860+0000] {standard_task_runner.py:57} INFO - Started process 1727 to run task
[2023-10-18T11:45:20.863+0000] {standard_task_runner.py:84} INFO - Running: ['***', 'tasks', 'run', 'copy_tranform_to_mongo', 'waiting_for_data', 'scheduled__2021-11-06T00:00:00+00:00', '--job-id', '583', '--raw', '--subdir', 'DAGS_FOLDER/file_***-mongo.py', '--cfg-path', '/tmp/tmpufbi2v6d']
[2023-10-18T11:45:20.864+0000] {standard_task_runner.py:85} INFO - Job 583: Subtask waiting_for_data
[2023-10-18T11:45:20.913+0000] {task_command.py:416} INFO - Running <TaskInstance: copy_tranform_to_mongo.waiting_for_data scheduled__2021-11-06T00:00:00+00:00 [running]> on host 0e68aa52dfc7
[2023-10-18T11:45:20.985+0000] {taskinstance.py:1662} INFO - Exporting env vars: AIRFLOW_CTX_DAG_OWNER='***' AIRFLOW_CTX_DAG_ID='copy_tranform_to_mongo' AIRFLOW_CTX_TASK_ID='waiting_for_data' AIRFLOW_CTX_EXECUTION_DATE='2021-11-06T00:00:00+00:00' AIRFLOW_CTX_TRY_NUMBER='1' AIRFLOW_CTX_DAG_RUN_ID='scheduled__2021-11-06T00:00:00+00:00'
[2023-10-18T11:45:20.999+0000] {base.py:73} INFO - Using connection ID 'fs_default' for task execution.
[2023-10-18T11:45:21.000+0000] {filesystem.py:64} INFO - Poking for file /opt/in/tiktok_google_play_reviews.csv
[2023-10-18T11:45:21.001+0000] {filesystem.py:69} INFO - Found File /opt/in/tiktok_google_play_reviews.csv last modified: 20220405221612
[2023-10-18T11:45:21.001+0000] {base.py:287} INFO - Success criteria met. Exiting.
[2023-10-18T11:45:21.013+0000] {taskinstance.py:1400} INFO - Marking task as SUCCESS. dag_id=copy_tranform_to_mongo, task_id=waiting_for_data, execution_date=20211106T000000, start_date=20231018T114520, end_date=20231018T114521
[2023-10-18T11:45:21.078+0000] {local_task_job_runner.py:228} INFO - Task exited with return code 0
[2023-10-18T11:45:21.106+0000] {taskinstance.py:2778} INFO - 1 downstream tasks scheduled from follow-on schedule check
