[2023-10-17T11:25:09.484+0000] {taskinstance.py:1159} INFO - Dependencies all met for dep_context=non-requeueable deps ti=<TaskInstance: copy_tranform_to_mongo.waiting_for_data scheduled__2023-02-09T00:00:00+00:00 [queued]>
[2023-10-17T11:25:09.491+0000] {taskinstance.py:1159} INFO - Dependencies all met for dep_context=requeueable deps ti=<TaskInstance: copy_tranform_to_mongo.waiting_for_data scheduled__2023-02-09T00:00:00+00:00 [queued]>
[2023-10-17T11:25:09.491+0000] {taskinstance.py:1361} INFO - Starting attempt 1 of 1
[2023-10-17T11:25:09.499+0000] {taskinstance.py:1382} INFO - Executing <Task(FileSensor): waiting_for_data> on 2023-02-09 00:00:00+00:00
[2023-10-17T11:25:09.504+0000] {standard_task_runner.py:57} INFO - Started process 2058 to run task
[2023-10-17T11:25:09.506+0000] {standard_task_runner.py:84} INFO - Running: ['***', 'tasks', 'run', 'copy_tranform_to_mongo', 'waiting_for_data', 'scheduled__2023-02-09T00:00:00+00:00', '--job-id', '774', '--raw', '--subdir', 'DAGS_FOLDER/file_***-mongo.py', '--cfg-path', '/tmp/tmpf7xcem4f']
[2023-10-17T11:25:09.507+0000] {standard_task_runner.py:85} INFO - Job 774: Subtask waiting_for_data
[2023-10-17T11:25:09.541+0000] {task_command.py:416} INFO - Running <TaskInstance: copy_tranform_to_mongo.waiting_for_data scheduled__2023-02-09T00:00:00+00:00 [running]> on host 238c1d4ff767
[2023-10-17T11:25:09.612+0000] {taskinstance.py:1662} INFO - Exporting env vars: AIRFLOW_CTX_DAG_OWNER='***' AIRFLOW_CTX_DAG_ID='copy_tranform_to_mongo' AIRFLOW_CTX_TASK_ID='waiting_for_data' AIRFLOW_CTX_EXECUTION_DATE='2023-02-09T00:00:00+00:00' AIRFLOW_CTX_TRY_NUMBER='1' AIRFLOW_CTX_DAG_RUN_ID='scheduled__2023-02-09T00:00:00+00:00'
[2023-10-17T11:25:09.623+0000] {base.py:73} INFO - Using connection ID 'fs_default' for task execution.
[2023-10-17T11:25:09.623+0000] {filesystem.py:64} INFO - Poking for file /opt/in/tiktok_google_play_reviews.csv
[2023-10-17T11:25:09.623+0000] {filesystem.py:69} INFO - Found File /opt/in/tiktok_google_play_reviews.csv last modified: 20220405221612
[2023-10-17T11:25:09.624+0000] {base.py:287} INFO - Success criteria met. Exiting.
[2023-10-17T11:25:09.634+0000] {taskinstance.py:1400} INFO - Marking task as SUCCESS. dag_id=copy_tranform_to_mongo, task_id=waiting_for_data, execution_date=20230209T000000, start_date=20231017T112509, end_date=20231017T112509
[2023-10-17T11:25:09.679+0000] {local_task_job_runner.py:228} INFO - Task exited with return code 0
[2023-10-17T11:25:09.704+0000] {taskinstance.py:2778} INFO - 0 downstream tasks scheduled from follow-on schedule check
[2023-10-18T11:50:24.205+0000] {taskinstance.py:1159} INFO - Dependencies all met for dep_context=non-requeueable deps ti=<TaskInstance: copy_tranform_to_mongo.waiting_for_data scheduled__2023-02-09T00:00:00+00:00 [queued]>
[2023-10-18T11:50:24.215+0000] {taskinstance.py:1159} INFO - Dependencies all met for dep_context=requeueable deps ti=<TaskInstance: copy_tranform_to_mongo.waiting_for_data scheduled__2023-02-09T00:00:00+00:00 [queued]>
[2023-10-18T11:50:24.216+0000] {taskinstance.py:1361} INFO - Starting attempt 1 of 1
[2023-10-18T11:50:24.261+0000] {taskinstance.py:1382} INFO - Executing <Task(FileSensor): waiting_for_data> on 2023-02-09 00:00:00+00:00
[2023-10-18T11:50:24.268+0000] {standard_task_runner.py:57} INFO - Started process 3642 to run task
[2023-10-18T11:50:24.272+0000] {standard_task_runner.py:84} INFO - Running: ['***', 'tasks', 'run', 'copy_tranform_to_mongo', 'waiting_for_data', 'scheduled__2023-02-09T00:00:00+00:00', '--job-id', '1502', '--raw', '--subdir', 'DAGS_FOLDER/file_***-mongo.py', '--cfg-path', '/tmp/tmpgntkyw19']
[2023-10-18T11:50:24.273+0000] {standard_task_runner.py:85} INFO - Job 1502: Subtask waiting_for_data
[2023-10-18T11:50:24.327+0000] {task_command.py:416} INFO - Running <TaskInstance: copy_tranform_to_mongo.waiting_for_data scheduled__2023-02-09T00:00:00+00:00 [running]> on host 0e68aa52dfc7
[2023-10-18T11:50:24.399+0000] {taskinstance.py:1662} INFO - Exporting env vars: AIRFLOW_CTX_DAG_OWNER='***' AIRFLOW_CTX_DAG_ID='copy_tranform_to_mongo' AIRFLOW_CTX_TASK_ID='waiting_for_data' AIRFLOW_CTX_EXECUTION_DATE='2023-02-09T00:00:00+00:00' AIRFLOW_CTX_TRY_NUMBER='1' AIRFLOW_CTX_DAG_RUN_ID='scheduled__2023-02-09T00:00:00+00:00'
[2023-10-18T11:50:24.407+0000] {base.py:73} INFO - Using connection ID 'fs_default' for task execution.
[2023-10-18T11:50:24.409+0000] {filesystem.py:64} INFO - Poking for file /opt/in/tiktok_google_play_reviews.csv
[2023-10-18T11:50:24.409+0000] {filesystem.py:69} INFO - Found File /opt/in/tiktok_google_play_reviews.csv last modified: 20220405221612
[2023-10-18T11:50:24.409+0000] {base.py:287} INFO - Success criteria met. Exiting.
[2023-10-18T11:50:24.418+0000] {taskinstance.py:1400} INFO - Marking task as SUCCESS. dag_id=copy_tranform_to_mongo, task_id=waiting_for_data, execution_date=20230209T000000, start_date=20231018T115024, end_date=20231018T115024
[2023-10-18T11:50:24.484+0000] {local_task_job_runner.py:228} INFO - Task exited with return code 0
[2023-10-18T11:50:24.521+0000] {taskinstance.py:2778} INFO - 1 downstream tasks scheduled from follow-on schedule check
