[2023-10-17T11:19:02.746+0000] {taskinstance.py:1159} INFO - Dependencies all met for dep_context=non-requeueable deps ti=<TaskInstance: copy_tranform_to_mongo.waiting_for_data scheduled__2021-02-20T00:00:00+00:00 [queued]>
[2023-10-17T11:19:02.754+0000] {taskinstance.py:1159} INFO - Dependencies all met for dep_context=requeueable deps ti=<TaskInstance: copy_tranform_to_mongo.waiting_for_data scheduled__2021-02-20T00:00:00+00:00 [queued]>
[2023-10-17T11:19:02.754+0000] {taskinstance.py:1361} INFO - Starting attempt 1 of 1
[2023-10-17T11:19:02.767+0000] {taskinstance.py:1382} INFO - Executing <Task(FileSensor): waiting_for_data> on 2021-02-20 00:00:00+00:00
[2023-10-17T11:19:02.775+0000] {standard_task_runner.py:57} INFO - Started process 527 to run task
[2023-10-17T11:19:02.778+0000] {standard_task_runner.py:84} INFO - Running: ['***', 'tasks', 'run', 'copy_tranform_to_mongo', 'waiting_for_data', 'scheduled__2021-02-20T00:00:00+00:00', '--job-id', '55', '--raw', '--subdir', 'DAGS_FOLDER/file_***-mongo.py', '--cfg-path', '/tmp/tmpx9pxv7rp']
[2023-10-17T11:19:02.779+0000] {standard_task_runner.py:85} INFO - Job 55: Subtask waiting_for_data
[2023-10-17T11:19:02.822+0000] {task_command.py:416} INFO - Running <TaskInstance: copy_tranform_to_mongo.waiting_for_data scheduled__2021-02-20T00:00:00+00:00 [running]> on host 238c1d4ff767
[2023-10-17T11:19:02.892+0000] {taskinstance.py:1662} INFO - Exporting env vars: AIRFLOW_CTX_DAG_OWNER='***' AIRFLOW_CTX_DAG_ID='copy_tranform_to_mongo' AIRFLOW_CTX_TASK_ID='waiting_for_data' AIRFLOW_CTX_EXECUTION_DATE='2021-02-20T00:00:00+00:00' AIRFLOW_CTX_TRY_NUMBER='1' AIRFLOW_CTX_DAG_RUN_ID='scheduled__2021-02-20T00:00:00+00:00'
[2023-10-17T11:19:02.901+0000] {base.py:73} INFO - Using connection ID 'fs_default' for task execution.
[2023-10-17T11:19:02.901+0000] {filesystem.py:64} INFO - Poking for file /opt/in/tiktok_google_play_reviews.csv
[2023-10-17T11:19:02.902+0000] {filesystem.py:69} INFO - Found File /opt/in/tiktok_google_play_reviews.csv last modified: 20220405221612
[2023-10-17T11:19:02.902+0000] {base.py:287} INFO - Success criteria met. Exiting.
[2023-10-17T11:19:02.910+0000] {taskinstance.py:1400} INFO - Marking task as SUCCESS. dag_id=copy_tranform_to_mongo, task_id=waiting_for_data, execution_date=20210220T000000, start_date=20231017T111902, end_date=20231017T111902
[2023-10-17T11:19:02.949+0000] {local_task_job_runner.py:228} INFO - Task exited with return code 0
[2023-10-17T11:19:02.961+0000] {taskinstance.py:2778} INFO - 0 downstream tasks scheduled from follow-on schedule check
[2023-10-18T10:42:30.365+0000] {taskinstance.py:1159} INFO - Dependencies all met for dep_context=non-requeueable deps ti=<TaskInstance: copy_tranform_to_mongo.waiting_for_data scheduled__2021-02-20T00:00:00+00:00 [queued]>
[2023-10-18T10:42:30.374+0000] {taskinstance.py:1159} INFO - Dependencies all met for dep_context=requeueable deps ti=<TaskInstance: copy_tranform_to_mongo.waiting_for_data scheduled__2021-02-20T00:00:00+00:00 [queued]>
[2023-10-18T10:42:30.374+0000] {taskinstance.py:1361} INFO - Starting attempt 1 of 1
[2023-10-18T10:42:30.385+0000] {taskinstance.py:1382} INFO - Executing <Task(FileSensor): waiting_for_data> on 2021-02-20 00:00:00+00:00
[2023-10-18T10:42:30.390+0000] {standard_task_runner.py:57} INFO - Started process 1488 to run task
[2023-10-18T10:42:30.392+0000] {standard_task_runner.py:84} INFO - Running: ['***', 'tasks', 'run', 'copy_tranform_to_mongo', 'waiting_for_data', 'scheduled__2021-02-20T00:00:00+00:00', '--job-id', '54', '--raw', '--subdir', 'DAGS_FOLDER/file_***-mongo.py', '--cfg-path', '/tmp/tmph9u4jluy']
[2023-10-18T10:42:30.393+0000] {standard_task_runner.py:85} INFO - Job 54: Subtask waiting_for_data
[2023-10-18T10:42:30.430+0000] {task_command.py:416} INFO - Running <TaskInstance: copy_tranform_to_mongo.waiting_for_data scheduled__2021-02-20T00:00:00+00:00 [running]> on host 2473b23ba069
[2023-10-18T10:42:30.484+0000] {taskinstance.py:1662} INFO - Exporting env vars: AIRFLOW_CTX_DAG_OWNER='***' AIRFLOW_CTX_DAG_ID='copy_tranform_to_mongo' AIRFLOW_CTX_TASK_ID='waiting_for_data' AIRFLOW_CTX_EXECUTION_DATE='2021-02-20T00:00:00+00:00' AIRFLOW_CTX_TRY_NUMBER='1' AIRFLOW_CTX_DAG_RUN_ID='scheduled__2021-02-20T00:00:00+00:00'
[2023-10-18T10:42:30.495+0000] {taskinstance.py:1937} ERROR - Task failed with exception
Traceback (most recent call last):
  File "/home/airflow/.local/lib/python3.8/site-packages/airflow/sensors/base.py", line 257, in execute
    raise e
  File "/home/airflow/.local/lib/python3.8/site-packages/airflow/sensors/base.py", line 239, in execute
    poke_return = self.poke(context)
  File "/home/airflow/.local/lib/python3.8/site-packages/airflow/sensors/filesystem.py", line 61, in poke
    hook = FSHook(self.fs_conn_id)
  File "/home/airflow/.local/lib/python3.8/site-packages/airflow/hooks/filesystem.py", line 38, in __init__
    conn = self.get_connection(conn_id)
  File "/home/airflow/.local/lib/python3.8/site-packages/airflow/hooks/base.py", line 72, in get_connection
    conn = Connection.get_connection_from_secrets(conn_id)
  File "/home/airflow/.local/lib/python3.8/site-packages/airflow/models/connection.py", line 477, in get_connection_from_secrets
    raise AirflowNotFoundException(f"The conn_id `{conn_id}` isn't defined")
airflow.exceptions.AirflowNotFoundException: The conn_id `fs_default` isn't defined
[2023-10-18T10:42:30.498+0000] {taskinstance.py:1400} INFO - Marking task as FAILED. dag_id=copy_tranform_to_mongo, task_id=waiting_for_data, execution_date=20210220T000000, start_date=20231018T104230, end_date=20231018T104230
[2023-10-18T10:42:30.506+0000] {standard_task_runner.py:104} ERROR - Failed to execute job 54 for task waiting_for_data (The conn_id `fs_default` isn't defined; 1488)
[2023-10-18T10:42:30.524+0000] {local_task_job_runner.py:228} INFO - Task exited with return code 1
[2023-10-18T10:42:30.546+0000] {taskinstance.py:2778} INFO - 0 downstream tasks scheduled from follow-on schedule check
[2023-10-18T11:17:00.159+0000] {taskinstance.py:1159} INFO - Dependencies all met for dep_context=non-requeueable deps ti=<TaskInstance: copy_tranform_to_mongo.waiting_for_data scheduled__2021-02-20T00:00:00+00:00 [queued]>
[2023-10-18T11:17:00.171+0000] {taskinstance.py:1159} INFO - Dependencies all met for dep_context=requeueable deps ti=<TaskInstance: copy_tranform_to_mongo.waiting_for_data scheduled__2021-02-20T00:00:00+00:00 [queued]>
[2023-10-18T11:17:00.171+0000] {taskinstance.py:1361} INFO - Starting attempt 1 of 1
[2023-10-18T11:17:00.189+0000] {taskinstance.py:1382} INFO - Executing <Task(FileSensor): waiting_for_data> on 2021-02-20 00:00:00+00:00
[2023-10-18T11:17:00.198+0000] {standard_task_runner.py:57} INFO - Started process 246 to run task
[2023-10-18T11:17:00.201+0000] {standard_task_runner.py:84} INFO - Running: ['***', 'tasks', 'run', 'copy_tranform_to_mongo', 'waiting_for_data', 'scheduled__2021-02-20T00:00:00+00:00', '--job-id', '62', '--raw', '--subdir', 'DAGS_FOLDER/file_***-mongo.py', '--cfg-path', '/tmp/tmp1dl2f226']
[2023-10-18T11:17:00.202+0000] {standard_task_runner.py:85} INFO - Job 62: Subtask waiting_for_data
[2023-10-18T11:17:00.265+0000] {task_command.py:416} INFO - Running <TaskInstance: copy_tranform_to_mongo.waiting_for_data scheduled__2021-02-20T00:00:00+00:00 [running]> on host 0e68aa52dfc7
[2023-10-18T11:17:00.363+0000] {taskinstance.py:1662} INFO - Exporting env vars: AIRFLOW_CTX_DAG_OWNER='***' AIRFLOW_CTX_DAG_ID='copy_tranform_to_mongo' AIRFLOW_CTX_TASK_ID='waiting_for_data' AIRFLOW_CTX_EXECUTION_DATE='2021-02-20T00:00:00+00:00' AIRFLOW_CTX_TRY_NUMBER='1' AIRFLOW_CTX_DAG_RUN_ID='scheduled__2021-02-20T00:00:00+00:00'
[2023-10-18T11:17:00.376+0000] {base.py:73} INFO - Using connection ID 'fs_default' for task execution.
[2023-10-18T11:17:00.377+0000] {filesystem.py:64} INFO - Poking for file /opt/in/tiktok_google_play_reviews.csv
[2023-10-18T11:17:00.378+0000] {filesystem.py:69} INFO - Found File /opt/in/tiktok_google_play_reviews.csv last modified: 20220405221612
[2023-10-18T11:17:00.379+0000] {base.py:287} INFO - Success criteria met. Exiting.
[2023-10-18T11:17:00.389+0000] {taskinstance.py:1400} INFO - Marking task as SUCCESS. dag_id=copy_tranform_to_mongo, task_id=waiting_for_data, execution_date=20210220T000000, start_date=20231018T111700, end_date=20231018T111700
[2023-10-18T11:17:00.428+0000] {local_task_job_runner.py:228} INFO - Task exited with return code 0
[2023-10-18T11:17:00.469+0000] {taskinstance.py:2778} INFO - 1 downstream tasks scheduled from follow-on schedule check
[2023-10-19T12:11:39.324+0000] {taskinstance.py:1159} INFO - Dependencies all met for dep_context=non-requeueable deps ti=<TaskInstance: copy_tranform_to_mongo.waiting_for_data scheduled__2021-02-20T00:00:00+00:00 [queued]>
[2023-10-19T12:11:39.331+0000] {taskinstance.py:1159} INFO - Dependencies all met for dep_context=requeueable deps ti=<TaskInstance: copy_tranform_to_mongo.waiting_for_data scheduled__2021-02-20T00:00:00+00:00 [queued]>
[2023-10-19T12:11:39.331+0000] {taskinstance.py:1361} INFO - Starting attempt 1 of 1
[2023-10-19T12:11:39.343+0000] {taskinstance.py:1382} INFO - Executing <Task(FileSensor): waiting_for_data> on 2021-02-20 00:00:00+00:00
[2023-10-19T12:11:39.351+0000] {standard_task_runner.py:57} INFO - Started process 312 to run task
[2023-10-19T12:11:39.353+0000] {standard_task_runner.py:84} INFO - Running: ['***', 'tasks', 'run', 'copy_tranform_to_mongo', 'waiting_for_data', 'scheduled__2021-02-20T00:00:00+00:00', '--job-id', '63', '--raw', '--subdir', 'DAGS_FOLDER/file_***-mongo.py', '--cfg-path', '/tmp/tmp2lp6jq31']
[2023-10-19T12:11:39.354+0000] {standard_task_runner.py:85} INFO - Job 63: Subtask waiting_for_data
[2023-10-19T12:11:39.398+0000] {task_command.py:416} INFO - Running <TaskInstance: copy_tranform_to_mongo.waiting_for_data scheduled__2021-02-20T00:00:00+00:00 [running]> on host 6f5df7fea6fd
[2023-10-19T12:11:39.469+0000] {taskinstance.py:1662} INFO - Exporting env vars: AIRFLOW_CTX_DAG_OWNER='***' AIRFLOW_CTX_DAG_ID='copy_tranform_to_mongo' AIRFLOW_CTX_TASK_ID='waiting_for_data' AIRFLOW_CTX_EXECUTION_DATE='2021-02-20T00:00:00+00:00' AIRFLOW_CTX_TRY_NUMBER='1' AIRFLOW_CTX_DAG_RUN_ID='scheduled__2021-02-20T00:00:00+00:00'
[2023-10-19T12:11:39.481+0000] {base.py:73} INFO - Using connection ID 'fs_default' for task execution.
[2023-10-19T12:11:39.482+0000] {filesystem.py:64} INFO - Poking for file /opt/in/tiktok_google_play_reviews.csv
[2023-10-19T12:11:39.482+0000] {filesystem.py:69} INFO - Found File /opt/in/tiktok_google_play_reviews.csv last modified: 20220405221612
[2023-10-19T12:11:39.482+0000] {base.py:287} INFO - Success criteria met. Exiting.
[2023-10-19T12:11:39.490+0000] {taskinstance.py:1400} INFO - Marking task as SUCCESS. dag_id=copy_tranform_to_mongo, task_id=waiting_for_data, execution_date=20210220T000000, start_date=20231019T121139, end_date=20231019T121139
[2023-10-19T12:11:39.526+0000] {local_task_job_runner.py:228} INFO - Task exited with return code 0
[2023-10-19T12:11:39.559+0000] {taskinstance.py:2778} INFO - 1 downstream tasks scheduled from follow-on schedule check
