[2023-10-17T11:20:43.821+0000] {taskinstance.py:1159} INFO - Dependencies all met for dep_context=non-requeueable deps ti=<TaskInstance: copy_tranform_to_mongo.waiting_for_data scheduled__2021-10-24T00:00:00+00:00 [queued]>
[2023-10-17T11:20:43.829+0000] {taskinstance.py:1159} INFO - Dependencies all met for dep_context=requeueable deps ti=<TaskInstance: copy_tranform_to_mongo.waiting_for_data scheduled__2021-10-24T00:00:00+00:00 [queued]>
[2023-10-17T11:20:43.829+0000] {taskinstance.py:1361} INFO - Starting attempt 1 of 1
[2023-10-17T11:20:43.841+0000] {taskinstance.py:1382} INFO - Executing <Task(FileSensor): waiting_for_data> on 2021-10-24 00:00:00+00:00
[2023-10-17T11:20:43.849+0000] {standard_task_runner.py:57} INFO - Started process 1043 to run task
[2023-10-17T11:20:43.851+0000] {standard_task_runner.py:84} INFO - Running: ['***', 'tasks', 'run', 'copy_tranform_to_mongo', 'waiting_for_data', 'scheduled__2021-10-24T00:00:00+00:00', '--job-id', '301', '--raw', '--subdir', 'DAGS_FOLDER/file_***-mongo.py', '--cfg-path', '/tmp/tmpm9m3srp6']
[2023-10-17T11:20:43.852+0000] {standard_task_runner.py:85} INFO - Job 301: Subtask waiting_for_data
[2023-10-17T11:20:43.894+0000] {task_command.py:416} INFO - Running <TaskInstance: copy_tranform_to_mongo.waiting_for_data scheduled__2021-10-24T00:00:00+00:00 [running]> on host 238c1d4ff767
[2023-10-17T11:20:43.980+0000] {taskinstance.py:1662} INFO - Exporting env vars: AIRFLOW_CTX_DAG_OWNER='***' AIRFLOW_CTX_DAG_ID='copy_tranform_to_mongo' AIRFLOW_CTX_TASK_ID='waiting_for_data' AIRFLOW_CTX_EXECUTION_DATE='2021-10-24T00:00:00+00:00' AIRFLOW_CTX_TRY_NUMBER='1' AIRFLOW_CTX_DAG_RUN_ID='scheduled__2021-10-24T00:00:00+00:00'
[2023-10-17T11:20:43.990+0000] {base.py:73} INFO - Using connection ID 'fs_default' for task execution.
[2023-10-17T11:20:43.991+0000] {filesystem.py:64} INFO - Poking for file /opt/in/tiktok_google_play_reviews.csv
[2023-10-17T11:20:43.991+0000] {filesystem.py:69} INFO - Found File /opt/in/tiktok_google_play_reviews.csv last modified: 20220405221612
[2023-10-17T11:20:43.991+0000] {base.py:287} INFO - Success criteria met. Exiting.
[2023-10-17T11:20:44.000+0000] {taskinstance.py:1400} INFO - Marking task as SUCCESS. dag_id=copy_tranform_to_mongo, task_id=waiting_for_data, execution_date=20211024T000000, start_date=20231017T112043, end_date=20231017T112044
[2023-10-17T11:20:44.024+0000] {local_task_job_runner.py:228} INFO - Task exited with return code 0
[2023-10-17T11:20:44.042+0000] {taskinstance.py:2778} INFO - 0 downstream tasks scheduled from follow-on schedule check
[2023-10-18T11:45:10.521+0000] {taskinstance.py:1159} INFO - Dependencies all met for dep_context=non-requeueable deps ti=<TaskInstance: copy_tranform_to_mongo.waiting_for_data scheduled__2021-10-24T00:00:00+00:00 [queued]>
[2023-10-18T11:45:10.533+0000] {taskinstance.py:1159} INFO - Dependencies all met for dep_context=requeueable deps ti=<TaskInstance: copy_tranform_to_mongo.waiting_for_data scheduled__2021-10-24T00:00:00+00:00 [queued]>
[2023-10-18T11:45:10.533+0000] {taskinstance.py:1361} INFO - Starting attempt 1 of 1
[2023-10-18T11:45:10.548+0000] {taskinstance.py:1382} INFO - Executing <Task(FileSensor): waiting_for_data> on 2021-10-24 00:00:00+00:00
[2023-10-18T11:45:10.555+0000] {standard_task_runner.py:57} INFO - Started process 1665 to run task
[2023-10-18T11:45:10.557+0000] {standard_task_runner.py:84} INFO - Running: ['***', 'tasks', 'run', 'copy_tranform_to_mongo', 'waiting_for_data', 'scheduled__2021-10-24T00:00:00+00:00', '--job-id', '553', '--raw', '--subdir', 'DAGS_FOLDER/file_***-mongo.py', '--cfg-path', '/tmp/tmp199cdhjb']
[2023-10-18T11:45:10.559+0000] {standard_task_runner.py:85} INFO - Job 553: Subtask waiting_for_data
[2023-10-18T11:45:10.602+0000] {task_command.py:416} INFO - Running <TaskInstance: copy_tranform_to_mongo.waiting_for_data scheduled__2021-10-24T00:00:00+00:00 [running]> on host 0e68aa52dfc7
[2023-10-18T11:45:10.697+0000] {taskinstance.py:1662} INFO - Exporting env vars: AIRFLOW_CTX_DAG_OWNER='***' AIRFLOW_CTX_DAG_ID='copy_tranform_to_mongo' AIRFLOW_CTX_TASK_ID='waiting_for_data' AIRFLOW_CTX_EXECUTION_DATE='2021-10-24T00:00:00+00:00' AIRFLOW_CTX_TRY_NUMBER='1' AIRFLOW_CTX_DAG_RUN_ID='scheduled__2021-10-24T00:00:00+00:00'
[2023-10-18T11:45:10.709+0000] {base.py:73} INFO - Using connection ID 'fs_default' for task execution.
[2023-10-18T11:45:10.709+0000] {filesystem.py:64} INFO - Poking for file /opt/in/tiktok_google_play_reviews.csv
[2023-10-18T11:45:10.709+0000] {filesystem.py:69} INFO - Found File /opt/in/tiktok_google_play_reviews.csv last modified: 20220405221612
[2023-10-18T11:45:10.709+0000] {base.py:287} INFO - Success criteria met. Exiting.
[2023-10-18T11:45:10.720+0000] {taskinstance.py:1400} INFO - Marking task as SUCCESS. dag_id=copy_tranform_to_mongo, task_id=waiting_for_data, execution_date=20211024T000000, start_date=20231018T114510, end_date=20231018T114510
[2023-10-18T11:45:10.777+0000] {local_task_job_runner.py:228} INFO - Task exited with return code 0
[2023-10-18T11:45:10.811+0000] {taskinstance.py:2778} INFO - 1 downstream tasks scheduled from follow-on schedule check
