[2023-10-17T11:21:47.620+0000] {taskinstance.py:1159} INFO - Dependencies all met for dep_context=non-requeueable deps ti=<TaskInstance: copy_tranform_to_mongo.waiting_for_data scheduled__2022-01-17T00:00:00+00:00 [queued]>
[2023-10-17T11:21:47.628+0000] {taskinstance.py:1159} INFO - Dependencies all met for dep_context=requeueable deps ti=<TaskInstance: copy_tranform_to_mongo.waiting_for_data scheduled__2022-01-17T00:00:00+00:00 [queued]>
[2023-10-17T11:21:47.628+0000] {taskinstance.py:1361} INFO - Starting attempt 1 of 1
[2023-10-17T11:21:47.644+0000] {taskinstance.py:1382} INFO - Executing <Task(FileSensor): waiting_for_data> on 2022-01-17 00:00:00+00:00
[2023-10-17T11:21:47.650+0000] {standard_task_runner.py:57} INFO - Started process 1229 to run task
[2023-10-17T11:21:47.653+0000] {standard_task_runner.py:84} INFO - Running: ['***', 'tasks', 'run', 'copy_tranform_to_mongo', 'waiting_for_data', 'scheduled__2022-01-17T00:00:00+00:00', '--job-id', '386', '--raw', '--subdir', 'DAGS_FOLDER/file_***-mongo.py', '--cfg-path', '/tmp/tmpx0qloi2_']
[2023-10-17T11:21:47.654+0000] {standard_task_runner.py:85} INFO - Job 386: Subtask waiting_for_data
[2023-10-17T11:21:47.703+0000] {task_command.py:416} INFO - Running <TaskInstance: copy_tranform_to_mongo.waiting_for_data scheduled__2022-01-17T00:00:00+00:00 [running]> on host 238c1d4ff767
[2023-10-17T11:21:47.783+0000] {taskinstance.py:1662} INFO - Exporting env vars: AIRFLOW_CTX_DAG_OWNER='***' AIRFLOW_CTX_DAG_ID='copy_tranform_to_mongo' AIRFLOW_CTX_TASK_ID='waiting_for_data' AIRFLOW_CTX_EXECUTION_DATE='2022-01-17T00:00:00+00:00' AIRFLOW_CTX_TRY_NUMBER='1' AIRFLOW_CTX_DAG_RUN_ID='scheduled__2022-01-17T00:00:00+00:00'
[2023-10-17T11:21:47.794+0000] {base.py:73} INFO - Using connection ID 'fs_default' for task execution.
[2023-10-17T11:21:47.795+0000] {filesystem.py:64} INFO - Poking for file /opt/in/tiktok_google_play_reviews.csv
[2023-10-17T11:21:47.795+0000] {filesystem.py:69} INFO - Found File /opt/in/tiktok_google_play_reviews.csv last modified: 20220405221612
[2023-10-17T11:21:47.795+0000] {base.py:287} INFO - Success criteria met. Exiting.
[2023-10-17T11:21:47.804+0000] {taskinstance.py:1400} INFO - Marking task as SUCCESS. dag_id=copy_tranform_to_mongo, task_id=waiting_for_data, execution_date=20220117T000000, start_date=20231017T112147, end_date=20231017T112147
[2023-10-17T11:21:47.826+0000] {local_task_job_runner.py:228} INFO - Task exited with return code 0
[2023-10-17T11:21:47.840+0000] {taskinstance.py:2778} INFO - 0 downstream tasks scheduled from follow-on schedule check
[2023-10-18T11:46:03.350+0000] {taskinstance.py:1159} INFO - Dependencies all met for dep_context=non-requeueable deps ti=<TaskInstance: copy_tranform_to_mongo.waiting_for_data scheduled__2022-01-17T00:00:00+00:00 [queued]>
[2023-10-18T11:46:03.361+0000] {taskinstance.py:1159} INFO - Dependencies all met for dep_context=requeueable deps ti=<TaskInstance: copy_tranform_to_mongo.waiting_for_data scheduled__2022-01-17T00:00:00+00:00 [queued]>
[2023-10-18T11:46:03.361+0000] {taskinstance.py:1361} INFO - Starting attempt 1 of 1
[2023-10-18T11:46:03.378+0000] {taskinstance.py:1382} INFO - Executing <Task(FileSensor): waiting_for_data> on 2022-01-17 00:00:00+00:00
[2023-10-18T11:46:03.386+0000] {standard_task_runner.py:57} INFO - Started process 2022 to run task
[2023-10-18T11:46:03.388+0000] {standard_task_runner.py:84} INFO - Running: ['***', 'tasks', 'run', 'copy_tranform_to_mongo', 'waiting_for_data', 'scheduled__2022-01-17T00:00:00+00:00', '--job-id', '724', '--raw', '--subdir', 'DAGS_FOLDER/file_***-mongo.py', '--cfg-path', '/tmp/tmpvi7gki09']
[2023-10-18T11:46:03.389+0000] {standard_task_runner.py:85} INFO - Job 724: Subtask waiting_for_data
[2023-10-18T11:46:03.478+0000] {task_command.py:416} INFO - Running <TaskInstance: copy_tranform_to_mongo.waiting_for_data scheduled__2022-01-17T00:00:00+00:00 [running]> on host 0e68aa52dfc7
[2023-10-18T11:46:03.580+0000] {taskinstance.py:1662} INFO - Exporting env vars: AIRFLOW_CTX_DAG_OWNER='***' AIRFLOW_CTX_DAG_ID='copy_tranform_to_mongo' AIRFLOW_CTX_TASK_ID='waiting_for_data' AIRFLOW_CTX_EXECUTION_DATE='2022-01-17T00:00:00+00:00' AIRFLOW_CTX_TRY_NUMBER='1' AIRFLOW_CTX_DAG_RUN_ID='scheduled__2022-01-17T00:00:00+00:00'
[2023-10-18T11:46:03.592+0000] {base.py:73} INFO - Using connection ID 'fs_default' for task execution.
[2023-10-18T11:46:03.593+0000] {filesystem.py:64} INFO - Poking for file /opt/in/tiktok_google_play_reviews.csv
[2023-10-18T11:46:03.593+0000] {filesystem.py:69} INFO - Found File /opt/in/tiktok_google_play_reviews.csv last modified: 20220405221612
[2023-10-18T11:46:03.593+0000] {base.py:287} INFO - Success criteria met. Exiting.
[2023-10-18T11:46:03.603+0000] {taskinstance.py:1400} INFO - Marking task as SUCCESS. dag_id=copy_tranform_to_mongo, task_id=waiting_for_data, execution_date=20220117T000000, start_date=20231018T114603, end_date=20231018T114603
[2023-10-18T11:46:03.642+0000] {local_task_job_runner.py:228} INFO - Task exited with return code 0
[2023-10-18T11:46:03.718+0000] {taskinstance.py:2778} INFO - 0 downstream tasks scheduled from follow-on schedule check
