[2023-10-17T11:21:15.134+0000] {taskinstance.py:1159} INFO - Dependencies all met for dep_context=non-requeueable deps ti=<TaskInstance: copy_tranform_to_mongo.waiting_for_data scheduled__2021-12-01T00:00:00+00:00 [queued]>
[2023-10-17T11:21:15.139+0000] {taskinstance.py:1159} INFO - Dependencies all met for dep_context=requeueable deps ti=<TaskInstance: copy_tranform_to_mongo.waiting_for_data scheduled__2021-12-01T00:00:00+00:00 [queued]>
[2023-10-17T11:21:15.140+0000] {taskinstance.py:1361} INFO - Starting attempt 1 of 1
[2023-10-17T11:21:15.148+0000] {taskinstance.py:1382} INFO - Executing <Task(FileSensor): waiting_for_data> on 2021-12-01 00:00:00+00:00
[2023-10-17T11:21:15.152+0000] {standard_task_runner.py:57} INFO - Started process 1125 to run task
[2023-10-17T11:21:15.154+0000] {standard_task_runner.py:84} INFO - Running: ['***', 'tasks', 'run', 'copy_tranform_to_mongo', 'waiting_for_data', 'scheduled__2021-12-01T00:00:00+00:00', '--job-id', '339', '--raw', '--subdir', 'DAGS_FOLDER/file_***-mongo.py', '--cfg-path', '/tmp/tmp0gw5zo2q']
[2023-10-17T11:21:15.155+0000] {standard_task_runner.py:85} INFO - Job 339: Subtask waiting_for_data
[2023-10-17T11:21:15.186+0000] {task_command.py:416} INFO - Running <TaskInstance: copy_tranform_to_mongo.waiting_for_data scheduled__2021-12-01T00:00:00+00:00 [running]> on host 238c1d4ff767
[2023-10-17T11:21:15.238+0000] {taskinstance.py:1662} INFO - Exporting env vars: AIRFLOW_CTX_DAG_OWNER='***' AIRFLOW_CTX_DAG_ID='copy_tranform_to_mongo' AIRFLOW_CTX_TASK_ID='waiting_for_data' AIRFLOW_CTX_EXECUTION_DATE='2021-12-01T00:00:00+00:00' AIRFLOW_CTX_TRY_NUMBER='1' AIRFLOW_CTX_DAG_RUN_ID='scheduled__2021-12-01T00:00:00+00:00'
[2023-10-17T11:21:15.245+0000] {base.py:73} INFO - Using connection ID 'fs_default' for task execution.
[2023-10-17T11:21:15.245+0000] {filesystem.py:64} INFO - Poking for file /opt/in/tiktok_google_play_reviews.csv
[2023-10-17T11:21:15.245+0000] {filesystem.py:69} INFO - Found File /opt/in/tiktok_google_play_reviews.csv last modified: 20220405221612
[2023-10-17T11:21:15.245+0000] {base.py:287} INFO - Success criteria met. Exiting.
[2023-10-17T11:21:15.251+0000] {taskinstance.py:1400} INFO - Marking task as SUCCESS. dag_id=copy_tranform_to_mongo, task_id=waiting_for_data, execution_date=20211201T000000, start_date=20231017T112115, end_date=20231017T112115
[2023-10-17T11:21:15.286+0000] {local_task_job_runner.py:228} INFO - Task exited with return code 0
[2023-10-17T11:21:15.312+0000] {taskinstance.py:2778} INFO - 0 downstream tasks scheduled from follow-on schedule check
[2023-10-18T11:45:34.826+0000] {taskinstance.py:1159} INFO - Dependencies all met for dep_context=non-requeueable deps ti=<TaskInstance: copy_tranform_to_mongo.waiting_for_data scheduled__2021-12-01T00:00:00+00:00 [queued]>
[2023-10-18T11:45:34.833+0000] {taskinstance.py:1159} INFO - Dependencies all met for dep_context=requeueable deps ti=<TaskInstance: copy_tranform_to_mongo.waiting_for_data scheduled__2021-12-01T00:00:00+00:00 [queued]>
[2023-10-18T11:45:34.833+0000] {taskinstance.py:1361} INFO - Starting attempt 1 of 1
[2023-10-18T11:45:34.842+0000] {taskinstance.py:1382} INFO - Executing <Task(FileSensor): waiting_for_data> on 2021-12-01 00:00:00+00:00
[2023-10-18T11:45:34.847+0000] {standard_task_runner.py:57} INFO - Started process 1832 to run task
[2023-10-18T11:45:34.849+0000] {standard_task_runner.py:84} INFO - Running: ['***', 'tasks', 'run', 'copy_tranform_to_mongo', 'waiting_for_data', 'scheduled__2021-12-01T00:00:00+00:00', '--job-id', '634', '--raw', '--subdir', 'DAGS_FOLDER/file_***-mongo.py', '--cfg-path', '/tmp/tmp0__jc42_']
[2023-10-18T11:45:34.849+0000] {standard_task_runner.py:85} INFO - Job 634: Subtask waiting_for_data
[2023-10-18T11:45:34.881+0000] {task_command.py:416} INFO - Running <TaskInstance: copy_tranform_to_mongo.waiting_for_data scheduled__2021-12-01T00:00:00+00:00 [running]> on host 0e68aa52dfc7
[2023-10-18T11:45:34.930+0000] {taskinstance.py:1662} INFO - Exporting env vars: AIRFLOW_CTX_DAG_OWNER='***' AIRFLOW_CTX_DAG_ID='copy_tranform_to_mongo' AIRFLOW_CTX_TASK_ID='waiting_for_data' AIRFLOW_CTX_EXECUTION_DATE='2021-12-01T00:00:00+00:00' AIRFLOW_CTX_TRY_NUMBER='1' AIRFLOW_CTX_DAG_RUN_ID='scheduled__2021-12-01T00:00:00+00:00'
[2023-10-18T11:45:34.936+0000] {base.py:73} INFO - Using connection ID 'fs_default' for task execution.
[2023-10-18T11:45:34.936+0000] {filesystem.py:64} INFO - Poking for file /opt/in/tiktok_google_play_reviews.csv
[2023-10-18T11:45:34.937+0000] {filesystem.py:69} INFO - Found File /opt/in/tiktok_google_play_reviews.csv last modified: 20220405221612
[2023-10-18T11:45:34.937+0000] {base.py:287} INFO - Success criteria met. Exiting.
[2023-10-18T11:45:34.943+0000] {taskinstance.py:1400} INFO - Marking task as SUCCESS. dag_id=copy_tranform_to_mongo, task_id=waiting_for_data, execution_date=20211201T000000, start_date=20231018T114534, end_date=20231018T114534
[2023-10-18T11:45:34.981+0000] {local_task_job_runner.py:228} INFO - Task exited with return code 0
[2023-10-18T11:45:35.019+0000] {taskinstance.py:2778} INFO - 1 downstream tasks scheduled from follow-on schedule check
