[2023-10-19T13:04:49.436+0000] {taskinstance.py:1159} INFO - Dependencies all met for dep_context=non-requeueable deps ti=<TaskInstance: copy_tranform_to_mongo.transform_data_by_pandas scheduled__2021-01-21T00:00:00+00:00 [queued]>
[2023-10-19T13:04:49.450+0000] {taskinstance.py:1159} INFO - Dependencies all met for dep_context=requeueable deps ti=<TaskInstance: copy_tranform_to_mongo.transform_data_by_pandas scheduled__2021-01-21T00:00:00+00:00 [queued]>
[2023-10-19T13:04:49.451+0000] {taskinstance.py:1361} INFO - Starting attempt 1 of 1
[2023-10-19T13:04:49.474+0000] {taskinstance.py:1382} INFO - Executing <Task(DockerOperator): transform_data_by_pandas> on 2021-01-21 00:00:00+00:00
[2023-10-19T13:04:49.488+0000] {standard_task_runner.py:57} INFO - Started process 259 to run task
[2023-10-19T13:04:49.495+0000] {standard_task_runner.py:84} INFO - Running: ['***', 'tasks', 'run', 'copy_tranform_to_mongo', 'transform_data_by_pandas', 'scheduled__2021-01-21T00:00:00+00:00', '--job-id', '64', '--raw', '--subdir', 'DAGS_FOLDER/file_***-mongo.py', '--cfg-path', '/tmp/tmpr0yyubnm']
[2023-10-19T13:04:49.497+0000] {standard_task_runner.py:85} INFO - Job 64: Subtask transform_data_by_pandas
[2023-10-19T13:04:49.564+0000] {task_command.py:416} INFO - Running <TaskInstance: copy_tranform_to_mongo.transform_data_by_pandas scheduled__2021-01-21T00:00:00+00:00 [running]> on host f2b9ba520501
[2023-10-19T13:04:49.681+0000] {taskinstance.py:1662} INFO - Exporting env vars: AIRFLOW_CTX_DAG_OWNER='***' AIRFLOW_CTX_DAG_ID='copy_tranform_to_mongo' AIRFLOW_CTX_TASK_ID='transform_data_by_pandas' AIRFLOW_CTX_EXECUTION_DATE='2021-01-21T00:00:00+00:00' AIRFLOW_CTX_TRY_NUMBER='1' AIRFLOW_CTX_DAG_RUN_ID='scheduled__2021-01-21T00:00:00+00:00'
[2023-10-19T13:04:49.716+0000] {docker.py:337} INFO - Starting docker container from image python/pandas:1.0.0
[2023-10-19T13:04:50.894+0000] {docker.py:406} INFO - Input Notebook:  /opt/pandasapp/notebooks/tiktok_google_reviews.ipynb
Output Notebook: /opt/pandasapp/notebooks/tiktok_google_reviews.ipynb
[2023-10-19T13:04:51.021+0000] {docker.py:406} INFO - Executing:   0%|          | 0/27 [00:00<?, ?cell/s]
[2023-10-19T13:04:52.894+0000] {docker.py:406} INFO - Executing notebook with kernel: python3
[2023-10-19T13:04:52.919+0000] {docker.py:406} INFO - Executing:   4%|▎         | 1/27 [00:01<00:49,  1.90s/cell]
[2023-10-19T13:04:54.574+0000] {docker.py:406} INFO - Executing:  15%|█▍        | 4/27 [00:03<00:18,  1.24cell/s]
[2023-10-19T13:05:00.627+0000] {docker.py:406} INFO - Executing:  22%|██▏       | 6/27 [00:09<00:37,  1.77s/cell]
[2023-10-19T13:05:00.754+0000] {docker.py:406} INFO - Executing:  30%|██▉       | 8/27 [00:09<00:21,  1.12s/cell]
[2023-10-19T13:05:00.873+0000] {docker.py:406} INFO - Executing:  33%|███▎      | 9/27 [00:09<00:16,  1.11cell/s]
[2023-10-19T13:05:01.039+0000] {docker.py:406} INFO - Executing:  41%|████      | 11/27 [00:10<00:09,  1.69cell/s]
[2023-10-19T13:05:01.431+0000] {docker.py:406} INFO - Executing:  44%|████▍     | 12/27 [00:10<00:08,  1.82cell/s]
[2023-10-19T13:05:01.589+0000] {docker.py:406} INFO - Executing:  48%|████▊     | 13/27 [00:10<00:06,  2.19cell/s]
[2023-10-19T13:05:01.733+0000] {docker.py:406} INFO - Executing:  52%|█████▏    | 14/27 [00:10<00:04,  2.65cell/s]
[2023-10-19T13:05:02.543+0000] {docker.py:406} INFO - Executing:  59%|█████▉    | 16/27 [00:11<00:04,  2.57cell/s]
[2023-10-19T13:05:04.777+0000] {docker.py:406} INFO - Executing:  63%|██████▎   | 17/27 [00:13<00:08,  1.23cell/s]
[2023-10-19T13:05:04.997+0000] {docker.py:406} INFO - Executing:  70%|███████   | 19/27 [00:13<00:04,  1.87cell/s]
[2023-10-19T13:05:05.844+0000] {docker.py:406} INFO - Executing:  74%|███████▍  | 20/27 [00:14<00:04,  1.66cell/s]
[2023-10-19T13:05:06.479+0000] {docker.py:406} INFO - Executing:  78%|███████▊  | 21/27 [00:15<00:03,  1.64cell/s]
[2023-10-19T13:05:07.717+0000] {docker.py:406} INFO - Executing:  81%|████████▏ | 22/27 [00:16<00:03,  1.30cell/s]
[2023-10-19T13:05:08.800+0000] {docker.py:406} INFO - Executing:  85%|████████▌ | 23/27 [00:17<00:03,  1.17cell/s]
[2023-10-19T13:05:09.073+0000] {docker.py:406} INFO - Executing:  93%|█████████▎| 25/27 [00:18<00:01,  1.84cell/s]
[2023-10-19T13:05:12.603+0000] {docker.py:406} INFO - Executing:  96%|█████████▋| 26/27 [00:21<00:01,  1.25s/cell]
[2023-10-19T13:05:14.290+0000] {docker.py:406} INFO - Executing: 100%|██████████| 27/27 [00:23<00:00,  1.16cell/s]
[2023-10-19T13:05:15.222+0000] {taskinstance.py:1400} INFO - Marking task as SUCCESS. dag_id=copy_tranform_to_mongo, task_id=transform_data_by_pandas, execution_date=20210121T000000, start_date=20231019T130449, end_date=20231019T130515
[2023-10-19T13:05:15.304+0000] {local_task_job_runner.py:228} INFO - Task exited with return code 0
[2023-10-19T13:05:15.385+0000] {taskinstance.py:2778} INFO - 1 downstream tasks scheduled from follow-on schedule check
