[2023-10-17T11:23:00.065+0000] {taskinstance.py:1159} INFO - Dependencies all met for dep_context=non-requeueable deps ti=<TaskInstance: copy_tranform_to_mongo.waiting_for_data scheduled__2022-06-29T00:00:00+00:00 [queued]>
[2023-10-17T11:23:00.070+0000] {taskinstance.py:1159} INFO - Dependencies all met for dep_context=requeueable deps ti=<TaskInstance: copy_tranform_to_mongo.waiting_for_data scheduled__2022-06-29T00:00:00+00:00 [queued]>
[2023-10-17T11:23:00.070+0000] {taskinstance.py:1361} INFO - Starting attempt 1 of 1
[2023-10-17T11:23:00.078+0000] {taskinstance.py:1382} INFO - Executing <Task(FileSensor): waiting_for_data> on 2022-06-29 00:00:00+00:00
[2023-10-17T11:23:00.083+0000] {standard_task_runner.py:57} INFO - Started process 1576 to run task
[2023-10-17T11:23:00.084+0000] {standard_task_runner.py:84} INFO - Running: ['***', 'tasks', 'run', 'copy_tranform_to_mongo', 'waiting_for_data', 'scheduled__2022-06-29T00:00:00+00:00', '--job-id', '549', '--raw', '--subdir', 'DAGS_FOLDER/file_***-mongo.py', '--cfg-path', '/tmp/tmpjvzkgclg']
[2023-10-17T11:23:00.085+0000] {standard_task_runner.py:85} INFO - Job 549: Subtask waiting_for_data
[2023-10-17T11:23:00.115+0000] {task_command.py:416} INFO - Running <TaskInstance: copy_tranform_to_mongo.waiting_for_data scheduled__2022-06-29T00:00:00+00:00 [running]> on host 238c1d4ff767
[2023-10-17T11:23:00.168+0000] {taskinstance.py:1662} INFO - Exporting env vars: AIRFLOW_CTX_DAG_OWNER='***' AIRFLOW_CTX_DAG_ID='copy_tranform_to_mongo' AIRFLOW_CTX_TASK_ID='waiting_for_data' AIRFLOW_CTX_EXECUTION_DATE='2022-06-29T00:00:00+00:00' AIRFLOW_CTX_TRY_NUMBER='1' AIRFLOW_CTX_DAG_RUN_ID='scheduled__2022-06-29T00:00:00+00:00'
[2023-10-17T11:23:00.175+0000] {base.py:73} INFO - Using connection ID 'fs_default' for task execution.
[2023-10-17T11:23:00.175+0000] {filesystem.py:64} INFO - Poking for file /opt/in/tiktok_google_play_reviews.csv
[2023-10-17T11:23:00.175+0000] {filesystem.py:69} INFO - Found File /opt/in/tiktok_google_play_reviews.csv last modified: 20220405221612
[2023-10-17T11:23:00.176+0000] {base.py:287} INFO - Success criteria met. Exiting.
[2023-10-17T11:23:00.182+0000] {taskinstance.py:1400} INFO - Marking task as SUCCESS. dag_id=copy_tranform_to_mongo, task_id=waiting_for_data, execution_date=20220629T000000, start_date=20231017T112300, end_date=20231017T112300
[2023-10-17T11:23:00.217+0000] {local_task_job_runner.py:228} INFO - Task exited with return code 0
[2023-10-17T11:23:00.242+0000] {taskinstance.py:2778} INFO - 0 downstream tasks scheduled from follow-on schedule check
[2023-10-18T11:47:47.102+0000] {taskinstance.py:1159} INFO - Dependencies all met for dep_context=non-requeueable deps ti=<TaskInstance: copy_tranform_to_mongo.waiting_for_data scheduled__2022-06-29T00:00:00+00:00 [queued]>
[2023-10-18T11:47:47.114+0000] {taskinstance.py:1159} INFO - Dependencies all met for dep_context=requeueable deps ti=<TaskInstance: copy_tranform_to_mongo.waiting_for_data scheduled__2022-06-29T00:00:00+00:00 [queued]>
[2023-10-18T11:47:47.115+0000] {taskinstance.py:1361} INFO - Starting attempt 1 of 1
[2023-10-18T11:47:47.129+0000] {taskinstance.py:1382} INFO - Executing <Task(FileSensor): waiting_for_data> on 2022-06-29 00:00:00+00:00
[2023-10-18T11:47:47.136+0000] {standard_task_runner.py:57} INFO - Started process 2699 to run task
[2023-10-18T11:47:47.139+0000] {standard_task_runner.py:84} INFO - Running: ['***', 'tasks', 'run', 'copy_tranform_to_mongo', 'waiting_for_data', 'scheduled__2022-06-29T00:00:00+00:00', '--job-id', '1050', '--raw', '--subdir', 'DAGS_FOLDER/file_***-mongo.py', '--cfg-path', '/tmp/tmpilqg30i2']
[2023-10-18T11:47:47.140+0000] {standard_task_runner.py:85} INFO - Job 1050: Subtask waiting_for_data
[2023-10-18T11:47:47.200+0000] {task_command.py:416} INFO - Running <TaskInstance: copy_tranform_to_mongo.waiting_for_data scheduled__2022-06-29T00:00:00+00:00 [running]> on host 0e68aa52dfc7
[2023-10-18T11:47:47.290+0000] {taskinstance.py:1662} INFO - Exporting env vars: AIRFLOW_CTX_DAG_OWNER='***' AIRFLOW_CTX_DAG_ID='copy_tranform_to_mongo' AIRFLOW_CTX_TASK_ID='waiting_for_data' AIRFLOW_CTX_EXECUTION_DATE='2022-06-29T00:00:00+00:00' AIRFLOW_CTX_TRY_NUMBER='1' AIRFLOW_CTX_DAG_RUN_ID='scheduled__2022-06-29T00:00:00+00:00'
[2023-10-18T11:47:47.304+0000] {base.py:73} INFO - Using connection ID 'fs_default' for task execution.
[2023-10-18T11:47:47.305+0000] {filesystem.py:64} INFO - Poking for file /opt/in/tiktok_google_play_reviews.csv
[2023-10-18T11:47:47.305+0000] {filesystem.py:69} INFO - Found File /opt/in/tiktok_google_play_reviews.csv last modified: 20220405221612
[2023-10-18T11:47:47.306+0000] {base.py:287} INFO - Success criteria met. Exiting.
[2023-10-18T11:47:47.317+0000] {taskinstance.py:1400} INFO - Marking task as SUCCESS. dag_id=copy_tranform_to_mongo, task_id=waiting_for_data, execution_date=20220629T000000, start_date=20231018T114747, end_date=20231018T114747
[2023-10-18T11:47:47.355+0000] {local_task_job_runner.py:228} INFO - Task exited with return code 0
[2023-10-18T11:47:47.394+0000] {taskinstance.py:2778} INFO - 1 downstream tasks scheduled from follow-on schedule check
