[2023-10-17T11:22:33.913+0000] {taskinstance.py:1159} INFO - Dependencies all met for dep_context=non-requeueable deps ti=<TaskInstance: copy_tranform_to_mongo.waiting_for_data scheduled__2022-05-13T00:00:00+00:00 [queued]>
[2023-10-17T11:22:33.924+0000] {taskinstance.py:1159} INFO - Dependencies all met for dep_context=requeueable deps ti=<TaskInstance: copy_tranform_to_mongo.waiting_for_data scheduled__2022-05-13T00:00:00+00:00 [queued]>
[2023-10-17T11:22:33.925+0000] {taskinstance.py:1361} INFO - Starting attempt 1 of 1
[2023-10-17T11:22:33.940+0000] {taskinstance.py:1382} INFO - Executing <Task(FileSensor): waiting_for_data> on 2022-05-13 00:00:00+00:00
[2023-10-17T11:22:33.948+0000] {standard_task_runner.py:57} INFO - Started process 1476 to run task
[2023-10-17T11:22:33.951+0000] {standard_task_runner.py:84} INFO - Running: ['***', 'tasks', 'run', 'copy_tranform_to_mongo', 'waiting_for_data', 'scheduled__2022-05-13T00:00:00+00:00', '--job-id', '502', '--raw', '--subdir', 'DAGS_FOLDER/file_***-mongo.py', '--cfg-path', '/tmp/tmpn2oua11l']
[2023-10-17T11:22:33.952+0000] {standard_task_runner.py:85} INFO - Job 502: Subtask waiting_for_data
[2023-10-17T11:22:33.996+0000] {task_command.py:416} INFO - Running <TaskInstance: copy_tranform_to_mongo.waiting_for_data scheduled__2022-05-13T00:00:00+00:00 [running]> on host 238c1d4ff767
[2023-10-17T11:22:34.075+0000] {taskinstance.py:1662} INFO - Exporting env vars: AIRFLOW_CTX_DAG_OWNER='***' AIRFLOW_CTX_DAG_ID='copy_tranform_to_mongo' AIRFLOW_CTX_TASK_ID='waiting_for_data' AIRFLOW_CTX_EXECUTION_DATE='2022-05-13T00:00:00+00:00' AIRFLOW_CTX_TRY_NUMBER='1' AIRFLOW_CTX_DAG_RUN_ID='scheduled__2022-05-13T00:00:00+00:00'
[2023-10-17T11:22:34.083+0000] {base.py:73} INFO - Using connection ID 'fs_default' for task execution.
[2023-10-17T11:22:34.083+0000] {filesystem.py:64} INFO - Poking for file /opt/in/tiktok_google_play_reviews.csv
[2023-10-17T11:22:34.083+0000] {filesystem.py:69} INFO - Found File /opt/in/tiktok_google_play_reviews.csv last modified: 20220405221612
[2023-10-17T11:22:34.083+0000] {base.py:287} INFO - Success criteria met. Exiting.
[2023-10-17T11:22:34.090+0000] {taskinstance.py:1400} INFO - Marking task as SUCCESS. dag_id=copy_tranform_to_mongo, task_id=waiting_for_data, execution_date=20220513T000000, start_date=20231017T112233, end_date=20231017T112234
[2023-10-17T11:22:34.123+0000] {local_task_job_runner.py:228} INFO - Task exited with return code 0
[2023-10-17T11:22:34.136+0000] {taskinstance.py:2778} INFO - 0 downstream tasks scheduled from follow-on schedule check
[2023-10-18T11:47:16.509+0000] {taskinstance.py:1159} INFO - Dependencies all met for dep_context=non-requeueable deps ti=<TaskInstance: copy_tranform_to_mongo.waiting_for_data scheduled__2022-05-13T00:00:00+00:00 [queued]>
[2023-10-18T11:47:16.519+0000] {taskinstance.py:1159} INFO - Dependencies all met for dep_context=requeueable deps ti=<TaskInstance: copy_tranform_to_mongo.waiting_for_data scheduled__2022-05-13T00:00:00+00:00 [queued]>
[2023-10-18T11:47:16.519+0000] {taskinstance.py:1361} INFO - Starting attempt 1 of 1
[2023-10-18T11:47:16.531+0000] {taskinstance.py:1382} INFO - Executing <Task(FileSensor): waiting_for_data> on 2022-05-13 00:00:00+00:00
[2023-10-18T11:47:16.538+0000] {standard_task_runner.py:57} INFO - Started process 2505 to run task
[2023-10-18T11:47:16.541+0000] {standard_task_runner.py:84} INFO - Running: ['***', 'tasks', 'run', 'copy_tranform_to_mongo', 'waiting_for_data', 'scheduled__2022-05-13T00:00:00+00:00', '--job-id', '957', '--raw', '--subdir', 'DAGS_FOLDER/file_***-mongo.py', '--cfg-path', '/tmp/tmpxzteilg7']
[2023-10-18T11:47:16.542+0000] {standard_task_runner.py:85} INFO - Job 957: Subtask waiting_for_data
[2023-10-18T11:47:16.594+0000] {task_command.py:416} INFO - Running <TaskInstance: copy_tranform_to_mongo.waiting_for_data scheduled__2022-05-13T00:00:00+00:00 [running]> on host 0e68aa52dfc7
[2023-10-18T11:47:16.661+0000] {taskinstance.py:1662} INFO - Exporting env vars: AIRFLOW_CTX_DAG_OWNER='***' AIRFLOW_CTX_DAG_ID='copy_tranform_to_mongo' AIRFLOW_CTX_TASK_ID='waiting_for_data' AIRFLOW_CTX_EXECUTION_DATE='2022-05-13T00:00:00+00:00' AIRFLOW_CTX_TRY_NUMBER='1' AIRFLOW_CTX_DAG_RUN_ID='scheduled__2022-05-13T00:00:00+00:00'
[2023-10-18T11:47:16.672+0000] {base.py:73} INFO - Using connection ID 'fs_default' for task execution.
[2023-10-18T11:47:16.672+0000] {filesystem.py:64} INFO - Poking for file /opt/in/tiktok_google_play_reviews.csv
[2023-10-18T11:47:16.672+0000] {filesystem.py:69} INFO - Found File /opt/in/tiktok_google_play_reviews.csv last modified: 20220405221612
[2023-10-18T11:47:16.673+0000] {base.py:287} INFO - Success criteria met. Exiting.
[2023-10-18T11:47:16.688+0000] {taskinstance.py:1400} INFO - Marking task as SUCCESS. dag_id=copy_tranform_to_mongo, task_id=waiting_for_data, execution_date=20220513T000000, start_date=20231018T114716, end_date=20231018T114716
[2023-10-18T11:47:16.753+0000] {local_task_job_runner.py:228} INFO - Task exited with return code 0
[2023-10-18T11:47:16.786+0000] {taskinstance.py:2778} INFO - 1 downstream tasks scheduled from follow-on schedule check
