[2023-10-17T11:25:16.337+0000] {taskinstance.py:1159} INFO - Dependencies all met for dep_context=non-requeueable deps ti=<TaskInstance: copy_tranform_to_mongo.waiting_for_data scheduled__2023-02-23T00:00:00+00:00 [queued]>
[2023-10-17T11:25:16.347+0000] {taskinstance.py:1159} INFO - Dependencies all met for dep_context=requeueable deps ti=<TaskInstance: copy_tranform_to_mongo.waiting_for_data scheduled__2023-02-23T00:00:00+00:00 [queued]>
[2023-10-17T11:25:16.347+0000] {taskinstance.py:1361} INFO - Starting attempt 1 of 1
[2023-10-17T11:25:16.364+0000] {taskinstance.py:1382} INFO - Executing <Task(FileSensor): waiting_for_data> on 2023-02-23 00:00:00+00:00
[2023-10-17T11:25:16.370+0000] {standard_task_runner.py:57} INFO - Started process 2088 to run task
[2023-10-17T11:25:16.372+0000] {standard_task_runner.py:84} INFO - Running: ['***', 'tasks', 'run', 'copy_tranform_to_mongo', 'waiting_for_data', 'scheduled__2023-02-23T00:00:00+00:00', '--job-id', '788', '--raw', '--subdir', 'DAGS_FOLDER/file_***-mongo.py', '--cfg-path', '/tmp/tmpq76gqeqs']
[2023-10-17T11:25:16.373+0000] {standard_task_runner.py:85} INFO - Job 788: Subtask waiting_for_data
[2023-10-17T11:25:16.410+0000] {task_command.py:416} INFO - Running <TaskInstance: copy_tranform_to_mongo.waiting_for_data scheduled__2023-02-23T00:00:00+00:00 [running]> on host 238c1d4ff767
[2023-10-17T11:25:16.477+0000] {taskinstance.py:1662} INFO - Exporting env vars: AIRFLOW_CTX_DAG_OWNER='***' AIRFLOW_CTX_DAG_ID='copy_tranform_to_mongo' AIRFLOW_CTX_TASK_ID='waiting_for_data' AIRFLOW_CTX_EXECUTION_DATE='2023-02-23T00:00:00+00:00' AIRFLOW_CTX_TRY_NUMBER='1' AIRFLOW_CTX_DAG_RUN_ID='scheduled__2023-02-23T00:00:00+00:00'
[2023-10-17T11:25:16.486+0000] {base.py:73} INFO - Using connection ID 'fs_default' for task execution.
[2023-10-17T11:25:16.487+0000] {filesystem.py:64} INFO - Poking for file /opt/in/tiktok_google_play_reviews.csv
[2023-10-17T11:25:16.487+0000] {filesystem.py:69} INFO - Found File /opt/in/tiktok_google_play_reviews.csv last modified: 20220405221612
[2023-10-17T11:25:16.487+0000] {base.py:287} INFO - Success criteria met. Exiting.
[2023-10-17T11:25:16.497+0000] {taskinstance.py:1400} INFO - Marking task as SUCCESS. dag_id=copy_tranform_to_mongo, task_id=waiting_for_data, execution_date=20230223T000000, start_date=20231017T112516, end_date=20231017T112516
[2023-10-17T11:25:16.544+0000] {local_task_job_runner.py:228} INFO - Task exited with return code 0
[2023-10-17T11:25:16.606+0000] {taskinstance.py:2778} INFO - 0 downstream tasks scheduled from follow-on schedule check
[2023-10-18T11:50:30.059+0000] {taskinstance.py:1159} INFO - Dependencies all met for dep_context=non-requeueable deps ti=<TaskInstance: copy_tranform_to_mongo.waiting_for_data scheduled__2023-02-23T00:00:00+00:00 [queued]>
[2023-10-18T11:50:30.071+0000] {taskinstance.py:1159} INFO - Dependencies all met for dep_context=requeueable deps ti=<TaskInstance: copy_tranform_to_mongo.waiting_for_data scheduled__2023-02-23T00:00:00+00:00 [queued]>
[2023-10-18T11:50:30.072+0000] {taskinstance.py:1361} INFO - Starting attempt 1 of 1
[2023-10-18T11:50:30.093+0000] {taskinstance.py:1382} INFO - Executing <Task(FileSensor): waiting_for_data> on 2023-02-23 00:00:00+00:00
[2023-10-18T11:50:30.106+0000] {standard_task_runner.py:57} INFO - Started process 3695 to run task
[2023-10-18T11:50:30.112+0000] {standard_task_runner.py:84} INFO - Running: ['***', 'tasks', 'run', 'copy_tranform_to_mongo', 'waiting_for_data', 'scheduled__2023-02-23T00:00:00+00:00', '--job-id', '1528', '--raw', '--subdir', 'DAGS_FOLDER/file_***-mongo.py', '--cfg-path', '/tmp/tmpf7w1pb21']
[2023-10-18T11:50:30.115+0000] {standard_task_runner.py:85} INFO - Job 1528: Subtask waiting_for_data
[2023-10-18T11:50:30.181+0000] {task_command.py:416} INFO - Running <TaskInstance: copy_tranform_to_mongo.waiting_for_data scheduled__2023-02-23T00:00:00+00:00 [running]> on host 0e68aa52dfc7
[2023-10-18T11:50:30.276+0000] {taskinstance.py:1662} INFO - Exporting env vars: AIRFLOW_CTX_DAG_OWNER='***' AIRFLOW_CTX_DAG_ID='copy_tranform_to_mongo' AIRFLOW_CTX_TASK_ID='waiting_for_data' AIRFLOW_CTX_EXECUTION_DATE='2023-02-23T00:00:00+00:00' AIRFLOW_CTX_TRY_NUMBER='1' AIRFLOW_CTX_DAG_RUN_ID='scheduled__2023-02-23T00:00:00+00:00'
[2023-10-18T11:50:30.287+0000] {base.py:73} INFO - Using connection ID 'fs_default' for task execution.
[2023-10-18T11:50:30.287+0000] {filesystem.py:64} INFO - Poking for file /opt/in/tiktok_google_play_reviews.csv
[2023-10-18T11:50:30.287+0000] {filesystem.py:69} INFO - Found File /opt/in/tiktok_google_play_reviews.csv last modified: 20220405221612
[2023-10-18T11:50:30.288+0000] {base.py:287} INFO - Success criteria met. Exiting.
[2023-10-18T11:50:30.297+0000] {taskinstance.py:1400} INFO - Marking task as SUCCESS. dag_id=copy_tranform_to_mongo, task_id=waiting_for_data, execution_date=20230223T000000, start_date=20231018T115030, end_date=20231018T115030
[2023-10-18T11:50:30.340+0000] {local_task_job_runner.py:228} INFO - Task exited with return code 0
[2023-10-18T11:50:30.376+0000] {taskinstance.py:2778} INFO - 1 downstream tasks scheduled from follow-on schedule check
