[2023-10-17T11:19:25.095+0000] {taskinstance.py:1159} INFO - Dependencies all met for dep_context=non-requeueable deps ti=<TaskInstance: copy_tranform_to_mongo.waiting_for_data scheduled__2021-04-16T00:00:00+00:00 [queued]>
[2023-10-17T11:19:25.107+0000] {taskinstance.py:1159} INFO - Dependencies all met for dep_context=requeueable deps ti=<TaskInstance: copy_tranform_to_mongo.waiting_for_data scheduled__2021-04-16T00:00:00+00:00 [queued]>
[2023-10-17T11:19:25.107+0000] {taskinstance.py:1361} INFO - Starting attempt 1 of 1
[2023-10-17T11:19:25.146+0000] {taskinstance.py:1382} INFO - Executing <Task(FileSensor): waiting_for_data> on 2021-04-16 00:00:00+00:00
[2023-10-17T11:19:25.158+0000] {standard_task_runner.py:57} INFO - Started process 645 to run task
[2023-10-17T11:19:25.161+0000] {standard_task_runner.py:84} INFO - Running: ['***', 'tasks', 'run', 'copy_tranform_to_mongo', 'waiting_for_data', 'scheduled__2021-04-16T00:00:00+00:00', '--job-id', '110', '--raw', '--subdir', 'DAGS_FOLDER/file_***-mongo.py', '--cfg-path', '/tmp/tmpsrkfl8qe']
[2023-10-17T11:19:25.162+0000] {standard_task_runner.py:85} INFO - Job 110: Subtask waiting_for_data
[2023-10-17T11:19:25.218+0000] {task_command.py:416} INFO - Running <TaskInstance: copy_tranform_to_mongo.waiting_for_data scheduled__2021-04-16T00:00:00+00:00 [running]> on host 238c1d4ff767
[2023-10-17T11:19:25.318+0000] {taskinstance.py:1662} INFO - Exporting env vars: AIRFLOW_CTX_DAG_OWNER='***' AIRFLOW_CTX_DAG_ID='copy_tranform_to_mongo' AIRFLOW_CTX_TASK_ID='waiting_for_data' AIRFLOW_CTX_EXECUTION_DATE='2021-04-16T00:00:00+00:00' AIRFLOW_CTX_TRY_NUMBER='1' AIRFLOW_CTX_DAG_RUN_ID='scheduled__2021-04-16T00:00:00+00:00'
[2023-10-17T11:19:25.328+0000] {base.py:73} INFO - Using connection ID 'fs_default' for task execution.
[2023-10-17T11:19:25.329+0000] {filesystem.py:64} INFO - Poking for file /opt/in/tiktok_google_play_reviews.csv
[2023-10-17T11:19:25.329+0000] {filesystem.py:69} INFO - Found File /opt/in/tiktok_google_play_reviews.csv last modified: 20220405221612
[2023-10-17T11:19:25.329+0000] {base.py:287} INFO - Success criteria met. Exiting.
[2023-10-17T11:19:25.340+0000] {taskinstance.py:1400} INFO - Marking task as SUCCESS. dag_id=copy_tranform_to_mongo, task_id=waiting_for_data, execution_date=20210416T000000, start_date=20231017T111925, end_date=20231017T111925
[2023-10-17T11:19:25.376+0000] {local_task_job_runner.py:228} INFO - Task exited with return code 0
[2023-10-17T11:19:25.393+0000] {taskinstance.py:2778} INFO - 0 downstream tasks scheduled from follow-on schedule check
[2023-10-18T10:42:54.949+0000] {taskinstance.py:1159} INFO - Dependencies all met for dep_context=non-requeueable deps ti=<TaskInstance: copy_tranform_to_mongo.waiting_for_data scheduled__2021-04-16T00:00:00+00:00 [queued]>
[2023-10-18T10:42:54.957+0000] {taskinstance.py:1159} INFO - Dependencies all met for dep_context=requeueable deps ti=<TaskInstance: copy_tranform_to_mongo.waiting_for_data scheduled__2021-04-16T00:00:00+00:00 [queued]>
[2023-10-18T10:42:54.957+0000] {taskinstance.py:1361} INFO - Starting attempt 1 of 1
[2023-10-18T10:42:54.969+0000] {taskinstance.py:1382} INFO - Executing <Task(FileSensor): waiting_for_data> on 2021-04-16 00:00:00+00:00
[2023-10-18T10:42:54.973+0000] {standard_task_runner.py:57} INFO - Started process 1606 to run task
[2023-10-18T10:42:54.975+0000] {standard_task_runner.py:84} INFO - Running: ['***', 'tasks', 'run', 'copy_tranform_to_mongo', 'waiting_for_data', 'scheduled__2021-04-16T00:00:00+00:00', '--job-id', '109', '--raw', '--subdir', 'DAGS_FOLDER/file_***-mongo.py', '--cfg-path', '/tmp/tmpnsniby36']
[2023-10-18T10:42:54.976+0000] {standard_task_runner.py:85} INFO - Job 109: Subtask waiting_for_data
[2023-10-18T10:42:55.015+0000] {task_command.py:416} INFO - Running <TaskInstance: copy_tranform_to_mongo.waiting_for_data scheduled__2021-04-16T00:00:00+00:00 [running]> on host 2473b23ba069
[2023-10-18T10:42:55.080+0000] {taskinstance.py:1662} INFO - Exporting env vars: AIRFLOW_CTX_DAG_OWNER='***' AIRFLOW_CTX_DAG_ID='copy_tranform_to_mongo' AIRFLOW_CTX_TASK_ID='waiting_for_data' AIRFLOW_CTX_EXECUTION_DATE='2021-04-16T00:00:00+00:00' AIRFLOW_CTX_TRY_NUMBER='1' AIRFLOW_CTX_DAG_RUN_ID='scheduled__2021-04-16T00:00:00+00:00'
[2023-10-18T10:42:55.102+0000] {taskinstance.py:1937} ERROR - Task failed with exception
Traceback (most recent call last):
  File "/home/airflow/.local/lib/python3.8/site-packages/airflow/sensors/base.py", line 257, in execute
    raise e
  File "/home/airflow/.local/lib/python3.8/site-packages/airflow/sensors/base.py", line 239, in execute
    poke_return = self.poke(context)
  File "/home/airflow/.local/lib/python3.8/site-packages/airflow/sensors/filesystem.py", line 61, in poke
    hook = FSHook(self.fs_conn_id)
  File "/home/airflow/.local/lib/python3.8/site-packages/airflow/hooks/filesystem.py", line 38, in __init__
    conn = self.get_connection(conn_id)
  File "/home/airflow/.local/lib/python3.8/site-packages/airflow/hooks/base.py", line 72, in get_connection
    conn = Connection.get_connection_from_secrets(conn_id)
  File "/home/airflow/.local/lib/python3.8/site-packages/airflow/models/connection.py", line 477, in get_connection_from_secrets
    raise AirflowNotFoundException(f"The conn_id `{conn_id}` isn't defined")
airflow.exceptions.AirflowNotFoundException: The conn_id `fs_default` isn't defined
[2023-10-18T10:42:55.106+0000] {taskinstance.py:1400} INFO - Marking task as FAILED. dag_id=copy_tranform_to_mongo, task_id=waiting_for_data, execution_date=20210416T000000, start_date=20231018T104254, end_date=20231018T104255
[2023-10-18T10:42:55.115+0000] {standard_task_runner.py:104} ERROR - Failed to execute job 109 for task waiting_for_data (The conn_id `fs_default` isn't defined; 1606)
[2023-10-18T10:42:55.147+0000] {local_task_job_runner.py:228} INFO - Task exited with return code 1
[2023-10-18T10:42:55.176+0000] {taskinstance.py:2778} INFO - 0 downstream tasks scheduled from follow-on schedule check
[2023-10-18T11:17:31.101+0000] {taskinstance.py:1159} INFO - Dependencies all met for dep_context=non-requeueable deps ti=<TaskInstance: copy_tranform_to_mongo.waiting_for_data scheduled__2021-04-16T00:00:00+00:00 [queued]>
[2023-10-18T11:17:31.111+0000] {taskinstance.py:1159} INFO - Dependencies all met for dep_context=requeueable deps ti=<TaskInstance: copy_tranform_to_mongo.waiting_for_data scheduled__2021-04-16T00:00:00+00:00 [queued]>
[2023-10-18T11:17:31.111+0000] {taskinstance.py:1361} INFO - Starting attempt 1 of 1
[2023-10-18T11:17:31.123+0000] {taskinstance.py:1382} INFO - Executing <Task(FileSensor): waiting_for_data> on 2021-04-16 00:00:00+00:00
[2023-10-18T11:17:31.129+0000] {standard_task_runner.py:57} INFO - Started process 473 to run task
[2023-10-18T11:17:31.131+0000] {standard_task_runner.py:84} INFO - Running: ['***', 'tasks', 'run', 'copy_tranform_to_mongo', 'waiting_for_data', 'scheduled__2021-04-16T00:00:00+00:00', '--job-id', '171', '--raw', '--subdir', 'DAGS_FOLDER/file_***-mongo.py', '--cfg-path', '/tmp/tmp6h5_m0nc']
[2023-10-18T11:17:31.132+0000] {standard_task_runner.py:85} INFO - Job 171: Subtask waiting_for_data
[2023-10-18T11:17:31.173+0000] {task_command.py:416} INFO - Running <TaskInstance: copy_tranform_to_mongo.waiting_for_data scheduled__2021-04-16T00:00:00+00:00 [running]> on host 0e68aa52dfc7
[2023-10-18T11:17:31.259+0000] {taskinstance.py:1662} INFO - Exporting env vars: AIRFLOW_CTX_DAG_OWNER='***' AIRFLOW_CTX_DAG_ID='copy_tranform_to_mongo' AIRFLOW_CTX_TASK_ID='waiting_for_data' AIRFLOW_CTX_EXECUTION_DATE='2021-04-16T00:00:00+00:00' AIRFLOW_CTX_TRY_NUMBER='1' AIRFLOW_CTX_DAG_RUN_ID='scheduled__2021-04-16T00:00:00+00:00'
[2023-10-18T11:17:31.274+0000] {base.py:73} INFO - Using connection ID 'fs_default' for task execution.
[2023-10-18T11:17:31.274+0000] {filesystem.py:64} INFO - Poking for file /opt/in/tiktok_google_play_reviews.csv
[2023-10-18T11:17:31.275+0000] {filesystem.py:69} INFO - Found File /opt/in/tiktok_google_play_reviews.csv last modified: 20220405221612
[2023-10-18T11:17:31.275+0000] {base.py:287} INFO - Success criteria met. Exiting.
[2023-10-18T11:17:31.286+0000] {taskinstance.py:1400} INFO - Marking task as SUCCESS. dag_id=copy_tranform_to_mongo, task_id=waiting_for_data, execution_date=20210416T000000, start_date=20231018T111731, end_date=20231018T111731
[2023-10-18T11:17:31.346+0000] {local_task_job_runner.py:228} INFO - Task exited with return code 0
[2023-10-18T11:17:31.427+0000] {taskinstance.py:2778} INFO - 0 downstream tasks scheduled from follow-on schedule check
[2023-10-19T12:22:12.124+0000] {taskinstance.py:1159} INFO - Dependencies all met for dep_context=non-requeueable deps ti=<TaskInstance: copy_tranform_to_mongo.waiting_for_data scheduled__2021-04-16T00:00:00+00:00 [queued]>
[2023-10-19T12:22:12.200+0000] {taskinstance.py:1159} INFO - Dependencies all met for dep_context=requeueable deps ti=<TaskInstance: copy_tranform_to_mongo.waiting_for_data scheduled__2021-04-16T00:00:00+00:00 [queued]>
[2023-10-19T12:22:12.200+0000] {taskinstance.py:1361} INFO - Starting attempt 1 of 1
[2023-10-19T12:22:12.278+0000] {taskinstance.py:1382} INFO - Executing <Task(FileSensor): waiting_for_data> on 2021-04-16 00:00:00+00:00
[2023-10-19T12:22:12.334+0000] {standard_task_runner.py:57} INFO - Started process 687 to run task
[2023-10-19T12:22:12.351+0000] {standard_task_runner.py:84} INFO - Running: ['***', 'tasks', 'run', 'copy_tranform_to_mongo', 'waiting_for_data', 'scheduled__2021-04-16T00:00:00+00:00', '--job-id', '171', '--raw', '--subdir', 'DAGS_FOLDER/file_***-mongo.py', '--cfg-path', '/tmp/tmpb3emeef5']
[2023-10-19T12:22:12.352+0000] {standard_task_runner.py:85} INFO - Job 171: Subtask waiting_for_data
[2023-10-19T12:22:12.666+0000] {task_command.py:416} INFO - Running <TaskInstance: copy_tranform_to_mongo.waiting_for_data scheduled__2021-04-16T00:00:00+00:00 [running]> on host 6f5df7fea6fd
[2023-10-19T12:22:12.988+0000] {taskinstance.py:1662} INFO - Exporting env vars: AIRFLOW_CTX_DAG_OWNER='***' AIRFLOW_CTX_DAG_ID='copy_tranform_to_mongo' AIRFLOW_CTX_TASK_ID='waiting_for_data' AIRFLOW_CTX_EXECUTION_DATE='2021-04-16T00:00:00+00:00' AIRFLOW_CTX_TRY_NUMBER='1' AIRFLOW_CTX_DAG_RUN_ID='scheduled__2021-04-16T00:00:00+00:00'
[2023-10-19T12:22:13.022+0000] {base.py:73} INFO - Using connection ID 'fs_default' for task execution.
[2023-10-19T12:22:13.023+0000] {filesystem.py:64} INFO - Poking for file /opt/in/tiktok_google_play_reviews.csv
[2023-10-19T12:22:13.023+0000] {filesystem.py:69} INFO - Found File /opt/in/tiktok_google_play_reviews.csv last modified: 20220405221612
[2023-10-19T12:22:13.023+0000] {base.py:287} INFO - Success criteria met. Exiting.
[2023-10-19T12:22:13.059+0000] {taskinstance.py:1400} INFO - Marking task as SUCCESS. dag_id=copy_tranform_to_mongo, task_id=waiting_for_data, execution_date=20210416T000000, start_date=20231019T122212, end_date=20231019T122213
[2023-10-19T12:22:13.172+0000] {local_task_job_runner.py:228} INFO - Task exited with return code 0
[2023-10-19T12:22:13.592+0000] {taskinstance.py:2778} INFO - 0 downstream tasks scheduled from follow-on schedule check
