[2023-10-17T11:21:01.839+0000] {taskinstance.py:1159} INFO - Dependencies all met for dep_context=non-requeueable deps ti=<TaskInstance: copy_tranform_to_mongo.waiting_for_data scheduled__2021-11-18T00:00:00+00:00 [queued]>
[2023-10-17T11:21:01.845+0000] {taskinstance.py:1159} INFO - Dependencies all met for dep_context=requeueable deps ti=<TaskInstance: copy_tranform_to_mongo.waiting_for_data scheduled__2021-11-18T00:00:00+00:00 [queued]>
[2023-10-17T11:21:01.845+0000] {taskinstance.py:1361} INFO - Starting attempt 1 of 1
[2023-10-17T11:21:01.854+0000] {taskinstance.py:1382} INFO - Executing <Task(FileSensor): waiting_for_data> on 2021-11-18 00:00:00+00:00
[2023-10-17T11:21:01.859+0000] {standard_task_runner.py:57} INFO - Started process 1099 to run task
[2023-10-17T11:21:01.862+0000] {standard_task_runner.py:84} INFO - Running: ['***', 'tasks', 'run', 'copy_tranform_to_mongo', 'waiting_for_data', 'scheduled__2021-11-18T00:00:00+00:00', '--job-id', '326', '--raw', '--subdir', 'DAGS_FOLDER/file_***-mongo.py', '--cfg-path', '/tmp/tmppwvwoc3t']
[2023-10-17T11:21:01.863+0000] {standard_task_runner.py:85} INFO - Job 326: Subtask waiting_for_data
[2023-10-17T11:21:01.896+0000] {task_command.py:416} INFO - Running <TaskInstance: copy_tranform_to_mongo.waiting_for_data scheduled__2021-11-18T00:00:00+00:00 [running]> on host 238c1d4ff767
[2023-10-17T11:21:01.953+0000] {taskinstance.py:1662} INFO - Exporting env vars: AIRFLOW_CTX_DAG_OWNER='***' AIRFLOW_CTX_DAG_ID='copy_tranform_to_mongo' AIRFLOW_CTX_TASK_ID='waiting_for_data' AIRFLOW_CTX_EXECUTION_DATE='2021-11-18T00:00:00+00:00' AIRFLOW_CTX_TRY_NUMBER='1' AIRFLOW_CTX_DAG_RUN_ID='scheduled__2021-11-18T00:00:00+00:00'
[2023-10-17T11:21:01.959+0000] {base.py:73} INFO - Using connection ID 'fs_default' for task execution.
[2023-10-17T11:21:01.959+0000] {filesystem.py:64} INFO - Poking for file /opt/in/tiktok_google_play_reviews.csv
[2023-10-17T11:21:01.959+0000] {filesystem.py:69} INFO - Found File /opt/in/tiktok_google_play_reviews.csv last modified: 20220405221612
[2023-10-17T11:21:01.959+0000] {base.py:287} INFO - Success criteria met. Exiting.
[2023-10-17T11:21:01.967+0000] {taskinstance.py:1400} INFO - Marking task as SUCCESS. dag_id=copy_tranform_to_mongo, task_id=waiting_for_data, execution_date=20211118T000000, start_date=20231017T112101, end_date=20231017T112101
[2023-10-17T11:21:01.994+0000] {local_task_job_runner.py:228} INFO - Task exited with return code 0
[2023-10-17T11:21:02.006+0000] {taskinstance.py:2778} INFO - 0 downstream tasks scheduled from follow-on schedule check
[2023-10-18T11:45:25.770+0000] {taskinstance.py:1159} INFO - Dependencies all met for dep_context=non-requeueable deps ti=<TaskInstance: copy_tranform_to_mongo.waiting_for_data scheduled__2021-11-18T00:00:00+00:00 [queued]>
[2023-10-18T11:45:25.779+0000] {taskinstance.py:1159} INFO - Dependencies all met for dep_context=requeueable deps ti=<TaskInstance: copy_tranform_to_mongo.waiting_for_data scheduled__2021-11-18T00:00:00+00:00 [queued]>
[2023-10-18T11:45:25.779+0000] {taskinstance.py:1361} INFO - Starting attempt 1 of 1
[2023-10-18T11:45:25.791+0000] {taskinstance.py:1382} INFO - Executing <Task(FileSensor): waiting_for_data> on 2021-11-18 00:00:00+00:00
[2023-10-18T11:45:25.798+0000] {standard_task_runner.py:57} INFO - Started process 1766 to run task
[2023-10-18T11:45:25.801+0000] {standard_task_runner.py:84} INFO - Running: ['***', 'tasks', 'run', 'copy_tranform_to_mongo', 'waiting_for_data', 'scheduled__2021-11-18T00:00:00+00:00', '--job-id', '603', '--raw', '--subdir', 'DAGS_FOLDER/file_***-mongo.py', '--cfg-path', '/tmp/tmp0p272_nh']
[2023-10-18T11:45:25.802+0000] {standard_task_runner.py:85} INFO - Job 603: Subtask waiting_for_data
[2023-10-18T11:45:25.861+0000] {task_command.py:416} INFO - Running <TaskInstance: copy_tranform_to_mongo.waiting_for_data scheduled__2021-11-18T00:00:00+00:00 [running]> on host 0e68aa52dfc7
[2023-10-18T11:45:25.985+0000] {taskinstance.py:1662} INFO - Exporting env vars: AIRFLOW_CTX_DAG_OWNER='***' AIRFLOW_CTX_DAG_ID='copy_tranform_to_mongo' AIRFLOW_CTX_TASK_ID='waiting_for_data' AIRFLOW_CTX_EXECUTION_DATE='2021-11-18T00:00:00+00:00' AIRFLOW_CTX_TRY_NUMBER='1' AIRFLOW_CTX_DAG_RUN_ID='scheduled__2021-11-18T00:00:00+00:00'
[2023-10-18T11:45:25.998+0000] {base.py:73} INFO - Using connection ID 'fs_default' for task execution.
[2023-10-18T11:45:26.000+0000] {filesystem.py:64} INFO - Poking for file /opt/in/tiktok_google_play_reviews.csv
[2023-10-18T11:45:26.001+0000] {filesystem.py:69} INFO - Found File /opt/in/tiktok_google_play_reviews.csv last modified: 20220405221612
[2023-10-18T11:45:26.001+0000] {base.py:287} INFO - Success criteria met. Exiting.
[2023-10-18T11:45:26.013+0000] {taskinstance.py:1400} INFO - Marking task as SUCCESS. dag_id=copy_tranform_to_mongo, task_id=waiting_for_data, execution_date=20211118T000000, start_date=20231018T114525, end_date=20231018T114526
[2023-10-18T11:45:26.055+0000] {local_task_job_runner.py:228} INFO - Task exited with return code 0
[2023-10-18T11:45:26.094+0000] {taskinstance.py:2778} INFO - 1 downstream tasks scheduled from follow-on schedule check
