[2023-10-17T11:25:31.740+0000] {taskinstance.py:1159} INFO - Dependencies all met for dep_context=non-requeueable deps ti=<TaskInstance: copy_tranform_to_mongo.waiting_for_data scheduled__2023-04-02T00:00:00+00:00 [queued]>
[2023-10-17T11:25:31.750+0000] {taskinstance.py:1159} INFO - Dependencies all met for dep_context=requeueable deps ti=<TaskInstance: copy_tranform_to_mongo.waiting_for_data scheduled__2023-04-02T00:00:00+00:00 [queued]>
[2023-10-17T11:25:31.750+0000] {taskinstance.py:1361} INFO - Starting attempt 1 of 1
[2023-10-17T11:25:31.779+0000] {taskinstance.py:1382} INFO - Executing <Task(FileSensor): waiting_for_data> on 2023-04-02 00:00:00+00:00
[2023-10-17T11:25:31.786+0000] {standard_task_runner.py:57} INFO - Started process 2164 to run task
[2023-10-17T11:25:31.789+0000] {standard_task_runner.py:84} INFO - Running: ['***', 'tasks', 'run', 'copy_tranform_to_mongo', 'waiting_for_data', 'scheduled__2023-04-02T00:00:00+00:00', '--job-id', '826', '--raw', '--subdir', 'DAGS_FOLDER/file_***-mongo.py', '--cfg-path', '/tmp/tmp87i1to0p']
[2023-10-17T11:25:31.790+0000] {standard_task_runner.py:85} INFO - Job 826: Subtask waiting_for_data
[2023-10-17T11:25:31.836+0000] {task_command.py:416} INFO - Running <TaskInstance: copy_tranform_to_mongo.waiting_for_data scheduled__2023-04-02T00:00:00+00:00 [running]> on host 238c1d4ff767
[2023-10-17T11:25:31.911+0000] {taskinstance.py:1662} INFO - Exporting env vars: AIRFLOW_CTX_DAG_OWNER='***' AIRFLOW_CTX_DAG_ID='copy_tranform_to_mongo' AIRFLOW_CTX_TASK_ID='waiting_for_data' AIRFLOW_CTX_EXECUTION_DATE='2023-04-02T00:00:00+00:00' AIRFLOW_CTX_TRY_NUMBER='1' AIRFLOW_CTX_DAG_RUN_ID='scheduled__2023-04-02T00:00:00+00:00'
[2023-10-17T11:25:31.920+0000] {base.py:73} INFO - Using connection ID 'fs_default' for task execution.
[2023-10-17T11:25:31.920+0000] {filesystem.py:64} INFO - Poking for file /opt/in/tiktok_google_play_reviews.csv
[2023-10-17T11:25:31.920+0000] {filesystem.py:69} INFO - Found File /opt/in/tiktok_google_play_reviews.csv last modified: 20220405221612
[2023-10-17T11:25:31.920+0000] {base.py:287} INFO - Success criteria met. Exiting.
[2023-10-17T11:25:31.929+0000] {taskinstance.py:1400} INFO - Marking task as SUCCESS. dag_id=copy_tranform_to_mongo, task_id=waiting_for_data, execution_date=20230402T000000, start_date=20231017T112531, end_date=20231017T112531
[2023-10-17T11:25:31.961+0000] {local_task_job_runner.py:228} INFO - Task exited with return code 0
[2023-10-17T11:25:31.979+0000] {taskinstance.py:2778} INFO - 0 downstream tasks scheduled from follow-on schedule check
[2023-10-18T11:50:53.452+0000] {taskinstance.py:1159} INFO - Dependencies all met for dep_context=non-requeueable deps ti=<TaskInstance: copy_tranform_to_mongo.waiting_for_data scheduled__2023-04-02T00:00:00+00:00 [queued]>
[2023-10-18T11:50:53.461+0000] {taskinstance.py:1159} INFO - Dependencies all met for dep_context=requeueable deps ti=<TaskInstance: copy_tranform_to_mongo.waiting_for_data scheduled__2023-04-02T00:00:00+00:00 [queued]>
[2023-10-18T11:50:53.462+0000] {taskinstance.py:1361} INFO - Starting attempt 1 of 1
[2023-10-18T11:50:53.480+0000] {taskinstance.py:1382} INFO - Executing <Task(FileSensor): waiting_for_data> on 2023-04-02 00:00:00+00:00
[2023-10-18T11:50:53.487+0000] {standard_task_runner.py:57} INFO - Started process 3863 to run task
[2023-10-18T11:50:53.489+0000] {standard_task_runner.py:84} INFO - Running: ['***', 'tasks', 'run', 'copy_tranform_to_mongo', 'waiting_for_data', 'scheduled__2023-04-02T00:00:00+00:00', '--job-id', '1608', '--raw', '--subdir', 'DAGS_FOLDER/file_***-mongo.py', '--cfg-path', '/tmp/tmp175tq127']
[2023-10-18T11:50:53.490+0000] {standard_task_runner.py:85} INFO - Job 1608: Subtask waiting_for_data
[2023-10-18T11:50:53.528+0000] {task_command.py:416} INFO - Running <TaskInstance: copy_tranform_to_mongo.waiting_for_data scheduled__2023-04-02T00:00:00+00:00 [running]> on host 0e68aa52dfc7
[2023-10-18T11:50:53.602+0000] {taskinstance.py:1662} INFO - Exporting env vars: AIRFLOW_CTX_DAG_OWNER='***' AIRFLOW_CTX_DAG_ID='copy_tranform_to_mongo' AIRFLOW_CTX_TASK_ID='waiting_for_data' AIRFLOW_CTX_EXECUTION_DATE='2023-04-02T00:00:00+00:00' AIRFLOW_CTX_TRY_NUMBER='1' AIRFLOW_CTX_DAG_RUN_ID='scheduled__2023-04-02T00:00:00+00:00'
[2023-10-18T11:50:53.613+0000] {base.py:73} INFO - Using connection ID 'fs_default' for task execution.
[2023-10-18T11:50:53.613+0000] {filesystem.py:64} INFO - Poking for file /opt/in/tiktok_google_play_reviews.csv
[2023-10-18T11:50:53.614+0000] {filesystem.py:69} INFO - Found File /opt/in/tiktok_google_play_reviews.csv last modified: 20220405221612
[2023-10-18T11:50:53.614+0000] {base.py:287} INFO - Success criteria met. Exiting.
[2023-10-18T11:50:53.623+0000] {taskinstance.py:1400} INFO - Marking task as SUCCESS. dag_id=copy_tranform_to_mongo, task_id=waiting_for_data, execution_date=20230402T000000, start_date=20231018T115053, end_date=20231018T115053
[2023-10-18T11:50:53.662+0000] {local_task_job_runner.py:228} INFO - Task exited with return code 0
[2023-10-18T11:50:53.695+0000] {taskinstance.py:2778} INFO - 1 downstream tasks scheduled from follow-on schedule check
