[2023-10-17T11:22:34.031+0000] {taskinstance.py:1159} INFO - Dependencies all met for dep_context=non-requeueable deps ti=<TaskInstance: copy_tranform_to_mongo.waiting_for_data scheduled__2022-05-14T00:00:00+00:00 [queued]>
[2023-10-17T11:22:34.037+0000] {taskinstance.py:1159} INFO - Dependencies all met for dep_context=requeueable deps ti=<TaskInstance: copy_tranform_to_mongo.waiting_for_data scheduled__2022-05-14T00:00:00+00:00 [queued]>
[2023-10-17T11:22:34.037+0000] {taskinstance.py:1361} INFO - Starting attempt 1 of 1
[2023-10-17T11:22:34.048+0000] {taskinstance.py:1382} INFO - Executing <Task(FileSensor): waiting_for_data> on 2022-05-14 00:00:00+00:00
[2023-10-17T11:22:34.053+0000] {standard_task_runner.py:57} INFO - Started process 1477 to run task
[2023-10-17T11:22:34.056+0000] {standard_task_runner.py:84} INFO - Running: ['***', 'tasks', 'run', 'copy_tranform_to_mongo', 'waiting_for_data', 'scheduled__2022-05-14T00:00:00+00:00', '--job-id', '503', '--raw', '--subdir', 'DAGS_FOLDER/file_***-mongo.py', '--cfg-path', '/tmp/tmprb9lkwzf']
[2023-10-17T11:22:34.057+0000] {standard_task_runner.py:85} INFO - Job 503: Subtask waiting_for_data
[2023-10-17T11:22:34.095+0000] {task_command.py:416} INFO - Running <TaskInstance: copy_tranform_to_mongo.waiting_for_data scheduled__2022-05-14T00:00:00+00:00 [running]> on host 238c1d4ff767
[2023-10-17T11:22:34.155+0000] {taskinstance.py:1662} INFO - Exporting env vars: AIRFLOW_CTX_DAG_OWNER='***' AIRFLOW_CTX_DAG_ID='copy_tranform_to_mongo' AIRFLOW_CTX_TASK_ID='waiting_for_data' AIRFLOW_CTX_EXECUTION_DATE='2022-05-14T00:00:00+00:00' AIRFLOW_CTX_TRY_NUMBER='1' AIRFLOW_CTX_DAG_RUN_ID='scheduled__2022-05-14T00:00:00+00:00'
[2023-10-17T11:22:34.163+0000] {base.py:73} INFO - Using connection ID 'fs_default' for task execution.
[2023-10-17T11:22:34.163+0000] {filesystem.py:64} INFO - Poking for file /opt/in/tiktok_google_play_reviews.csv
[2023-10-17T11:22:34.163+0000] {filesystem.py:69} INFO - Found File /opt/in/tiktok_google_play_reviews.csv last modified: 20220405221612
[2023-10-17T11:22:34.164+0000] {base.py:287} INFO - Success criteria met. Exiting.
[2023-10-17T11:22:34.170+0000] {taskinstance.py:1400} INFO - Marking task as SUCCESS. dag_id=copy_tranform_to_mongo, task_id=waiting_for_data, execution_date=20220514T000000, start_date=20231017T112234, end_date=20231017T112234
[2023-10-17T11:22:34.187+0000] {local_task_job_runner.py:228} INFO - Task exited with return code 0
[2023-10-17T11:22:34.199+0000] {taskinstance.py:2778} INFO - 0 downstream tasks scheduled from follow-on schedule check
[2023-10-18T11:47:16.633+0000] {taskinstance.py:1159} INFO - Dependencies all met for dep_context=non-requeueable deps ti=<TaskInstance: copy_tranform_to_mongo.waiting_for_data scheduled__2022-05-14T00:00:00+00:00 [queued]>
[2023-10-18T11:47:16.645+0000] {taskinstance.py:1159} INFO - Dependencies all met for dep_context=requeueable deps ti=<TaskInstance: copy_tranform_to_mongo.waiting_for_data scheduled__2022-05-14T00:00:00+00:00 [queued]>
[2023-10-18T11:47:16.645+0000] {taskinstance.py:1361} INFO - Starting attempt 1 of 1
[2023-10-18T11:47:16.665+0000] {taskinstance.py:1382} INFO - Executing <Task(FileSensor): waiting_for_data> on 2022-05-14 00:00:00+00:00
[2023-10-18T11:47:16.674+0000] {standard_task_runner.py:57} INFO - Started process 2506 to run task
[2023-10-18T11:47:16.677+0000] {standard_task_runner.py:84} INFO - Running: ['***', 'tasks', 'run', 'copy_tranform_to_mongo', 'waiting_for_data', 'scheduled__2022-05-14T00:00:00+00:00', '--job-id', '958', '--raw', '--subdir', 'DAGS_FOLDER/file_***-mongo.py', '--cfg-path', '/tmp/tmp68u_7crc']
[2023-10-18T11:47:16.678+0000] {standard_task_runner.py:85} INFO - Job 958: Subtask waiting_for_data
[2023-10-18T11:47:16.746+0000] {task_command.py:416} INFO - Running <TaskInstance: copy_tranform_to_mongo.waiting_for_data scheduled__2022-05-14T00:00:00+00:00 [running]> on host 0e68aa52dfc7
[2023-10-18T11:47:16.847+0000] {taskinstance.py:1662} INFO - Exporting env vars: AIRFLOW_CTX_DAG_OWNER='***' AIRFLOW_CTX_DAG_ID='copy_tranform_to_mongo' AIRFLOW_CTX_TASK_ID='waiting_for_data' AIRFLOW_CTX_EXECUTION_DATE='2022-05-14T00:00:00+00:00' AIRFLOW_CTX_TRY_NUMBER='1' AIRFLOW_CTX_DAG_RUN_ID='scheduled__2022-05-14T00:00:00+00:00'
[2023-10-18T11:47:16.859+0000] {base.py:73} INFO - Using connection ID 'fs_default' for task execution.
[2023-10-18T11:47:16.860+0000] {filesystem.py:64} INFO - Poking for file /opt/in/tiktok_google_play_reviews.csv
[2023-10-18T11:47:16.860+0000] {filesystem.py:69} INFO - Found File /opt/in/tiktok_google_play_reviews.csv last modified: 20220405221612
[2023-10-18T11:47:16.860+0000] {base.py:287} INFO - Success criteria met. Exiting.
[2023-10-18T11:47:16.872+0000] {taskinstance.py:1400} INFO - Marking task as SUCCESS. dag_id=copy_tranform_to_mongo, task_id=waiting_for_data, execution_date=20220514T000000, start_date=20231018T114716, end_date=20231018T114716
[2023-10-18T11:47:16.935+0000] {local_task_job_runner.py:228} INFO - Task exited with return code 0
[2023-10-18T11:47:16.963+0000] {taskinstance.py:2778} INFO - 0 downstream tasks scheduled from follow-on schedule check
