[2023-10-17T11:27:19.249+0000] {taskinstance.py:1159} INFO - Dependencies all met for dep_context=non-requeueable deps ti=<TaskInstance: copy_tranform_to_mongo.waiting_for_data scheduled__2023-09-19T00:00:00+00:00 [queued]>
[2023-10-17T11:27:19.256+0000] {taskinstance.py:1159} INFO - Dependencies all met for dep_context=requeueable deps ti=<TaskInstance: copy_tranform_to_mongo.waiting_for_data scheduled__2023-09-19T00:00:00+00:00 [queued]>
[2023-10-17T11:27:19.256+0000] {taskinstance.py:1361} INFO - Starting attempt 1 of 1
[2023-10-17T11:27:19.264+0000] {taskinstance.py:1382} INFO - Executing <Task(FileSensor): waiting_for_data> on 2023-09-19 00:00:00+00:00
[2023-10-17T11:27:19.270+0000] {standard_task_runner.py:57} INFO - Started process 2534 to run task
[2023-10-17T11:27:19.272+0000] {standard_task_runner.py:84} INFO - Running: ['***', 'tasks', 'run', 'copy_tranform_to_mongo', 'waiting_for_data', 'scheduled__2023-09-19T00:00:00+00:00', '--job-id', '996', '--raw', '--subdir', 'DAGS_FOLDER/file_***-mongo.py', '--cfg-path', '/tmp/tmphjn6bok0']
[2023-10-17T11:27:19.272+0000] {standard_task_runner.py:85} INFO - Job 996: Subtask waiting_for_data
[2023-10-17T11:27:19.306+0000] {task_command.py:416} INFO - Running <TaskInstance: copy_tranform_to_mongo.waiting_for_data scheduled__2023-09-19T00:00:00+00:00 [running]> on host 238c1d4ff767
[2023-10-17T11:27:19.376+0000] {taskinstance.py:1662} INFO - Exporting env vars: AIRFLOW_CTX_DAG_OWNER='***' AIRFLOW_CTX_DAG_ID='copy_tranform_to_mongo' AIRFLOW_CTX_TASK_ID='waiting_for_data' AIRFLOW_CTX_EXECUTION_DATE='2023-09-19T00:00:00+00:00' AIRFLOW_CTX_TRY_NUMBER='1' AIRFLOW_CTX_DAG_RUN_ID='scheduled__2023-09-19T00:00:00+00:00'
[2023-10-17T11:27:19.384+0000] {base.py:73} INFO - Using connection ID 'fs_default' for task execution.
[2023-10-17T11:27:19.385+0000] {filesystem.py:64} INFO - Poking for file /opt/in/tiktok_google_play_reviews.csv
[2023-10-17T11:27:19.385+0000] {filesystem.py:69} INFO - Found File /opt/in/tiktok_google_play_reviews.csv last modified: 20220405221612
[2023-10-17T11:27:19.385+0000] {base.py:287} INFO - Success criteria met. Exiting.
[2023-10-17T11:27:19.392+0000] {taskinstance.py:1400} INFO - Marking task as SUCCESS. dag_id=copy_tranform_to_mongo, task_id=waiting_for_data, execution_date=20230919T000000, start_date=20231017T112719, end_date=20231017T112719
[2023-10-17T11:27:19.444+0000] {local_task_job_runner.py:228} INFO - Task exited with return code 0
[2023-10-17T11:27:19.459+0000] {taskinstance.py:2778} INFO - 0 downstream tasks scheduled from follow-on schedule check
[2023-10-18T11:52:32.600+0000] {taskinstance.py:1159} INFO - Dependencies all met for dep_context=non-requeueable deps ti=<TaskInstance: copy_tranform_to_mongo.waiting_for_data scheduled__2023-09-19T00:00:00+00:00 [queued]>
[2023-10-18T11:52:32.615+0000] {taskinstance.py:1159} INFO - Dependencies all met for dep_context=requeueable deps ti=<TaskInstance: copy_tranform_to_mongo.waiting_for_data scheduled__2023-09-19T00:00:00+00:00 [queued]>
[2023-10-18T11:52:32.615+0000] {taskinstance.py:1361} INFO - Starting attempt 1 of 1
[2023-10-18T11:52:32.639+0000] {taskinstance.py:1382} INFO - Executing <Task(FileSensor): waiting_for_data> on 2023-09-19 00:00:00+00:00
[2023-10-18T11:52:32.647+0000] {standard_task_runner.py:57} INFO - Started process 4561 to run task
[2023-10-18T11:52:32.651+0000] {standard_task_runner.py:84} INFO - Running: ['***', 'tasks', 'run', 'copy_tranform_to_mongo', 'waiting_for_data', 'scheduled__2023-09-19T00:00:00+00:00', '--job-id', '1945', '--raw', '--subdir', 'DAGS_FOLDER/file_***-mongo.py', '--cfg-path', '/tmp/tmp04ld634j']
[2023-10-18T11:52:32.652+0000] {standard_task_runner.py:85} INFO - Job 1945: Subtask waiting_for_data
[2023-10-18T11:52:32.704+0000] {task_command.py:416} INFO - Running <TaskInstance: copy_tranform_to_mongo.waiting_for_data scheduled__2023-09-19T00:00:00+00:00 [running]> on host 0e68aa52dfc7
[2023-10-18T11:52:32.778+0000] {taskinstance.py:1662} INFO - Exporting env vars: AIRFLOW_CTX_DAG_OWNER='***' AIRFLOW_CTX_DAG_ID='copy_tranform_to_mongo' AIRFLOW_CTX_TASK_ID='waiting_for_data' AIRFLOW_CTX_EXECUTION_DATE='2023-09-19T00:00:00+00:00' AIRFLOW_CTX_TRY_NUMBER='1' AIRFLOW_CTX_DAG_RUN_ID='scheduled__2023-09-19T00:00:00+00:00'
[2023-10-18T11:52:32.787+0000] {base.py:73} INFO - Using connection ID 'fs_default' for task execution.
[2023-10-18T11:52:32.787+0000] {filesystem.py:64} INFO - Poking for file /opt/in/tiktok_google_play_reviews.csv
[2023-10-18T11:52:32.788+0000] {filesystem.py:69} INFO - Found File /opt/in/tiktok_google_play_reviews.csv last modified: 20220405221612
[2023-10-18T11:52:32.788+0000] {base.py:287} INFO - Success criteria met. Exiting.
[2023-10-18T11:52:32.796+0000] {taskinstance.py:1400} INFO - Marking task as SUCCESS. dag_id=copy_tranform_to_mongo, task_id=waiting_for_data, execution_date=20230919T000000, start_date=20231018T115232, end_date=20231018T115232
[2023-10-18T11:52:32.825+0000] {local_task_job_runner.py:228} INFO - Task exited with return code 0
[2023-10-18T11:52:32.853+0000] {taskinstance.py:2778} INFO - 1 downstream tasks scheduled from follow-on schedule check
