[2023-10-17T11:26:05.691+0000] {taskinstance.py:1159} INFO - Dependencies all met for dep_context=non-requeueable deps ti=<TaskInstance: copy_tranform_to_mongo.waiting_for_data scheduled__2023-05-30T00:00:00+00:00 [queued]>
[2023-10-17T11:26:05.696+0000] {taskinstance.py:1159} INFO - Dependencies all met for dep_context=requeueable deps ti=<TaskInstance: copy_tranform_to_mongo.waiting_for_data scheduled__2023-05-30T00:00:00+00:00 [queued]>
[2023-10-17T11:26:05.696+0000] {taskinstance.py:1361} INFO - Starting attempt 1 of 1
[2023-10-17T11:26:05.705+0000] {taskinstance.py:1382} INFO - Executing <Task(FileSensor): waiting_for_data> on 2023-05-30 00:00:00+00:00
[2023-10-17T11:26:05.710+0000] {standard_task_runner.py:57} INFO - Started process 2286 to run task
[2023-10-17T11:26:05.711+0000] {standard_task_runner.py:84} INFO - Running: ['***', 'tasks', 'run', 'copy_tranform_to_mongo', 'waiting_for_data', 'scheduled__2023-05-30T00:00:00+00:00', '--job-id', '884', '--raw', '--subdir', 'DAGS_FOLDER/file_***-mongo.py', '--cfg-path', '/tmp/tmp226mbpge']
[2023-10-17T11:26:05.712+0000] {standard_task_runner.py:85} INFO - Job 884: Subtask waiting_for_data
[2023-10-17T11:26:05.744+0000] {task_command.py:416} INFO - Running <TaskInstance: copy_tranform_to_mongo.waiting_for_data scheduled__2023-05-30T00:00:00+00:00 [running]> on host 238c1d4ff767
[2023-10-17T11:26:05.797+0000] {taskinstance.py:1662} INFO - Exporting env vars: AIRFLOW_CTX_DAG_OWNER='***' AIRFLOW_CTX_DAG_ID='copy_tranform_to_mongo' AIRFLOW_CTX_TASK_ID='waiting_for_data' AIRFLOW_CTX_EXECUTION_DATE='2023-05-30T00:00:00+00:00' AIRFLOW_CTX_TRY_NUMBER='1' AIRFLOW_CTX_DAG_RUN_ID='scheduled__2023-05-30T00:00:00+00:00'
[2023-10-17T11:26:05.804+0000] {base.py:73} INFO - Using connection ID 'fs_default' for task execution.
[2023-10-17T11:26:05.804+0000] {filesystem.py:64} INFO - Poking for file /opt/in/tiktok_google_play_reviews.csv
[2023-10-17T11:26:05.804+0000] {filesystem.py:69} INFO - Found File /opt/in/tiktok_google_play_reviews.csv last modified: 20220405221612
[2023-10-17T11:26:05.804+0000] {base.py:287} INFO - Success criteria met. Exiting.
[2023-10-17T11:26:05.811+0000] {taskinstance.py:1400} INFO - Marking task as SUCCESS. dag_id=copy_tranform_to_mongo, task_id=waiting_for_data, execution_date=20230530T000000, start_date=20231017T112605, end_date=20231017T112605
[2023-10-17T11:26:05.844+0000] {local_task_job_runner.py:228} INFO - Task exited with return code 0
[2023-10-17T11:26:05.869+0000] {taskinstance.py:2778} INFO - 0 downstream tasks scheduled from follow-on schedule check
[2023-10-18T11:51:27.703+0000] {taskinstance.py:1159} INFO - Dependencies all met for dep_context=non-requeueable deps ti=<TaskInstance: copy_tranform_to_mongo.waiting_for_data scheduled__2023-05-30T00:00:00+00:00 [queued]>
[2023-10-18T11:51:27.716+0000] {taskinstance.py:1159} INFO - Dependencies all met for dep_context=requeueable deps ti=<TaskInstance: copy_tranform_to_mongo.waiting_for_data scheduled__2023-05-30T00:00:00+00:00 [queued]>
[2023-10-18T11:51:27.716+0000] {taskinstance.py:1361} INFO - Starting attempt 1 of 1
[2023-10-18T11:51:27.730+0000] {taskinstance.py:1382} INFO - Executing <Task(FileSensor): waiting_for_data> on 2023-05-30 00:00:00+00:00
[2023-10-18T11:51:27.738+0000] {standard_task_runner.py:57} INFO - Started process 4093 to run task
[2023-10-18T11:51:27.741+0000] {standard_task_runner.py:84} INFO - Running: ['***', 'tasks', 'run', 'copy_tranform_to_mongo', 'waiting_for_data', 'scheduled__2023-05-30T00:00:00+00:00', '--job-id', '1719', '--raw', '--subdir', 'DAGS_FOLDER/file_***-mongo.py', '--cfg-path', '/tmp/tmpxebbu2xs']
[2023-10-18T11:51:27.742+0000] {standard_task_runner.py:85} INFO - Job 1719: Subtask waiting_for_data
[2023-10-18T11:51:27.790+0000] {task_command.py:416} INFO - Running <TaskInstance: copy_tranform_to_mongo.waiting_for_data scheduled__2023-05-30T00:00:00+00:00 [running]> on host 0e68aa52dfc7
[2023-10-18T11:51:27.896+0000] {taskinstance.py:1662} INFO - Exporting env vars: AIRFLOW_CTX_DAG_OWNER='***' AIRFLOW_CTX_DAG_ID='copy_tranform_to_mongo' AIRFLOW_CTX_TASK_ID='waiting_for_data' AIRFLOW_CTX_EXECUTION_DATE='2023-05-30T00:00:00+00:00' AIRFLOW_CTX_TRY_NUMBER='1' AIRFLOW_CTX_DAG_RUN_ID='scheduled__2023-05-30T00:00:00+00:00'
[2023-10-18T11:51:27.912+0000] {base.py:73} INFO - Using connection ID 'fs_default' for task execution.
[2023-10-18T11:51:27.913+0000] {filesystem.py:64} INFO - Poking for file /opt/in/tiktok_google_play_reviews.csv
[2023-10-18T11:51:27.914+0000] {filesystem.py:69} INFO - Found File /opt/in/tiktok_google_play_reviews.csv last modified: 20220405221612
[2023-10-18T11:51:27.914+0000] {base.py:287} INFO - Success criteria met. Exiting.
[2023-10-18T11:51:27.932+0000] {taskinstance.py:1400} INFO - Marking task as SUCCESS. dag_id=copy_tranform_to_mongo, task_id=waiting_for_data, execution_date=20230530T000000, start_date=20231018T115127, end_date=20231018T115127
[2023-10-18T11:51:27.998+0000] {local_task_job_runner.py:228} INFO - Task exited with return code 0
[2023-10-18T11:51:28.063+0000] {taskinstance.py:2778} INFO - 1 downstream tasks scheduled from follow-on schedule check
