[2023-10-17T11:22:42.061+0000] {taskinstance.py:1159} INFO - Dependencies all met for dep_context=non-requeueable deps ti=<TaskInstance: copy_tranform_to_mongo.waiting_for_data scheduled__2022-06-02T00:00:00+00:00 [queued]>
[2023-10-17T11:22:42.068+0000] {taskinstance.py:1159} INFO - Dependencies all met for dep_context=requeueable deps ti=<TaskInstance: copy_tranform_to_mongo.waiting_for_data scheduled__2022-06-02T00:00:00+00:00 [queued]>
[2023-10-17T11:22:42.068+0000] {taskinstance.py:1361} INFO - Starting attempt 1 of 1
[2023-10-17T11:22:42.080+0000] {taskinstance.py:1382} INFO - Executing <Task(FileSensor): waiting_for_data> on 2022-06-02 00:00:00+00:00
[2023-10-17T11:22:42.086+0000] {standard_task_runner.py:57} INFO - Started process 1514 to run task
[2023-10-17T11:22:42.089+0000] {standard_task_runner.py:84} INFO - Running: ['***', 'tasks', 'run', 'copy_tranform_to_mongo', 'waiting_for_data', 'scheduled__2022-06-02T00:00:00+00:00', '--job-id', '522', '--raw', '--subdir', 'DAGS_FOLDER/file_***-mongo.py', '--cfg-path', '/tmp/tmpih8xfotk']
[2023-10-17T11:22:42.089+0000] {standard_task_runner.py:85} INFO - Job 522: Subtask waiting_for_data
[2023-10-17T11:22:42.125+0000] {task_command.py:416} INFO - Running <TaskInstance: copy_tranform_to_mongo.waiting_for_data scheduled__2022-06-02T00:00:00+00:00 [running]> on host 238c1d4ff767
[2023-10-17T11:22:42.198+0000] {taskinstance.py:1662} INFO - Exporting env vars: AIRFLOW_CTX_DAG_OWNER='***' AIRFLOW_CTX_DAG_ID='copy_tranform_to_mongo' AIRFLOW_CTX_TASK_ID='waiting_for_data' AIRFLOW_CTX_EXECUTION_DATE='2022-06-02T00:00:00+00:00' AIRFLOW_CTX_TRY_NUMBER='1' AIRFLOW_CTX_DAG_RUN_ID='scheduled__2022-06-02T00:00:00+00:00'
[2023-10-17T11:22:42.205+0000] {base.py:73} INFO - Using connection ID 'fs_default' for task execution.
[2023-10-17T11:22:42.205+0000] {filesystem.py:64} INFO - Poking for file /opt/in/tiktok_google_play_reviews.csv
[2023-10-17T11:22:42.205+0000] {filesystem.py:69} INFO - Found File /opt/in/tiktok_google_play_reviews.csv last modified: 20220405221612
[2023-10-17T11:22:42.205+0000] {base.py:287} INFO - Success criteria met. Exiting.
[2023-10-17T11:22:42.212+0000] {taskinstance.py:1400} INFO - Marking task as SUCCESS. dag_id=copy_tranform_to_mongo, task_id=waiting_for_data, execution_date=20220602T000000, start_date=20231017T112242, end_date=20231017T112242
[2023-10-17T11:22:42.261+0000] {local_task_job_runner.py:228} INFO - Task exited with return code 0
[2023-10-17T11:22:42.286+0000] {taskinstance.py:2778} INFO - 0 downstream tasks scheduled from follow-on schedule check
[2023-10-18T11:47:26.777+0000] {taskinstance.py:1159} INFO - Dependencies all met for dep_context=non-requeueable deps ti=<TaskInstance: copy_tranform_to_mongo.waiting_for_data scheduled__2022-06-02T00:00:00+00:00 [queued]>
[2023-10-18T11:47:26.792+0000] {taskinstance.py:1159} INFO - Dependencies all met for dep_context=requeueable deps ti=<TaskInstance: copy_tranform_to_mongo.waiting_for_data scheduled__2022-06-02T00:00:00+00:00 [queued]>
[2023-10-18T11:47:26.792+0000] {taskinstance.py:1361} INFO - Starting attempt 1 of 1
[2023-10-18T11:47:26.809+0000] {taskinstance.py:1382} INFO - Executing <Task(FileSensor): waiting_for_data> on 2022-06-02 00:00:00+00:00
[2023-10-18T11:47:26.819+0000] {standard_task_runner.py:57} INFO - Started process 2584 to run task
[2023-10-18T11:47:26.824+0000] {standard_task_runner.py:84} INFO - Running: ['***', 'tasks', 'run', 'copy_tranform_to_mongo', 'waiting_for_data', 'scheduled__2022-06-02T00:00:00+00:00', '--job-id', '996', '--raw', '--subdir', 'DAGS_FOLDER/file_***-mongo.py', '--cfg-path', '/tmp/tmpb1dfb6tp']
[2023-10-18T11:47:26.825+0000] {standard_task_runner.py:85} INFO - Job 996: Subtask waiting_for_data
[2023-10-18T11:47:26.888+0000] {task_command.py:416} INFO - Running <TaskInstance: copy_tranform_to_mongo.waiting_for_data scheduled__2022-06-02T00:00:00+00:00 [running]> on host 0e68aa52dfc7
[2023-10-18T11:47:26.986+0000] {taskinstance.py:1662} INFO - Exporting env vars: AIRFLOW_CTX_DAG_OWNER='***' AIRFLOW_CTX_DAG_ID='copy_tranform_to_mongo' AIRFLOW_CTX_TASK_ID='waiting_for_data' AIRFLOW_CTX_EXECUTION_DATE='2022-06-02T00:00:00+00:00' AIRFLOW_CTX_TRY_NUMBER='1' AIRFLOW_CTX_DAG_RUN_ID='scheduled__2022-06-02T00:00:00+00:00'
[2023-10-18T11:47:27.011+0000] {base.py:73} INFO - Using connection ID 'fs_default' for task execution.
[2023-10-18T11:47:27.015+0000] {filesystem.py:64} INFO - Poking for file /opt/in/tiktok_google_play_reviews.csv
[2023-10-18T11:47:27.019+0000] {filesystem.py:69} INFO - Found File /opt/in/tiktok_google_play_reviews.csv last modified: 20220405221612
[2023-10-18T11:47:27.020+0000] {base.py:287} INFO - Success criteria met. Exiting.
[2023-10-18T11:47:27.033+0000] {taskinstance.py:1400} INFO - Marking task as SUCCESS. dag_id=copy_tranform_to_mongo, task_id=waiting_for_data, execution_date=20220602T000000, start_date=20231018T114726, end_date=20231018T114727
[2023-10-18T11:47:27.082+0000] {local_task_job_runner.py:228} INFO - Task exited with return code 0
[2023-10-18T11:47:27.122+0000] {taskinstance.py:2778} INFO - 1 downstream tasks scheduled from follow-on schedule check
