[2023-10-17T11:20:26.535+0000] {taskinstance.py:1159} INFO - Dependencies all met for dep_context=non-requeueable deps ti=<TaskInstance: copy_tranform_to_mongo.waiting_for_data scheduled__2021-09-14T00:00:00+00:00 [queued]>
[2023-10-17T11:20:26.544+0000] {taskinstance.py:1159} INFO - Dependencies all met for dep_context=requeueable deps ti=<TaskInstance: copy_tranform_to_mongo.waiting_for_data scheduled__2021-09-14T00:00:00+00:00 [queued]>
[2023-10-17T11:20:26.544+0000] {taskinstance.py:1361} INFO - Starting attempt 1 of 1
[2023-10-17T11:20:26.593+0000] {taskinstance.py:1382} INFO - Executing <Task(FileSensor): waiting_for_data> on 2021-09-14 00:00:00+00:00
[2023-10-17T11:20:26.600+0000] {standard_task_runner.py:57} INFO - Started process 963 to run task
[2023-10-17T11:20:26.602+0000] {standard_task_runner.py:84} INFO - Running: ['***', 'tasks', 'run', 'copy_tranform_to_mongo', 'waiting_for_data', 'scheduled__2021-09-14T00:00:00+00:00', '--job-id', '261', '--raw', '--subdir', 'DAGS_FOLDER/file_***-mongo.py', '--cfg-path', '/tmp/tmpggpwes4h']
[2023-10-17T11:20:26.603+0000] {standard_task_runner.py:85} INFO - Job 261: Subtask waiting_for_data
[2023-10-17T11:20:26.641+0000] {task_command.py:416} INFO - Running <TaskInstance: copy_tranform_to_mongo.waiting_for_data scheduled__2021-09-14T00:00:00+00:00 [running]> on host 238c1d4ff767
[2023-10-17T11:20:26.712+0000] {taskinstance.py:1662} INFO - Exporting env vars: AIRFLOW_CTX_DAG_OWNER='***' AIRFLOW_CTX_DAG_ID='copy_tranform_to_mongo' AIRFLOW_CTX_TASK_ID='waiting_for_data' AIRFLOW_CTX_EXECUTION_DATE='2021-09-14T00:00:00+00:00' AIRFLOW_CTX_TRY_NUMBER='1' AIRFLOW_CTX_DAG_RUN_ID='scheduled__2021-09-14T00:00:00+00:00'
[2023-10-17T11:20:26.721+0000] {base.py:73} INFO - Using connection ID 'fs_default' for task execution.
[2023-10-17T11:20:26.721+0000] {filesystem.py:64} INFO - Poking for file /opt/in/tiktok_google_play_reviews.csv
[2023-10-17T11:20:26.721+0000] {filesystem.py:69} INFO - Found File /opt/in/tiktok_google_play_reviews.csv last modified: 20220405221612
[2023-10-17T11:20:26.721+0000] {base.py:287} INFO - Success criteria met. Exiting.
[2023-10-17T11:20:26.729+0000] {taskinstance.py:1400} INFO - Marking task as SUCCESS. dag_id=copy_tranform_to_mongo, task_id=waiting_for_data, execution_date=20210914T000000, start_date=20231017T112026, end_date=20231017T112026
[2023-10-17T11:20:26.774+0000] {local_task_job_runner.py:228} INFO - Task exited with return code 0
[2023-10-17T11:20:26.790+0000] {taskinstance.py:2778} INFO - 0 downstream tasks scheduled from follow-on schedule check
[2023-10-18T10:48:14.894+0000] {taskinstance.py:1159} INFO - Dependencies all met for dep_context=non-requeueable deps ti=<TaskInstance: copy_tranform_to_mongo.waiting_for_data scheduled__2021-09-14T00:00:00+00:00 [queued]>
[2023-10-18T10:48:14.909+0000] {taskinstance.py:1159} INFO - Dependencies all met for dep_context=requeueable deps ti=<TaskInstance: copy_tranform_to_mongo.waiting_for_data scheduled__2021-09-14T00:00:00+00:00 [queued]>
[2023-10-18T10:48:14.910+0000] {taskinstance.py:1361} INFO - Starting attempt 1 of 1
[2023-10-18T10:48:14.935+0000] {taskinstance.py:1382} INFO - Executing <Task(FileSensor): waiting_for_data> on 2021-09-14 00:00:00+00:00
[2023-10-18T10:48:14.945+0000] {standard_task_runner.py:57} INFO - Started process 2097 to run task
[2023-10-18T10:48:14.952+0000] {standard_task_runner.py:84} INFO - Running: ['***', 'tasks', 'run', 'copy_tranform_to_mongo', 'waiting_for_data', 'scheduled__2021-09-14T00:00:00+00:00', '--job-id', '313', '--raw', '--subdir', 'DAGS_FOLDER/file_***-mongo.py', '--cfg-path', '/tmp/tmp2b7t1xfn']
[2023-10-18T10:48:14.953+0000] {standard_task_runner.py:85} INFO - Job 313: Subtask waiting_for_data
[2023-10-18T10:48:15.024+0000] {task_command.py:416} INFO - Running <TaskInstance: copy_tranform_to_mongo.waiting_for_data scheduled__2021-09-14T00:00:00+00:00 [running]> on host 2473b23ba069
[2023-10-18T10:48:15.121+0000] {taskinstance.py:1662} INFO - Exporting env vars: AIRFLOW_CTX_DAG_OWNER='***' AIRFLOW_CTX_DAG_ID='copy_tranform_to_mongo' AIRFLOW_CTX_TASK_ID='waiting_for_data' AIRFLOW_CTX_EXECUTION_DATE='2021-09-14T00:00:00+00:00' AIRFLOW_CTX_TRY_NUMBER='1' AIRFLOW_CTX_DAG_RUN_ID='scheduled__2021-09-14T00:00:00+00:00'
[2023-10-18T10:48:15.134+0000] {base.py:73} INFO - Using connection ID 'fs_default' for task execution.
[2023-10-18T10:48:15.134+0000] {filesystem.py:64} INFO - Poking for file /opt/in/tiktok_google_play_reviews.csv
[2023-10-18T10:48:15.135+0000] {filesystem.py:69} INFO - Found File /opt/in/tiktok_google_play_reviews.csv last modified: 20220405221612
[2023-10-18T10:48:15.136+0000] {base.py:287} INFO - Success criteria met. Exiting.
[2023-10-18T10:48:15.148+0000] {taskinstance.py:1400} INFO - Marking task as SUCCESS. dag_id=copy_tranform_to_mongo, task_id=waiting_for_data, execution_date=20210914T000000, start_date=20231018T104814, end_date=20231018T104815
[2023-10-18T10:48:15.202+0000] {local_task_job_runner.py:228} INFO - Task exited with return code 0
[2023-10-18T10:48:15.232+0000] {taskinstance.py:2778} INFO - 1 downstream tasks scheduled from follow-on schedule check
[2023-10-18T11:44:50.340+0000] {taskinstance.py:1159} INFO - Dependencies all met for dep_context=non-requeueable deps ti=<TaskInstance: copy_tranform_to_mongo.waiting_for_data scheduled__2021-09-14T00:00:00+00:00 [queued]>
[2023-10-18T11:44:50.352+0000] {taskinstance.py:1159} INFO - Dependencies all met for dep_context=requeueable deps ti=<TaskInstance: copy_tranform_to_mongo.waiting_for_data scheduled__2021-09-14T00:00:00+00:00 [queued]>
[2023-10-18T11:44:50.352+0000] {taskinstance.py:1361} INFO - Starting attempt 1 of 1
[2023-10-18T11:44:50.414+0000] {taskinstance.py:1382} INFO - Executing <Task(FileSensor): waiting_for_data> on 2021-09-14 00:00:00+00:00
[2023-10-18T11:44:50.422+0000] {standard_task_runner.py:57} INFO - Started process 1501 to run task
[2023-10-18T11:44:50.424+0000] {standard_task_runner.py:84} INFO - Running: ['***', 'tasks', 'run', 'copy_tranform_to_mongo', 'waiting_for_data', 'scheduled__2021-09-14T00:00:00+00:00', '--job-id', '476', '--raw', '--subdir', 'DAGS_FOLDER/file_***-mongo.py', '--cfg-path', '/tmp/tmpnbwj1y36']
[2023-10-18T11:44:50.425+0000] {standard_task_runner.py:85} INFO - Job 476: Subtask waiting_for_data
[2023-10-18T11:44:50.525+0000] {task_command.py:416} INFO - Running <TaskInstance: copy_tranform_to_mongo.waiting_for_data scheduled__2021-09-14T00:00:00+00:00 [running]> on host 0e68aa52dfc7
[2023-10-18T11:44:50.615+0000] {taskinstance.py:1662} INFO - Exporting env vars: AIRFLOW_CTX_DAG_OWNER='***' AIRFLOW_CTX_DAG_ID='copy_tranform_to_mongo' AIRFLOW_CTX_TASK_ID='waiting_for_data' AIRFLOW_CTX_EXECUTION_DATE='2021-09-14T00:00:00+00:00' AIRFLOW_CTX_TRY_NUMBER='1' AIRFLOW_CTX_DAG_RUN_ID='scheduled__2021-09-14T00:00:00+00:00'
[2023-10-18T11:44:50.628+0000] {base.py:73} INFO - Using connection ID 'fs_default' for task execution.
[2023-10-18T11:44:50.629+0000] {filesystem.py:64} INFO - Poking for file /opt/in/tiktok_google_play_reviews.csv
[2023-10-18T11:44:50.629+0000] {filesystem.py:69} INFO - Found File /opt/in/tiktok_google_play_reviews.csv last modified: 20220405221612
[2023-10-18T11:44:50.629+0000] {base.py:287} INFO - Success criteria met. Exiting.
[2023-10-18T11:44:50.642+0000] {taskinstance.py:1400} INFO - Marking task as SUCCESS. dag_id=copy_tranform_to_mongo, task_id=waiting_for_data, execution_date=20210914T000000, start_date=20231018T114450, end_date=20231018T114450
[2023-10-18T11:44:50.678+0000] {local_task_job_runner.py:228} INFO - Task exited with return code 0
[2023-10-18T11:44:50.735+0000] {taskinstance.py:2778} INFO - 0 downstream tasks scheduled from follow-on schedule check
