[2023-10-17T11:23:45.062+0000] {taskinstance.py:1159} INFO - Dependencies all met for dep_context=non-requeueable deps ti=<TaskInstance: copy_tranform_to_mongo.waiting_for_data scheduled__2022-09-05T00:00:00+00:00 [queued]>
[2023-10-17T11:23:45.073+0000] {taskinstance.py:1159} INFO - Dependencies all met for dep_context=requeueable deps ti=<TaskInstance: copy_tranform_to_mongo.waiting_for_data scheduled__2022-09-05T00:00:00+00:00 [queued]>
[2023-10-17T11:23:45.073+0000] {taskinstance.py:1361} INFO - Starting attempt 1 of 1
[2023-10-17T11:23:45.086+0000] {taskinstance.py:1382} INFO - Executing <Task(FileSensor): waiting_for_data> on 2022-09-05 00:00:00+00:00
[2023-10-17T11:23:45.094+0000] {standard_task_runner.py:57} INFO - Started process 1722 to run task
[2023-10-17T11:23:45.096+0000] {standard_task_runner.py:84} INFO - Running: ['***', 'tasks', 'run', 'copy_tranform_to_mongo', 'waiting_for_data', 'scheduled__2022-09-05T00:00:00+00:00', '--job-id', '617', '--raw', '--subdir', 'DAGS_FOLDER/file_***-mongo.py', '--cfg-path', '/tmp/tmp2v7gtjw4']
[2023-10-17T11:23:45.097+0000] {standard_task_runner.py:85} INFO - Job 617: Subtask waiting_for_data
[2023-10-17T11:23:45.138+0000] {task_command.py:416} INFO - Running <TaskInstance: copy_tranform_to_mongo.waiting_for_data scheduled__2022-09-05T00:00:00+00:00 [running]> on host 238c1d4ff767
[2023-10-17T11:23:45.199+0000] {taskinstance.py:1662} INFO - Exporting env vars: AIRFLOW_CTX_DAG_OWNER='***' AIRFLOW_CTX_DAG_ID='copy_tranform_to_mongo' AIRFLOW_CTX_TASK_ID='waiting_for_data' AIRFLOW_CTX_EXECUTION_DATE='2022-09-05T00:00:00+00:00' AIRFLOW_CTX_TRY_NUMBER='1' AIRFLOW_CTX_DAG_RUN_ID='scheduled__2022-09-05T00:00:00+00:00'
[2023-10-17T11:23:45.207+0000] {base.py:73} INFO - Using connection ID 'fs_default' for task execution.
[2023-10-17T11:23:45.208+0000] {filesystem.py:64} INFO - Poking for file /opt/in/tiktok_google_play_reviews.csv
[2023-10-17T11:23:45.208+0000] {filesystem.py:69} INFO - Found File /opt/in/tiktok_google_play_reviews.csv last modified: 20220405221612
[2023-10-17T11:23:45.208+0000] {base.py:287} INFO - Success criteria met. Exiting.
[2023-10-17T11:23:45.216+0000] {taskinstance.py:1400} INFO - Marking task as SUCCESS. dag_id=copy_tranform_to_mongo, task_id=waiting_for_data, execution_date=20220905T000000, start_date=20231017T112345, end_date=20231017T112345
[2023-10-17T11:23:45.269+0000] {local_task_job_runner.py:228} INFO - Task exited with return code 0
[2023-10-17T11:23:45.281+0000] {taskinstance.py:2778} INFO - 0 downstream tasks scheduled from follow-on schedule check
[2023-10-18T11:48:27.029+0000] {taskinstance.py:1159} INFO - Dependencies all met for dep_context=non-requeueable deps ti=<TaskInstance: copy_tranform_to_mongo.waiting_for_data scheduled__2022-09-05T00:00:00+00:00 [queued]>
[2023-10-18T11:48:27.041+0000] {taskinstance.py:1159} INFO - Dependencies all met for dep_context=requeueable deps ti=<TaskInstance: copy_tranform_to_mongo.waiting_for_data scheduled__2022-09-05T00:00:00+00:00 [queued]>
[2023-10-18T11:48:27.041+0000] {taskinstance.py:1361} INFO - Starting attempt 1 of 1
[2023-10-18T11:48:27.060+0000] {taskinstance.py:1382} INFO - Executing <Task(FileSensor): waiting_for_data> on 2022-09-05 00:00:00+00:00
[2023-10-18T11:48:27.072+0000] {standard_task_runner.py:57} INFO - Started process 2981 to run task
[2023-10-18T11:48:27.078+0000] {standard_task_runner.py:84} INFO - Running: ['***', 'tasks', 'run', 'copy_tranform_to_mongo', 'waiting_for_data', 'scheduled__2022-09-05T00:00:00+00:00', '--job-id', '1187', '--raw', '--subdir', 'DAGS_FOLDER/file_***-mongo.py', '--cfg-path', '/tmp/tmpfo130j6b']
[2023-10-18T11:48:27.080+0000] {standard_task_runner.py:85} INFO - Job 1187: Subtask waiting_for_data
[2023-10-18T11:48:27.138+0000] {task_command.py:416} INFO - Running <TaskInstance: copy_tranform_to_mongo.waiting_for_data scheduled__2022-09-05T00:00:00+00:00 [running]> on host 0e68aa52dfc7
[2023-10-18T11:48:27.230+0000] {taskinstance.py:1662} INFO - Exporting env vars: AIRFLOW_CTX_DAG_OWNER='***' AIRFLOW_CTX_DAG_ID='copy_tranform_to_mongo' AIRFLOW_CTX_TASK_ID='waiting_for_data' AIRFLOW_CTX_EXECUTION_DATE='2022-09-05T00:00:00+00:00' AIRFLOW_CTX_TRY_NUMBER='1' AIRFLOW_CTX_DAG_RUN_ID='scheduled__2022-09-05T00:00:00+00:00'
[2023-10-18T11:48:27.244+0000] {base.py:73} INFO - Using connection ID 'fs_default' for task execution.
[2023-10-18T11:48:27.244+0000] {filesystem.py:64} INFO - Poking for file /opt/in/tiktok_google_play_reviews.csv
[2023-10-18T11:48:27.244+0000] {filesystem.py:69} INFO - Found File /opt/in/tiktok_google_play_reviews.csv last modified: 20220405221612
[2023-10-18T11:48:27.244+0000] {base.py:287} INFO - Success criteria met. Exiting.
[2023-10-18T11:48:27.256+0000] {taskinstance.py:1400} INFO - Marking task as SUCCESS. dag_id=copy_tranform_to_mongo, task_id=waiting_for_data, execution_date=20220905T000000, start_date=20231018T114827, end_date=20231018T114827
[2023-10-18T11:48:27.297+0000] {local_task_job_runner.py:228} INFO - Task exited with return code 0
[2023-10-18T11:48:27.327+0000] {taskinstance.py:2778} INFO - 1 downstream tasks scheduled from follow-on schedule check
