[2023-10-17T11:19:27.184+0000] {taskinstance.py:1159} INFO - Dependencies all met for dep_context=non-requeueable deps ti=<TaskInstance: copy_tranform_to_mongo.waiting_for_data scheduled__2021-04-20T00:00:00+00:00 [queued]>
[2023-10-17T11:19:27.195+0000] {taskinstance.py:1159} INFO - Dependencies all met for dep_context=requeueable deps ti=<TaskInstance: copy_tranform_to_mongo.waiting_for_data scheduled__2021-04-20T00:00:00+00:00 [queued]>
[2023-10-17T11:19:27.195+0000] {taskinstance.py:1361} INFO - Starting attempt 1 of 1
[2023-10-17T11:19:27.209+0000] {taskinstance.py:1382} INFO - Executing <Task(FileSensor): waiting_for_data> on 2021-04-20 00:00:00+00:00
[2023-10-17T11:19:27.216+0000] {standard_task_runner.py:57} INFO - Started process 654 to run task
[2023-10-17T11:19:27.218+0000] {standard_task_runner.py:84} INFO - Running: ['***', 'tasks', 'run', 'copy_tranform_to_mongo', 'waiting_for_data', 'scheduled__2021-04-20T00:00:00+00:00', '--job-id', '114', '--raw', '--subdir', 'DAGS_FOLDER/file_***-mongo.py', '--cfg-path', '/tmp/tmphw9ucax3']
[2023-10-17T11:19:27.220+0000] {standard_task_runner.py:85} INFO - Job 114: Subtask waiting_for_data
[2023-10-17T11:19:27.265+0000] {task_command.py:416} INFO - Running <TaskInstance: copy_tranform_to_mongo.waiting_for_data scheduled__2021-04-20T00:00:00+00:00 [running]> on host 238c1d4ff767
[2023-10-17T11:19:27.343+0000] {taskinstance.py:1662} INFO - Exporting env vars: AIRFLOW_CTX_DAG_OWNER='***' AIRFLOW_CTX_DAG_ID='copy_tranform_to_mongo' AIRFLOW_CTX_TASK_ID='waiting_for_data' AIRFLOW_CTX_EXECUTION_DATE='2021-04-20T00:00:00+00:00' AIRFLOW_CTX_TRY_NUMBER='1' AIRFLOW_CTX_DAG_RUN_ID='scheduled__2021-04-20T00:00:00+00:00'
[2023-10-17T11:19:27.353+0000] {base.py:73} INFO - Using connection ID 'fs_default' for task execution.
[2023-10-17T11:19:27.353+0000] {filesystem.py:64} INFO - Poking for file /opt/in/tiktok_google_play_reviews.csv
[2023-10-17T11:19:27.354+0000] {filesystem.py:69} INFO - Found File /opt/in/tiktok_google_play_reviews.csv last modified: 20220405221612
[2023-10-17T11:19:27.354+0000] {base.py:287} INFO - Success criteria met. Exiting.
[2023-10-17T11:19:27.364+0000] {taskinstance.py:1400} INFO - Marking task as SUCCESS. dag_id=copy_tranform_to_mongo, task_id=waiting_for_data, execution_date=20210420T000000, start_date=20231017T111927, end_date=20231017T111927
[2023-10-17T11:19:27.390+0000] {local_task_job_runner.py:228} INFO - Task exited with return code 0
[2023-10-17T11:19:27.448+0000] {taskinstance.py:2778} INFO - 0 downstream tasks scheduled from follow-on schedule check
[2023-10-18T10:42:57.889+0000] {taskinstance.py:1159} INFO - Dependencies all met for dep_context=non-requeueable deps ti=<TaskInstance: copy_tranform_to_mongo.waiting_for_data scheduled__2021-04-20T00:00:00+00:00 [queued]>
[2023-10-18T10:42:57.895+0000] {taskinstance.py:1159} INFO - Dependencies all met for dep_context=requeueable deps ti=<TaskInstance: copy_tranform_to_mongo.waiting_for_data scheduled__2021-04-20T00:00:00+00:00 [queued]>
[2023-10-18T10:42:57.896+0000] {taskinstance.py:1361} INFO - Starting attempt 1 of 1
[2023-10-18T10:42:57.956+0000] {taskinstance.py:1382} INFO - Executing <Task(FileSensor): waiting_for_data> on 2021-04-20 00:00:00+00:00
[2023-10-18T10:42:57.961+0000] {standard_task_runner.py:57} INFO - Started process 1616 to run task
[2023-10-18T10:42:57.964+0000] {standard_task_runner.py:84} INFO - Running: ['***', 'tasks', 'run', 'copy_tranform_to_mongo', 'waiting_for_data', 'scheduled__2021-04-20T00:00:00+00:00', '--job-id', '113', '--raw', '--subdir', 'DAGS_FOLDER/file_***-mongo.py', '--cfg-path', '/tmp/tmpkh3ecnl5']
[2023-10-18T10:42:57.966+0000] {standard_task_runner.py:85} INFO - Job 113: Subtask waiting_for_data
[2023-10-18T10:42:58.020+0000] {task_command.py:416} INFO - Running <TaskInstance: copy_tranform_to_mongo.waiting_for_data scheduled__2021-04-20T00:00:00+00:00 [running]> on host 2473b23ba069
[2023-10-18T10:42:58.092+0000] {taskinstance.py:1662} INFO - Exporting env vars: AIRFLOW_CTX_DAG_OWNER='***' AIRFLOW_CTX_DAG_ID='copy_tranform_to_mongo' AIRFLOW_CTX_TASK_ID='waiting_for_data' AIRFLOW_CTX_EXECUTION_DATE='2021-04-20T00:00:00+00:00' AIRFLOW_CTX_TRY_NUMBER='1' AIRFLOW_CTX_DAG_RUN_ID='scheduled__2021-04-20T00:00:00+00:00'
[2023-10-18T10:42:58.110+0000] {taskinstance.py:1937} ERROR - Task failed with exception
Traceback (most recent call last):
  File "/home/airflow/.local/lib/python3.8/site-packages/airflow/sensors/base.py", line 257, in execute
    raise e
  File "/home/airflow/.local/lib/python3.8/site-packages/airflow/sensors/base.py", line 239, in execute
    poke_return = self.poke(context)
  File "/home/airflow/.local/lib/python3.8/site-packages/airflow/sensors/filesystem.py", line 61, in poke
    hook = FSHook(self.fs_conn_id)
  File "/home/airflow/.local/lib/python3.8/site-packages/airflow/hooks/filesystem.py", line 38, in __init__
    conn = self.get_connection(conn_id)
  File "/home/airflow/.local/lib/python3.8/site-packages/airflow/hooks/base.py", line 72, in get_connection
    conn = Connection.get_connection_from_secrets(conn_id)
  File "/home/airflow/.local/lib/python3.8/site-packages/airflow/models/connection.py", line 477, in get_connection_from_secrets
    raise AirflowNotFoundException(f"The conn_id `{conn_id}` isn't defined")
airflow.exceptions.AirflowNotFoundException: The conn_id `fs_default` isn't defined
[2023-10-18T10:42:58.114+0000] {taskinstance.py:1400} INFO - Marking task as FAILED. dag_id=copy_tranform_to_mongo, task_id=waiting_for_data, execution_date=20210420T000000, start_date=20231018T104257, end_date=20231018T104258
[2023-10-18T10:42:58.127+0000] {standard_task_runner.py:104} ERROR - Failed to execute job 113 for task waiting_for_data (The conn_id `fs_default` isn't defined; 1616)
[2023-10-18T10:42:58.137+0000] {local_task_job_runner.py:228} INFO - Task exited with return code 1
[2023-10-18T10:42:58.160+0000] {taskinstance.py:2778} INFO - 0 downstream tasks scheduled from follow-on schedule check
[2023-10-18T11:17:32.282+0000] {taskinstance.py:1159} INFO - Dependencies all met for dep_context=non-requeueable deps ti=<TaskInstance: copy_tranform_to_mongo.waiting_for_data scheduled__2021-04-20T00:00:00+00:00 [queued]>
[2023-10-18T11:17:32.293+0000] {taskinstance.py:1159} INFO - Dependencies all met for dep_context=requeueable deps ti=<TaskInstance: copy_tranform_to_mongo.waiting_for_data scheduled__2021-04-20T00:00:00+00:00 [queued]>
[2023-10-18T11:17:32.294+0000] {taskinstance.py:1361} INFO - Starting attempt 1 of 1
[2023-10-18T11:17:32.310+0000] {taskinstance.py:1382} INFO - Executing <Task(FileSensor): waiting_for_data> on 2021-04-20 00:00:00+00:00
[2023-10-18T11:17:32.317+0000] {standard_task_runner.py:57} INFO - Started process 492 to run task
[2023-10-18T11:17:32.319+0000] {standard_task_runner.py:84} INFO - Running: ['***', 'tasks', 'run', 'copy_tranform_to_mongo', 'waiting_for_data', 'scheduled__2021-04-20T00:00:00+00:00', '--job-id', '181', '--raw', '--subdir', 'DAGS_FOLDER/file_***-mongo.py', '--cfg-path', '/tmp/tmpgx82ihy8']
[2023-10-18T11:17:32.320+0000] {standard_task_runner.py:85} INFO - Job 181: Subtask waiting_for_data
[2023-10-18T11:17:32.358+0000] {task_command.py:416} INFO - Running <TaskInstance: copy_tranform_to_mongo.waiting_for_data scheduled__2021-04-20T00:00:00+00:00 [running]> on host 0e68aa52dfc7
[2023-10-18T11:17:32.417+0000] {taskinstance.py:1662} INFO - Exporting env vars: AIRFLOW_CTX_DAG_OWNER='***' AIRFLOW_CTX_DAG_ID='copy_tranform_to_mongo' AIRFLOW_CTX_TASK_ID='waiting_for_data' AIRFLOW_CTX_EXECUTION_DATE='2021-04-20T00:00:00+00:00' AIRFLOW_CTX_TRY_NUMBER='1' AIRFLOW_CTX_DAG_RUN_ID='scheduled__2021-04-20T00:00:00+00:00'
[2023-10-18T11:17:32.425+0000] {base.py:73} INFO - Using connection ID 'fs_default' for task execution.
[2023-10-18T11:17:32.426+0000] {filesystem.py:64} INFO - Poking for file /opt/in/tiktok_google_play_reviews.csv
[2023-10-18T11:17:32.426+0000] {filesystem.py:69} INFO - Found File /opt/in/tiktok_google_play_reviews.csv last modified: 20220405221612
[2023-10-18T11:17:32.426+0000] {base.py:287} INFO - Success criteria met. Exiting.
[2023-10-18T11:17:32.434+0000] {taskinstance.py:1400} INFO - Marking task as SUCCESS. dag_id=copy_tranform_to_mongo, task_id=waiting_for_data, execution_date=20210420T000000, start_date=20231018T111732, end_date=20231018T111732
[2023-10-18T11:17:32.451+0000] {local_task_job_runner.py:228} INFO - Task exited with return code 0
[2023-10-18T11:17:32.470+0000] {taskinstance.py:2778} INFO - 1 downstream tasks scheduled from follow-on schedule check
[2023-10-19T12:22:15.008+0000] {taskinstance.py:1159} INFO - Dependencies all met for dep_context=non-requeueable deps ti=<TaskInstance: copy_tranform_to_mongo.waiting_for_data scheduled__2021-04-20T00:00:00+00:00 [queued]>
[2023-10-19T12:22:15.045+0000] {taskinstance.py:1159} INFO - Dependencies all met for dep_context=requeueable deps ti=<TaskInstance: copy_tranform_to_mongo.waiting_for_data scheduled__2021-04-20T00:00:00+00:00 [queued]>
[2023-10-19T12:22:15.048+0000] {taskinstance.py:1361} INFO - Starting attempt 1 of 1
[2023-10-19T12:22:15.088+0000] {taskinstance.py:1382} INFO - Executing <Task(FileSensor): waiting_for_data> on 2021-04-20 00:00:00+00:00
[2023-10-19T12:22:15.148+0000] {standard_task_runner.py:57} INFO - Started process 701 to run task
[2023-10-19T12:22:15.161+0000] {standard_task_runner.py:84} INFO - Running: ['***', 'tasks', 'run', 'copy_tranform_to_mongo', 'waiting_for_data', 'scheduled__2021-04-20T00:00:00+00:00', '--job-id', '178', '--raw', '--subdir', 'DAGS_FOLDER/file_***-mongo.py', '--cfg-path', '/tmp/tmpmieznjgw']
[2023-10-19T12:22:15.162+0000] {standard_task_runner.py:85} INFO - Job 178: Subtask waiting_for_data
[2023-10-19T12:22:15.289+0000] {task_command.py:416} INFO - Running <TaskInstance: copy_tranform_to_mongo.waiting_for_data scheduled__2021-04-20T00:00:00+00:00 [running]> on host 6f5df7fea6fd
[2023-10-19T12:22:15.599+0000] {taskinstance.py:1662} INFO - Exporting env vars: AIRFLOW_CTX_DAG_OWNER='***' AIRFLOW_CTX_DAG_ID='copy_tranform_to_mongo' AIRFLOW_CTX_TASK_ID='waiting_for_data' AIRFLOW_CTX_EXECUTION_DATE='2021-04-20T00:00:00+00:00' AIRFLOW_CTX_TRY_NUMBER='1' AIRFLOW_CTX_DAG_RUN_ID='scheduled__2021-04-20T00:00:00+00:00'
[2023-10-19T12:22:15.629+0000] {base.py:73} INFO - Using connection ID 'fs_default' for task execution.
[2023-10-19T12:22:15.629+0000] {filesystem.py:64} INFO - Poking for file /opt/in/tiktok_google_play_reviews.csv
[2023-10-19T12:22:15.630+0000] {filesystem.py:69} INFO - Found File /opt/in/tiktok_google_play_reviews.csv last modified: 20220405221612
[2023-10-19T12:22:15.630+0000] {base.py:287} INFO - Success criteria met. Exiting.
[2023-10-19T12:22:15.643+0000] {taskinstance.py:1400} INFO - Marking task as SUCCESS. dag_id=copy_tranform_to_mongo, task_id=waiting_for_data, execution_date=20210420T000000, start_date=20231019T122215, end_date=20231019T122215
[2023-10-19T12:22:15.685+0000] {local_task_job_runner.py:228} INFO - Task exited with return code 0
[2023-10-19T12:22:15.724+0000] {taskinstance.py:2778} INFO - 1 downstream tasks scheduled from follow-on schedule check
