[2023-10-17T11:24:30.467+0000] {taskinstance.py:1159} INFO - Dependencies all met for dep_context=non-requeueable deps ti=<TaskInstance: copy_tranform_to_mongo.waiting_for_data scheduled__2022-11-20T00:00:00+00:00 [queued]>
[2023-10-17T11:24:30.473+0000] {taskinstance.py:1159} INFO - Dependencies all met for dep_context=requeueable deps ti=<TaskInstance: copy_tranform_to_mongo.waiting_for_data scheduled__2022-11-20T00:00:00+00:00 [queued]>
[2023-10-17T11:24:30.473+0000] {taskinstance.py:1361} INFO - Starting attempt 1 of 1
[2023-10-17T11:24:30.481+0000] {taskinstance.py:1382} INFO - Executing <Task(FileSensor): waiting_for_data> on 2022-11-20 00:00:00+00:00
[2023-10-17T11:24:30.486+0000] {standard_task_runner.py:57} INFO - Started process 1880 to run task
[2023-10-17T11:24:30.488+0000] {standard_task_runner.py:84} INFO - Running: ['***', 'tasks', 'run', 'copy_tranform_to_mongo', 'waiting_for_data', 'scheduled__2022-11-20T00:00:00+00:00', '--job-id', '693', '--raw', '--subdir', 'DAGS_FOLDER/file_***-mongo.py', '--cfg-path', '/tmp/tmpb1_93_0k']
[2023-10-17T11:24:30.488+0000] {standard_task_runner.py:85} INFO - Job 693: Subtask waiting_for_data
[2023-10-17T11:24:30.518+0000] {task_command.py:416} INFO - Running <TaskInstance: copy_tranform_to_mongo.waiting_for_data scheduled__2022-11-20T00:00:00+00:00 [running]> on host 238c1d4ff767
[2023-10-17T11:24:30.570+0000] {taskinstance.py:1662} INFO - Exporting env vars: AIRFLOW_CTX_DAG_OWNER='***' AIRFLOW_CTX_DAG_ID='copy_tranform_to_mongo' AIRFLOW_CTX_TASK_ID='waiting_for_data' AIRFLOW_CTX_EXECUTION_DATE='2022-11-20T00:00:00+00:00' AIRFLOW_CTX_TRY_NUMBER='1' AIRFLOW_CTX_DAG_RUN_ID='scheduled__2022-11-20T00:00:00+00:00'
[2023-10-17T11:24:30.576+0000] {base.py:73} INFO - Using connection ID 'fs_default' for task execution.
[2023-10-17T11:24:30.576+0000] {filesystem.py:64} INFO - Poking for file /opt/in/tiktok_google_play_reviews.csv
[2023-10-17T11:24:30.576+0000] {filesystem.py:69} INFO - Found File /opt/in/tiktok_google_play_reviews.csv last modified: 20220405221612
[2023-10-17T11:24:30.576+0000] {base.py:287} INFO - Success criteria met. Exiting.
[2023-10-17T11:24:30.583+0000] {taskinstance.py:1400} INFO - Marking task as SUCCESS. dag_id=copy_tranform_to_mongo, task_id=waiting_for_data, execution_date=20221120T000000, start_date=20231017T112430, end_date=20231017T112430
[2023-10-17T11:24:30.620+0000] {local_task_job_runner.py:228} INFO - Task exited with return code 0
[2023-10-17T11:24:30.645+0000] {taskinstance.py:2778} INFO - 0 downstream tasks scheduled from follow-on schedule check
[2023-10-18T11:49:12.432+0000] {taskinstance.py:1159} INFO - Dependencies all met for dep_context=non-requeueable deps ti=<TaskInstance: copy_tranform_to_mongo.waiting_for_data scheduled__2022-11-20T00:00:00+00:00 [queued]>
[2023-10-18T11:49:12.444+0000] {taskinstance.py:1159} INFO - Dependencies all met for dep_context=requeueable deps ti=<TaskInstance: copy_tranform_to_mongo.waiting_for_data scheduled__2022-11-20T00:00:00+00:00 [queued]>
[2023-10-18T11:49:12.445+0000] {taskinstance.py:1361} INFO - Starting attempt 1 of 1
[2023-10-18T11:49:12.468+0000] {taskinstance.py:1382} INFO - Executing <Task(FileSensor): waiting_for_data> on 2022-11-20 00:00:00+00:00
[2023-10-18T11:49:12.482+0000] {standard_task_runner.py:57} INFO - Started process 3299 to run task
[2023-10-18T11:49:12.488+0000] {standard_task_runner.py:84} INFO - Running: ['***', 'tasks', 'run', 'copy_tranform_to_mongo', 'waiting_for_data', 'scheduled__2022-11-20T00:00:00+00:00', '--job-id', '1337', '--raw', '--subdir', 'DAGS_FOLDER/file_***-mongo.py', '--cfg-path', '/tmp/tmparukn3g4']
[2023-10-18T11:49:12.489+0000] {standard_task_runner.py:85} INFO - Job 1337: Subtask waiting_for_data
[2023-10-18T11:49:12.553+0000] {task_command.py:416} INFO - Running <TaskInstance: copy_tranform_to_mongo.waiting_for_data scheduled__2022-11-20T00:00:00+00:00 [running]> on host 0e68aa52dfc7
[2023-10-18T11:49:12.735+0000] {taskinstance.py:1662} INFO - Exporting env vars: AIRFLOW_CTX_DAG_OWNER='***' AIRFLOW_CTX_DAG_ID='copy_tranform_to_mongo' AIRFLOW_CTX_TASK_ID='waiting_for_data' AIRFLOW_CTX_EXECUTION_DATE='2022-11-20T00:00:00+00:00' AIRFLOW_CTX_TRY_NUMBER='1' AIRFLOW_CTX_DAG_RUN_ID='scheduled__2022-11-20T00:00:00+00:00'
[2023-10-18T11:49:12.750+0000] {base.py:73} INFO - Using connection ID 'fs_default' for task execution.
[2023-10-18T11:49:12.756+0000] {filesystem.py:64} INFO - Poking for file /opt/in/tiktok_google_play_reviews.csv
[2023-10-18T11:49:12.757+0000] {filesystem.py:69} INFO - Found File /opt/in/tiktok_google_play_reviews.csv last modified: 20220405221612
[2023-10-18T11:49:12.759+0000] {base.py:287} INFO - Success criteria met. Exiting.
[2023-10-18T11:49:12.795+0000] {taskinstance.py:1400} INFO - Marking task as SUCCESS. dag_id=copy_tranform_to_mongo, task_id=waiting_for_data, execution_date=20221120T000000, start_date=20231018T114912, end_date=20231018T114912
[2023-10-18T11:49:12.863+0000] {local_task_job_runner.py:228} INFO - Task exited with return code 0
[2023-10-18T11:49:12.962+0000] {taskinstance.py:2778} INFO - 0 downstream tasks scheduled from follow-on schedule check
