[2023-10-17T11:14:47.403+0000] {taskinstance.py:1159} INFO - Dependencies all met for dep_context=non-requeueable deps ti=<TaskInstance: copy_tranform_to_mongo.waiting_for_data scheduled__2021-01-12T00:00:00+00:00 [queued]>
[2023-10-17T11:14:47.413+0000] {taskinstance.py:1159} INFO - Dependencies all met for dep_context=requeueable deps ti=<TaskInstance: copy_tranform_to_mongo.waiting_for_data scheduled__2021-01-12T00:00:00+00:00 [queued]>
[2023-10-17T11:14:47.413+0000] {taskinstance.py:1361} INFO - Starting attempt 1 of 1
[2023-10-17T11:14:47.427+0000] {taskinstance.py:1382} INFO - Executing <Task(FileSensor): waiting_for_data> on 2021-01-12 00:00:00+00:00
[2023-10-17T11:14:47.433+0000] {standard_task_runner.py:57} INFO - Started process 379 to run task
[2023-10-17T11:14:47.435+0000] {standard_task_runner.py:84} INFO - Running: ['***', 'tasks', 'run', 'copy_tranform_to_mongo', 'waiting_for_data', 'scheduled__2021-01-12T00:00:00+00:00', '--job-id', '14', '--raw', '--subdir', 'DAGS_FOLDER/file_***-mongo.py', '--cfg-path', '/tmp/tmp83glycwt']
[2023-10-17T11:14:47.436+0000] {standard_task_runner.py:85} INFO - Job 14: Subtask waiting_for_data
[2023-10-17T11:14:47.474+0000] {task_command.py:416} INFO - Running <TaskInstance: copy_tranform_to_mongo.waiting_for_data scheduled__2021-01-12T00:00:00+00:00 [running]> on host 238c1d4ff767
[2023-10-17T11:14:47.535+0000] {taskinstance.py:1662} INFO - Exporting env vars: AIRFLOW_CTX_DAG_OWNER='***' AIRFLOW_CTX_DAG_ID='copy_tranform_to_mongo' AIRFLOW_CTX_TASK_ID='waiting_for_data' AIRFLOW_CTX_EXECUTION_DATE='2021-01-12T00:00:00+00:00' AIRFLOW_CTX_TRY_NUMBER='1' AIRFLOW_CTX_DAG_RUN_ID='scheduled__2021-01-12T00:00:00+00:00'
[2023-10-17T11:14:47.543+0000] {base.py:73} INFO - Using connection ID 'fs_default' for task execution.
[2023-10-17T11:14:47.543+0000] {filesystem.py:64} INFO - Poking for file /opt/in/in/tiktok_google_play_reviews.csv
[2023-10-17T11:15:47.614+0000] {base.py:73} INFO - Using connection ID 'fs_default' for task execution.
[2023-10-17T11:15:47.614+0000] {filesystem.py:64} INFO - Poking for file /opt/in/in/tiktok_google_play_reviews.csv
[2023-10-17T11:16:47.680+0000] {base.py:73} INFO - Using connection ID 'fs_default' for task execution.
[2023-10-17T11:16:47.681+0000] {filesystem.py:64} INFO - Poking for file /opt/in/in/tiktok_google_play_reviews.csv
[2023-10-17T11:17:47.744+0000] {base.py:73} INFO - Using connection ID 'fs_default' for task execution.
[2023-10-17T11:17:47.744+0000] {filesystem.py:64} INFO - Poking for file /opt/in/in/tiktok_google_play_reviews.csv
[2023-10-17T11:18:47.811+0000] {base.py:73} INFO - Using connection ID 'fs_default' for task execution.
[2023-10-17T11:18:47.811+0000] {filesystem.py:64} INFO - Poking for file /opt/in/tiktok_google_play_reviews.csv
[2023-10-17T11:18:47.811+0000] {filesystem.py:69} INFO - Found File /opt/in/tiktok_google_play_reviews.csv last modified: 20220405221612
[2023-10-17T11:18:47.811+0000] {base.py:287} INFO - Success criteria met. Exiting.
[2023-10-17T11:18:47.819+0000] {taskinstance.py:1400} INFO - Marking task as SUCCESS. dag_id=copy_tranform_to_mongo, task_id=waiting_for_data, execution_date=20210112T000000, start_date=20231017T111447, end_date=20231017T111847
[2023-10-17T11:18:47.871+0000] {local_task_job_runner.py:228} INFO - Task exited with return code 0
[2023-10-17T11:18:47.887+0000] {taskinstance.py:2778} INFO - 0 downstream tasks scheduled from follow-on schedule check
[2023-10-18T10:42:10.987+0000] {taskinstance.py:1159} INFO - Dependencies all met for dep_context=non-requeueable deps ti=<TaskInstance: copy_tranform_to_mongo.waiting_for_data scheduled__2021-01-12T00:00:00+00:00 [queued]>
[2023-10-18T10:42:10.997+0000] {taskinstance.py:1159} INFO - Dependencies all met for dep_context=requeueable deps ti=<TaskInstance: copy_tranform_to_mongo.waiting_for_data scheduled__2021-01-12T00:00:00+00:00 [queued]>
[2023-10-18T10:42:10.997+0000] {taskinstance.py:1361} INFO - Starting attempt 1 of 1
[2023-10-18T10:42:11.013+0000] {taskinstance.py:1382} INFO - Executing <Task(FileSensor): waiting_for_data> on 2021-01-12 00:00:00+00:00
[2023-10-18T10:42:11.024+0000] {standard_task_runner.py:57} INFO - Started process 1412 to run task
[2023-10-18T10:42:11.030+0000] {standard_task_runner.py:84} INFO - Running: ['***', 'tasks', 'run', 'copy_tranform_to_mongo', 'waiting_for_data', 'scheduled__2021-01-12T00:00:00+00:00', '--job-id', '15', '--raw', '--subdir', 'DAGS_FOLDER/file_***-mongo.py', '--cfg-path', '/tmp/tmp9if371_m']
[2023-10-18T10:42:11.031+0000] {standard_task_runner.py:85} INFO - Job 15: Subtask waiting_for_data
[2023-10-18T10:42:11.082+0000] {task_command.py:416} INFO - Running <TaskInstance: copy_tranform_to_mongo.waiting_for_data scheduled__2021-01-12T00:00:00+00:00 [running]> on host 2473b23ba069
[2023-10-18T10:42:11.174+0000] {taskinstance.py:1662} INFO - Exporting env vars: AIRFLOW_CTX_DAG_OWNER='***' AIRFLOW_CTX_DAG_ID='copy_tranform_to_mongo' AIRFLOW_CTX_TASK_ID='waiting_for_data' AIRFLOW_CTX_EXECUTION_DATE='2021-01-12T00:00:00+00:00' AIRFLOW_CTX_TRY_NUMBER='1' AIRFLOW_CTX_DAG_RUN_ID='scheduled__2021-01-12T00:00:00+00:00'
[2023-10-18T10:42:11.215+0000] {taskinstance.py:1937} ERROR - Task failed with exception
Traceback (most recent call last):
  File "/home/airflow/.local/lib/python3.8/site-packages/airflow/sensors/base.py", line 257, in execute
    raise e
  File "/home/airflow/.local/lib/python3.8/site-packages/airflow/sensors/base.py", line 239, in execute
    poke_return = self.poke(context)
  File "/home/airflow/.local/lib/python3.8/site-packages/airflow/sensors/filesystem.py", line 61, in poke
    hook = FSHook(self.fs_conn_id)
  File "/home/airflow/.local/lib/python3.8/site-packages/airflow/hooks/filesystem.py", line 38, in __init__
    conn = self.get_connection(conn_id)
  File "/home/airflow/.local/lib/python3.8/site-packages/airflow/hooks/base.py", line 72, in get_connection
    conn = Connection.get_connection_from_secrets(conn_id)
  File "/home/airflow/.local/lib/python3.8/site-packages/airflow/models/connection.py", line 477, in get_connection_from_secrets
    raise AirflowNotFoundException(f"The conn_id `{conn_id}` isn't defined")
airflow.exceptions.AirflowNotFoundException: The conn_id `fs_default` isn't defined
[2023-10-18T10:42:11.219+0000] {taskinstance.py:1400} INFO - Marking task as FAILED. dag_id=copy_tranform_to_mongo, task_id=waiting_for_data, execution_date=20210112T000000, start_date=20231018T104210, end_date=20231018T104211
[2023-10-18T10:42:11.236+0000] {standard_task_runner.py:104} ERROR - Failed to execute job 15 for task waiting_for_data (The conn_id `fs_default` isn't defined; 1412)
[2023-10-18T10:42:11.281+0000] {local_task_job_runner.py:228} INFO - Task exited with return code 1
[2023-10-18T10:42:11.312+0000] {taskinstance.py:2778} INFO - 0 downstream tasks scheduled from follow-on schedule check
[2023-10-18T11:14:41.013+0000] {taskinstance.py:1159} INFO - Dependencies all met for dep_context=non-requeueable deps ti=<TaskInstance: copy_tranform_to_mongo.waiting_for_data scheduled__2021-01-12T00:00:00+00:00 [queued]>
[2023-10-18T11:14:41.021+0000] {taskinstance.py:1159} INFO - Dependencies all met for dep_context=requeueable deps ti=<TaskInstance: copy_tranform_to_mongo.waiting_for_data scheduled__2021-01-12T00:00:00+00:00 [queued]>
[2023-10-18T11:14:41.021+0000] {taskinstance.py:1361} INFO - Starting attempt 1 of 1
[2023-10-18T11:14:41.034+0000] {taskinstance.py:1382} INFO - Executing <Task(FileSensor): waiting_for_data> on 2021-01-12 00:00:00+00:00
[2023-10-18T11:14:41.040+0000] {standard_task_runner.py:57} INFO - Started process 118 to run task
[2023-10-18T11:14:41.043+0000] {standard_task_runner.py:84} INFO - Running: ['***', 'tasks', 'run', 'copy_tranform_to_mongo', 'waiting_for_data', 'scheduled__2021-01-12T00:00:00+00:00', '--job-id', '14', '--raw', '--subdir', 'DAGS_FOLDER/file_***-mongo.py', '--cfg-path', '/tmp/tmp68orb7_x']
[2023-10-18T11:14:41.044+0000] {standard_task_runner.py:85} INFO - Job 14: Subtask waiting_for_data
[2023-10-18T11:14:41.093+0000] {task_command.py:416} INFO - Running <TaskInstance: copy_tranform_to_mongo.waiting_for_data scheduled__2021-01-12T00:00:00+00:00 [running]> on host 0e68aa52dfc7
[2023-10-18T11:14:41.165+0000] {taskinstance.py:1662} INFO - Exporting env vars: AIRFLOW_CTX_DAG_OWNER='***' AIRFLOW_CTX_DAG_ID='copy_tranform_to_mongo' AIRFLOW_CTX_TASK_ID='waiting_for_data' AIRFLOW_CTX_EXECUTION_DATE='2021-01-12T00:00:00+00:00' AIRFLOW_CTX_TRY_NUMBER='1' AIRFLOW_CTX_DAG_RUN_ID='scheduled__2021-01-12T00:00:00+00:00'
[2023-10-18T11:14:41.182+0000] {taskinstance.py:1937} ERROR - Task failed with exception
Traceback (most recent call last):
  File "/home/airflow/.local/lib/python3.8/site-packages/airflow/sensors/base.py", line 257, in execute
    raise e
  File "/home/airflow/.local/lib/python3.8/site-packages/airflow/sensors/base.py", line 239, in execute
    poke_return = self.poke(context)
  File "/home/airflow/.local/lib/python3.8/site-packages/airflow/sensors/filesystem.py", line 61, in poke
    hook = FSHook(self.fs_conn_id)
  File "/home/airflow/.local/lib/python3.8/site-packages/airflow/hooks/filesystem.py", line 38, in __init__
    conn = self.get_connection(conn_id)
  File "/home/airflow/.local/lib/python3.8/site-packages/airflow/hooks/base.py", line 72, in get_connection
    conn = Connection.get_connection_from_secrets(conn_id)
  File "/home/airflow/.local/lib/python3.8/site-packages/airflow/models/connection.py", line 477, in get_connection_from_secrets
    raise AirflowNotFoundException(f"The conn_id `{conn_id}` isn't defined")
airflow.exceptions.AirflowNotFoundException: The conn_id `fs_default` isn't defined
[2023-10-18T11:14:41.186+0000] {taskinstance.py:1400} INFO - Marking task as FAILED. dag_id=copy_tranform_to_mongo, task_id=waiting_for_data, execution_date=20210112T000000, start_date=20231018T111441, end_date=20231018T111441
[2023-10-18T11:14:41.201+0000] {standard_task_runner.py:104} ERROR - Failed to execute job 14 for task waiting_for_data (The conn_id `fs_default` isn't defined; 118)
[2023-10-18T11:14:41.217+0000] {local_task_job_runner.py:228} INFO - Task exited with return code 1
[2023-10-18T11:14:41.243+0000] {taskinstance.py:2778} INFO - 0 downstream tasks scheduled from follow-on schedule check
[2023-10-19T12:09:53.170+0000] {taskinstance.py:1159} INFO - Dependencies all met for dep_context=non-requeueable deps ti=<TaskInstance: copy_tranform_to_mongo.waiting_for_data scheduled__2021-01-12T00:00:00+00:00 [queued]>
[2023-10-19T12:09:53.179+0000] {taskinstance.py:1159} INFO - Dependencies all met for dep_context=requeueable deps ti=<TaskInstance: copy_tranform_to_mongo.waiting_for_data scheduled__2021-01-12T00:00:00+00:00 [queued]>
[2023-10-19T12:09:53.180+0000] {taskinstance.py:1361} INFO - Starting attempt 1 of 1
[2023-10-19T12:09:53.233+0000] {taskinstance.py:1382} INFO - Executing <Task(FileSensor): waiting_for_data> on 2021-01-12 00:00:00+00:00
[2023-10-19T12:09:53.240+0000] {standard_task_runner.py:57} INFO - Started process 181 to run task
[2023-10-19T12:09:53.243+0000] {standard_task_runner.py:84} INFO - Running: ['***', 'tasks', 'run', 'copy_tranform_to_mongo', 'waiting_for_data', 'scheduled__2021-01-12T00:00:00+00:00', '--job-id', '14', '--raw', '--subdir', 'DAGS_FOLDER/file_***-mongo.py', '--cfg-path', '/tmp/tmp1jz04ego']
[2023-10-19T12:09:53.244+0000] {standard_task_runner.py:85} INFO - Job 14: Subtask waiting_for_data
[2023-10-19T12:09:53.315+0000] {task_command.py:416} INFO - Running <TaskInstance: copy_tranform_to_mongo.waiting_for_data scheduled__2021-01-12T00:00:00+00:00 [running]> on host 6f5df7fea6fd
[2023-10-19T12:09:53.450+0000] {taskinstance.py:1662} INFO - Exporting env vars: AIRFLOW_CTX_DAG_OWNER='***' AIRFLOW_CTX_DAG_ID='copy_tranform_to_mongo' AIRFLOW_CTX_TASK_ID='waiting_for_data' AIRFLOW_CTX_EXECUTION_DATE='2021-01-12T00:00:00+00:00' AIRFLOW_CTX_TRY_NUMBER='1' AIRFLOW_CTX_DAG_RUN_ID='scheduled__2021-01-12T00:00:00+00:00'
[2023-10-19T12:09:53.493+0000] {taskinstance.py:1937} ERROR - Task failed with exception
Traceback (most recent call last):
  File "/home/airflow/.local/lib/python3.8/site-packages/airflow/sensors/base.py", line 257, in execute
    raise e
  File "/home/airflow/.local/lib/python3.8/site-packages/airflow/sensors/base.py", line 239, in execute
    poke_return = self.poke(context)
  File "/home/airflow/.local/lib/python3.8/site-packages/airflow/sensors/filesystem.py", line 61, in poke
    hook = FSHook(self.fs_conn_id)
  File "/home/airflow/.local/lib/python3.8/site-packages/airflow/hooks/filesystem.py", line 38, in __init__
    conn = self.get_connection(conn_id)
  File "/home/airflow/.local/lib/python3.8/site-packages/airflow/hooks/base.py", line 72, in get_connection
    conn = Connection.get_connection_from_secrets(conn_id)
  File "/home/airflow/.local/lib/python3.8/site-packages/airflow/models/connection.py", line 477, in get_connection_from_secrets
    raise AirflowNotFoundException(f"The conn_id `{conn_id}` isn't defined")
airflow.exceptions.AirflowNotFoundException: The conn_id `fs_default` isn't defined
[2023-10-19T12:09:53.498+0000] {taskinstance.py:1400} INFO - Marking task as FAILED. dag_id=copy_tranform_to_mongo, task_id=waiting_for_data, execution_date=20210112T000000, start_date=20231019T120953, end_date=20231019T120953
[2023-10-19T12:09:53.513+0000] {standard_task_runner.py:104} ERROR - Failed to execute job 14 for task waiting_for_data (The conn_id `fs_default` isn't defined; 181)
[2023-10-19T12:09:53.549+0000] {local_task_job_runner.py:228} INFO - Task exited with return code 1
[2023-10-19T12:09:53.593+0000] {taskinstance.py:2778} INFO - 0 downstream tasks scheduled from follow-on schedule check
[2023-10-19T13:03:23.564+0000] {taskinstance.py:1159} INFO - Dependencies all met for dep_context=non-requeueable deps ti=<TaskInstance: copy_tranform_to_mongo.waiting_for_data scheduled__2021-01-12T00:00:00+00:00 [queued]>
[2023-10-19T13:03:23.575+0000] {taskinstance.py:1159} INFO - Dependencies all met for dep_context=requeueable deps ti=<TaskInstance: copy_tranform_to_mongo.waiting_for_data scheduled__2021-01-12T00:00:00+00:00 [queued]>
[2023-10-19T13:03:23.576+0000] {taskinstance.py:1361} INFO - Starting attempt 1 of 1
[2023-10-19T13:03:23.601+0000] {taskinstance.py:1382} INFO - Executing <Task(FileSensor): waiting_for_data> on 2021-01-12 00:00:00+00:00
[2023-10-19T13:03:23.616+0000] {standard_task_runner.py:57} INFO - Started process 148 to run task
[2023-10-19T13:03:23.620+0000] {standard_task_runner.py:84} INFO - Running: ['***', 'tasks', 'run', 'copy_tranform_to_mongo', 'waiting_for_data', 'scheduled__2021-01-12T00:00:00+00:00', '--job-id', '22', '--raw', '--subdir', 'DAGS_FOLDER/file_***-mongo.py', '--cfg-path', '/tmp/tmpwve69ezc']
[2023-10-19T13:03:23.621+0000] {standard_task_runner.py:85} INFO - Job 22: Subtask waiting_for_data
[2023-10-19T13:03:23.738+0000] {task_command.py:416} INFO - Running <TaskInstance: copy_tranform_to_mongo.waiting_for_data scheduled__2021-01-12T00:00:00+00:00 [running]> on host f2b9ba520501
[2023-10-19T13:03:23.940+0000] {taskinstance.py:1662} INFO - Exporting env vars: AIRFLOW_CTX_DAG_OWNER='***' AIRFLOW_CTX_DAG_ID='copy_tranform_to_mongo' AIRFLOW_CTX_TASK_ID='waiting_for_data' AIRFLOW_CTX_EXECUTION_DATE='2021-01-12T00:00:00+00:00' AIRFLOW_CTX_TRY_NUMBER='1' AIRFLOW_CTX_DAG_RUN_ID='scheduled__2021-01-12T00:00:00+00:00'
[2023-10-19T13:03:23.993+0000] {base.py:73} INFO - Using connection ID 'fs_default' for task execution.
[2023-10-19T13:03:23.994+0000] {filesystem.py:64} INFO - Poking for file /opt/in/tiktok_google_play_reviews.csv
[2023-10-19T13:03:23.997+0000] {filesystem.py:69} INFO - Found File /opt/in/tiktok_google_play_reviews.csv last modified: 20220405221612
[2023-10-19T13:03:24.004+0000] {base.py:287} INFO - Success criteria met. Exiting.
[2023-10-19T13:03:24.048+0000] {taskinstance.py:1400} INFO - Marking task as SUCCESS. dag_id=copy_tranform_to_mongo, task_id=waiting_for_data, execution_date=20210112T000000, start_date=20231019T130323, end_date=20231019T130324
[2023-10-19T13:03:24.300+0000] {local_task_job_runner.py:228} INFO - Task exited with return code 0
[2023-10-19T13:03:24.362+0000] {taskinstance.py:2778} INFO - 1 downstream tasks scheduled from follow-on schedule check
