[2023-10-17T11:24:07.223+0000] {taskinstance.py:1159} INFO - Dependencies all met for dep_context=non-requeueable deps ti=<TaskInstance: copy_tranform_to_mongo.waiting_for_data scheduled__2022-10-09T00:00:00+00:00 [queued]>
[2023-10-17T11:24:07.232+0000] {taskinstance.py:1159} INFO - Dependencies all met for dep_context=requeueable deps ti=<TaskInstance: copy_tranform_to_mongo.waiting_for_data scheduled__2022-10-09T00:00:00+00:00 [queued]>
[2023-10-17T11:24:07.232+0000] {taskinstance.py:1361} INFO - Starting attempt 1 of 1
[2023-10-17T11:24:07.245+0000] {taskinstance.py:1382} INFO - Executing <Task(FileSensor): waiting_for_data> on 2022-10-09 00:00:00+00:00
[2023-10-17T11:24:07.252+0000] {standard_task_runner.py:57} INFO - Started process 1798 to run task
[2023-10-17T11:24:07.254+0000] {standard_task_runner.py:84} INFO - Running: ['***', 'tasks', 'run', 'copy_tranform_to_mongo', 'waiting_for_data', 'scheduled__2022-10-09T00:00:00+00:00', '--job-id', '651', '--raw', '--subdir', 'DAGS_FOLDER/file_***-mongo.py', '--cfg-path', '/tmp/tmpkx2q81dk']
[2023-10-17T11:24:07.256+0000] {standard_task_runner.py:85} INFO - Job 651: Subtask waiting_for_data
[2023-10-17T11:24:07.299+0000] {task_command.py:416} INFO - Running <TaskInstance: copy_tranform_to_mongo.waiting_for_data scheduled__2022-10-09T00:00:00+00:00 [running]> on host 238c1d4ff767
[2023-10-17T11:24:07.371+0000] {taskinstance.py:1662} INFO - Exporting env vars: AIRFLOW_CTX_DAG_OWNER='***' AIRFLOW_CTX_DAG_ID='copy_tranform_to_mongo' AIRFLOW_CTX_TASK_ID='waiting_for_data' AIRFLOW_CTX_EXECUTION_DATE='2022-10-09T00:00:00+00:00' AIRFLOW_CTX_TRY_NUMBER='1' AIRFLOW_CTX_DAG_RUN_ID='scheduled__2022-10-09T00:00:00+00:00'
[2023-10-17T11:24:07.381+0000] {base.py:73} INFO - Using connection ID 'fs_default' for task execution.
[2023-10-17T11:24:07.382+0000] {filesystem.py:64} INFO - Poking for file /opt/in/tiktok_google_play_reviews.csv
[2023-10-17T11:24:07.382+0000] {filesystem.py:69} INFO - Found File /opt/in/tiktok_google_play_reviews.csv last modified: 20220405221612
[2023-10-17T11:24:07.382+0000] {base.py:287} INFO - Success criteria met. Exiting.
[2023-10-17T11:24:07.394+0000] {taskinstance.py:1400} INFO - Marking task as SUCCESS. dag_id=copy_tranform_to_mongo, task_id=waiting_for_data, execution_date=20221009T000000, start_date=20231017T112407, end_date=20231017T112407
[2023-10-17T11:24:07.427+0000] {local_task_job_runner.py:228} INFO - Task exited with return code 0
[2023-10-17T11:24:07.444+0000] {taskinstance.py:2778} INFO - 0 downstream tasks scheduled from follow-on schedule check
[2023-10-18T11:48:46.743+0000] {taskinstance.py:1159} INFO - Dependencies all met for dep_context=non-requeueable deps ti=<TaskInstance: copy_tranform_to_mongo.waiting_for_data scheduled__2022-10-09T00:00:00+00:00 [queued]>
[2023-10-18T11:48:46.763+0000] {taskinstance.py:1159} INFO - Dependencies all met for dep_context=requeueable deps ti=<TaskInstance: copy_tranform_to_mongo.waiting_for_data scheduled__2022-10-09T00:00:00+00:00 [queued]>
[2023-10-18T11:48:46.763+0000] {taskinstance.py:1361} INFO - Starting attempt 1 of 1
[2023-10-18T11:48:46.780+0000] {taskinstance.py:1382} INFO - Executing <Task(FileSensor): waiting_for_data> on 2022-10-09 00:00:00+00:00
[2023-10-18T11:48:46.788+0000] {standard_task_runner.py:57} INFO - Started process 3123 to run task
[2023-10-18T11:48:46.792+0000] {standard_task_runner.py:84} INFO - Running: ['***', 'tasks', 'run', 'copy_tranform_to_mongo', 'waiting_for_data', 'scheduled__2022-10-09T00:00:00+00:00', '--job-id', '1254', '--raw', '--subdir', 'DAGS_FOLDER/file_***-mongo.py', '--cfg-path', '/tmp/tmpyivrs7v6']
[2023-10-18T11:48:46.793+0000] {standard_task_runner.py:85} INFO - Job 1254: Subtask waiting_for_data
[2023-10-18T11:48:46.861+0000] {task_command.py:416} INFO - Running <TaskInstance: copy_tranform_to_mongo.waiting_for_data scheduled__2022-10-09T00:00:00+00:00 [running]> on host 0e68aa52dfc7
[2023-10-18T11:48:46.977+0000] {taskinstance.py:1662} INFO - Exporting env vars: AIRFLOW_CTX_DAG_OWNER='***' AIRFLOW_CTX_DAG_ID='copy_tranform_to_mongo' AIRFLOW_CTX_TASK_ID='waiting_for_data' AIRFLOW_CTX_EXECUTION_DATE='2022-10-09T00:00:00+00:00' AIRFLOW_CTX_TRY_NUMBER='1' AIRFLOW_CTX_DAG_RUN_ID='scheduled__2022-10-09T00:00:00+00:00'
[2023-10-18T11:48:46.990+0000] {base.py:73} INFO - Using connection ID 'fs_default' for task execution.
[2023-10-18T11:48:46.990+0000] {filesystem.py:64} INFO - Poking for file /opt/in/tiktok_google_play_reviews.csv
[2023-10-18T11:48:46.991+0000] {filesystem.py:69} INFO - Found File /opt/in/tiktok_google_play_reviews.csv last modified: 20220405221612
[2023-10-18T11:48:46.991+0000] {base.py:287} INFO - Success criteria met. Exiting.
[2023-10-18T11:48:47.004+0000] {taskinstance.py:1400} INFO - Marking task as SUCCESS. dag_id=copy_tranform_to_mongo, task_id=waiting_for_data, execution_date=20221009T000000, start_date=20231018T114846, end_date=20231018T114847
[2023-10-18T11:48:47.047+0000] {local_task_job_runner.py:228} INFO - Task exited with return code 0
[2023-10-18T11:48:47.150+0000] {taskinstance.py:2778} INFO - 0 downstream tasks scheduled from follow-on schedule check
