[2023-10-17T11:20:39.104+0000] {taskinstance.py:1159} INFO - Dependencies all met for dep_context=non-requeueable deps ti=<TaskInstance: copy_tranform_to_mongo.waiting_for_data scheduled__2021-10-14T00:00:00+00:00 [queued]>
[2023-10-17T11:20:39.113+0000] {taskinstance.py:1159} INFO - Dependencies all met for dep_context=requeueable deps ti=<TaskInstance: copy_tranform_to_mongo.waiting_for_data scheduled__2021-10-14T00:00:00+00:00 [queued]>
[2023-10-17T11:20:39.113+0000] {taskinstance.py:1361} INFO - Starting attempt 1 of 1
[2023-10-17T11:20:39.128+0000] {taskinstance.py:1382} INFO - Executing <Task(FileSensor): waiting_for_data> on 2021-10-14 00:00:00+00:00
[2023-10-17T11:20:39.136+0000] {standard_task_runner.py:57} INFO - Started process 1023 to run task
[2023-10-17T11:20:39.139+0000] {standard_task_runner.py:84} INFO - Running: ['***', 'tasks', 'run', 'copy_tranform_to_mongo', 'waiting_for_data', 'scheduled__2021-10-14T00:00:00+00:00', '--job-id', '291', '--raw', '--subdir', 'DAGS_FOLDER/file_***-mongo.py', '--cfg-path', '/tmp/tmpyfljptd9']
[2023-10-17T11:20:39.140+0000] {standard_task_runner.py:85} INFO - Job 291: Subtask waiting_for_data
[2023-10-17T11:20:39.182+0000] {task_command.py:416} INFO - Running <TaskInstance: copy_tranform_to_mongo.waiting_for_data scheduled__2021-10-14T00:00:00+00:00 [running]> on host 238c1d4ff767
[2023-10-17T11:20:39.247+0000] {taskinstance.py:1662} INFO - Exporting env vars: AIRFLOW_CTX_DAG_OWNER='***' AIRFLOW_CTX_DAG_ID='copy_tranform_to_mongo' AIRFLOW_CTX_TASK_ID='waiting_for_data' AIRFLOW_CTX_EXECUTION_DATE='2021-10-14T00:00:00+00:00' AIRFLOW_CTX_TRY_NUMBER='1' AIRFLOW_CTX_DAG_RUN_ID='scheduled__2021-10-14T00:00:00+00:00'
[2023-10-17T11:20:39.256+0000] {base.py:73} INFO - Using connection ID 'fs_default' for task execution.
[2023-10-17T11:20:39.256+0000] {filesystem.py:64} INFO - Poking for file /opt/in/tiktok_google_play_reviews.csv
[2023-10-17T11:20:39.256+0000] {filesystem.py:69} INFO - Found File /opt/in/tiktok_google_play_reviews.csv last modified: 20220405221612
[2023-10-17T11:20:39.256+0000] {base.py:287} INFO - Success criteria met. Exiting.
[2023-10-17T11:20:39.265+0000] {taskinstance.py:1400} INFO - Marking task as SUCCESS. dag_id=copy_tranform_to_mongo, task_id=waiting_for_data, execution_date=20211014T000000, start_date=20231017T112039, end_date=20231017T112039
[2023-10-17T11:20:39.311+0000] {local_task_job_runner.py:228} INFO - Task exited with return code 0
[2023-10-17T11:20:39.324+0000] {taskinstance.py:2778} INFO - 0 downstream tasks scheduled from follow-on schedule check
[2023-10-18T11:45:05.401+0000] {taskinstance.py:1159} INFO - Dependencies all met for dep_context=non-requeueable deps ti=<TaskInstance: copy_tranform_to_mongo.waiting_for_data scheduled__2021-10-14T00:00:00+00:00 [queued]>
[2023-10-18T11:45:05.414+0000] {taskinstance.py:1159} INFO - Dependencies all met for dep_context=requeueable deps ti=<TaskInstance: copy_tranform_to_mongo.waiting_for_data scheduled__2021-10-14T00:00:00+00:00 [queued]>
[2023-10-18T11:45:05.414+0000] {taskinstance.py:1361} INFO - Starting attempt 1 of 1
[2023-10-18T11:45:05.431+0000] {taskinstance.py:1382} INFO - Executing <Task(FileSensor): waiting_for_data> on 2021-10-14 00:00:00+00:00
[2023-10-18T11:45:05.439+0000] {standard_task_runner.py:57} INFO - Started process 1626 to run task
[2023-10-18T11:45:05.442+0000] {standard_task_runner.py:84} INFO - Running: ['***', 'tasks', 'run', 'copy_tranform_to_mongo', 'waiting_for_data', 'scheduled__2021-10-14T00:00:00+00:00', '--job-id', '534', '--raw', '--subdir', 'DAGS_FOLDER/file_***-mongo.py', '--cfg-path', '/tmp/tmp0aobo4dm']
[2023-10-18T11:45:05.445+0000] {standard_task_runner.py:85} INFO - Job 534: Subtask waiting_for_data
[2023-10-18T11:45:05.498+0000] {task_command.py:416} INFO - Running <TaskInstance: copy_tranform_to_mongo.waiting_for_data scheduled__2021-10-14T00:00:00+00:00 [running]> on host 0e68aa52dfc7
[2023-10-18T11:45:05.588+0000] {taskinstance.py:1662} INFO - Exporting env vars: AIRFLOW_CTX_DAG_OWNER='***' AIRFLOW_CTX_DAG_ID='copy_tranform_to_mongo' AIRFLOW_CTX_TASK_ID='waiting_for_data' AIRFLOW_CTX_EXECUTION_DATE='2021-10-14T00:00:00+00:00' AIRFLOW_CTX_TRY_NUMBER='1' AIRFLOW_CTX_DAG_RUN_ID='scheduled__2021-10-14T00:00:00+00:00'
[2023-10-18T11:45:05.603+0000] {base.py:73} INFO - Using connection ID 'fs_default' for task execution.
[2023-10-18T11:45:05.604+0000] {filesystem.py:64} INFO - Poking for file /opt/in/tiktok_google_play_reviews.csv
[2023-10-18T11:45:05.604+0000] {filesystem.py:69} INFO - Found File /opt/in/tiktok_google_play_reviews.csv last modified: 20220405221612
[2023-10-18T11:45:05.604+0000] {base.py:287} INFO - Success criteria met. Exiting.
[2023-10-18T11:45:05.613+0000] {taskinstance.py:1400} INFO - Marking task as SUCCESS. dag_id=copy_tranform_to_mongo, task_id=waiting_for_data, execution_date=20211014T000000, start_date=20231018T114505, end_date=20231018T114505
[2023-10-18T11:45:05.662+0000] {local_task_job_runner.py:228} INFO - Task exited with return code 0
[2023-10-18T11:45:05.684+0000] {taskinstance.py:2778} INFO - 0 downstream tasks scheduled from follow-on schedule check
