[2023-10-17T11:27:35.174+0000] {taskinstance.py:1159} INFO - Dependencies all met for dep_context=non-requeueable deps ti=<TaskInstance: copy_tranform_to_mongo.waiting_for_data scheduled__2023-10-04T00:00:00+00:00 [queued]>
[2023-10-17T11:27:35.179+0000] {taskinstance.py:1159} INFO - Dependencies all met for dep_context=requeueable deps ti=<TaskInstance: copy_tranform_to_mongo.waiting_for_data scheduled__2023-10-04T00:00:00+00:00 [queued]>
[2023-10-17T11:27:35.180+0000] {taskinstance.py:1361} INFO - Starting attempt 1 of 1
[2023-10-17T11:27:35.192+0000] {taskinstance.py:1382} INFO - Executing <Task(FileSensor): waiting_for_data> on 2023-10-04 00:00:00+00:00
[2023-10-17T11:27:35.197+0000] {standard_task_runner.py:57} INFO - Started process 2564 to run task
[2023-10-17T11:27:35.199+0000] {standard_task_runner.py:84} INFO - Running: ['***', 'tasks', 'run', 'copy_tranform_to_mongo', 'waiting_for_data', 'scheduled__2023-10-04T00:00:00+00:00', '--job-id', '1011', '--raw', '--subdir', 'DAGS_FOLDER/file_***-mongo.py', '--cfg-path', '/tmp/tmpk3c9yhmw']
[2023-10-17T11:27:35.200+0000] {standard_task_runner.py:85} INFO - Job 1011: Subtask waiting_for_data
[2023-10-17T11:27:35.230+0000] {task_command.py:416} INFO - Running <TaskInstance: copy_tranform_to_mongo.waiting_for_data scheduled__2023-10-04T00:00:00+00:00 [running]> on host 238c1d4ff767
[2023-10-17T11:27:35.281+0000] {taskinstance.py:1662} INFO - Exporting env vars: AIRFLOW_CTX_DAG_OWNER='***' AIRFLOW_CTX_DAG_ID='copy_tranform_to_mongo' AIRFLOW_CTX_TASK_ID='waiting_for_data' AIRFLOW_CTX_EXECUTION_DATE='2023-10-04T00:00:00+00:00' AIRFLOW_CTX_TRY_NUMBER='1' AIRFLOW_CTX_DAG_RUN_ID='scheduled__2023-10-04T00:00:00+00:00'
[2023-10-17T11:27:35.287+0000] {base.py:73} INFO - Using connection ID 'fs_default' for task execution.
[2023-10-17T11:27:35.287+0000] {filesystem.py:64} INFO - Poking for file /opt/in/tiktok_google_play_reviews.csv
[2023-10-17T11:27:35.287+0000] {filesystem.py:69} INFO - Found File /opt/in/tiktok_google_play_reviews.csv last modified: 20220405221612
[2023-10-17T11:27:35.288+0000] {base.py:287} INFO - Success criteria met. Exiting.
[2023-10-17T11:27:35.294+0000] {taskinstance.py:1400} INFO - Marking task as SUCCESS. dag_id=copy_tranform_to_mongo, task_id=waiting_for_data, execution_date=20231004T000000, start_date=20231017T112735, end_date=20231017T112735
[2023-10-17T11:27:35.331+0000] {local_task_job_runner.py:228} INFO - Task exited with return code 0
[2023-10-17T11:27:35.356+0000] {taskinstance.py:2778} INFO - 0 downstream tasks scheduled from follow-on schedule check
[2023-10-18T11:52:41.367+0000] {taskinstance.py:1159} INFO - Dependencies all met for dep_context=non-requeueable deps ti=<TaskInstance: copy_tranform_to_mongo.waiting_for_data scheduled__2023-10-04T00:00:00+00:00 [queued]>
[2023-10-18T11:52:41.377+0000] {taskinstance.py:1159} INFO - Dependencies all met for dep_context=requeueable deps ti=<TaskInstance: copy_tranform_to_mongo.waiting_for_data scheduled__2023-10-04T00:00:00+00:00 [queued]>
[2023-10-18T11:52:41.378+0000] {taskinstance.py:1361} INFO - Starting attempt 1 of 1
[2023-10-18T11:52:41.392+0000] {taskinstance.py:1382} INFO - Executing <Task(FileSensor): waiting_for_data> on 2023-10-04 00:00:00+00:00
[2023-10-18T11:52:41.400+0000] {standard_task_runner.py:57} INFO - Started process 4618 to run task
[2023-10-18T11:52:41.402+0000] {standard_task_runner.py:84} INFO - Running: ['***', 'tasks', 'run', 'copy_tranform_to_mongo', 'waiting_for_data', 'scheduled__2023-10-04T00:00:00+00:00', '--job-id', '1974', '--raw', '--subdir', 'DAGS_FOLDER/file_***-mongo.py', '--cfg-path', '/tmp/tmp4h6ymzqm']
[2023-10-18T11:52:41.403+0000] {standard_task_runner.py:85} INFO - Job 1974: Subtask waiting_for_data
[2023-10-18T11:52:41.455+0000] {task_command.py:416} INFO - Running <TaskInstance: copy_tranform_to_mongo.waiting_for_data scheduled__2023-10-04T00:00:00+00:00 [running]> on host 0e68aa52dfc7
[2023-10-18T11:52:41.570+0000] {taskinstance.py:1662} INFO - Exporting env vars: AIRFLOW_CTX_DAG_OWNER='***' AIRFLOW_CTX_DAG_ID='copy_tranform_to_mongo' AIRFLOW_CTX_TASK_ID='waiting_for_data' AIRFLOW_CTX_EXECUTION_DATE='2023-10-04T00:00:00+00:00' AIRFLOW_CTX_TRY_NUMBER='1' AIRFLOW_CTX_DAG_RUN_ID='scheduled__2023-10-04T00:00:00+00:00'
[2023-10-18T11:52:41.581+0000] {base.py:73} INFO - Using connection ID 'fs_default' for task execution.
[2023-10-18T11:52:41.584+0000] {filesystem.py:64} INFO - Poking for file /opt/in/tiktok_google_play_reviews.csv
[2023-10-18T11:52:41.585+0000] {filesystem.py:69} INFO - Found File /opt/in/tiktok_google_play_reviews.csv last modified: 20220405221612
[2023-10-18T11:52:41.585+0000] {base.py:287} INFO - Success criteria met. Exiting.
[2023-10-18T11:52:41.597+0000] {taskinstance.py:1400} INFO - Marking task as SUCCESS. dag_id=copy_tranform_to_mongo, task_id=waiting_for_data, execution_date=20231004T000000, start_date=20231018T115241, end_date=20231018T115241
[2023-10-18T11:52:41.624+0000] {local_task_job_runner.py:228} INFO - Task exited with return code 0
[2023-10-18T11:52:41.655+0000] {taskinstance.py:2778} INFO - 1 downstream tasks scheduled from follow-on schedule check
