[2023-10-17T11:26:15.489+0000] {taskinstance.py:1159} INFO - Dependencies all met for dep_context=non-requeueable deps ti=<TaskInstance: copy_tranform_to_mongo.waiting_for_data scheduled__2023-06-09T00:00:00+00:00 [queued]>
[2023-10-17T11:26:15.495+0000] {taskinstance.py:1159} INFO - Dependencies all met for dep_context=requeueable deps ti=<TaskInstance: copy_tranform_to_mongo.waiting_for_data scheduled__2023-06-09T00:00:00+00:00 [queued]>
[2023-10-17T11:26:15.495+0000] {taskinstance.py:1361} INFO - Starting attempt 1 of 1
[2023-10-17T11:26:15.503+0000] {taskinstance.py:1382} INFO - Executing <Task(FileSensor): waiting_for_data> on 2023-06-09 00:00:00+00:00
[2023-10-17T11:26:15.507+0000] {standard_task_runner.py:57} INFO - Started process 2314 to run task
[2023-10-17T11:26:15.510+0000] {standard_task_runner.py:84} INFO - Running: ['***', 'tasks', 'run', 'copy_tranform_to_mongo', 'waiting_for_data', 'scheduled__2023-06-09T00:00:00+00:00', '--job-id', '894', '--raw', '--subdir', 'DAGS_FOLDER/file_***-mongo.py', '--cfg-path', '/tmp/tmp753iwz3t']
[2023-10-17T11:26:15.510+0000] {standard_task_runner.py:85} INFO - Job 894: Subtask waiting_for_data
[2023-10-17T11:26:15.541+0000] {task_command.py:416} INFO - Running <TaskInstance: copy_tranform_to_mongo.waiting_for_data scheduled__2023-06-09T00:00:00+00:00 [running]> on host 238c1d4ff767
[2023-10-17T11:26:15.594+0000] {taskinstance.py:1662} INFO - Exporting env vars: AIRFLOW_CTX_DAG_OWNER='***' AIRFLOW_CTX_DAG_ID='copy_tranform_to_mongo' AIRFLOW_CTX_TASK_ID='waiting_for_data' AIRFLOW_CTX_EXECUTION_DATE='2023-06-09T00:00:00+00:00' AIRFLOW_CTX_TRY_NUMBER='1' AIRFLOW_CTX_DAG_RUN_ID='scheduled__2023-06-09T00:00:00+00:00'
[2023-10-17T11:26:15.600+0000] {base.py:73} INFO - Using connection ID 'fs_default' for task execution.
[2023-10-17T11:26:15.600+0000] {filesystem.py:64} INFO - Poking for file /opt/in/tiktok_google_play_reviews.csv
[2023-10-17T11:26:15.600+0000] {filesystem.py:69} INFO - Found File /opt/in/tiktok_google_play_reviews.csv last modified: 20220405221612
[2023-10-17T11:26:15.601+0000] {base.py:287} INFO - Success criteria met. Exiting.
[2023-10-17T11:26:15.606+0000] {taskinstance.py:1400} INFO - Marking task as SUCCESS. dag_id=copy_tranform_to_mongo, task_id=waiting_for_data, execution_date=20230609T000000, start_date=20231017T112615, end_date=20231017T112615
[2023-10-17T11:26:15.642+0000] {local_task_job_runner.py:228} INFO - Task exited with return code 0
[2023-10-17T11:26:15.668+0000] {taskinstance.py:2778} INFO - 0 downstream tasks scheduled from follow-on schedule check
[2023-10-18T11:51:33.472+0000] {taskinstance.py:1159} INFO - Dependencies all met for dep_context=non-requeueable deps ti=<TaskInstance: copy_tranform_to_mongo.waiting_for_data scheduled__2023-06-09T00:00:00+00:00 [queued]>
[2023-10-18T11:51:33.484+0000] {taskinstance.py:1159} INFO - Dependencies all met for dep_context=requeueable deps ti=<TaskInstance: copy_tranform_to_mongo.waiting_for_data scheduled__2023-06-09T00:00:00+00:00 [queued]>
[2023-10-18T11:51:33.485+0000] {taskinstance.py:1361} INFO - Starting attempt 1 of 1
[2023-10-18T11:51:33.501+0000] {taskinstance.py:1382} INFO - Executing <Task(FileSensor): waiting_for_data> on 2023-06-09 00:00:00+00:00
[2023-10-18T11:51:33.508+0000] {standard_task_runner.py:57} INFO - Started process 4133 to run task
[2023-10-18T11:51:33.511+0000] {standard_task_runner.py:84} INFO - Running: ['***', 'tasks', 'run', 'copy_tranform_to_mongo', 'waiting_for_data', 'scheduled__2023-06-09T00:00:00+00:00', '--job-id', '1740', '--raw', '--subdir', 'DAGS_FOLDER/file_***-mongo.py', '--cfg-path', '/tmp/tmplmgewo5u']
[2023-10-18T11:51:33.512+0000] {standard_task_runner.py:85} INFO - Job 1740: Subtask waiting_for_data
[2023-10-18T11:51:33.560+0000] {task_command.py:416} INFO - Running <TaskInstance: copy_tranform_to_mongo.waiting_for_data scheduled__2023-06-09T00:00:00+00:00 [running]> on host 0e68aa52dfc7
[2023-10-18T11:51:33.682+0000] {taskinstance.py:1662} INFO - Exporting env vars: AIRFLOW_CTX_DAG_OWNER='***' AIRFLOW_CTX_DAG_ID='copy_tranform_to_mongo' AIRFLOW_CTX_TASK_ID='waiting_for_data' AIRFLOW_CTX_EXECUTION_DATE='2023-06-09T00:00:00+00:00' AIRFLOW_CTX_TRY_NUMBER='1' AIRFLOW_CTX_DAG_RUN_ID='scheduled__2023-06-09T00:00:00+00:00'
[2023-10-18T11:51:33.696+0000] {base.py:73} INFO - Using connection ID 'fs_default' for task execution.
[2023-10-18T11:51:33.697+0000] {filesystem.py:64} INFO - Poking for file /opt/in/tiktok_google_play_reviews.csv
[2023-10-18T11:51:33.697+0000] {filesystem.py:69} INFO - Found File /opt/in/tiktok_google_play_reviews.csv last modified: 20220405221612
[2023-10-18T11:51:33.697+0000] {base.py:287} INFO - Success criteria met. Exiting.
[2023-10-18T11:51:33.715+0000] {taskinstance.py:1400} INFO - Marking task as SUCCESS. dag_id=copy_tranform_to_mongo, task_id=waiting_for_data, execution_date=20230609T000000, start_date=20231018T115133, end_date=20231018T115133
[2023-10-18T11:51:33.805+0000] {local_task_job_runner.py:228} INFO - Task exited with return code 0
[2023-10-18T11:51:33.841+0000] {taskinstance.py:2778} INFO - 1 downstream tasks scheduled from follow-on schedule check
