[2023-10-17T11:20:06.165+0000] {taskinstance.py:1159} INFO - Dependencies all met for dep_context=non-requeueable deps ti=<TaskInstance: copy_tranform_to_mongo.waiting_for_data scheduled__2021-07-26T00:00:00+00:00 [queued]>
[2023-10-17T11:20:06.175+0000] {taskinstance.py:1159} INFO - Dependencies all met for dep_context=requeueable deps ti=<TaskInstance: copy_tranform_to_mongo.waiting_for_data scheduled__2021-07-26T00:00:00+00:00 [queued]>
[2023-10-17T11:20:06.175+0000] {taskinstance.py:1361} INFO - Starting attempt 1 of 1
[2023-10-17T11:20:06.199+0000] {taskinstance.py:1382} INFO - Executing <Task(FileSensor): waiting_for_data> on 2021-07-26 00:00:00+00:00
[2023-10-17T11:20:06.208+0000] {standard_task_runner.py:57} INFO - Started process 855 to run task
[2023-10-17T11:20:06.214+0000] {standard_task_runner.py:84} INFO - Running: ['***', 'tasks', 'run', 'copy_tranform_to_mongo', 'waiting_for_data', 'scheduled__2021-07-26T00:00:00+00:00', '--job-id', '211', '--raw', '--subdir', 'DAGS_FOLDER/file_***-mongo.py', '--cfg-path', '/tmp/tmp2ex0bh_n']
[2023-10-17T11:20:06.216+0000] {standard_task_runner.py:85} INFO - Job 211: Subtask waiting_for_data
[2023-10-17T11:20:06.272+0000] {task_command.py:416} INFO - Running <TaskInstance: copy_tranform_to_mongo.waiting_for_data scheduled__2021-07-26T00:00:00+00:00 [running]> on host 238c1d4ff767
[2023-10-17T11:20:06.341+0000] {taskinstance.py:1662} INFO - Exporting env vars: AIRFLOW_CTX_DAG_OWNER='***' AIRFLOW_CTX_DAG_ID='copy_tranform_to_mongo' AIRFLOW_CTX_TASK_ID='waiting_for_data' AIRFLOW_CTX_EXECUTION_DATE='2021-07-26T00:00:00+00:00' AIRFLOW_CTX_TRY_NUMBER='1' AIRFLOW_CTX_DAG_RUN_ID='scheduled__2021-07-26T00:00:00+00:00'
[2023-10-17T11:20:06.349+0000] {base.py:73} INFO - Using connection ID 'fs_default' for task execution.
[2023-10-17T11:20:06.350+0000] {filesystem.py:64} INFO - Poking for file /opt/in/tiktok_google_play_reviews.csv
[2023-10-17T11:20:06.350+0000] {filesystem.py:69} INFO - Found File /opt/in/tiktok_google_play_reviews.csv last modified: 20220405221612
[2023-10-17T11:20:06.350+0000] {base.py:287} INFO - Success criteria met. Exiting.
[2023-10-17T11:20:06.357+0000] {taskinstance.py:1400} INFO - Marking task as SUCCESS. dag_id=copy_tranform_to_mongo, task_id=waiting_for_data, execution_date=20210726T000000, start_date=20231017T112006, end_date=20231017T112006
[2023-10-17T11:20:06.404+0000] {local_task_job_runner.py:228} INFO - Task exited with return code 0
[2023-10-17T11:20:06.418+0000] {taskinstance.py:2778} INFO - 0 downstream tasks scheduled from follow-on schedule check
[2023-10-18T10:43:51.710+0000] {taskinstance.py:1159} INFO - Dependencies all met for dep_context=non-requeueable deps ti=<TaskInstance: copy_tranform_to_mongo.waiting_for_data scheduled__2021-07-26T00:00:00+00:00 [queued]>
[2023-10-18T10:43:51.723+0000] {taskinstance.py:1159} INFO - Dependencies all met for dep_context=requeueable deps ti=<TaskInstance: copy_tranform_to_mongo.waiting_for_data scheduled__2021-07-26T00:00:00+00:00 [queued]>
[2023-10-18T10:43:51.723+0000] {taskinstance.py:1361} INFO - Starting attempt 1 of 1
[2023-10-18T10:43:51.738+0000] {taskinstance.py:1382} INFO - Executing <Task(FileSensor): waiting_for_data> on 2021-07-26 00:00:00+00:00
[2023-10-18T10:43:51.745+0000] {standard_task_runner.py:57} INFO - Started process 1827 to run task
[2023-10-18T10:43:51.748+0000] {standard_task_runner.py:84} INFO - Running: ['***', 'tasks', 'run', 'copy_tranform_to_mongo', 'waiting_for_data', 'scheduled__2021-07-26T00:00:00+00:00', '--job-id', '210', '--raw', '--subdir', 'DAGS_FOLDER/file_***-mongo.py', '--cfg-path', '/tmp/tmp5sf9y1hc']
[2023-10-18T10:43:51.750+0000] {standard_task_runner.py:85} INFO - Job 210: Subtask waiting_for_data
[2023-10-18T10:43:51.794+0000] {task_command.py:416} INFO - Running <TaskInstance: copy_tranform_to_mongo.waiting_for_data scheduled__2021-07-26T00:00:00+00:00 [running]> on host 2473b23ba069
[2023-10-18T10:43:51.879+0000] {taskinstance.py:1662} INFO - Exporting env vars: AIRFLOW_CTX_DAG_OWNER='***' AIRFLOW_CTX_DAG_ID='copy_tranform_to_mongo' AIRFLOW_CTX_TASK_ID='waiting_for_data' AIRFLOW_CTX_EXECUTION_DATE='2021-07-26T00:00:00+00:00' AIRFLOW_CTX_TRY_NUMBER='1' AIRFLOW_CTX_DAG_RUN_ID='scheduled__2021-07-26T00:00:00+00:00'
[2023-10-18T10:43:51.888+0000] {base.py:73} INFO - Using connection ID 'fs_default' for task execution.
[2023-10-18T10:43:51.888+0000] {filesystem.py:64} INFO - Poking for file in/tiktok_google_play_reviews.csv
[2023-10-18T10:44:51.958+0000] {base.py:73} INFO - Using connection ID 'fs_default' for task execution.
[2023-10-18T10:44:51.958+0000] {filesystem.py:64} INFO - Poking for file in/tiktok_google_play_reviews.csv
[2023-10-18T10:45:52.021+0000] {base.py:73} INFO - Using connection ID 'fs_default' for task execution.
[2023-10-18T10:45:52.021+0000] {filesystem.py:64} INFO - Poking for file in/tiktok_google_play_reviews.csv
[2023-10-18T10:46:52.088+0000] {base.py:73} INFO - Using connection ID 'fs_default' for task execution.
[2023-10-18T10:46:52.088+0000] {filesystem.py:64} INFO - Poking for file in/tiktok_google_play_reviews.csv
[2023-10-18T10:47:52.158+0000] {base.py:73} INFO - Using connection ID 'fs_default' for task execution.
[2023-10-18T10:47:52.158+0000] {filesystem.py:64} INFO - Poking for file /opt/in/tiktok_google_play_reviews.csv
[2023-10-18T10:47:52.159+0000] {filesystem.py:69} INFO - Found File /opt/in/tiktok_google_play_reviews.csv last modified: 20220405221612
[2023-10-18T10:47:52.159+0000] {base.py:287} INFO - Success criteria met. Exiting.
[2023-10-18T10:47:52.171+0000] {taskinstance.py:1400} INFO - Marking task as SUCCESS. dag_id=copy_tranform_to_mongo, task_id=waiting_for_data, execution_date=20210726T000000, start_date=20231018T104351, end_date=20231018T104752
[2023-10-18T10:47:52.192+0000] {local_task_job_runner.py:228} INFO - Task exited with return code 0
[2023-10-18T10:47:52.212+0000] {taskinstance.py:2778} INFO - 1 downstream tasks scheduled from follow-on schedule check
[2023-10-18T11:44:21.226+0000] {taskinstance.py:1159} INFO - Dependencies all met for dep_context=non-requeueable deps ti=<TaskInstance: copy_tranform_to_mongo.waiting_for_data scheduled__2021-07-26T00:00:00+00:00 [queued]>
[2023-10-18T11:44:21.237+0000] {taskinstance.py:1159} INFO - Dependencies all met for dep_context=requeueable deps ti=<TaskInstance: copy_tranform_to_mongo.waiting_for_data scheduled__2021-07-26T00:00:00+00:00 [queued]>
[2023-10-18T11:44:21.237+0000] {taskinstance.py:1361} INFO - Starting attempt 1 of 1
[2023-10-18T11:44:21.262+0000] {taskinstance.py:1382} INFO - Executing <Task(FileSensor): waiting_for_data> on 2021-07-26 00:00:00+00:00
[2023-10-18T11:44:21.268+0000] {standard_task_runner.py:57} INFO - Started process 1295 to run task
[2023-10-18T11:44:21.271+0000] {standard_task_runner.py:84} INFO - Running: ['***', 'tasks', 'run', 'copy_tranform_to_mongo', 'waiting_for_data', 'scheduled__2021-07-26T00:00:00+00:00', '--job-id', '377', '--raw', '--subdir', 'DAGS_FOLDER/file_***-mongo.py', '--cfg-path', '/tmp/tmpov651va8']
[2023-10-18T11:44:21.271+0000] {standard_task_runner.py:85} INFO - Job 377: Subtask waiting_for_data
[2023-10-18T11:44:21.320+0000] {task_command.py:416} INFO - Running <TaskInstance: copy_tranform_to_mongo.waiting_for_data scheduled__2021-07-26T00:00:00+00:00 [running]> on host 0e68aa52dfc7
[2023-10-18T11:44:21.397+0000] {taskinstance.py:1662} INFO - Exporting env vars: AIRFLOW_CTX_DAG_OWNER='***' AIRFLOW_CTX_DAG_ID='copy_tranform_to_mongo' AIRFLOW_CTX_TASK_ID='waiting_for_data' AIRFLOW_CTX_EXECUTION_DATE='2021-07-26T00:00:00+00:00' AIRFLOW_CTX_TRY_NUMBER='1' AIRFLOW_CTX_DAG_RUN_ID='scheduled__2021-07-26T00:00:00+00:00'
[2023-10-18T11:44:21.405+0000] {base.py:73} INFO - Using connection ID 'fs_default' for task execution.
[2023-10-18T11:44:21.405+0000] {filesystem.py:64} INFO - Poking for file /opt/in/tiktok_google_play_reviews.csv
[2023-10-18T11:44:21.405+0000] {filesystem.py:69} INFO - Found File /opt/in/tiktok_google_play_reviews.csv last modified: 20220405221612
[2023-10-18T11:44:21.406+0000] {base.py:287} INFO - Success criteria met. Exiting.
[2023-10-18T11:44:21.414+0000] {taskinstance.py:1400} INFO - Marking task as SUCCESS. dag_id=copy_tranform_to_mongo, task_id=waiting_for_data, execution_date=20210726T000000, start_date=20231018T114421, end_date=20231018T114421
[2023-10-18T11:44:21.445+0000] {local_task_job_runner.py:228} INFO - Task exited with return code 0
[2023-10-18T11:44:21.473+0000] {taskinstance.py:2778} INFO - 1 downstream tasks scheduled from follow-on schedule check
