[2023-10-17T11:23:42.749+0000] {taskinstance.py:1159} INFO - Dependencies all met for dep_context=non-requeueable deps ti=<TaskInstance: copy_tranform_to_mongo.waiting_for_data scheduled__2022-08-29T00:00:00+00:00 [queued]>
[2023-10-17T11:23:42.759+0000] {taskinstance.py:1159} INFO - Dependencies all met for dep_context=requeueable deps ti=<TaskInstance: copy_tranform_to_mongo.waiting_for_data scheduled__2022-08-29T00:00:00+00:00 [queued]>
[2023-10-17T11:23:42.760+0000] {taskinstance.py:1361} INFO - Starting attempt 1 of 1
[2023-10-17T11:23:42.790+0000] {taskinstance.py:1382} INFO - Executing <Task(FileSensor): waiting_for_data> on 2022-08-29 00:00:00+00:00
[2023-10-17T11:23:42.797+0000] {standard_task_runner.py:57} INFO - Started process 1708 to run task
[2023-10-17T11:23:42.799+0000] {standard_task_runner.py:84} INFO - Running: ['***', 'tasks', 'run', 'copy_tranform_to_mongo', 'waiting_for_data', 'scheduled__2022-08-29T00:00:00+00:00', '--job-id', '610', '--raw', '--subdir', 'DAGS_FOLDER/file_***-mongo.py', '--cfg-path', '/tmp/tmpw6s94fvw']
[2023-10-17T11:23:42.800+0000] {standard_task_runner.py:85} INFO - Job 610: Subtask waiting_for_data
[2023-10-17T11:23:42.854+0000] {task_command.py:416} INFO - Running <TaskInstance: copy_tranform_to_mongo.waiting_for_data scheduled__2022-08-29T00:00:00+00:00 [running]> on host 238c1d4ff767
[2023-10-17T11:23:42.955+0000] {taskinstance.py:1662} INFO - Exporting env vars: AIRFLOW_CTX_DAG_OWNER='***' AIRFLOW_CTX_DAG_ID='copy_tranform_to_mongo' AIRFLOW_CTX_TASK_ID='waiting_for_data' AIRFLOW_CTX_EXECUTION_DATE='2022-08-29T00:00:00+00:00' AIRFLOW_CTX_TRY_NUMBER='1' AIRFLOW_CTX_DAG_RUN_ID='scheduled__2022-08-29T00:00:00+00:00'
[2023-10-17T11:23:42.965+0000] {base.py:73} INFO - Using connection ID 'fs_default' for task execution.
[2023-10-17T11:23:42.966+0000] {filesystem.py:64} INFO - Poking for file /opt/in/tiktok_google_play_reviews.csv
[2023-10-17T11:23:42.966+0000] {filesystem.py:69} INFO - Found File /opt/in/tiktok_google_play_reviews.csv last modified: 20220405221612
[2023-10-17T11:23:42.966+0000] {base.py:287} INFO - Success criteria met. Exiting.
[2023-10-17T11:23:42.975+0000] {taskinstance.py:1400} INFO - Marking task as SUCCESS. dag_id=copy_tranform_to_mongo, task_id=waiting_for_data, execution_date=20220829T000000, start_date=20231017T112342, end_date=20231017T112342
[2023-10-17T11:23:43.012+0000] {local_task_job_runner.py:228} INFO - Task exited with return code 0
[2023-10-17T11:23:43.028+0000] {taskinstance.py:2778} INFO - 0 downstream tasks scheduled from follow-on schedule check
[2023-10-18T11:48:25.600+0000] {taskinstance.py:1159} INFO - Dependencies all met for dep_context=non-requeueable deps ti=<TaskInstance: copy_tranform_to_mongo.waiting_for_data scheduled__2022-08-29T00:00:00+00:00 [queued]>
[2023-10-18T11:48:25.610+0000] {taskinstance.py:1159} INFO - Dependencies all met for dep_context=requeueable deps ti=<TaskInstance: copy_tranform_to_mongo.waiting_for_data scheduled__2022-08-29T00:00:00+00:00 [queued]>
[2023-10-18T11:48:25.610+0000] {taskinstance.py:1361} INFO - Starting attempt 1 of 1
[2023-10-18T11:48:25.622+0000] {taskinstance.py:1382} INFO - Executing <Task(FileSensor): waiting_for_data> on 2022-08-29 00:00:00+00:00
[2023-10-18T11:48:25.628+0000] {standard_task_runner.py:57} INFO - Started process 2958 to run task
[2023-10-18T11:48:25.630+0000] {standard_task_runner.py:84} INFO - Running: ['***', 'tasks', 'run', 'copy_tranform_to_mongo', 'waiting_for_data', 'scheduled__2022-08-29T00:00:00+00:00', '--job-id', '1176', '--raw', '--subdir', 'DAGS_FOLDER/file_***-mongo.py', '--cfg-path', '/tmp/tmp4sirtrf3']
[2023-10-18T11:48:25.631+0000] {standard_task_runner.py:85} INFO - Job 1176: Subtask waiting_for_data
[2023-10-18T11:48:25.680+0000] {task_command.py:416} INFO - Running <TaskInstance: copy_tranform_to_mongo.waiting_for_data scheduled__2022-08-29T00:00:00+00:00 [running]> on host 0e68aa52dfc7
[2023-10-18T11:48:25.757+0000] {taskinstance.py:1662} INFO - Exporting env vars: AIRFLOW_CTX_DAG_OWNER='***' AIRFLOW_CTX_DAG_ID='copy_tranform_to_mongo' AIRFLOW_CTX_TASK_ID='waiting_for_data' AIRFLOW_CTX_EXECUTION_DATE='2022-08-29T00:00:00+00:00' AIRFLOW_CTX_TRY_NUMBER='1' AIRFLOW_CTX_DAG_RUN_ID='scheduled__2022-08-29T00:00:00+00:00'
[2023-10-18T11:48:25.766+0000] {base.py:73} INFO - Using connection ID 'fs_default' for task execution.
[2023-10-18T11:48:25.766+0000] {filesystem.py:64} INFO - Poking for file /opt/in/tiktok_google_play_reviews.csv
[2023-10-18T11:48:25.767+0000] {filesystem.py:69} INFO - Found File /opt/in/tiktok_google_play_reviews.csv last modified: 20220405221612
[2023-10-18T11:48:25.767+0000] {base.py:287} INFO - Success criteria met. Exiting.
[2023-10-18T11:48:25.777+0000] {taskinstance.py:1400} INFO - Marking task as SUCCESS. dag_id=copy_tranform_to_mongo, task_id=waiting_for_data, execution_date=20220829T000000, start_date=20231018T114825, end_date=20231018T114825
[2023-10-18T11:48:25.803+0000] {local_task_job_runner.py:228} INFO - Task exited with return code 0
[2023-10-18T11:48:25.833+0000] {taskinstance.py:2778} INFO - 1 downstream tasks scheduled from follow-on schedule check
