[2023-10-19T13:16:45.344+0000] {taskinstance.py:1159} INFO - Dependencies all met for dep_context=non-requeueable deps ti=<TaskInstance: copy_tranform_to_mongo.load_data_to_mongo scheduled__2021-01-26T00:00:00+00:00 [queued]>
[2023-10-19T13:16:45.390+0000] {taskinstance.py:1159} INFO - Dependencies all met for dep_context=requeueable deps ti=<TaskInstance: copy_tranform_to_mongo.load_data_to_mongo scheduled__2021-01-26T00:00:00+00:00 [queued]>
[2023-10-19T13:16:45.391+0000] {taskinstance.py:1361} INFO - Starting attempt 1 of 1
[2023-10-19T13:16:45.475+0000] {taskinstance.py:1382} INFO - Executing <Task(DockerOperator): load_data_to_mongo> on 2021-01-26 00:00:00+00:00
[2023-10-19T13:16:45.492+0000] {standard_task_runner.py:57} INFO - Started process 478 to run task
[2023-10-19T13:16:45.510+0000] {standard_task_runner.py:84} INFO - Running: ['***', 'tasks', 'run', 'copy_tranform_to_mongo', 'load_data_to_mongo', 'scheduled__2021-01-26T00:00:00+00:00', '--job-id', '83', '--raw', '--subdir', 'DAGS_FOLDER/file_***-mongo.py', '--cfg-path', '/tmp/tmpy_lhiijw']
[2023-10-19T13:16:45.513+0000] {standard_task_runner.py:85} INFO - Job 83: Subtask load_data_to_mongo
[2023-10-19T13:16:45.609+0000] {task_command.py:416} INFO - Running <TaskInstance: copy_tranform_to_mongo.load_data_to_mongo scheduled__2021-01-26T00:00:00+00:00 [running]> on host f2b9ba520501
[2023-10-19T13:16:45.837+0000] {taskinstance.py:1662} INFO - Exporting env vars: AIRFLOW_CTX_DAG_OWNER='***' AIRFLOW_CTX_DAG_ID='copy_tranform_to_mongo' AIRFLOW_CTX_TASK_ID='load_data_to_mongo' AIRFLOW_CTX_EXECUTION_DATE='2021-01-26T00:00:00+00:00' AIRFLOW_CTX_TRY_NUMBER='1' AIRFLOW_CTX_DAG_RUN_ID='scheduled__2021-01-26T00:00:00+00:00'
[2023-10-19T13:16:45.860+0000] {docker.py:337} INFO - Starting docker container from image python/pandas:1.0.0
[2023-10-19T13:16:47.475+0000] {docker.py:406} INFO - Traceback (most recent call last):
  File "/opt/pandasapp/script/load_to_mongo.py", line 21, in <module>
    with open(file_name_list[0]) as f:
IndexError: list index out of range
[2023-10-19T13:16:48.466+0000] {taskinstance.py:1937} ERROR - Task failed with exception
Traceback (most recent call last):
  File "/home/airflow/.local/lib/python3.8/site-packages/airflow/providers/docker/operators/docker.py", line 479, in execute
    return self._run_image()
  File "/home/airflow/.local/lib/python3.8/site-packages/airflow/providers/docker/operators/docker.py", line 354, in _run_image
    return self._run_image_with_mounts(self.mounts, add_tmp_variable=False)
  File "/home/airflow/.local/lib/python3.8/site-packages/airflow/providers/docker/operators/docker.py", line 414, in _run_image_with_mounts
    raise DockerContainerFailedException(f"Docker container failed: {result!r}", logs=log_lines)
airflow.providers.docker.exceptions.DockerContainerFailedException: Docker container failed: {'StatusCode': 1}
[2023-10-19T13:16:48.473+0000] {taskinstance.py:1400} INFO - Marking task as FAILED. dag_id=copy_tranform_to_mongo, task_id=load_data_to_mongo, execution_date=20210126T000000, start_date=20231019T131645, end_date=20231019T131648
[2023-10-19T13:16:48.498+0000] {standard_task_runner.py:104} ERROR - Failed to execute job 83 for task load_data_to_mongo (Docker container failed: {'StatusCode': 1}; 478)
[2023-10-19T13:16:48.517+0000] {local_task_job_runner.py:228} INFO - Task exited with return code 1
[2023-10-19T13:16:48.534+0000] {taskinstance.py:2778} INFO - 0 downstream tasks scheduled from follow-on schedule check
