[2023-10-20T07:11:56.181+0000] {taskinstance.py:1159} INFO - Dependencies all met for dep_context=non-requeueable deps ti=<TaskInstance: copy_tranform_to_mongo.delete_output_file scheduled__2021-01-01T00:00:00+00:00 [queued]>
[2023-10-20T07:11:56.188+0000] {taskinstance.py:1159} INFO - Dependencies all met for dep_context=requeueable deps ti=<TaskInstance: copy_tranform_to_mongo.delete_output_file scheduled__2021-01-01T00:00:00+00:00 [queued]>
[2023-10-20T07:11:56.188+0000] {taskinstance.py:1361} INFO - Starting attempt 1 of 1
[2023-10-20T07:11:56.196+0000] {taskinstance.py:1382} INFO - Executing <Task(BashOperator): delete_output_file> on 2021-01-01 00:00:00+00:00
[2023-10-20T07:11:56.201+0000] {standard_task_runner.py:57} INFO - Started process 154 to run task
[2023-10-20T07:11:56.203+0000] {standard_task_runner.py:84} INFO - Running: ['***', 'tasks', 'run', 'copy_tranform_to_mongo', 'delete_output_file', 'scheduled__2021-01-01T00:00:00+00:00', '--job-id', '10', '--raw', '--subdir', 'DAGS_FOLDER/file_***-mongo.py', '--cfg-path', '/tmp/tmpzl19skys']
[2023-10-20T07:11:56.204+0000] {standard_task_runner.py:85} INFO - Job 10: Subtask delete_output_file
[2023-10-20T07:11:56.235+0000] {task_command.py:416} INFO - Running <TaskInstance: copy_tranform_to_mongo.delete_output_file scheduled__2021-01-01T00:00:00+00:00 [running]> on host 7490a4f46735
[2023-10-20T07:11:56.288+0000] {taskinstance.py:1662} INFO - Exporting env vars: AIRFLOW_CTX_DAG_OWNER='***' AIRFLOW_CTX_DAG_ID='copy_tranform_to_mongo' AIRFLOW_CTX_TASK_ID='delete_output_file' AIRFLOW_CTX_EXECUTION_DATE='2021-01-01T00:00:00+00:00' AIRFLOW_CTX_TRY_NUMBER='1' AIRFLOW_CTX_DAG_RUN_ID='scheduled__2021-01-01T00:00:00+00:00'
[2023-10-20T07:11:56.289+0000] {subprocess.py:63} INFO - Tmp dir root location: /tmp
[2023-10-20T07:11:56.290+0000] {subprocess.py:75} INFO - Running command: ['/bin/bash', '-c', ' rm /opt/out/*.json']
[2023-10-20T07:11:56.298+0000] {subprocess.py:86} INFO - Output:
[2023-10-20T07:11:56.300+0000] {subprocess.py:93} INFO - rm: cannot remove '/opt/out/*.json': No such file or directory
[2023-10-20T07:11:56.300+0000] {subprocess.py:97} INFO - Command exited with return code 1
[2023-10-20T07:11:56.308+0000] {taskinstance.py:1937} ERROR - Task failed with exception
Traceback (most recent call last):
  File "/home/airflow/.local/lib/python3.8/site-packages/airflow/operators/bash.py", line 210, in execute
    raise AirflowException(
airflow.exceptions.AirflowException: Bash command failed. The command returned a non-zero exit code 1.
[2023-10-20T07:11:56.310+0000] {taskinstance.py:1400} INFO - Marking task as FAILED. dag_id=copy_tranform_to_mongo, task_id=delete_output_file, execution_date=20210101T000000, start_date=20231020T071156, end_date=20231020T071156
[2023-10-20T07:11:56.318+0000] {standard_task_runner.py:104} ERROR - Failed to execute job 10 for task delete_output_file (Bash command failed. The command returned a non-zero exit code 1.; 154)
[2023-10-20T07:11:56.334+0000] {local_task_job_runner.py:228} INFO - Task exited with return code 1
[2023-10-20T07:11:56.346+0000] {taskinstance.py:2778} INFO - 0 downstream tasks scheduled from follow-on schedule check
[2023-10-20T07:37:35.417+0000] {taskinstance.py:1159} INFO - Dependencies all met for dep_context=non-requeueable deps ti=<TaskInstance: copy_tranform_to_mongo.delete_output_file scheduled__2021-01-01T00:00:00+00:00 [queued]>
[2023-10-20T07:37:35.423+0000] {taskinstance.py:1159} INFO - Dependencies all met for dep_context=requeueable deps ti=<TaskInstance: copy_tranform_to_mongo.delete_output_file scheduled__2021-01-01T00:00:00+00:00 [queued]>
[2023-10-20T07:37:35.423+0000] {taskinstance.py:1361} INFO - Starting attempt 1 of 1
[2023-10-20T07:37:35.431+0000] {taskinstance.py:1382} INFO - Executing <Task(BashOperator): delete_output_file> on 2021-01-01 00:00:00+00:00
[2023-10-20T07:37:35.435+0000] {standard_task_runner.py:57} INFO - Started process 164 to run task
[2023-10-20T07:37:35.437+0000] {standard_task_runner.py:84} INFO - Running: ['***', 'tasks', 'run', 'copy_tranform_to_mongo', 'delete_output_file', 'scheduled__2021-01-01T00:00:00+00:00', '--job-id', '6', '--raw', '--subdir', 'DAGS_FOLDER/file_***-mongo.py', '--cfg-path', '/tmp/tmpsdbydmdg']
[2023-10-20T07:37:35.437+0000] {standard_task_runner.py:85} INFO - Job 6: Subtask delete_output_file
[2023-10-20T07:37:35.469+0000] {task_command.py:416} INFO - Running <TaskInstance: copy_tranform_to_mongo.delete_output_file scheduled__2021-01-01T00:00:00+00:00 [running]> on host 71dd16b5f231
[2023-10-20T07:37:35.516+0000] {taskinstance.py:1662} INFO - Exporting env vars: AIRFLOW_CTX_DAG_OWNER='***' AIRFLOW_CTX_DAG_ID='copy_tranform_to_mongo' AIRFLOW_CTX_TASK_ID='delete_output_file' AIRFLOW_CTX_EXECUTION_DATE='2021-01-01T00:00:00+00:00' AIRFLOW_CTX_TRY_NUMBER='1' AIRFLOW_CTX_DAG_RUN_ID='scheduled__2021-01-01T00:00:00+00:00'
[2023-10-20T07:37:35.517+0000] {subprocess.py:63} INFO - Tmp dir root location: /tmp
[2023-10-20T07:37:35.517+0000] {subprocess.py:75} INFO - Running command: ['/bin/bash', '-c', ' rm /opt/out/*.json']
[2023-10-20T07:37:35.525+0000] {subprocess.py:86} INFO - Output:
[2023-10-20T07:37:35.537+0000] {subprocess.py:97} INFO - Command exited with return code 0
[2023-10-20T07:37:35.554+0000] {taskinstance.py:1400} INFO - Marking task as SUCCESS. dag_id=copy_tranform_to_mongo, task_id=delete_output_file, execution_date=20210101T000000, start_date=20231020T073735, end_date=20231020T073735
[2023-10-20T07:37:35.569+0000] {local_task_job_runner.py:228} INFO - Task exited with return code 0
[2023-10-20T07:37:35.581+0000] {taskinstance.py:2778} INFO - 0 downstream tasks scheduled from follow-on schedule check
[2023-10-20T07:54:24.770+0000] {taskinstance.py:1159} INFO - Dependencies all met for dep_context=non-requeueable deps ti=<TaskInstance: copy_tranform_to_mongo.delete_output_file scheduled__2021-01-01T00:00:00+00:00 [queued]>
[2023-10-20T07:54:24.776+0000] {taskinstance.py:1159} INFO - Dependencies all met for dep_context=requeueable deps ti=<TaskInstance: copy_tranform_to_mongo.delete_output_file scheduled__2021-01-01T00:00:00+00:00 [queued]>
[2023-10-20T07:54:24.776+0000] {taskinstance.py:1361} INFO - Starting attempt 1 of 1
[2023-10-20T07:54:24.784+0000] {taskinstance.py:1382} INFO - Executing <Task(BashOperator): delete_output_file> on 2021-01-01 00:00:00+00:00
[2023-10-20T07:54:24.788+0000] {standard_task_runner.py:57} INFO - Started process 107 to run task
[2023-10-20T07:54:24.790+0000] {standard_task_runner.py:84} INFO - Running: ['***', 'tasks', 'run', 'copy_tranform_to_mongo', 'delete_output_file', 'scheduled__2021-01-01T00:00:00+00:00', '--job-id', '6', '--raw', '--subdir', 'DAGS_FOLDER/file_***-mongo.py', '--cfg-path', '/tmp/tmp22s6zebf']
[2023-10-20T07:54:24.791+0000] {standard_task_runner.py:85} INFO - Job 6: Subtask delete_output_file
[2023-10-20T07:54:24.820+0000] {task_command.py:416} INFO - Running <TaskInstance: copy_tranform_to_mongo.delete_output_file scheduled__2021-01-01T00:00:00+00:00 [running]> on host 91fb2564f47f
[2023-10-20T07:54:24.865+0000] {taskinstance.py:1662} INFO - Exporting env vars: AIRFLOW_CTX_DAG_OWNER='***' AIRFLOW_CTX_DAG_ID='copy_tranform_to_mongo' AIRFLOW_CTX_TASK_ID='delete_output_file' AIRFLOW_CTX_EXECUTION_DATE='2021-01-01T00:00:00+00:00' AIRFLOW_CTX_TRY_NUMBER='1' AIRFLOW_CTX_DAG_RUN_ID='scheduled__2021-01-01T00:00:00+00:00'
[2023-10-20T07:54:24.866+0000] {subprocess.py:63} INFO - Tmp dir root location: /tmp
[2023-10-20T07:54:24.866+0000] {subprocess.py:75} INFO - Running command: ['/bin/bash', '-c', ' rm /opt/out/*.json']
[2023-10-20T07:54:24.876+0000] {subprocess.py:86} INFO - Output:
[2023-10-20T07:54:24.888+0000] {subprocess.py:97} INFO - Command exited with return code 0
[2023-10-20T07:54:24.905+0000] {taskinstance.py:1400} INFO - Marking task as SUCCESS. dag_id=copy_tranform_to_mongo, task_id=delete_output_file, execution_date=20210101T000000, start_date=20231020T075424, end_date=20231020T075424
[2023-10-20T07:54:24.922+0000] {local_task_job_runner.py:228} INFO - Task exited with return code 0
[2023-10-20T07:54:24.937+0000] {taskinstance.py:2778} INFO - 0 downstream tasks scheduled from follow-on schedule check
