[2023-10-17T11:20:29.225+0000] {taskinstance.py:1159} INFO - Dependencies all met for dep_context=non-requeueable deps ti=<TaskInstance: copy_tranform_to_mongo.waiting_for_data scheduled__2021-09-22T00:00:00+00:00 [queued]>
[2023-10-17T11:20:29.235+0000] {taskinstance.py:1159} INFO - Dependencies all met for dep_context=requeueable deps ti=<TaskInstance: copy_tranform_to_mongo.waiting_for_data scheduled__2021-09-22T00:00:00+00:00 [queued]>
[2023-10-17T11:20:29.235+0000] {taskinstance.py:1361} INFO - Starting attempt 1 of 1
[2023-10-17T11:20:29.244+0000] {taskinstance.py:1382} INFO - Executing <Task(FileSensor): waiting_for_data> on 2021-09-22 00:00:00+00:00
[2023-10-17T11:20:29.250+0000] {standard_task_runner.py:57} INFO - Started process 977 to run task
[2023-10-17T11:20:29.252+0000] {standard_task_runner.py:84} INFO - Running: ['***', 'tasks', 'run', 'copy_tranform_to_mongo', 'waiting_for_data', 'scheduled__2021-09-22T00:00:00+00:00', '--job-id', '269', '--raw', '--subdir', 'DAGS_FOLDER/file_***-mongo.py', '--cfg-path', '/tmp/tmpmxiq8yi1']
[2023-10-17T11:20:29.253+0000] {standard_task_runner.py:85} INFO - Job 269: Subtask waiting_for_data
[2023-10-17T11:20:29.290+0000] {task_command.py:416} INFO - Running <TaskInstance: copy_tranform_to_mongo.waiting_for_data scheduled__2021-09-22T00:00:00+00:00 [running]> on host 238c1d4ff767
[2023-10-17T11:20:29.349+0000] {taskinstance.py:1662} INFO - Exporting env vars: AIRFLOW_CTX_DAG_OWNER='***' AIRFLOW_CTX_DAG_ID='copy_tranform_to_mongo' AIRFLOW_CTX_TASK_ID='waiting_for_data' AIRFLOW_CTX_EXECUTION_DATE='2021-09-22T00:00:00+00:00' AIRFLOW_CTX_TRY_NUMBER='1' AIRFLOW_CTX_DAG_RUN_ID='scheduled__2021-09-22T00:00:00+00:00'
[2023-10-17T11:20:29.356+0000] {base.py:73} INFO - Using connection ID 'fs_default' for task execution.
[2023-10-17T11:20:29.356+0000] {filesystem.py:64} INFO - Poking for file /opt/in/tiktok_google_play_reviews.csv
[2023-10-17T11:20:29.356+0000] {filesystem.py:69} INFO - Found File /opt/in/tiktok_google_play_reviews.csv last modified: 20220405221612
[2023-10-17T11:20:29.357+0000] {base.py:287} INFO - Success criteria met. Exiting.
[2023-10-17T11:20:29.364+0000] {taskinstance.py:1400} INFO - Marking task as SUCCESS. dag_id=copy_tranform_to_mongo, task_id=waiting_for_data, execution_date=20210922T000000, start_date=20231017T112029, end_date=20231017T112029
[2023-10-17T11:20:29.384+0000] {local_task_job_runner.py:228} INFO - Task exited with return code 0
[2023-10-17T11:20:29.400+0000] {taskinstance.py:2778} INFO - 0 downstream tasks scheduled from follow-on schedule check
[2023-10-18T10:48:19.602+0000] {taskinstance.py:1159} INFO - Dependencies all met for dep_context=non-requeueable deps ti=<TaskInstance: copy_tranform_to_mongo.waiting_for_data scheduled__2021-09-22T00:00:00+00:00 [queued]>
[2023-10-18T10:48:19.625+0000] {taskinstance.py:1159} INFO - Dependencies all met for dep_context=requeueable deps ti=<TaskInstance: copy_tranform_to_mongo.waiting_for_data scheduled__2021-09-22T00:00:00+00:00 [queued]>
[2023-10-18T10:48:19.626+0000] {taskinstance.py:1361} INFO - Starting attempt 1 of 1
[2023-10-18T10:48:19.647+0000] {taskinstance.py:1382} INFO - Executing <Task(FileSensor): waiting_for_data> on 2021-09-22 00:00:00+00:00
[2023-10-18T10:48:19.659+0000] {standard_task_runner.py:57} INFO - Started process 2128 to run task
[2023-10-18T10:48:19.667+0000] {standard_task_runner.py:84} INFO - Running: ['***', 'tasks', 'run', 'copy_tranform_to_mongo', 'waiting_for_data', 'scheduled__2021-09-22T00:00:00+00:00', '--job-id', '328', '--raw', '--subdir', 'DAGS_FOLDER/file_***-mongo.py', '--cfg-path', '/tmp/tmprcvtli5p']
[2023-10-18T10:48:19.668+0000] {standard_task_runner.py:85} INFO - Job 328: Subtask waiting_for_data
[2023-10-18T10:48:19.737+0000] {task_command.py:416} INFO - Running <TaskInstance: copy_tranform_to_mongo.waiting_for_data scheduled__2021-09-22T00:00:00+00:00 [running]> on host 2473b23ba069
[2023-10-18T10:48:19.830+0000] {taskinstance.py:1662} INFO - Exporting env vars: AIRFLOW_CTX_DAG_OWNER='***' AIRFLOW_CTX_DAG_ID='copy_tranform_to_mongo' AIRFLOW_CTX_TASK_ID='waiting_for_data' AIRFLOW_CTX_EXECUTION_DATE='2021-09-22T00:00:00+00:00' AIRFLOW_CTX_TRY_NUMBER='1' AIRFLOW_CTX_DAG_RUN_ID='scheduled__2021-09-22T00:00:00+00:00'
[2023-10-18T10:48:19.840+0000] {base.py:73} INFO - Using connection ID 'fs_default' for task execution.
[2023-10-18T10:48:19.840+0000] {filesystem.py:64} INFO - Poking for file /opt/in/tiktok_google_play_reviews.csv
[2023-10-18T10:48:19.841+0000] {filesystem.py:69} INFO - Found File /opt/in/tiktok_google_play_reviews.csv last modified: 20220405221612
[2023-10-18T10:48:19.841+0000] {base.py:287} INFO - Success criteria met. Exiting.
[2023-10-18T10:48:19.851+0000] {taskinstance.py:1400} INFO - Marking task as SUCCESS. dag_id=copy_tranform_to_mongo, task_id=waiting_for_data, execution_date=20210922T000000, start_date=20231018T104819, end_date=20231018T104819
[2023-10-18T10:48:19.878+0000] {local_task_job_runner.py:228} INFO - Task exited with return code 0
[2023-10-18T10:48:19.914+0000] {taskinstance.py:2778} INFO - 1 downstream tasks scheduled from follow-on schedule check
[2023-10-18T11:44:54.888+0000] {taskinstance.py:1159} INFO - Dependencies all met for dep_context=non-requeueable deps ti=<TaskInstance: copy_tranform_to_mongo.waiting_for_data scheduled__2021-09-22T00:00:00+00:00 [queued]>
[2023-10-18T11:44:54.901+0000] {taskinstance.py:1159} INFO - Dependencies all met for dep_context=requeueable deps ti=<TaskInstance: copy_tranform_to_mongo.waiting_for_data scheduled__2021-09-22T00:00:00+00:00 [queued]>
[2023-10-18T11:44:54.901+0000] {taskinstance.py:1361} INFO - Starting attempt 1 of 1
[2023-10-18T11:44:54.918+0000] {taskinstance.py:1382} INFO - Executing <Task(FileSensor): waiting_for_data> on 2021-09-22 00:00:00+00:00
[2023-10-18T11:44:54.927+0000] {standard_task_runner.py:57} INFO - Started process 1544 to run task
[2023-10-18T11:44:54.931+0000] {standard_task_runner.py:84} INFO - Running: ['***', 'tasks', 'run', 'copy_tranform_to_mongo', 'waiting_for_data', 'scheduled__2021-09-22T00:00:00+00:00', '--job-id', '493', '--raw', '--subdir', 'DAGS_FOLDER/file_***-mongo.py', '--cfg-path', '/tmp/tmpstddjhy3']
[2023-10-18T11:44:54.932+0000] {standard_task_runner.py:85} INFO - Job 493: Subtask waiting_for_data
[2023-10-18T11:44:55.006+0000] {task_command.py:416} INFO - Running <TaskInstance: copy_tranform_to_mongo.waiting_for_data scheduled__2021-09-22T00:00:00+00:00 [running]> on host 0e68aa52dfc7
[2023-10-18T11:44:55.099+0000] {taskinstance.py:1662} INFO - Exporting env vars: AIRFLOW_CTX_DAG_OWNER='***' AIRFLOW_CTX_DAG_ID='copy_tranform_to_mongo' AIRFLOW_CTX_TASK_ID='waiting_for_data' AIRFLOW_CTX_EXECUTION_DATE='2021-09-22T00:00:00+00:00' AIRFLOW_CTX_TRY_NUMBER='1' AIRFLOW_CTX_DAG_RUN_ID='scheduled__2021-09-22T00:00:00+00:00'
[2023-10-18T11:44:55.117+0000] {base.py:73} INFO - Using connection ID 'fs_default' for task execution.
[2023-10-18T11:44:55.117+0000] {filesystem.py:64} INFO - Poking for file /opt/in/tiktok_google_play_reviews.csv
[2023-10-18T11:44:55.117+0000] {filesystem.py:69} INFO - Found File /opt/in/tiktok_google_play_reviews.csv last modified: 20220405221612
[2023-10-18T11:44:55.117+0000] {base.py:287} INFO - Success criteria met. Exiting.
[2023-10-18T11:44:55.129+0000] {taskinstance.py:1400} INFO - Marking task as SUCCESS. dag_id=copy_tranform_to_mongo, task_id=waiting_for_data, execution_date=20210922T000000, start_date=20231018T114454, end_date=20231018T114455
[2023-10-18T11:44:55.187+0000] {local_task_job_runner.py:228} INFO - Task exited with return code 0
[2023-10-18T11:44:55.225+0000] {taskinstance.py:2778} INFO - 1 downstream tasks scheduled from follow-on schedule check
