[2023-10-17T11:21:05.842+0000] {taskinstance.py:1159} INFO - Dependencies all met for dep_context=non-requeueable deps ti=<TaskInstance: copy_tranform_to_mongo.waiting_for_data scheduled__2021-11-22T00:00:00+00:00 [queued]>
[2023-10-17T11:21:05.848+0000] {taskinstance.py:1159} INFO - Dependencies all met for dep_context=requeueable deps ti=<TaskInstance: copy_tranform_to_mongo.waiting_for_data scheduled__2021-11-22T00:00:00+00:00 [queued]>
[2023-10-17T11:21:05.848+0000] {taskinstance.py:1361} INFO - Starting attempt 1 of 1
[2023-10-17T11:21:05.857+0000] {taskinstance.py:1382} INFO - Executing <Task(FileSensor): waiting_for_data> on 2021-11-22 00:00:00+00:00
[2023-10-17T11:21:05.862+0000] {standard_task_runner.py:57} INFO - Started process 1107 to run task
[2023-10-17T11:21:05.863+0000] {standard_task_runner.py:84} INFO - Running: ['***', 'tasks', 'run', 'copy_tranform_to_mongo', 'waiting_for_data', 'scheduled__2021-11-22T00:00:00+00:00', '--job-id', '330', '--raw', '--subdir', 'DAGS_FOLDER/file_***-mongo.py', '--cfg-path', '/tmp/tmpezti_kqn']
[2023-10-17T11:21:05.864+0000] {standard_task_runner.py:85} INFO - Job 330: Subtask waiting_for_data
[2023-10-17T11:21:05.896+0000] {task_command.py:416} INFO - Running <TaskInstance: copy_tranform_to_mongo.waiting_for_data scheduled__2021-11-22T00:00:00+00:00 [running]> on host 238c1d4ff767
[2023-10-17T11:21:05.950+0000] {taskinstance.py:1662} INFO - Exporting env vars: AIRFLOW_CTX_DAG_OWNER='***' AIRFLOW_CTX_DAG_ID='copy_tranform_to_mongo' AIRFLOW_CTX_TASK_ID='waiting_for_data' AIRFLOW_CTX_EXECUTION_DATE='2021-11-22T00:00:00+00:00' AIRFLOW_CTX_TRY_NUMBER='1' AIRFLOW_CTX_DAG_RUN_ID='scheduled__2021-11-22T00:00:00+00:00'
[2023-10-17T11:21:05.957+0000] {base.py:73} INFO - Using connection ID 'fs_default' for task execution.
[2023-10-17T11:21:05.957+0000] {filesystem.py:64} INFO - Poking for file /opt/in/tiktok_google_play_reviews.csv
[2023-10-17T11:21:05.957+0000] {filesystem.py:69} INFO - Found File /opt/in/tiktok_google_play_reviews.csv last modified: 20220405221612
[2023-10-17T11:21:05.957+0000] {base.py:287} INFO - Success criteria met. Exiting.
[2023-10-17T11:21:05.963+0000] {taskinstance.py:1400} INFO - Marking task as SUCCESS. dag_id=copy_tranform_to_mongo, task_id=waiting_for_data, execution_date=20211122T000000, start_date=20231017T112105, end_date=20231017T112105
[2023-10-17T11:21:05.995+0000] {local_task_job_runner.py:228} INFO - Task exited with return code 0
[2023-10-17T11:21:06.020+0000] {taskinstance.py:2778} INFO - 0 downstream tasks scheduled from follow-on schedule check
[2023-10-18T11:45:30.428+0000] {taskinstance.py:1159} INFO - Dependencies all met for dep_context=non-requeueable deps ti=<TaskInstance: copy_tranform_to_mongo.waiting_for_data scheduled__2021-11-22T00:00:00+00:00 [queued]>
[2023-10-18T11:45:30.436+0000] {taskinstance.py:1159} INFO - Dependencies all met for dep_context=requeueable deps ti=<TaskInstance: copy_tranform_to_mongo.waiting_for_data scheduled__2021-11-22T00:00:00+00:00 [queued]>
[2023-10-18T11:45:30.437+0000] {taskinstance.py:1361} INFO - Starting attempt 1 of 1
[2023-10-18T11:45:30.451+0000] {taskinstance.py:1382} INFO - Executing <Task(FileSensor): waiting_for_data> on 2021-11-22 00:00:00+00:00
[2023-10-18T11:45:30.459+0000] {standard_task_runner.py:57} INFO - Started process 1797 to run task
[2023-10-18T11:45:30.463+0000] {standard_task_runner.py:84} INFO - Running: ['***', 'tasks', 'run', 'copy_tranform_to_mongo', 'waiting_for_data', 'scheduled__2021-11-22T00:00:00+00:00', '--job-id', '615', '--raw', '--subdir', 'DAGS_FOLDER/file_***-mongo.py', '--cfg-path', '/tmp/tmpwz95f326']
[2023-10-18T11:45:30.464+0000] {standard_task_runner.py:85} INFO - Job 615: Subtask waiting_for_data
[2023-10-18T11:45:30.507+0000] {task_command.py:416} INFO - Running <TaskInstance: copy_tranform_to_mongo.waiting_for_data scheduled__2021-11-22T00:00:00+00:00 [running]> on host 0e68aa52dfc7
[2023-10-18T11:45:30.591+0000] {taskinstance.py:1662} INFO - Exporting env vars: AIRFLOW_CTX_DAG_OWNER='***' AIRFLOW_CTX_DAG_ID='copy_tranform_to_mongo' AIRFLOW_CTX_TASK_ID='waiting_for_data' AIRFLOW_CTX_EXECUTION_DATE='2021-11-22T00:00:00+00:00' AIRFLOW_CTX_TRY_NUMBER='1' AIRFLOW_CTX_DAG_RUN_ID='scheduled__2021-11-22T00:00:00+00:00'
[2023-10-18T11:45:30.601+0000] {base.py:73} INFO - Using connection ID 'fs_default' for task execution.
[2023-10-18T11:45:30.601+0000] {filesystem.py:64} INFO - Poking for file /opt/in/tiktok_google_play_reviews.csv
[2023-10-18T11:45:30.601+0000] {filesystem.py:69} INFO - Found File /opt/in/tiktok_google_play_reviews.csv last modified: 20220405221612
[2023-10-18T11:45:30.602+0000] {base.py:287} INFO - Success criteria met. Exiting.
[2023-10-18T11:45:30.611+0000] {taskinstance.py:1400} INFO - Marking task as SUCCESS. dag_id=copy_tranform_to_mongo, task_id=waiting_for_data, execution_date=20211122T000000, start_date=20231018T114530, end_date=20231018T114530
[2023-10-18T11:45:30.636+0000] {local_task_job_runner.py:228} INFO - Task exited with return code 0
[2023-10-18T11:45:30.689+0000] {taskinstance.py:2778} INFO - 0 downstream tasks scheduled from follow-on schedule check
