[2023-10-17T11:21:58.015+0000] {taskinstance.py:1159} INFO - Dependencies all met for dep_context=non-requeueable deps ti=<TaskInstance: copy_tranform_to_mongo.waiting_for_data scheduled__2022-02-13T00:00:00+00:00 [queued]>
[2023-10-17T11:21:58.024+0000] {taskinstance.py:1159} INFO - Dependencies all met for dep_context=requeueable deps ti=<TaskInstance: copy_tranform_to_mongo.waiting_for_data scheduled__2022-02-13T00:00:00+00:00 [queued]>
[2023-10-17T11:21:58.024+0000] {taskinstance.py:1361} INFO - Starting attempt 1 of 1
[2023-10-17T11:21:58.063+0000] {taskinstance.py:1382} INFO - Executing <Task(FileSensor): waiting_for_data> on 2022-02-13 00:00:00+00:00
[2023-10-17T11:21:58.071+0000] {standard_task_runner.py:57} INFO - Started process 1290 to run task
[2023-10-17T11:21:58.074+0000] {standard_task_runner.py:84} INFO - Running: ['***', 'tasks', 'run', 'copy_tranform_to_mongo', 'waiting_for_data', 'scheduled__2022-02-13T00:00:00+00:00', '--job-id', '413', '--raw', '--subdir', 'DAGS_FOLDER/file_***-mongo.py', '--cfg-path', '/tmp/tmpd2222zbb']
[2023-10-17T11:21:58.075+0000] {standard_task_runner.py:85} INFO - Job 413: Subtask waiting_for_data
[2023-10-17T11:21:58.126+0000] {task_command.py:416} INFO - Running <TaskInstance: copy_tranform_to_mongo.waiting_for_data scheduled__2022-02-13T00:00:00+00:00 [running]> on host 238c1d4ff767
[2023-10-17T11:21:58.209+0000] {taskinstance.py:1662} INFO - Exporting env vars: AIRFLOW_CTX_DAG_OWNER='***' AIRFLOW_CTX_DAG_ID='copy_tranform_to_mongo' AIRFLOW_CTX_TASK_ID='waiting_for_data' AIRFLOW_CTX_EXECUTION_DATE='2022-02-13T00:00:00+00:00' AIRFLOW_CTX_TRY_NUMBER='1' AIRFLOW_CTX_DAG_RUN_ID='scheduled__2022-02-13T00:00:00+00:00'
[2023-10-17T11:21:58.217+0000] {base.py:73} INFO - Using connection ID 'fs_default' for task execution.
[2023-10-17T11:21:58.218+0000] {filesystem.py:64} INFO - Poking for file /opt/in/tiktok_google_play_reviews.csv
[2023-10-17T11:21:58.218+0000] {filesystem.py:69} INFO - Found File /opt/in/tiktok_google_play_reviews.csv last modified: 20220405221612
[2023-10-17T11:21:58.218+0000] {base.py:287} INFO - Success criteria met. Exiting.
[2023-10-17T11:21:58.225+0000] {taskinstance.py:1400} INFO - Marking task as SUCCESS. dag_id=copy_tranform_to_mongo, task_id=waiting_for_data, execution_date=20220213T000000, start_date=20231017T112158, end_date=20231017T112158
[2023-10-17T11:21:58.249+0000] {local_task_job_runner.py:228} INFO - Task exited with return code 0
[2023-10-17T11:21:58.262+0000] {taskinstance.py:2778} INFO - 0 downstream tasks scheduled from follow-on schedule check
[2023-10-18T11:46:19.763+0000] {taskinstance.py:1159} INFO - Dependencies all met for dep_context=non-requeueable deps ti=<TaskInstance: copy_tranform_to_mongo.waiting_for_data scheduled__2022-02-13T00:00:00+00:00 [queued]>
[2023-10-18T11:46:19.775+0000] {taskinstance.py:1159} INFO - Dependencies all met for dep_context=requeueable deps ti=<TaskInstance: copy_tranform_to_mongo.waiting_for_data scheduled__2022-02-13T00:00:00+00:00 [queued]>
[2023-10-18T11:46:19.775+0000] {taskinstance.py:1361} INFO - Starting attempt 1 of 1
[2023-10-18T11:46:19.786+0000] {taskinstance.py:1382} INFO - Executing <Task(FileSensor): waiting_for_data> on 2022-02-13 00:00:00+00:00
[2023-10-18T11:46:19.794+0000] {standard_task_runner.py:57} INFO - Started process 2134 to run task
[2023-10-18T11:46:19.797+0000] {standard_task_runner.py:84} INFO - Running: ['***', 'tasks', 'run', 'copy_tranform_to_mongo', 'waiting_for_data', 'scheduled__2022-02-13T00:00:00+00:00', '--job-id', '781', '--raw', '--subdir', 'DAGS_FOLDER/file_***-mongo.py', '--cfg-path', '/tmp/tmp_l1l8pmh']
[2023-10-18T11:46:19.798+0000] {standard_task_runner.py:85} INFO - Job 781: Subtask waiting_for_data
[2023-10-18T11:46:19.841+0000] {task_command.py:416} INFO - Running <TaskInstance: copy_tranform_to_mongo.waiting_for_data scheduled__2022-02-13T00:00:00+00:00 [running]> on host 0e68aa52dfc7
[2023-10-18T11:46:19.911+0000] {taskinstance.py:1662} INFO - Exporting env vars: AIRFLOW_CTX_DAG_OWNER='***' AIRFLOW_CTX_DAG_ID='copy_tranform_to_mongo' AIRFLOW_CTX_TASK_ID='waiting_for_data' AIRFLOW_CTX_EXECUTION_DATE='2022-02-13T00:00:00+00:00' AIRFLOW_CTX_TRY_NUMBER='1' AIRFLOW_CTX_DAG_RUN_ID='scheduled__2022-02-13T00:00:00+00:00'
[2023-10-18T11:46:19.924+0000] {base.py:73} INFO - Using connection ID 'fs_default' for task execution.
[2023-10-18T11:46:19.925+0000] {filesystem.py:64} INFO - Poking for file /opt/in/tiktok_google_play_reviews.csv
[2023-10-18T11:46:19.925+0000] {filesystem.py:69} INFO - Found File /opt/in/tiktok_google_play_reviews.csv last modified: 20220405221612
[2023-10-18T11:46:19.925+0000] {base.py:287} INFO - Success criteria met. Exiting.
[2023-10-18T11:46:19.934+0000] {taskinstance.py:1400} INFO - Marking task as SUCCESS. dag_id=copy_tranform_to_mongo, task_id=waiting_for_data, execution_date=20220213T000000, start_date=20231018T114619, end_date=20231018T114619
[2023-10-18T11:46:19.969+0000] {local_task_job_runner.py:228} INFO - Task exited with return code 0
[2023-10-18T11:46:19.993+0000] {taskinstance.py:2778} INFO - 1 downstream tasks scheduled from follow-on schedule check
