[2023-10-17T11:26:43.085+0000] {taskinstance.py:1159} INFO - Dependencies all met for dep_context=non-requeueable deps ti=<TaskInstance: copy_tranform_to_mongo.waiting_for_data scheduled__2023-07-11T00:00:00+00:00 [queued]>
[2023-10-17T11:26:43.092+0000] {taskinstance.py:1159} INFO - Dependencies all met for dep_context=requeueable deps ti=<TaskInstance: copy_tranform_to_mongo.waiting_for_data scheduled__2023-07-11T00:00:00+00:00 [queued]>
[2023-10-17T11:26:43.092+0000] {taskinstance.py:1361} INFO - Starting attempt 1 of 1
[2023-10-17T11:26:43.109+0000] {taskinstance.py:1382} INFO - Executing <Task(FileSensor): waiting_for_data> on 2023-07-11 00:00:00+00:00
[2023-10-17T11:26:43.116+0000] {standard_task_runner.py:57} INFO - Started process 2388 to run task
[2023-10-17T11:26:43.118+0000] {standard_task_runner.py:84} INFO - Running: ['***', 'tasks', 'run', 'copy_tranform_to_mongo', 'waiting_for_data', 'scheduled__2023-07-11T00:00:00+00:00', '--job-id', '926', '--raw', '--subdir', 'DAGS_FOLDER/file_***-mongo.py', '--cfg-path', '/tmp/tmp_m0pdna8']
[2023-10-17T11:26:43.119+0000] {standard_task_runner.py:85} INFO - Job 926: Subtask waiting_for_data
[2023-10-17T11:26:43.158+0000] {task_command.py:416} INFO - Running <TaskInstance: copy_tranform_to_mongo.waiting_for_data scheduled__2023-07-11T00:00:00+00:00 [running]> on host 238c1d4ff767
[2023-10-17T11:26:43.231+0000] {taskinstance.py:1662} INFO - Exporting env vars: AIRFLOW_CTX_DAG_OWNER='***' AIRFLOW_CTX_DAG_ID='copy_tranform_to_mongo' AIRFLOW_CTX_TASK_ID='waiting_for_data' AIRFLOW_CTX_EXECUTION_DATE='2023-07-11T00:00:00+00:00' AIRFLOW_CTX_TRY_NUMBER='1' AIRFLOW_CTX_DAG_RUN_ID='scheduled__2023-07-11T00:00:00+00:00'
[2023-10-17T11:26:43.241+0000] {base.py:73} INFO - Using connection ID 'fs_default' for task execution.
[2023-10-17T11:26:43.242+0000] {filesystem.py:64} INFO - Poking for file /opt/in/tiktok_google_play_reviews.csv
[2023-10-17T11:26:43.243+0000] {filesystem.py:69} INFO - Found File /opt/in/tiktok_google_play_reviews.csv last modified: 20220405221612
[2023-10-17T11:26:43.243+0000] {base.py:287} INFO - Success criteria met. Exiting.
[2023-10-17T11:26:43.252+0000] {taskinstance.py:1400} INFO - Marking task as SUCCESS. dag_id=copy_tranform_to_mongo, task_id=waiting_for_data, execution_date=20230711T000000, start_date=20231017T112643, end_date=20231017T112643
[2023-10-17T11:26:43.291+0000] {local_task_job_runner.py:228} INFO - Task exited with return code 0
[2023-10-17T11:26:43.348+0000] {taskinstance.py:2778} INFO - 0 downstream tasks scheduled from follow-on schedule check
[2023-10-18T11:51:56.138+0000] {taskinstance.py:1159} INFO - Dependencies all met for dep_context=non-requeueable deps ti=<TaskInstance: copy_tranform_to_mongo.waiting_for_data scheduled__2023-07-11T00:00:00+00:00 [queued]>
[2023-10-18T11:51:56.151+0000] {taskinstance.py:1159} INFO - Dependencies all met for dep_context=requeueable deps ti=<TaskInstance: copy_tranform_to_mongo.waiting_for_data scheduled__2023-07-11T00:00:00+00:00 [queued]>
[2023-10-18T11:51:56.151+0000] {taskinstance.py:1361} INFO - Starting attempt 1 of 1
[2023-10-18T11:51:56.166+0000] {taskinstance.py:1382} INFO - Executing <Task(FileSensor): waiting_for_data> on 2023-07-11 00:00:00+00:00
[2023-10-18T11:51:56.173+0000] {standard_task_runner.py:57} INFO - Started process 4276 to run task
[2023-10-18T11:51:56.176+0000] {standard_task_runner.py:84} INFO - Running: ['***', 'tasks', 'run', 'copy_tranform_to_mongo', 'waiting_for_data', 'scheduled__2023-07-11T00:00:00+00:00', '--job-id', '1807', '--raw', '--subdir', 'DAGS_FOLDER/file_***-mongo.py', '--cfg-path', '/tmp/tmpy9yum_c0']
[2023-10-18T11:51:56.177+0000] {standard_task_runner.py:85} INFO - Job 1807: Subtask waiting_for_data
[2023-10-18T11:51:56.230+0000] {task_command.py:416} INFO - Running <TaskInstance: copy_tranform_to_mongo.waiting_for_data scheduled__2023-07-11T00:00:00+00:00 [running]> on host 0e68aa52dfc7
[2023-10-18T11:51:56.301+0000] {taskinstance.py:1662} INFO - Exporting env vars: AIRFLOW_CTX_DAG_OWNER='***' AIRFLOW_CTX_DAG_ID='copy_tranform_to_mongo' AIRFLOW_CTX_TASK_ID='waiting_for_data' AIRFLOW_CTX_EXECUTION_DATE='2023-07-11T00:00:00+00:00' AIRFLOW_CTX_TRY_NUMBER='1' AIRFLOW_CTX_DAG_RUN_ID='scheduled__2023-07-11T00:00:00+00:00'
[2023-10-18T11:51:56.311+0000] {base.py:73} INFO - Using connection ID 'fs_default' for task execution.
[2023-10-18T11:51:56.311+0000] {filesystem.py:64} INFO - Poking for file /opt/in/tiktok_google_play_reviews.csv
[2023-10-18T11:51:56.312+0000] {filesystem.py:69} INFO - Found File /opt/in/tiktok_google_play_reviews.csv last modified: 20220405221612
[2023-10-18T11:51:56.312+0000] {base.py:287} INFO - Success criteria met. Exiting.
[2023-10-18T11:51:56.324+0000] {taskinstance.py:1400} INFO - Marking task as SUCCESS. dag_id=copy_tranform_to_mongo, task_id=waiting_for_data, execution_date=20230711T000000, start_date=20231018T115156, end_date=20231018T115156
[2023-10-18T11:51:56.351+0000] {local_task_job_runner.py:228} INFO - Task exited with return code 0
[2023-10-18T11:51:56.382+0000] {taskinstance.py:2778} INFO - 1 downstream tasks scheduled from follow-on schedule check
