[2023-10-19T14:10:49.391+0000] {taskinstance.py:1159} INFO - Dependencies all met for dep_context=non-requeueable deps ti=<TaskInstance: copy_tranform_to_mongo.transform_data_by_pandas manual__2023-10-19T14:10:47.024185+00:00 [queued]>
[2023-10-19T14:10:49.399+0000] {taskinstance.py:1159} INFO - Dependencies all met for dep_context=requeueable deps ti=<TaskInstance: copy_tranform_to_mongo.transform_data_by_pandas manual__2023-10-19T14:10:47.024185+00:00 [queued]>
[2023-10-19T14:10:49.399+0000] {taskinstance.py:1361} INFO - Starting attempt 1 of 1
[2023-10-19T14:10:49.410+0000] {taskinstance.py:1382} INFO - Executing <Task(DockerOperator): transform_data_by_pandas> on 2023-10-19 14:10:47.024185+00:00
[2023-10-19T14:10:49.414+0000] {standard_task_runner.py:57} INFO - Started process 162 to run task
[2023-10-19T14:10:49.416+0000] {standard_task_runner.py:84} INFO - Running: ['***', 'tasks', 'run', 'copy_tranform_to_mongo', 'transform_data_by_pandas', 'manual__2023-10-19T14:10:47.024185+00:00', '--job-id', '9', '--raw', '--subdir', 'DAGS_FOLDER/file_***-mongo.py', '--cfg-path', '/tmp/tmpx0suwdje']
[2023-10-19T14:10:49.417+0000] {standard_task_runner.py:85} INFO - Job 9: Subtask transform_data_by_pandas
[2023-10-19T14:10:49.447+0000] {task_command.py:416} INFO - Running <TaskInstance: copy_tranform_to_mongo.transform_data_by_pandas manual__2023-10-19T14:10:47.024185+00:00 [running]> on host 298aa8126952
[2023-10-19T14:10:49.495+0000] {taskinstance.py:1662} INFO - Exporting env vars: AIRFLOW_CTX_DAG_OWNER='***' AIRFLOW_CTX_DAG_ID='copy_tranform_to_mongo' AIRFLOW_CTX_TASK_ID='transform_data_by_pandas' AIRFLOW_CTX_EXECUTION_DATE='2023-10-19T14:10:47.024185+00:00' AIRFLOW_CTX_TRY_NUMBER='1' AIRFLOW_CTX_DAG_RUN_ID='manual__2023-10-19T14:10:47.024185+00:00'
[2023-10-19T14:10:49.506+0000] {docker.py:337} INFO - Starting docker container from image python/pandas:1.0.0
[2023-10-19T14:10:50.087+0000] {docker.py:406} INFO - Input Notebook:  /opt/pandasapp/notebooks/tiktok_google_reviews.ipynb
Output Notebook: /opt/pandasapp/notebooks/tiktok_google_reviews.ipynb
[2023-10-19T14:10:50.132+0000] {docker.py:406} INFO - Executing:   0%|          | 0/27 [00:00<?, ?cell/s]
[2023-10-19T14:10:51.113+0000] {docker.py:406} INFO - Executing notebook with kernel: python3
[2023-10-19T14:10:51.130+0000] {docker.py:406} INFO - Executing:   4%|▎         | 1/27 [00:00<00:25,  1.00cell/s]
[2023-10-19T14:10:51.752+0000] {docker.py:406} INFO - Executing:  15%|█▍        | 4/27 [00:01<00:08,  2.80cell/s]
[2023-10-19T14:10:53.097+0000] {docker.py:406} INFO - Executing:  22%|██▏       | 6/27 [00:02<00:10,  2.02cell/s]
[2023-10-19T14:10:53.231+0000] {docker.py:406} INFO - Executing:  44%|████▍     | 12/27 [00:03<00:02,  5.35cell/s]
[2023-10-19T14:10:53.404+0000] {docker.py:406} INFO - Executing:  59%|█████▉    | 16/27 [00:03<00:01,  7.58cell/s]
[2023-10-19T14:10:53.773+0000] {docker.py:406} INFO - Executing:  70%|███████   | 19/27 [00:03<00:01,  7.73cell/s]
[2023-10-19T14:10:54.121+0000] {docker.py:406} INFO - Executing:  78%|███████▊  | 21/27 [00:03<00:00,  7.19cell/s]
[2023-10-19T14:10:54.467+0000] {docker.py:406} INFO - Executing:  85%|████████▌ | 23/27 [00:04<00:00,  6.80cell/s]
[2023-10-19T14:10:55.130+0000] {docker.py:406} INFO - Executing:  96%|█████████▋| 26/27 [00:04<00:00,  5.82cell/s]
[2023-10-19T14:10:55.565+0000] {docker.py:406} INFO - Executing: 100%|██████████| 27/27 [00:05<00:00,  4.97cell/s]
[2023-10-19T14:10:55.998+0000] {taskinstance.py:1400} INFO - Marking task as SUCCESS. dag_id=copy_tranform_to_mongo, task_id=transform_data_by_pandas, execution_date=20231019T141047, start_date=20231019T141049, end_date=20231019T141055
[2023-10-19T14:10:56.043+0000] {local_task_job_runner.py:228} INFO - Task exited with return code 0
[2023-10-19T14:10:56.071+0000] {taskinstance.py:2778} INFO - 1 downstream tasks scheduled from follow-on schedule check
