[2023-10-17T11:21:55.856+0000] {taskinstance.py:1159} INFO - Dependencies all met for dep_context=non-requeueable deps ti=<TaskInstance: copy_tranform_to_mongo.waiting_for_data scheduled__2022-02-07T00:00:00+00:00 [queued]>
[2023-10-17T11:21:55.865+0000] {taskinstance.py:1159} INFO - Dependencies all met for dep_context=requeueable deps ti=<TaskInstance: copy_tranform_to_mongo.waiting_for_data scheduled__2022-02-07T00:00:00+00:00 [queued]>
[2023-10-17T11:21:55.865+0000] {taskinstance.py:1361} INFO - Starting attempt 1 of 1
[2023-10-17T11:21:55.921+0000] {taskinstance.py:1382} INFO - Executing <Task(FileSensor): waiting_for_data> on 2022-02-07 00:00:00+00:00
[2023-10-17T11:21:55.929+0000] {standard_task_runner.py:57} INFO - Started process 1278 to run task
[2023-10-17T11:21:55.932+0000] {standard_task_runner.py:84} INFO - Running: ['***', 'tasks', 'run', 'copy_tranform_to_mongo', 'waiting_for_data', 'scheduled__2022-02-07T00:00:00+00:00', '--job-id', '407', '--raw', '--subdir', 'DAGS_FOLDER/file_***-mongo.py', '--cfg-path', '/tmp/tmpoqbak62a']
[2023-10-17T11:21:55.933+0000] {standard_task_runner.py:85} INFO - Job 407: Subtask waiting_for_data
[2023-10-17T11:21:55.979+0000] {task_command.py:416} INFO - Running <TaskInstance: copy_tranform_to_mongo.waiting_for_data scheduled__2022-02-07T00:00:00+00:00 [running]> on host 238c1d4ff767
[2023-10-17T11:21:56.064+0000] {taskinstance.py:1662} INFO - Exporting env vars: AIRFLOW_CTX_DAG_OWNER='***' AIRFLOW_CTX_DAG_ID='copy_tranform_to_mongo' AIRFLOW_CTX_TASK_ID='waiting_for_data' AIRFLOW_CTX_EXECUTION_DATE='2022-02-07T00:00:00+00:00' AIRFLOW_CTX_TRY_NUMBER='1' AIRFLOW_CTX_DAG_RUN_ID='scheduled__2022-02-07T00:00:00+00:00'
[2023-10-17T11:21:56.071+0000] {base.py:73} INFO - Using connection ID 'fs_default' for task execution.
[2023-10-17T11:21:56.072+0000] {filesystem.py:64} INFO - Poking for file /opt/in/tiktok_google_play_reviews.csv
[2023-10-17T11:21:56.072+0000] {filesystem.py:69} INFO - Found File /opt/in/tiktok_google_play_reviews.csv last modified: 20220405221612
[2023-10-17T11:21:56.072+0000] {base.py:287} INFO - Success criteria met. Exiting.
[2023-10-17T11:21:56.080+0000] {taskinstance.py:1400} INFO - Marking task as SUCCESS. dag_id=copy_tranform_to_mongo, task_id=waiting_for_data, execution_date=20220207T000000, start_date=20231017T112155, end_date=20231017T112156
[2023-10-17T11:21:56.103+0000] {local_task_job_runner.py:228} INFO - Task exited with return code 0
[2023-10-17T11:21:56.120+0000] {taskinstance.py:2778} INFO - 0 downstream tasks scheduled from follow-on schedule check
[2023-10-18T11:46:14.304+0000] {taskinstance.py:1159} INFO - Dependencies all met for dep_context=non-requeueable deps ti=<TaskInstance: copy_tranform_to_mongo.waiting_for_data scheduled__2022-02-07T00:00:00+00:00 [queued]>
[2023-10-18T11:46:14.314+0000] {taskinstance.py:1159} INFO - Dependencies all met for dep_context=requeueable deps ti=<TaskInstance: copy_tranform_to_mongo.waiting_for_data scheduled__2022-02-07T00:00:00+00:00 [queued]>
[2023-10-18T11:46:14.314+0000] {taskinstance.py:1361} INFO - Starting attempt 1 of 1
[2023-10-18T11:46:14.328+0000] {taskinstance.py:1382} INFO - Executing <Task(FileSensor): waiting_for_data> on 2022-02-07 00:00:00+00:00
[2023-10-18T11:46:14.340+0000] {standard_task_runner.py:57} INFO - Started process 2109 to run task
[2023-10-18T11:46:14.343+0000] {standard_task_runner.py:84} INFO - Running: ['***', 'tasks', 'run', 'copy_tranform_to_mongo', 'waiting_for_data', 'scheduled__2022-02-07T00:00:00+00:00', '--job-id', '767', '--raw', '--subdir', 'DAGS_FOLDER/file_***-mongo.py', '--cfg-path', '/tmp/tmpvi6i_khv']
[2023-10-18T11:46:14.344+0000] {standard_task_runner.py:85} INFO - Job 767: Subtask waiting_for_data
[2023-10-18T11:46:14.384+0000] {task_command.py:416} INFO - Running <TaskInstance: copy_tranform_to_mongo.waiting_for_data scheduled__2022-02-07T00:00:00+00:00 [running]> on host 0e68aa52dfc7
[2023-10-18T11:46:14.453+0000] {taskinstance.py:1662} INFO - Exporting env vars: AIRFLOW_CTX_DAG_OWNER='***' AIRFLOW_CTX_DAG_ID='copy_tranform_to_mongo' AIRFLOW_CTX_TASK_ID='waiting_for_data' AIRFLOW_CTX_EXECUTION_DATE='2022-02-07T00:00:00+00:00' AIRFLOW_CTX_TRY_NUMBER='1' AIRFLOW_CTX_DAG_RUN_ID='scheduled__2022-02-07T00:00:00+00:00'
[2023-10-18T11:46:14.461+0000] {base.py:73} INFO - Using connection ID 'fs_default' for task execution.
[2023-10-18T11:46:14.462+0000] {filesystem.py:64} INFO - Poking for file /opt/in/tiktok_google_play_reviews.csv
[2023-10-18T11:46:14.462+0000] {filesystem.py:69} INFO - Found File /opt/in/tiktok_google_play_reviews.csv last modified: 20220405221612
[2023-10-18T11:46:14.462+0000] {base.py:287} INFO - Success criteria met. Exiting.
[2023-10-18T11:46:14.470+0000] {taskinstance.py:1400} INFO - Marking task as SUCCESS. dag_id=copy_tranform_to_mongo, task_id=waiting_for_data, execution_date=20220207T000000, start_date=20231018T114614, end_date=20231018T114614
[2023-10-18T11:46:14.514+0000] {local_task_job_runner.py:228} INFO - Task exited with return code 0
[2023-10-18T11:46:14.535+0000] {taskinstance.py:2778} INFO - 1 downstream tasks scheduled from follow-on schedule check
