[2023-10-17T11:19:00.152+0000] {taskinstance.py:1159} INFO - Dependencies all met for dep_context=non-requeueable deps ti=<TaskInstance: copy_tranform_to_mongo.waiting_for_data scheduled__2021-02-16T00:00:00+00:00 [queued]>
[2023-10-17T11:19:00.159+0000] {taskinstance.py:1159} INFO - Dependencies all met for dep_context=requeueable deps ti=<TaskInstance: copy_tranform_to_mongo.waiting_for_data scheduled__2021-02-16T00:00:00+00:00 [queued]>
[2023-10-17T11:19:00.159+0000] {taskinstance.py:1361} INFO - Starting attempt 1 of 1
[2023-10-17T11:19:00.168+0000] {taskinstance.py:1382} INFO - Executing <Task(FileSensor): waiting_for_data> on 2021-02-16 00:00:00+00:00
[2023-10-17T11:19:00.174+0000] {standard_task_runner.py:57} INFO - Started process 517 to run task
[2023-10-17T11:19:00.176+0000] {standard_task_runner.py:84} INFO - Running: ['***', 'tasks', 'run', 'copy_tranform_to_mongo', 'waiting_for_data', 'scheduled__2021-02-16T00:00:00+00:00', '--job-id', '51', '--raw', '--subdir', 'DAGS_FOLDER/file_***-mongo.py', '--cfg-path', '/tmp/tmpuylg_4lq']
[2023-10-17T11:19:00.177+0000] {standard_task_runner.py:85} INFO - Job 51: Subtask waiting_for_data
[2023-10-17T11:19:00.213+0000] {task_command.py:416} INFO - Running <TaskInstance: copy_tranform_to_mongo.waiting_for_data scheduled__2021-02-16T00:00:00+00:00 [running]> on host 238c1d4ff767
[2023-10-17T11:19:00.273+0000] {taskinstance.py:1662} INFO - Exporting env vars: AIRFLOW_CTX_DAG_OWNER='***' AIRFLOW_CTX_DAG_ID='copy_tranform_to_mongo' AIRFLOW_CTX_TASK_ID='waiting_for_data' AIRFLOW_CTX_EXECUTION_DATE='2021-02-16T00:00:00+00:00' AIRFLOW_CTX_TRY_NUMBER='1' AIRFLOW_CTX_DAG_RUN_ID='scheduled__2021-02-16T00:00:00+00:00'
[2023-10-17T11:19:00.280+0000] {base.py:73} INFO - Using connection ID 'fs_default' for task execution.
[2023-10-17T11:19:00.280+0000] {filesystem.py:64} INFO - Poking for file /opt/in/tiktok_google_play_reviews.csv
[2023-10-17T11:19:00.280+0000] {filesystem.py:69} INFO - Found File /opt/in/tiktok_google_play_reviews.csv last modified: 20220405221612
[2023-10-17T11:19:00.280+0000] {base.py:287} INFO - Success criteria met. Exiting.
[2023-10-17T11:19:00.286+0000] {taskinstance.py:1400} INFO - Marking task as SUCCESS. dag_id=copy_tranform_to_mongo, task_id=waiting_for_data, execution_date=20210216T000000, start_date=20231017T111900, end_date=20231017T111900
[2023-10-17T11:19:00.308+0000] {local_task_job_runner.py:228} INFO - Task exited with return code 0
[2023-10-17T11:19:00.320+0000] {taskinstance.py:2778} INFO - 0 downstream tasks scheduled from follow-on schedule check
[2023-10-18T10:42:29.768+0000] {taskinstance.py:1159} INFO - Dependencies all met for dep_context=non-requeueable deps ti=<TaskInstance: copy_tranform_to_mongo.waiting_for_data scheduled__2021-02-16T00:00:00+00:00 [queued]>
[2023-10-18T10:42:29.779+0000] {taskinstance.py:1159} INFO - Dependencies all met for dep_context=requeueable deps ti=<TaskInstance: copy_tranform_to_mongo.waiting_for_data scheduled__2021-02-16T00:00:00+00:00 [queued]>
[2023-10-18T10:42:29.779+0000] {taskinstance.py:1361} INFO - Starting attempt 1 of 1
[2023-10-18T10:42:29.838+0000] {taskinstance.py:1382} INFO - Executing <Task(FileSensor): waiting_for_data> on 2021-02-16 00:00:00+00:00
[2023-10-18T10:42:29.842+0000] {standard_task_runner.py:57} INFO - Started process 1482 to run task
[2023-10-18T10:42:29.845+0000] {standard_task_runner.py:84} INFO - Running: ['***', 'tasks', 'run', 'copy_tranform_to_mongo', 'waiting_for_data', 'scheduled__2021-02-16T00:00:00+00:00', '--job-id', '50', '--raw', '--subdir', 'DAGS_FOLDER/file_***-mongo.py', '--cfg-path', '/tmp/tmpn75u5mie']
[2023-10-18T10:42:29.846+0000] {standard_task_runner.py:85} INFO - Job 50: Subtask waiting_for_data
[2023-10-18T10:42:29.898+0000] {task_command.py:416} INFO - Running <TaskInstance: copy_tranform_to_mongo.waiting_for_data scheduled__2021-02-16T00:00:00+00:00 [running]> on host 2473b23ba069
[2023-10-18T10:42:29.978+0000] {taskinstance.py:1662} INFO - Exporting env vars: AIRFLOW_CTX_DAG_OWNER='***' AIRFLOW_CTX_DAG_ID='copy_tranform_to_mongo' AIRFLOW_CTX_TASK_ID='waiting_for_data' AIRFLOW_CTX_EXECUTION_DATE='2021-02-16T00:00:00+00:00' AIRFLOW_CTX_TRY_NUMBER='1' AIRFLOW_CTX_DAG_RUN_ID='scheduled__2021-02-16T00:00:00+00:00'
[2023-10-18T10:42:29.997+0000] {taskinstance.py:1937} ERROR - Task failed with exception
Traceback (most recent call last):
  File "/home/airflow/.local/lib/python3.8/site-packages/airflow/sensors/base.py", line 257, in execute
    raise e
  File "/home/airflow/.local/lib/python3.8/site-packages/airflow/sensors/base.py", line 239, in execute
    poke_return = self.poke(context)
  File "/home/airflow/.local/lib/python3.8/site-packages/airflow/sensors/filesystem.py", line 61, in poke
    hook = FSHook(self.fs_conn_id)
  File "/home/airflow/.local/lib/python3.8/site-packages/airflow/hooks/filesystem.py", line 38, in __init__
    conn = self.get_connection(conn_id)
  File "/home/airflow/.local/lib/python3.8/site-packages/airflow/hooks/base.py", line 72, in get_connection
    conn = Connection.get_connection_from_secrets(conn_id)
  File "/home/airflow/.local/lib/python3.8/site-packages/airflow/models/connection.py", line 477, in get_connection_from_secrets
    raise AirflowNotFoundException(f"The conn_id `{conn_id}` isn't defined")
airflow.exceptions.AirflowNotFoundException: The conn_id `fs_default` isn't defined
[2023-10-18T10:42:30.002+0000] {taskinstance.py:1400} INFO - Marking task as FAILED. dag_id=copy_tranform_to_mongo, task_id=waiting_for_data, execution_date=20210216T000000, start_date=20231018T104229, end_date=20231018T104230
[2023-10-18T10:42:30.019+0000] {standard_task_runner.py:104} ERROR - Failed to execute job 50 for task waiting_for_data (The conn_id `fs_default` isn't defined; 1482)
[2023-10-18T10:42:30.058+0000] {local_task_job_runner.py:228} INFO - Task exited with return code 1
[2023-10-18T10:42:30.095+0000] {taskinstance.py:2778} INFO - 0 downstream tasks scheduled from follow-on schedule check
[2023-10-18T11:16:59.598+0000] {taskinstance.py:1159} INFO - Dependencies all met for dep_context=non-requeueable deps ti=<TaskInstance: copy_tranform_to_mongo.waiting_for_data scheduled__2021-02-16T00:00:00+00:00 [queued]>
[2023-10-18T11:16:59.605+0000] {taskinstance.py:1159} INFO - Dependencies all met for dep_context=requeueable deps ti=<TaskInstance: copy_tranform_to_mongo.waiting_for_data scheduled__2021-02-16T00:00:00+00:00 [queued]>
[2023-10-18T11:16:59.606+0000] {taskinstance.py:1361} INFO - Starting attempt 1 of 1
[2023-10-18T11:16:59.620+0000] {taskinstance.py:1382} INFO - Executing <Task(FileSensor): waiting_for_data> on 2021-02-16 00:00:00+00:00
[2023-10-18T11:16:59.630+0000] {standard_task_runner.py:57} INFO - Started process 238 to run task
[2023-10-18T11:16:59.633+0000] {standard_task_runner.py:84} INFO - Running: ['***', 'tasks', 'run', 'copy_tranform_to_mongo', 'waiting_for_data', 'scheduled__2021-02-16T00:00:00+00:00', '--job-id', '58', '--raw', '--subdir', 'DAGS_FOLDER/file_***-mongo.py', '--cfg-path', '/tmp/tmpruafg_6r']
[2023-10-18T11:16:59.634+0000] {standard_task_runner.py:85} INFO - Job 58: Subtask waiting_for_data
[2023-10-18T11:16:59.685+0000] {task_command.py:416} INFO - Running <TaskInstance: copy_tranform_to_mongo.waiting_for_data scheduled__2021-02-16T00:00:00+00:00 [running]> on host 0e68aa52dfc7
[2023-10-18T11:16:59.767+0000] {taskinstance.py:1662} INFO - Exporting env vars: AIRFLOW_CTX_DAG_OWNER='***' AIRFLOW_CTX_DAG_ID='copy_tranform_to_mongo' AIRFLOW_CTX_TASK_ID='waiting_for_data' AIRFLOW_CTX_EXECUTION_DATE='2021-02-16T00:00:00+00:00' AIRFLOW_CTX_TRY_NUMBER='1' AIRFLOW_CTX_DAG_RUN_ID='scheduled__2021-02-16T00:00:00+00:00'
[2023-10-18T11:16:59.776+0000] {base.py:73} INFO - Using connection ID 'fs_default' for task execution.
[2023-10-18T11:16:59.777+0000] {filesystem.py:64} INFO - Poking for file /opt/in/tiktok_google_play_reviews.csv
[2023-10-18T11:16:59.778+0000] {filesystem.py:69} INFO - Found File /opt/in/tiktok_google_play_reviews.csv last modified: 20220405221612
[2023-10-18T11:16:59.778+0000] {base.py:287} INFO - Success criteria met. Exiting.
[2023-10-18T11:16:59.789+0000] {taskinstance.py:1400} INFO - Marking task as SUCCESS. dag_id=copy_tranform_to_mongo, task_id=waiting_for_data, execution_date=20210216T000000, start_date=20231018T111659, end_date=20231018T111659
[2023-10-18T11:16:59.845+0000] {local_task_job_runner.py:228} INFO - Task exited with return code 0
[2023-10-18T11:16:59.928+0000] {taskinstance.py:2778} INFO - 0 downstream tasks scheduled from follow-on schedule check
[2023-10-19T12:11:34.282+0000] {taskinstance.py:1159} INFO - Dependencies all met for dep_context=non-requeueable deps ti=<TaskInstance: copy_tranform_to_mongo.waiting_for_data scheduled__2021-02-16T00:00:00+00:00 [queued]>
[2023-10-19T12:11:34.294+0000] {taskinstance.py:1159} INFO - Dependencies all met for dep_context=requeueable deps ti=<TaskInstance: copy_tranform_to_mongo.waiting_for_data scheduled__2021-02-16T00:00:00+00:00 [queued]>
[2023-10-19T12:11:34.295+0000] {taskinstance.py:1361} INFO - Starting attempt 1 of 1
[2023-10-19T12:11:34.314+0000] {taskinstance.py:1382} INFO - Executing <Task(FileSensor): waiting_for_data> on 2021-02-16 00:00:00+00:00
[2023-10-19T12:11:34.325+0000] {standard_task_runner.py:84} INFO - Running: ['***', 'tasks', 'run', 'copy_tranform_to_mongo', 'waiting_for_data', 'scheduled__2021-02-16T00:00:00+00:00', '--job-id', '50', '--raw', '--subdir', 'DAGS_FOLDER/file_***-mongo.py', '--cfg-path', '/tmp/tmpqexgm5pu']
[2023-10-19T12:11:34.322+0000] {standard_task_runner.py:57} INFO - Started process 286 to run task
[2023-10-19T12:11:34.326+0000] {standard_task_runner.py:85} INFO - Job 50: Subtask waiting_for_data
[2023-10-19T12:11:34.381+0000] {task_command.py:416} INFO - Running <TaskInstance: copy_tranform_to_mongo.waiting_for_data scheduled__2021-02-16T00:00:00+00:00 [running]> on host 6f5df7fea6fd
[2023-10-19T12:11:34.462+0000] {taskinstance.py:1662} INFO - Exporting env vars: AIRFLOW_CTX_DAG_OWNER='***' AIRFLOW_CTX_DAG_ID='copy_tranform_to_mongo' AIRFLOW_CTX_TASK_ID='waiting_for_data' AIRFLOW_CTX_EXECUTION_DATE='2021-02-16T00:00:00+00:00' AIRFLOW_CTX_TRY_NUMBER='1' AIRFLOW_CTX_DAG_RUN_ID='scheduled__2021-02-16T00:00:00+00:00'
[2023-10-19T12:11:34.473+0000] {base.py:73} INFO - Using connection ID 'fs_default' for task execution.
[2023-10-19T12:11:34.473+0000] {filesystem.py:64} INFO - Poking for file /opt/in/tiktok_google_play_reviews.csv
[2023-10-19T12:11:34.473+0000] {filesystem.py:69} INFO - Found File /opt/in/tiktok_google_play_reviews.csv last modified: 20220405221612
[2023-10-19T12:11:34.473+0000] {base.py:287} INFO - Success criteria met. Exiting.
[2023-10-19T12:11:34.483+0000] {taskinstance.py:1400} INFO - Marking task as SUCCESS. dag_id=copy_tranform_to_mongo, task_id=waiting_for_data, execution_date=20210216T000000, start_date=20231019T121134, end_date=20231019T121134
[2023-10-19T12:11:34.547+0000] {local_task_job_runner.py:228} INFO - Task exited with return code 0
[2023-10-19T12:11:34.593+0000] {taskinstance.py:2778} INFO - 1 downstream tasks scheduled from follow-on schedule check
