[2023-10-17T11:23:58.787+0000] {taskinstance.py:1159} INFO - Dependencies all met for dep_context=non-requeueable deps ti=<TaskInstance: copy_tranform_to_mongo.waiting_for_data scheduled__2022-09-25T00:00:00+00:00 [queued]>
[2023-10-17T11:23:58.795+0000] {taskinstance.py:1159} INFO - Dependencies all met for dep_context=requeueable deps ti=<TaskInstance: copy_tranform_to_mongo.waiting_for_data scheduled__2022-09-25T00:00:00+00:00 [queued]>
[2023-10-17T11:23:58.795+0000] {taskinstance.py:1361} INFO - Starting attempt 1 of 1
[2023-10-17T11:23:58.804+0000] {taskinstance.py:1382} INFO - Executing <Task(FileSensor): waiting_for_data> on 2022-09-25 00:00:00+00:00
[2023-10-17T11:23:58.811+0000] {standard_task_runner.py:57} INFO - Started process 1760 to run task
[2023-10-17T11:23:58.813+0000] {standard_task_runner.py:84} INFO - Running: ['***', 'tasks', 'run', 'copy_tranform_to_mongo', 'waiting_for_data', 'scheduled__2022-09-25T00:00:00+00:00', '--job-id', '637', '--raw', '--subdir', 'DAGS_FOLDER/file_***-mongo.py', '--cfg-path', '/tmp/tmpkk5on161']
[2023-10-17T11:23:58.813+0000] {standard_task_runner.py:85} INFO - Job 637: Subtask waiting_for_data
[2023-10-17T11:23:58.847+0000] {task_command.py:416} INFO - Running <TaskInstance: copy_tranform_to_mongo.waiting_for_data scheduled__2022-09-25T00:00:00+00:00 [running]> on host 238c1d4ff767
[2023-10-17T11:23:58.906+0000] {taskinstance.py:1662} INFO - Exporting env vars: AIRFLOW_CTX_DAG_OWNER='***' AIRFLOW_CTX_DAG_ID='copy_tranform_to_mongo' AIRFLOW_CTX_TASK_ID='waiting_for_data' AIRFLOW_CTX_EXECUTION_DATE='2022-09-25T00:00:00+00:00' AIRFLOW_CTX_TRY_NUMBER='1' AIRFLOW_CTX_DAG_RUN_ID='scheduled__2022-09-25T00:00:00+00:00'
[2023-10-17T11:23:58.914+0000] {base.py:73} INFO - Using connection ID 'fs_default' for task execution.
[2023-10-17T11:23:58.914+0000] {filesystem.py:64} INFO - Poking for file /opt/in/tiktok_google_play_reviews.csv
[2023-10-17T11:23:58.914+0000] {filesystem.py:69} INFO - Found File /opt/in/tiktok_google_play_reviews.csv last modified: 20220405221612
[2023-10-17T11:23:58.914+0000] {base.py:287} INFO - Success criteria met. Exiting.
[2023-10-17T11:23:58.920+0000] {taskinstance.py:1400} INFO - Marking task as SUCCESS. dag_id=copy_tranform_to_mongo, task_id=waiting_for_data, execution_date=20220925T000000, start_date=20231017T112358, end_date=20231017T112358
[2023-10-17T11:23:58.944+0000] {local_task_job_runner.py:228} INFO - Task exited with return code 0
[2023-10-17T11:23:58.959+0000] {taskinstance.py:2778} INFO - 0 downstream tasks scheduled from follow-on schedule check
[2023-10-18T11:48:42.098+0000] {taskinstance.py:1159} INFO - Dependencies all met for dep_context=non-requeueable deps ti=<TaskInstance: copy_tranform_to_mongo.waiting_for_data scheduled__2022-09-25T00:00:00+00:00 [queued]>
[2023-10-18T11:48:42.106+0000] {taskinstance.py:1159} INFO - Dependencies all met for dep_context=requeueable deps ti=<TaskInstance: copy_tranform_to_mongo.waiting_for_data scheduled__2022-09-25T00:00:00+00:00 [queued]>
[2023-10-18T11:48:42.106+0000] {taskinstance.py:1361} INFO - Starting attempt 1 of 1
[2023-10-18T11:48:42.121+0000] {taskinstance.py:1382} INFO - Executing <Task(FileSensor): waiting_for_data> on 2022-09-25 00:00:00+00:00
[2023-10-18T11:48:42.129+0000] {standard_task_runner.py:57} INFO - Started process 3075 to run task
[2023-10-18T11:48:42.132+0000] {standard_task_runner.py:84} INFO - Running: ['***', 'tasks', 'run', 'copy_tranform_to_mongo', 'waiting_for_data', 'scheduled__2022-09-25T00:00:00+00:00', '--job-id', '1230', '--raw', '--subdir', 'DAGS_FOLDER/file_***-mongo.py', '--cfg-path', '/tmp/tmpk77rkzim']
[2023-10-18T11:48:42.133+0000] {standard_task_runner.py:85} INFO - Job 1230: Subtask waiting_for_data
[2023-10-18T11:48:42.175+0000] {task_command.py:416} INFO - Running <TaskInstance: copy_tranform_to_mongo.waiting_for_data scheduled__2022-09-25T00:00:00+00:00 [running]> on host 0e68aa52dfc7
[2023-10-18T11:48:42.253+0000] {taskinstance.py:1662} INFO - Exporting env vars: AIRFLOW_CTX_DAG_OWNER='***' AIRFLOW_CTX_DAG_ID='copy_tranform_to_mongo' AIRFLOW_CTX_TASK_ID='waiting_for_data' AIRFLOW_CTX_EXECUTION_DATE='2022-09-25T00:00:00+00:00' AIRFLOW_CTX_TRY_NUMBER='1' AIRFLOW_CTX_DAG_RUN_ID='scheduled__2022-09-25T00:00:00+00:00'
[2023-10-18T11:48:42.262+0000] {base.py:73} INFO - Using connection ID 'fs_default' for task execution.
[2023-10-18T11:48:42.263+0000] {filesystem.py:64} INFO - Poking for file /opt/in/tiktok_google_play_reviews.csv
[2023-10-18T11:48:42.263+0000] {filesystem.py:69} INFO - Found File /opt/in/tiktok_google_play_reviews.csv last modified: 20220405221612
[2023-10-18T11:48:42.263+0000] {base.py:287} INFO - Success criteria met. Exiting.
[2023-10-18T11:48:42.273+0000] {taskinstance.py:1400} INFO - Marking task as SUCCESS. dag_id=copy_tranform_to_mongo, task_id=waiting_for_data, execution_date=20220925T000000, start_date=20231018T114842, end_date=20231018T114842
[2023-10-18T11:48:42.304+0000] {local_task_job_runner.py:228} INFO - Task exited with return code 0
[2023-10-18T11:48:42.349+0000] {taskinstance.py:2778} INFO - 0 downstream tasks scheduled from follow-on schedule check
