[2023-10-18T11:17:38.278+0000] {taskinstance.py:1159} INFO - Dependencies all met for dep_context=non-requeueable deps ti=<TaskInstance: copy_tranform_to_mongo.transform_data_by_pandas scheduled__2021-04-27T00:00:00+00:00 [queued]>
[2023-10-18T11:17:38.287+0000] {taskinstance.py:1159} INFO - Dependencies all met for dep_context=requeueable deps ti=<TaskInstance: copy_tranform_to_mongo.transform_data_by_pandas scheduled__2021-04-27T00:00:00+00:00 [queued]>
[2023-10-18T11:17:38.288+0000] {taskinstance.py:1361} INFO - Starting attempt 1 of 1
[2023-10-18T11:17:38.298+0000] {taskinstance.py:1382} INFO - Executing <Task(DockerOperator): transform_data_by_pandas> on 2021-04-27 00:00:00+00:00
[2023-10-18T11:17:38.303+0000] {standard_task_runner.py:57} INFO - Started process 539 to run task
[2023-10-18T11:17:38.305+0000] {standard_task_runner.py:84} INFO - Running: ['***', 'tasks', 'run', 'copy_tranform_to_mongo', 'transform_data_by_pandas', 'scheduled__2021-04-27T00:00:00+00:00', '--job-id', '201', '--raw', '--subdir', 'DAGS_FOLDER/file_***-mongo.py', '--cfg-path', '/tmp/tmp1zx6gi8k']
[2023-10-18T11:17:38.306+0000] {standard_task_runner.py:85} INFO - Job 201: Subtask transform_data_by_pandas
[2023-10-18T11:17:38.337+0000] {task_command.py:416} INFO - Running <TaskInstance: copy_tranform_to_mongo.transform_data_by_pandas scheduled__2021-04-27T00:00:00+00:00 [running]> on host 0e68aa52dfc7
[2023-10-18T11:17:38.388+0000] {taskinstance.py:1662} INFO - Exporting env vars: AIRFLOW_CTX_DAG_OWNER='***' AIRFLOW_CTX_DAG_ID='copy_tranform_to_mongo' AIRFLOW_CTX_TASK_ID='transform_data_by_pandas' AIRFLOW_CTX_EXECUTION_DATE='2021-04-27T00:00:00+00:00' AIRFLOW_CTX_TRY_NUMBER='1' AIRFLOW_CTX_DAG_RUN_ID='scheduled__2021-04-27T00:00:00+00:00'
[2023-10-18T11:17:38.392+0000] {taskinstance.py:1937} ERROR - Task failed with exception
Traceback (most recent call last):
  File "/home/airflow/.local/lib/python3.8/site-packages/urllib3/connectionpool.py", line 714, in urlopen
    httplib_response = self._make_request(
  File "/home/airflow/.local/lib/python3.8/site-packages/urllib3/connectionpool.py", line 415, in _make_request
    conn.request(method, url, **httplib_request_kw)
  File "/home/airflow/.local/lib/python3.8/site-packages/urllib3/connection.py", line 244, in request
    super(HTTPConnection, self).request(method, url, body=body, headers=headers)
  File "/usr/local/lib/python3.8/http/client.py", line 1256, in request
    self._send_request(method, url, body, headers, encode_chunked)
  File "/usr/local/lib/python3.8/http/client.py", line 1302, in _send_request
    self.endheaders(body, encode_chunked=encode_chunked)
  File "/usr/local/lib/python3.8/http/client.py", line 1251, in endheaders
    self._send_output(message_body, encode_chunked=encode_chunked)
  File "/usr/local/lib/python3.8/http/client.py", line 1011, in _send_output
    self.send(msg)
  File "/usr/local/lib/python3.8/http/client.py", line 951, in send
    self.connect()
  File "/home/airflow/.local/lib/python3.8/site-packages/docker/transport/unixconn.py", line 27, in connect
    sock.connect(self.unix_socket)
PermissionError: [Errno 13] Permission denied

During handling of the above exception, another exception occurred:

Traceback (most recent call last):
  File "/home/airflow/.local/lib/python3.8/site-packages/requests/adapters.py", line 486, in send
    resp = conn.urlopen(
  File "/home/airflow/.local/lib/python3.8/site-packages/urllib3/connectionpool.py", line 798, in urlopen
    retries = retries.increment(
  File "/home/airflow/.local/lib/python3.8/site-packages/urllib3/util/retry.py", line 550, in increment
    raise six.reraise(type(error), error, _stacktrace)
  File "/home/airflow/.local/lib/python3.8/site-packages/urllib3/packages/six.py", line 769, in reraise
    raise value.with_traceback(tb)
  File "/home/airflow/.local/lib/python3.8/site-packages/urllib3/connectionpool.py", line 714, in urlopen
    httplib_response = self._make_request(
  File "/home/airflow/.local/lib/python3.8/site-packages/urllib3/connectionpool.py", line 415, in _make_request
    conn.request(method, url, **httplib_request_kw)
  File "/home/airflow/.local/lib/python3.8/site-packages/urllib3/connection.py", line 244, in request
    super(HTTPConnection, self).request(method, url, body=body, headers=headers)
  File "/usr/local/lib/python3.8/http/client.py", line 1256, in request
    self._send_request(method, url, body, headers, encode_chunked)
  File "/usr/local/lib/python3.8/http/client.py", line 1302, in _send_request
    self.endheaders(body, encode_chunked=encode_chunked)
  File "/usr/local/lib/python3.8/http/client.py", line 1251, in endheaders
    self._send_output(message_body, encode_chunked=encode_chunked)
  File "/usr/local/lib/python3.8/http/client.py", line 1011, in _send_output
    self.send(msg)
  File "/usr/local/lib/python3.8/http/client.py", line 951, in send
    self.connect()
  File "/home/airflow/.local/lib/python3.8/site-packages/docker/transport/unixconn.py", line 27, in connect
    sock.connect(self.unix_socket)
urllib3.exceptions.ProtocolError: ('Connection aborted.', PermissionError(13, 'Permission denied'))

During handling of the above exception, another exception occurred:

Traceback (most recent call last):
  File "/home/airflow/.local/lib/python3.8/site-packages/docker/api/client.py", line 214, in _retrieve_server_version
    return self.version(api_version=False)["ApiVersion"]
  File "/home/airflow/.local/lib/python3.8/site-packages/docker/api/daemon.py", line 181, in version
    return self._result(self._get(url), json=True)
  File "/home/airflow/.local/lib/python3.8/site-packages/docker/utils/decorators.py", line 46, in inner
    return f(self, *args, **kwargs)
  File "/home/airflow/.local/lib/python3.8/site-packages/docker/api/client.py", line 237, in _get
    return self.get(url, **self._set_request_timeout(kwargs))
  File "/home/airflow/.local/lib/python3.8/site-packages/requests/sessions.py", line 602, in get
    return self.request("GET", url, **kwargs)
  File "/home/airflow/.local/lib/python3.8/site-packages/requests/sessions.py", line 589, in request
    resp = self.send(prep, **send_kwargs)
  File "/home/airflow/.local/lib/python3.8/site-packages/requests/sessions.py", line 703, in send
    r = adapter.send(request, **kwargs)
  File "/home/airflow/.local/lib/python3.8/site-packages/requests/adapters.py", line 501, in send
    raise ConnectionError(err, request=request)
requests.exceptions.ConnectionError: ('Connection aborted.', PermissionError(13, 'Permission denied'))

During handling of the above exception, another exception occurred:

Traceback (most recent call last):
  File "/home/airflow/.local/lib/python3.8/site-packages/airflow/providers/docker/operators/docker.py", line 462, in execute
    if self.force_pull or not self.cli.images(name=self.image):
  File "/home/airflow/.local/lib/python3.8/site-packages/airflow/providers/docker/operators/docker.py", line 333, in cli
    return self.hook.api_client
  File "/usr/local/lib/python3.8/functools.py", line 967, in __get__
    val = self.func(instance)
  File "/home/airflow/.local/lib/python3.8/site-packages/airflow/providers/docker/hooks/docker.py", line 120, in api_client
    client = APIClient(
  File "/home/airflow/.local/lib/python3.8/site-packages/docker/api/client.py", line 197, in __init__
    self._version = self._retrieve_server_version()
  File "/home/airflow/.local/lib/python3.8/site-packages/docker/api/client.py", line 221, in _retrieve_server_version
    raise DockerException(
docker.errors.DockerException: Error while fetching server API version: ('Connection aborted.', PermissionError(13, 'Permission denied'))
[2023-10-18T11:17:38.401+0000] {taskinstance.py:1400} INFO - Marking task as FAILED. dag_id=copy_tranform_to_mongo, task_id=transform_data_by_pandas, execution_date=20210427T000000, start_date=20231018T111738, end_date=20231018T111738
[2023-10-18T11:17:38.410+0000] {standard_task_runner.py:104} ERROR - Failed to execute job 201 for task transform_data_by_pandas (Error while fetching server API version: ('Connection aborted.', PermissionError(13, 'Permission denied')); 539)
[2023-10-18T11:17:38.436+0000] {local_task_job_runner.py:228} INFO - Task exited with return code 1
[2023-10-18T11:17:38.451+0000] {taskinstance.py:2778} INFO - 0 downstream tasks scheduled from follow-on schedule check
[2023-10-19T12:42:57.054+0000] {taskinstance.py:1159} INFO - Dependencies all met for dep_context=non-requeueable deps ti=<TaskInstance: copy_tranform_to_mongo.transform_data_by_pandas scheduled__2021-04-27T00:00:00+00:00 [queued]>
[2023-10-19T12:42:57.068+0000] {taskinstance.py:1159} INFO - Dependencies all met for dep_context=requeueable deps ti=<TaskInstance: copy_tranform_to_mongo.transform_data_by_pandas scheduled__2021-04-27T00:00:00+00:00 [queued]>
[2023-10-19T12:42:57.069+0000] {taskinstance.py:1361} INFO - Starting attempt 1 of 1
[2023-10-19T12:42:57.085+0000] {taskinstance.py:1382} INFO - Executing <Task(DockerOperator): transform_data_by_pandas> on 2021-04-27 00:00:00+00:00
[2023-10-19T12:42:57.092+0000] {standard_task_runner.py:57} INFO - Started process 1093 to run task
[2023-10-19T12:42:57.094+0000] {standard_task_runner.py:84} INFO - Running: ['***', 'tasks', 'run', 'copy_tranform_to_mongo', 'transform_data_by_pandas', 'scheduled__2021-04-27T00:00:00+00:00', '--job-id', '217', '--raw', '--subdir', 'DAGS_FOLDER/file_***-mongo.py', '--cfg-path', '/tmp/tmpjd9ltu1k']
[2023-10-19T12:42:57.095+0000] {standard_task_runner.py:85} INFO - Job 217: Subtask transform_data_by_pandas
[2023-10-19T12:42:57.150+0000] {task_command.py:416} INFO - Running <TaskInstance: copy_tranform_to_mongo.transform_data_by_pandas scheduled__2021-04-27T00:00:00+00:00 [running]> on host 6f5df7fea6fd
[2023-10-19T12:42:57.348+0000] {taskinstance.py:1662} INFO - Exporting env vars: AIRFLOW_CTX_DAG_OWNER='***' AIRFLOW_CTX_DAG_ID='copy_tranform_to_mongo' AIRFLOW_CTX_TASK_ID='transform_data_by_pandas' AIRFLOW_CTX_EXECUTION_DATE='2021-04-27T00:00:00+00:00' AIRFLOW_CTX_TRY_NUMBER='1' AIRFLOW_CTX_DAG_RUN_ID='scheduled__2021-04-27T00:00:00+00:00'
[2023-10-19T12:42:57.414+0000] {docker.py:337} INFO - Starting docker container from image python/pandas:1.0.0
[2023-10-19T12:42:58.621+0000] {docker.py:406} INFO - Input Notebook:  /opt/pandasapp/notebooks/tiktok_google_reviews.ipynb
Output Notebook: /opt/pandasapp/notebooks/tiktok_google_reviews.ipynb
[2023-10-19T12:42:58.745+0000] {docker.py:406} INFO - Executing:   0%|          | 0/27 [00:00<?, ?cell/s]
[2023-10-19T12:43:00.801+0000] {docker.py:406} INFO - Executing notebook with kernel: python3
[2023-10-19T12:43:00.819+0000] {docker.py:406} INFO - Executing:   4%|▎         | 1/27 [00:02<00:53,  2.07s/cell]
[2023-10-19T12:43:03.133+0000] {docker.py:406} INFO - Executing:  15%|█▍        | 4/27 [00:04<00:23,  1.02s/cell]
[2023-10-19T12:43:12.662+0000] {docker.py:406} INFO - Executing:  22%|██▏       | 6/27 [00:13<00:55,  2.65s/cell]
[2023-10-19T12:43:12.830+0000] {docker.py:406} INFO - Executing:  37%|███▋      | 10/27 [00:14<00:20,  1.20s/cell]
[2023-10-19T12:43:12.954+0000] {docker.py:406} INFO - Executing:  41%|████      | 11/27 [00:14<00:16,  1.03s/cell]
[2023-10-19T12:43:13.333+0000] {docker.py:406} INFO - Executing:  44%|████▍     | 12/27 [00:14<00:13,  1.11cell/s]
[2023-10-19T12:43:13.575+0000] {docker.py:406} INFO - Executing:  48%|████▊     | 13/27 [00:14<00:10,  1.32cell/s]
[2023-10-19T12:43:14.553+0000] {docker.py:406} INFO - Executing:  59%|█████▉    | 16/27 [00:15<00:06,  1.81cell/s]
[2023-10-19T12:43:18.341+0000] {docker.py:406} INFO - Executing:  63%|██████▎   | 17/27 [00:19<00:11,  1.15s/cell]
[2023-10-19T12:43:18.804+0000] {docker.py:406} INFO - Executing:  70%|███████   | 19/27 [00:20<00:06,  1.20cell/s]
[2023-10-19T12:43:20.267+0000] {docker.py:406} INFO - Executing:  74%|███████▍  | 20/27 [00:21<00:06,  1.04cell/s]
[2023-10-19T12:43:21.365+0000] {docker.py:406} INFO - Executing:  78%|███████▊  | 21/27 [00:22<00:05,  1.01cell/s]
[2023-10-19T12:43:23.856+0000] {docker.py:406} INFO - Executing:  81%|████████▏ | 22/27 [00:25<00:06,  1.35s/cell]
[2023-10-19T12:43:25.540+0000] {docker.py:406} INFO - Executing:  85%|████████▌ | 23/27 [00:26<00:05,  1.44s/cell]
[2023-10-19T12:43:25.900+0000] {docker.py:406} INFO - Executing:  93%|█████████▎| 25/27 [00:27<00:01,  1.10cell/s]
[2023-10-19T12:43:30.653+0000] {docker.py:406} INFO - Executing:  96%|█████████▋| 26/27 [00:31<00:01,  1.80s/cell]
[2023-10-19T12:43:33.649+0000] {docker.py:406} INFO - Executing: 100%|██████████| 27/27 [00:34<00:00,  1.29s/cell]
[2023-10-19T12:43:35.069+0000] {taskinstance.py:1400} INFO - Marking task as SUCCESS. dag_id=copy_tranform_to_mongo, task_id=transform_data_by_pandas, execution_date=20210427T000000, start_date=20231019T124257, end_date=20231019T124335
[2023-10-19T12:43:35.258+0000] {local_task_job_runner.py:228} INFO - Task exited with return code 0
[2023-10-19T12:43:35.342+0000] {taskinstance.py:2778} INFO - 1 downstream tasks scheduled from follow-on schedule check
