[2023-10-17T11:22:26.276+0000] {taskinstance.py:1159} INFO - Dependencies all met for dep_context=non-requeueable deps ti=<TaskInstance: copy_tranform_to_mongo.waiting_for_data scheduled__2022-04-21T00:00:00+00:00 [queued]>
[2023-10-17T11:22:26.287+0000] {taskinstance.py:1159} INFO - Dependencies all met for dep_context=requeueable deps ti=<TaskInstance: copy_tranform_to_mongo.waiting_for_data scheduled__2022-04-21T00:00:00+00:00 [queued]>
[2023-10-17T11:22:26.288+0000] {taskinstance.py:1361} INFO - Starting attempt 1 of 1
[2023-10-17T11:22:26.302+0000] {taskinstance.py:1382} INFO - Executing <Task(FileSensor): waiting_for_data> on 2022-04-21 00:00:00+00:00
[2023-10-17T11:22:26.311+0000] {standard_task_runner.py:57} INFO - Started process 1432 to run task
[2023-10-17T11:22:26.315+0000] {standard_task_runner.py:84} INFO - Running: ['***', 'tasks', 'run', 'copy_tranform_to_mongo', 'waiting_for_data', 'scheduled__2022-04-21T00:00:00+00:00', '--job-id', '480', '--raw', '--subdir', 'DAGS_FOLDER/file_***-mongo.py', '--cfg-path', '/tmp/tmpf95t54pc']
[2023-10-17T11:22:26.317+0000] {standard_task_runner.py:85} INFO - Job 480: Subtask waiting_for_data
[2023-10-17T11:22:26.372+0000] {task_command.py:416} INFO - Running <TaskInstance: copy_tranform_to_mongo.waiting_for_data scheduled__2022-04-21T00:00:00+00:00 [running]> on host 238c1d4ff767
[2023-10-17T11:22:26.469+0000] {taskinstance.py:1662} INFO - Exporting env vars: AIRFLOW_CTX_DAG_OWNER='***' AIRFLOW_CTX_DAG_ID='copy_tranform_to_mongo' AIRFLOW_CTX_TASK_ID='waiting_for_data' AIRFLOW_CTX_EXECUTION_DATE='2022-04-21T00:00:00+00:00' AIRFLOW_CTX_TRY_NUMBER='1' AIRFLOW_CTX_DAG_RUN_ID='scheduled__2022-04-21T00:00:00+00:00'
[2023-10-17T11:22:26.480+0000] {base.py:73} INFO - Using connection ID 'fs_default' for task execution.
[2023-10-17T11:22:26.480+0000] {filesystem.py:64} INFO - Poking for file /opt/in/tiktok_google_play_reviews.csv
[2023-10-17T11:22:26.480+0000] {filesystem.py:69} INFO - Found File /opt/in/tiktok_google_play_reviews.csv last modified: 20220405221612
[2023-10-17T11:22:26.480+0000] {base.py:287} INFO - Success criteria met. Exiting.
[2023-10-17T11:22:26.491+0000] {taskinstance.py:1400} INFO - Marking task as SUCCESS. dag_id=copy_tranform_to_mongo, task_id=waiting_for_data, execution_date=20220421T000000, start_date=20231017T112226, end_date=20231017T112226
[2023-10-17T11:22:26.530+0000] {local_task_job_runner.py:228} INFO - Task exited with return code 0
[2023-10-17T11:22:26.583+0000] {taskinstance.py:2778} INFO - 0 downstream tasks scheduled from follow-on schedule check
[2023-10-18T11:47:03.686+0000] {taskinstance.py:1159} INFO - Dependencies all met for dep_context=non-requeueable deps ti=<TaskInstance: copy_tranform_to_mongo.waiting_for_data scheduled__2022-04-21T00:00:00+00:00 [queued]>
[2023-10-18T11:47:03.695+0000] {taskinstance.py:1159} INFO - Dependencies all met for dep_context=requeueable deps ti=<TaskInstance: copy_tranform_to_mongo.waiting_for_data scheduled__2022-04-21T00:00:00+00:00 [queued]>
[2023-10-18T11:47:03.696+0000] {taskinstance.py:1361} INFO - Starting attempt 1 of 1
[2023-10-18T11:47:03.713+0000] {taskinstance.py:1382} INFO - Executing <Task(FileSensor): waiting_for_data> on 2022-04-21 00:00:00+00:00
[2023-10-18T11:47:03.721+0000] {standard_task_runner.py:57} INFO - Started process 2423 to run task
[2023-10-18T11:47:03.724+0000] {standard_task_runner.py:84} INFO - Running: ['***', 'tasks', 'run', 'copy_tranform_to_mongo', 'waiting_for_data', 'scheduled__2022-04-21T00:00:00+00:00', '--job-id', '916', '--raw', '--subdir', 'DAGS_FOLDER/file_***-mongo.py', '--cfg-path', '/tmp/tmpsob_gjr0']
[2023-10-18T11:47:03.725+0000] {standard_task_runner.py:85} INFO - Job 916: Subtask waiting_for_data
[2023-10-18T11:47:03.783+0000] {task_command.py:416} INFO - Running <TaskInstance: copy_tranform_to_mongo.waiting_for_data scheduled__2022-04-21T00:00:00+00:00 [running]> on host 0e68aa52dfc7
[2023-10-18T11:47:03.919+0000] {taskinstance.py:1662} INFO - Exporting env vars: AIRFLOW_CTX_DAG_OWNER='***' AIRFLOW_CTX_DAG_ID='copy_tranform_to_mongo' AIRFLOW_CTX_TASK_ID='waiting_for_data' AIRFLOW_CTX_EXECUTION_DATE='2022-04-21T00:00:00+00:00' AIRFLOW_CTX_TRY_NUMBER='1' AIRFLOW_CTX_DAG_RUN_ID='scheduled__2022-04-21T00:00:00+00:00'
[2023-10-18T11:47:03.937+0000] {base.py:73} INFO - Using connection ID 'fs_default' for task execution.
[2023-10-18T11:47:03.937+0000] {filesystem.py:64} INFO - Poking for file /opt/in/tiktok_google_play_reviews.csv
[2023-10-18T11:47:03.938+0000] {filesystem.py:69} INFO - Found File /opt/in/tiktok_google_play_reviews.csv last modified: 20220405221612
[2023-10-18T11:47:03.938+0000] {base.py:287} INFO - Success criteria met. Exiting.
[2023-10-18T11:47:03.949+0000] {taskinstance.py:1400} INFO - Marking task as SUCCESS. dag_id=copy_tranform_to_mongo, task_id=waiting_for_data, execution_date=20220421T000000, start_date=20231018T114703, end_date=20231018T114703
[2023-10-18T11:47:03.979+0000] {local_task_job_runner.py:228} INFO - Task exited with return code 0
[2023-10-18T11:47:04.012+0000] {taskinstance.py:2778} INFO - 1 downstream tasks scheduled from follow-on schedule check
