[2023-10-17T11:27:15.921+0000] {taskinstance.py:1159} INFO - Dependencies all met for dep_context=non-requeueable deps ti=<TaskInstance: copy_tranform_to_mongo.waiting_for_data scheduled__2023-09-08T00:00:00+00:00 [queued]>
[2023-10-17T11:27:15.931+0000] {taskinstance.py:1159} INFO - Dependencies all met for dep_context=requeueable deps ti=<TaskInstance: copy_tranform_to_mongo.waiting_for_data scheduled__2023-09-08T00:00:00+00:00 [queued]>
[2023-10-17T11:27:15.931+0000] {taskinstance.py:1361} INFO - Starting attempt 1 of 1
[2023-10-17T11:27:15.943+0000] {taskinstance.py:1382} INFO - Executing <Task(FileSensor): waiting_for_data> on 2023-09-08 00:00:00+00:00
[2023-10-17T11:27:15.949+0000] {standard_task_runner.py:57} INFO - Started process 2515 to run task
[2023-10-17T11:27:15.952+0000] {standard_task_runner.py:84} INFO - Running: ['***', 'tasks', 'run', 'copy_tranform_to_mongo', 'waiting_for_data', 'scheduled__2023-09-08T00:00:00+00:00', '--job-id', '985', '--raw', '--subdir', 'DAGS_FOLDER/file_***-mongo.py', '--cfg-path', '/tmp/tmpmujarb2b']
[2023-10-17T11:27:15.953+0000] {standard_task_runner.py:85} INFO - Job 985: Subtask waiting_for_data
[2023-10-17T11:27:15.990+0000] {task_command.py:416} INFO - Running <TaskInstance: copy_tranform_to_mongo.waiting_for_data scheduled__2023-09-08T00:00:00+00:00 [running]> on host 238c1d4ff767
[2023-10-17T11:27:16.070+0000] {taskinstance.py:1662} INFO - Exporting env vars: AIRFLOW_CTX_DAG_OWNER='***' AIRFLOW_CTX_DAG_ID='copy_tranform_to_mongo' AIRFLOW_CTX_TASK_ID='waiting_for_data' AIRFLOW_CTX_EXECUTION_DATE='2023-09-08T00:00:00+00:00' AIRFLOW_CTX_TRY_NUMBER='1' AIRFLOW_CTX_DAG_RUN_ID='scheduled__2023-09-08T00:00:00+00:00'
[2023-10-17T11:27:16.079+0000] {base.py:73} INFO - Using connection ID 'fs_default' for task execution.
[2023-10-17T11:27:16.079+0000] {filesystem.py:64} INFO - Poking for file /opt/in/tiktok_google_play_reviews.csv
[2023-10-17T11:27:16.080+0000] {filesystem.py:69} INFO - Found File /opt/in/tiktok_google_play_reviews.csv last modified: 20220405221612
[2023-10-17T11:27:16.080+0000] {base.py:287} INFO - Success criteria met. Exiting.
[2023-10-17T11:27:16.088+0000] {taskinstance.py:1400} INFO - Marking task as SUCCESS. dag_id=copy_tranform_to_mongo, task_id=waiting_for_data, execution_date=20230908T000000, start_date=20231017T112715, end_date=20231017T112716
[2023-10-17T11:27:16.124+0000] {local_task_job_runner.py:228} INFO - Task exited with return code 0
[2023-10-17T11:27:16.168+0000] {taskinstance.py:2778} INFO - 0 downstream tasks scheduled from follow-on schedule check
[2023-10-18T11:52:27.023+0000] {taskinstance.py:1159} INFO - Dependencies all met for dep_context=non-requeueable deps ti=<TaskInstance: copy_tranform_to_mongo.waiting_for_data scheduled__2023-09-08T00:00:00+00:00 [queued]>
[2023-10-18T11:52:27.041+0000] {taskinstance.py:1159} INFO - Dependencies all met for dep_context=requeueable deps ti=<TaskInstance: copy_tranform_to_mongo.waiting_for_data scheduled__2023-09-08T00:00:00+00:00 [queued]>
[2023-10-18T11:52:27.041+0000] {taskinstance.py:1361} INFO - Starting attempt 1 of 1
[2023-10-18T11:52:27.058+0000] {taskinstance.py:1382} INFO - Executing <Task(FileSensor): waiting_for_data> on 2023-09-08 00:00:00+00:00
[2023-10-18T11:52:27.074+0000] {standard_task_runner.py:57} INFO - Started process 4518 to run task
[2023-10-18T11:52:27.085+0000] {standard_task_runner.py:84} INFO - Running: ['***', 'tasks', 'run', 'copy_tranform_to_mongo', 'waiting_for_data', 'scheduled__2023-09-08T00:00:00+00:00', '--job-id', '1924', '--raw', '--subdir', 'DAGS_FOLDER/file_***-mongo.py', '--cfg-path', '/tmp/tmpcqllv84e']
[2023-10-18T11:52:27.087+0000] {standard_task_runner.py:85} INFO - Job 1924: Subtask waiting_for_data
[2023-10-18T11:52:27.156+0000] {task_command.py:416} INFO - Running <TaskInstance: copy_tranform_to_mongo.waiting_for_data scheduled__2023-09-08T00:00:00+00:00 [running]> on host 0e68aa52dfc7
[2023-10-18T11:52:27.295+0000] {taskinstance.py:1662} INFO - Exporting env vars: AIRFLOW_CTX_DAG_OWNER='***' AIRFLOW_CTX_DAG_ID='copy_tranform_to_mongo' AIRFLOW_CTX_TASK_ID='waiting_for_data' AIRFLOW_CTX_EXECUTION_DATE='2023-09-08T00:00:00+00:00' AIRFLOW_CTX_TRY_NUMBER='1' AIRFLOW_CTX_DAG_RUN_ID='scheduled__2023-09-08T00:00:00+00:00'
[2023-10-18T11:52:27.313+0000] {base.py:73} INFO - Using connection ID 'fs_default' for task execution.
[2023-10-18T11:52:27.313+0000] {filesystem.py:64} INFO - Poking for file /opt/in/tiktok_google_play_reviews.csv
[2023-10-18T11:52:27.314+0000] {filesystem.py:69} INFO - Found File /opt/in/tiktok_google_play_reviews.csv last modified: 20220405221612
[2023-10-18T11:52:27.314+0000] {base.py:287} INFO - Success criteria met. Exiting.
[2023-10-18T11:52:27.326+0000] {taskinstance.py:1400} INFO - Marking task as SUCCESS. dag_id=copy_tranform_to_mongo, task_id=waiting_for_data, execution_date=20230908T000000, start_date=20231018T115227, end_date=20231018T115227
[2023-10-18T11:52:27.376+0000] {local_task_job_runner.py:228} INFO - Task exited with return code 0
[2023-10-18T11:52:27.415+0000] {taskinstance.py:2778} INFO - 1 downstream tasks scheduled from follow-on schedule check
