[2023-10-17T11:19:40.693+0000] {taskinstance.py:1159} INFO - Dependencies all met for dep_context=non-requeueable deps ti=<TaskInstance: copy_tranform_to_mongo.waiting_for_data scheduled__2021-05-26T00:00:00+00:00 [queued]>
[2023-10-17T11:19:40.700+0000] {taskinstance.py:1159} INFO - Dependencies all met for dep_context=requeueable deps ti=<TaskInstance: copy_tranform_to_mongo.waiting_for_data scheduled__2021-05-26T00:00:00+00:00 [queued]>
[2023-10-17T11:19:40.701+0000] {taskinstance.py:1361} INFO - Starting attempt 1 of 1
[2023-10-17T11:19:40.714+0000] {taskinstance.py:1382} INFO - Executing <Task(FileSensor): waiting_for_data> on 2021-05-26 00:00:00+00:00
[2023-10-17T11:19:40.721+0000] {standard_task_runner.py:57} INFO - Started process 724 to run task
[2023-10-17T11:19:40.723+0000] {standard_task_runner.py:84} INFO - Running: ['***', 'tasks', 'run', 'copy_tranform_to_mongo', 'waiting_for_data', 'scheduled__2021-05-26T00:00:00+00:00', '--job-id', '150', '--raw', '--subdir', 'DAGS_FOLDER/file_***-mongo.py', '--cfg-path', '/tmp/tmp3pvwqtio']
[2023-10-17T11:19:40.724+0000] {standard_task_runner.py:85} INFO - Job 150: Subtask waiting_for_data
[2023-10-17T11:19:40.764+0000] {task_command.py:416} INFO - Running <TaskInstance: copy_tranform_to_mongo.waiting_for_data scheduled__2021-05-26T00:00:00+00:00 [running]> on host 238c1d4ff767
[2023-10-17T11:19:40.828+0000] {taskinstance.py:1662} INFO - Exporting env vars: AIRFLOW_CTX_DAG_OWNER='***' AIRFLOW_CTX_DAG_ID='copy_tranform_to_mongo' AIRFLOW_CTX_TASK_ID='waiting_for_data' AIRFLOW_CTX_EXECUTION_DATE='2021-05-26T00:00:00+00:00' AIRFLOW_CTX_TRY_NUMBER='1' AIRFLOW_CTX_DAG_RUN_ID='scheduled__2021-05-26T00:00:00+00:00'
[2023-10-17T11:19:40.837+0000] {base.py:73} INFO - Using connection ID 'fs_default' for task execution.
[2023-10-17T11:19:40.837+0000] {filesystem.py:64} INFO - Poking for file /opt/in/tiktok_google_play_reviews.csv
[2023-10-17T11:19:40.838+0000] {filesystem.py:69} INFO - Found File /opt/in/tiktok_google_play_reviews.csv last modified: 20220405221612
[2023-10-17T11:19:40.838+0000] {base.py:287} INFO - Success criteria met. Exiting.
[2023-10-17T11:19:40.844+0000] {taskinstance.py:1400} INFO - Marking task as SUCCESS. dag_id=copy_tranform_to_mongo, task_id=waiting_for_data, execution_date=20210526T000000, start_date=20231017T111940, end_date=20231017T111940
[2023-10-17T11:19:40.895+0000] {local_task_job_runner.py:228} INFO - Task exited with return code 0
[2023-10-17T11:19:40.910+0000] {taskinstance.py:2778} INFO - 0 downstream tasks scheduled from follow-on schedule check
[2023-10-18T10:43:18.341+0000] {taskinstance.py:1159} INFO - Dependencies all met for dep_context=non-requeueable deps ti=<TaskInstance: copy_tranform_to_mongo.waiting_for_data scheduled__2021-05-26T00:00:00+00:00 [queued]>
[2023-10-18T10:43:18.348+0000] {taskinstance.py:1159} INFO - Dependencies all met for dep_context=requeueable deps ti=<TaskInstance: copy_tranform_to_mongo.waiting_for_data scheduled__2021-05-26T00:00:00+00:00 [queued]>
[2023-10-18T10:43:18.349+0000] {taskinstance.py:1361} INFO - Starting attempt 1 of 1
[2023-10-18T10:43:18.359+0000] {taskinstance.py:1382} INFO - Executing <Task(FileSensor): waiting_for_data> on 2021-05-26 00:00:00+00:00
[2023-10-18T10:43:18.365+0000] {standard_task_runner.py:57} INFO - Started process 1696 to run task
[2023-10-18T10:43:18.368+0000] {standard_task_runner.py:84} INFO - Running: ['***', 'tasks', 'run', 'copy_tranform_to_mongo', 'waiting_for_data', 'scheduled__2021-05-26T00:00:00+00:00', '--job-id', '149', '--raw', '--subdir', 'DAGS_FOLDER/file_***-mongo.py', '--cfg-path', '/tmp/tmp1eh6ease']
[2023-10-18T10:43:18.368+0000] {standard_task_runner.py:85} INFO - Job 149: Subtask waiting_for_data
[2023-10-18T10:43:18.409+0000] {task_command.py:416} INFO - Running <TaskInstance: copy_tranform_to_mongo.waiting_for_data scheduled__2021-05-26T00:00:00+00:00 [running]> on host 2473b23ba069
[2023-10-18T10:43:18.474+0000] {taskinstance.py:1662} INFO - Exporting env vars: AIRFLOW_CTX_DAG_OWNER='***' AIRFLOW_CTX_DAG_ID='copy_tranform_to_mongo' AIRFLOW_CTX_TASK_ID='waiting_for_data' AIRFLOW_CTX_EXECUTION_DATE='2021-05-26T00:00:00+00:00' AIRFLOW_CTX_TRY_NUMBER='1' AIRFLOW_CTX_DAG_RUN_ID='scheduled__2021-05-26T00:00:00+00:00'
[2023-10-18T10:43:18.490+0000] {taskinstance.py:1937} ERROR - Task failed with exception
Traceback (most recent call last):
  File "/home/airflow/.local/lib/python3.8/site-packages/airflow/sensors/base.py", line 257, in execute
    raise e
  File "/home/airflow/.local/lib/python3.8/site-packages/airflow/sensors/base.py", line 239, in execute
    poke_return = self.poke(context)
  File "/home/airflow/.local/lib/python3.8/site-packages/airflow/sensors/filesystem.py", line 61, in poke
    hook = FSHook(self.fs_conn_id)
  File "/home/airflow/.local/lib/python3.8/site-packages/airflow/hooks/filesystem.py", line 38, in __init__
    conn = self.get_connection(conn_id)
  File "/home/airflow/.local/lib/python3.8/site-packages/airflow/hooks/base.py", line 72, in get_connection
    conn = Connection.get_connection_from_secrets(conn_id)
  File "/home/airflow/.local/lib/python3.8/site-packages/airflow/models/connection.py", line 477, in get_connection_from_secrets
    raise AirflowNotFoundException(f"The conn_id `{conn_id}` isn't defined")
airflow.exceptions.AirflowNotFoundException: The conn_id `fs_default` isn't defined
[2023-10-18T10:43:18.493+0000] {taskinstance.py:1400} INFO - Marking task as FAILED. dag_id=copy_tranform_to_mongo, task_id=waiting_for_data, execution_date=20210526T000000, start_date=20231018T104318, end_date=20231018T104318
[2023-10-18T10:43:18.507+0000] {standard_task_runner.py:104} ERROR - Failed to execute job 149 for task waiting_for_data (The conn_id `fs_default` isn't defined; 1696)
[2023-10-18T10:43:18.539+0000] {local_task_job_runner.py:228} INFO - Task exited with return code 1
[2023-10-18T10:43:18.569+0000] {taskinstance.py:2778} INFO - 0 downstream tasks scheduled from follow-on schedule check
[2023-10-18T11:43:39.178+0000] {taskinstance.py:1159} INFO - Dependencies all met for dep_context=non-requeueable deps ti=<TaskInstance: copy_tranform_to_mongo.waiting_for_data scheduled__2021-05-26T00:00:00+00:00 [queued]>
[2023-10-18T11:43:39.187+0000] {taskinstance.py:1159} INFO - Dependencies all met for dep_context=requeueable deps ti=<TaskInstance: copy_tranform_to_mongo.waiting_for_data scheduled__2021-05-26T00:00:00+00:00 [queued]>
[2023-10-18T11:43:39.188+0000] {taskinstance.py:1361} INFO - Starting attempt 1 of 1
[2023-10-18T11:43:39.199+0000] {taskinstance.py:1382} INFO - Executing <Task(FileSensor): waiting_for_data> on 2021-05-26 00:00:00+00:00
[2023-10-18T11:43:39.205+0000] {standard_task_runner.py:57} INFO - Started process 1038 to run task
[2023-10-18T11:43:39.208+0000] {standard_task_runner.py:84} INFO - Running: ['***', 'tasks', 'run', 'copy_tranform_to_mongo', 'waiting_for_data', 'scheduled__2021-05-26T00:00:00+00:00', '--job-id', '253', '--raw', '--subdir', 'DAGS_FOLDER/file_***-mongo.py', '--cfg-path', '/tmp/tmpfygn9dct']
[2023-10-18T11:43:39.209+0000] {standard_task_runner.py:85} INFO - Job 253: Subtask waiting_for_data
[2023-10-18T11:43:39.254+0000] {task_command.py:416} INFO - Running <TaskInstance: copy_tranform_to_mongo.waiting_for_data scheduled__2021-05-26T00:00:00+00:00 [running]> on host 0e68aa52dfc7
[2023-10-18T11:43:39.310+0000] {taskinstance.py:1662} INFO - Exporting env vars: AIRFLOW_CTX_DAG_OWNER='***' AIRFLOW_CTX_DAG_ID='copy_tranform_to_mongo' AIRFLOW_CTX_TASK_ID='waiting_for_data' AIRFLOW_CTX_EXECUTION_DATE='2021-05-26T00:00:00+00:00' AIRFLOW_CTX_TRY_NUMBER='1' AIRFLOW_CTX_DAG_RUN_ID='scheduled__2021-05-26T00:00:00+00:00'
[2023-10-18T11:43:39.317+0000] {base.py:73} INFO - Using connection ID 'fs_default' for task execution.
[2023-10-18T11:43:39.318+0000] {filesystem.py:64} INFO - Poking for file /opt/in/tiktok_google_play_reviews.csv
[2023-10-18T11:43:39.318+0000] {filesystem.py:69} INFO - Found File /opt/in/tiktok_google_play_reviews.csv last modified: 20220405221612
[2023-10-18T11:43:39.318+0000] {base.py:287} INFO - Success criteria met. Exiting.
[2023-10-18T11:43:39.324+0000] {taskinstance.py:1400} INFO - Marking task as SUCCESS. dag_id=copy_tranform_to_mongo, task_id=waiting_for_data, execution_date=20210526T000000, start_date=20231018T114339, end_date=20231018T114339
[2023-10-18T11:43:39.340+0000] {local_task_job_runner.py:228} INFO - Task exited with return code 0
[2023-10-18T11:43:39.359+0000] {taskinstance.py:2778} INFO - 1 downstream tasks scheduled from follow-on schedule check
