[2023-10-19T13:04:37.024+0000] {taskinstance.py:1159} INFO - Dependencies all met for dep_context=non-requeueable deps ti=<TaskInstance: copy_tranform_to_mongo.transform_data_by_pandas manual__2023-10-19T13:03:26.341309+00:00 [queued]>
[2023-10-19T13:04:37.032+0000] {taskinstance.py:1159} INFO - Dependencies all met for dep_context=requeueable deps ti=<TaskInstance: copy_tranform_to_mongo.transform_data_by_pandas manual__2023-10-19T13:03:26.341309+00:00 [queued]>
[2023-10-19T13:04:37.032+0000] {taskinstance.py:1361} INFO - Starting attempt 1 of 1
[2023-10-19T13:04:37.042+0000] {taskinstance.py:1382} INFO - Executing <Task(DockerOperator): transform_data_by_pandas> on 2023-10-19 13:03:26.341309+00:00
[2023-10-19T13:04:37.048+0000] {standard_task_runner.py:57} INFO - Started process 223 to run task
[2023-10-19T13:04:37.053+0000] {standard_task_runner.py:84} INFO - Running: ['***', 'tasks', 'run', 'copy_tranform_to_mongo', 'transform_data_by_pandas', 'manual__2023-10-19T13:03:26.341309+00:00', '--job-id', '52', '--raw', '--subdir', 'DAGS_FOLDER/file_***-mongo.py', '--cfg-path', '/tmp/tmpzmlfby4l']
[2023-10-19T13:04:37.054+0000] {standard_task_runner.py:85} INFO - Job 52: Subtask transform_data_by_pandas
[2023-10-19T13:04:37.084+0000] {task_command.py:416} INFO - Running <TaskInstance: copy_tranform_to_mongo.transform_data_by_pandas manual__2023-10-19T13:03:26.341309+00:00 [running]> on host f2b9ba520501
[2023-10-19T13:04:37.148+0000] {taskinstance.py:1662} INFO - Exporting env vars: AIRFLOW_CTX_DAG_OWNER='***' AIRFLOW_CTX_DAG_ID='copy_tranform_to_mongo' AIRFLOW_CTX_TASK_ID='transform_data_by_pandas' AIRFLOW_CTX_EXECUTION_DATE='2023-10-19T13:03:26.341309+00:00' AIRFLOW_CTX_TRY_NUMBER='1' AIRFLOW_CTX_DAG_RUN_ID='manual__2023-10-19T13:03:26.341309+00:00'
[2023-10-19T13:04:37.161+0000] {docker.py:337} INFO - Starting docker container from image python/pandas:1.0.0
[2023-10-19T13:04:37.671+0000] {docker.py:406} INFO - Input Notebook:  /opt/pandasapp/notebooks/tiktok_google_reviews.ipynb
Output Notebook: /opt/pandasapp/notebooks/tiktok_google_reviews.ipynb
[2023-10-19T13:04:37.730+0000] {docker.py:406} INFO - Executing:   0%|          | 0/27 [00:00<?, ?cell/s]
[2023-10-19T13:04:38.705+0000] {docker.py:406} INFO - Executing notebook with kernel: python3
[2023-10-19T13:04:38.715+0000] {docker.py:406} INFO - Executing:   4%|▎         | 1/27 [00:00<00:25,  1.02cell/s]
[2023-10-19T13:04:39.718+0000] {docker.py:406} INFO - Executing:  15%|█▍        | 4/27 [00:01<00:10,  2.19cell/s]
[2023-10-19T13:04:41.534+0000] {docker.py:406} INFO - Executing:  22%|██▏       | 6/27 [00:03<00:13,  1.53cell/s]
[2023-10-19T13:04:41.664+0000] {docker.py:406} INFO - Executing:  44%|████▍     | 12/27 [00:03<00:03,  4.13cell/s]
[2023-10-19T13:04:41.811+0000] {docker.py:406} INFO - Executing:  59%|█████▉    | 16/27 [00:04<00:01,  6.12cell/s]
[2023-10-19T13:04:42.215+0000] {docker.py:406} INFO - Executing:  70%|███████   | 19/27 [00:04<00:01,  6.45cell/s]
[2023-10-19T13:04:42.594+0000] {docker.py:406} INFO - Executing:  78%|███████▊  | 21/27 [00:04<00:00,  6.15cell/s]
[2023-10-19T13:04:42.968+0000] {docker.py:406} INFO - Executing:  85%|████████▌ | 23/27 [00:05<00:00,  5.94cell/s]
[2023-10-19T13:04:43.687+0000] {docker.py:406} INFO - Executing:  96%|█████████▋| 26/27 [00:05<00:00,  5.20cell/s]
[2023-10-19T13:04:44.116+0000] {docker.py:406} INFO - Executing: 100%|██████████| 27/27 [00:06<00:00,  4.23cell/s]
[2023-10-19T13:04:44.571+0000] {taskinstance.py:1400} INFO - Marking task as SUCCESS. dag_id=copy_tranform_to_mongo, task_id=transform_data_by_pandas, execution_date=20231019T130326, start_date=20231019T130437, end_date=20231019T130444
[2023-10-19T13:04:44.596+0000] {local_task_job_runner.py:228} INFO - Task exited with return code 0
[2023-10-19T13:04:44.610+0000] {taskinstance.py:2778} INFO - 1 downstream tasks scheduled from follow-on schedule check
