[2023-10-17T11:26:35.152+0000] {taskinstance.py:1159} INFO - Dependencies all met for dep_context=non-requeueable deps ti=<TaskInstance: copy_tranform_to_mongo.waiting_for_data scheduled__2023-06-28T00:00:00+00:00 [queued]>
[2023-10-17T11:26:35.158+0000] {taskinstance.py:1159} INFO - Dependencies all met for dep_context=requeueable deps ti=<TaskInstance: copy_tranform_to_mongo.waiting_for_data scheduled__2023-06-28T00:00:00+00:00 [queued]>
[2023-10-17T11:26:35.158+0000] {taskinstance.py:1361} INFO - Starting attempt 1 of 1
[2023-10-17T11:26:35.166+0000] {taskinstance.py:1382} INFO - Executing <Task(FileSensor): waiting_for_data> on 2023-06-28 00:00:00+00:00
[2023-10-17T11:26:35.172+0000] {standard_task_runner.py:57} INFO - Started process 2352 to run task
[2023-10-17T11:26:35.173+0000] {standard_task_runner.py:84} INFO - Running: ['***', 'tasks', 'run', 'copy_tranform_to_mongo', 'waiting_for_data', 'scheduled__2023-06-28T00:00:00+00:00', '--job-id', '913', '--raw', '--subdir', 'DAGS_FOLDER/file_***-mongo.py', '--cfg-path', '/tmp/tmp7w_g3n6a']
[2023-10-17T11:26:35.174+0000] {standard_task_runner.py:85} INFO - Job 913: Subtask waiting_for_data
[2023-10-17T11:26:35.206+0000] {task_command.py:416} INFO - Running <TaskInstance: copy_tranform_to_mongo.waiting_for_data scheduled__2023-06-28T00:00:00+00:00 [running]> on host 238c1d4ff767
[2023-10-17T11:26:35.258+0000] {taskinstance.py:1662} INFO - Exporting env vars: AIRFLOW_CTX_DAG_OWNER='***' AIRFLOW_CTX_DAG_ID='copy_tranform_to_mongo' AIRFLOW_CTX_TASK_ID='waiting_for_data' AIRFLOW_CTX_EXECUTION_DATE='2023-06-28T00:00:00+00:00' AIRFLOW_CTX_TRY_NUMBER='1' AIRFLOW_CTX_DAG_RUN_ID='scheduled__2023-06-28T00:00:00+00:00'
[2023-10-17T11:26:35.264+0000] {base.py:73} INFO - Using connection ID 'fs_default' for task execution.
[2023-10-17T11:26:35.264+0000] {filesystem.py:64} INFO - Poking for file /opt/in/tiktok_google_play_reviews.csv
[2023-10-17T11:26:35.264+0000] {filesystem.py:69} INFO - Found File /opt/in/tiktok_google_play_reviews.csv last modified: 20220405221612
[2023-10-17T11:26:35.264+0000] {base.py:287} INFO - Success criteria met. Exiting.
[2023-10-17T11:26:35.270+0000] {taskinstance.py:1400} INFO - Marking task as SUCCESS. dag_id=copy_tranform_to_mongo, task_id=waiting_for_data, execution_date=20230628T000000, start_date=20231017T112635, end_date=20231017T112635
[2023-10-17T11:26:35.306+0000] {local_task_job_runner.py:228} INFO - Task exited with return code 0
[2023-10-17T11:26:35.330+0000] {taskinstance.py:2778} INFO - 0 downstream tasks scheduled from follow-on schedule check
[2023-10-18T11:51:45.212+0000] {taskinstance.py:1159} INFO - Dependencies all met for dep_context=non-requeueable deps ti=<TaskInstance: copy_tranform_to_mongo.waiting_for_data scheduled__2023-06-28T00:00:00+00:00 [queued]>
[2023-10-18T11:51:45.223+0000] {taskinstance.py:1159} INFO - Dependencies all met for dep_context=requeueable deps ti=<TaskInstance: copy_tranform_to_mongo.waiting_for_data scheduled__2023-06-28T00:00:00+00:00 [queued]>
[2023-10-18T11:51:45.223+0000] {taskinstance.py:1361} INFO - Starting attempt 1 of 1
[2023-10-18T11:51:45.239+0000] {taskinstance.py:1382} INFO - Executing <Task(FileSensor): waiting_for_data> on 2023-06-28 00:00:00+00:00
[2023-10-18T11:51:45.247+0000] {standard_task_runner.py:57} INFO - Started process 4210 to run task
[2023-10-18T11:51:45.263+0000] {standard_task_runner.py:84} INFO - Running: ['***', 'tasks', 'run', 'copy_tranform_to_mongo', 'waiting_for_data', 'scheduled__2023-06-28T00:00:00+00:00', '--job-id', '1777', '--raw', '--subdir', 'DAGS_FOLDER/file_***-mongo.py', '--cfg-path', '/tmp/tmpyno7k4vf']
[2023-10-18T11:51:45.265+0000] {standard_task_runner.py:85} INFO - Job 1777: Subtask waiting_for_data
[2023-10-18T11:51:45.347+0000] {task_command.py:416} INFO - Running <TaskInstance: copy_tranform_to_mongo.waiting_for_data scheduled__2023-06-28T00:00:00+00:00 [running]> on host 0e68aa52dfc7
[2023-10-18T11:51:45.429+0000] {taskinstance.py:1662} INFO - Exporting env vars: AIRFLOW_CTX_DAG_OWNER='***' AIRFLOW_CTX_DAG_ID='copy_tranform_to_mongo' AIRFLOW_CTX_TASK_ID='waiting_for_data' AIRFLOW_CTX_EXECUTION_DATE='2023-06-28T00:00:00+00:00' AIRFLOW_CTX_TRY_NUMBER='1' AIRFLOW_CTX_DAG_RUN_ID='scheduled__2023-06-28T00:00:00+00:00'
[2023-10-18T11:51:45.441+0000] {base.py:73} INFO - Using connection ID 'fs_default' for task execution.
[2023-10-18T11:51:45.442+0000] {filesystem.py:64} INFO - Poking for file /opt/in/tiktok_google_play_reviews.csv
[2023-10-18T11:51:45.442+0000] {filesystem.py:69} INFO - Found File /opt/in/tiktok_google_play_reviews.csv last modified: 20220405221612
[2023-10-18T11:51:45.443+0000] {base.py:287} INFO - Success criteria met. Exiting.
[2023-10-18T11:51:45.454+0000] {taskinstance.py:1400} INFO - Marking task as SUCCESS. dag_id=copy_tranform_to_mongo, task_id=waiting_for_data, execution_date=20230628T000000, start_date=20231018T115145, end_date=20231018T115145
[2023-10-18T11:51:45.514+0000] {local_task_job_runner.py:228} INFO - Task exited with return code 0
[2023-10-18T11:51:45.569+0000] {taskinstance.py:2778} INFO - 1 downstream tasks scheduled from follow-on schedule check
