[2023-10-17T11:27:28.896+0000] {taskinstance.py:1159} INFO - Dependencies all met for dep_context=non-requeueable deps ti=<TaskInstance: copy_tranform_to_mongo.waiting_for_data scheduled__2023-09-28T00:00:00+00:00 [queued]>
[2023-10-17T11:27:28.902+0000] {taskinstance.py:1159} INFO - Dependencies all met for dep_context=requeueable deps ti=<TaskInstance: copy_tranform_to_mongo.waiting_for_data scheduled__2023-09-28T00:00:00+00:00 [queued]>
[2023-10-17T11:27:28.902+0000] {taskinstance.py:1361} INFO - Starting attempt 1 of 1
[2023-10-17T11:27:28.910+0000] {taskinstance.py:1382} INFO - Executing <Task(FileSensor): waiting_for_data> on 2023-09-28 00:00:00+00:00
[2023-10-17T11:27:28.915+0000] {standard_task_runner.py:57} INFO - Started process 2552 to run task
[2023-10-17T11:27:28.917+0000] {standard_task_runner.py:84} INFO - Running: ['***', 'tasks', 'run', 'copy_tranform_to_mongo', 'waiting_for_data', 'scheduled__2023-09-28T00:00:00+00:00', '--job-id', '1005', '--raw', '--subdir', 'DAGS_FOLDER/file_***-mongo.py', '--cfg-path', '/tmp/tmpou4czmjr']
[2023-10-17T11:27:28.918+0000] {standard_task_runner.py:85} INFO - Job 1005: Subtask waiting_for_data
[2023-10-17T11:27:28.951+0000] {task_command.py:416} INFO - Running <TaskInstance: copy_tranform_to_mongo.waiting_for_data scheduled__2023-09-28T00:00:00+00:00 [running]> on host 238c1d4ff767
[2023-10-17T11:27:29.009+0000] {taskinstance.py:1662} INFO - Exporting env vars: AIRFLOW_CTX_DAG_OWNER='***' AIRFLOW_CTX_DAG_ID='copy_tranform_to_mongo' AIRFLOW_CTX_TASK_ID='waiting_for_data' AIRFLOW_CTX_EXECUTION_DATE='2023-09-28T00:00:00+00:00' AIRFLOW_CTX_TRY_NUMBER='1' AIRFLOW_CTX_DAG_RUN_ID='scheduled__2023-09-28T00:00:00+00:00'
[2023-10-17T11:27:29.016+0000] {base.py:73} INFO - Using connection ID 'fs_default' for task execution.
[2023-10-17T11:27:29.016+0000] {filesystem.py:64} INFO - Poking for file /opt/in/tiktok_google_play_reviews.csv
[2023-10-17T11:27:29.016+0000] {filesystem.py:69} INFO - Found File /opt/in/tiktok_google_play_reviews.csv last modified: 20220405221612
[2023-10-17T11:27:29.016+0000] {base.py:287} INFO - Success criteria met. Exiting.
[2023-10-17T11:27:29.025+0000] {taskinstance.py:1400} INFO - Marking task as SUCCESS. dag_id=copy_tranform_to_mongo, task_id=waiting_for_data, execution_date=20230928T000000, start_date=20231017T112728, end_date=20231017T112729
[2023-10-17T11:27:29.049+0000] {local_task_job_runner.py:228} INFO - Task exited with return code 0
[2023-10-17T11:27:29.062+0000] {taskinstance.py:2778} INFO - 0 downstream tasks scheduled from follow-on schedule check
[2023-10-18T11:52:37.591+0000] {taskinstance.py:1159} INFO - Dependencies all met for dep_context=non-requeueable deps ti=<TaskInstance: copy_tranform_to_mongo.waiting_for_data scheduled__2023-09-28T00:00:00+00:00 [queued]>
[2023-10-18T11:52:37.605+0000] {taskinstance.py:1159} INFO - Dependencies all met for dep_context=requeueable deps ti=<TaskInstance: copy_tranform_to_mongo.waiting_for_data scheduled__2023-09-28T00:00:00+00:00 [queued]>
[2023-10-18T11:52:37.606+0000] {taskinstance.py:1361} INFO - Starting attempt 1 of 1
[2023-10-18T11:52:37.627+0000] {taskinstance.py:1382} INFO - Executing <Task(FileSensor): waiting_for_data> on 2023-09-28 00:00:00+00:00
[2023-10-18T11:52:37.635+0000] {standard_task_runner.py:57} INFO - Started process 4595 to run task
[2023-10-18T11:52:37.641+0000] {standard_task_runner.py:84} INFO - Running: ['***', 'tasks', 'run', 'copy_tranform_to_mongo', 'waiting_for_data', 'scheduled__2023-09-28T00:00:00+00:00', '--job-id', '1962', '--raw', '--subdir', 'DAGS_FOLDER/file_***-mongo.py', '--cfg-path', '/tmp/tmp1nse5bou']
[2023-10-18T11:52:37.642+0000] {standard_task_runner.py:85} INFO - Job 1962: Subtask waiting_for_data
[2023-10-18T11:52:37.694+0000] {task_command.py:416} INFO - Running <TaskInstance: copy_tranform_to_mongo.waiting_for_data scheduled__2023-09-28T00:00:00+00:00 [running]> on host 0e68aa52dfc7
[2023-10-18T11:52:37.778+0000] {taskinstance.py:1662} INFO - Exporting env vars: AIRFLOW_CTX_DAG_OWNER='***' AIRFLOW_CTX_DAG_ID='copy_tranform_to_mongo' AIRFLOW_CTX_TASK_ID='waiting_for_data' AIRFLOW_CTX_EXECUTION_DATE='2023-09-28T00:00:00+00:00' AIRFLOW_CTX_TRY_NUMBER='1' AIRFLOW_CTX_DAG_RUN_ID='scheduled__2023-09-28T00:00:00+00:00'
[2023-10-18T11:52:37.788+0000] {base.py:73} INFO - Using connection ID 'fs_default' for task execution.
[2023-10-18T11:52:37.788+0000] {filesystem.py:64} INFO - Poking for file /opt/in/tiktok_google_play_reviews.csv
[2023-10-18T11:52:37.789+0000] {filesystem.py:69} INFO - Found File /opt/in/tiktok_google_play_reviews.csv last modified: 20220405221612
[2023-10-18T11:52:37.789+0000] {base.py:287} INFO - Success criteria met. Exiting.
[2023-10-18T11:52:37.796+0000] {taskinstance.py:1400} INFO - Marking task as SUCCESS. dag_id=copy_tranform_to_mongo, task_id=waiting_for_data, execution_date=20230928T000000, start_date=20231018T115237, end_date=20231018T115237
[2023-10-18T11:52:37.853+0000] {local_task_job_runner.py:228} INFO - Task exited with return code 0
[2023-10-18T11:52:37.878+0000] {taskinstance.py:2778} INFO - 1 downstream tasks scheduled from follow-on schedule check
