[2023-10-17T11:19:18.432+0000] {taskinstance.py:1159} INFO - Dependencies all met for dep_context=non-requeueable deps ti=<TaskInstance: copy_tranform_to_mongo.waiting_for_data scheduled__2021-04-01T00:00:00+00:00 [queued]>
[2023-10-17T11:19:18.439+0000] {taskinstance.py:1159} INFO - Dependencies all met for dep_context=requeueable deps ti=<TaskInstance: copy_tranform_to_mongo.waiting_for_data scheduled__2021-04-01T00:00:00+00:00 [queued]>
[2023-10-17T11:19:18.440+0000] {taskinstance.py:1361} INFO - Starting attempt 1 of 1
[2023-10-17T11:19:18.448+0000] {taskinstance.py:1382} INFO - Executing <Task(FileSensor): waiting_for_data> on 2021-04-01 00:00:00+00:00
[2023-10-17T11:19:18.454+0000] {standard_task_runner.py:57} INFO - Started process 613 to run task
[2023-10-17T11:19:18.456+0000] {standard_task_runner.py:84} INFO - Running: ['***', 'tasks', 'run', 'copy_tranform_to_mongo', 'waiting_for_data', 'scheduled__2021-04-01T00:00:00+00:00', '--job-id', '95', '--raw', '--subdir', 'DAGS_FOLDER/file_***-mongo.py', '--cfg-path', '/tmp/tmp82ppgm7x']
[2023-10-17T11:19:18.457+0000] {standard_task_runner.py:85} INFO - Job 95: Subtask waiting_for_data
[2023-10-17T11:19:18.494+0000] {task_command.py:416} INFO - Running <TaskInstance: copy_tranform_to_mongo.waiting_for_data scheduled__2021-04-01T00:00:00+00:00 [running]> on host 238c1d4ff767
[2023-10-17T11:19:18.574+0000] {taskinstance.py:1662} INFO - Exporting env vars: AIRFLOW_CTX_DAG_OWNER='***' AIRFLOW_CTX_DAG_ID='copy_tranform_to_mongo' AIRFLOW_CTX_TASK_ID='waiting_for_data' AIRFLOW_CTX_EXECUTION_DATE='2021-04-01T00:00:00+00:00' AIRFLOW_CTX_TRY_NUMBER='1' AIRFLOW_CTX_DAG_RUN_ID='scheduled__2021-04-01T00:00:00+00:00'
[2023-10-17T11:19:18.581+0000] {base.py:73} INFO - Using connection ID 'fs_default' for task execution.
[2023-10-17T11:19:18.581+0000] {filesystem.py:64} INFO - Poking for file /opt/in/tiktok_google_play_reviews.csv
[2023-10-17T11:19:18.582+0000] {filesystem.py:69} INFO - Found File /opt/in/tiktok_google_play_reviews.csv last modified: 20220405221612
[2023-10-17T11:19:18.582+0000] {base.py:287} INFO - Success criteria met. Exiting.
[2023-10-17T11:19:18.590+0000] {taskinstance.py:1400} INFO - Marking task as SUCCESS. dag_id=copy_tranform_to_mongo, task_id=waiting_for_data, execution_date=20210401T000000, start_date=20231017T111918, end_date=20231017T111918
[2023-10-17T11:19:18.628+0000] {local_task_job_runner.py:228} INFO - Task exited with return code 0
[2023-10-17T11:19:18.648+0000] {taskinstance.py:2778} INFO - 0 downstream tasks scheduled from follow-on schedule check
[2023-10-18T10:42:48.195+0000] {taskinstance.py:1159} INFO - Dependencies all met for dep_context=non-requeueable deps ti=<TaskInstance: copy_tranform_to_mongo.waiting_for_data scheduled__2021-04-01T00:00:00+00:00 [queued]>
[2023-10-18T10:42:48.203+0000] {taskinstance.py:1159} INFO - Dependencies all met for dep_context=requeueable deps ti=<TaskInstance: copy_tranform_to_mongo.waiting_for_data scheduled__2021-04-01T00:00:00+00:00 [queued]>
[2023-10-18T10:42:48.203+0000] {taskinstance.py:1361} INFO - Starting attempt 1 of 1
[2023-10-18T10:42:48.238+0000] {taskinstance.py:1382} INFO - Executing <Task(FileSensor): waiting_for_data> on 2021-04-01 00:00:00+00:00
[2023-10-18T10:42:48.245+0000] {standard_task_runner.py:57} INFO - Started process 1578 to run task
[2023-10-18T10:42:48.249+0000] {standard_task_runner.py:84} INFO - Running: ['***', 'tasks', 'run', 'copy_tranform_to_mongo', 'waiting_for_data', 'scheduled__2021-04-01T00:00:00+00:00', '--job-id', '94', '--raw', '--subdir', 'DAGS_FOLDER/file_***-mongo.py', '--cfg-path', '/tmp/tmplrvjch2c']
[2023-10-18T10:42:48.250+0000] {standard_task_runner.py:85} INFO - Job 94: Subtask waiting_for_data
[2023-10-18T10:42:48.305+0000] {task_command.py:416} INFO - Running <TaskInstance: copy_tranform_to_mongo.waiting_for_data scheduled__2021-04-01T00:00:00+00:00 [running]> on host 2473b23ba069
[2023-10-18T10:42:48.398+0000] {taskinstance.py:1662} INFO - Exporting env vars: AIRFLOW_CTX_DAG_OWNER='***' AIRFLOW_CTX_DAG_ID='copy_tranform_to_mongo' AIRFLOW_CTX_TASK_ID='waiting_for_data' AIRFLOW_CTX_EXECUTION_DATE='2021-04-01T00:00:00+00:00' AIRFLOW_CTX_TRY_NUMBER='1' AIRFLOW_CTX_DAG_RUN_ID='scheduled__2021-04-01T00:00:00+00:00'
[2023-10-18T10:42:48.413+0000] {taskinstance.py:1937} ERROR - Task failed with exception
Traceback (most recent call last):
  File "/home/airflow/.local/lib/python3.8/site-packages/airflow/sensors/base.py", line 257, in execute
    raise e
  File "/home/airflow/.local/lib/python3.8/site-packages/airflow/sensors/base.py", line 239, in execute
    poke_return = self.poke(context)
  File "/home/airflow/.local/lib/python3.8/site-packages/airflow/sensors/filesystem.py", line 61, in poke
    hook = FSHook(self.fs_conn_id)
  File "/home/airflow/.local/lib/python3.8/site-packages/airflow/hooks/filesystem.py", line 38, in __init__
    conn = self.get_connection(conn_id)
  File "/home/airflow/.local/lib/python3.8/site-packages/airflow/hooks/base.py", line 72, in get_connection
    conn = Connection.get_connection_from_secrets(conn_id)
  File "/home/airflow/.local/lib/python3.8/site-packages/airflow/models/connection.py", line 477, in get_connection_from_secrets
    raise AirflowNotFoundException(f"The conn_id `{conn_id}` isn't defined")
airflow.exceptions.AirflowNotFoundException: The conn_id `fs_default` isn't defined
[2023-10-18T10:42:48.416+0000] {taskinstance.py:1400} INFO - Marking task as FAILED. dag_id=copy_tranform_to_mongo, task_id=waiting_for_data, execution_date=20210401T000000, start_date=20231018T104248, end_date=20231018T104248
[2023-10-18T10:42:48.426+0000] {standard_task_runner.py:104} ERROR - Failed to execute job 94 for task waiting_for_data (The conn_id `fs_default` isn't defined; 1578)
[2023-10-18T10:42:48.464+0000] {local_task_job_runner.py:228} INFO - Task exited with return code 1
[2023-10-18T10:42:48.495+0000] {taskinstance.py:2778} INFO - 0 downstream tasks scheduled from follow-on schedule check
[2023-10-18T11:17:20.867+0000] {taskinstance.py:1159} INFO - Dependencies all met for dep_context=non-requeueable deps ti=<TaskInstance: copy_tranform_to_mongo.waiting_for_data scheduled__2021-04-01T00:00:00+00:00 [queued]>
[2023-10-18T11:17:20.875+0000] {taskinstance.py:1159} INFO - Dependencies all met for dep_context=requeueable deps ti=<TaskInstance: copy_tranform_to_mongo.waiting_for_data scheduled__2021-04-01T00:00:00+00:00 [queued]>
[2023-10-18T11:17:20.875+0000] {taskinstance.py:1361} INFO - Starting attempt 1 of 1
[2023-10-18T11:17:20.889+0000] {taskinstance.py:1382} INFO - Executing <Task(FileSensor): waiting_for_data> on 2021-04-01 00:00:00+00:00
[2023-10-18T11:17:20.895+0000] {standard_task_runner.py:57} INFO - Started process 417 to run task
[2023-10-18T11:17:20.897+0000] {standard_task_runner.py:84} INFO - Running: ['***', 'tasks', 'run', 'copy_tranform_to_mongo', 'waiting_for_data', 'scheduled__2021-04-01T00:00:00+00:00', '--job-id', '143', '--raw', '--subdir', 'DAGS_FOLDER/file_***-mongo.py', '--cfg-path', '/tmp/tmpsfdhajkv']
[2023-10-18T11:17:20.898+0000] {standard_task_runner.py:85} INFO - Job 143: Subtask waiting_for_data
[2023-10-18T11:17:20.936+0000] {task_command.py:416} INFO - Running <TaskInstance: copy_tranform_to_mongo.waiting_for_data scheduled__2021-04-01T00:00:00+00:00 [running]> on host 0e68aa52dfc7
[2023-10-18T11:17:20.993+0000] {taskinstance.py:1662} INFO - Exporting env vars: AIRFLOW_CTX_DAG_OWNER='***' AIRFLOW_CTX_DAG_ID='copy_tranform_to_mongo' AIRFLOW_CTX_TASK_ID='waiting_for_data' AIRFLOW_CTX_EXECUTION_DATE='2021-04-01T00:00:00+00:00' AIRFLOW_CTX_TRY_NUMBER='1' AIRFLOW_CTX_DAG_RUN_ID='scheduled__2021-04-01T00:00:00+00:00'
[2023-10-18T11:17:21.000+0000] {base.py:73} INFO - Using connection ID 'fs_default' for task execution.
[2023-10-18T11:17:21.000+0000] {filesystem.py:64} INFO - Poking for file /opt/in/tiktok_google_play_reviews.csv
[2023-10-18T11:17:21.000+0000] {filesystem.py:69} INFO - Found File /opt/in/tiktok_google_play_reviews.csv last modified: 20220405221612
[2023-10-18T11:17:21.000+0000] {base.py:287} INFO - Success criteria met. Exiting.
[2023-10-18T11:17:21.006+0000] {taskinstance.py:1400} INFO - Marking task as SUCCESS. dag_id=copy_tranform_to_mongo, task_id=waiting_for_data, execution_date=20210401T000000, start_date=20231018T111720, end_date=20231018T111721
[2023-10-18T11:17:21.030+0000] {local_task_job_runner.py:228} INFO - Task exited with return code 0
[2023-10-18T11:17:21.052+0000] {taskinstance.py:2778} INFO - 1 downstream tasks scheduled from follow-on schedule check
[2023-10-19T12:12:00.282+0000] {taskinstance.py:1159} INFO - Dependencies all met for dep_context=non-requeueable deps ti=<TaskInstance: copy_tranform_to_mongo.waiting_for_data scheduled__2021-04-01T00:00:00+00:00 [queued]>
[2023-10-19T12:12:00.293+0000] {taskinstance.py:1159} INFO - Dependencies all met for dep_context=requeueable deps ti=<TaskInstance: copy_tranform_to_mongo.waiting_for_data scheduled__2021-04-01T00:00:00+00:00 [queued]>
[2023-10-19T12:12:00.293+0000] {taskinstance.py:1361} INFO - Starting attempt 1 of 1
[2023-10-19T12:12:00.306+0000] {taskinstance.py:1382} INFO - Executing <Task(FileSensor): waiting_for_data> on 2021-04-01 00:00:00+00:00
[2023-10-19T12:12:00.313+0000] {standard_task_runner.py:57} INFO - Started process 463 to run task
[2023-10-19T12:12:00.315+0000] {standard_task_runner.py:84} INFO - Running: ['***', 'tasks', 'run', 'copy_tranform_to_mongo', 'waiting_for_data', 'scheduled__2021-04-01T00:00:00+00:00', '--job-id', '139', '--raw', '--subdir', 'DAGS_FOLDER/file_***-mongo.py', '--cfg-path', '/tmp/tmp4wwsgkos']
[2023-10-19T12:12:00.316+0000] {standard_task_runner.py:85} INFO - Job 139: Subtask waiting_for_data
[2023-10-19T12:12:00.363+0000] {task_command.py:416} INFO - Running <TaskInstance: copy_tranform_to_mongo.waiting_for_data scheduled__2021-04-01T00:00:00+00:00 [running]> on host 6f5df7fea6fd
[2023-10-19T12:12:00.458+0000] {taskinstance.py:1662} INFO - Exporting env vars: AIRFLOW_CTX_DAG_OWNER='***' AIRFLOW_CTX_DAG_ID='copy_tranform_to_mongo' AIRFLOW_CTX_TASK_ID='waiting_for_data' AIRFLOW_CTX_EXECUTION_DATE='2021-04-01T00:00:00+00:00' AIRFLOW_CTX_TRY_NUMBER='1' AIRFLOW_CTX_DAG_RUN_ID='scheduled__2021-04-01T00:00:00+00:00'
[2023-10-19T12:12:00.469+0000] {base.py:73} INFO - Using connection ID 'fs_default' for task execution.
[2023-10-19T12:12:00.470+0000] {filesystem.py:64} INFO - Poking for file /opt/in/tiktok_google_play_reviews.csv
[2023-10-19T12:12:00.470+0000] {filesystem.py:69} INFO - Found File /opt/in/tiktok_google_play_reviews.csv last modified: 20220405221612
[2023-10-19T12:12:00.470+0000] {base.py:287} INFO - Success criteria met. Exiting.
[2023-10-19T12:12:00.483+0000] {taskinstance.py:1400} INFO - Marking task as SUCCESS. dag_id=copy_tranform_to_mongo, task_id=waiting_for_data, execution_date=20210401T000000, start_date=20231019T121200, end_date=20231019T121200
[2023-10-19T12:12:00.529+0000] {local_task_job_runner.py:228} INFO - Task exited with return code 0
[2023-10-19T12:12:00.577+0000] {taskinstance.py:2778} INFO - 1 downstream tasks scheduled from follow-on schedule check
