[2023-10-17T11:25:11.225+0000] {taskinstance.py:1159} INFO - Dependencies all met for dep_context=non-requeueable deps ti=<TaskInstance: copy_tranform_to_mongo.waiting_for_data scheduled__2023-02-10T00:00:00+00:00 [queued]>
[2023-10-17T11:25:11.233+0000] {taskinstance.py:1159} INFO - Dependencies all met for dep_context=requeueable deps ti=<TaskInstance: copy_tranform_to_mongo.waiting_for_data scheduled__2023-02-10T00:00:00+00:00 [queued]>
[2023-10-17T11:25:11.233+0000] {taskinstance.py:1361} INFO - Starting attempt 1 of 1
[2023-10-17T11:25:11.255+0000] {taskinstance.py:1382} INFO - Executing <Task(FileSensor): waiting_for_data> on 2023-02-10 00:00:00+00:00
[2023-10-17T11:25:11.261+0000] {standard_task_runner.py:57} INFO - Started process 2062 to run task
[2023-10-17T11:25:11.263+0000] {standard_task_runner.py:84} INFO - Running: ['***', 'tasks', 'run', 'copy_tranform_to_mongo', 'waiting_for_data', 'scheduled__2023-02-10T00:00:00+00:00', '--job-id', '775', '--raw', '--subdir', 'DAGS_FOLDER/file_***-mongo.py', '--cfg-path', '/tmp/tmpgzbeqm88']
[2023-10-17T11:25:11.264+0000] {standard_task_runner.py:85} INFO - Job 775: Subtask waiting_for_data
[2023-10-17T11:25:11.305+0000] {task_command.py:416} INFO - Running <TaskInstance: copy_tranform_to_mongo.waiting_for_data scheduled__2023-02-10T00:00:00+00:00 [running]> on host 238c1d4ff767
[2023-10-17T11:25:11.380+0000] {taskinstance.py:1662} INFO - Exporting env vars: AIRFLOW_CTX_DAG_OWNER='***' AIRFLOW_CTX_DAG_ID='copy_tranform_to_mongo' AIRFLOW_CTX_TASK_ID='waiting_for_data' AIRFLOW_CTX_EXECUTION_DATE='2023-02-10T00:00:00+00:00' AIRFLOW_CTX_TRY_NUMBER='1' AIRFLOW_CTX_DAG_RUN_ID='scheduled__2023-02-10T00:00:00+00:00'
[2023-10-17T11:25:11.391+0000] {base.py:73} INFO - Using connection ID 'fs_default' for task execution.
[2023-10-17T11:25:11.391+0000] {filesystem.py:64} INFO - Poking for file /opt/in/tiktok_google_play_reviews.csv
[2023-10-17T11:25:11.392+0000] {filesystem.py:69} INFO - Found File /opt/in/tiktok_google_play_reviews.csv last modified: 20220405221612
[2023-10-17T11:25:11.392+0000] {base.py:287} INFO - Success criteria met. Exiting.
[2023-10-17T11:25:11.399+0000] {taskinstance.py:1400} INFO - Marking task as SUCCESS. dag_id=copy_tranform_to_mongo, task_id=waiting_for_data, execution_date=20230210T000000, start_date=20231017T112511, end_date=20231017T112511
[2023-10-17T11:25:11.435+0000] {local_task_job_runner.py:228} INFO - Task exited with return code 0
[2023-10-17T11:25:11.483+0000] {taskinstance.py:2778} INFO - 0 downstream tasks scheduled from follow-on schedule check
[2023-10-18T11:50:24.361+0000] {taskinstance.py:1159} INFO - Dependencies all met for dep_context=non-requeueable deps ti=<TaskInstance: copy_tranform_to_mongo.waiting_for_data scheduled__2023-02-10T00:00:00+00:00 [queued]>
[2023-10-18T11:50:24.372+0000] {taskinstance.py:1159} INFO - Dependencies all met for dep_context=requeueable deps ti=<TaskInstance: copy_tranform_to_mongo.waiting_for_data scheduled__2023-02-10T00:00:00+00:00 [queued]>
[2023-10-18T11:50:24.372+0000] {taskinstance.py:1361} INFO - Starting attempt 1 of 1
[2023-10-18T11:50:24.419+0000] {taskinstance.py:1382} INFO - Executing <Task(FileSensor): waiting_for_data> on 2023-02-10 00:00:00+00:00
[2023-10-18T11:50:24.428+0000] {standard_task_runner.py:57} INFO - Started process 3644 to run task
[2023-10-18T11:50:24.430+0000] {standard_task_runner.py:84} INFO - Running: ['***', 'tasks', 'run', 'copy_tranform_to_mongo', 'waiting_for_data', 'scheduled__2023-02-10T00:00:00+00:00', '--job-id', '1503', '--raw', '--subdir', 'DAGS_FOLDER/file_***-mongo.py', '--cfg-path', '/tmp/tmp6tmf0fcc']
[2023-10-18T11:50:24.431+0000] {standard_task_runner.py:85} INFO - Job 1503: Subtask waiting_for_data
[2023-10-18T11:50:24.494+0000] {task_command.py:416} INFO - Running <TaskInstance: copy_tranform_to_mongo.waiting_for_data scheduled__2023-02-10T00:00:00+00:00 [running]> on host 0e68aa52dfc7
[2023-10-18T11:50:24.598+0000] {taskinstance.py:1662} INFO - Exporting env vars: AIRFLOW_CTX_DAG_OWNER='***' AIRFLOW_CTX_DAG_ID='copy_tranform_to_mongo' AIRFLOW_CTX_TASK_ID='waiting_for_data' AIRFLOW_CTX_EXECUTION_DATE='2023-02-10T00:00:00+00:00' AIRFLOW_CTX_TRY_NUMBER='1' AIRFLOW_CTX_DAG_RUN_ID='scheduled__2023-02-10T00:00:00+00:00'
[2023-10-18T11:50:24.613+0000] {base.py:73} INFO - Using connection ID 'fs_default' for task execution.
[2023-10-18T11:50:24.614+0000] {filesystem.py:64} INFO - Poking for file /opt/in/tiktok_google_play_reviews.csv
[2023-10-18T11:50:24.614+0000] {filesystem.py:69} INFO - Found File /opt/in/tiktok_google_play_reviews.csv last modified: 20220405221612
[2023-10-18T11:50:24.615+0000] {base.py:287} INFO - Success criteria met. Exiting.
[2023-10-18T11:50:24.627+0000] {taskinstance.py:1400} INFO - Marking task as SUCCESS. dag_id=copy_tranform_to_mongo, task_id=waiting_for_data, execution_date=20230210T000000, start_date=20231018T115024, end_date=20231018T115024
[2023-10-18T11:50:24.686+0000] {local_task_job_runner.py:228} INFO - Task exited with return code 0
[2023-10-18T11:50:24.736+0000] {taskinstance.py:2778} INFO - 0 downstream tasks scheduled from follow-on schedule check
