[2023-10-17T11:24:56.351+0000] {taskinstance.py:1159} INFO - Dependencies all met for dep_context=non-requeueable deps ti=<TaskInstance: copy_tranform_to_mongo.waiting_for_data scheduled__2023-01-08T00:00:00+00:00 [queued]>
[2023-10-17T11:24:56.361+0000] {taskinstance.py:1159} INFO - Dependencies all met for dep_context=requeueable deps ti=<TaskInstance: copy_tranform_to_mongo.waiting_for_data scheduled__2023-01-08T00:00:00+00:00 [queued]>
[2023-10-17T11:24:56.361+0000] {taskinstance.py:1361} INFO - Starting attempt 1 of 1
[2023-10-17T11:24:56.371+0000] {taskinstance.py:1382} INFO - Executing <Task(FileSensor): waiting_for_data> on 2023-01-08 00:00:00+00:00
[2023-10-17T11:24:56.377+0000] {standard_task_runner.py:57} INFO - Started process 1987 to run task
[2023-10-17T11:24:56.381+0000] {standard_task_runner.py:84} INFO - Running: ['***', 'tasks', 'run', 'copy_tranform_to_mongo', 'waiting_for_data', 'scheduled__2023-01-08T00:00:00+00:00', '--job-id', '742', '--raw', '--subdir', 'DAGS_FOLDER/file_***-mongo.py', '--cfg-path', '/tmp/tmpi1x5awoq']
[2023-10-17T11:24:56.382+0000] {standard_task_runner.py:85} INFO - Job 742: Subtask waiting_for_data
[2023-10-17T11:24:56.421+0000] {task_command.py:416} INFO - Running <TaskInstance: copy_tranform_to_mongo.waiting_for_data scheduled__2023-01-08T00:00:00+00:00 [running]> on host 238c1d4ff767
[2023-10-17T11:24:56.480+0000] {taskinstance.py:1662} INFO - Exporting env vars: AIRFLOW_CTX_DAG_OWNER='***' AIRFLOW_CTX_DAG_ID='copy_tranform_to_mongo' AIRFLOW_CTX_TASK_ID='waiting_for_data' AIRFLOW_CTX_EXECUTION_DATE='2023-01-08T00:00:00+00:00' AIRFLOW_CTX_TRY_NUMBER='1' AIRFLOW_CTX_DAG_RUN_ID='scheduled__2023-01-08T00:00:00+00:00'
[2023-10-17T11:24:56.487+0000] {base.py:73} INFO - Using connection ID 'fs_default' for task execution.
[2023-10-17T11:24:56.487+0000] {filesystem.py:64} INFO - Poking for file /opt/in/tiktok_google_play_reviews.csv
[2023-10-17T11:24:56.487+0000] {filesystem.py:69} INFO - Found File /opt/in/tiktok_google_play_reviews.csv last modified: 20220405221612
[2023-10-17T11:24:56.487+0000] {base.py:287} INFO - Success criteria met. Exiting.
[2023-10-17T11:24:56.493+0000] {taskinstance.py:1400} INFO - Marking task as SUCCESS. dag_id=copy_tranform_to_mongo, task_id=waiting_for_data, execution_date=20230108T000000, start_date=20231017T112456, end_date=20231017T112456
[2023-10-17T11:24:56.512+0000] {local_task_job_runner.py:228} INFO - Task exited with return code 0
[2023-10-17T11:24:56.527+0000] {taskinstance.py:2778} INFO - 0 downstream tasks scheduled from follow-on schedule check
[2023-10-18T11:50:03.612+0000] {taskinstance.py:1159} INFO - Dependencies all met for dep_context=non-requeueable deps ti=<TaskInstance: copy_tranform_to_mongo.waiting_for_data scheduled__2023-01-08T00:00:00+00:00 [queued]>
[2023-10-18T11:50:03.642+0000] {taskinstance.py:1159} INFO - Dependencies all met for dep_context=requeueable deps ti=<TaskInstance: copy_tranform_to_mongo.waiting_for_data scheduled__2023-01-08T00:00:00+00:00 [queued]>
[2023-10-18T11:50:03.642+0000] {taskinstance.py:1361} INFO - Starting attempt 1 of 1
[2023-10-18T11:50:03.660+0000] {taskinstance.py:1382} INFO - Executing <Task(FileSensor): waiting_for_data> on 2023-01-08 00:00:00+00:00
[2023-10-18T11:50:03.669+0000] {standard_task_runner.py:57} INFO - Started process 3503 to run task
[2023-10-18T11:50:03.672+0000] {standard_task_runner.py:84} INFO - Running: ['***', 'tasks', 'run', 'copy_tranform_to_mongo', 'waiting_for_data', 'scheduled__2023-01-08T00:00:00+00:00', '--job-id', '1436', '--raw', '--subdir', 'DAGS_FOLDER/file_***-mongo.py', '--cfg-path', '/tmp/tmpg_x2x3vf']
[2023-10-18T11:50:03.673+0000] {standard_task_runner.py:85} INFO - Job 1436: Subtask waiting_for_data
[2023-10-18T11:50:03.740+0000] {task_command.py:416} INFO - Running <TaskInstance: copy_tranform_to_mongo.waiting_for_data scheduled__2023-01-08T00:00:00+00:00 [running]> on host 0e68aa52dfc7
[2023-10-18T11:50:03.867+0000] {taskinstance.py:1662} INFO - Exporting env vars: AIRFLOW_CTX_DAG_OWNER='***' AIRFLOW_CTX_DAG_ID='copy_tranform_to_mongo' AIRFLOW_CTX_TASK_ID='waiting_for_data' AIRFLOW_CTX_EXECUTION_DATE='2023-01-08T00:00:00+00:00' AIRFLOW_CTX_TRY_NUMBER='1' AIRFLOW_CTX_DAG_RUN_ID='scheduled__2023-01-08T00:00:00+00:00'
[2023-10-18T11:50:03.904+0000] {base.py:73} INFO - Using connection ID 'fs_default' for task execution.
[2023-10-18T11:50:03.905+0000] {filesystem.py:64} INFO - Poking for file /opt/in/tiktok_google_play_reviews.csv
[2023-10-18T11:50:03.905+0000] {filesystem.py:69} INFO - Found File /opt/in/tiktok_google_play_reviews.csv last modified: 20220405221612
[2023-10-18T11:50:03.905+0000] {base.py:287} INFO - Success criteria met. Exiting.
[2023-10-18T11:50:03.923+0000] {taskinstance.py:1400} INFO - Marking task as SUCCESS. dag_id=copy_tranform_to_mongo, task_id=waiting_for_data, execution_date=20230108T000000, start_date=20231018T115003, end_date=20231018T115003
[2023-10-18T11:50:03.979+0000] {local_task_job_runner.py:228} INFO - Task exited with return code 0
[2023-10-18T11:50:04.063+0000] {taskinstance.py:2778} INFO - 0 downstream tasks scheduled from follow-on schedule check
