[2023-10-17T11:27:11.486+0000] {taskinstance.py:1159} INFO - Dependencies all met for dep_context=non-requeueable deps ti=<TaskInstance: copy_tranform_to_mongo.waiting_for_data scheduled__2023-08-28T00:00:00+00:00 [queued]>
[2023-10-17T11:27:11.496+0000] {taskinstance.py:1159} INFO - Dependencies all met for dep_context=requeueable deps ti=<TaskInstance: copy_tranform_to_mongo.waiting_for_data scheduled__2023-08-28T00:00:00+00:00 [queued]>
[2023-10-17T11:27:11.496+0000] {taskinstance.py:1361} INFO - Starting attempt 1 of 1
[2023-10-17T11:27:11.532+0000] {taskinstance.py:1382} INFO - Executing <Task(FileSensor): waiting_for_data> on 2023-08-28 00:00:00+00:00
[2023-10-17T11:27:11.540+0000] {standard_task_runner.py:57} INFO - Started process 2484 to run task
[2023-10-17T11:27:11.543+0000] {standard_task_runner.py:84} INFO - Running: ['***', 'tasks', 'run', 'copy_tranform_to_mongo', 'waiting_for_data', 'scheduled__2023-08-28T00:00:00+00:00', '--job-id', '974', '--raw', '--subdir', 'DAGS_FOLDER/file_***-mongo.py', '--cfg-path', '/tmp/tmpgczey50o']
[2023-10-17T11:27:11.544+0000] {standard_task_runner.py:85} INFO - Job 974: Subtask waiting_for_data
[2023-10-17T11:27:11.587+0000] {task_command.py:416} INFO - Running <TaskInstance: copy_tranform_to_mongo.waiting_for_data scheduled__2023-08-28T00:00:00+00:00 [running]> on host 238c1d4ff767
[2023-10-17T11:27:11.658+0000] {taskinstance.py:1662} INFO - Exporting env vars: AIRFLOW_CTX_DAG_OWNER='***' AIRFLOW_CTX_DAG_ID='copy_tranform_to_mongo' AIRFLOW_CTX_TASK_ID='waiting_for_data' AIRFLOW_CTX_EXECUTION_DATE='2023-08-28T00:00:00+00:00' AIRFLOW_CTX_TRY_NUMBER='1' AIRFLOW_CTX_DAG_RUN_ID='scheduled__2023-08-28T00:00:00+00:00'
[2023-10-17T11:27:11.668+0000] {base.py:73} INFO - Using connection ID 'fs_default' for task execution.
[2023-10-17T11:27:11.668+0000] {filesystem.py:64} INFO - Poking for file /opt/in/tiktok_google_play_reviews.csv
[2023-10-17T11:27:11.668+0000] {filesystem.py:69} INFO - Found File /opt/in/tiktok_google_play_reviews.csv last modified: 20220405221612
[2023-10-17T11:27:11.669+0000] {base.py:287} INFO - Success criteria met. Exiting.
[2023-10-17T11:27:11.679+0000] {taskinstance.py:1400} INFO - Marking task as SUCCESS. dag_id=copy_tranform_to_mongo, task_id=waiting_for_data, execution_date=20230828T000000, start_date=20231017T112711, end_date=20231017T112711
[2023-10-17T11:27:11.715+0000] {local_task_job_runner.py:228} INFO - Task exited with return code 0
[2023-10-17T11:27:11.731+0000] {taskinstance.py:2778} INFO - 0 downstream tasks scheduled from follow-on schedule check
[2023-10-18T11:52:21.290+0000] {taskinstance.py:1159} INFO - Dependencies all met for dep_context=non-requeueable deps ti=<TaskInstance: copy_tranform_to_mongo.waiting_for_data scheduled__2023-08-28T00:00:00+00:00 [queued]>
[2023-10-18T11:52:21.303+0000] {taskinstance.py:1159} INFO - Dependencies all met for dep_context=requeueable deps ti=<TaskInstance: copy_tranform_to_mongo.waiting_for_data scheduled__2023-08-28T00:00:00+00:00 [queued]>
[2023-10-18T11:52:21.303+0000] {taskinstance.py:1361} INFO - Starting attempt 1 of 1
[2023-10-18T11:52:21.323+0000] {taskinstance.py:1382} INFO - Executing <Task(FileSensor): waiting_for_data> on 2023-08-28 00:00:00+00:00
[2023-10-18T11:52:21.333+0000] {standard_task_runner.py:57} INFO - Started process 4464 to run task
[2023-10-18T11:52:21.338+0000] {standard_task_runner.py:84} INFO - Running: ['***', 'tasks', 'run', 'copy_tranform_to_mongo', 'waiting_for_data', 'scheduled__2023-08-28T00:00:00+00:00', '--job-id', '1900', '--raw', '--subdir', 'DAGS_FOLDER/file_***-mongo.py', '--cfg-path', '/tmp/tmpg_our4dc']
[2023-10-18T11:52:21.340+0000] {standard_task_runner.py:85} INFO - Job 1900: Subtask waiting_for_data
[2023-10-18T11:52:21.393+0000] {task_command.py:416} INFO - Running <TaskInstance: copy_tranform_to_mongo.waiting_for_data scheduled__2023-08-28T00:00:00+00:00 [running]> on host 0e68aa52dfc7
[2023-10-18T11:52:21.479+0000] {taskinstance.py:1662} INFO - Exporting env vars: AIRFLOW_CTX_DAG_OWNER='***' AIRFLOW_CTX_DAG_ID='copy_tranform_to_mongo' AIRFLOW_CTX_TASK_ID='waiting_for_data' AIRFLOW_CTX_EXECUTION_DATE='2023-08-28T00:00:00+00:00' AIRFLOW_CTX_TRY_NUMBER='1' AIRFLOW_CTX_DAG_RUN_ID='scheduled__2023-08-28T00:00:00+00:00'
[2023-10-18T11:52:21.498+0000] {base.py:73} INFO - Using connection ID 'fs_default' for task execution.
[2023-10-18T11:52:21.498+0000] {filesystem.py:64} INFO - Poking for file /opt/in/tiktok_google_play_reviews.csv
[2023-10-18T11:52:21.499+0000] {filesystem.py:69} INFO - Found File /opt/in/tiktok_google_play_reviews.csv last modified: 20220405221612
[2023-10-18T11:52:21.499+0000] {base.py:287} INFO - Success criteria met. Exiting.
[2023-10-18T11:52:21.513+0000] {taskinstance.py:1400} INFO - Marking task as SUCCESS. dag_id=copy_tranform_to_mongo, task_id=waiting_for_data, execution_date=20230828T000000, start_date=20231018T115221, end_date=20231018T115221
[2023-10-18T11:52:21.564+0000] {local_task_job_runner.py:228} INFO - Task exited with return code 0
[2023-10-18T11:52:21.596+0000] {taskinstance.py:2778} INFO - 1 downstream tasks scheduled from follow-on schedule check
