[2023-10-17T11:20:18.435+0000] {taskinstance.py:1159} INFO - Dependencies all met for dep_context=non-requeueable deps ti=<TaskInstance: copy_tranform_to_mongo.waiting_for_data scheduled__2021-08-24T00:00:00+00:00 [queued]>
[2023-10-17T11:20:18.447+0000] {taskinstance.py:1159} INFO - Dependencies all met for dep_context=requeueable deps ti=<TaskInstance: copy_tranform_to_mongo.waiting_for_data scheduled__2021-08-24T00:00:00+00:00 [queued]>
[2023-10-17T11:20:18.447+0000] {taskinstance.py:1361} INFO - Starting attempt 1 of 1
[2023-10-17T11:20:18.478+0000] {taskinstance.py:1382} INFO - Executing <Task(FileSensor): waiting_for_data> on 2021-08-24 00:00:00+00:00
[2023-10-17T11:20:18.486+0000] {standard_task_runner.py:57} INFO - Started process 921 to run task
[2023-10-17T11:20:18.489+0000] {standard_task_runner.py:84} INFO - Running: ['***', 'tasks', 'run', 'copy_tranform_to_mongo', 'waiting_for_data', 'scheduled__2021-08-24T00:00:00+00:00', '--job-id', '240', '--raw', '--subdir', 'DAGS_FOLDER/file_***-mongo.py', '--cfg-path', '/tmp/tmpv4gkxqlt']
[2023-10-17T11:20:18.490+0000] {standard_task_runner.py:85} INFO - Job 240: Subtask waiting_for_data
[2023-10-17T11:20:18.543+0000] {task_command.py:416} INFO - Running <TaskInstance: copy_tranform_to_mongo.waiting_for_data scheduled__2021-08-24T00:00:00+00:00 [running]> on host 238c1d4ff767
[2023-10-17T11:20:18.631+0000] {taskinstance.py:1662} INFO - Exporting env vars: AIRFLOW_CTX_DAG_OWNER='***' AIRFLOW_CTX_DAG_ID='copy_tranform_to_mongo' AIRFLOW_CTX_TASK_ID='waiting_for_data' AIRFLOW_CTX_EXECUTION_DATE='2021-08-24T00:00:00+00:00' AIRFLOW_CTX_TRY_NUMBER='1' AIRFLOW_CTX_DAG_RUN_ID='scheduled__2021-08-24T00:00:00+00:00'
[2023-10-17T11:20:18.642+0000] {base.py:73} INFO - Using connection ID 'fs_default' for task execution.
[2023-10-17T11:20:18.643+0000] {filesystem.py:64} INFO - Poking for file /opt/in/tiktok_google_play_reviews.csv
[2023-10-17T11:20:18.643+0000] {filesystem.py:69} INFO - Found File /opt/in/tiktok_google_play_reviews.csv last modified: 20220405221612
[2023-10-17T11:20:18.644+0000] {base.py:287} INFO - Success criteria met. Exiting.
[2023-10-17T11:20:18.654+0000] {taskinstance.py:1400} INFO - Marking task as SUCCESS. dag_id=copy_tranform_to_mongo, task_id=waiting_for_data, execution_date=20210824T000000, start_date=20231017T112018, end_date=20231017T112018
[2023-10-17T11:20:18.703+0000] {local_task_job_runner.py:228} INFO - Task exited with return code 0
[2023-10-17T11:20:18.722+0000] {taskinstance.py:2778} INFO - 0 downstream tasks scheduled from follow-on schedule check
[2023-10-18T10:48:02.572+0000] {taskinstance.py:1159} INFO - Dependencies all met for dep_context=non-requeueable deps ti=<TaskInstance: copy_tranform_to_mongo.waiting_for_data scheduled__2021-08-24T00:00:00+00:00 [queued]>
[2023-10-18T10:48:02.580+0000] {taskinstance.py:1159} INFO - Dependencies all met for dep_context=requeueable deps ti=<TaskInstance: copy_tranform_to_mongo.waiting_for_data scheduled__2021-08-24T00:00:00+00:00 [queued]>
[2023-10-18T10:48:02.581+0000] {taskinstance.py:1361} INFO - Starting attempt 1 of 1
[2023-10-18T10:48:02.594+0000] {taskinstance.py:1382} INFO - Executing <Task(FileSensor): waiting_for_data> on 2021-08-24 00:00:00+00:00
[2023-10-18T10:48:02.601+0000] {standard_task_runner.py:57} INFO - Started process 2011 to run task
[2023-10-18T10:48:02.604+0000] {standard_task_runner.py:84} INFO - Running: ['***', 'tasks', 'run', 'copy_tranform_to_mongo', 'waiting_for_data', 'scheduled__2021-08-24T00:00:00+00:00', '--job-id', '270', '--raw', '--subdir', 'DAGS_FOLDER/file_***-mongo.py', '--cfg-path', '/tmp/tmpzudlm4cl']
[2023-10-18T10:48:02.605+0000] {standard_task_runner.py:85} INFO - Job 270: Subtask waiting_for_data
[2023-10-18T10:48:02.666+0000] {task_command.py:416} INFO - Running <TaskInstance: copy_tranform_to_mongo.waiting_for_data scheduled__2021-08-24T00:00:00+00:00 [running]> on host 2473b23ba069
[2023-10-18T10:48:02.764+0000] {taskinstance.py:1662} INFO - Exporting env vars: AIRFLOW_CTX_DAG_OWNER='***' AIRFLOW_CTX_DAG_ID='copy_tranform_to_mongo' AIRFLOW_CTX_TASK_ID='waiting_for_data' AIRFLOW_CTX_EXECUTION_DATE='2021-08-24T00:00:00+00:00' AIRFLOW_CTX_TRY_NUMBER='1' AIRFLOW_CTX_DAG_RUN_ID='scheduled__2021-08-24T00:00:00+00:00'
[2023-10-18T10:48:02.777+0000] {base.py:73} INFO - Using connection ID 'fs_default' for task execution.
[2023-10-18T10:48:02.777+0000] {filesystem.py:64} INFO - Poking for file /opt/in/tiktok_google_play_reviews.csv
[2023-10-18T10:48:02.778+0000] {filesystem.py:69} INFO - Found File /opt/in/tiktok_google_play_reviews.csv last modified: 20220405221612
[2023-10-18T10:48:02.778+0000] {base.py:287} INFO - Success criteria met. Exiting.
[2023-10-18T10:48:02.787+0000] {taskinstance.py:1400} INFO - Marking task as SUCCESS. dag_id=copy_tranform_to_mongo, task_id=waiting_for_data, execution_date=20210824T000000, start_date=20231018T104802, end_date=20231018T104802
[2023-10-18T10:48:02.821+0000] {local_task_job_runner.py:228} INFO - Task exited with return code 0
[2023-10-18T10:48:02.865+0000] {taskinstance.py:2778} INFO - 0 downstream tasks scheduled from follow-on schedule check
[2023-10-18T11:44:37.210+0000] {taskinstance.py:1159} INFO - Dependencies all met for dep_context=non-requeueable deps ti=<TaskInstance: copy_tranform_to_mongo.waiting_for_data scheduled__2021-08-24T00:00:00+00:00 [queued]>
[2023-10-18T11:44:37.219+0000] {taskinstance.py:1159} INFO - Dependencies all met for dep_context=requeueable deps ti=<TaskInstance: copy_tranform_to_mongo.waiting_for_data scheduled__2021-08-24T00:00:00+00:00 [queued]>
[2023-10-18T11:44:37.219+0000] {taskinstance.py:1361} INFO - Starting attempt 1 of 1
[2023-10-18T11:44:37.247+0000] {taskinstance.py:1382} INFO - Executing <Task(FileSensor): waiting_for_data> on 2021-08-24 00:00:00+00:00
[2023-10-18T11:44:37.253+0000] {standard_task_runner.py:57} INFO - Started process 1415 to run task
[2023-10-18T11:44:37.255+0000] {standard_task_runner.py:84} INFO - Running: ['***', 'tasks', 'run', 'copy_tranform_to_mongo', 'waiting_for_data', 'scheduled__2021-08-24T00:00:00+00:00', '--job-id', '433', '--raw', '--subdir', 'DAGS_FOLDER/file_***-mongo.py', '--cfg-path', '/tmp/tmpj2k9w16n']
[2023-10-18T11:44:37.256+0000] {standard_task_runner.py:85} INFO - Job 433: Subtask waiting_for_data
[2023-10-18T11:44:37.311+0000] {task_command.py:416} INFO - Running <TaskInstance: copy_tranform_to_mongo.waiting_for_data scheduled__2021-08-24T00:00:00+00:00 [running]> on host 0e68aa52dfc7
[2023-10-18T11:44:37.380+0000] {taskinstance.py:1662} INFO - Exporting env vars: AIRFLOW_CTX_DAG_OWNER='***' AIRFLOW_CTX_DAG_ID='copy_tranform_to_mongo' AIRFLOW_CTX_TASK_ID='waiting_for_data' AIRFLOW_CTX_EXECUTION_DATE='2021-08-24T00:00:00+00:00' AIRFLOW_CTX_TRY_NUMBER='1' AIRFLOW_CTX_DAG_RUN_ID='scheduled__2021-08-24T00:00:00+00:00'
[2023-10-18T11:44:37.388+0000] {base.py:73} INFO - Using connection ID 'fs_default' for task execution.
[2023-10-18T11:44:37.389+0000] {filesystem.py:64} INFO - Poking for file /opt/in/tiktok_google_play_reviews.csv
[2023-10-18T11:44:37.389+0000] {filesystem.py:69} INFO - Found File /opt/in/tiktok_google_play_reviews.csv last modified: 20220405221612
[2023-10-18T11:44:37.389+0000] {base.py:287} INFO - Success criteria met. Exiting.
[2023-10-18T11:44:37.400+0000] {taskinstance.py:1400} INFO - Marking task as SUCCESS. dag_id=copy_tranform_to_mongo, task_id=waiting_for_data, execution_date=20210824T000000, start_date=20231018T114437, end_date=20231018T114437
[2023-10-18T11:44:37.428+0000] {local_task_job_runner.py:228} INFO - Task exited with return code 0
[2023-10-18T11:44:37.457+0000] {taskinstance.py:2778} INFO - 1 downstream tasks scheduled from follow-on schedule check
