[2023-10-17T11:24:55.938+0000] {taskinstance.py:1159} INFO - Dependencies all met for dep_context=non-requeueable deps ti=<TaskInstance: copy_tranform_to_mongo.waiting_for_data scheduled__2023-01-04T00:00:00+00:00 [queued]>
[2023-10-17T11:24:55.948+0000] {taskinstance.py:1159} INFO - Dependencies all met for dep_context=requeueable deps ti=<TaskInstance: copy_tranform_to_mongo.waiting_for_data scheduled__2023-01-04T00:00:00+00:00 [queued]>
[2023-10-17T11:24:55.948+0000] {taskinstance.py:1361} INFO - Starting attempt 1 of 1
[2023-10-17T11:24:55.960+0000] {taskinstance.py:1382} INFO - Executing <Task(FileSensor): waiting_for_data> on 2023-01-04 00:00:00+00:00
[2023-10-17T11:24:55.967+0000] {standard_task_runner.py:57} INFO - Started process 1981 to run task
[2023-10-17T11:24:55.970+0000] {standard_task_runner.py:84} INFO - Running: ['***', 'tasks', 'run', 'copy_tranform_to_mongo', 'waiting_for_data', 'scheduled__2023-01-04T00:00:00+00:00', '--job-id', '738', '--raw', '--subdir', 'DAGS_FOLDER/file_***-mongo.py', '--cfg-path', '/tmp/tmpd3iv5mfb']
[2023-10-17T11:24:55.971+0000] {standard_task_runner.py:85} INFO - Job 738: Subtask waiting_for_data
[2023-10-17T11:24:56.014+0000] {task_command.py:416} INFO - Running <TaskInstance: copy_tranform_to_mongo.waiting_for_data scheduled__2023-01-04T00:00:00+00:00 [running]> on host 238c1d4ff767
[2023-10-17T11:24:56.093+0000] {taskinstance.py:1662} INFO - Exporting env vars: AIRFLOW_CTX_DAG_OWNER='***' AIRFLOW_CTX_DAG_ID='copy_tranform_to_mongo' AIRFLOW_CTX_TASK_ID='waiting_for_data' AIRFLOW_CTX_EXECUTION_DATE='2023-01-04T00:00:00+00:00' AIRFLOW_CTX_TRY_NUMBER='1' AIRFLOW_CTX_DAG_RUN_ID='scheduled__2023-01-04T00:00:00+00:00'
[2023-10-17T11:24:56.103+0000] {base.py:73} INFO - Using connection ID 'fs_default' for task execution.
[2023-10-17T11:24:56.103+0000] {filesystem.py:64} INFO - Poking for file /opt/in/tiktok_google_play_reviews.csv
[2023-10-17T11:24:56.104+0000] {filesystem.py:69} INFO - Found File /opt/in/tiktok_google_play_reviews.csv last modified: 20220405221612
[2023-10-17T11:24:56.104+0000] {base.py:287} INFO - Success criteria met. Exiting.
[2023-10-17T11:24:56.112+0000] {taskinstance.py:1400} INFO - Marking task as SUCCESS. dag_id=copy_tranform_to_mongo, task_id=waiting_for_data, execution_date=20230104T000000, start_date=20231017T112455, end_date=20231017T112456
[2023-10-17T11:24:56.143+0000] {local_task_job_runner.py:228} INFO - Task exited with return code 0
[2023-10-17T11:24:56.191+0000] {taskinstance.py:2778} INFO - 0 downstream tasks scheduled from follow-on schedule check
[2023-10-18T11:50:02.766+0000] {taskinstance.py:1159} INFO - Dependencies all met for dep_context=non-requeueable deps ti=<TaskInstance: copy_tranform_to_mongo.waiting_for_data scheduled__2023-01-04T00:00:00+00:00 [queued]>
[2023-10-18T11:50:02.774+0000] {taskinstance.py:1159} INFO - Dependencies all met for dep_context=requeueable deps ti=<TaskInstance: copy_tranform_to_mongo.waiting_for_data scheduled__2023-01-04T00:00:00+00:00 [queued]>
[2023-10-18T11:50:02.774+0000] {taskinstance.py:1361} INFO - Starting attempt 1 of 1
[2023-10-18T11:50:02.813+0000] {taskinstance.py:1382} INFO - Executing <Task(FileSensor): waiting_for_data> on 2023-01-04 00:00:00+00:00
[2023-10-18T11:50:02.821+0000] {standard_task_runner.py:57} INFO - Started process 3490 to run task
[2023-10-18T11:50:02.823+0000] {standard_task_runner.py:84} INFO - Running: ['***', 'tasks', 'run', 'copy_tranform_to_mongo', 'waiting_for_data', 'scheduled__2023-01-04T00:00:00+00:00', '--job-id', '1430', '--raw', '--subdir', 'DAGS_FOLDER/file_***-mongo.py', '--cfg-path', '/tmp/tmpm1i_ohcq']
[2023-10-18T11:50:02.825+0000] {standard_task_runner.py:85} INFO - Job 1430: Subtask waiting_for_data
[2023-10-18T11:50:02.885+0000] {task_command.py:416} INFO - Running <TaskInstance: copy_tranform_to_mongo.waiting_for_data scheduled__2023-01-04T00:00:00+00:00 [running]> on host 0e68aa52dfc7
[2023-10-18T11:50:02.969+0000] {taskinstance.py:1662} INFO - Exporting env vars: AIRFLOW_CTX_DAG_OWNER='***' AIRFLOW_CTX_DAG_ID='copy_tranform_to_mongo' AIRFLOW_CTX_TASK_ID='waiting_for_data' AIRFLOW_CTX_EXECUTION_DATE='2023-01-04T00:00:00+00:00' AIRFLOW_CTX_TRY_NUMBER='1' AIRFLOW_CTX_DAG_RUN_ID='scheduled__2023-01-04T00:00:00+00:00'
[2023-10-18T11:50:02.980+0000] {base.py:73} INFO - Using connection ID 'fs_default' for task execution.
[2023-10-18T11:50:02.981+0000] {filesystem.py:64} INFO - Poking for file /opt/in/tiktok_google_play_reviews.csv
[2023-10-18T11:50:02.981+0000] {filesystem.py:69} INFO - Found File /opt/in/tiktok_google_play_reviews.csv last modified: 20220405221612
[2023-10-18T11:50:02.981+0000] {base.py:287} INFO - Success criteria met. Exiting.
[2023-10-18T11:50:02.993+0000] {taskinstance.py:1400} INFO - Marking task as SUCCESS. dag_id=copy_tranform_to_mongo, task_id=waiting_for_data, execution_date=20230104T000000, start_date=20231018T115002, end_date=20231018T115002
[2023-10-18T11:50:03.038+0000] {local_task_job_runner.py:228} INFO - Task exited with return code 0
[2023-10-18T11:50:03.071+0000] {taskinstance.py:2778} INFO - 0 downstream tasks scheduled from follow-on schedule check
