[2023-10-17T11:20:03.552+0000] {taskinstance.py:1159} INFO - Dependencies all met for dep_context=non-requeueable deps ti=<TaskInstance: copy_tranform_to_mongo.waiting_for_data scheduled__2021-07-17T00:00:00+00:00 [queued]>
[2023-10-17T11:20:03.561+0000] {taskinstance.py:1159} INFO - Dependencies all met for dep_context=requeueable deps ti=<TaskInstance: copy_tranform_to_mongo.waiting_for_data scheduled__2021-07-17T00:00:00+00:00 [queued]>
[2023-10-17T11:20:03.562+0000] {taskinstance.py:1361} INFO - Starting attempt 1 of 1
[2023-10-17T11:20:03.574+0000] {taskinstance.py:1382} INFO - Executing <Task(FileSensor): waiting_for_data> on 2021-07-17 00:00:00+00:00
[2023-10-17T11:20:03.583+0000] {standard_task_runner.py:57} INFO - Started process 838 to run task
[2023-10-17T11:20:03.586+0000] {standard_task_runner.py:84} INFO - Running: ['***', 'tasks', 'run', 'copy_tranform_to_mongo', 'waiting_for_data', 'scheduled__2021-07-17T00:00:00+00:00', '--job-id', '202', '--raw', '--subdir', 'DAGS_FOLDER/file_***-mongo.py', '--cfg-path', '/tmp/tmpbj3_426u']
[2023-10-17T11:20:03.587+0000] {standard_task_runner.py:85} INFO - Job 202: Subtask waiting_for_data
[2023-10-17T11:20:03.628+0000] {task_command.py:416} INFO - Running <TaskInstance: copy_tranform_to_mongo.waiting_for_data scheduled__2021-07-17T00:00:00+00:00 [running]> on host 238c1d4ff767
[2023-10-17T11:20:03.711+0000] {taskinstance.py:1662} INFO - Exporting env vars: AIRFLOW_CTX_DAG_OWNER='***' AIRFLOW_CTX_DAG_ID='copy_tranform_to_mongo' AIRFLOW_CTX_TASK_ID='waiting_for_data' AIRFLOW_CTX_EXECUTION_DATE='2021-07-17T00:00:00+00:00' AIRFLOW_CTX_TRY_NUMBER='1' AIRFLOW_CTX_DAG_RUN_ID='scheduled__2021-07-17T00:00:00+00:00'
[2023-10-17T11:20:03.723+0000] {base.py:73} INFO - Using connection ID 'fs_default' for task execution.
[2023-10-17T11:20:03.723+0000] {filesystem.py:64} INFO - Poking for file /opt/in/tiktok_google_play_reviews.csv
[2023-10-17T11:20:03.724+0000] {filesystem.py:69} INFO - Found File /opt/in/tiktok_google_play_reviews.csv last modified: 20220405221612
[2023-10-17T11:20:03.724+0000] {base.py:287} INFO - Success criteria met. Exiting.
[2023-10-17T11:20:03.733+0000] {taskinstance.py:1400} INFO - Marking task as SUCCESS. dag_id=copy_tranform_to_mongo, task_id=waiting_for_data, execution_date=20210717T000000, start_date=20231017T112003, end_date=20231017T112003
[2023-10-17T11:20:03.758+0000] {local_task_job_runner.py:228} INFO - Task exited with return code 0
[2023-10-17T11:20:03.802+0000] {taskinstance.py:2778} INFO - 0 downstream tasks scheduled from follow-on schedule check
[2023-10-18T10:43:47.098+0000] {taskinstance.py:1159} INFO - Dependencies all met for dep_context=non-requeueable deps ti=<TaskInstance: copy_tranform_to_mongo.waiting_for_data scheduled__2021-07-17T00:00:00+00:00 [queued]>
[2023-10-18T10:43:47.106+0000] {taskinstance.py:1159} INFO - Dependencies all met for dep_context=requeueable deps ti=<TaskInstance: copy_tranform_to_mongo.waiting_for_data scheduled__2021-07-17T00:00:00+00:00 [queued]>
[2023-10-18T10:43:47.106+0000] {taskinstance.py:1361} INFO - Starting attempt 1 of 1
[2023-10-18T10:43:47.116+0000] {taskinstance.py:1382} INFO - Executing <Task(FileSensor): waiting_for_data> on 2021-07-17 00:00:00+00:00
[2023-10-18T10:43:47.120+0000] {standard_task_runner.py:57} INFO - Started process 1806 to run task
[2023-10-18T10:43:47.122+0000] {standard_task_runner.py:84} INFO - Running: ['***', 'tasks', 'run', 'copy_tranform_to_mongo', 'waiting_for_data', 'scheduled__2021-07-17T00:00:00+00:00', '--job-id', '201', '--raw', '--subdir', 'DAGS_FOLDER/file_***-mongo.py', '--cfg-path', '/tmp/tmpmd_89j5v']
[2023-10-18T10:43:47.123+0000] {standard_task_runner.py:85} INFO - Job 201: Subtask waiting_for_data
[2023-10-18T10:43:47.158+0000] {task_command.py:416} INFO - Running <TaskInstance: copy_tranform_to_mongo.waiting_for_data scheduled__2021-07-17T00:00:00+00:00 [running]> on host 2473b23ba069
[2023-10-18T10:43:47.216+0000] {taskinstance.py:1662} INFO - Exporting env vars: AIRFLOW_CTX_DAG_OWNER='***' AIRFLOW_CTX_DAG_ID='copy_tranform_to_mongo' AIRFLOW_CTX_TASK_ID='waiting_for_data' AIRFLOW_CTX_EXECUTION_DATE='2021-07-17T00:00:00+00:00' AIRFLOW_CTX_TRY_NUMBER='1' AIRFLOW_CTX_DAG_RUN_ID='scheduled__2021-07-17T00:00:00+00:00'
[2023-10-18T10:43:47.229+0000] {taskinstance.py:1937} ERROR - Task failed with exception
Traceback (most recent call last):
  File "/home/airflow/.local/lib/python3.8/site-packages/airflow/sensors/base.py", line 257, in execute
    raise e
  File "/home/airflow/.local/lib/python3.8/site-packages/airflow/sensors/base.py", line 239, in execute
    poke_return = self.poke(context)
  File "/home/airflow/.local/lib/python3.8/site-packages/airflow/sensors/filesystem.py", line 61, in poke
    hook = FSHook(self.fs_conn_id)
  File "/home/airflow/.local/lib/python3.8/site-packages/airflow/hooks/filesystem.py", line 38, in __init__
    conn = self.get_connection(conn_id)
  File "/home/airflow/.local/lib/python3.8/site-packages/airflow/hooks/base.py", line 72, in get_connection
    conn = Connection.get_connection_from_secrets(conn_id)
  File "/home/airflow/.local/lib/python3.8/site-packages/airflow/models/connection.py", line 477, in get_connection_from_secrets
    raise AirflowNotFoundException(f"The conn_id `{conn_id}` isn't defined")
airflow.exceptions.AirflowNotFoundException: The conn_id `fs_default` isn't defined
[2023-10-18T10:43:47.232+0000] {taskinstance.py:1400} INFO - Marking task as FAILED. dag_id=copy_tranform_to_mongo, task_id=waiting_for_data, execution_date=20210717T000000, start_date=20231018T104347, end_date=20231018T104347
[2023-10-18T10:43:47.239+0000] {standard_task_runner.py:104} ERROR - Failed to execute job 201 for task waiting_for_data (The conn_id `fs_default` isn't defined; 1806)
[2023-10-18T10:43:47.254+0000] {local_task_job_runner.py:228} INFO - Task exited with return code 1
[2023-10-18T10:43:47.276+0000] {taskinstance.py:2778} INFO - 0 downstream tasks scheduled from follow-on schedule check
[2023-10-18T11:44:16.300+0000] {taskinstance.py:1159} INFO - Dependencies all met for dep_context=non-requeueable deps ti=<TaskInstance: copy_tranform_to_mongo.waiting_for_data scheduled__2021-07-17T00:00:00+00:00 [queued]>
[2023-10-18T11:44:16.310+0000] {taskinstance.py:1159} INFO - Dependencies all met for dep_context=requeueable deps ti=<TaskInstance: copy_tranform_to_mongo.waiting_for_data scheduled__2021-07-17T00:00:00+00:00 [queued]>
[2023-10-18T11:44:16.311+0000] {taskinstance.py:1361} INFO - Starting attempt 1 of 1
[2023-10-18T11:44:16.342+0000] {taskinstance.py:1382} INFO - Executing <Task(FileSensor): waiting_for_data> on 2021-07-17 00:00:00+00:00
[2023-10-18T11:44:16.350+0000] {standard_task_runner.py:57} INFO - Started process 1257 to run task
[2023-10-18T11:44:16.353+0000] {standard_task_runner.py:84} INFO - Running: ['***', 'tasks', 'run', 'copy_tranform_to_mongo', 'waiting_for_data', 'scheduled__2021-07-17T00:00:00+00:00', '--job-id', '358', '--raw', '--subdir', 'DAGS_FOLDER/file_***-mongo.py', '--cfg-path', '/tmp/tmpmovk9nqj']
[2023-10-18T11:44:16.354+0000] {standard_task_runner.py:85} INFO - Job 358: Subtask waiting_for_data
[2023-10-18T11:44:16.406+0000] {task_command.py:416} INFO - Running <TaskInstance: copy_tranform_to_mongo.waiting_for_data scheduled__2021-07-17T00:00:00+00:00 [running]> on host 0e68aa52dfc7
[2023-10-18T11:44:16.484+0000] {taskinstance.py:1662} INFO - Exporting env vars: AIRFLOW_CTX_DAG_OWNER='***' AIRFLOW_CTX_DAG_ID='copy_tranform_to_mongo' AIRFLOW_CTX_TASK_ID='waiting_for_data' AIRFLOW_CTX_EXECUTION_DATE='2021-07-17T00:00:00+00:00' AIRFLOW_CTX_TRY_NUMBER='1' AIRFLOW_CTX_DAG_RUN_ID='scheduled__2021-07-17T00:00:00+00:00'
[2023-10-18T11:44:16.496+0000] {base.py:73} INFO - Using connection ID 'fs_default' for task execution.
[2023-10-18T11:44:16.497+0000] {filesystem.py:64} INFO - Poking for file /opt/in/tiktok_google_play_reviews.csv
[2023-10-18T11:44:16.498+0000] {filesystem.py:69} INFO - Found File /opt/in/tiktok_google_play_reviews.csv last modified: 20220405221612
[2023-10-18T11:44:16.498+0000] {base.py:287} INFO - Success criteria met. Exiting.
[2023-10-18T11:44:16.508+0000] {taskinstance.py:1400} INFO - Marking task as SUCCESS. dag_id=copy_tranform_to_mongo, task_id=waiting_for_data, execution_date=20210717T000000, start_date=20231018T114416, end_date=20231018T114416
[2023-10-18T11:44:16.566+0000] {local_task_job_runner.py:228} INFO - Task exited with return code 0
[2023-10-18T11:44:16.587+0000] {taskinstance.py:2778} INFO - 0 downstream tasks scheduled from follow-on schedule check
