[2023-10-17T11:23:40.116+0000] {taskinstance.py:1159} INFO - Dependencies all met for dep_context=non-requeueable deps ti=<TaskInstance: copy_tranform_to_mongo.waiting_for_data scheduled__2022-08-25T00:00:00+00:00 [queued]>
[2023-10-17T11:23:40.124+0000] {taskinstance.py:1159} INFO - Dependencies all met for dep_context=requeueable deps ti=<TaskInstance: copy_tranform_to_mongo.waiting_for_data scheduled__2022-08-25T00:00:00+00:00 [queued]>
[2023-10-17T11:23:40.124+0000] {taskinstance.py:1361} INFO - Starting attempt 1 of 1
[2023-10-17T11:23:40.135+0000] {taskinstance.py:1382} INFO - Executing <Task(FileSensor): waiting_for_data> on 2022-08-25 00:00:00+00:00
[2023-10-17T11:23:40.143+0000] {standard_task_runner.py:57} INFO - Started process 1699 to run task
[2023-10-17T11:23:40.145+0000] {standard_task_runner.py:84} INFO - Running: ['***', 'tasks', 'run', 'copy_tranform_to_mongo', 'waiting_for_data', 'scheduled__2022-08-25T00:00:00+00:00', '--job-id', '606', '--raw', '--subdir', 'DAGS_FOLDER/file_***-mongo.py', '--cfg-path', '/tmp/tmpbczn9tab']
[2023-10-17T11:23:40.146+0000] {standard_task_runner.py:85} INFO - Job 606: Subtask waiting_for_data
[2023-10-17T11:23:40.187+0000] {task_command.py:416} INFO - Running <TaskInstance: copy_tranform_to_mongo.waiting_for_data scheduled__2022-08-25T00:00:00+00:00 [running]> on host 238c1d4ff767
[2023-10-17T11:23:40.247+0000] {taskinstance.py:1662} INFO - Exporting env vars: AIRFLOW_CTX_DAG_OWNER='***' AIRFLOW_CTX_DAG_ID='copy_tranform_to_mongo' AIRFLOW_CTX_TASK_ID='waiting_for_data' AIRFLOW_CTX_EXECUTION_DATE='2022-08-25T00:00:00+00:00' AIRFLOW_CTX_TRY_NUMBER='1' AIRFLOW_CTX_DAG_RUN_ID='scheduled__2022-08-25T00:00:00+00:00'
[2023-10-17T11:23:40.253+0000] {base.py:73} INFO - Using connection ID 'fs_default' for task execution.
[2023-10-17T11:23:40.253+0000] {filesystem.py:64} INFO - Poking for file /opt/in/tiktok_google_play_reviews.csv
[2023-10-17T11:23:40.253+0000] {filesystem.py:69} INFO - Found File /opt/in/tiktok_google_play_reviews.csv last modified: 20220405221612
[2023-10-17T11:23:40.253+0000] {base.py:287} INFO - Success criteria met. Exiting.
[2023-10-17T11:23:40.261+0000] {taskinstance.py:1400} INFO - Marking task as SUCCESS. dag_id=copy_tranform_to_mongo, task_id=waiting_for_data, execution_date=20220825T000000, start_date=20231017T112340, end_date=20231017T112340
[2023-10-17T11:23:40.277+0000] {local_task_job_runner.py:228} INFO - Task exited with return code 0
[2023-10-17T11:23:40.291+0000] {taskinstance.py:2778} INFO - 0 downstream tasks scheduled from follow-on schedule check
[2023-10-18T11:48:20.959+0000] {taskinstance.py:1159} INFO - Dependencies all met for dep_context=non-requeueable deps ti=<TaskInstance: copy_tranform_to_mongo.waiting_for_data scheduled__2022-08-25T00:00:00+00:00 [queued]>
[2023-10-18T11:48:20.968+0000] {taskinstance.py:1159} INFO - Dependencies all met for dep_context=requeueable deps ti=<TaskInstance: copy_tranform_to_mongo.waiting_for_data scheduled__2022-08-25T00:00:00+00:00 [queued]>
[2023-10-18T11:48:20.969+0000] {taskinstance.py:1361} INFO - Starting attempt 1 of 1
[2023-10-18T11:48:21.051+0000] {taskinstance.py:1382} INFO - Executing <Task(FileSensor): waiting_for_data> on 2022-08-25 00:00:00+00:00
[2023-10-18T11:48:21.057+0000] {standard_task_runner.py:57} INFO - Started process 2938 to run task
[2023-10-18T11:48:21.061+0000] {standard_task_runner.py:84} INFO - Running: ['***', 'tasks', 'run', 'copy_tranform_to_mongo', 'waiting_for_data', 'scheduled__2022-08-25T00:00:00+00:00', '--job-id', '1166', '--raw', '--subdir', 'DAGS_FOLDER/file_***-mongo.py', '--cfg-path', '/tmp/tmpe07hil2f']
[2023-10-18T11:48:21.062+0000] {standard_task_runner.py:85} INFO - Job 1166: Subtask waiting_for_data
[2023-10-18T11:48:21.121+0000] {task_command.py:416} INFO - Running <TaskInstance: copy_tranform_to_mongo.waiting_for_data scheduled__2022-08-25T00:00:00+00:00 [running]> on host 0e68aa52dfc7
[2023-10-18T11:48:21.230+0000] {taskinstance.py:1662} INFO - Exporting env vars: AIRFLOW_CTX_DAG_OWNER='***' AIRFLOW_CTX_DAG_ID='copy_tranform_to_mongo' AIRFLOW_CTX_TASK_ID='waiting_for_data' AIRFLOW_CTX_EXECUTION_DATE='2022-08-25T00:00:00+00:00' AIRFLOW_CTX_TRY_NUMBER='1' AIRFLOW_CTX_DAG_RUN_ID='scheduled__2022-08-25T00:00:00+00:00'
[2023-10-18T11:48:21.242+0000] {base.py:73} INFO - Using connection ID 'fs_default' for task execution.
[2023-10-18T11:48:21.243+0000] {filesystem.py:64} INFO - Poking for file /opt/in/tiktok_google_play_reviews.csv
[2023-10-18T11:48:21.245+0000] {filesystem.py:69} INFO - Found File /opt/in/tiktok_google_play_reviews.csv last modified: 20220405221612
[2023-10-18T11:48:21.245+0000] {base.py:287} INFO - Success criteria met. Exiting.
[2023-10-18T11:48:21.256+0000] {taskinstance.py:1400} INFO - Marking task as SUCCESS. dag_id=copy_tranform_to_mongo, task_id=waiting_for_data, execution_date=20220825T000000, start_date=20231018T114820, end_date=20231018T114821
[2023-10-18T11:48:21.313+0000] {local_task_job_runner.py:228} INFO - Task exited with return code 0
[2023-10-18T11:48:21.351+0000] {taskinstance.py:2778} INFO - 1 downstream tasks scheduled from follow-on schedule check
