[2023-10-17T11:20:15.675+0000] {taskinstance.py:1159} INFO - Dependencies all met for dep_context=non-requeueable deps ti=<TaskInstance: copy_tranform_to_mongo.waiting_for_data scheduled__2021-08-19T00:00:00+00:00 [queued]>
[2023-10-17T11:20:15.685+0000] {taskinstance.py:1159} INFO - Dependencies all met for dep_context=requeueable deps ti=<TaskInstance: copy_tranform_to_mongo.waiting_for_data scheduled__2021-08-19T00:00:00+00:00 [queued]>
[2023-10-17T11:20:15.685+0000] {taskinstance.py:1361} INFO - Starting attempt 1 of 1
[2023-10-17T11:20:15.697+0000] {taskinstance.py:1382} INFO - Executing <Task(FileSensor): waiting_for_data> on 2021-08-19 00:00:00+00:00
[2023-10-17T11:20:15.703+0000] {standard_task_runner.py:57} INFO - Started process 903 to run task
[2023-10-17T11:20:15.706+0000] {standard_task_runner.py:84} INFO - Running: ['***', 'tasks', 'run', 'copy_tranform_to_mongo', 'waiting_for_data', 'scheduled__2021-08-19T00:00:00+00:00', '--job-id', '235', '--raw', '--subdir', 'DAGS_FOLDER/file_***-mongo.py', '--cfg-path', '/tmp/tmp_24dmczk']
[2023-10-17T11:20:15.707+0000] {standard_task_runner.py:85} INFO - Job 235: Subtask waiting_for_data
[2023-10-17T11:20:15.747+0000] {task_command.py:416} INFO - Running <TaskInstance: copy_tranform_to_mongo.waiting_for_data scheduled__2021-08-19T00:00:00+00:00 [running]> on host 238c1d4ff767
[2023-10-17T11:20:15.817+0000] {taskinstance.py:1662} INFO - Exporting env vars: AIRFLOW_CTX_DAG_OWNER='***' AIRFLOW_CTX_DAG_ID='copy_tranform_to_mongo' AIRFLOW_CTX_TASK_ID='waiting_for_data' AIRFLOW_CTX_EXECUTION_DATE='2021-08-19T00:00:00+00:00' AIRFLOW_CTX_TRY_NUMBER='1' AIRFLOW_CTX_DAG_RUN_ID='scheduled__2021-08-19T00:00:00+00:00'
[2023-10-17T11:20:15.825+0000] {base.py:73} INFO - Using connection ID 'fs_default' for task execution.
[2023-10-17T11:20:15.825+0000] {filesystem.py:64} INFO - Poking for file /opt/in/tiktok_google_play_reviews.csv
[2023-10-17T11:20:15.825+0000] {filesystem.py:69} INFO - Found File /opt/in/tiktok_google_play_reviews.csv last modified: 20220405221612
[2023-10-17T11:20:15.826+0000] {base.py:287} INFO - Success criteria met. Exiting.
[2023-10-17T11:20:15.833+0000] {taskinstance.py:1400} INFO - Marking task as SUCCESS. dag_id=copy_tranform_to_mongo, task_id=waiting_for_data, execution_date=20210819T000000, start_date=20231017T112015, end_date=20231017T112015
[2023-10-17T11:20:15.878+0000] {local_task_job_runner.py:228} INFO - Task exited with return code 0
[2023-10-17T11:20:15.892+0000] {taskinstance.py:2778} INFO - 0 downstream tasks scheduled from follow-on schedule check
[2023-10-18T10:47:59.027+0000] {taskinstance.py:1159} INFO - Dependencies all met for dep_context=non-requeueable deps ti=<TaskInstance: copy_tranform_to_mongo.waiting_for_data scheduled__2021-08-19T00:00:00+00:00 [queued]>
[2023-10-18T10:47:59.038+0000] {taskinstance.py:1159} INFO - Dependencies all met for dep_context=requeueable deps ti=<TaskInstance: copy_tranform_to_mongo.waiting_for_data scheduled__2021-08-19T00:00:00+00:00 [queued]>
[2023-10-18T10:47:59.038+0000] {taskinstance.py:1361} INFO - Starting attempt 1 of 1
[2023-10-18T10:47:59.053+0000] {taskinstance.py:1382} INFO - Executing <Task(FileSensor): waiting_for_data> on 2021-08-19 00:00:00+00:00
[2023-10-18T10:47:59.062+0000] {standard_task_runner.py:57} INFO - Started process 1993 to run task
[2023-10-18T10:47:59.065+0000] {standard_task_runner.py:84} INFO - Running: ['***', 'tasks', 'run', 'copy_tranform_to_mongo', 'waiting_for_data', 'scheduled__2021-08-19T00:00:00+00:00', '--job-id', '261', '--raw', '--subdir', 'DAGS_FOLDER/file_***-mongo.py', '--cfg-path', '/tmp/tmpecccl5cw']
[2023-10-18T10:47:59.066+0000] {standard_task_runner.py:85} INFO - Job 261: Subtask waiting_for_data
[2023-10-18T10:47:59.115+0000] {task_command.py:416} INFO - Running <TaskInstance: copy_tranform_to_mongo.waiting_for_data scheduled__2021-08-19T00:00:00+00:00 [running]> on host 2473b23ba069
[2023-10-18T10:47:59.193+0000] {taskinstance.py:1662} INFO - Exporting env vars: AIRFLOW_CTX_DAG_OWNER='***' AIRFLOW_CTX_DAG_ID='copy_tranform_to_mongo' AIRFLOW_CTX_TASK_ID='waiting_for_data' AIRFLOW_CTX_EXECUTION_DATE='2021-08-19T00:00:00+00:00' AIRFLOW_CTX_TRY_NUMBER='1' AIRFLOW_CTX_DAG_RUN_ID='scheduled__2021-08-19T00:00:00+00:00'
[2023-10-18T10:47:59.200+0000] {base.py:73} INFO - Using connection ID 'fs_default' for task execution.
[2023-10-18T10:47:59.201+0000] {filesystem.py:64} INFO - Poking for file /opt/in/tiktok_google_play_reviews.csv
[2023-10-18T10:47:59.201+0000] {filesystem.py:69} INFO - Found File /opt/in/tiktok_google_play_reviews.csv last modified: 20220405221612
[2023-10-18T10:47:59.201+0000] {base.py:287} INFO - Success criteria met. Exiting.
[2023-10-18T10:47:59.207+0000] {taskinstance.py:1400} INFO - Marking task as SUCCESS. dag_id=copy_tranform_to_mongo, task_id=waiting_for_data, execution_date=20210819T000000, start_date=20231018T104759, end_date=20231018T104759
[2023-10-18T10:47:59.240+0000] {local_task_job_runner.py:228} INFO - Task exited with return code 0
[2023-10-18T10:47:59.262+0000] {taskinstance.py:2778} INFO - 1 downstream tasks scheduled from follow-on schedule check
[2023-10-18T11:44:35.242+0000] {taskinstance.py:1159} INFO - Dependencies all met for dep_context=non-requeueable deps ti=<TaskInstance: copy_tranform_to_mongo.waiting_for_data scheduled__2021-08-19T00:00:00+00:00 [queued]>
[2023-10-18T11:44:35.249+0000] {taskinstance.py:1159} INFO - Dependencies all met for dep_context=requeueable deps ti=<TaskInstance: copy_tranform_to_mongo.waiting_for_data scheduled__2021-08-19T00:00:00+00:00 [queued]>
[2023-10-18T11:44:35.250+0000] {taskinstance.py:1361} INFO - Starting attempt 1 of 1
[2023-10-18T11:44:35.259+0000] {taskinstance.py:1382} INFO - Executing <Task(FileSensor): waiting_for_data> on 2021-08-19 00:00:00+00:00
[2023-10-18T11:44:35.265+0000] {standard_task_runner.py:57} INFO - Started process 1400 to run task
[2023-10-18T11:44:35.267+0000] {standard_task_runner.py:84} INFO - Running: ['***', 'tasks', 'run', 'copy_tranform_to_mongo', 'waiting_for_data', 'scheduled__2021-08-19T00:00:00+00:00', '--job-id', '426', '--raw', '--subdir', 'DAGS_FOLDER/file_***-mongo.py', '--cfg-path', '/tmp/tmpuuaqyisr']
[2023-10-18T11:44:35.268+0000] {standard_task_runner.py:85} INFO - Job 426: Subtask waiting_for_data
[2023-10-18T11:44:35.305+0000] {task_command.py:416} INFO - Running <TaskInstance: copy_tranform_to_mongo.waiting_for_data scheduled__2021-08-19T00:00:00+00:00 [running]> on host 0e68aa52dfc7
[2023-10-18T11:44:35.369+0000] {taskinstance.py:1662} INFO - Exporting env vars: AIRFLOW_CTX_DAG_OWNER='***' AIRFLOW_CTX_DAG_ID='copy_tranform_to_mongo' AIRFLOW_CTX_TASK_ID='waiting_for_data' AIRFLOW_CTX_EXECUTION_DATE='2021-08-19T00:00:00+00:00' AIRFLOW_CTX_TRY_NUMBER='1' AIRFLOW_CTX_DAG_RUN_ID='scheduled__2021-08-19T00:00:00+00:00'
[2023-10-18T11:44:35.376+0000] {base.py:73} INFO - Using connection ID 'fs_default' for task execution.
[2023-10-18T11:44:35.377+0000] {filesystem.py:64} INFO - Poking for file /opt/in/tiktok_google_play_reviews.csv
[2023-10-18T11:44:35.377+0000] {filesystem.py:69} INFO - Found File /opt/in/tiktok_google_play_reviews.csv last modified: 20220405221612
[2023-10-18T11:44:35.378+0000] {base.py:287} INFO - Success criteria met. Exiting.
[2023-10-18T11:44:35.384+0000] {taskinstance.py:1400} INFO - Marking task as SUCCESS. dag_id=copy_tranform_to_mongo, task_id=waiting_for_data, execution_date=20210819T000000, start_date=20231018T114435, end_date=20231018T114435
[2023-10-18T11:44:35.399+0000] {local_task_job_runner.py:228} INFO - Task exited with return code 0
[2023-10-18T11:44:35.423+0000] {taskinstance.py:2778} INFO - 1 downstream tasks scheduled from follow-on schedule check
