[2023-10-17T11:20:31.860+0000] {taskinstance.py:1159} INFO - Dependencies all met for dep_context=non-requeueable deps ti=<TaskInstance: copy_tranform_to_mongo.waiting_for_data scheduled__2021-09-28T00:00:00+00:00 [queued]>
[2023-10-17T11:20:31.869+0000] {taskinstance.py:1159} INFO - Dependencies all met for dep_context=requeueable deps ti=<TaskInstance: copy_tranform_to_mongo.waiting_for_data scheduled__2021-09-28T00:00:00+00:00 [queued]>
[2023-10-17T11:20:31.869+0000] {taskinstance.py:1361} INFO - Starting attempt 1 of 1
[2023-10-17T11:20:31.882+0000] {taskinstance.py:1382} INFO - Executing <Task(FileSensor): waiting_for_data> on 2021-09-28 00:00:00+00:00
[2023-10-17T11:20:31.887+0000] {standard_task_runner.py:57} INFO - Started process 989 to run task
[2023-10-17T11:20:31.889+0000] {standard_task_runner.py:84} INFO - Running: ['***', 'tasks', 'run', 'copy_tranform_to_mongo', 'waiting_for_data', 'scheduled__2021-09-28T00:00:00+00:00', '--job-id', '275', '--raw', '--subdir', 'DAGS_FOLDER/file_***-mongo.py', '--cfg-path', '/tmp/tmpabjauhij']
[2023-10-17T11:20:31.890+0000] {standard_task_runner.py:85} INFO - Job 275: Subtask waiting_for_data
[2023-10-17T11:20:31.925+0000] {task_command.py:416} INFO - Running <TaskInstance: copy_tranform_to_mongo.waiting_for_data scheduled__2021-09-28T00:00:00+00:00 [running]> on host 238c1d4ff767
[2023-10-17T11:20:31.998+0000] {taskinstance.py:1662} INFO - Exporting env vars: AIRFLOW_CTX_DAG_OWNER='***' AIRFLOW_CTX_DAG_ID='copy_tranform_to_mongo' AIRFLOW_CTX_TASK_ID='waiting_for_data' AIRFLOW_CTX_EXECUTION_DATE='2021-09-28T00:00:00+00:00' AIRFLOW_CTX_TRY_NUMBER='1' AIRFLOW_CTX_DAG_RUN_ID='scheduled__2021-09-28T00:00:00+00:00'
[2023-10-17T11:20:32.008+0000] {base.py:73} INFO - Using connection ID 'fs_default' for task execution.
[2023-10-17T11:20:32.009+0000] {filesystem.py:64} INFO - Poking for file /opt/in/tiktok_google_play_reviews.csv
[2023-10-17T11:20:32.009+0000] {filesystem.py:69} INFO - Found File /opt/in/tiktok_google_play_reviews.csv last modified: 20220405221612
[2023-10-17T11:20:32.009+0000] {base.py:287} INFO - Success criteria met. Exiting.
[2023-10-17T11:20:32.019+0000] {taskinstance.py:1400} INFO - Marking task as SUCCESS. dag_id=copy_tranform_to_mongo, task_id=waiting_for_data, execution_date=20210928T000000, start_date=20231017T112031, end_date=20231017T112032
[2023-10-17T11:20:32.061+0000] {local_task_job_runner.py:228} INFO - Task exited with return code 0
[2023-10-17T11:20:32.086+0000] {taskinstance.py:2778} INFO - 0 downstream tasks scheduled from follow-on schedule check
[2023-10-18T11:44:56.549+0000] {taskinstance.py:1159} INFO - Dependencies all met for dep_context=non-requeueable deps ti=<TaskInstance: copy_tranform_to_mongo.waiting_for_data scheduled__2021-09-28T00:00:00+00:00 [queued]>
[2023-10-18T11:44:56.570+0000] {taskinstance.py:1159} INFO - Dependencies all met for dep_context=requeueable deps ti=<TaskInstance: copy_tranform_to_mongo.waiting_for_data scheduled__2021-09-28T00:00:00+00:00 [queued]>
[2023-10-18T11:44:56.571+0000] {taskinstance.py:1361} INFO - Starting attempt 1 of 1
[2023-10-18T11:44:56.632+0000] {taskinstance.py:1382} INFO - Executing <Task(FileSensor): waiting_for_data> on 2021-09-28 00:00:00+00:00
[2023-10-18T11:44:56.648+0000] {standard_task_runner.py:57} INFO - Started process 1567 to run task
[2023-10-18T11:44:56.653+0000] {standard_task_runner.py:84} INFO - Running: ['***', 'tasks', 'run', 'copy_tranform_to_mongo', 'waiting_for_data', 'scheduled__2021-09-28T00:00:00+00:00', '--job-id', '503', '--raw', '--subdir', 'DAGS_FOLDER/file_***-mongo.py', '--cfg-path', '/tmp/tmp433oob9x']
[2023-10-18T11:44:56.655+0000] {standard_task_runner.py:85} INFO - Job 503: Subtask waiting_for_data
[2023-10-18T11:44:56.738+0000] {task_command.py:416} INFO - Running <TaskInstance: copy_tranform_to_mongo.waiting_for_data scheduled__2021-09-28T00:00:00+00:00 [running]> on host 0e68aa52dfc7
[2023-10-18T11:44:56.865+0000] {taskinstance.py:1662} INFO - Exporting env vars: AIRFLOW_CTX_DAG_OWNER='***' AIRFLOW_CTX_DAG_ID='copy_tranform_to_mongo' AIRFLOW_CTX_TASK_ID='waiting_for_data' AIRFLOW_CTX_EXECUTION_DATE='2021-09-28T00:00:00+00:00' AIRFLOW_CTX_TRY_NUMBER='1' AIRFLOW_CTX_DAG_RUN_ID='scheduled__2021-09-28T00:00:00+00:00'
[2023-10-18T11:44:56.877+0000] {base.py:73} INFO - Using connection ID 'fs_default' for task execution.
[2023-10-18T11:44:56.882+0000] {filesystem.py:64} INFO - Poking for file /opt/in/tiktok_google_play_reviews.csv
[2023-10-18T11:44:56.883+0000] {filesystem.py:69} INFO - Found File /opt/in/tiktok_google_play_reviews.csv last modified: 20220405221612
[2023-10-18T11:44:56.883+0000] {base.py:287} INFO - Success criteria met. Exiting.
[2023-10-18T11:44:56.901+0000] {taskinstance.py:1400} INFO - Marking task as SUCCESS. dag_id=copy_tranform_to_mongo, task_id=waiting_for_data, execution_date=20210928T000000, start_date=20231018T114456, end_date=20231018T114456
[2023-10-18T11:44:56.959+0000] {local_task_job_runner.py:228} INFO - Task exited with return code 0
[2023-10-18T11:44:56.991+0000] {taskinstance.py:2778} INFO - 1 downstream tasks scheduled from follow-on schedule check
