[2023-10-17T11:20:21.300+0000] {taskinstance.py:1159} INFO - Dependencies all met for dep_context=non-requeueable deps ti=<TaskInstance: copy_tranform_to_mongo.waiting_for_data scheduled__2021-08-31T00:00:00+00:00 [queued]>
[2023-10-17T11:20:21.309+0000] {taskinstance.py:1159} INFO - Dependencies all met for dep_context=requeueable deps ti=<TaskInstance: copy_tranform_to_mongo.waiting_for_data scheduled__2021-08-31T00:00:00+00:00 [queued]>
[2023-10-17T11:20:21.310+0000] {taskinstance.py:1361} INFO - Starting attempt 1 of 1
[2023-10-17T11:20:21.332+0000] {taskinstance.py:1382} INFO - Executing <Task(FileSensor): waiting_for_data> on 2021-08-31 00:00:00+00:00
[2023-10-17T11:20:21.340+0000] {standard_task_runner.py:57} INFO - Started process 935 to run task
[2023-10-17T11:20:21.343+0000] {standard_task_runner.py:84} INFO - Running: ['***', 'tasks', 'run', 'copy_tranform_to_mongo', 'waiting_for_data', 'scheduled__2021-08-31T00:00:00+00:00', '--job-id', '247', '--raw', '--subdir', 'DAGS_FOLDER/file_***-mongo.py', '--cfg-path', '/tmp/tmp0fqab0bi']
[2023-10-17T11:20:21.344+0000] {standard_task_runner.py:85} INFO - Job 247: Subtask waiting_for_data
[2023-10-17T11:20:21.388+0000] {task_command.py:416} INFO - Running <TaskInstance: copy_tranform_to_mongo.waiting_for_data scheduled__2021-08-31T00:00:00+00:00 [running]> on host 238c1d4ff767
[2023-10-17T11:20:21.462+0000] {taskinstance.py:1662} INFO - Exporting env vars: AIRFLOW_CTX_DAG_OWNER='***' AIRFLOW_CTX_DAG_ID='copy_tranform_to_mongo' AIRFLOW_CTX_TASK_ID='waiting_for_data' AIRFLOW_CTX_EXECUTION_DATE='2021-08-31T00:00:00+00:00' AIRFLOW_CTX_TRY_NUMBER='1' AIRFLOW_CTX_DAG_RUN_ID='scheduled__2021-08-31T00:00:00+00:00'
[2023-10-17T11:20:21.471+0000] {base.py:73} INFO - Using connection ID 'fs_default' for task execution.
[2023-10-17T11:20:21.471+0000] {filesystem.py:64} INFO - Poking for file /opt/in/tiktok_google_play_reviews.csv
[2023-10-17T11:20:21.471+0000] {filesystem.py:69} INFO - Found File /opt/in/tiktok_google_play_reviews.csv last modified: 20220405221612
[2023-10-17T11:20:21.472+0000] {base.py:287} INFO - Success criteria met. Exiting.
[2023-10-17T11:20:21.481+0000] {taskinstance.py:1400} INFO - Marking task as SUCCESS. dag_id=copy_tranform_to_mongo, task_id=waiting_for_data, execution_date=20210831T000000, start_date=20231017T112021, end_date=20231017T112021
[2023-10-17T11:20:21.516+0000] {local_task_job_runner.py:228} INFO - Task exited with return code 0
[2023-10-17T11:20:21.533+0000] {taskinstance.py:2778} INFO - 0 downstream tasks scheduled from follow-on schedule check
[2023-10-18T10:48:07.591+0000] {taskinstance.py:1159} INFO - Dependencies all met for dep_context=non-requeueable deps ti=<TaskInstance: copy_tranform_to_mongo.waiting_for_data scheduled__2021-08-31T00:00:00+00:00 [queued]>
[2023-10-18T10:48:07.599+0000] {taskinstance.py:1159} INFO - Dependencies all met for dep_context=requeueable deps ti=<TaskInstance: copy_tranform_to_mongo.waiting_for_data scheduled__2021-08-31T00:00:00+00:00 [queued]>
[2023-10-18T10:48:07.599+0000] {taskinstance.py:1361} INFO - Starting attempt 1 of 1
[2023-10-18T10:48:07.612+0000] {taskinstance.py:1382} INFO - Executing <Task(FileSensor): waiting_for_data> on 2021-08-31 00:00:00+00:00
[2023-10-18T10:48:07.617+0000] {standard_task_runner.py:57} INFO - Started process 2043 to run task
[2023-10-18T10:48:07.619+0000] {standard_task_runner.py:84} INFO - Running: ['***', 'tasks', 'run', 'copy_tranform_to_mongo', 'waiting_for_data', 'scheduled__2021-08-31T00:00:00+00:00', '--job-id', '286', '--raw', '--subdir', 'DAGS_FOLDER/file_***-mongo.py', '--cfg-path', '/tmp/tmp43zifgxk']
[2023-10-18T10:48:07.620+0000] {standard_task_runner.py:85} INFO - Job 286: Subtask waiting_for_data
[2023-10-18T10:48:07.664+0000] {task_command.py:416} INFO - Running <TaskInstance: copy_tranform_to_mongo.waiting_for_data scheduled__2021-08-31T00:00:00+00:00 [running]> on host 2473b23ba069
[2023-10-18T10:48:07.751+0000] {taskinstance.py:1662} INFO - Exporting env vars: AIRFLOW_CTX_DAG_OWNER='***' AIRFLOW_CTX_DAG_ID='copy_tranform_to_mongo' AIRFLOW_CTX_TASK_ID='waiting_for_data' AIRFLOW_CTX_EXECUTION_DATE='2021-08-31T00:00:00+00:00' AIRFLOW_CTX_TRY_NUMBER='1' AIRFLOW_CTX_DAG_RUN_ID='scheduled__2021-08-31T00:00:00+00:00'
[2023-10-18T10:48:07.763+0000] {base.py:73} INFO - Using connection ID 'fs_default' for task execution.
[2023-10-18T10:48:07.764+0000] {filesystem.py:64} INFO - Poking for file /opt/in/tiktok_google_play_reviews.csv
[2023-10-18T10:48:07.764+0000] {filesystem.py:69} INFO - Found File /opt/in/tiktok_google_play_reviews.csv last modified: 20220405221612
[2023-10-18T10:48:07.764+0000] {base.py:287} INFO - Success criteria met. Exiting.
[2023-10-18T10:48:07.776+0000] {taskinstance.py:1400} INFO - Marking task as SUCCESS. dag_id=copy_tranform_to_mongo, task_id=waiting_for_data, execution_date=20210831T000000, start_date=20231018T104807, end_date=20231018T104807
[2023-10-18T10:48:07.797+0000] {local_task_job_runner.py:228} INFO - Task exited with return code 0
[2023-10-18T10:48:07.866+0000] {taskinstance.py:2778} INFO - 0 downstream tasks scheduled from follow-on schedule check
[2023-10-18T11:44:40.343+0000] {taskinstance.py:1159} INFO - Dependencies all met for dep_context=non-requeueable deps ti=<TaskInstance: copy_tranform_to_mongo.waiting_for_data scheduled__2021-08-31T00:00:00+00:00 [queued]>
[2023-10-18T11:44:40.356+0000] {taskinstance.py:1159} INFO - Dependencies all met for dep_context=requeueable deps ti=<TaskInstance: copy_tranform_to_mongo.waiting_for_data scheduled__2021-08-31T00:00:00+00:00 [queued]>
[2023-10-18T11:44:40.356+0000] {taskinstance.py:1361} INFO - Starting attempt 1 of 1
[2023-10-18T11:44:40.373+0000] {taskinstance.py:1382} INFO - Executing <Task(FileSensor): waiting_for_data> on 2021-08-31 00:00:00+00:00
[2023-10-18T11:44:40.381+0000] {standard_task_runner.py:57} INFO - Started process 1441 to run task
[2023-10-18T11:44:40.384+0000] {standard_task_runner.py:84} INFO - Running: ['***', 'tasks', 'run', 'copy_tranform_to_mongo', 'waiting_for_data', 'scheduled__2021-08-31T00:00:00+00:00', '--job-id', '446', '--raw', '--subdir', 'DAGS_FOLDER/file_***-mongo.py', '--cfg-path', '/tmp/tmpnmprzgvu']
[2023-10-18T11:44:40.386+0000] {standard_task_runner.py:85} INFO - Job 446: Subtask waiting_for_data
[2023-10-18T11:44:40.442+0000] {task_command.py:416} INFO - Running <TaskInstance: copy_tranform_to_mongo.waiting_for_data scheduled__2021-08-31T00:00:00+00:00 [running]> on host 0e68aa52dfc7
[2023-10-18T11:44:40.528+0000] {taskinstance.py:1662} INFO - Exporting env vars: AIRFLOW_CTX_DAG_OWNER='***' AIRFLOW_CTX_DAG_ID='copy_tranform_to_mongo' AIRFLOW_CTX_TASK_ID='waiting_for_data' AIRFLOW_CTX_EXECUTION_DATE='2021-08-31T00:00:00+00:00' AIRFLOW_CTX_TRY_NUMBER='1' AIRFLOW_CTX_DAG_RUN_ID='scheduled__2021-08-31T00:00:00+00:00'
[2023-10-18T11:44:40.538+0000] {base.py:73} INFO - Using connection ID 'fs_default' for task execution.
[2023-10-18T11:44:40.539+0000] {filesystem.py:64} INFO - Poking for file /opt/in/tiktok_google_play_reviews.csv
[2023-10-18T11:44:40.539+0000] {filesystem.py:69} INFO - Found File /opt/in/tiktok_google_play_reviews.csv last modified: 20220405221612
[2023-10-18T11:44:40.539+0000] {base.py:287} INFO - Success criteria met. Exiting.
[2023-10-18T11:44:40.550+0000] {taskinstance.py:1400} INFO - Marking task as SUCCESS. dag_id=copy_tranform_to_mongo, task_id=waiting_for_data, execution_date=20210831T000000, start_date=20231018T114440, end_date=20231018T114440
[2023-10-18T11:44:40.597+0000] {local_task_job_runner.py:228} INFO - Task exited with return code 0
[2023-10-18T11:44:40.630+0000] {taskinstance.py:2778} INFO - 1 downstream tasks scheduled from follow-on schedule check
