[2023-10-19T13:57:13.857+0000] {taskinstance.py:1159} INFO - Dependencies all met for dep_context=non-requeueable deps ti=<TaskInstance: copy_tranform_to_mongo.transform_data_by_pandas manual__2023-10-19T13:57:11.723376+00:00 [queued]>
[2023-10-19T13:57:13.864+0000] {taskinstance.py:1159} INFO - Dependencies all met for dep_context=requeueable deps ti=<TaskInstance: copy_tranform_to_mongo.transform_data_by_pandas manual__2023-10-19T13:57:11.723376+00:00 [queued]>
[2023-10-19T13:57:13.864+0000] {taskinstance.py:1361} INFO - Starting attempt 1 of 1
[2023-10-19T13:57:13.874+0000] {taskinstance.py:1382} INFO - Executing <Task(DockerOperator): transform_data_by_pandas> on 2023-10-19 13:57:11.723376+00:00
[2023-10-19T13:57:13.879+0000] {standard_task_runner.py:57} INFO - Started process 1138 to run task
[2023-10-19T13:57:13.881+0000] {standard_task_runner.py:84} INFO - Running: ['***', 'tasks', 'run', 'copy_tranform_to_mongo', 'transform_data_by_pandas', 'manual__2023-10-19T13:57:11.723376+00:00', '--job-id', '109', '--raw', '--subdir', 'DAGS_FOLDER/file_***-mongo.py', '--cfg-path', '/tmp/tmpvepq54b2']
[2023-10-19T13:57:13.882+0000] {standard_task_runner.py:85} INFO - Job 109: Subtask transform_data_by_pandas
[2023-10-19T13:57:13.911+0000] {task_command.py:416} INFO - Running <TaskInstance: copy_tranform_to_mongo.transform_data_by_pandas manual__2023-10-19T13:57:11.723376+00:00 [running]> on host f2b9ba520501
[2023-10-19T13:57:13.960+0000] {taskinstance.py:1662} INFO - Exporting env vars: AIRFLOW_CTX_DAG_OWNER='***' AIRFLOW_CTX_DAG_ID='copy_tranform_to_mongo' AIRFLOW_CTX_TASK_ID='transform_data_by_pandas' AIRFLOW_CTX_EXECUTION_DATE='2023-10-19T13:57:11.723376+00:00' AIRFLOW_CTX_TRY_NUMBER='1' AIRFLOW_CTX_DAG_RUN_ID='manual__2023-10-19T13:57:11.723376+00:00'
[2023-10-19T13:57:13.971+0000] {docker.py:337} INFO - Starting docker container from image python/pandas:1.0.0
[2023-10-19T13:57:14.410+0000] {docker.py:406} INFO - Input Notebook:  /opt/pandasapp/notebooks/tiktok_google_reviews.ipynb
Output Notebook: /opt/pandasapp/notebooks/tiktok_google_reviews.ipynb
[2023-10-19T13:57:14.449+0000] {docker.py:406} INFO - Executing:   0%|          | 0/27 [00:00<?, ?cell/s]
[2023-10-19T13:57:15.159+0000] {docker.py:406} INFO - Executing notebook with kernel: python3
[2023-10-19T13:57:15.166+0000] {docker.py:406} INFO - Executing:   4%|▎         | 1/27 [00:00<00:18,  1.39cell/s]
[2023-10-19T13:57:15.791+0000] {docker.py:406} INFO - Executing:  15%|█▍        | 4/27 [00:01<00:07,  3.28cell/s]
[2023-10-19T13:57:17.143+0000] {docker.py:406} INFO - Executing:  22%|██▏       | 6/27 [00:02<00:09,  2.14cell/s]
[2023-10-19T13:57:17.260+0000] {docker.py:406} INFO - Executing:  44%|████▍     | 12/27 [00:02<00:02,  5.70cell/s]
[2023-10-19T13:57:17.399+0000] {docker.py:406} INFO - Executing:  59%|█████▉    | 16/27 [00:02<00:01,  8.23cell/s]
[2023-10-19T13:57:17.804+0000] {docker.py:406} INFO - Executing:  70%|███████   | 19/27 [00:03<00:01,  7.97cell/s]
[2023-10-19T13:57:18.210+0000] {docker.py:406} INFO - Executing:  78%|███████▊  | 21/27 [00:03<00:00,  7.03cell/s]
[2023-10-19T13:57:18.574+0000] {docker.py:406} INFO - Executing:  85%|████████▌ | 23/27 [00:04<00:00,  6.59cell/s]
[2023-10-19T13:57:19.224+0000] {docker.py:406} INFO - Executing:  96%|█████████▋| 26/27 [00:04<00:00,  5.76cell/s]
[2023-10-19T13:57:19.658+0000] {docker.py:406} INFO - Executing: 100%|██████████| 27/27 [00:05<00:00,  5.18cell/s]
[2023-10-19T13:57:20.053+0000] {taskinstance.py:1400} INFO - Marking task as SUCCESS. dag_id=copy_tranform_to_mongo, task_id=transform_data_by_pandas, execution_date=20231019T135711, start_date=20231019T135713, end_date=20231019T135720
[2023-10-19T13:57:20.099+0000] {local_task_job_runner.py:228} INFO - Task exited with return code 0
[2023-10-19T13:57:20.122+0000] {taskinstance.py:2778} INFO - 1 downstream tasks scheduled from follow-on schedule check
