[2023-10-17T11:26:46.014+0000] {taskinstance.py:1159} INFO - Dependencies all met for dep_context=non-requeueable deps ti=<TaskInstance: copy_tranform_to_mongo.waiting_for_data scheduled__2023-07-20T00:00:00+00:00 [queued]>
[2023-10-17T11:26:46.021+0000] {taskinstance.py:1159} INFO - Dependencies all met for dep_context=requeueable deps ti=<TaskInstance: copy_tranform_to_mongo.waiting_for_data scheduled__2023-07-20T00:00:00+00:00 [queued]>
[2023-10-17T11:26:46.021+0000] {taskinstance.py:1361} INFO - Starting attempt 1 of 1
[2023-10-17T11:26:46.037+0000] {taskinstance.py:1382} INFO - Executing <Task(FileSensor): waiting_for_data> on 2023-07-20 00:00:00+00:00
[2023-10-17T11:26:46.045+0000] {standard_task_runner.py:57} INFO - Started process 2406 to run task
[2023-10-17T11:26:46.048+0000] {standard_task_runner.py:84} INFO - Running: ['***', 'tasks', 'run', 'copy_tranform_to_mongo', 'waiting_for_data', 'scheduled__2023-07-20T00:00:00+00:00', '--job-id', '935', '--raw', '--subdir', 'DAGS_FOLDER/file_***-mongo.py', '--cfg-path', '/tmp/tmpwukr3grt']
[2023-10-17T11:26:46.049+0000] {standard_task_runner.py:85} INFO - Job 935: Subtask waiting_for_data
[2023-10-17T11:26:46.090+0000] {task_command.py:416} INFO - Running <TaskInstance: copy_tranform_to_mongo.waiting_for_data scheduled__2023-07-20T00:00:00+00:00 [running]> on host 238c1d4ff767
[2023-10-17T11:26:46.156+0000] {taskinstance.py:1662} INFO - Exporting env vars: AIRFLOW_CTX_DAG_OWNER='***' AIRFLOW_CTX_DAG_ID='copy_tranform_to_mongo' AIRFLOW_CTX_TASK_ID='waiting_for_data' AIRFLOW_CTX_EXECUTION_DATE='2023-07-20T00:00:00+00:00' AIRFLOW_CTX_TRY_NUMBER='1' AIRFLOW_CTX_DAG_RUN_ID='scheduled__2023-07-20T00:00:00+00:00'
[2023-10-17T11:26:46.165+0000] {base.py:73} INFO - Using connection ID 'fs_default' for task execution.
[2023-10-17T11:26:46.166+0000] {filesystem.py:64} INFO - Poking for file /opt/in/tiktok_google_play_reviews.csv
[2023-10-17T11:26:46.166+0000] {filesystem.py:69} INFO - Found File /opt/in/tiktok_google_play_reviews.csv last modified: 20220405221612
[2023-10-17T11:26:46.166+0000] {base.py:287} INFO - Success criteria met. Exiting.
[2023-10-17T11:26:46.173+0000] {taskinstance.py:1400} INFO - Marking task as SUCCESS. dag_id=copy_tranform_to_mongo, task_id=waiting_for_data, execution_date=20230720T000000, start_date=20231017T112646, end_date=20231017T112646
[2023-10-17T11:26:46.220+0000] {local_task_job_runner.py:228} INFO - Task exited with return code 0
[2023-10-17T11:26:46.234+0000] {taskinstance.py:2778} INFO - 0 downstream tasks scheduled from follow-on schedule check
[2023-10-18T11:52:01.167+0000] {taskinstance.py:1159} INFO - Dependencies all met for dep_context=non-requeueable deps ti=<TaskInstance: copy_tranform_to_mongo.waiting_for_data scheduled__2023-07-20T00:00:00+00:00 [queued]>
[2023-10-18T11:52:01.174+0000] {taskinstance.py:1159} INFO - Dependencies all met for dep_context=requeueable deps ti=<TaskInstance: copy_tranform_to_mongo.waiting_for_data scheduled__2023-07-20T00:00:00+00:00 [queued]>
[2023-10-18T11:52:01.175+0000] {taskinstance.py:1361} INFO - Starting attempt 1 of 1
[2023-10-18T11:52:01.202+0000] {taskinstance.py:1382} INFO - Executing <Task(FileSensor): waiting_for_data> on 2023-07-20 00:00:00+00:00
[2023-10-18T11:52:01.209+0000] {standard_task_runner.py:57} INFO - Started process 4313 to run task
[2023-10-18T11:52:01.212+0000] {standard_task_runner.py:84} INFO - Running: ['***', 'tasks', 'run', 'copy_tranform_to_mongo', 'waiting_for_data', 'scheduled__2023-07-20T00:00:00+00:00', '--job-id', '1826', '--raw', '--subdir', 'DAGS_FOLDER/file_***-mongo.py', '--cfg-path', '/tmp/tmphtap9c_e']
[2023-10-18T11:52:01.213+0000] {standard_task_runner.py:85} INFO - Job 1826: Subtask waiting_for_data
[2023-10-18T11:52:01.263+0000] {task_command.py:416} INFO - Running <TaskInstance: copy_tranform_to_mongo.waiting_for_data scheduled__2023-07-20T00:00:00+00:00 [running]> on host 0e68aa52dfc7
[2023-10-18T11:52:01.340+0000] {taskinstance.py:1662} INFO - Exporting env vars: AIRFLOW_CTX_DAG_OWNER='***' AIRFLOW_CTX_DAG_ID='copy_tranform_to_mongo' AIRFLOW_CTX_TASK_ID='waiting_for_data' AIRFLOW_CTX_EXECUTION_DATE='2023-07-20T00:00:00+00:00' AIRFLOW_CTX_TRY_NUMBER='1' AIRFLOW_CTX_DAG_RUN_ID='scheduled__2023-07-20T00:00:00+00:00'
[2023-10-18T11:52:01.349+0000] {base.py:73} INFO - Using connection ID 'fs_default' for task execution.
[2023-10-18T11:52:01.350+0000] {filesystem.py:64} INFO - Poking for file /opt/in/tiktok_google_play_reviews.csv
[2023-10-18T11:52:01.350+0000] {filesystem.py:69} INFO - Found File /opt/in/tiktok_google_play_reviews.csv last modified: 20220405221612
[2023-10-18T11:52:01.350+0000] {base.py:287} INFO - Success criteria met. Exiting.
[2023-10-18T11:52:01.362+0000] {taskinstance.py:1400} INFO - Marking task as SUCCESS. dag_id=copy_tranform_to_mongo, task_id=waiting_for_data, execution_date=20230720T000000, start_date=20231018T115201, end_date=20231018T115201
[2023-10-18T11:52:01.425+0000] {local_task_job_runner.py:228} INFO - Task exited with return code 0
[2023-10-18T11:52:01.453+0000] {taskinstance.py:2778} INFO - 1 downstream tasks scheduled from follow-on schedule check
