[2023-10-19T13:16:45.362+0000] {taskinstance.py:1159} INFO - Dependencies all met for dep_context=non-requeueable deps ti=<TaskInstance: copy_tranform_to_mongo.transform_data_by_pandas scheduled__2021-01-28T00:00:00+00:00 [queued]>
[2023-10-19T13:16:45.379+0000] {taskinstance.py:1159} INFO - Dependencies all met for dep_context=requeueable deps ti=<TaskInstance: copy_tranform_to_mongo.transform_data_by_pandas scheduled__2021-01-28T00:00:00+00:00 [queued]>
[2023-10-19T13:16:45.380+0000] {taskinstance.py:1361} INFO - Starting attempt 1 of 1
[2023-10-19T13:16:45.430+0000] {taskinstance.py:1382} INFO - Executing <Task(DockerOperator): transform_data_by_pandas> on 2021-01-28 00:00:00+00:00
[2023-10-19T13:16:45.443+0000] {standard_task_runner.py:57} INFO - Started process 475 to run task
[2023-10-19T13:16:45.448+0000] {standard_task_runner.py:84} INFO - Running: ['***', 'tasks', 'run', 'copy_tranform_to_mongo', 'transform_data_by_pandas', 'scheduled__2021-01-28T00:00:00+00:00', '--job-id', '85', '--raw', '--subdir', 'DAGS_FOLDER/file_***-mongo.py', '--cfg-path', '/tmp/tmpie5iyb3_']
[2023-10-19T13:16:45.449+0000] {standard_task_runner.py:85} INFO - Job 85: Subtask transform_data_by_pandas
[2023-10-19T13:16:45.585+0000] {task_command.py:416} INFO - Running <TaskInstance: copy_tranform_to_mongo.transform_data_by_pandas scheduled__2021-01-28T00:00:00+00:00 [running]> on host f2b9ba520501
[2023-10-19T13:16:45.753+0000] {taskinstance.py:1662} INFO - Exporting env vars: AIRFLOW_CTX_DAG_OWNER='***' AIRFLOW_CTX_DAG_ID='copy_tranform_to_mongo' AIRFLOW_CTX_TASK_ID='transform_data_by_pandas' AIRFLOW_CTX_EXECUTION_DATE='2021-01-28T00:00:00+00:00' AIRFLOW_CTX_TRY_NUMBER='1' AIRFLOW_CTX_DAG_RUN_ID='scheduled__2021-01-28T00:00:00+00:00'
[2023-10-19T13:16:45.835+0000] {docker.py:337} INFO - Starting docker container from image python/pandas:1.0.0
[2023-10-19T13:16:47.099+0000] {docker.py:406} INFO - Input Notebook:  /opt/pandasapp/notebooks/tiktok_google_reviews.ipynb
Output Notebook: /opt/pandasapp/notebooks/tiktok_google_reviews.ipynb
[2023-10-19T13:16:47.147+0000] {docker.py:406} INFO - Executing:   0%|          | 0/27 [00:00<?, ?cell/s]
[2023-10-19T13:16:48.541+0000] {docker.py:406} INFO - Executing notebook with kernel: python3
[2023-10-19T13:16:48.550+0000] {docker.py:406} INFO - Executing:   4%|▎         | 1/27 [00:01<00:36,  1.40s/cell]
[2023-10-19T13:16:49.398+0000] {docker.py:406} INFO - Executing:  15%|█▍        | 4/27 [00:02<00:11,  2.02cell/s]
[2023-10-19T13:16:51.587+0000] {docker.py:406} INFO - Executing:  22%|██▏       | 6/27 [00:04<00:15,  1.32cell/s]
[2023-10-19T13:16:51.688+0000] {docker.py:406} INFO - Executing:  41%|████      | 11/27 [00:04<00:04,  3.25cell/s]
[2023-10-19T13:16:51.833+0000] {docker.py:406} INFO - Executing:  52%|█████▏    | 14/27 [00:04<00:02,  4.57cell/s]
[2023-10-19T13:16:52.666+0000] {docker.py:406} INFO - Executing:  63%|██████▎   | 17/27 [00:05<00:02,  4.20cell/s]
[2023-10-19T13:16:52.805+0000] {docker.py:406} INFO - Executing:  70%|███████   | 19/27 [00:05<00:01,  5.05cell/s]
[2023-10-19T13:16:53.537+0000] {docker.py:406} INFO - Executing:  78%|███████▊  | 21/27 [00:06<00:01,  4.17cell/s]
[2023-10-19T13:16:54.388+0000] {docker.py:406} INFO - Executing:  85%|████████▌ | 23/27 [00:07<00:01,  3.45cell/s]
[2023-10-19T13:16:55.656+0000] {docker.py:406} INFO - Executing:  96%|█████████▋| 26/27 [00:08<00:00,  2.96cell/s]
[2023-10-19T13:16:56.838+0000] {docker.py:406} INFO - Executing: 100%|██████████| 27/27 [00:09<00:00,  2.79cell/s]
[2023-10-19T13:16:57.349+0000] {taskinstance.py:1400} INFO - Marking task as SUCCESS. dag_id=copy_tranform_to_mongo, task_id=transform_data_by_pandas, execution_date=20210128T000000, start_date=20231019T131645, end_date=20231019T131657
[2023-10-19T13:16:57.377+0000] {local_task_job_runner.py:228} INFO - Task exited with return code 0
[2023-10-19T13:16:57.401+0000] {taskinstance.py:2778} INFO - 1 downstream tasks scheduled from follow-on schedule check
