[2023-10-17T11:22:21.034+0000] {taskinstance.py:1159} INFO - Dependencies all met for dep_context=non-requeueable deps ti=<TaskInstance: copy_tranform_to_mongo.waiting_for_data scheduled__2022-04-07T00:00:00+00:00 [queued]>
[2023-10-17T11:22:21.043+0000] {taskinstance.py:1159} INFO - Dependencies all met for dep_context=requeueable deps ti=<TaskInstance: copy_tranform_to_mongo.waiting_for_data scheduled__2022-04-07T00:00:00+00:00 [queued]>
[2023-10-17T11:22:21.043+0000] {taskinstance.py:1361} INFO - Starting attempt 1 of 1
[2023-10-17T11:22:21.057+0000] {taskinstance.py:1382} INFO - Executing <Task(FileSensor): waiting_for_data> on 2022-04-07 00:00:00+00:00
[2023-10-17T11:22:21.066+0000] {standard_task_runner.py:57} INFO - Started process 1396 to run task
[2023-10-17T11:22:21.068+0000] {standard_task_runner.py:84} INFO - Running: ['***', 'tasks', 'run', 'copy_tranform_to_mongo', 'waiting_for_data', 'scheduled__2022-04-07T00:00:00+00:00', '--job-id', '466', '--raw', '--subdir', 'DAGS_FOLDER/file_***-mongo.py', '--cfg-path', '/tmp/tmpk_4sn1et']
[2023-10-17T11:22:21.069+0000] {standard_task_runner.py:85} INFO - Job 466: Subtask waiting_for_data
[2023-10-17T11:22:21.109+0000] {task_command.py:416} INFO - Running <TaskInstance: copy_tranform_to_mongo.waiting_for_data scheduled__2022-04-07T00:00:00+00:00 [running]> on host 238c1d4ff767
[2023-10-17T11:22:21.184+0000] {taskinstance.py:1662} INFO - Exporting env vars: AIRFLOW_CTX_DAG_OWNER='***' AIRFLOW_CTX_DAG_ID='copy_tranform_to_mongo' AIRFLOW_CTX_TASK_ID='waiting_for_data' AIRFLOW_CTX_EXECUTION_DATE='2022-04-07T00:00:00+00:00' AIRFLOW_CTX_TRY_NUMBER='1' AIRFLOW_CTX_DAG_RUN_ID='scheduled__2022-04-07T00:00:00+00:00'
[2023-10-17T11:22:21.196+0000] {base.py:73} INFO - Using connection ID 'fs_default' for task execution.
[2023-10-17T11:22:21.196+0000] {filesystem.py:64} INFO - Poking for file /opt/in/tiktok_google_play_reviews.csv
[2023-10-17T11:22:21.197+0000] {filesystem.py:69} INFO - Found File /opt/in/tiktok_google_play_reviews.csv last modified: 20220405221612
[2023-10-17T11:22:21.197+0000] {base.py:287} INFO - Success criteria met. Exiting.
[2023-10-17T11:22:21.206+0000] {taskinstance.py:1400} INFO - Marking task as SUCCESS. dag_id=copy_tranform_to_mongo, task_id=waiting_for_data, execution_date=20220407T000000, start_date=20231017T112221, end_date=20231017T112221
[2023-10-17T11:22:21.240+0000] {local_task_job_runner.py:228} INFO - Task exited with return code 0
[2023-10-17T11:22:21.256+0000] {taskinstance.py:2778} INFO - 0 downstream tasks scheduled from follow-on schedule check
[2023-10-18T11:46:53.414+0000] {taskinstance.py:1159} INFO - Dependencies all met for dep_context=non-requeueable deps ti=<TaskInstance: copy_tranform_to_mongo.waiting_for_data scheduled__2022-04-07T00:00:00+00:00 [queued]>
[2023-10-18T11:46:53.424+0000] {taskinstance.py:1159} INFO - Dependencies all met for dep_context=requeueable deps ti=<TaskInstance: copy_tranform_to_mongo.waiting_for_data scheduled__2022-04-07T00:00:00+00:00 [queued]>
[2023-10-18T11:46:53.425+0000] {taskinstance.py:1361} INFO - Starting attempt 1 of 1
[2023-10-18T11:46:53.442+0000] {taskinstance.py:1382} INFO - Executing <Task(FileSensor): waiting_for_data> on 2022-04-07 00:00:00+00:00
[2023-10-18T11:46:53.452+0000] {standard_task_runner.py:57} INFO - Started process 2350 to run task
[2023-10-18T11:46:53.458+0000] {standard_task_runner.py:84} INFO - Running: ['***', 'tasks', 'run', 'copy_tranform_to_mongo', 'waiting_for_data', 'scheduled__2022-04-07T00:00:00+00:00', '--job-id', '884', '--raw', '--subdir', 'DAGS_FOLDER/file_***-mongo.py', '--cfg-path', '/tmp/tmpd66s6znz']
[2023-10-18T11:46:53.459+0000] {standard_task_runner.py:85} INFO - Job 884: Subtask waiting_for_data
[2023-10-18T11:46:53.521+0000] {task_command.py:416} INFO - Running <TaskInstance: copy_tranform_to_mongo.waiting_for_data scheduled__2022-04-07T00:00:00+00:00 [running]> on host 0e68aa52dfc7
[2023-10-18T11:46:53.617+0000] {taskinstance.py:1662} INFO - Exporting env vars: AIRFLOW_CTX_DAG_OWNER='***' AIRFLOW_CTX_DAG_ID='copy_tranform_to_mongo' AIRFLOW_CTX_TASK_ID='waiting_for_data' AIRFLOW_CTX_EXECUTION_DATE='2022-04-07T00:00:00+00:00' AIRFLOW_CTX_TRY_NUMBER='1' AIRFLOW_CTX_DAG_RUN_ID='scheduled__2022-04-07T00:00:00+00:00'
[2023-10-18T11:46:53.626+0000] {base.py:73} INFO - Using connection ID 'fs_default' for task execution.
[2023-10-18T11:46:53.626+0000] {filesystem.py:64} INFO - Poking for file /opt/in/tiktok_google_play_reviews.csv
[2023-10-18T11:46:53.626+0000] {filesystem.py:69} INFO - Found File /opt/in/tiktok_google_play_reviews.csv last modified: 20220405221612
[2023-10-18T11:46:53.626+0000] {base.py:287} INFO - Success criteria met. Exiting.
[2023-10-18T11:46:53.637+0000] {taskinstance.py:1400} INFO - Marking task as SUCCESS. dag_id=copy_tranform_to_mongo, task_id=waiting_for_data, execution_date=20220407T000000, start_date=20231018T114653, end_date=20231018T114653
[2023-10-18T11:46:53.668+0000] {local_task_job_runner.py:228} INFO - Task exited with return code 0
[2023-10-18T11:46:53.718+0000] {taskinstance.py:2778} INFO - 0 downstream tasks scheduled from follow-on schedule check
