[2023-10-17T11:24:58.256+0000] {taskinstance.py:1159} INFO - Dependencies all met for dep_context=non-requeueable deps ti=<TaskInstance: copy_tranform_to_mongo.waiting_for_data scheduled__2023-01-14T00:00:00+00:00 [queued]>
[2023-10-17T11:24:58.266+0000] {taskinstance.py:1159} INFO - Dependencies all met for dep_context=requeueable deps ti=<TaskInstance: copy_tranform_to_mongo.waiting_for_data scheduled__2023-01-14T00:00:00+00:00 [queued]>
[2023-10-17T11:24:58.266+0000] {taskinstance.py:1361} INFO - Starting attempt 1 of 1
[2023-10-17T11:24:58.279+0000] {taskinstance.py:1382} INFO - Executing <Task(FileSensor): waiting_for_data> on 2023-01-14 00:00:00+00:00
[2023-10-17T11:24:58.286+0000] {standard_task_runner.py:57} INFO - Started process 2000 to run task
[2023-10-17T11:24:58.289+0000] {standard_task_runner.py:84} INFO - Running: ['***', 'tasks', 'run', 'copy_tranform_to_mongo', 'waiting_for_data', 'scheduled__2023-01-14T00:00:00+00:00', '--job-id', '748', '--raw', '--subdir', 'DAGS_FOLDER/file_***-mongo.py', '--cfg-path', '/tmp/tmpeqyh2gwx']
[2023-10-17T11:24:58.290+0000] {standard_task_runner.py:85} INFO - Job 748: Subtask waiting_for_data
[2023-10-17T11:24:58.327+0000] {task_command.py:416} INFO - Running <TaskInstance: copy_tranform_to_mongo.waiting_for_data scheduled__2023-01-14T00:00:00+00:00 [running]> on host 238c1d4ff767
[2023-10-17T11:24:58.398+0000] {taskinstance.py:1662} INFO - Exporting env vars: AIRFLOW_CTX_DAG_OWNER='***' AIRFLOW_CTX_DAG_ID='copy_tranform_to_mongo' AIRFLOW_CTX_TASK_ID='waiting_for_data' AIRFLOW_CTX_EXECUTION_DATE='2023-01-14T00:00:00+00:00' AIRFLOW_CTX_TRY_NUMBER='1' AIRFLOW_CTX_DAG_RUN_ID='scheduled__2023-01-14T00:00:00+00:00'
[2023-10-17T11:24:58.406+0000] {base.py:73} INFO - Using connection ID 'fs_default' for task execution.
[2023-10-17T11:24:58.406+0000] {filesystem.py:64} INFO - Poking for file /opt/in/tiktok_google_play_reviews.csv
[2023-10-17T11:24:58.406+0000] {filesystem.py:69} INFO - Found File /opt/in/tiktok_google_play_reviews.csv last modified: 20220405221612
[2023-10-17T11:24:58.407+0000] {base.py:287} INFO - Success criteria met. Exiting.
[2023-10-17T11:24:58.414+0000] {taskinstance.py:1400} INFO - Marking task as SUCCESS. dag_id=copy_tranform_to_mongo, task_id=waiting_for_data, execution_date=20230114T000000, start_date=20231017T112458, end_date=20231017T112458
[2023-10-17T11:24:58.461+0000] {local_task_job_runner.py:228} INFO - Task exited with return code 0
[2023-10-17T11:24:58.473+0000] {taskinstance.py:2778} INFO - 0 downstream tasks scheduled from follow-on schedule check
[2023-10-18T11:50:08.011+0000] {taskinstance.py:1159} INFO - Dependencies all met for dep_context=non-requeueable deps ti=<TaskInstance: copy_tranform_to_mongo.waiting_for_data scheduled__2023-01-14T00:00:00+00:00 [queued]>
[2023-10-18T11:50:08.022+0000] {taskinstance.py:1159} INFO - Dependencies all met for dep_context=requeueable deps ti=<TaskInstance: copy_tranform_to_mongo.waiting_for_data scheduled__2023-01-14T00:00:00+00:00 [queued]>
[2023-10-18T11:50:08.023+0000] {taskinstance.py:1361} INFO - Starting attempt 1 of 1
[2023-10-18T11:50:08.036+0000] {taskinstance.py:1382} INFO - Executing <Task(FileSensor): waiting_for_data> on 2023-01-14 00:00:00+00:00
[2023-10-18T11:50:08.043+0000] {standard_task_runner.py:57} INFO - Started process 3529 to run task
[2023-10-18T11:50:08.047+0000] {standard_task_runner.py:84} INFO - Running: ['***', 'tasks', 'run', 'copy_tranform_to_mongo', 'waiting_for_data', 'scheduled__2023-01-14T00:00:00+00:00', '--job-id', '1449', '--raw', '--subdir', 'DAGS_FOLDER/file_***-mongo.py', '--cfg-path', '/tmp/tmpsfmhmslj']
[2023-10-18T11:50:08.049+0000] {standard_task_runner.py:85} INFO - Job 1449: Subtask waiting_for_data
[2023-10-18T11:50:08.096+0000] {task_command.py:416} INFO - Running <TaskInstance: copy_tranform_to_mongo.waiting_for_data scheduled__2023-01-14T00:00:00+00:00 [running]> on host 0e68aa52dfc7
[2023-10-18T11:50:08.168+0000] {taskinstance.py:1662} INFO - Exporting env vars: AIRFLOW_CTX_DAG_OWNER='***' AIRFLOW_CTX_DAG_ID='copy_tranform_to_mongo' AIRFLOW_CTX_TASK_ID='waiting_for_data' AIRFLOW_CTX_EXECUTION_DATE='2023-01-14T00:00:00+00:00' AIRFLOW_CTX_TRY_NUMBER='1' AIRFLOW_CTX_DAG_RUN_ID='scheduled__2023-01-14T00:00:00+00:00'
[2023-10-18T11:50:08.177+0000] {base.py:73} INFO - Using connection ID 'fs_default' for task execution.
[2023-10-18T11:50:08.178+0000] {filesystem.py:64} INFO - Poking for file /opt/in/tiktok_google_play_reviews.csv
[2023-10-18T11:50:08.179+0000] {filesystem.py:69} INFO - Found File /opt/in/tiktok_google_play_reviews.csv last modified: 20220405221612
[2023-10-18T11:50:08.179+0000] {base.py:287} INFO - Success criteria met. Exiting.
[2023-10-18T11:50:08.188+0000] {taskinstance.py:1400} INFO - Marking task as SUCCESS. dag_id=copy_tranform_to_mongo, task_id=waiting_for_data, execution_date=20230114T000000, start_date=20231018T115008, end_date=20231018T115008
[2023-10-18T11:50:08.220+0000] {local_task_job_runner.py:228} INFO - Task exited with return code 0
[2023-10-18T11:50:08.253+0000] {taskinstance.py:2778} INFO - 1 downstream tasks scheduled from follow-on schedule check
