[2023-10-19T15:19:07.548+0000] {taskinstance.py:1159} INFO - Dependencies all met for dep_context=non-requeueable deps ti=<TaskInstance: copy_tranform_to_mongo.transform_data_by_pandas manual__2023-10-19T15:19:05.009200+00:00 [queued]>
[2023-10-19T15:19:07.554+0000] {taskinstance.py:1159} INFO - Dependencies all met for dep_context=requeueable deps ti=<TaskInstance: copy_tranform_to_mongo.transform_data_by_pandas manual__2023-10-19T15:19:05.009200+00:00 [queued]>
[2023-10-19T15:19:07.555+0000] {taskinstance.py:1361} INFO - Starting attempt 1 of 1
[2023-10-19T15:19:07.564+0000] {taskinstance.py:1382} INFO - Executing <Task(DockerOperator): transform_data_by_pandas> on 2023-10-19 15:19:05.009200+00:00
[2023-10-19T15:19:07.569+0000] {standard_task_runner.py:57} INFO - Started process 1221 to run task
[2023-10-19T15:19:07.571+0000] {standard_task_runner.py:84} INFO - Running: ['***', 'tasks', 'run', 'copy_tranform_to_mongo', 'transform_data_by_pandas', 'manual__2023-10-19T15:19:05.009200+00:00', '--job-id', '21', '--raw', '--subdir', 'DAGS_FOLDER/file_***-mongo.py', '--cfg-path', '/tmp/tmprpn395dn']
[2023-10-19T15:19:07.572+0000] {standard_task_runner.py:85} INFO - Job 21: Subtask transform_data_by_pandas
[2023-10-19T15:19:07.601+0000] {task_command.py:416} INFO - Running <TaskInstance: copy_tranform_to_mongo.transform_data_by_pandas manual__2023-10-19T15:19:05.009200+00:00 [running]> on host 298aa8126952
[2023-10-19T15:19:07.650+0000] {taskinstance.py:1662} INFO - Exporting env vars: AIRFLOW_CTX_DAG_OWNER='***' AIRFLOW_CTX_DAG_ID='copy_tranform_to_mongo' AIRFLOW_CTX_TASK_ID='transform_data_by_pandas' AIRFLOW_CTX_EXECUTION_DATE='2023-10-19T15:19:05.009200+00:00' AIRFLOW_CTX_TRY_NUMBER='1' AIRFLOW_CTX_DAG_RUN_ID='manual__2023-10-19T15:19:05.009200+00:00'
[2023-10-19T15:19:07.662+0000] {docker.py:337} INFO - Starting docker container from image python/pandas:1.0.0
[2023-10-19T15:19:08.081+0000] {docker.py:406} INFO - Input Notebook:  /opt/pandasapp/notebooks/tiktok_google_reviews.ipynb
Output Notebook: /opt/pandasapp/notebooks/tiktok_google_reviews.ipynb
[2023-10-19T15:19:08.120+0000] {docker.py:406} INFO - Executing:   0%|          | 0/27 [00:00<?, ?cell/s]
[2023-10-19T15:19:09.049+0000] {docker.py:406} INFO - Executing notebook with kernel: python3
[2023-10-19T15:19:09.064+0000] {docker.py:406} INFO - Executing:   4%|▎         | 1/27 [00:00<00:24,  1.06cell/s]
[2023-10-19T15:19:09.685+0000] {docker.py:406} INFO - Executing:  15%|█▍        | 4/27 [00:01<00:07,  2.89cell/s]
[2023-10-19T15:19:11.039+0000] {docker.py:406} INFO - Executing:  22%|██▏       | 6/27 [00:02<00:10,  2.04cell/s]
[2023-10-19T15:19:11.159+0000] {docker.py:406} INFO - Executing:  44%|████▍     | 12/27 [00:03<00:02,  5.43cell/s]
[2023-10-19T15:19:11.297+0000] {docker.py:406} INFO - Executing:  59%|█████▉    | 16/27 [00:03<00:01,  7.89cell/s]
[2023-10-19T15:19:11.686+0000] {docker.py:406} INFO - Executing:  70%|███████   | 19/27 [00:03<00:01,  7.83cell/s]
[2023-10-19T15:19:11.997+0000] {docker.py:406} INFO - Executing:  78%|███████▊  | 21/27 [00:03<00:00,  7.48cell/s]
[2023-10-19T15:19:12.315+0000] {docker.py:406} INFO - Executing:  85%|████████▌ | 23/27 [00:04<00:00,  7.16cell/s]
[2023-10-19T15:19:12.937+0000] {docker.py:406} INFO - Executing:  96%|█████████▋| 26/27 [00:04<00:00,  6.16cell/s]
[2023-10-19T15:19:13.372+0000] {docker.py:406} INFO - Executing: 100%|██████████| 27/27 [00:05<00:00,  5.14cell/s]
[2023-10-19T15:19:13.762+0000] {taskinstance.py:1400} INFO - Marking task as SUCCESS. dag_id=copy_tranform_to_mongo, task_id=transform_data_by_pandas, execution_date=20231019T151905, start_date=20231019T151907, end_date=20231019T151913
[2023-10-19T15:19:13.788+0000] {local_task_job_runner.py:228} INFO - Task exited with return code 0
[2023-10-19T15:19:13.811+0000] {taskinstance.py:2778} INFO - 1 downstream tasks scheduled from follow-on schedule check
