[2023-10-17T11:19:50.571+0000] {taskinstance.py:1159} INFO - Dependencies all met for dep_context=non-requeueable deps ti=<TaskInstance: copy_tranform_to_mongo.waiting_for_data scheduled__2021-06-17T00:00:00+00:00 [queued]>
[2023-10-17T11:19:50.579+0000] {taskinstance.py:1159} INFO - Dependencies all met for dep_context=requeueable deps ti=<TaskInstance: copy_tranform_to_mongo.waiting_for_data scheduled__2021-06-17T00:00:00+00:00 [queued]>
[2023-10-17T11:19:50.579+0000] {taskinstance.py:1361} INFO - Starting attempt 1 of 1
[2023-10-17T11:19:50.594+0000] {taskinstance.py:1382} INFO - Executing <Task(FileSensor): waiting_for_data> on 2021-06-17 00:00:00+00:00
[2023-10-17T11:19:50.600+0000] {standard_task_runner.py:57} INFO - Started process 777 to run task
[2023-10-17T11:19:50.603+0000] {standard_task_runner.py:84} INFO - Running: ['***', 'tasks', 'run', 'copy_tranform_to_mongo', 'waiting_for_data', 'scheduled__2021-06-17T00:00:00+00:00', '--job-id', '172', '--raw', '--subdir', 'DAGS_FOLDER/file_***-mongo.py', '--cfg-path', '/tmp/tmptbk6dhva']
[2023-10-17T11:19:50.604+0000] {standard_task_runner.py:85} INFO - Job 172: Subtask waiting_for_data
[2023-10-17T11:19:50.650+0000] {task_command.py:416} INFO - Running <TaskInstance: copy_tranform_to_mongo.waiting_for_data scheduled__2021-06-17T00:00:00+00:00 [running]> on host 238c1d4ff767
[2023-10-17T11:19:50.732+0000] {taskinstance.py:1662} INFO - Exporting env vars: AIRFLOW_CTX_DAG_OWNER='***' AIRFLOW_CTX_DAG_ID='copy_tranform_to_mongo' AIRFLOW_CTX_TASK_ID='waiting_for_data' AIRFLOW_CTX_EXECUTION_DATE='2021-06-17T00:00:00+00:00' AIRFLOW_CTX_TRY_NUMBER='1' AIRFLOW_CTX_DAG_RUN_ID='scheduled__2021-06-17T00:00:00+00:00'
[2023-10-17T11:19:50.741+0000] {base.py:73} INFO - Using connection ID 'fs_default' for task execution.
[2023-10-17T11:19:50.741+0000] {filesystem.py:64} INFO - Poking for file /opt/in/tiktok_google_play_reviews.csv
[2023-10-17T11:19:50.742+0000] {filesystem.py:69} INFO - Found File /opt/in/tiktok_google_play_reviews.csv last modified: 20220405221612
[2023-10-17T11:19:50.742+0000] {base.py:287} INFO - Success criteria met. Exiting.
[2023-10-17T11:19:50.752+0000] {taskinstance.py:1400} INFO - Marking task as SUCCESS. dag_id=copy_tranform_to_mongo, task_id=waiting_for_data, execution_date=20210617T000000, start_date=20231017T111950, end_date=20231017T111950
[2023-10-17T11:19:50.777+0000] {local_task_job_runner.py:228} INFO - Task exited with return code 0
[2023-10-17T11:19:50.793+0000] {taskinstance.py:2778} INFO - 0 downstream tasks scheduled from follow-on schedule check
[2023-10-18T10:43:34.226+0000] {taskinstance.py:1159} INFO - Dependencies all met for dep_context=non-requeueable deps ti=<TaskInstance: copy_tranform_to_mongo.waiting_for_data scheduled__2021-06-17T00:00:00+00:00 [queued]>
[2023-10-18T10:43:34.236+0000] {taskinstance.py:1159} INFO - Dependencies all met for dep_context=requeueable deps ti=<TaskInstance: copy_tranform_to_mongo.waiting_for_data scheduled__2021-06-17T00:00:00+00:00 [queued]>
[2023-10-18T10:43:34.237+0000] {taskinstance.py:1361} INFO - Starting attempt 1 of 1
[2023-10-18T10:43:34.265+0000] {taskinstance.py:1382} INFO - Executing <Task(FileSensor): waiting_for_data> on 2021-06-17 00:00:00+00:00
[2023-10-18T10:43:34.271+0000] {standard_task_runner.py:57} INFO - Started process 1740 to run task
[2023-10-18T10:43:34.274+0000] {standard_task_runner.py:84} INFO - Running: ['***', 'tasks', 'run', 'copy_tranform_to_mongo', 'waiting_for_data', 'scheduled__2021-06-17T00:00:00+00:00', '--job-id', '171', '--raw', '--subdir', 'DAGS_FOLDER/file_***-mongo.py', '--cfg-path', '/tmp/tmp6xzznco6']
[2023-10-18T10:43:34.275+0000] {standard_task_runner.py:85} INFO - Job 171: Subtask waiting_for_data
[2023-10-18T10:43:34.314+0000] {task_command.py:416} INFO - Running <TaskInstance: copy_tranform_to_mongo.waiting_for_data scheduled__2021-06-17T00:00:00+00:00 [running]> on host 2473b23ba069
[2023-10-18T10:43:34.372+0000] {taskinstance.py:1662} INFO - Exporting env vars: AIRFLOW_CTX_DAG_OWNER='***' AIRFLOW_CTX_DAG_ID='copy_tranform_to_mongo' AIRFLOW_CTX_TASK_ID='waiting_for_data' AIRFLOW_CTX_EXECUTION_DATE='2021-06-17T00:00:00+00:00' AIRFLOW_CTX_TRY_NUMBER='1' AIRFLOW_CTX_DAG_RUN_ID='scheduled__2021-06-17T00:00:00+00:00'
[2023-10-18T10:43:34.386+0000] {taskinstance.py:1937} ERROR - Task failed with exception
Traceback (most recent call last):
  File "/home/airflow/.local/lib/python3.8/site-packages/airflow/sensors/base.py", line 257, in execute
    raise e
  File "/home/airflow/.local/lib/python3.8/site-packages/airflow/sensors/base.py", line 239, in execute
    poke_return = self.poke(context)
  File "/home/airflow/.local/lib/python3.8/site-packages/airflow/sensors/filesystem.py", line 61, in poke
    hook = FSHook(self.fs_conn_id)
  File "/home/airflow/.local/lib/python3.8/site-packages/airflow/hooks/filesystem.py", line 38, in __init__
    conn = self.get_connection(conn_id)
  File "/home/airflow/.local/lib/python3.8/site-packages/airflow/hooks/base.py", line 72, in get_connection
    conn = Connection.get_connection_from_secrets(conn_id)
  File "/home/airflow/.local/lib/python3.8/site-packages/airflow/models/connection.py", line 477, in get_connection_from_secrets
    raise AirflowNotFoundException(f"The conn_id `{conn_id}` isn't defined")
airflow.exceptions.AirflowNotFoundException: The conn_id `fs_default` isn't defined
[2023-10-18T10:43:34.390+0000] {taskinstance.py:1400} INFO - Marking task as FAILED. dag_id=copy_tranform_to_mongo, task_id=waiting_for_data, execution_date=20210617T000000, start_date=20231018T104334, end_date=20231018T104334
[2023-10-18T10:43:34.399+0000] {standard_task_runner.py:104} ERROR - Failed to execute job 171 for task waiting_for_data (The conn_id `fs_default` isn't defined; 1740)
[2023-10-18T10:43:34.445+0000] {local_task_job_runner.py:228} INFO - Task exited with return code 1
[2023-10-18T10:43:34.468+0000] {taskinstance.py:2778} INFO - 0 downstream tasks scheduled from follow-on schedule check
[2023-10-18T11:43:53.240+0000] {taskinstance.py:1159} INFO - Dependencies all met for dep_context=non-requeueable deps ti=<TaskInstance: copy_tranform_to_mongo.waiting_for_data scheduled__2021-06-17T00:00:00+00:00 [queued]>
[2023-10-18T11:43:53.248+0000] {taskinstance.py:1159} INFO - Dependencies all met for dep_context=requeueable deps ti=<TaskInstance: copy_tranform_to_mongo.waiting_for_data scheduled__2021-06-17T00:00:00+00:00 [queued]>
[2023-10-18T11:43:53.248+0000] {taskinstance.py:1361} INFO - Starting attempt 1 of 1
[2023-10-18T11:43:53.258+0000] {taskinstance.py:1382} INFO - Executing <Task(FileSensor): waiting_for_data> on 2021-06-17 00:00:00+00:00
[2023-10-18T11:43:53.262+0000] {standard_task_runner.py:57} INFO - Started process 1133 to run task
[2023-10-18T11:43:53.265+0000] {standard_task_runner.py:84} INFO - Running: ['***', 'tasks', 'run', 'copy_tranform_to_mongo', 'waiting_for_data', 'scheduled__2021-06-17T00:00:00+00:00', '--job-id', '297', '--raw', '--subdir', 'DAGS_FOLDER/file_***-mongo.py', '--cfg-path', '/tmp/tmpn4b08f_i']
[2023-10-18T11:43:53.266+0000] {standard_task_runner.py:85} INFO - Job 297: Subtask waiting_for_data
[2023-10-18T11:43:53.302+0000] {task_command.py:416} INFO - Running <TaskInstance: copy_tranform_to_mongo.waiting_for_data scheduled__2021-06-17T00:00:00+00:00 [running]> on host 0e68aa52dfc7
[2023-10-18T11:43:53.353+0000] {taskinstance.py:1662} INFO - Exporting env vars: AIRFLOW_CTX_DAG_OWNER='***' AIRFLOW_CTX_DAG_ID='copy_tranform_to_mongo' AIRFLOW_CTX_TASK_ID='waiting_for_data' AIRFLOW_CTX_EXECUTION_DATE='2021-06-17T00:00:00+00:00' AIRFLOW_CTX_TRY_NUMBER='1' AIRFLOW_CTX_DAG_RUN_ID='scheduled__2021-06-17T00:00:00+00:00'
[2023-10-18T11:43:53.359+0000] {base.py:73} INFO - Using connection ID 'fs_default' for task execution.
[2023-10-18T11:43:53.359+0000] {filesystem.py:64} INFO - Poking for file /opt/in/tiktok_google_play_reviews.csv
[2023-10-18T11:43:53.360+0000] {filesystem.py:69} INFO - Found File /opt/in/tiktok_google_play_reviews.csv last modified: 20220405221612
[2023-10-18T11:43:53.360+0000] {base.py:287} INFO - Success criteria met. Exiting.
[2023-10-18T11:43:53.366+0000] {taskinstance.py:1400} INFO - Marking task as SUCCESS. dag_id=copy_tranform_to_mongo, task_id=waiting_for_data, execution_date=20210617T000000, start_date=20231018T114353, end_date=20231018T114353
[2023-10-18T11:43:53.396+0000] {local_task_job_runner.py:228} INFO - Task exited with return code 0
[2023-10-18T11:43:53.428+0000] {taskinstance.py:2778} INFO - 1 downstream tasks scheduled from follow-on schedule check
