[2023-10-17T11:24:46.014+0000] {taskinstance.py:1159} INFO - Dependencies all met for dep_context=non-requeueable deps ti=<TaskInstance: copy_tranform_to_mongo.waiting_for_data scheduled__2022-12-13T00:00:00+00:00 [queued]>
[2023-10-17T11:24:46.023+0000] {taskinstance.py:1159} INFO - Dependencies all met for dep_context=requeueable deps ti=<TaskInstance: copy_tranform_to_mongo.waiting_for_data scheduled__2022-12-13T00:00:00+00:00 [queued]>
[2023-10-17T11:24:46.023+0000] {taskinstance.py:1361} INFO - Starting attempt 1 of 1
[2023-10-17T11:24:46.037+0000] {taskinstance.py:1382} INFO - Executing <Task(FileSensor): waiting_for_data> on 2022-12-13 00:00:00+00:00
[2023-10-17T11:24:46.044+0000] {standard_task_runner.py:57} INFO - Started process 1936 to run task
[2023-10-17T11:24:46.047+0000] {standard_task_runner.py:84} INFO - Running: ['***', 'tasks', 'run', 'copy_tranform_to_mongo', 'waiting_for_data', 'scheduled__2022-12-13T00:00:00+00:00', '--job-id', '716', '--raw', '--subdir', 'DAGS_FOLDER/file_***-mongo.py', '--cfg-path', '/tmp/tmp0lt457uh']
[2023-10-17T11:24:46.048+0000] {standard_task_runner.py:85} INFO - Job 716: Subtask waiting_for_data
[2023-10-17T11:24:46.095+0000] {task_command.py:416} INFO - Running <TaskInstance: copy_tranform_to_mongo.waiting_for_data scheduled__2022-12-13T00:00:00+00:00 [running]> on host 238c1d4ff767
[2023-10-17T11:24:46.171+0000] {taskinstance.py:1662} INFO - Exporting env vars: AIRFLOW_CTX_DAG_OWNER='***' AIRFLOW_CTX_DAG_ID='copy_tranform_to_mongo' AIRFLOW_CTX_TASK_ID='waiting_for_data' AIRFLOW_CTX_EXECUTION_DATE='2022-12-13T00:00:00+00:00' AIRFLOW_CTX_TRY_NUMBER='1' AIRFLOW_CTX_DAG_RUN_ID='scheduled__2022-12-13T00:00:00+00:00'
[2023-10-17T11:24:46.180+0000] {base.py:73} INFO - Using connection ID 'fs_default' for task execution.
[2023-10-17T11:24:46.180+0000] {filesystem.py:64} INFO - Poking for file /opt/in/tiktok_google_play_reviews.csv
[2023-10-17T11:24:46.180+0000] {filesystem.py:69} INFO - Found File /opt/in/tiktok_google_play_reviews.csv last modified: 20220405221612
[2023-10-17T11:24:46.181+0000] {base.py:287} INFO - Success criteria met. Exiting.
[2023-10-17T11:24:46.188+0000] {taskinstance.py:1400} INFO - Marking task as SUCCESS. dag_id=copy_tranform_to_mongo, task_id=waiting_for_data, execution_date=20221213T000000, start_date=20231017T112446, end_date=20231017T112446
[2023-10-17T11:24:46.220+0000] {local_task_job_runner.py:228} INFO - Task exited with return code 0
[2023-10-17T11:24:46.236+0000] {taskinstance.py:2778} INFO - 0 downstream tasks scheduled from follow-on schedule check
[2023-10-18T11:49:46.613+0000] {taskinstance.py:1159} INFO - Dependencies all met for dep_context=non-requeueable deps ti=<TaskInstance: copy_tranform_to_mongo.waiting_for_data scheduled__2022-12-13T00:00:00+00:00 [queued]>
[2023-10-18T11:49:46.625+0000] {taskinstance.py:1159} INFO - Dependencies all met for dep_context=requeueable deps ti=<TaskInstance: copy_tranform_to_mongo.waiting_for_data scheduled__2022-12-13T00:00:00+00:00 [queued]>
[2023-10-18T11:49:46.625+0000] {taskinstance.py:1361} INFO - Starting attempt 1 of 1
[2023-10-18T11:49:46.647+0000] {taskinstance.py:1382} INFO - Executing <Task(FileSensor): waiting_for_data> on 2022-12-13 00:00:00+00:00
[2023-10-18T11:49:46.657+0000] {standard_task_runner.py:57} INFO - Started process 3396 to run task
[2023-10-18T11:49:46.660+0000] {standard_task_runner.py:84} INFO - Running: ['***', 'tasks', 'run', 'copy_tranform_to_mongo', 'waiting_for_data', 'scheduled__2022-12-13T00:00:00+00:00', '--job-id', '1383', '--raw', '--subdir', 'DAGS_FOLDER/file_***-mongo.py', '--cfg-path', '/tmp/tmpbet3y8gl']
[2023-10-18T11:49:46.662+0000] {standard_task_runner.py:85} INFO - Job 1383: Subtask waiting_for_data
[2023-10-18T11:49:46.738+0000] {task_command.py:416} INFO - Running <TaskInstance: copy_tranform_to_mongo.waiting_for_data scheduled__2022-12-13T00:00:00+00:00 [running]> on host 0e68aa52dfc7
[2023-10-18T11:49:46.811+0000] {taskinstance.py:1662} INFO - Exporting env vars: AIRFLOW_CTX_DAG_OWNER='***' AIRFLOW_CTX_DAG_ID='copy_tranform_to_mongo' AIRFLOW_CTX_TASK_ID='waiting_for_data' AIRFLOW_CTX_EXECUTION_DATE='2022-12-13T00:00:00+00:00' AIRFLOW_CTX_TRY_NUMBER='1' AIRFLOW_CTX_DAG_RUN_ID='scheduled__2022-12-13T00:00:00+00:00'
[2023-10-18T11:49:46.824+0000] {base.py:73} INFO - Using connection ID 'fs_default' for task execution.
[2023-10-18T11:49:46.825+0000] {filesystem.py:64} INFO - Poking for file /opt/in/tiktok_google_play_reviews.csv
[2023-10-18T11:49:46.825+0000] {filesystem.py:69} INFO - Found File /opt/in/tiktok_google_play_reviews.csv last modified: 20220405221612
[2023-10-18T11:49:46.825+0000] {base.py:287} INFO - Success criteria met. Exiting.
[2023-10-18T11:49:46.836+0000] {taskinstance.py:1400} INFO - Marking task as SUCCESS. dag_id=copy_tranform_to_mongo, task_id=waiting_for_data, execution_date=20221213T000000, start_date=20231018T114946, end_date=20231018T114946
[2023-10-18T11:49:46.878+0000] {local_task_job_runner.py:228} INFO - Task exited with return code 0
[2023-10-18T11:49:46.957+0000] {taskinstance.py:2778} INFO - 0 downstream tasks scheduled from follow-on schedule check
