[2023-10-17T11:23:06.801+0000] {taskinstance.py:1159} INFO - Dependencies all met for dep_context=non-requeueable deps ti=<TaskInstance: copy_tranform_to_mongo.waiting_for_data scheduled__2022-07-06T00:00:00+00:00 [queued]>
[2023-10-17T11:23:06.806+0000] {taskinstance.py:1159} INFO - Dependencies all met for dep_context=requeueable deps ti=<TaskInstance: copy_tranform_to_mongo.waiting_for_data scheduled__2022-07-06T00:00:00+00:00 [queued]>
[2023-10-17T11:23:06.807+0000] {taskinstance.py:1361} INFO - Starting attempt 1 of 1
[2023-10-17T11:23:06.822+0000] {taskinstance.py:1382} INFO - Executing <Task(FileSensor): waiting_for_data> on 2022-07-06 00:00:00+00:00
[2023-10-17T11:23:06.828+0000] {standard_task_runner.py:57} INFO - Started process 1590 to run task
[2023-10-17T11:23:06.830+0000] {standard_task_runner.py:84} INFO - Running: ['***', 'tasks', 'run', 'copy_tranform_to_mongo', 'waiting_for_data', 'scheduled__2022-07-06T00:00:00+00:00', '--job-id', '556', '--raw', '--subdir', 'DAGS_FOLDER/file_***-mongo.py', '--cfg-path', '/tmp/tmp9r9h_7t1']
[2023-10-17T11:23:06.831+0000] {standard_task_runner.py:85} INFO - Job 556: Subtask waiting_for_data
[2023-10-17T11:23:06.863+0000] {task_command.py:416} INFO - Running <TaskInstance: copy_tranform_to_mongo.waiting_for_data scheduled__2022-07-06T00:00:00+00:00 [running]> on host 238c1d4ff767
[2023-10-17T11:23:06.931+0000] {taskinstance.py:1662} INFO - Exporting env vars: AIRFLOW_CTX_DAG_OWNER='***' AIRFLOW_CTX_DAG_ID='copy_tranform_to_mongo' AIRFLOW_CTX_TASK_ID='waiting_for_data' AIRFLOW_CTX_EXECUTION_DATE='2022-07-06T00:00:00+00:00' AIRFLOW_CTX_TRY_NUMBER='1' AIRFLOW_CTX_DAG_RUN_ID='scheduled__2022-07-06T00:00:00+00:00'
[2023-10-17T11:23:06.938+0000] {base.py:73} INFO - Using connection ID 'fs_default' for task execution.
[2023-10-17T11:23:06.938+0000] {filesystem.py:64} INFO - Poking for file /opt/in/tiktok_google_play_reviews.csv
[2023-10-17T11:23:06.938+0000] {filesystem.py:69} INFO - Found File /opt/in/tiktok_google_play_reviews.csv last modified: 20220405221612
[2023-10-17T11:23:06.938+0000] {base.py:287} INFO - Success criteria met. Exiting.
[2023-10-17T11:23:06.945+0000] {taskinstance.py:1400} INFO - Marking task as SUCCESS. dag_id=copy_tranform_to_mongo, task_id=waiting_for_data, execution_date=20220706T000000, start_date=20231017T112306, end_date=20231017T112306
[2023-10-17T11:23:06.964+0000] {local_task_job_runner.py:228} INFO - Task exited with return code 0
[2023-10-17T11:23:06.977+0000] {taskinstance.py:2778} INFO - 0 downstream tasks scheduled from follow-on schedule check
[2023-10-18T11:47:50.983+0000] {taskinstance.py:1159} INFO - Dependencies all met for dep_context=non-requeueable deps ti=<TaskInstance: copy_tranform_to_mongo.waiting_for_data scheduled__2022-07-06T00:00:00+00:00 [queued]>
[2023-10-18T11:47:50.992+0000] {taskinstance.py:1159} INFO - Dependencies all met for dep_context=requeueable deps ti=<TaskInstance: copy_tranform_to_mongo.waiting_for_data scheduled__2022-07-06T00:00:00+00:00 [queued]>
[2023-10-18T11:47:50.993+0000] {taskinstance.py:1361} INFO - Starting attempt 1 of 1
[2023-10-18T11:47:51.007+0000] {taskinstance.py:1382} INFO - Executing <Task(FileSensor): waiting_for_data> on 2022-07-06 00:00:00+00:00
[2023-10-18T11:47:51.017+0000] {standard_task_runner.py:57} INFO - Started process 2727 to run task
[2023-10-18T11:47:51.021+0000] {standard_task_runner.py:84} INFO - Running: ['***', 'tasks', 'run', 'copy_tranform_to_mongo', 'waiting_for_data', 'scheduled__2022-07-06T00:00:00+00:00', '--job-id', '1064', '--raw', '--subdir', 'DAGS_FOLDER/file_***-mongo.py', '--cfg-path', '/tmp/tmpq459wdll']
[2023-10-18T11:47:51.022+0000] {standard_task_runner.py:85} INFO - Job 1064: Subtask waiting_for_data
[2023-10-18T11:47:51.072+0000] {task_command.py:416} INFO - Running <TaskInstance: copy_tranform_to_mongo.waiting_for_data scheduled__2022-07-06T00:00:00+00:00 [running]> on host 0e68aa52dfc7
[2023-10-18T11:47:51.189+0000] {taskinstance.py:1662} INFO - Exporting env vars: AIRFLOW_CTX_DAG_OWNER='***' AIRFLOW_CTX_DAG_ID='copy_tranform_to_mongo' AIRFLOW_CTX_TASK_ID='waiting_for_data' AIRFLOW_CTX_EXECUTION_DATE='2022-07-06T00:00:00+00:00' AIRFLOW_CTX_TRY_NUMBER='1' AIRFLOW_CTX_DAG_RUN_ID='scheduled__2022-07-06T00:00:00+00:00'
[2023-10-18T11:47:51.204+0000] {base.py:73} INFO - Using connection ID 'fs_default' for task execution.
[2023-10-18T11:47:51.205+0000] {filesystem.py:64} INFO - Poking for file /opt/in/tiktok_google_play_reviews.csv
[2023-10-18T11:47:51.205+0000] {filesystem.py:69} INFO - Found File /opt/in/tiktok_google_play_reviews.csv last modified: 20220405221612
[2023-10-18T11:47:51.207+0000] {base.py:287} INFO - Success criteria met. Exiting.
[2023-10-18T11:47:51.218+0000] {taskinstance.py:1400} INFO - Marking task as SUCCESS. dag_id=copy_tranform_to_mongo, task_id=waiting_for_data, execution_date=20220706T000000, start_date=20231018T114750, end_date=20231018T114751
[2023-10-18T11:47:51.277+0000] {local_task_job_runner.py:228} INFO - Task exited with return code 0
[2023-10-18T11:47:51.320+0000] {taskinstance.py:2778} INFO - 1 downstream tasks scheduled from follow-on schedule check
