[2023-10-17T11:24:10.649+0000] {taskinstance.py:1159} INFO - Dependencies all met for dep_context=non-requeueable deps ti=<TaskInstance: copy_tranform_to_mongo.waiting_for_data scheduled__2022-10-20T00:00:00+00:00 [queued]>
[2023-10-17T11:24:10.657+0000] {taskinstance.py:1159} INFO - Dependencies all met for dep_context=requeueable deps ti=<TaskInstance: copy_tranform_to_mongo.waiting_for_data scheduled__2022-10-20T00:00:00+00:00 [queued]>
[2023-10-17T11:24:10.657+0000] {taskinstance.py:1361} INFO - Starting attempt 1 of 1
[2023-10-17T11:24:10.665+0000] {taskinstance.py:1382} INFO - Executing <Task(FileSensor): waiting_for_data> on 2022-10-20 00:00:00+00:00
[2023-10-17T11:24:10.670+0000] {standard_task_runner.py:57} INFO - Started process 1818 to run task
[2023-10-17T11:24:10.673+0000] {standard_task_runner.py:84} INFO - Running: ['***', 'tasks', 'run', 'copy_tranform_to_mongo', 'waiting_for_data', 'scheduled__2022-10-20T00:00:00+00:00', '--job-id', '662', '--raw', '--subdir', 'DAGS_FOLDER/file_***-mongo.py', '--cfg-path', '/tmp/tmp3ihkp2io']
[2023-10-17T11:24:10.674+0000] {standard_task_runner.py:85} INFO - Job 662: Subtask waiting_for_data
[2023-10-17T11:24:10.712+0000] {task_command.py:416} INFO - Running <TaskInstance: copy_tranform_to_mongo.waiting_for_data scheduled__2022-10-20T00:00:00+00:00 [running]> on host 238c1d4ff767
[2023-10-17T11:24:10.778+0000] {taskinstance.py:1662} INFO - Exporting env vars: AIRFLOW_CTX_DAG_OWNER='***' AIRFLOW_CTX_DAG_ID='copy_tranform_to_mongo' AIRFLOW_CTX_TASK_ID='waiting_for_data' AIRFLOW_CTX_EXECUTION_DATE='2022-10-20T00:00:00+00:00' AIRFLOW_CTX_TRY_NUMBER='1' AIRFLOW_CTX_DAG_RUN_ID='scheduled__2022-10-20T00:00:00+00:00'
[2023-10-17T11:24:10.784+0000] {base.py:73} INFO - Using connection ID 'fs_default' for task execution.
[2023-10-17T11:24:10.784+0000] {filesystem.py:64} INFO - Poking for file /opt/in/tiktok_google_play_reviews.csv
[2023-10-17T11:24:10.784+0000] {filesystem.py:69} INFO - Found File /opt/in/tiktok_google_play_reviews.csv last modified: 20220405221612
[2023-10-17T11:24:10.785+0000] {base.py:287} INFO - Success criteria met. Exiting.
[2023-10-17T11:24:10.791+0000] {taskinstance.py:1400} INFO - Marking task as SUCCESS. dag_id=copy_tranform_to_mongo, task_id=waiting_for_data, execution_date=20221020T000000, start_date=20231017T112410, end_date=20231017T112410
[2023-10-17T11:24:10.804+0000] {local_task_job_runner.py:228} INFO - Task exited with return code 0
[2023-10-17T11:24:10.817+0000] {taskinstance.py:2778} INFO - 0 downstream tasks scheduled from follow-on schedule check
[2023-10-18T11:48:56.084+0000] {taskinstance.py:1159} INFO - Dependencies all met for dep_context=non-requeueable deps ti=<TaskInstance: copy_tranform_to_mongo.waiting_for_data scheduled__2022-10-20T00:00:00+00:00 [queued]>
[2023-10-18T11:48:56.094+0000] {taskinstance.py:1159} INFO - Dependencies all met for dep_context=requeueable deps ti=<TaskInstance: copy_tranform_to_mongo.waiting_for_data scheduled__2022-10-20T00:00:00+00:00 [queued]>
[2023-10-18T11:48:56.094+0000] {taskinstance.py:1361} INFO - Starting attempt 1 of 1
[2023-10-18T11:48:56.111+0000] {taskinstance.py:1382} INFO - Executing <Task(FileSensor): waiting_for_data> on 2022-10-20 00:00:00+00:00
[2023-10-18T11:48:56.118+0000] {standard_task_runner.py:57} INFO - Started process 3175 to run task
[2023-10-18T11:48:56.122+0000] {standard_task_runner.py:84} INFO - Running: ['***', 'tasks', 'run', 'copy_tranform_to_mongo', 'waiting_for_data', 'scheduled__2022-10-20T00:00:00+00:00', '--job-id', '1280', '--raw', '--subdir', 'DAGS_FOLDER/file_***-mongo.py', '--cfg-path', '/tmp/tmppirflavl']
[2023-10-18T11:48:56.123+0000] {standard_task_runner.py:85} INFO - Job 1280: Subtask waiting_for_data
[2023-10-18T11:48:56.164+0000] {task_command.py:416} INFO - Running <TaskInstance: copy_tranform_to_mongo.waiting_for_data scheduled__2022-10-20T00:00:00+00:00 [running]> on host 0e68aa52dfc7
[2023-10-18T11:48:56.239+0000] {taskinstance.py:1662} INFO - Exporting env vars: AIRFLOW_CTX_DAG_OWNER='***' AIRFLOW_CTX_DAG_ID='copy_tranform_to_mongo' AIRFLOW_CTX_TASK_ID='waiting_for_data' AIRFLOW_CTX_EXECUTION_DATE='2022-10-20T00:00:00+00:00' AIRFLOW_CTX_TRY_NUMBER='1' AIRFLOW_CTX_DAG_RUN_ID='scheduled__2022-10-20T00:00:00+00:00'
[2023-10-18T11:48:56.250+0000] {base.py:73} INFO - Using connection ID 'fs_default' for task execution.
[2023-10-18T11:48:56.250+0000] {filesystem.py:64} INFO - Poking for file /opt/in/tiktok_google_play_reviews.csv
[2023-10-18T11:48:56.250+0000] {filesystem.py:69} INFO - Found File /opt/in/tiktok_google_play_reviews.csv last modified: 20220405221612
[2023-10-18T11:48:56.251+0000] {base.py:287} INFO - Success criteria met. Exiting.
[2023-10-18T11:48:56.261+0000] {taskinstance.py:1400} INFO - Marking task as SUCCESS. dag_id=copy_tranform_to_mongo, task_id=waiting_for_data, execution_date=20221020T000000, start_date=20231018T114856, end_date=20231018T114856
[2023-10-18T11:48:56.294+0000] {local_task_job_runner.py:228} INFO - Task exited with return code 0
[2023-10-18T11:48:56.321+0000] {taskinstance.py:2778} INFO - 1 downstream tasks scheduled from follow-on schedule check
