[2023-10-19T13:04:49.448+0000] {taskinstance.py:1159} INFO - Dependencies all met for dep_context=non-requeueable deps ti=<TaskInstance: copy_tranform_to_mongo.transform_data_by_pandas scheduled__2021-01-20T00:00:00+00:00 [queued]>
[2023-10-19T13:04:49.464+0000] {taskinstance.py:1159} INFO - Dependencies all met for dep_context=requeueable deps ti=<TaskInstance: copy_tranform_to_mongo.transform_data_by_pandas scheduled__2021-01-20T00:00:00+00:00 [queued]>
[2023-10-19T13:04:49.464+0000] {taskinstance.py:1361} INFO - Starting attempt 1 of 1
[2023-10-19T13:04:49.491+0000] {taskinstance.py:1382} INFO - Executing <Task(DockerOperator): transform_data_by_pandas> on 2021-01-20 00:00:00+00:00
[2023-10-19T13:04:49.500+0000] {standard_task_runner.py:57} INFO - Started process 260 to run task
[2023-10-19T13:04:49.503+0000] {standard_task_runner.py:84} INFO - Running: ['***', 'tasks', 'run', 'copy_tranform_to_mongo', 'transform_data_by_pandas', 'scheduled__2021-01-20T00:00:00+00:00', '--job-id', '65', '--raw', '--subdir', 'DAGS_FOLDER/file_***-mongo.py', '--cfg-path', '/tmp/tmp_mcm02wa']
[2023-10-19T13:04:49.505+0000] {standard_task_runner.py:85} INFO - Job 65: Subtask transform_data_by_pandas
[2023-10-19T13:04:49.564+0000] {task_command.py:416} INFO - Running <TaskInstance: copy_tranform_to_mongo.transform_data_by_pandas scheduled__2021-01-20T00:00:00+00:00 [running]> on host f2b9ba520501
[2023-10-19T13:04:49.685+0000] {taskinstance.py:1662} INFO - Exporting env vars: AIRFLOW_CTX_DAG_OWNER='***' AIRFLOW_CTX_DAG_ID='copy_tranform_to_mongo' AIRFLOW_CTX_TASK_ID='transform_data_by_pandas' AIRFLOW_CTX_EXECUTION_DATE='2021-01-20T00:00:00+00:00' AIRFLOW_CTX_TRY_NUMBER='1' AIRFLOW_CTX_DAG_RUN_ID='scheduled__2021-01-20T00:00:00+00:00'
[2023-10-19T13:04:49.712+0000] {docker.py:337} INFO - Starting docker container from image python/pandas:1.0.0
[2023-10-19T13:04:51.206+0000] {docker.py:406} INFO - Input Notebook:  /opt/pandasapp/notebooks/tiktok_google_reviews.ipynb
Output Notebook: /opt/pandasapp/notebooks/tiktok_google_reviews.ipynb
[2023-10-19T13:04:51.337+0000] {docker.py:406} INFO - Executing:   0%|          | 0/27 [00:00<?, ?cell/s]
[2023-10-19T13:04:53.221+0000] {docker.py:406} INFO - Executing notebook with kernel: python3
[2023-10-19T13:04:53.249+0000] {docker.py:406} INFO - Executing:   4%|▎         | 1/27 [00:01<00:49,  1.92s/cell]
[2023-10-19T13:04:53.357+0000] {docker.py:406} INFO - Executing:  11%|█         | 3/27 [00:02<00:12,  1.85cell/s]
[2023-10-19T13:04:55.405+0000] {docker.py:406} INFO - Executing:  19%|█▊        | 5/27 [00:04<00:17,  1.27cell/s]
[2023-10-19T13:05:01.440+0000] {docker.py:406} INFO - Executing:  22%|██▏       | 6/27 [00:10<00:46,  2.20s/cell]
[2023-10-19T13:05:01.613+0000] {docker.py:406} INFO - Executing:  33%|███▎      | 9/27 [00:10<00:18,  1.05s/cell]
[2023-10-19T13:05:01.726+0000] {docker.py:406} INFO - Executing:  41%|████      | 11/27 [00:10<00:11,  1.40cell/s]
[2023-10-19T13:05:02.228+0000] {docker.py:406} INFO - Executing:  48%|████▊     | 13/27 [00:10<00:07,  1.77cell/s]
[2023-10-19T13:05:02.342+0000] {docker.py:406} INFO - Executing:  56%|█████▌    | 15/27 [00:11<00:04,  2.48cell/s]
[2023-10-19T13:05:04.907+0000] {docker.py:406} INFO - Executing:  63%|██████▎   | 17/27 [00:13<00:06,  1.47cell/s]
[2023-10-19T13:05:05.169+0000] {docker.py:406} INFO - Executing:  70%|███████   | 19/27 [00:13<00:04,  1.97cell/s]
[2023-10-19T13:05:06.102+0000] {docker.py:406} INFO - Executing:  74%|███████▍  | 20/27 [00:14<00:04,  1.71cell/s]
[2023-10-19T13:05:06.818+0000] {docker.py:406} INFO - Executing:  78%|███████▊  | 21/27 [00:15<00:03,  1.63cell/s]
[2023-10-19T13:05:07.996+0000] {docker.py:406} INFO - Executing:  81%|████████▏ | 22/27 [00:16<00:03,  1.35cell/s]
[2023-10-19T13:05:08.895+0000] {docker.py:406} INFO - Executing:  85%|████████▌ | 23/27 [00:17<00:03,  1.28cell/s]
[2023-10-19T13:05:09.184+0000] {docker.py:406} INFO - Executing:  93%|█████████▎| 25/27 [00:17<00:01,  1.93cell/s]
[2023-10-19T13:05:12.268+0000] {docker.py:406} INFO - Executing:  96%|█████████▋| 26/27 [00:20<00:01,  1.10s/cell]
[2023-10-19T13:05:15.053+0000] {docker.py:406} INFO - Executing: 100%|██████████| 27/27 [00:23<00:00,  1.14cell/s]
[2023-10-19T13:05:15.992+0000] {taskinstance.py:1400} INFO - Marking task as SUCCESS. dag_id=copy_tranform_to_mongo, task_id=transform_data_by_pandas, execution_date=20210120T000000, start_date=20231019T130449, end_date=20231019T130515
[2023-10-19T13:05:16.020+0000] {local_task_job_runner.py:228} INFO - Task exited with return code 0
[2023-10-19T13:05:16.035+0000] {taskinstance.py:2778} INFO - 1 downstream tasks scheduled from follow-on schedule check
