[2023-10-17T11:22:38.835+0000] {taskinstance.py:1159} INFO - Dependencies all met for dep_context=non-requeueable deps ti=<TaskInstance: copy_tranform_to_mongo.waiting_for_data scheduled__2022-05-24T00:00:00+00:00 [queued]>
[2023-10-17T11:22:38.847+0000] {taskinstance.py:1159} INFO - Dependencies all met for dep_context=requeueable deps ti=<TaskInstance: copy_tranform_to_mongo.waiting_for_data scheduled__2022-05-24T00:00:00+00:00 [queued]>
[2023-10-17T11:22:38.847+0000] {taskinstance.py:1361} INFO - Starting attempt 1 of 1
[2023-10-17T11:22:38.893+0000] {taskinstance.py:1382} INFO - Executing <Task(FileSensor): waiting_for_data> on 2022-05-24 00:00:00+00:00
[2023-10-17T11:22:38.902+0000] {standard_task_runner.py:57} INFO - Started process 1498 to run task
[2023-10-17T11:22:38.904+0000] {standard_task_runner.py:84} INFO - Running: ['***', 'tasks', 'run', 'copy_tranform_to_mongo', 'waiting_for_data', 'scheduled__2022-05-24T00:00:00+00:00', '--job-id', '513', '--raw', '--subdir', 'DAGS_FOLDER/file_***-mongo.py', '--cfg-path', '/tmp/tmpg3mp0zku']
[2023-10-17T11:22:38.905+0000] {standard_task_runner.py:85} INFO - Job 513: Subtask waiting_for_data
[2023-10-17T11:22:38.963+0000] {task_command.py:416} INFO - Running <TaskInstance: copy_tranform_to_mongo.waiting_for_data scheduled__2022-05-24T00:00:00+00:00 [running]> on host 238c1d4ff767
[2023-10-17T11:22:39.050+0000] {taskinstance.py:1662} INFO - Exporting env vars: AIRFLOW_CTX_DAG_OWNER='***' AIRFLOW_CTX_DAG_ID='copy_tranform_to_mongo' AIRFLOW_CTX_TASK_ID='waiting_for_data' AIRFLOW_CTX_EXECUTION_DATE='2022-05-24T00:00:00+00:00' AIRFLOW_CTX_TRY_NUMBER='1' AIRFLOW_CTX_DAG_RUN_ID='scheduled__2022-05-24T00:00:00+00:00'
[2023-10-17T11:22:39.060+0000] {base.py:73} INFO - Using connection ID 'fs_default' for task execution.
[2023-10-17T11:22:39.061+0000] {filesystem.py:64} INFO - Poking for file /opt/in/tiktok_google_play_reviews.csv
[2023-10-17T11:22:39.061+0000] {filesystem.py:69} INFO - Found File /opt/in/tiktok_google_play_reviews.csv last modified: 20220405221612
[2023-10-17T11:22:39.061+0000] {base.py:287} INFO - Success criteria met. Exiting.
[2023-10-17T11:22:39.069+0000] {taskinstance.py:1400} INFO - Marking task as SUCCESS. dag_id=copy_tranform_to_mongo, task_id=waiting_for_data, execution_date=20220524T000000, start_date=20231017T112238, end_date=20231017T112239
[2023-10-17T11:22:39.120+0000] {local_task_job_runner.py:228} INFO - Task exited with return code 0
[2023-10-17T11:22:39.138+0000] {taskinstance.py:2778} INFO - 0 downstream tasks scheduled from follow-on schedule check
[2023-10-18T11:47:23.341+0000] {taskinstance.py:1159} INFO - Dependencies all met for dep_context=non-requeueable deps ti=<TaskInstance: copy_tranform_to_mongo.waiting_for_data scheduled__2022-05-24T00:00:00+00:00 [queued]>
[2023-10-18T11:47:23.353+0000] {taskinstance.py:1159} INFO - Dependencies all met for dep_context=requeueable deps ti=<TaskInstance: copy_tranform_to_mongo.waiting_for_data scheduled__2022-05-24T00:00:00+00:00 [queued]>
[2023-10-18T11:47:23.354+0000] {taskinstance.py:1361} INFO - Starting attempt 1 of 1
[2023-10-18T11:47:23.366+0000] {taskinstance.py:1382} INFO - Executing <Task(FileSensor): waiting_for_data> on 2022-05-24 00:00:00+00:00
[2023-10-18T11:47:23.375+0000] {standard_task_runner.py:57} INFO - Started process 2551 to run task
[2023-10-18T11:47:23.378+0000] {standard_task_runner.py:84} INFO - Running: ['***', 'tasks', 'run', 'copy_tranform_to_mongo', 'waiting_for_data', 'scheduled__2022-05-24T00:00:00+00:00', '--job-id', '980', '--raw', '--subdir', 'DAGS_FOLDER/file_***-mongo.py', '--cfg-path', '/tmp/tmpgl3xqd13']
[2023-10-18T11:47:23.379+0000] {standard_task_runner.py:85} INFO - Job 980: Subtask waiting_for_data
[2023-10-18T11:47:23.431+0000] {task_command.py:416} INFO - Running <TaskInstance: copy_tranform_to_mongo.waiting_for_data scheduled__2022-05-24T00:00:00+00:00 [running]> on host 0e68aa52dfc7
[2023-10-18T11:47:23.515+0000] {taskinstance.py:1662} INFO - Exporting env vars: AIRFLOW_CTX_DAG_OWNER='***' AIRFLOW_CTX_DAG_ID='copy_tranform_to_mongo' AIRFLOW_CTX_TASK_ID='waiting_for_data' AIRFLOW_CTX_EXECUTION_DATE='2022-05-24T00:00:00+00:00' AIRFLOW_CTX_TRY_NUMBER='1' AIRFLOW_CTX_DAG_RUN_ID='scheduled__2022-05-24T00:00:00+00:00'
[2023-10-18T11:47:23.525+0000] {base.py:73} INFO - Using connection ID 'fs_default' for task execution.
[2023-10-18T11:47:23.526+0000] {filesystem.py:64} INFO - Poking for file /opt/in/tiktok_google_play_reviews.csv
[2023-10-18T11:47:23.527+0000] {filesystem.py:69} INFO - Found File /opt/in/tiktok_google_play_reviews.csv last modified: 20220405221612
[2023-10-18T11:47:23.527+0000] {base.py:287} INFO - Success criteria met. Exiting.
[2023-10-18T11:47:23.539+0000] {taskinstance.py:1400} INFO - Marking task as SUCCESS. dag_id=copy_tranform_to_mongo, task_id=waiting_for_data, execution_date=20220524T000000, start_date=20231018T114723, end_date=20231018T114723
[2023-10-18T11:47:23.592+0000] {local_task_job_runner.py:228} INFO - Task exited with return code 0
[2023-10-18T11:47:23.615+0000] {taskinstance.py:2778} INFO - 0 downstream tasks scheduled from follow-on schedule check
