[2023-10-17T11:27:37.478+0000] {taskinstance.py:1159} INFO - Dependencies all met for dep_context=non-requeueable deps ti=<TaskInstance: copy_tranform_to_mongo.waiting_for_data scheduled__2023-10-06T00:00:00+00:00 [queued]>
[2023-10-17T11:27:37.484+0000] {taskinstance.py:1159} INFO - Dependencies all met for dep_context=requeueable deps ti=<TaskInstance: copy_tranform_to_mongo.waiting_for_data scheduled__2023-10-06T00:00:00+00:00 [queued]>
[2023-10-17T11:27:37.484+0000] {taskinstance.py:1361} INFO - Starting attempt 1 of 1
[2023-10-17T11:27:37.496+0000] {taskinstance.py:1382} INFO - Executing <Task(FileSensor): waiting_for_data> on 2023-10-06 00:00:00+00:00
[2023-10-17T11:27:37.500+0000] {standard_task_runner.py:57} INFO - Started process 2568 to run task
[2023-10-17T11:27:37.502+0000] {standard_task_runner.py:84} INFO - Running: ['***', 'tasks', 'run', 'copy_tranform_to_mongo', 'waiting_for_data', 'scheduled__2023-10-06T00:00:00+00:00', '--job-id', '1013', '--raw', '--subdir', 'DAGS_FOLDER/file_***-mongo.py', '--cfg-path', '/tmp/tmpat67m0ip']
[2023-10-17T11:27:37.502+0000] {standard_task_runner.py:85} INFO - Job 1013: Subtask waiting_for_data
[2023-10-17T11:27:37.533+0000] {task_command.py:416} INFO - Running <TaskInstance: copy_tranform_to_mongo.waiting_for_data scheduled__2023-10-06T00:00:00+00:00 [running]> on host 238c1d4ff767
[2023-10-17T11:27:37.587+0000] {taskinstance.py:1662} INFO - Exporting env vars: AIRFLOW_CTX_DAG_OWNER='***' AIRFLOW_CTX_DAG_ID='copy_tranform_to_mongo' AIRFLOW_CTX_TASK_ID='waiting_for_data' AIRFLOW_CTX_EXECUTION_DATE='2023-10-06T00:00:00+00:00' AIRFLOW_CTX_TRY_NUMBER='1' AIRFLOW_CTX_DAG_RUN_ID='scheduled__2023-10-06T00:00:00+00:00'
[2023-10-17T11:27:37.594+0000] {base.py:73} INFO - Using connection ID 'fs_default' for task execution.
[2023-10-17T11:27:37.594+0000] {filesystem.py:64} INFO - Poking for file /opt/in/tiktok_google_play_reviews.csv
[2023-10-17T11:27:37.594+0000] {filesystem.py:69} INFO - Found File /opt/in/tiktok_google_play_reviews.csv last modified: 20220405221612
[2023-10-17T11:27:37.595+0000] {base.py:287} INFO - Success criteria met. Exiting.
[2023-10-17T11:27:37.600+0000] {taskinstance.py:1400} INFO - Marking task as SUCCESS. dag_id=copy_tranform_to_mongo, task_id=waiting_for_data, execution_date=20231006T000000, start_date=20231017T112737, end_date=20231017T112737
[2023-10-17T11:27:37.634+0000] {local_task_job_runner.py:228} INFO - Task exited with return code 0
[2023-10-17T11:27:37.659+0000] {taskinstance.py:2778} INFO - 0 downstream tasks scheduled from follow-on schedule check
[2023-10-18T11:52:42.055+0000] {taskinstance.py:1159} INFO - Dependencies all met for dep_context=non-requeueable deps ti=<TaskInstance: copy_tranform_to_mongo.waiting_for_data scheduled__2023-10-06T00:00:00+00:00 [queued]>
[2023-10-18T11:52:42.071+0000] {taskinstance.py:1159} INFO - Dependencies all met for dep_context=requeueable deps ti=<TaskInstance: copy_tranform_to_mongo.waiting_for_data scheduled__2023-10-06T00:00:00+00:00 [queued]>
[2023-10-18T11:52:42.071+0000] {taskinstance.py:1361} INFO - Starting attempt 1 of 1
[2023-10-18T11:52:42.091+0000] {taskinstance.py:1382} INFO - Executing <Task(FileSensor): waiting_for_data> on 2023-10-06 00:00:00+00:00
[2023-10-18T11:52:42.101+0000] {standard_task_runner.py:57} INFO - Started process 4630 to run task
[2023-10-18T11:52:42.104+0000] {standard_task_runner.py:84} INFO - Running: ['***', 'tasks', 'run', 'copy_tranform_to_mongo', 'waiting_for_data', 'scheduled__2023-10-06T00:00:00+00:00', '--job-id', '1980', '--raw', '--subdir', 'DAGS_FOLDER/file_***-mongo.py', '--cfg-path', '/tmp/tmpfddl6or8']
[2023-10-18T11:52:42.106+0000] {standard_task_runner.py:85} INFO - Job 1980: Subtask waiting_for_data
[2023-10-18T11:52:42.196+0000] {task_command.py:416} INFO - Running <TaskInstance: copy_tranform_to_mongo.waiting_for_data scheduled__2023-10-06T00:00:00+00:00 [running]> on host 0e68aa52dfc7
[2023-10-18T11:52:42.306+0000] {taskinstance.py:1662} INFO - Exporting env vars: AIRFLOW_CTX_DAG_OWNER='***' AIRFLOW_CTX_DAG_ID='copy_tranform_to_mongo' AIRFLOW_CTX_TASK_ID='waiting_for_data' AIRFLOW_CTX_EXECUTION_DATE='2023-10-06T00:00:00+00:00' AIRFLOW_CTX_TRY_NUMBER='1' AIRFLOW_CTX_DAG_RUN_ID='scheduled__2023-10-06T00:00:00+00:00'
[2023-10-18T11:52:42.323+0000] {base.py:73} INFO - Using connection ID 'fs_default' for task execution.
[2023-10-18T11:52:42.324+0000] {filesystem.py:64} INFO - Poking for file /opt/in/tiktok_google_play_reviews.csv
[2023-10-18T11:52:42.324+0000] {filesystem.py:69} INFO - Found File /opt/in/tiktok_google_play_reviews.csv last modified: 20220405221612
[2023-10-18T11:52:42.325+0000] {base.py:287} INFO - Success criteria met. Exiting.
[2023-10-18T11:52:42.335+0000] {taskinstance.py:1400} INFO - Marking task as SUCCESS. dag_id=copy_tranform_to_mongo, task_id=waiting_for_data, execution_date=20231006T000000, start_date=20231018T115242, end_date=20231018T115242
[2023-10-18T11:52:42.384+0000] {local_task_job_runner.py:228} INFO - Task exited with return code 0
[2023-10-18T11:52:42.422+0000] {taskinstance.py:2778} INFO - 1 downstream tasks scheduled from follow-on schedule check
