[2023-10-17T11:18:49.848+0000] {taskinstance.py:1159} INFO - Dependencies all met for dep_context=non-requeueable deps ti=<TaskInstance: copy_tranform_to_mongo.waiting_for_data scheduled__2021-01-22T00:00:00+00:00 [queued]>
[2023-10-17T11:18:49.855+0000] {taskinstance.py:1159} INFO - Dependencies all met for dep_context=requeueable deps ti=<TaskInstance: copy_tranform_to_mongo.waiting_for_data scheduled__2021-01-22T00:00:00+00:00 [queued]>
[2023-10-17T11:18:49.856+0000] {taskinstance.py:1361} INFO - Starting attempt 1 of 1
[2023-10-17T11:18:49.864+0000] {taskinstance.py:1382} INFO - Executing <Task(FileSensor): waiting_for_data> on 2021-01-22 00:00:00+00:00
[2023-10-17T11:18:49.870+0000] {standard_task_runner.py:57} INFO - Started process 467 to run task
[2023-10-17T11:18:49.872+0000] {standard_task_runner.py:84} INFO - Running: ['***', 'tasks', 'run', 'copy_tranform_to_mongo', 'waiting_for_data', 'scheduled__2021-01-22T00:00:00+00:00', '--job-id', '26', '--raw', '--subdir', 'DAGS_FOLDER/file_***-mongo.py', '--cfg-path', '/tmp/tmpwpo__944']
[2023-10-17T11:18:49.873+0000] {standard_task_runner.py:85} INFO - Job 26: Subtask waiting_for_data
[2023-10-17T11:18:49.912+0000] {task_command.py:416} INFO - Running <TaskInstance: copy_tranform_to_mongo.waiting_for_data scheduled__2021-01-22T00:00:00+00:00 [running]> on host 238c1d4ff767
[2023-10-17T11:18:49.980+0000] {taskinstance.py:1662} INFO - Exporting env vars: AIRFLOW_CTX_DAG_OWNER='***' AIRFLOW_CTX_DAG_ID='copy_tranform_to_mongo' AIRFLOW_CTX_TASK_ID='waiting_for_data' AIRFLOW_CTX_EXECUTION_DATE='2021-01-22T00:00:00+00:00' AIRFLOW_CTX_TRY_NUMBER='1' AIRFLOW_CTX_DAG_RUN_ID='scheduled__2021-01-22T00:00:00+00:00'
[2023-10-17T11:18:49.986+0000] {base.py:73} INFO - Using connection ID 'fs_default' for task execution.
[2023-10-17T11:18:49.987+0000] {filesystem.py:64} INFO - Poking for file /opt/in/tiktok_google_play_reviews.csv
[2023-10-17T11:18:49.987+0000] {filesystem.py:69} INFO - Found File /opt/in/tiktok_google_play_reviews.csv last modified: 20220405221612
[2023-10-17T11:18:49.987+0000] {base.py:287} INFO - Success criteria met. Exiting.
[2023-10-17T11:18:49.992+0000] {taskinstance.py:1400} INFO - Marking task as SUCCESS. dag_id=copy_tranform_to_mongo, task_id=waiting_for_data, execution_date=20210122T000000, start_date=20231017T111849, end_date=20231017T111849
[2023-10-17T11:18:50.044+0000] {local_task_job_runner.py:228} INFO - Task exited with return code 0
[2023-10-17T11:18:50.070+0000] {taskinstance.py:2778} INFO - 0 downstream tasks scheduled from follow-on schedule check
[2023-10-18T10:42:14.934+0000] {taskinstance.py:1159} INFO - Dependencies all met for dep_context=non-requeueable deps ti=<TaskInstance: copy_tranform_to_mongo.waiting_for_data scheduled__2021-01-22T00:00:00+00:00 [queued]>
[2023-10-18T10:42:14.944+0000] {taskinstance.py:1159} INFO - Dependencies all met for dep_context=requeueable deps ti=<TaskInstance: copy_tranform_to_mongo.waiting_for_data scheduled__2021-01-22T00:00:00+00:00 [queued]>
[2023-10-18T10:42:14.944+0000] {taskinstance.py:1361} INFO - Starting attempt 1 of 1
[2023-10-18T10:42:15.006+0000] {taskinstance.py:1382} INFO - Executing <Task(FileSensor): waiting_for_data> on 2021-01-22 00:00:00+00:00
[2023-10-18T10:42:15.013+0000] {standard_task_runner.py:57} INFO - Started process 1432 to run task
[2023-10-18T10:42:15.016+0000] {standard_task_runner.py:84} INFO - Running: ['***', 'tasks', 'run', 'copy_tranform_to_mongo', 'waiting_for_data', 'scheduled__2021-01-22T00:00:00+00:00', '--job-id', '25', '--raw', '--subdir', 'DAGS_FOLDER/file_***-mongo.py', '--cfg-path', '/tmp/tmp1zny7_gh']
[2023-10-18T10:42:15.016+0000] {standard_task_runner.py:85} INFO - Job 25: Subtask waiting_for_data
[2023-10-18T10:42:15.060+0000] {task_command.py:416} INFO - Running <TaskInstance: copy_tranform_to_mongo.waiting_for_data scheduled__2021-01-22T00:00:00+00:00 [running]> on host 2473b23ba069
[2023-10-18T10:42:15.120+0000] {taskinstance.py:1662} INFO - Exporting env vars: AIRFLOW_CTX_DAG_OWNER='***' AIRFLOW_CTX_DAG_ID='copy_tranform_to_mongo' AIRFLOW_CTX_TASK_ID='waiting_for_data' AIRFLOW_CTX_EXECUTION_DATE='2021-01-22T00:00:00+00:00' AIRFLOW_CTX_TRY_NUMBER='1' AIRFLOW_CTX_DAG_RUN_ID='scheduled__2021-01-22T00:00:00+00:00'
[2023-10-18T10:42:15.135+0000] {taskinstance.py:1937} ERROR - Task failed with exception
Traceback (most recent call last):
  File "/home/airflow/.local/lib/python3.8/site-packages/airflow/sensors/base.py", line 257, in execute
    raise e
  File "/home/airflow/.local/lib/python3.8/site-packages/airflow/sensors/base.py", line 239, in execute
    poke_return = self.poke(context)
  File "/home/airflow/.local/lib/python3.8/site-packages/airflow/sensors/filesystem.py", line 61, in poke
    hook = FSHook(self.fs_conn_id)
  File "/home/airflow/.local/lib/python3.8/site-packages/airflow/hooks/filesystem.py", line 38, in __init__
    conn = self.get_connection(conn_id)
  File "/home/airflow/.local/lib/python3.8/site-packages/airflow/hooks/base.py", line 72, in get_connection
    conn = Connection.get_connection_from_secrets(conn_id)
  File "/home/airflow/.local/lib/python3.8/site-packages/airflow/models/connection.py", line 477, in get_connection_from_secrets
    raise AirflowNotFoundException(f"The conn_id `{conn_id}` isn't defined")
airflow.exceptions.AirflowNotFoundException: The conn_id `fs_default` isn't defined
[2023-10-18T10:42:15.139+0000] {taskinstance.py:1400} INFO - Marking task as FAILED. dag_id=copy_tranform_to_mongo, task_id=waiting_for_data, execution_date=20210122T000000, start_date=20231018T104214, end_date=20231018T104215
[2023-10-18T10:42:15.147+0000] {standard_task_runner.py:104} ERROR - Failed to execute job 25 for task waiting_for_data (The conn_id `fs_default` isn't defined; 1432)
[2023-10-18T10:42:15.187+0000] {local_task_job_runner.py:228} INFO - Task exited with return code 1
[2023-10-18T10:42:15.212+0000] {taskinstance.py:2778} INFO - 0 downstream tasks scheduled from follow-on schedule check
[2023-10-18T11:14:44.555+0000] {taskinstance.py:1159} INFO - Dependencies all met for dep_context=non-requeueable deps ti=<TaskInstance: copy_tranform_to_mongo.waiting_for_data scheduled__2021-01-22T00:00:00+00:00 [queued]>
[2023-10-18T11:14:44.562+0000] {taskinstance.py:1159} INFO - Dependencies all met for dep_context=requeueable deps ti=<TaskInstance: copy_tranform_to_mongo.waiting_for_data scheduled__2021-01-22T00:00:00+00:00 [queued]>
[2023-10-18T11:14:44.563+0000] {taskinstance.py:1361} INFO - Starting attempt 1 of 1
[2023-10-18T11:14:44.576+0000] {taskinstance.py:1382} INFO - Executing <Task(FileSensor): waiting_for_data> on 2021-01-22 00:00:00+00:00
[2023-10-18T11:14:44.581+0000] {standard_task_runner.py:57} INFO - Started process 137 to run task
[2023-10-18T11:14:44.583+0000] {standard_task_runner.py:84} INFO - Running: ['***', 'tasks', 'run', 'copy_tranform_to_mongo', 'waiting_for_data', 'scheduled__2021-01-22T00:00:00+00:00', '--job-id', '24', '--raw', '--subdir', 'DAGS_FOLDER/file_***-mongo.py', '--cfg-path', '/tmp/tmpb4h95h6s']
[2023-10-18T11:14:44.584+0000] {standard_task_runner.py:85} INFO - Job 24: Subtask waiting_for_data
[2023-10-18T11:14:44.619+0000] {task_command.py:416} INFO - Running <TaskInstance: copy_tranform_to_mongo.waiting_for_data scheduled__2021-01-22T00:00:00+00:00 [running]> on host 0e68aa52dfc7
[2023-10-18T11:14:44.669+0000] {taskinstance.py:1662} INFO - Exporting env vars: AIRFLOW_CTX_DAG_OWNER='***' AIRFLOW_CTX_DAG_ID='copy_tranform_to_mongo' AIRFLOW_CTX_TASK_ID='waiting_for_data' AIRFLOW_CTX_EXECUTION_DATE='2021-01-22T00:00:00+00:00' AIRFLOW_CTX_TRY_NUMBER='1' AIRFLOW_CTX_DAG_RUN_ID='scheduled__2021-01-22T00:00:00+00:00'
[2023-10-18T11:14:44.680+0000] {taskinstance.py:1937} ERROR - Task failed with exception
Traceback (most recent call last):
  File "/home/airflow/.local/lib/python3.8/site-packages/airflow/sensors/base.py", line 257, in execute
    raise e
  File "/home/airflow/.local/lib/python3.8/site-packages/airflow/sensors/base.py", line 239, in execute
    poke_return = self.poke(context)
  File "/home/airflow/.local/lib/python3.8/site-packages/airflow/sensors/filesystem.py", line 61, in poke
    hook = FSHook(self.fs_conn_id)
  File "/home/airflow/.local/lib/python3.8/site-packages/airflow/hooks/filesystem.py", line 38, in __init__
    conn = self.get_connection(conn_id)
  File "/home/airflow/.local/lib/python3.8/site-packages/airflow/hooks/base.py", line 72, in get_connection
    conn = Connection.get_connection_from_secrets(conn_id)
  File "/home/airflow/.local/lib/python3.8/site-packages/airflow/models/connection.py", line 477, in get_connection_from_secrets
    raise AirflowNotFoundException(f"The conn_id `{conn_id}` isn't defined")
airflow.exceptions.AirflowNotFoundException: The conn_id `fs_default` isn't defined
[2023-10-18T11:14:44.683+0000] {taskinstance.py:1400} INFO - Marking task as FAILED. dag_id=copy_tranform_to_mongo, task_id=waiting_for_data, execution_date=20210122T000000, start_date=20231018T111444, end_date=20231018T111444
[2023-10-18T11:14:44.691+0000] {standard_task_runner.py:104} ERROR - Failed to execute job 24 for task waiting_for_data (The conn_id `fs_default` isn't defined; 137)
[2023-10-18T11:14:44.715+0000] {local_task_job_runner.py:228} INFO - Task exited with return code 1
[2023-10-18T11:14:44.751+0000] {taskinstance.py:2778} INFO - 0 downstream tasks scheduled from follow-on schedule check
[2023-10-19T12:09:58.108+0000] {taskinstance.py:1159} INFO - Dependencies all met for dep_context=non-requeueable deps ti=<TaskInstance: copy_tranform_to_mongo.waiting_for_data scheduled__2021-01-22T00:00:00+00:00 [queued]>
[2023-10-19T12:09:58.119+0000] {taskinstance.py:1159} INFO - Dependencies all met for dep_context=requeueable deps ti=<TaskInstance: copy_tranform_to_mongo.waiting_for_data scheduled__2021-01-22T00:00:00+00:00 [queued]>
[2023-10-19T12:09:58.120+0000] {taskinstance.py:1361} INFO - Starting attempt 1 of 1
[2023-10-19T12:09:58.158+0000] {taskinstance.py:1382} INFO - Executing <Task(FileSensor): waiting_for_data> on 2021-01-22 00:00:00+00:00
[2023-10-19T12:09:58.163+0000] {standard_task_runner.py:57} INFO - Started process 209 to run task
[2023-10-19T12:09:58.166+0000] {standard_task_runner.py:84} INFO - Running: ['***', 'tasks', 'run', 'copy_tranform_to_mongo', 'waiting_for_data', 'scheduled__2021-01-22T00:00:00+00:00', '--job-id', '24', '--raw', '--subdir', 'DAGS_FOLDER/file_***-mongo.py', '--cfg-path', '/tmp/tmpwbv4bak7']
[2023-10-19T12:09:58.167+0000] {standard_task_runner.py:85} INFO - Job 24: Subtask waiting_for_data
[2023-10-19T12:09:58.210+0000] {task_command.py:416} INFO - Running <TaskInstance: copy_tranform_to_mongo.waiting_for_data scheduled__2021-01-22T00:00:00+00:00 [running]> on host 6f5df7fea6fd
[2023-10-19T12:09:58.269+0000] {taskinstance.py:1662} INFO - Exporting env vars: AIRFLOW_CTX_DAG_OWNER='***' AIRFLOW_CTX_DAG_ID='copy_tranform_to_mongo' AIRFLOW_CTX_TASK_ID='waiting_for_data' AIRFLOW_CTX_EXECUTION_DATE='2021-01-22T00:00:00+00:00' AIRFLOW_CTX_TRY_NUMBER='1' AIRFLOW_CTX_DAG_RUN_ID='scheduled__2021-01-22T00:00:00+00:00'
[2023-10-19T12:09:58.282+0000] {taskinstance.py:1937} ERROR - Task failed with exception
Traceback (most recent call last):
  File "/home/airflow/.local/lib/python3.8/site-packages/airflow/sensors/base.py", line 257, in execute
    raise e
  File "/home/airflow/.local/lib/python3.8/site-packages/airflow/sensors/base.py", line 239, in execute
    poke_return = self.poke(context)
  File "/home/airflow/.local/lib/python3.8/site-packages/airflow/sensors/filesystem.py", line 61, in poke
    hook = FSHook(self.fs_conn_id)
  File "/home/airflow/.local/lib/python3.8/site-packages/airflow/hooks/filesystem.py", line 38, in __init__
    conn = self.get_connection(conn_id)
  File "/home/airflow/.local/lib/python3.8/site-packages/airflow/hooks/base.py", line 72, in get_connection
    conn = Connection.get_connection_from_secrets(conn_id)
  File "/home/airflow/.local/lib/python3.8/site-packages/airflow/models/connection.py", line 477, in get_connection_from_secrets
    raise AirflowNotFoundException(f"The conn_id `{conn_id}` isn't defined")
airflow.exceptions.AirflowNotFoundException: The conn_id `fs_default` isn't defined
[2023-10-19T12:09:58.285+0000] {taskinstance.py:1400} INFO - Marking task as FAILED. dag_id=copy_tranform_to_mongo, task_id=waiting_for_data, execution_date=20210122T000000, start_date=20231019T120958, end_date=20231019T120958
[2023-10-19T12:09:58.294+0000] {standard_task_runner.py:104} ERROR - Failed to execute job 24 for task waiting_for_data (The conn_id `fs_default` isn't defined; 209)
[2023-10-19T12:09:58.338+0000] {local_task_job_runner.py:228} INFO - Task exited with return code 1
[2023-10-19T12:09:58.365+0000] {taskinstance.py:2778} INFO - 0 downstream tasks scheduled from follow-on schedule check
[2023-10-19T13:04:48.534+0000] {taskinstance.py:1159} INFO - Dependencies all met for dep_context=non-requeueable deps ti=<TaskInstance: copy_tranform_to_mongo.waiting_for_data scheduled__2021-01-22T00:00:00+00:00 [queued]>
[2023-10-19T13:04:48.547+0000] {taskinstance.py:1159} INFO - Dependencies all met for dep_context=requeueable deps ti=<TaskInstance: copy_tranform_to_mongo.waiting_for_data scheduled__2021-01-22T00:00:00+00:00 [queued]>
[2023-10-19T13:04:48.548+0000] {taskinstance.py:1361} INFO - Starting attempt 1 of 1
[2023-10-19T13:04:48.563+0000] {taskinstance.py:1382} INFO - Executing <Task(FileSensor): waiting_for_data> on 2021-01-22 00:00:00+00:00
[2023-10-19T13:04:48.574+0000] {standard_task_runner.py:57} INFO - Started process 249 to run task
[2023-10-19T13:04:48.577+0000] {standard_task_runner.py:84} INFO - Running: ['***', 'tasks', 'run', 'copy_tranform_to_mongo', 'waiting_for_data', 'scheduled__2021-01-22T00:00:00+00:00', '--job-id', '59', '--raw', '--subdir', 'DAGS_FOLDER/file_***-mongo.py', '--cfg-path', '/tmp/tmpizlpgf5g']
[2023-10-19T13:04:48.580+0000] {standard_task_runner.py:85} INFO - Job 59: Subtask waiting_for_data
[2023-10-19T13:04:48.662+0000] {task_command.py:416} INFO - Running <TaskInstance: copy_tranform_to_mongo.waiting_for_data scheduled__2021-01-22T00:00:00+00:00 [running]> on host f2b9ba520501
[2023-10-19T13:04:48.768+0000] {taskinstance.py:1662} INFO - Exporting env vars: AIRFLOW_CTX_DAG_OWNER='***' AIRFLOW_CTX_DAG_ID='copy_tranform_to_mongo' AIRFLOW_CTX_TASK_ID='waiting_for_data' AIRFLOW_CTX_EXECUTION_DATE='2021-01-22T00:00:00+00:00' AIRFLOW_CTX_TRY_NUMBER='1' AIRFLOW_CTX_DAG_RUN_ID='scheduled__2021-01-22T00:00:00+00:00'
[2023-10-19T13:04:48.803+0000] {base.py:73} INFO - Using connection ID 'fs_default' for task execution.
[2023-10-19T13:04:48.804+0000] {filesystem.py:64} INFO - Poking for file /opt/in/tiktok_google_play_reviews.csv
[2023-10-19T13:04:48.804+0000] {filesystem.py:69} INFO - Found File /opt/in/tiktok_google_play_reviews.csv last modified: 20220405221612
[2023-10-19T13:04:48.804+0000] {base.py:287} INFO - Success criteria met. Exiting.
[2023-10-19T13:04:48.842+0000] {taskinstance.py:1400} INFO - Marking task as SUCCESS. dag_id=copy_tranform_to_mongo, task_id=waiting_for_data, execution_date=20210122T000000, start_date=20231019T130448, end_date=20231019T130448
[2023-10-19T13:04:48.928+0000] {local_task_job_runner.py:228} INFO - Task exited with return code 0
[2023-10-19T13:04:48.997+0000] {taskinstance.py:2778} INFO - 1 downstream tasks scheduled from follow-on schedule check
