[2023-10-19T13:33:12.293+0000] {taskinstance.py:1159} INFO - Dependencies all met for dep_context=non-requeueable deps ti=<TaskInstance: copy_tranform_to_mongo.transform_data_by_pandas manual__2023-10-19T13:33:10.830879+00:00 [queued]>
[2023-10-19T13:33:12.300+0000] {taskinstance.py:1159} INFO - Dependencies all met for dep_context=requeueable deps ti=<TaskInstance: copy_tranform_to_mongo.transform_data_by_pandas manual__2023-10-19T13:33:10.830879+00:00 [queued]>
[2023-10-19T13:33:12.301+0000] {taskinstance.py:1361} INFO - Starting attempt 1 of 1
[2023-10-19T13:33:12.309+0000] {taskinstance.py:1382} INFO - Executing <Task(DockerOperator): transform_data_by_pandas> on 2023-10-19 13:33:10.830879+00:00
[2023-10-19T13:33:12.314+0000] {standard_task_runner.py:57} INFO - Started process 745 to run task
[2023-10-19T13:33:12.316+0000] {standard_task_runner.py:84} INFO - Running: ['***', 'tasks', 'run', 'copy_tranform_to_mongo', 'transform_data_by_pandas', 'manual__2023-10-19T13:33:10.830879+00:00', '--job-id', '97', '--raw', '--subdir', 'DAGS_FOLDER/file_***-mongo.py', '--cfg-path', '/tmp/tmpm8r5z64x']
[2023-10-19T13:33:12.317+0000] {standard_task_runner.py:85} INFO - Job 97: Subtask transform_data_by_pandas
[2023-10-19T13:33:12.349+0000] {task_command.py:416} INFO - Running <TaskInstance: copy_tranform_to_mongo.transform_data_by_pandas manual__2023-10-19T13:33:10.830879+00:00 [running]> on host f2b9ba520501
[2023-10-19T13:33:12.395+0000] {taskinstance.py:1662} INFO - Exporting env vars: AIRFLOW_CTX_DAG_OWNER='***' AIRFLOW_CTX_DAG_ID='copy_tranform_to_mongo' AIRFLOW_CTX_TASK_ID='transform_data_by_pandas' AIRFLOW_CTX_EXECUTION_DATE='2023-10-19T13:33:10.830879+00:00' AIRFLOW_CTX_TRY_NUMBER='1' AIRFLOW_CTX_DAG_RUN_ID='manual__2023-10-19T13:33:10.830879+00:00'
[2023-10-19T13:33:12.407+0000] {docker.py:337} INFO - Starting docker container from image python/pandas:1.0.0
[2023-10-19T13:33:12.858+0000] {docker.py:406} INFO - Input Notebook:  /opt/pandasapp/notebooks/tiktok_google_reviews.ipynb
Output Notebook: /opt/pandasapp/notebooks/tiktok_google_reviews.ipynb
[2023-10-19T13:33:12.899+0000] {docker.py:406} INFO - Executing:   0%|          | 0/27 [00:00<?, ?cell/s]
[2023-10-19T13:33:13.617+0000] {docker.py:406} INFO - Executing notebook with kernel: python3
[2023-10-19T13:33:13.634+0000] {docker.py:406} INFO - Executing:   4%|▎         | 1/27 [00:00<00:19,  1.36cell/s]
[2023-10-19T13:33:14.251+0000] {docker.py:406} INFO - Executing:  15%|█▍        | 4/27 [00:01<00:07,  3.27cell/s]
[2023-10-19T13:33:15.679+0000] {docker.py:406} INFO - Executing:  22%|██▏       | 6/27 [00:02<00:10,  2.07cell/s]
[2023-10-19T13:33:15.805+0000] {docker.py:406} INFO - Executing:  44%|████▍     | 12/27 [00:02<00:02,  5.48cell/s]
[2023-10-19T13:33:15.946+0000] {docker.py:406} INFO - Executing:  59%|█████▉    | 16/27 [00:03<00:01,  7.94cell/s]
[2023-10-19T13:33:16.317+0000] {docker.py:406} INFO - Executing:  70%|███████   | 19/27 [00:03<00:01,  7.98cell/s]
[2023-10-19T13:33:16.657+0000] {docker.py:406} INFO - Executing:  78%|███████▊  | 21/27 [00:03<00:00,  7.41cell/s]
[2023-10-19T13:33:16.991+0000] {docker.py:406} INFO - Executing:  85%|████████▌ | 23/27 [00:04<00:00,  7.01cell/s]
[2023-10-19T13:33:17.655+0000] {docker.py:406} INFO - Executing:  96%|█████████▋| 26/27 [00:04<00:00,  5.91cell/s]
[2023-10-19T13:33:18.088+0000] {docker.py:406} INFO - Executing: 100%|██████████| 27/27 [00:05<00:00,  5.20cell/s]
[2023-10-19T13:33:18.496+0000] {taskinstance.py:1400} INFO - Marking task as SUCCESS. dag_id=copy_tranform_to_mongo, task_id=transform_data_by_pandas, execution_date=20231019T133310, start_date=20231019T133312, end_date=20231019T133318
[2023-10-19T13:33:18.534+0000] {local_task_job_runner.py:228} INFO - Task exited with return code 0
[2023-10-19T13:33:18.562+0000] {taskinstance.py:2778} INFO - 1 downstream tasks scheduled from follow-on schedule check
