[2023-10-17T11:25:43.346+0000] {taskinstance.py:1159} INFO - Dependencies all met for dep_context=non-requeueable deps ti=<TaskInstance: copy_tranform_to_mongo.waiting_for_data scheduled__2023-04-28T00:00:00+00:00 [queued]>
[2023-10-17T11:25:43.358+0000] {taskinstance.py:1159} INFO - Dependencies all met for dep_context=requeueable deps ti=<TaskInstance: copy_tranform_to_mongo.waiting_for_data scheduled__2023-04-28T00:00:00+00:00 [queued]>
[2023-10-17T11:25:43.358+0000] {taskinstance.py:1361} INFO - Starting attempt 1 of 1
[2023-10-17T11:25:43.400+0000] {taskinstance.py:1382} INFO - Executing <Task(FileSensor): waiting_for_data> on 2023-04-28 00:00:00+00:00
[2023-10-17T11:25:43.408+0000] {standard_task_runner.py:57} INFO - Started process 2224 to run task
[2023-10-17T11:25:43.411+0000] {standard_task_runner.py:84} INFO - Running: ['***', 'tasks', 'run', 'copy_tranform_to_mongo', 'waiting_for_data', 'scheduled__2023-04-28T00:00:00+00:00', '--job-id', '852', '--raw', '--subdir', 'DAGS_FOLDER/file_***-mongo.py', '--cfg-path', '/tmp/tmp18uadrm_']
[2023-10-17T11:25:43.412+0000] {standard_task_runner.py:85} INFO - Job 852: Subtask waiting_for_data
[2023-10-17T11:25:43.459+0000] {task_command.py:416} INFO - Running <TaskInstance: copy_tranform_to_mongo.waiting_for_data scheduled__2023-04-28T00:00:00+00:00 [running]> on host 238c1d4ff767
[2023-10-17T11:25:43.534+0000] {taskinstance.py:1662} INFO - Exporting env vars: AIRFLOW_CTX_DAG_OWNER='***' AIRFLOW_CTX_DAG_ID='copy_tranform_to_mongo' AIRFLOW_CTX_TASK_ID='waiting_for_data' AIRFLOW_CTX_EXECUTION_DATE='2023-04-28T00:00:00+00:00' AIRFLOW_CTX_TRY_NUMBER='1' AIRFLOW_CTX_DAG_RUN_ID='scheduled__2023-04-28T00:00:00+00:00'
[2023-10-17T11:25:43.542+0000] {base.py:73} INFO - Using connection ID 'fs_default' for task execution.
[2023-10-17T11:25:43.543+0000] {filesystem.py:64} INFO - Poking for file /opt/in/tiktok_google_play_reviews.csv
[2023-10-17T11:25:43.543+0000] {filesystem.py:69} INFO - Found File /opt/in/tiktok_google_play_reviews.csv last modified: 20220405221612
[2023-10-17T11:25:43.543+0000] {base.py:287} INFO - Success criteria met. Exiting.
[2023-10-17T11:25:43.551+0000] {taskinstance.py:1400} INFO - Marking task as SUCCESS. dag_id=copy_tranform_to_mongo, task_id=waiting_for_data, execution_date=20230428T000000, start_date=20231017T112543, end_date=20231017T112543
[2023-10-17T11:25:43.584+0000] {local_task_job_runner.py:228} INFO - Task exited with return code 0
[2023-10-17T11:25:43.600+0000] {taskinstance.py:2778} INFO - 0 downstream tasks scheduled from follow-on schedule check
[2023-10-18T11:51:09.883+0000] {taskinstance.py:1159} INFO - Dependencies all met for dep_context=non-requeueable deps ti=<TaskInstance: copy_tranform_to_mongo.waiting_for_data scheduled__2023-04-28T00:00:00+00:00 [queued]>
[2023-10-18T11:51:09.895+0000] {taskinstance.py:1159} INFO - Dependencies all met for dep_context=requeueable deps ti=<TaskInstance: copy_tranform_to_mongo.waiting_for_data scheduled__2023-04-28T00:00:00+00:00 [queued]>
[2023-10-18T11:51:09.895+0000] {taskinstance.py:1361} INFO - Starting attempt 1 of 1
[2023-10-18T11:51:09.912+0000] {taskinstance.py:1382} INFO - Executing <Task(FileSensor): waiting_for_data> on 2023-04-28 00:00:00+00:00
[2023-10-18T11:51:09.918+0000] {standard_task_runner.py:57} INFO - Started process 3965 to run task
[2023-10-18T11:51:09.921+0000] {standard_task_runner.py:84} INFO - Running: ['***', 'tasks', 'run', 'copy_tranform_to_mongo', 'waiting_for_data', 'scheduled__2023-04-28T00:00:00+00:00', '--job-id', '1659', '--raw', '--subdir', 'DAGS_FOLDER/file_***-mongo.py', '--cfg-path', '/tmp/tmpsea_fbzf']
[2023-10-18T11:51:09.923+0000] {standard_task_runner.py:85} INFO - Job 1659: Subtask waiting_for_data
[2023-10-18T11:51:09.978+0000] {task_command.py:416} INFO - Running <TaskInstance: copy_tranform_to_mongo.waiting_for_data scheduled__2023-04-28T00:00:00+00:00 [running]> on host 0e68aa52dfc7
[2023-10-18T11:51:10.062+0000] {taskinstance.py:1662} INFO - Exporting env vars: AIRFLOW_CTX_DAG_OWNER='***' AIRFLOW_CTX_DAG_ID='copy_tranform_to_mongo' AIRFLOW_CTX_TASK_ID='waiting_for_data' AIRFLOW_CTX_EXECUTION_DATE='2023-04-28T00:00:00+00:00' AIRFLOW_CTX_TRY_NUMBER='1' AIRFLOW_CTX_DAG_RUN_ID='scheduled__2023-04-28T00:00:00+00:00'
[2023-10-18T11:51:10.072+0000] {base.py:73} INFO - Using connection ID 'fs_default' for task execution.
[2023-10-18T11:51:10.073+0000] {filesystem.py:64} INFO - Poking for file /opt/in/tiktok_google_play_reviews.csv
[2023-10-18T11:51:10.073+0000] {filesystem.py:69} INFO - Found File /opt/in/tiktok_google_play_reviews.csv last modified: 20220405221612
[2023-10-18T11:51:10.073+0000] {base.py:287} INFO - Success criteria met. Exiting.
[2023-10-18T11:51:10.085+0000] {taskinstance.py:1400} INFO - Marking task as SUCCESS. dag_id=copy_tranform_to_mongo, task_id=waiting_for_data, execution_date=20230428T000000, start_date=20231018T115109, end_date=20231018T115110
[2023-10-18T11:51:10.135+0000] {local_task_job_runner.py:228} INFO - Task exited with return code 0
[2023-10-18T11:51:10.170+0000] {taskinstance.py:2778} INFO - 0 downstream tasks scheduled from follow-on schedule check
