[2023-10-17T11:26:11.832+0000] {taskinstance.py:1159} INFO - Dependencies all met for dep_context=non-requeueable deps ti=<TaskInstance: copy_tranform_to_mongo.waiting_for_data scheduled__2023-06-05T00:00:00+00:00 [queued]>
[2023-10-17T11:26:11.837+0000] {taskinstance.py:1159} INFO - Dependencies all met for dep_context=requeueable deps ti=<TaskInstance: copy_tranform_to_mongo.waiting_for_data scheduled__2023-06-05T00:00:00+00:00 [queued]>
[2023-10-17T11:26:11.838+0000] {taskinstance.py:1361} INFO - Starting attempt 1 of 1
[2023-10-17T11:26:11.848+0000] {taskinstance.py:1382} INFO - Executing <Task(FileSensor): waiting_for_data> on 2023-06-05 00:00:00+00:00
[2023-10-17T11:26:11.853+0000] {standard_task_runner.py:57} INFO - Started process 2306 to run task
[2023-10-17T11:26:11.855+0000] {standard_task_runner.py:84} INFO - Running: ['***', 'tasks', 'run', 'copy_tranform_to_mongo', 'waiting_for_data', 'scheduled__2023-06-05T00:00:00+00:00', '--job-id', '890', '--raw', '--subdir', 'DAGS_FOLDER/file_***-mongo.py', '--cfg-path', '/tmp/tmpxiqa9bhz']
[2023-10-17T11:26:11.856+0000] {standard_task_runner.py:85} INFO - Job 890: Subtask waiting_for_data
[2023-10-17T11:26:11.896+0000] {task_command.py:416} INFO - Running <TaskInstance: copy_tranform_to_mongo.waiting_for_data scheduled__2023-06-05T00:00:00+00:00 [running]> on host 238c1d4ff767
[2023-10-17T11:26:11.954+0000] {taskinstance.py:1662} INFO - Exporting env vars: AIRFLOW_CTX_DAG_OWNER='***' AIRFLOW_CTX_DAG_ID='copy_tranform_to_mongo' AIRFLOW_CTX_TASK_ID='waiting_for_data' AIRFLOW_CTX_EXECUTION_DATE='2023-06-05T00:00:00+00:00' AIRFLOW_CTX_TRY_NUMBER='1' AIRFLOW_CTX_DAG_RUN_ID='scheduled__2023-06-05T00:00:00+00:00'
[2023-10-17T11:26:11.961+0000] {base.py:73} INFO - Using connection ID 'fs_default' for task execution.
[2023-10-17T11:26:11.961+0000] {filesystem.py:64} INFO - Poking for file /opt/in/tiktok_google_play_reviews.csv
[2023-10-17T11:26:11.961+0000] {filesystem.py:69} INFO - Found File /opt/in/tiktok_google_play_reviews.csv last modified: 20220405221612
[2023-10-17T11:26:11.961+0000] {base.py:287} INFO - Success criteria met. Exiting.
[2023-10-17T11:26:11.967+0000] {taskinstance.py:1400} INFO - Marking task as SUCCESS. dag_id=copy_tranform_to_mongo, task_id=waiting_for_data, execution_date=20230605T000000, start_date=20231017T112611, end_date=20231017T112611
[2023-10-17T11:26:11.987+0000] {local_task_job_runner.py:228} INFO - Task exited with return code 0
[2023-10-17T11:26:12.002+0000] {taskinstance.py:2778} INFO - 0 downstream tasks scheduled from follow-on schedule check
[2023-10-18T11:51:32.731+0000] {taskinstance.py:1159} INFO - Dependencies all met for dep_context=non-requeueable deps ti=<TaskInstance: copy_tranform_to_mongo.waiting_for_data scheduled__2023-06-05T00:00:00+00:00 [queued]>
[2023-10-18T11:51:32.738+0000] {taskinstance.py:1159} INFO - Dependencies all met for dep_context=requeueable deps ti=<TaskInstance: copy_tranform_to_mongo.waiting_for_data scheduled__2023-06-05T00:00:00+00:00 [queued]>
[2023-10-18T11:51:32.738+0000] {taskinstance.py:1361} INFO - Starting attempt 1 of 1
[2023-10-18T11:51:32.797+0000] {taskinstance.py:1382} INFO - Executing <Task(FileSensor): waiting_for_data> on 2023-06-05 00:00:00+00:00
[2023-10-18T11:51:32.803+0000] {standard_task_runner.py:57} INFO - Started process 4121 to run task
[2023-10-18T11:51:32.806+0000] {standard_task_runner.py:84} INFO - Running: ['***', 'tasks', 'run', 'copy_tranform_to_mongo', 'waiting_for_data', 'scheduled__2023-06-05T00:00:00+00:00', '--job-id', '1734', '--raw', '--subdir', 'DAGS_FOLDER/file_***-mongo.py', '--cfg-path', '/tmp/tmp94xirrlv']
[2023-10-18T11:51:32.807+0000] {standard_task_runner.py:85} INFO - Job 1734: Subtask waiting_for_data
[2023-10-18T11:51:32.852+0000] {task_command.py:416} INFO - Running <TaskInstance: copy_tranform_to_mongo.waiting_for_data scheduled__2023-06-05T00:00:00+00:00 [running]> on host 0e68aa52dfc7
[2023-10-18T11:51:32.929+0000] {taskinstance.py:1662} INFO - Exporting env vars: AIRFLOW_CTX_DAG_OWNER='***' AIRFLOW_CTX_DAG_ID='copy_tranform_to_mongo' AIRFLOW_CTX_TASK_ID='waiting_for_data' AIRFLOW_CTX_EXECUTION_DATE='2023-06-05T00:00:00+00:00' AIRFLOW_CTX_TRY_NUMBER='1' AIRFLOW_CTX_DAG_RUN_ID='scheduled__2023-06-05T00:00:00+00:00'
[2023-10-18T11:51:32.939+0000] {base.py:73} INFO - Using connection ID 'fs_default' for task execution.
[2023-10-18T11:51:32.939+0000] {filesystem.py:64} INFO - Poking for file /opt/in/tiktok_google_play_reviews.csv
[2023-10-18T11:51:32.940+0000] {filesystem.py:69} INFO - Found File /opt/in/tiktok_google_play_reviews.csv last modified: 20220405221612
[2023-10-18T11:51:32.940+0000] {base.py:287} INFO - Success criteria met. Exiting.
[2023-10-18T11:51:32.948+0000] {taskinstance.py:1400} INFO - Marking task as SUCCESS. dag_id=copy_tranform_to_mongo, task_id=waiting_for_data, execution_date=20230605T000000, start_date=20231018T115132, end_date=20231018T115132
[2023-10-18T11:51:32.979+0000] {local_task_job_runner.py:228} INFO - Task exited with return code 0
[2023-10-18T11:51:33.022+0000] {taskinstance.py:2778} INFO - 0 downstream tasks scheduled from follow-on schedule check
