[2023-10-17T11:20:03.983+0000] {taskinstance.py:1159} INFO - Dependencies all met for dep_context=non-requeueable deps ti=<TaskInstance: copy_tranform_to_mongo.waiting_for_data scheduled__2021-07-21T00:00:00+00:00 [queued]>
[2023-10-17T11:20:03.990+0000] {taskinstance.py:1159} INFO - Dependencies all met for dep_context=requeueable deps ti=<TaskInstance: copy_tranform_to_mongo.waiting_for_data scheduled__2021-07-21T00:00:00+00:00 [queued]>
[2023-10-17T11:20:03.990+0000] {taskinstance.py:1361} INFO - Starting attempt 1 of 1
[2023-10-17T11:20:04.002+0000] {taskinstance.py:1382} INFO - Executing <Task(FileSensor): waiting_for_data> on 2021-07-21 00:00:00+00:00
[2023-10-17T11:20:04.007+0000] {standard_task_runner.py:57} INFO - Started process 844 to run task
[2023-10-17T11:20:04.009+0000] {standard_task_runner.py:84} INFO - Running: ['***', 'tasks', 'run', 'copy_tranform_to_mongo', 'waiting_for_data', 'scheduled__2021-07-21T00:00:00+00:00', '--job-id', '206', '--raw', '--subdir', 'DAGS_FOLDER/file_***-mongo.py', '--cfg-path', '/tmp/tmp61_idf8h']
[2023-10-17T11:20:04.010+0000] {standard_task_runner.py:85} INFO - Job 206: Subtask waiting_for_data
[2023-10-17T11:20:04.052+0000] {task_command.py:416} INFO - Running <TaskInstance: copy_tranform_to_mongo.waiting_for_data scheduled__2021-07-21T00:00:00+00:00 [running]> on host 238c1d4ff767
[2023-10-17T11:20:04.117+0000] {taskinstance.py:1662} INFO - Exporting env vars: AIRFLOW_CTX_DAG_OWNER='***' AIRFLOW_CTX_DAG_ID='copy_tranform_to_mongo' AIRFLOW_CTX_TASK_ID='waiting_for_data' AIRFLOW_CTX_EXECUTION_DATE='2021-07-21T00:00:00+00:00' AIRFLOW_CTX_TRY_NUMBER='1' AIRFLOW_CTX_DAG_RUN_ID='scheduled__2021-07-21T00:00:00+00:00'
[2023-10-17T11:20:04.124+0000] {base.py:73} INFO - Using connection ID 'fs_default' for task execution.
[2023-10-17T11:20:04.124+0000] {filesystem.py:64} INFO - Poking for file /opt/in/tiktok_google_play_reviews.csv
[2023-10-17T11:20:04.124+0000] {filesystem.py:69} INFO - Found File /opt/in/tiktok_google_play_reviews.csv last modified: 20220405221612
[2023-10-17T11:20:04.124+0000] {base.py:287} INFO - Success criteria met. Exiting.
[2023-10-17T11:20:04.133+0000] {taskinstance.py:1400} INFO - Marking task as SUCCESS. dag_id=copy_tranform_to_mongo, task_id=waiting_for_data, execution_date=20210721T000000, start_date=20231017T112003, end_date=20231017T112004
[2023-10-17T11:20:04.182+0000] {local_task_job_runner.py:228} INFO - Task exited with return code 0
[2023-10-17T11:20:04.204+0000] {taskinstance.py:2778} INFO - 0 downstream tasks scheduled from follow-on schedule check
[2023-10-18T10:43:49.770+0000] {taskinstance.py:1159} INFO - Dependencies all met for dep_context=non-requeueable deps ti=<TaskInstance: copy_tranform_to_mongo.waiting_for_data scheduled__2021-07-21T00:00:00+00:00 [queued]>
[2023-10-18T10:43:49.783+0000] {taskinstance.py:1159} INFO - Dependencies all met for dep_context=requeueable deps ti=<TaskInstance: copy_tranform_to_mongo.waiting_for_data scheduled__2021-07-21T00:00:00+00:00 [queued]>
[2023-10-18T10:43:49.783+0000] {taskinstance.py:1361} INFO - Starting attempt 1 of 1
[2023-10-18T10:43:49.851+0000] {taskinstance.py:1382} INFO - Executing <Task(FileSensor): waiting_for_data> on 2021-07-21 00:00:00+00:00
[2023-10-18T10:43:49.857+0000] {standard_task_runner.py:57} INFO - Started process 1816 to run task
[2023-10-18T10:43:49.860+0000] {standard_task_runner.py:84} INFO - Running: ['***', 'tasks', 'run', 'copy_tranform_to_mongo', 'waiting_for_data', 'scheduled__2021-07-21T00:00:00+00:00', '--job-id', '205', '--raw', '--subdir', 'DAGS_FOLDER/file_***-mongo.py', '--cfg-path', '/tmp/tmp8_pct5t2']
[2023-10-18T10:43:49.861+0000] {standard_task_runner.py:85} INFO - Job 205: Subtask waiting_for_data
[2023-10-18T10:43:49.914+0000] {task_command.py:416} INFO - Running <TaskInstance: copy_tranform_to_mongo.waiting_for_data scheduled__2021-07-21T00:00:00+00:00 [running]> on host 2473b23ba069
[2023-10-18T10:43:49.987+0000] {taskinstance.py:1662} INFO - Exporting env vars: AIRFLOW_CTX_DAG_OWNER='***' AIRFLOW_CTX_DAG_ID='copy_tranform_to_mongo' AIRFLOW_CTX_TASK_ID='waiting_for_data' AIRFLOW_CTX_EXECUTION_DATE='2021-07-21T00:00:00+00:00' AIRFLOW_CTX_TRY_NUMBER='1' AIRFLOW_CTX_DAG_RUN_ID='scheduled__2021-07-21T00:00:00+00:00'
[2023-10-18T10:43:50.005+0000] {taskinstance.py:1937} ERROR - Task failed with exception
Traceback (most recent call last):
  File "/home/airflow/.local/lib/python3.8/site-packages/airflow/sensors/base.py", line 257, in execute
    raise e
  File "/home/airflow/.local/lib/python3.8/site-packages/airflow/sensors/base.py", line 239, in execute
    poke_return = self.poke(context)
  File "/home/airflow/.local/lib/python3.8/site-packages/airflow/sensors/filesystem.py", line 61, in poke
    hook = FSHook(self.fs_conn_id)
  File "/home/airflow/.local/lib/python3.8/site-packages/airflow/hooks/filesystem.py", line 38, in __init__
    conn = self.get_connection(conn_id)
  File "/home/airflow/.local/lib/python3.8/site-packages/airflow/hooks/base.py", line 72, in get_connection
    conn = Connection.get_connection_from_secrets(conn_id)
  File "/home/airflow/.local/lib/python3.8/site-packages/airflow/models/connection.py", line 477, in get_connection_from_secrets
    raise AirflowNotFoundException(f"The conn_id `{conn_id}` isn't defined")
airflow.exceptions.AirflowNotFoundException: The conn_id `fs_default` isn't defined
[2023-10-18T10:43:50.008+0000] {taskinstance.py:1400} INFO - Marking task as FAILED. dag_id=copy_tranform_to_mongo, task_id=waiting_for_data, execution_date=20210721T000000, start_date=20231018T104349, end_date=20231018T104350
[2023-10-18T10:43:50.021+0000] {standard_task_runner.py:104} ERROR - Failed to execute job 205 for task waiting_for_data (The conn_id `fs_default` isn't defined; 1816)
[2023-10-18T10:43:50.035+0000] {local_task_job_runner.py:228} INFO - Task exited with return code 1
[2023-10-18T10:43:50.065+0000] {taskinstance.py:2778} INFO - 0 downstream tasks scheduled from follow-on schedule check
[2023-10-18T11:44:17.086+0000] {taskinstance.py:1159} INFO - Dependencies all met for dep_context=non-requeueable deps ti=<TaskInstance: copy_tranform_to_mongo.waiting_for_data scheduled__2021-07-21T00:00:00+00:00 [queued]>
[2023-10-18T11:44:17.101+0000] {taskinstance.py:1159} INFO - Dependencies all met for dep_context=requeueable deps ti=<TaskInstance: copy_tranform_to_mongo.waiting_for_data scheduled__2021-07-21T00:00:00+00:00 [queued]>
[2023-10-18T11:44:17.101+0000] {taskinstance.py:1361} INFO - Starting attempt 1 of 1
[2023-10-18T11:44:17.119+0000] {taskinstance.py:1382} INFO - Executing <Task(FileSensor): waiting_for_data> on 2021-07-21 00:00:00+00:00
[2023-10-18T11:44:17.132+0000] {standard_task_runner.py:57} INFO - Started process 1269 to run task
[2023-10-18T11:44:17.135+0000] {standard_task_runner.py:84} INFO - Running: ['***', 'tasks', 'run', 'copy_tranform_to_mongo', 'waiting_for_data', 'scheduled__2021-07-21T00:00:00+00:00', '--job-id', '363', '--raw', '--subdir', 'DAGS_FOLDER/file_***-mongo.py', '--cfg-path', '/tmp/tmp2re7rlk9']
[2023-10-18T11:44:17.136+0000] {standard_task_runner.py:85} INFO - Job 363: Subtask waiting_for_data
[2023-10-18T11:44:17.200+0000] {task_command.py:416} INFO - Running <TaskInstance: copy_tranform_to_mongo.waiting_for_data scheduled__2021-07-21T00:00:00+00:00 [running]> on host 0e68aa52dfc7
[2023-10-18T11:44:17.302+0000] {taskinstance.py:1662} INFO - Exporting env vars: AIRFLOW_CTX_DAG_OWNER='***' AIRFLOW_CTX_DAG_ID='copy_tranform_to_mongo' AIRFLOW_CTX_TASK_ID='waiting_for_data' AIRFLOW_CTX_EXECUTION_DATE='2021-07-21T00:00:00+00:00' AIRFLOW_CTX_TRY_NUMBER='1' AIRFLOW_CTX_DAG_RUN_ID='scheduled__2021-07-21T00:00:00+00:00'
[2023-10-18T11:44:17.315+0000] {base.py:73} INFO - Using connection ID 'fs_default' for task execution.
[2023-10-18T11:44:17.316+0000] {filesystem.py:64} INFO - Poking for file /opt/in/tiktok_google_play_reviews.csv
[2023-10-18T11:44:17.316+0000] {filesystem.py:69} INFO - Found File /opt/in/tiktok_google_play_reviews.csv last modified: 20220405221612
[2023-10-18T11:44:17.317+0000] {base.py:287} INFO - Success criteria met. Exiting.
[2023-10-18T11:44:17.336+0000] {taskinstance.py:1400} INFO - Marking task as SUCCESS. dag_id=copy_tranform_to_mongo, task_id=waiting_for_data, execution_date=20210721T000000, start_date=20231018T114417, end_date=20231018T114417
[2023-10-18T11:44:17.388+0000] {local_task_job_runner.py:228} INFO - Task exited with return code 0
[2023-10-18T11:44:17.434+0000] {taskinstance.py:2778} INFO - 1 downstream tasks scheduled from follow-on schedule check
