[2023-10-17T11:21:21.621+0000] {taskinstance.py:1159} INFO - Dependencies all met for dep_context=non-requeueable deps ti=<TaskInstance: copy_tranform_to_mongo.waiting_for_data scheduled__2021-12-07T00:00:00+00:00 [queued]>
[2023-10-17T11:21:21.627+0000] {taskinstance.py:1159} INFO - Dependencies all met for dep_context=requeueable deps ti=<TaskInstance: copy_tranform_to_mongo.waiting_for_data scheduled__2021-12-07T00:00:00+00:00 [queued]>
[2023-10-17T11:21:21.627+0000] {taskinstance.py:1361} INFO - Starting attempt 1 of 1
[2023-10-17T11:21:21.636+0000] {taskinstance.py:1382} INFO - Executing <Task(FileSensor): waiting_for_data> on 2021-12-07 00:00:00+00:00
[2023-10-17T11:21:21.640+0000] {standard_task_runner.py:57} INFO - Started process 1137 to run task
[2023-10-17T11:21:21.643+0000] {standard_task_runner.py:84} INFO - Running: ['***', 'tasks', 'run', 'copy_tranform_to_mongo', 'waiting_for_data', 'scheduled__2021-12-07T00:00:00+00:00', '--job-id', '345', '--raw', '--subdir', 'DAGS_FOLDER/file_***-mongo.py', '--cfg-path', '/tmp/tmp6klw5t2c']
[2023-10-17T11:21:21.644+0000] {standard_task_runner.py:85} INFO - Job 345: Subtask waiting_for_data
[2023-10-17T11:21:21.674+0000] {task_command.py:416} INFO - Running <TaskInstance: copy_tranform_to_mongo.waiting_for_data scheduled__2021-12-07T00:00:00+00:00 [running]> on host 238c1d4ff767
[2023-10-17T11:21:21.729+0000] {taskinstance.py:1662} INFO - Exporting env vars: AIRFLOW_CTX_DAG_OWNER='***' AIRFLOW_CTX_DAG_ID='copy_tranform_to_mongo' AIRFLOW_CTX_TASK_ID='waiting_for_data' AIRFLOW_CTX_EXECUTION_DATE='2021-12-07T00:00:00+00:00' AIRFLOW_CTX_TRY_NUMBER='1' AIRFLOW_CTX_DAG_RUN_ID='scheduled__2021-12-07T00:00:00+00:00'
[2023-10-17T11:21:21.735+0000] {base.py:73} INFO - Using connection ID 'fs_default' for task execution.
[2023-10-17T11:21:21.736+0000] {filesystem.py:64} INFO - Poking for file /opt/in/tiktok_google_play_reviews.csv
[2023-10-17T11:21:21.736+0000] {filesystem.py:69} INFO - Found File /opt/in/tiktok_google_play_reviews.csv last modified: 20220405221612
[2023-10-17T11:21:21.736+0000] {base.py:287} INFO - Success criteria met. Exiting.
[2023-10-17T11:21:21.742+0000] {taskinstance.py:1400} INFO - Marking task as SUCCESS. dag_id=copy_tranform_to_mongo, task_id=waiting_for_data, execution_date=20211207T000000, start_date=20231017T112121, end_date=20231017T112121
[2023-10-17T11:21:21.775+0000] {local_task_job_runner.py:228} INFO - Task exited with return code 0
[2023-10-17T11:21:21.794+0000] {taskinstance.py:2778} INFO - 0 downstream tasks scheduled from follow-on schedule check
[2023-10-18T11:45:36.926+0000] {taskinstance.py:1159} INFO - Dependencies all met for dep_context=non-requeueable deps ti=<TaskInstance: copy_tranform_to_mongo.waiting_for_data scheduled__2021-12-07T00:00:00+00:00 [queued]>
[2023-10-18T11:45:36.937+0000] {taskinstance.py:1159} INFO - Dependencies all met for dep_context=requeueable deps ti=<TaskInstance: copy_tranform_to_mongo.waiting_for_data scheduled__2021-12-07T00:00:00+00:00 [queued]>
[2023-10-18T11:45:36.938+0000] {taskinstance.py:1361} INFO - Starting attempt 1 of 1
[2023-10-18T11:45:36.952+0000] {taskinstance.py:1382} INFO - Executing <Task(FileSensor): waiting_for_data> on 2021-12-07 00:00:00+00:00
[2023-10-18T11:45:36.960+0000] {standard_task_runner.py:57} INFO - Started process 1850 to run task
[2023-10-18T11:45:36.964+0000] {standard_task_runner.py:84} INFO - Running: ['***', 'tasks', 'run', 'copy_tranform_to_mongo', 'waiting_for_data', 'scheduled__2021-12-07T00:00:00+00:00', '--job-id', '641', '--raw', '--subdir', 'DAGS_FOLDER/file_***-mongo.py', '--cfg-path', '/tmp/tmp6fvxmdal']
[2023-10-18T11:45:36.965+0000] {standard_task_runner.py:85} INFO - Job 641: Subtask waiting_for_data
[2023-10-18T11:45:37.011+0000] {task_command.py:416} INFO - Running <TaskInstance: copy_tranform_to_mongo.waiting_for_data scheduled__2021-12-07T00:00:00+00:00 [running]> on host 0e68aa52dfc7
[2023-10-18T11:45:37.084+0000] {taskinstance.py:1662} INFO - Exporting env vars: AIRFLOW_CTX_DAG_OWNER='***' AIRFLOW_CTX_DAG_ID='copy_tranform_to_mongo' AIRFLOW_CTX_TASK_ID='waiting_for_data' AIRFLOW_CTX_EXECUTION_DATE='2021-12-07T00:00:00+00:00' AIRFLOW_CTX_TRY_NUMBER='1' AIRFLOW_CTX_DAG_RUN_ID='scheduled__2021-12-07T00:00:00+00:00'
[2023-10-18T11:45:37.092+0000] {base.py:73} INFO - Using connection ID 'fs_default' for task execution.
[2023-10-18T11:45:37.093+0000] {filesystem.py:64} INFO - Poking for file /opt/in/tiktok_google_play_reviews.csv
[2023-10-18T11:45:37.093+0000] {filesystem.py:69} INFO - Found File /opt/in/tiktok_google_play_reviews.csv last modified: 20220405221612
[2023-10-18T11:45:37.094+0000] {base.py:287} INFO - Success criteria met. Exiting.
[2023-10-18T11:45:37.104+0000] {taskinstance.py:1400} INFO - Marking task as SUCCESS. dag_id=copy_tranform_to_mongo, task_id=waiting_for_data, execution_date=20211207T000000, start_date=20231018T114536, end_date=20231018T114537
[2023-10-18T11:45:37.137+0000] {local_task_job_runner.py:228} INFO - Task exited with return code 0
[2023-10-18T11:45:37.172+0000] {taskinstance.py:2778} INFO - 1 downstream tasks scheduled from follow-on schedule check
