[2023-10-17T11:24:35.559+0000] {taskinstance.py:1159} INFO - Dependencies all met for dep_context=non-requeueable deps ti=<TaskInstance: copy_tranform_to_mongo.waiting_for_data scheduled__2022-11-25T00:00:00+00:00 [queued]>
[2023-10-17T11:24:35.565+0000] {taskinstance.py:1159} INFO - Dependencies all met for dep_context=requeueable deps ti=<TaskInstance: copy_tranform_to_mongo.waiting_for_data scheduled__2022-11-25T00:00:00+00:00 [queued]>
[2023-10-17T11:24:35.565+0000] {taskinstance.py:1361} INFO - Starting attempt 1 of 1
[2023-10-17T11:24:35.573+0000] {taskinstance.py:1382} INFO - Executing <Task(FileSensor): waiting_for_data> on 2022-11-25 00:00:00+00:00
[2023-10-17T11:24:35.577+0000] {standard_task_runner.py:57} INFO - Started process 1898 to run task
[2023-10-17T11:24:35.579+0000] {standard_task_runner.py:84} INFO - Running: ['***', 'tasks', 'run', 'copy_tranform_to_mongo', 'waiting_for_data', 'scheduled__2022-11-25T00:00:00+00:00', '--job-id', '698', '--raw', '--subdir', 'DAGS_FOLDER/file_***-mongo.py', '--cfg-path', '/tmp/tmph6dskjkj']
[2023-10-17T11:24:35.580+0000] {standard_task_runner.py:85} INFO - Job 698: Subtask waiting_for_data
[2023-10-17T11:24:35.615+0000] {task_command.py:416} INFO - Running <TaskInstance: copy_tranform_to_mongo.waiting_for_data scheduled__2022-11-25T00:00:00+00:00 [running]> on host 238c1d4ff767
[2023-10-17T11:24:35.664+0000] {taskinstance.py:1662} INFO - Exporting env vars: AIRFLOW_CTX_DAG_OWNER='***' AIRFLOW_CTX_DAG_ID='copy_tranform_to_mongo' AIRFLOW_CTX_TASK_ID='waiting_for_data' AIRFLOW_CTX_EXECUTION_DATE='2022-11-25T00:00:00+00:00' AIRFLOW_CTX_TRY_NUMBER='1' AIRFLOW_CTX_DAG_RUN_ID='scheduled__2022-11-25T00:00:00+00:00'
[2023-10-17T11:24:35.670+0000] {base.py:73} INFO - Using connection ID 'fs_default' for task execution.
[2023-10-17T11:24:35.670+0000] {filesystem.py:64} INFO - Poking for file /opt/in/tiktok_google_play_reviews.csv
[2023-10-17T11:24:35.671+0000] {filesystem.py:69} INFO - Found File /opt/in/tiktok_google_play_reviews.csv last modified: 20220405221612
[2023-10-17T11:24:35.671+0000] {base.py:287} INFO - Success criteria met. Exiting.
[2023-10-17T11:24:35.676+0000] {taskinstance.py:1400} INFO - Marking task as SUCCESS. dag_id=copy_tranform_to_mongo, task_id=waiting_for_data, execution_date=20221125T000000, start_date=20231017T112435, end_date=20231017T112435
[2023-10-17T11:24:35.711+0000] {local_task_job_runner.py:228} INFO - Task exited with return code 0
[2023-10-17T11:24:35.734+0000] {taskinstance.py:2778} INFO - 0 downstream tasks scheduled from follow-on schedule check
[2023-10-18T11:49:16.625+0000] {taskinstance.py:1159} INFO - Dependencies all met for dep_context=non-requeueable deps ti=<TaskInstance: copy_tranform_to_mongo.waiting_for_data scheduled__2022-11-25T00:00:00+00:00 [queued]>
[2023-10-18T11:49:16.638+0000] {taskinstance.py:1159} INFO - Dependencies all met for dep_context=requeueable deps ti=<TaskInstance: copy_tranform_to_mongo.waiting_for_data scheduled__2022-11-25T00:00:00+00:00 [queued]>
[2023-10-18T11:49:16.639+0000] {taskinstance.py:1361} INFO - Starting attempt 1 of 1
[2023-10-18T11:49:16.656+0000] {taskinstance.py:1382} INFO - Executing <Task(FileSensor): waiting_for_data> on 2022-11-25 00:00:00+00:00
[2023-10-18T11:49:16.662+0000] {standard_task_runner.py:57} INFO - Started process 3322 to run task
[2023-10-18T11:49:16.664+0000] {standard_task_runner.py:84} INFO - Running: ['***', 'tasks', 'run', 'copy_tranform_to_mongo', 'waiting_for_data', 'scheduled__2022-11-25T00:00:00+00:00', '--job-id', '1350', '--raw', '--subdir', 'DAGS_FOLDER/file_***-mongo.py', '--cfg-path', '/tmp/tmptbjtjj8s']
[2023-10-18T11:49:16.666+0000] {standard_task_runner.py:85} INFO - Job 1350: Subtask waiting_for_data
[2023-10-18T11:49:16.709+0000] {task_command.py:416} INFO - Running <TaskInstance: copy_tranform_to_mongo.waiting_for_data scheduled__2022-11-25T00:00:00+00:00 [running]> on host 0e68aa52dfc7
[2023-10-18T11:49:16.795+0000] {taskinstance.py:1662} INFO - Exporting env vars: AIRFLOW_CTX_DAG_OWNER='***' AIRFLOW_CTX_DAG_ID='copy_tranform_to_mongo' AIRFLOW_CTX_TASK_ID='waiting_for_data' AIRFLOW_CTX_EXECUTION_DATE='2022-11-25T00:00:00+00:00' AIRFLOW_CTX_TRY_NUMBER='1' AIRFLOW_CTX_DAG_RUN_ID='scheduled__2022-11-25T00:00:00+00:00'
[2023-10-18T11:49:16.806+0000] {base.py:73} INFO - Using connection ID 'fs_default' for task execution.
[2023-10-18T11:49:16.807+0000] {filesystem.py:64} INFO - Poking for file /opt/in/tiktok_google_play_reviews.csv
[2023-10-18T11:49:16.807+0000] {filesystem.py:69} INFO - Found File /opt/in/tiktok_google_play_reviews.csv last modified: 20220405221612
[2023-10-18T11:49:16.807+0000] {base.py:287} INFO - Success criteria met. Exiting.
[2023-10-18T11:49:16.819+0000] {taskinstance.py:1400} INFO - Marking task as SUCCESS. dag_id=copy_tranform_to_mongo, task_id=waiting_for_data, execution_date=20221125T000000, start_date=20231018T114916, end_date=20231018T114916
[2023-10-18T11:49:16.878+0000] {local_task_job_runner.py:228} INFO - Task exited with return code 0
[2023-10-18T11:49:16.896+0000] {taskinstance.py:2778} INFO - 0 downstream tasks scheduled from follow-on schedule check
