[2023-10-19T13:04:50.581+0000] {taskinstance.py:1159} INFO - Dependencies all met for dep_context=non-requeueable deps ti=<TaskInstance: copy_tranform_to_mongo.transform_data_by_pandas scheduled__2021-01-23T00:00:00+00:00 [queued]>
[2023-10-19T13:04:50.613+0000] {taskinstance.py:1159} INFO - Dependencies all met for dep_context=requeueable deps ti=<TaskInstance: copy_tranform_to_mongo.transform_data_by_pandas scheduled__2021-01-23T00:00:00+00:00 [queued]>
[2023-10-19T13:04:50.613+0000] {taskinstance.py:1361} INFO - Starting attempt 1 of 1
[2023-10-19T13:04:50.649+0000] {taskinstance.py:1382} INFO - Executing <Task(DockerOperator): transform_data_by_pandas> on 2021-01-23 00:00:00+00:00
[2023-10-19T13:04:50.667+0000] {standard_task_runner.py:57} INFO - Started process 269 to run task
[2023-10-19T13:04:50.671+0000] {standard_task_runner.py:84} INFO - Running: ['***', 'tasks', 'run', 'copy_tranform_to_mongo', 'transform_data_by_pandas', 'scheduled__2021-01-23T00:00:00+00:00', '--job-id', '70', '--raw', '--subdir', 'DAGS_FOLDER/file_***-mongo.py', '--cfg-path', '/tmp/tmpxnf6mmco']
[2023-10-19T13:04:50.673+0000] {standard_task_runner.py:85} INFO - Job 70: Subtask transform_data_by_pandas
[2023-10-19T13:04:50.756+0000] {task_command.py:416} INFO - Running <TaskInstance: copy_tranform_to_mongo.transform_data_by_pandas scheduled__2021-01-23T00:00:00+00:00 [running]> on host f2b9ba520501
[2023-10-19T13:04:51.016+0000] {taskinstance.py:1662} INFO - Exporting env vars: AIRFLOW_CTX_DAG_OWNER='***' AIRFLOW_CTX_DAG_ID='copy_tranform_to_mongo' AIRFLOW_CTX_TASK_ID='transform_data_by_pandas' AIRFLOW_CTX_EXECUTION_DATE='2021-01-23T00:00:00+00:00' AIRFLOW_CTX_TRY_NUMBER='1' AIRFLOW_CTX_DAG_RUN_ID='scheduled__2021-01-23T00:00:00+00:00'
[2023-10-19T13:04:51.054+0000] {docker.py:337} INFO - Starting docker container from image python/pandas:1.0.0
[2023-10-19T13:04:52.153+0000] {docker.py:406} INFO - Input Notebook:  /opt/pandasapp/notebooks/tiktok_google_reviews.ipynb
Output Notebook: /opt/pandasapp/notebooks/tiktok_google_reviews.ipynb
[2023-10-19T13:04:52.231+0000] {docker.py:406} INFO - Executing:   0%|          | 0/27 [00:00<?, ?cell/s]
[2023-10-19T13:04:53.910+0000] {docker.py:406} INFO - Executing notebook with kernel: python3
[2023-10-19T13:04:53.937+0000] {docker.py:406} INFO - Executing:   4%|▎         | 1/27 [00:01<00:44,  1.71s/cell]
[2023-10-19T13:04:54.051+0000] {docker.py:406} INFO - Executing:  11%|█         | 3/27 [00:01<00:11,  2.06cell/s]
[2023-10-19T13:04:56.489+0000] {docker.py:406} INFO - Executing:  19%|█▊        | 5/27 [00:04<00:18,  1.16cell/s]
[2023-10-19T13:05:02.572+0000] {docker.py:406} INFO - Executing:  22%|██▏       | 6/27 [00:10<00:47,  2.26s/cell]
[2023-10-19T13:05:02.744+0000] {docker.py:406} INFO - Executing:  33%|███▎      | 9/27 [00:10<00:19,  1.08s/cell]
[2023-10-19T13:05:02.858+0000] {docker.py:406} INFO - Executing:  41%|████      | 11/27 [00:10<00:11,  1.36cell/s]
[2023-10-19T13:05:03.456+0000] {docker.py:406} INFO - Executing:  48%|████▊     | 13/27 [00:11<00:08,  1.68cell/s]
[2023-10-19T13:05:03.589+0000] {docker.py:406} INFO - Executing:  56%|█████▌    | 15/27 [00:11<00:05,  2.34cell/s]
[2023-10-19T13:05:05.879+0000] {docker.py:406} INFO - Executing:  63%|██████▎   | 17/27 [00:13<00:06,  1.54cell/s]
[2023-10-19T13:05:06.149+0000] {docker.py:406} INFO - Executing:  70%|███████   | 19/27 [00:13<00:03,  2.03cell/s]
[2023-10-19T13:05:07.145+0000] {docker.py:406} INFO - Executing:  74%|███████▍  | 20/27 [00:14<00:04,  1.73cell/s]
[2023-10-19T13:05:07.928+0000] {docker.py:406} INFO - Executing:  78%|███████▊  | 21/27 [00:15<00:03,  1.60cell/s]
[2023-10-19T13:05:08.790+0000] {docker.py:406} INFO - Executing:  81%|████████▏ | 22/27 [00:16<00:03,  1.47cell/s]
[2023-10-19T13:05:09.625+0000] {docker.py:406} INFO - Executing:  85%|████████▌ | 23/27 [00:17<00:02,  1.40cell/s]
[2023-10-19T13:05:09.909+0000] {docker.py:406} INFO - Executing:  93%|█████████▎| 25/27 [00:17<00:00,  2.08cell/s]
[2023-10-19T13:05:12.671+0000] {docker.py:406} INFO - Executing:  96%|█████████▋| 26/27 [00:20<00:00,  1.00cell/s]
[2023-10-19T13:05:14.447+0000] {docker.py:406} INFO - Executing: 100%|██████████| 27/27 [00:22<00:00,  1.22cell/s]
[2023-10-19T13:05:15.386+0000] {taskinstance.py:1400} INFO - Marking task as SUCCESS. dag_id=copy_tranform_to_mongo, task_id=transform_data_by_pandas, execution_date=20210123T000000, start_date=20231019T130450, end_date=20231019T130515
[2023-10-19T13:05:15.449+0000] {local_task_job_runner.py:228} INFO - Task exited with return code 0
[2023-10-19T13:05:15.492+0000] {taskinstance.py:2778} INFO - 1 downstream tasks scheduled from follow-on schedule check
