[2023-10-17T11:26:38.435+0000] {taskinstance.py:1159} INFO - Dependencies all met for dep_context=non-requeueable deps ti=<TaskInstance: copy_tranform_to_mongo.waiting_for_data scheduled__2023-07-04T00:00:00+00:00 [queued]>
[2023-10-17T11:26:38.445+0000] {taskinstance.py:1159} INFO - Dependencies all met for dep_context=requeueable deps ti=<TaskInstance: copy_tranform_to_mongo.waiting_for_data scheduled__2023-07-04T00:00:00+00:00 [queued]>
[2023-10-17T11:26:38.445+0000] {taskinstance.py:1361} INFO - Starting attempt 1 of 1
[2023-10-17T11:26:38.455+0000] {taskinstance.py:1382} INFO - Executing <Task(FileSensor): waiting_for_data> on 2023-07-04 00:00:00+00:00
[2023-10-17T11:26:38.460+0000] {standard_task_runner.py:57} INFO - Started process 2364 to run task
[2023-10-17T11:26:38.462+0000] {standard_task_runner.py:84} INFO - Running: ['***', 'tasks', 'run', 'copy_tranform_to_mongo', 'waiting_for_data', 'scheduled__2023-07-04T00:00:00+00:00', '--job-id', '919', '--raw', '--subdir', 'DAGS_FOLDER/file_***-mongo.py', '--cfg-path', '/tmp/tmpvcxortfp']
[2023-10-17T11:26:38.463+0000] {standard_task_runner.py:85} INFO - Job 919: Subtask waiting_for_data
[2023-10-17T11:26:38.499+0000] {task_command.py:416} INFO - Running <TaskInstance: copy_tranform_to_mongo.waiting_for_data scheduled__2023-07-04T00:00:00+00:00 [running]> on host 238c1d4ff767
[2023-10-17T11:26:38.552+0000] {taskinstance.py:1662} INFO - Exporting env vars: AIRFLOW_CTX_DAG_OWNER='***' AIRFLOW_CTX_DAG_ID='copy_tranform_to_mongo' AIRFLOW_CTX_TASK_ID='waiting_for_data' AIRFLOW_CTX_EXECUTION_DATE='2023-07-04T00:00:00+00:00' AIRFLOW_CTX_TRY_NUMBER='1' AIRFLOW_CTX_DAG_RUN_ID='scheduled__2023-07-04T00:00:00+00:00'
[2023-10-17T11:26:38.560+0000] {base.py:73} INFO - Using connection ID 'fs_default' for task execution.
[2023-10-17T11:26:38.560+0000] {filesystem.py:64} INFO - Poking for file /opt/in/tiktok_google_play_reviews.csv
[2023-10-17T11:26:38.560+0000] {filesystem.py:69} INFO - Found File /opt/in/tiktok_google_play_reviews.csv last modified: 20220405221612
[2023-10-17T11:26:38.560+0000] {base.py:287} INFO - Success criteria met. Exiting.
[2023-10-17T11:26:38.566+0000] {taskinstance.py:1400} INFO - Marking task as SUCCESS. dag_id=copy_tranform_to_mongo, task_id=waiting_for_data, execution_date=20230704T000000, start_date=20231017T112638, end_date=20231017T112638
[2023-10-17T11:26:38.594+0000] {local_task_job_runner.py:228} INFO - Task exited with return code 0
[2023-10-17T11:26:38.614+0000] {taskinstance.py:2778} INFO - 0 downstream tasks scheduled from follow-on schedule check
[2023-10-18T11:51:50.321+0000] {taskinstance.py:1159} INFO - Dependencies all met for dep_context=non-requeueable deps ti=<TaskInstance: copy_tranform_to_mongo.waiting_for_data scheduled__2023-07-04T00:00:00+00:00 [queued]>
[2023-10-18T11:51:50.343+0000] {taskinstance.py:1159} INFO - Dependencies all met for dep_context=requeueable deps ti=<TaskInstance: copy_tranform_to_mongo.waiting_for_data scheduled__2023-07-04T00:00:00+00:00 [queued]>
[2023-10-18T11:51:50.343+0000] {taskinstance.py:1361} INFO - Starting attempt 1 of 1
[2023-10-18T11:51:50.371+0000] {taskinstance.py:1382} INFO - Executing <Task(FileSensor): waiting_for_data> on 2023-07-04 00:00:00+00:00
[2023-10-18T11:51:50.382+0000] {standard_task_runner.py:57} INFO - Started process 4245 to run task
[2023-10-18T11:51:50.393+0000] {standard_task_runner.py:84} INFO - Running: ['***', 'tasks', 'run', 'copy_tranform_to_mongo', 'waiting_for_data', 'scheduled__2023-07-04T00:00:00+00:00', '--job-id', '1791', '--raw', '--subdir', 'DAGS_FOLDER/file_***-mongo.py', '--cfg-path', '/tmp/tmpihapm35b']
[2023-10-18T11:51:50.394+0000] {standard_task_runner.py:85} INFO - Job 1791: Subtask waiting_for_data
[2023-10-18T11:51:50.470+0000] {task_command.py:416} INFO - Running <TaskInstance: copy_tranform_to_mongo.waiting_for_data scheduled__2023-07-04T00:00:00+00:00 [running]> on host 0e68aa52dfc7
[2023-10-18T11:51:50.612+0000] {taskinstance.py:1662} INFO - Exporting env vars: AIRFLOW_CTX_DAG_OWNER='***' AIRFLOW_CTX_DAG_ID='copy_tranform_to_mongo' AIRFLOW_CTX_TASK_ID='waiting_for_data' AIRFLOW_CTX_EXECUTION_DATE='2023-07-04T00:00:00+00:00' AIRFLOW_CTX_TRY_NUMBER='1' AIRFLOW_CTX_DAG_RUN_ID='scheduled__2023-07-04T00:00:00+00:00'
[2023-10-18T11:51:50.624+0000] {base.py:73} INFO - Using connection ID 'fs_default' for task execution.
[2023-10-18T11:51:50.625+0000] {filesystem.py:64} INFO - Poking for file /opt/in/tiktok_google_play_reviews.csv
[2023-10-18T11:51:50.625+0000] {filesystem.py:69} INFO - Found File /opt/in/tiktok_google_play_reviews.csv last modified: 20220405221612
[2023-10-18T11:51:50.625+0000] {base.py:287} INFO - Success criteria met. Exiting.
[2023-10-18T11:51:50.637+0000] {taskinstance.py:1400} INFO - Marking task as SUCCESS. dag_id=copy_tranform_to_mongo, task_id=waiting_for_data, execution_date=20230704T000000, start_date=20231018T115150, end_date=20231018T115150
[2023-10-18T11:51:50.666+0000] {local_task_job_runner.py:228} INFO - Task exited with return code 0
[2023-10-18T11:51:50.707+0000] {taskinstance.py:2778} INFO - 1 downstream tasks scheduled from follow-on schedule check
