[2023-10-17T11:23:34.813+0000] {taskinstance.py:1159} INFO - Dependencies all met for dep_context=non-requeueable deps ti=<TaskInstance: copy_tranform_to_mongo.waiting_for_data scheduled__2022-08-10T00:00:00+00:00 [queued]>
[2023-10-17T11:23:34.823+0000] {taskinstance.py:1159} INFO - Dependencies all met for dep_context=requeueable deps ti=<TaskInstance: copy_tranform_to_mongo.waiting_for_data scheduled__2022-08-10T00:00:00+00:00 [queued]>
[2023-10-17T11:23:34.823+0000] {taskinstance.py:1361} INFO - Starting attempt 1 of 1
[2023-10-17T11:23:34.837+0000] {taskinstance.py:1382} INFO - Executing <Task(FileSensor): waiting_for_data> on 2022-08-10 00:00:00+00:00
[2023-10-17T11:23:34.845+0000] {standard_task_runner.py:57} INFO - Started process 1670 to run task
[2023-10-17T11:23:34.848+0000] {standard_task_runner.py:84} INFO - Running: ['***', 'tasks', 'run', 'copy_tranform_to_mongo', 'waiting_for_data', 'scheduled__2022-08-10T00:00:00+00:00', '--job-id', '591', '--raw', '--subdir', 'DAGS_FOLDER/file_***-mongo.py', '--cfg-path', '/tmp/tmpx5fjkv2d']
[2023-10-17T11:23:34.849+0000] {standard_task_runner.py:85} INFO - Job 591: Subtask waiting_for_data
[2023-10-17T11:23:34.896+0000] {task_command.py:416} INFO - Running <TaskInstance: copy_tranform_to_mongo.waiting_for_data scheduled__2022-08-10T00:00:00+00:00 [running]> on host 238c1d4ff767
[2023-10-17T11:23:34.973+0000] {taskinstance.py:1662} INFO - Exporting env vars: AIRFLOW_CTX_DAG_OWNER='***' AIRFLOW_CTX_DAG_ID='copy_tranform_to_mongo' AIRFLOW_CTX_TASK_ID='waiting_for_data' AIRFLOW_CTX_EXECUTION_DATE='2022-08-10T00:00:00+00:00' AIRFLOW_CTX_TRY_NUMBER='1' AIRFLOW_CTX_DAG_RUN_ID='scheduled__2022-08-10T00:00:00+00:00'
[2023-10-17T11:23:34.981+0000] {base.py:73} INFO - Using connection ID 'fs_default' for task execution.
[2023-10-17T11:23:34.982+0000] {filesystem.py:64} INFO - Poking for file /opt/in/tiktok_google_play_reviews.csv
[2023-10-17T11:23:34.982+0000] {filesystem.py:69} INFO - Found File /opt/in/tiktok_google_play_reviews.csv last modified: 20220405221612
[2023-10-17T11:23:34.982+0000] {base.py:287} INFO - Success criteria met. Exiting.
[2023-10-17T11:23:34.990+0000] {taskinstance.py:1400} INFO - Marking task as SUCCESS. dag_id=copy_tranform_to_mongo, task_id=waiting_for_data, execution_date=20220810T000000, start_date=20231017T112334, end_date=20231017T112334
[2023-10-17T11:23:35.020+0000] {local_task_job_runner.py:228} INFO - Task exited with return code 0
[2023-10-17T11:23:35.039+0000] {taskinstance.py:2778} INFO - 0 downstream tasks scheduled from follow-on schedule check
[2023-10-18T11:48:11.889+0000] {taskinstance.py:1159} INFO - Dependencies all met for dep_context=non-requeueable deps ti=<TaskInstance: copy_tranform_to_mongo.waiting_for_data scheduled__2022-08-10T00:00:00+00:00 [queued]>
[2023-10-18T11:48:11.900+0000] {taskinstance.py:1159} INFO - Dependencies all met for dep_context=requeueable deps ti=<TaskInstance: copy_tranform_to_mongo.waiting_for_data scheduled__2022-08-10T00:00:00+00:00 [queued]>
[2023-10-18T11:48:11.901+0000] {taskinstance.py:1361} INFO - Starting attempt 1 of 1
[2023-10-18T11:48:11.924+0000] {taskinstance.py:1382} INFO - Executing <Task(FileSensor): waiting_for_data> on 2022-08-10 00:00:00+00:00
[2023-10-18T11:48:11.933+0000] {standard_task_runner.py:57} INFO - Started process 2874 to run task
[2023-10-18T11:48:11.939+0000] {standard_task_runner.py:84} INFO - Running: ['***', 'tasks', 'run', 'copy_tranform_to_mongo', 'waiting_for_data', 'scheduled__2022-08-10T00:00:00+00:00', '--job-id', '1133', '--raw', '--subdir', 'DAGS_FOLDER/file_***-mongo.py', '--cfg-path', '/tmp/tmpq05n31xu']
[2023-10-18T11:48:11.940+0000] {standard_task_runner.py:85} INFO - Job 1133: Subtask waiting_for_data
[2023-10-18T11:48:12.001+0000] {task_command.py:416} INFO - Running <TaskInstance: copy_tranform_to_mongo.waiting_for_data scheduled__2022-08-10T00:00:00+00:00 [running]> on host 0e68aa52dfc7
[2023-10-18T11:48:12.092+0000] {taskinstance.py:1662} INFO - Exporting env vars: AIRFLOW_CTX_DAG_OWNER='***' AIRFLOW_CTX_DAG_ID='copy_tranform_to_mongo' AIRFLOW_CTX_TASK_ID='waiting_for_data' AIRFLOW_CTX_EXECUTION_DATE='2022-08-10T00:00:00+00:00' AIRFLOW_CTX_TRY_NUMBER='1' AIRFLOW_CTX_DAG_RUN_ID='scheduled__2022-08-10T00:00:00+00:00'
[2023-10-18T11:48:12.107+0000] {base.py:73} INFO - Using connection ID 'fs_default' for task execution.
[2023-10-18T11:48:12.108+0000] {filesystem.py:64} INFO - Poking for file /opt/in/tiktok_google_play_reviews.csv
[2023-10-18T11:48:12.108+0000] {filesystem.py:69} INFO - Found File /opt/in/tiktok_google_play_reviews.csv last modified: 20220405221612
[2023-10-18T11:48:12.108+0000] {base.py:287} INFO - Success criteria met. Exiting.
[2023-10-18T11:48:12.135+0000] {taskinstance.py:1400} INFO - Marking task as SUCCESS. dag_id=copy_tranform_to_mongo, task_id=waiting_for_data, execution_date=20220810T000000, start_date=20231018T114811, end_date=20231018T114812
[2023-10-18T11:48:12.191+0000] {local_task_job_runner.py:228} INFO - Task exited with return code 0
[2023-10-18T11:48:12.246+0000] {taskinstance.py:2778} INFO - 1 downstream tasks scheduled from follow-on schedule check
