[2023-10-19T14:14:23.912+0000] {taskinstance.py:1159} INFO - Dependencies all met for dep_context=non-requeueable deps ti=<TaskInstance: copy_tranform_to_mongo.transform_data_by_pandas manual__2023-10-19T14:14:21.760734+00:00 [queued]>
[2023-10-19T14:14:23.920+0000] {taskinstance.py:1159} INFO - Dependencies all met for dep_context=requeueable deps ti=<TaskInstance: copy_tranform_to_mongo.transform_data_by_pandas manual__2023-10-19T14:14:21.760734+00:00 [queued]>
[2023-10-19T14:14:23.920+0000] {taskinstance.py:1361} INFO - Starting attempt 1 of 1
[2023-10-19T14:14:23.929+0000] {taskinstance.py:1382} INFO - Executing <Task(DockerOperator): transform_data_by_pandas> on 2023-10-19 14:14:21.760734+00:00
[2023-10-19T14:14:23.933+0000] {standard_task_runner.py:57} INFO - Started process 224 to run task
[2023-10-19T14:14:23.935+0000] {standard_task_runner.py:84} INFO - Running: ['***', 'tasks', 'run', 'copy_tranform_to_mongo', 'transform_data_by_pandas', 'manual__2023-10-19T14:14:21.760734+00:00', '--job-id', '12', '--raw', '--subdir', 'DAGS_FOLDER/file_***-mongo.py', '--cfg-path', '/tmp/tmp8an0ip0q']
[2023-10-19T14:14:23.936+0000] {standard_task_runner.py:85} INFO - Job 12: Subtask transform_data_by_pandas
[2023-10-19T14:14:23.965+0000] {task_command.py:416} INFO - Running <TaskInstance: copy_tranform_to_mongo.transform_data_by_pandas manual__2023-10-19T14:14:21.760734+00:00 [running]> on host 298aa8126952
[2023-10-19T14:14:24.011+0000] {taskinstance.py:1662} INFO - Exporting env vars: AIRFLOW_CTX_DAG_OWNER='***' AIRFLOW_CTX_DAG_ID='copy_tranform_to_mongo' AIRFLOW_CTX_TASK_ID='transform_data_by_pandas' AIRFLOW_CTX_EXECUTION_DATE='2023-10-19T14:14:21.760734+00:00' AIRFLOW_CTX_TRY_NUMBER='1' AIRFLOW_CTX_DAG_RUN_ID='manual__2023-10-19T14:14:21.760734+00:00'
[2023-10-19T14:14:24.023+0000] {docker.py:337} INFO - Starting docker container from image python/pandas:1.0.0
[2023-10-19T14:14:24.491+0000] {docker.py:406} INFO - Input Notebook:  /opt/pandasapp/notebooks/tiktok_google_reviews.ipynb
Output Notebook: /opt/pandasapp/notebooks/tiktok_google_reviews.ipynb
[2023-10-19T14:14:24.529+0000] {docker.py:406} INFO - Executing:   0%|          | 0/27 [00:00<?, ?cell/s]
[2023-10-19T14:14:25.237+0000] {docker.py:406} INFO - Executing notebook with kernel: python3
[2023-10-19T14:14:25.244+0000] {docker.py:406} INFO - Executing:   4%|▎         | 1/27 [00:00<00:18,  1.40cell/s]
[2023-10-19T14:14:25.881+0000] {docker.py:406} INFO - Executing:  15%|█▍        | 4/27 [00:01<00:07,  3.25cell/s]
[2023-10-19T14:14:27.249+0000] {docker.py:406} INFO - Executing:  22%|██▏       | 6/27 [00:02<00:09,  2.12cell/s]
[2023-10-19T14:14:27.371+0000] {docker.py:406} INFO - Executing:  44%|████▍     | 12/27 [00:02<00:02,  5.63cell/s]
[2023-10-19T14:14:27.508+0000] {docker.py:406} INFO - Executing:  59%|█████▉    | 16/27 [00:02<00:01,  8.15cell/s]
[2023-10-19T14:14:27.873+0000] {docker.py:406} INFO - Executing:  70%|███████   | 19/27 [00:03<00:00,  8.17cell/s]
[2023-10-19T14:14:28.220+0000] {docker.py:406} INFO - Executing:  78%|███████▊  | 21/27 [00:03<00:00,  7.49cell/s]
[2023-10-19T14:14:28.596+0000] {docker.py:406} INFO - Executing:  85%|████████▌ | 23/27 [00:04<00:00,  6.83cell/s]
[2023-10-19T14:14:29.299+0000] {docker.py:406} INFO - Executing:  96%|█████████▋| 26/27 [00:04<00:00,  5.68cell/s]
[2023-10-19T14:14:29.732+0000] {docker.py:406} INFO - Executing: 100%|██████████| 27/27 [00:05<00:00,  5.19cell/s]
[2023-10-19T14:14:30.117+0000] {taskinstance.py:1400} INFO - Marking task as SUCCESS. dag_id=copy_tranform_to_mongo, task_id=transform_data_by_pandas, execution_date=20231019T141421, start_date=20231019T141423, end_date=20231019T141430
[2023-10-19T14:14:30.153+0000] {local_task_job_runner.py:228} INFO - Task exited with return code 0
[2023-10-19T14:14:30.178+0000] {taskinstance.py:2778} INFO - 1 downstream tasks scheduled from follow-on schedule check
