[2023-10-17T11:25:29.422+0000] {taskinstance.py:1159} INFO - Dependencies all met for dep_context=non-requeueable deps ti=<TaskInstance: copy_tranform_to_mongo.waiting_for_data scheduled__2023-03-29T00:00:00+00:00 [queued]>
[2023-10-17T11:25:29.431+0000] {taskinstance.py:1159} INFO - Dependencies all met for dep_context=requeueable deps ti=<TaskInstance: copy_tranform_to_mongo.waiting_for_data scheduled__2023-03-29T00:00:00+00:00 [queued]>
[2023-10-17T11:25:29.432+0000] {taskinstance.py:1361} INFO - Starting attempt 1 of 1
[2023-10-17T11:25:29.461+0000] {taskinstance.py:1382} INFO - Executing <Task(FileSensor): waiting_for_data> on 2023-03-29 00:00:00+00:00
[2023-10-17T11:25:29.469+0000] {standard_task_runner.py:57} INFO - Started process 2156 to run task
[2023-10-17T11:25:29.471+0000] {standard_task_runner.py:84} INFO - Running: ['***', 'tasks', 'run', 'copy_tranform_to_mongo', 'waiting_for_data', 'scheduled__2023-03-29T00:00:00+00:00', '--job-id', '822', '--raw', '--subdir', 'DAGS_FOLDER/file_***-mongo.py', '--cfg-path', '/tmp/tmpbfzt17k5']
[2023-10-17T11:25:29.472+0000] {standard_task_runner.py:85} INFO - Job 822: Subtask waiting_for_data
[2023-10-17T11:25:29.510+0000] {task_command.py:416} INFO - Running <TaskInstance: copy_tranform_to_mongo.waiting_for_data scheduled__2023-03-29T00:00:00+00:00 [running]> on host 238c1d4ff767
[2023-10-17T11:25:29.574+0000] {taskinstance.py:1662} INFO - Exporting env vars: AIRFLOW_CTX_DAG_OWNER='***' AIRFLOW_CTX_DAG_ID='copy_tranform_to_mongo' AIRFLOW_CTX_TASK_ID='waiting_for_data' AIRFLOW_CTX_EXECUTION_DATE='2023-03-29T00:00:00+00:00' AIRFLOW_CTX_TRY_NUMBER='1' AIRFLOW_CTX_DAG_RUN_ID='scheduled__2023-03-29T00:00:00+00:00'
[2023-10-17T11:25:29.582+0000] {base.py:73} INFO - Using connection ID 'fs_default' for task execution.
[2023-10-17T11:25:29.583+0000] {filesystem.py:64} INFO - Poking for file /opt/in/tiktok_google_play_reviews.csv
[2023-10-17T11:25:29.583+0000] {filesystem.py:69} INFO - Found File /opt/in/tiktok_google_play_reviews.csv last modified: 20220405221612
[2023-10-17T11:25:29.583+0000] {base.py:287} INFO - Success criteria met. Exiting.
[2023-10-17T11:25:29.589+0000] {taskinstance.py:1400} INFO - Marking task as SUCCESS. dag_id=copy_tranform_to_mongo, task_id=waiting_for_data, execution_date=20230329T000000, start_date=20231017T112529, end_date=20231017T112529
[2023-10-17T11:25:29.643+0000] {local_task_job_runner.py:228} INFO - Task exited with return code 0
[2023-10-17T11:25:29.657+0000] {taskinstance.py:2778} INFO - 0 downstream tasks scheduled from follow-on schedule check
[2023-10-18T11:50:49.408+0000] {taskinstance.py:1159} INFO - Dependencies all met for dep_context=non-requeueable deps ti=<TaskInstance: copy_tranform_to_mongo.waiting_for_data scheduled__2023-03-29T00:00:00+00:00 [queued]>
[2023-10-18T11:50:49.431+0000] {taskinstance.py:1159} INFO - Dependencies all met for dep_context=requeueable deps ti=<TaskInstance: copy_tranform_to_mongo.waiting_for_data scheduled__2023-03-29T00:00:00+00:00 [queued]>
[2023-10-18T11:50:49.431+0000] {taskinstance.py:1361} INFO - Starting attempt 1 of 1
[2023-10-18T11:50:49.453+0000] {taskinstance.py:1382} INFO - Executing <Task(FileSensor): waiting_for_data> on 2023-03-29 00:00:00+00:00
[2023-10-18T11:50:49.465+0000] {standard_task_runner.py:57} INFO - Started process 3838 to run task
[2023-10-18T11:50:49.472+0000] {standard_task_runner.py:84} INFO - Running: ['***', 'tasks', 'run', 'copy_tranform_to_mongo', 'waiting_for_data', 'scheduled__2023-03-29T00:00:00+00:00', '--job-id', '1595', '--raw', '--subdir', 'DAGS_FOLDER/file_***-mongo.py', '--cfg-path', '/tmp/tmp3fmifw8h']
[2023-10-18T11:50:49.474+0000] {standard_task_runner.py:85} INFO - Job 1595: Subtask waiting_for_data
[2023-10-18T11:50:49.585+0000] {task_command.py:416} INFO - Running <TaskInstance: copy_tranform_to_mongo.waiting_for_data scheduled__2023-03-29T00:00:00+00:00 [running]> on host 0e68aa52dfc7
[2023-10-18T11:50:49.735+0000] {taskinstance.py:1662} INFO - Exporting env vars: AIRFLOW_CTX_DAG_OWNER='***' AIRFLOW_CTX_DAG_ID='copy_tranform_to_mongo' AIRFLOW_CTX_TASK_ID='waiting_for_data' AIRFLOW_CTX_EXECUTION_DATE='2023-03-29T00:00:00+00:00' AIRFLOW_CTX_TRY_NUMBER='1' AIRFLOW_CTX_DAG_RUN_ID='scheduled__2023-03-29T00:00:00+00:00'
[2023-10-18T11:50:49.754+0000] {base.py:73} INFO - Using connection ID 'fs_default' for task execution.
[2023-10-18T11:50:49.755+0000] {filesystem.py:64} INFO - Poking for file /opt/in/tiktok_google_play_reviews.csv
[2023-10-18T11:50:49.755+0000] {filesystem.py:69} INFO - Found File /opt/in/tiktok_google_play_reviews.csv last modified: 20220405221612
[2023-10-18T11:50:49.755+0000] {base.py:287} INFO - Success criteria met. Exiting.
[2023-10-18T11:50:49.783+0000] {taskinstance.py:1400} INFO - Marking task as SUCCESS. dag_id=copy_tranform_to_mongo, task_id=waiting_for_data, execution_date=20230329T000000, start_date=20231018T115049, end_date=20231018T115049
[2023-10-18T11:50:49.855+0000] {local_task_job_runner.py:228} INFO - Task exited with return code 0
[2023-10-18T11:50:49.891+0000] {taskinstance.py:2778} INFO - 0 downstream tasks scheduled from follow-on schedule check
