[2023-10-17T11:24:13.163+0000] {taskinstance.py:1159} INFO - Dependencies all met for dep_context=non-requeueable deps ti=<TaskInstance: copy_tranform_to_mongo.waiting_for_data scheduled__2022-10-23T00:00:00+00:00 [queued]>
[2023-10-17T11:24:13.174+0000] {taskinstance.py:1159} INFO - Dependencies all met for dep_context=requeueable deps ti=<TaskInstance: copy_tranform_to_mongo.waiting_for_data scheduled__2022-10-23T00:00:00+00:00 [queued]>
[2023-10-17T11:24:13.174+0000] {taskinstance.py:1361} INFO - Starting attempt 1 of 1
[2023-10-17T11:24:13.194+0000] {taskinstance.py:1382} INFO - Executing <Task(FileSensor): waiting_for_data> on 2022-10-23 00:00:00+00:00
[2023-10-17T11:24:13.204+0000] {standard_task_runner.py:57} INFO - Started process 1826 to run task
[2023-10-17T11:24:13.207+0000] {standard_task_runner.py:84} INFO - Running: ['***', 'tasks', 'run', 'copy_tranform_to_mongo', 'waiting_for_data', 'scheduled__2022-10-23T00:00:00+00:00', '--job-id', '665', '--raw', '--subdir', 'DAGS_FOLDER/file_***-mongo.py', '--cfg-path', '/tmp/tmpg3iqpp8s']
[2023-10-17T11:24:13.209+0000] {standard_task_runner.py:85} INFO - Job 665: Subtask waiting_for_data
[2023-10-17T11:24:13.264+0000] {task_command.py:416} INFO - Running <TaskInstance: copy_tranform_to_mongo.waiting_for_data scheduled__2022-10-23T00:00:00+00:00 [running]> on host 238c1d4ff767
[2023-10-17T11:24:13.345+0000] {taskinstance.py:1662} INFO - Exporting env vars: AIRFLOW_CTX_DAG_OWNER='***' AIRFLOW_CTX_DAG_ID='copy_tranform_to_mongo' AIRFLOW_CTX_TASK_ID='waiting_for_data' AIRFLOW_CTX_EXECUTION_DATE='2022-10-23T00:00:00+00:00' AIRFLOW_CTX_TRY_NUMBER='1' AIRFLOW_CTX_DAG_RUN_ID='scheduled__2022-10-23T00:00:00+00:00'
[2023-10-17T11:24:13.354+0000] {base.py:73} INFO - Using connection ID 'fs_default' for task execution.
[2023-10-17T11:24:13.355+0000] {filesystem.py:64} INFO - Poking for file /opt/in/tiktok_google_play_reviews.csv
[2023-10-17T11:24:13.355+0000] {filesystem.py:69} INFO - Found File /opt/in/tiktok_google_play_reviews.csv last modified: 20220405221612
[2023-10-17T11:24:13.355+0000] {base.py:287} INFO - Success criteria met. Exiting.
[2023-10-17T11:24:13.366+0000] {taskinstance.py:1400} INFO - Marking task as SUCCESS. dag_id=copy_tranform_to_mongo, task_id=waiting_for_data, execution_date=20221023T000000, start_date=20231017T112413, end_date=20231017T112413
[2023-10-17T11:24:13.418+0000] {local_task_job_runner.py:228} INFO - Task exited with return code 0
[2023-10-17T11:24:13.433+0000] {taskinstance.py:2778} INFO - 0 downstream tasks scheduled from follow-on schedule check
[2023-10-18T11:48:56.479+0000] {taskinstance.py:1159} INFO - Dependencies all met for dep_context=non-requeueable deps ti=<TaskInstance: copy_tranform_to_mongo.waiting_for_data scheduled__2022-10-23T00:00:00+00:00 [queued]>
[2023-10-18T11:48:56.493+0000] {taskinstance.py:1159} INFO - Dependencies all met for dep_context=requeueable deps ti=<TaskInstance: copy_tranform_to_mongo.waiting_for_data scheduled__2022-10-23T00:00:00+00:00 [queued]>
[2023-10-18T11:48:56.494+0000] {taskinstance.py:1361} INFO - Starting attempt 1 of 1
[2023-10-18T11:48:56.510+0000] {taskinstance.py:1382} INFO - Executing <Task(FileSensor): waiting_for_data> on 2022-10-23 00:00:00+00:00
[2023-10-18T11:48:56.518+0000] {standard_task_runner.py:57} INFO - Started process 3181 to run task
[2023-10-18T11:48:56.522+0000] {standard_task_runner.py:84} INFO - Running: ['***', 'tasks', 'run', 'copy_tranform_to_mongo', 'waiting_for_data', 'scheduled__2022-10-23T00:00:00+00:00', '--job-id', '1283', '--raw', '--subdir', 'DAGS_FOLDER/file_***-mongo.py', '--cfg-path', '/tmp/tmpl33en1f9']
[2023-10-18T11:48:56.524+0000] {standard_task_runner.py:85} INFO - Job 1283: Subtask waiting_for_data
[2023-10-18T11:48:56.572+0000] {task_command.py:416} INFO - Running <TaskInstance: copy_tranform_to_mongo.waiting_for_data scheduled__2022-10-23T00:00:00+00:00 [running]> on host 0e68aa52dfc7
[2023-10-18T11:48:56.648+0000] {taskinstance.py:1662} INFO - Exporting env vars: AIRFLOW_CTX_DAG_OWNER='***' AIRFLOW_CTX_DAG_ID='copy_tranform_to_mongo' AIRFLOW_CTX_TASK_ID='waiting_for_data' AIRFLOW_CTX_EXECUTION_DATE='2022-10-23T00:00:00+00:00' AIRFLOW_CTX_TRY_NUMBER='1' AIRFLOW_CTX_DAG_RUN_ID='scheduled__2022-10-23T00:00:00+00:00'
[2023-10-18T11:48:56.657+0000] {base.py:73} INFO - Using connection ID 'fs_default' for task execution.
[2023-10-18T11:48:56.661+0000] {filesystem.py:64} INFO - Poking for file /opt/in/tiktok_google_play_reviews.csv
[2023-10-18T11:48:56.662+0000] {filesystem.py:69} INFO - Found File /opt/in/tiktok_google_play_reviews.csv last modified: 20220405221612
[2023-10-18T11:48:56.663+0000] {base.py:287} INFO - Success criteria met. Exiting.
[2023-10-18T11:48:56.674+0000] {taskinstance.py:1400} INFO - Marking task as SUCCESS. dag_id=copy_tranform_to_mongo, task_id=waiting_for_data, execution_date=20221023T000000, start_date=20231018T114856, end_date=20231018T114856
[2023-10-18T11:48:56.737+0000] {local_task_job_runner.py:228} INFO - Task exited with return code 0
[2023-10-18T11:48:56.803+0000] {taskinstance.py:2778} INFO - 1 downstream tasks scheduled from follow-on schedule check
