[2023-10-17T11:21:18.270+0000] {taskinstance.py:1159} INFO - Dependencies all met for dep_context=non-requeueable deps ti=<TaskInstance: copy_tranform_to_mongo.waiting_for_data scheduled__2021-12-04T00:00:00+00:00 [queued]>
[2023-10-17T11:21:18.276+0000] {taskinstance.py:1159} INFO - Dependencies all met for dep_context=requeueable deps ti=<TaskInstance: copy_tranform_to_mongo.waiting_for_data scheduled__2021-12-04T00:00:00+00:00 [queued]>
[2023-10-17T11:21:18.276+0000] {taskinstance.py:1361} INFO - Starting attempt 1 of 1
[2023-10-17T11:21:18.284+0000] {taskinstance.py:1382} INFO - Executing <Task(FileSensor): waiting_for_data> on 2021-12-04 00:00:00+00:00
[2023-10-17T11:21:18.288+0000] {standard_task_runner.py:57} INFO - Started process 1131 to run task
[2023-10-17T11:21:18.290+0000] {standard_task_runner.py:84} INFO - Running: ['***', 'tasks', 'run', 'copy_tranform_to_mongo', 'waiting_for_data', 'scheduled__2021-12-04T00:00:00+00:00', '--job-id', '342', '--raw', '--subdir', 'DAGS_FOLDER/file_***-mongo.py', '--cfg-path', '/tmp/tmpqmdbpgu7']
[2023-10-17T11:21:18.291+0000] {standard_task_runner.py:85} INFO - Job 342: Subtask waiting_for_data
[2023-10-17T11:21:18.322+0000] {task_command.py:416} INFO - Running <TaskInstance: copy_tranform_to_mongo.waiting_for_data scheduled__2021-12-04T00:00:00+00:00 [running]> on host 238c1d4ff767
[2023-10-17T11:21:18.375+0000] {taskinstance.py:1662} INFO - Exporting env vars: AIRFLOW_CTX_DAG_OWNER='***' AIRFLOW_CTX_DAG_ID='copy_tranform_to_mongo' AIRFLOW_CTX_TASK_ID='waiting_for_data' AIRFLOW_CTX_EXECUTION_DATE='2021-12-04T00:00:00+00:00' AIRFLOW_CTX_TRY_NUMBER='1' AIRFLOW_CTX_DAG_RUN_ID='scheduled__2021-12-04T00:00:00+00:00'
[2023-10-17T11:21:18.381+0000] {base.py:73} INFO - Using connection ID 'fs_default' for task execution.
[2023-10-17T11:21:18.382+0000] {filesystem.py:64} INFO - Poking for file /opt/in/tiktok_google_play_reviews.csv
[2023-10-17T11:21:18.382+0000] {filesystem.py:69} INFO - Found File /opt/in/tiktok_google_play_reviews.csv last modified: 20220405221612
[2023-10-17T11:21:18.382+0000] {base.py:287} INFO - Success criteria met. Exiting.
[2023-10-17T11:21:18.387+0000] {taskinstance.py:1400} INFO - Marking task as SUCCESS. dag_id=copy_tranform_to_mongo, task_id=waiting_for_data, execution_date=20211204T000000, start_date=20231017T112118, end_date=20231017T112118
[2023-10-17T11:21:18.422+0000] {local_task_job_runner.py:228} INFO - Task exited with return code 0
[2023-10-17T11:21:18.449+0000] {taskinstance.py:2778} INFO - 0 downstream tasks scheduled from follow-on schedule check
[2023-10-18T11:45:36.436+0000] {taskinstance.py:1159} INFO - Dependencies all met for dep_context=non-requeueable deps ti=<TaskInstance: copy_tranform_to_mongo.waiting_for_data scheduled__2021-12-04T00:00:00+00:00 [queued]>
[2023-10-18T11:45:36.449+0000] {taskinstance.py:1159} INFO - Dependencies all met for dep_context=requeueable deps ti=<TaskInstance: copy_tranform_to_mongo.waiting_for_data scheduled__2021-12-04T00:00:00+00:00 [queued]>
[2023-10-18T11:45:36.449+0000] {taskinstance.py:1361} INFO - Starting attempt 1 of 1
[2023-10-18T11:45:36.501+0000] {taskinstance.py:1382} INFO - Executing <Task(FileSensor): waiting_for_data> on 2021-12-04 00:00:00+00:00
[2023-10-18T11:45:36.508+0000] {standard_task_runner.py:57} INFO - Started process 1842 to run task
[2023-10-18T11:45:36.511+0000] {standard_task_runner.py:84} INFO - Running: ['***', 'tasks', 'run', 'copy_tranform_to_mongo', 'waiting_for_data', 'scheduled__2021-12-04T00:00:00+00:00', '--job-id', '638', '--raw', '--subdir', 'DAGS_FOLDER/file_***-mongo.py', '--cfg-path', '/tmp/tmpk817hz6d']
[2023-10-18T11:45:36.512+0000] {standard_task_runner.py:85} INFO - Job 638: Subtask waiting_for_data
[2023-10-18T11:45:36.560+0000] {task_command.py:416} INFO - Running <TaskInstance: copy_tranform_to_mongo.waiting_for_data scheduled__2021-12-04T00:00:00+00:00 [running]> on host 0e68aa52dfc7
[2023-10-18T11:45:36.639+0000] {taskinstance.py:1662} INFO - Exporting env vars: AIRFLOW_CTX_DAG_OWNER='***' AIRFLOW_CTX_DAG_ID='copy_tranform_to_mongo' AIRFLOW_CTX_TASK_ID='waiting_for_data' AIRFLOW_CTX_EXECUTION_DATE='2021-12-04T00:00:00+00:00' AIRFLOW_CTX_TRY_NUMBER='1' AIRFLOW_CTX_DAG_RUN_ID='scheduled__2021-12-04T00:00:00+00:00'
[2023-10-18T11:45:36.651+0000] {base.py:73} INFO - Using connection ID 'fs_default' for task execution.
[2023-10-18T11:45:36.651+0000] {filesystem.py:64} INFO - Poking for file /opt/in/tiktok_google_play_reviews.csv
[2023-10-18T11:45:36.651+0000] {filesystem.py:69} INFO - Found File /opt/in/tiktok_google_play_reviews.csv last modified: 20220405221612
[2023-10-18T11:45:36.651+0000] {base.py:287} INFO - Success criteria met. Exiting.
[2023-10-18T11:45:36.660+0000] {taskinstance.py:1400} INFO - Marking task as SUCCESS. dag_id=copy_tranform_to_mongo, task_id=waiting_for_data, execution_date=20211204T000000, start_date=20231018T114536, end_date=20231018T114536
[2023-10-18T11:45:36.683+0000] {local_task_job_runner.py:228} INFO - Task exited with return code 0
[2023-10-18T11:45:36.725+0000] {taskinstance.py:2778} INFO - 0 downstream tasks scheduled from follow-on schedule check
