[2023-10-17T11:14:47.554+0000] {taskinstance.py:1159} INFO - Dependencies all met for dep_context=non-requeueable deps ti=<TaskInstance: copy_tranform_to_mongo.waiting_for_data scheduled__2021-01-13T00:00:00+00:00 [queued]>
[2023-10-17T11:14:47.561+0000] {taskinstance.py:1159} INFO - Dependencies all met for dep_context=requeueable deps ti=<TaskInstance: copy_tranform_to_mongo.waiting_for_data scheduled__2021-01-13T00:00:00+00:00 [queued]>
[2023-10-17T11:14:47.561+0000] {taskinstance.py:1361} INFO - Starting attempt 1 of 1
[2023-10-17T11:14:47.571+0000] {taskinstance.py:1382} INFO - Executing <Task(FileSensor): waiting_for_data> on 2021-01-13 00:00:00+00:00
[2023-10-17T11:14:47.577+0000] {standard_task_runner.py:57} INFO - Started process 381 to run task
[2023-10-17T11:14:47.579+0000] {standard_task_runner.py:84} INFO - Running: ['***', 'tasks', 'run', 'copy_tranform_to_mongo', 'waiting_for_data', 'scheduled__2021-01-13T00:00:00+00:00', '--job-id', '15', '--raw', '--subdir', 'DAGS_FOLDER/file_***-mongo.py', '--cfg-path', '/tmp/tmp_wq_kxm2']
[2023-10-17T11:14:47.580+0000] {standard_task_runner.py:85} INFO - Job 15: Subtask waiting_for_data
[2023-10-17T11:14:47.619+0000] {task_command.py:416} INFO - Running <TaskInstance: copy_tranform_to_mongo.waiting_for_data scheduled__2021-01-13T00:00:00+00:00 [running]> on host 238c1d4ff767
[2023-10-17T11:14:47.687+0000] {taskinstance.py:1662} INFO - Exporting env vars: AIRFLOW_CTX_DAG_OWNER='***' AIRFLOW_CTX_DAG_ID='copy_tranform_to_mongo' AIRFLOW_CTX_TASK_ID='waiting_for_data' AIRFLOW_CTX_EXECUTION_DATE='2021-01-13T00:00:00+00:00' AIRFLOW_CTX_TRY_NUMBER='1' AIRFLOW_CTX_DAG_RUN_ID='scheduled__2021-01-13T00:00:00+00:00'
[2023-10-17T11:14:47.697+0000] {base.py:73} INFO - Using connection ID 'fs_default' for task execution.
[2023-10-17T11:14:47.697+0000] {filesystem.py:64} INFO - Poking for file /opt/in/in/tiktok_google_play_reviews.csv
[2023-10-17T11:15:47.766+0000] {base.py:73} INFO - Using connection ID 'fs_default' for task execution.
[2023-10-17T11:15:47.766+0000] {filesystem.py:64} INFO - Poking for file /opt/in/in/tiktok_google_play_reviews.csv
[2023-10-17T11:16:47.829+0000] {base.py:73} INFO - Using connection ID 'fs_default' for task execution.
[2023-10-17T11:16:47.829+0000] {filesystem.py:64} INFO - Poking for file /opt/in/in/tiktok_google_play_reviews.csv
[2023-10-17T11:17:47.899+0000] {base.py:73} INFO - Using connection ID 'fs_default' for task execution.
[2023-10-17T11:17:47.900+0000] {filesystem.py:64} INFO - Poking for file /opt/in/in/tiktok_google_play_reviews.csv
[2023-10-17T11:18:47.971+0000] {base.py:73} INFO - Using connection ID 'fs_default' for task execution.
[2023-10-17T11:18:47.971+0000] {filesystem.py:64} INFO - Poking for file /opt/in/tiktok_google_play_reviews.csv
[2023-10-17T11:18:47.971+0000] {filesystem.py:69} INFO - Found File /opt/in/tiktok_google_play_reviews.csv last modified: 20220405221612
[2023-10-17T11:18:47.972+0000] {base.py:287} INFO - Success criteria met. Exiting.
[2023-10-17T11:18:47.986+0000] {taskinstance.py:1400} INFO - Marking task as SUCCESS. dag_id=copy_tranform_to_mongo, task_id=waiting_for_data, execution_date=20210113T000000, start_date=20231017T111447, end_date=20231017T111847
[2023-10-17T11:18:48.024+0000] {local_task_job_runner.py:228} INFO - Task exited with return code 0
[2023-10-17T11:18:48.038+0000] {taskinstance.py:2778} INFO - 0 downstream tasks scheduled from follow-on schedule check
[2023-10-18T10:42:11.135+0000] {taskinstance.py:1159} INFO - Dependencies all met for dep_context=non-requeueable deps ti=<TaskInstance: copy_tranform_to_mongo.waiting_for_data scheduled__2021-01-13T00:00:00+00:00 [queued]>
[2023-10-18T10:42:11.144+0000] {taskinstance.py:1159} INFO - Dependencies all met for dep_context=requeueable deps ti=<TaskInstance: copy_tranform_to_mongo.waiting_for_data scheduled__2021-01-13T00:00:00+00:00 [queued]>
[2023-10-18T10:42:11.144+0000] {taskinstance.py:1361} INFO - Starting attempt 1 of 1
[2023-10-18T10:42:11.154+0000] {taskinstance.py:1382} INFO - Executing <Task(FileSensor): waiting_for_data> on 2021-01-13 00:00:00+00:00
[2023-10-18T10:42:11.160+0000] {standard_task_runner.py:57} INFO - Started process 1414 to run task
[2023-10-18T10:42:11.163+0000] {standard_task_runner.py:84} INFO - Running: ['***', 'tasks', 'run', 'copy_tranform_to_mongo', 'waiting_for_data', 'scheduled__2021-01-13T00:00:00+00:00', '--job-id', '16', '--raw', '--subdir', 'DAGS_FOLDER/file_***-mongo.py', '--cfg-path', '/tmp/tmpupxouuwm']
[2023-10-18T10:42:11.164+0000] {standard_task_runner.py:85} INFO - Job 16: Subtask waiting_for_data
[2023-10-18T10:42:11.256+0000] {task_command.py:416} INFO - Running <TaskInstance: copy_tranform_to_mongo.waiting_for_data scheduled__2021-01-13T00:00:00+00:00 [running]> on host 2473b23ba069
[2023-10-18T10:42:11.335+0000] {taskinstance.py:1662} INFO - Exporting env vars: AIRFLOW_CTX_DAG_OWNER='***' AIRFLOW_CTX_DAG_ID='copy_tranform_to_mongo' AIRFLOW_CTX_TASK_ID='waiting_for_data' AIRFLOW_CTX_EXECUTION_DATE='2021-01-13T00:00:00+00:00' AIRFLOW_CTX_TRY_NUMBER='1' AIRFLOW_CTX_DAG_RUN_ID='scheduled__2021-01-13T00:00:00+00:00'
[2023-10-18T10:42:11.355+0000] {taskinstance.py:1937} ERROR - Task failed with exception
Traceback (most recent call last):
  File "/home/airflow/.local/lib/python3.8/site-packages/airflow/sensors/base.py", line 257, in execute
    raise e
  File "/home/airflow/.local/lib/python3.8/site-packages/airflow/sensors/base.py", line 239, in execute
    poke_return = self.poke(context)
  File "/home/airflow/.local/lib/python3.8/site-packages/airflow/sensors/filesystem.py", line 61, in poke
    hook = FSHook(self.fs_conn_id)
  File "/home/airflow/.local/lib/python3.8/site-packages/airflow/hooks/filesystem.py", line 38, in __init__
    conn = self.get_connection(conn_id)
  File "/home/airflow/.local/lib/python3.8/site-packages/airflow/hooks/base.py", line 72, in get_connection
    conn = Connection.get_connection_from_secrets(conn_id)
  File "/home/airflow/.local/lib/python3.8/site-packages/airflow/models/connection.py", line 477, in get_connection_from_secrets
    raise AirflowNotFoundException(f"The conn_id `{conn_id}` isn't defined")
airflow.exceptions.AirflowNotFoundException: The conn_id `fs_default` isn't defined
[2023-10-18T10:42:11.358+0000] {taskinstance.py:1400} INFO - Marking task as FAILED. dag_id=copy_tranform_to_mongo, task_id=waiting_for_data, execution_date=20210113T000000, start_date=20231018T104211, end_date=20231018T104211
[2023-10-18T10:42:11.370+0000] {standard_task_runner.py:104} ERROR - Failed to execute job 16 for task waiting_for_data (The conn_id `fs_default` isn't defined; 1414)
[2023-10-18T10:42:11.380+0000] {local_task_job_runner.py:228} INFO - Task exited with return code 1
[2023-10-18T10:42:11.415+0000] {taskinstance.py:2778} INFO - 0 downstream tasks scheduled from follow-on schedule check
[2023-10-18T11:14:41.121+0000] {taskinstance.py:1159} INFO - Dependencies all met for dep_context=non-requeueable deps ti=<TaskInstance: copy_tranform_to_mongo.waiting_for_data scheduled__2021-01-13T00:00:00+00:00 [queued]>
[2023-10-18T11:14:41.131+0000] {taskinstance.py:1159} INFO - Dependencies all met for dep_context=requeueable deps ti=<TaskInstance: copy_tranform_to_mongo.waiting_for_data scheduled__2021-01-13T00:00:00+00:00 [queued]>
[2023-10-18T11:14:41.132+0000] {taskinstance.py:1361} INFO - Starting attempt 1 of 1
[2023-10-18T11:14:41.167+0000] {taskinstance.py:1382} INFO - Executing <Task(FileSensor): waiting_for_data> on 2021-01-13 00:00:00+00:00
[2023-10-18T11:14:41.173+0000] {standard_task_runner.py:57} INFO - Started process 120 to run task
[2023-10-18T11:14:41.177+0000] {standard_task_runner.py:84} INFO - Running: ['***', 'tasks', 'run', 'copy_tranform_to_mongo', 'waiting_for_data', 'scheduled__2021-01-13T00:00:00+00:00', '--job-id', '15', '--raw', '--subdir', 'DAGS_FOLDER/file_***-mongo.py', '--cfg-path', '/tmp/tmpcnaotx38']
[2023-10-18T11:14:41.178+0000] {standard_task_runner.py:85} INFO - Job 15: Subtask waiting_for_data
[2023-10-18T11:14:41.227+0000] {task_command.py:416} INFO - Running <TaskInstance: copy_tranform_to_mongo.waiting_for_data scheduled__2021-01-13T00:00:00+00:00 [running]> on host 0e68aa52dfc7
[2023-10-18T11:14:41.290+0000] {taskinstance.py:1662} INFO - Exporting env vars: AIRFLOW_CTX_DAG_OWNER='***' AIRFLOW_CTX_DAG_ID='copy_tranform_to_mongo' AIRFLOW_CTX_TASK_ID='waiting_for_data' AIRFLOW_CTX_EXECUTION_DATE='2021-01-13T00:00:00+00:00' AIRFLOW_CTX_TRY_NUMBER='1' AIRFLOW_CTX_DAG_RUN_ID='scheduled__2021-01-13T00:00:00+00:00'
[2023-10-18T11:14:41.306+0000] {taskinstance.py:1937} ERROR - Task failed with exception
Traceback (most recent call last):
  File "/home/airflow/.local/lib/python3.8/site-packages/airflow/sensors/base.py", line 257, in execute
    raise e
  File "/home/airflow/.local/lib/python3.8/site-packages/airflow/sensors/base.py", line 239, in execute
    poke_return = self.poke(context)
  File "/home/airflow/.local/lib/python3.8/site-packages/airflow/sensors/filesystem.py", line 61, in poke
    hook = FSHook(self.fs_conn_id)
  File "/home/airflow/.local/lib/python3.8/site-packages/airflow/hooks/filesystem.py", line 38, in __init__
    conn = self.get_connection(conn_id)
  File "/home/airflow/.local/lib/python3.8/site-packages/airflow/hooks/base.py", line 72, in get_connection
    conn = Connection.get_connection_from_secrets(conn_id)
  File "/home/airflow/.local/lib/python3.8/site-packages/airflow/models/connection.py", line 477, in get_connection_from_secrets
    raise AirflowNotFoundException(f"The conn_id `{conn_id}` isn't defined")
airflow.exceptions.AirflowNotFoundException: The conn_id `fs_default` isn't defined
[2023-10-18T11:14:41.309+0000] {taskinstance.py:1400} INFO - Marking task as FAILED. dag_id=copy_tranform_to_mongo, task_id=waiting_for_data, execution_date=20210113T000000, start_date=20231018T111441, end_date=20231018T111441
[2023-10-18T11:14:41.319+0000] {standard_task_runner.py:104} ERROR - Failed to execute job 15 for task waiting_for_data (The conn_id `fs_default` isn't defined; 120)
[2023-10-18T11:14:41.350+0000] {local_task_job_runner.py:228} INFO - Task exited with return code 1
[2023-10-18T11:14:41.379+0000] {taskinstance.py:2778} INFO - 0 downstream tasks scheduled from follow-on schedule check
[2023-10-19T12:09:53.427+0000] {taskinstance.py:1159} INFO - Dependencies all met for dep_context=non-requeueable deps ti=<TaskInstance: copy_tranform_to_mongo.waiting_for_data scheduled__2021-01-13T00:00:00+00:00 [queued]>
[2023-10-19T12:09:53.447+0000] {taskinstance.py:1159} INFO - Dependencies all met for dep_context=requeueable deps ti=<TaskInstance: copy_tranform_to_mongo.waiting_for_data scheduled__2021-01-13T00:00:00+00:00 [queued]>
[2023-10-19T12:09:53.447+0000] {taskinstance.py:1361} INFO - Starting attempt 1 of 1
[2023-10-19T12:09:53.474+0000] {taskinstance.py:1382} INFO - Executing <Task(FileSensor): waiting_for_data> on 2021-01-13 00:00:00+00:00
[2023-10-19T12:09:53.482+0000] {standard_task_runner.py:57} INFO - Started process 184 to run task
[2023-10-19T12:09:53.486+0000] {standard_task_runner.py:84} INFO - Running: ['***', 'tasks', 'run', 'copy_tranform_to_mongo', 'waiting_for_data', 'scheduled__2021-01-13T00:00:00+00:00', '--job-id', '15', '--raw', '--subdir', 'DAGS_FOLDER/file_***-mongo.py', '--cfg-path', '/tmp/tmp6k27ejug']
[2023-10-19T12:09:53.488+0000] {standard_task_runner.py:85} INFO - Job 15: Subtask waiting_for_data
[2023-10-19T12:09:53.550+0000] {task_command.py:416} INFO - Running <TaskInstance: copy_tranform_to_mongo.waiting_for_data scheduled__2021-01-13T00:00:00+00:00 [running]> on host 6f5df7fea6fd
[2023-10-19T12:09:53.688+0000] {taskinstance.py:1662} INFO - Exporting env vars: AIRFLOW_CTX_DAG_OWNER='***' AIRFLOW_CTX_DAG_ID='copy_tranform_to_mongo' AIRFLOW_CTX_TASK_ID='waiting_for_data' AIRFLOW_CTX_EXECUTION_DATE='2021-01-13T00:00:00+00:00' AIRFLOW_CTX_TRY_NUMBER='1' AIRFLOW_CTX_DAG_RUN_ID='scheduled__2021-01-13T00:00:00+00:00'
[2023-10-19T12:09:53.717+0000] {taskinstance.py:1937} ERROR - Task failed with exception
Traceback (most recent call last):
  File "/home/airflow/.local/lib/python3.8/site-packages/airflow/sensors/base.py", line 257, in execute
    raise e
  File "/home/airflow/.local/lib/python3.8/site-packages/airflow/sensors/base.py", line 239, in execute
    poke_return = self.poke(context)
  File "/home/airflow/.local/lib/python3.8/site-packages/airflow/sensors/filesystem.py", line 61, in poke
    hook = FSHook(self.fs_conn_id)
  File "/home/airflow/.local/lib/python3.8/site-packages/airflow/hooks/filesystem.py", line 38, in __init__
    conn = self.get_connection(conn_id)
  File "/home/airflow/.local/lib/python3.8/site-packages/airflow/hooks/base.py", line 72, in get_connection
    conn = Connection.get_connection_from_secrets(conn_id)
  File "/home/airflow/.local/lib/python3.8/site-packages/airflow/models/connection.py", line 477, in get_connection_from_secrets
    raise AirflowNotFoundException(f"The conn_id `{conn_id}` isn't defined")
airflow.exceptions.AirflowNotFoundException: The conn_id `fs_default` isn't defined
[2023-10-19T12:09:53.723+0000] {taskinstance.py:1400} INFO - Marking task as FAILED. dag_id=copy_tranform_to_mongo, task_id=waiting_for_data, execution_date=20210113T000000, start_date=20231019T120953, end_date=20231019T120953
[2023-10-19T12:09:53.741+0000] {standard_task_runner.py:104} ERROR - Failed to execute job 15 for task waiting_for_data (The conn_id `fs_default` isn't defined; 184)
[2023-10-19T12:09:53.760+0000] {local_task_job_runner.py:228} INFO - Task exited with return code 1
[2023-10-19T12:09:53.862+0000] {taskinstance.py:2778} INFO - 0 downstream tasks scheduled from follow-on schedule check
[2023-10-19T13:03:24.905+0000] {taskinstance.py:1159} INFO - Dependencies all met for dep_context=non-requeueable deps ti=<TaskInstance: copy_tranform_to_mongo.waiting_for_data scheduled__2021-01-13T00:00:00+00:00 [queued]>
[2023-10-19T13:03:25.019+0000] {taskinstance.py:1159} INFO - Dependencies all met for dep_context=requeueable deps ti=<TaskInstance: copy_tranform_to_mongo.waiting_for_data scheduled__2021-01-13T00:00:00+00:00 [queued]>
[2023-10-19T13:03:25.020+0000] {taskinstance.py:1361} INFO - Starting attempt 1 of 1
[2023-10-19T13:03:25.117+0000] {taskinstance.py:1382} INFO - Executing <Task(FileSensor): waiting_for_data> on 2021-01-13 00:00:00+00:00
[2023-10-19T13:03:25.138+0000] {standard_task_runner.py:57} INFO - Started process 156 to run task
[2023-10-19T13:03:25.155+0000] {standard_task_runner.py:84} INFO - Running: ['***', 'tasks', 'run', 'copy_tranform_to_mongo', 'waiting_for_data', 'scheduled__2021-01-13T00:00:00+00:00', '--job-id', '24', '--raw', '--subdir', 'DAGS_FOLDER/file_***-mongo.py', '--cfg-path', '/tmp/tmpjxfzgz46']
[2023-10-19T13:03:25.173+0000] {standard_task_runner.py:85} INFO - Job 24: Subtask waiting_for_data
[2023-10-19T13:03:25.449+0000] {task_command.py:416} INFO - Running <TaskInstance: copy_tranform_to_mongo.waiting_for_data scheduled__2021-01-13T00:00:00+00:00 [running]> on host f2b9ba520501
[2023-10-19T13:03:25.783+0000] {taskinstance.py:1662} INFO - Exporting env vars: AIRFLOW_CTX_DAG_OWNER='***' AIRFLOW_CTX_DAG_ID='copy_tranform_to_mongo' AIRFLOW_CTX_TASK_ID='waiting_for_data' AIRFLOW_CTX_EXECUTION_DATE='2021-01-13T00:00:00+00:00' AIRFLOW_CTX_TRY_NUMBER='1' AIRFLOW_CTX_DAG_RUN_ID='scheduled__2021-01-13T00:00:00+00:00'
[2023-10-19T13:03:25.811+0000] {base.py:73} INFO - Using connection ID 'fs_default' for task execution.
[2023-10-19T13:03:25.812+0000] {filesystem.py:64} INFO - Poking for file /opt/in/tiktok_google_play_reviews.csv
[2023-10-19T13:03:25.812+0000] {filesystem.py:69} INFO - Found File /opt/in/tiktok_google_play_reviews.csv last modified: 20220405221612
[2023-10-19T13:03:25.812+0000] {base.py:287} INFO - Success criteria met. Exiting.
[2023-10-19T13:03:25.869+0000] {taskinstance.py:1400} INFO - Marking task as SUCCESS. dag_id=copy_tranform_to_mongo, task_id=waiting_for_data, execution_date=20210113T000000, start_date=20231019T130324, end_date=20231019T130325
[2023-10-19T13:03:25.977+0000] {local_task_job_runner.py:228} INFO - Task exited with return code 0
[2023-10-19T13:03:26.048+0000] {taskinstance.py:2778} INFO - 1 downstream tasks scheduled from follow-on schedule check
