[2023-10-17T11:22:47.181+0000] {taskinstance.py:1159} INFO - Dependencies all met for dep_context=non-requeueable deps ti=<TaskInstance: copy_tranform_to_mongo.waiting_for_data scheduled__2022-06-15T00:00:00+00:00 [queued]>
[2023-10-17T11:22:47.189+0000] {taskinstance.py:1159} INFO - Dependencies all met for dep_context=requeueable deps ti=<TaskInstance: copy_tranform_to_mongo.waiting_for_data scheduled__2022-06-15T00:00:00+00:00 [queued]>
[2023-10-17T11:22:47.190+0000] {taskinstance.py:1361} INFO - Starting attempt 1 of 1
[2023-10-17T11:22:47.201+0000] {taskinstance.py:1382} INFO - Executing <Task(FileSensor): waiting_for_data> on 2022-06-15 00:00:00+00:00
[2023-10-17T11:22:47.205+0000] {standard_task_runner.py:57} INFO - Started process 1540 to run task
[2023-10-17T11:22:47.207+0000] {standard_task_runner.py:84} INFO - Running: ['***', 'tasks', 'run', 'copy_tranform_to_mongo', 'waiting_for_data', 'scheduled__2022-06-15T00:00:00+00:00', '--job-id', '535', '--raw', '--subdir', 'DAGS_FOLDER/file_***-mongo.py', '--cfg-path', '/tmp/tmpt1lv31ak']
[2023-10-17T11:22:47.208+0000] {standard_task_runner.py:85} INFO - Job 535: Subtask waiting_for_data
[2023-10-17T11:22:47.240+0000] {task_command.py:416} INFO - Running <TaskInstance: copy_tranform_to_mongo.waiting_for_data scheduled__2022-06-15T00:00:00+00:00 [running]> on host 238c1d4ff767
[2023-10-17T11:22:47.302+0000] {taskinstance.py:1662} INFO - Exporting env vars: AIRFLOW_CTX_DAG_OWNER='***' AIRFLOW_CTX_DAG_ID='copy_tranform_to_mongo' AIRFLOW_CTX_TASK_ID='waiting_for_data' AIRFLOW_CTX_EXECUTION_DATE='2022-06-15T00:00:00+00:00' AIRFLOW_CTX_TRY_NUMBER='1' AIRFLOW_CTX_DAG_RUN_ID='scheduled__2022-06-15T00:00:00+00:00'
[2023-10-17T11:22:47.308+0000] {base.py:73} INFO - Using connection ID 'fs_default' for task execution.
[2023-10-17T11:22:47.309+0000] {filesystem.py:64} INFO - Poking for file /opt/in/tiktok_google_play_reviews.csv
[2023-10-17T11:22:47.309+0000] {filesystem.py:69} INFO - Found File /opt/in/tiktok_google_play_reviews.csv last modified: 20220405221612
[2023-10-17T11:22:47.309+0000] {base.py:287} INFO - Success criteria met. Exiting.
[2023-10-17T11:22:47.315+0000] {taskinstance.py:1400} INFO - Marking task as SUCCESS. dag_id=copy_tranform_to_mongo, task_id=waiting_for_data, execution_date=20220615T000000, start_date=20231017T112247, end_date=20231017T112247
[2023-10-17T11:22:47.339+0000] {local_task_job_runner.py:228} INFO - Task exited with return code 0
[2023-10-17T11:22:47.352+0000] {taskinstance.py:2778} INFO - 0 downstream tasks scheduled from follow-on schedule check
[2023-10-18T11:47:37.590+0000] {taskinstance.py:1159} INFO - Dependencies all met for dep_context=non-requeueable deps ti=<TaskInstance: copy_tranform_to_mongo.waiting_for_data scheduled__2022-06-15T00:00:00+00:00 [queued]>
[2023-10-18T11:47:37.602+0000] {taskinstance.py:1159} INFO - Dependencies all met for dep_context=requeueable deps ti=<TaskInstance: copy_tranform_to_mongo.waiting_for_data scheduled__2022-06-15T00:00:00+00:00 [queued]>
[2023-10-18T11:47:37.602+0000] {taskinstance.py:1361} INFO - Starting attempt 1 of 1
[2023-10-18T11:47:37.663+0000] {taskinstance.py:1382} INFO - Executing <Task(FileSensor): waiting_for_data> on 2022-06-15 00:00:00+00:00
[2023-10-18T11:47:37.672+0000] {standard_task_runner.py:57} INFO - Started process 2651 to run task
[2023-10-18T11:47:37.675+0000] {standard_task_runner.py:84} INFO - Running: ['***', 'tasks', 'run', 'copy_tranform_to_mongo', 'waiting_for_data', 'scheduled__2022-06-15T00:00:00+00:00', '--job-id', '1026', '--raw', '--subdir', 'DAGS_FOLDER/file_***-mongo.py', '--cfg-path', '/tmp/tmpxm_gdfos']
[2023-10-18T11:47:37.677+0000] {standard_task_runner.py:85} INFO - Job 1026: Subtask waiting_for_data
[2023-10-18T11:47:37.731+0000] {task_command.py:416} INFO - Running <TaskInstance: copy_tranform_to_mongo.waiting_for_data scheduled__2022-06-15T00:00:00+00:00 [running]> on host 0e68aa52dfc7
[2023-10-18T11:47:37.816+0000] {taskinstance.py:1662} INFO - Exporting env vars: AIRFLOW_CTX_DAG_OWNER='***' AIRFLOW_CTX_DAG_ID='copy_tranform_to_mongo' AIRFLOW_CTX_TASK_ID='waiting_for_data' AIRFLOW_CTX_EXECUTION_DATE='2022-06-15T00:00:00+00:00' AIRFLOW_CTX_TRY_NUMBER='1' AIRFLOW_CTX_DAG_RUN_ID='scheduled__2022-06-15T00:00:00+00:00'
[2023-10-18T11:47:37.828+0000] {base.py:73} INFO - Using connection ID 'fs_default' for task execution.
[2023-10-18T11:47:37.828+0000] {filesystem.py:64} INFO - Poking for file /opt/in/tiktok_google_play_reviews.csv
[2023-10-18T11:47:37.829+0000] {filesystem.py:69} INFO - Found File /opt/in/tiktok_google_play_reviews.csv last modified: 20220405221612
[2023-10-18T11:47:37.829+0000] {base.py:287} INFO - Success criteria met. Exiting.
[2023-10-18T11:47:37.840+0000] {taskinstance.py:1400} INFO - Marking task as SUCCESS. dag_id=copy_tranform_to_mongo, task_id=waiting_for_data, execution_date=20220615T000000, start_date=20231018T114737, end_date=20231018T114737
[2023-10-18T11:47:37.891+0000] {local_task_job_runner.py:228} INFO - Task exited with return code 0
[2023-10-18T11:47:37.923+0000] {taskinstance.py:2778} INFO - 1 downstream tasks scheduled from follow-on schedule check
