[2023-10-17T11:19:37.645+0000] {taskinstance.py:1159} INFO - Dependencies all met for dep_context=non-requeueable deps ti=<TaskInstance: copy_tranform_to_mongo.waiting_for_data scheduled__2021-05-17T00:00:00+00:00 [queued]>
[2023-10-17T11:19:37.656+0000] {taskinstance.py:1159} INFO - Dependencies all met for dep_context=requeueable deps ti=<TaskInstance: copy_tranform_to_mongo.waiting_for_data scheduled__2021-05-17T00:00:00+00:00 [queued]>
[2023-10-17T11:19:37.656+0000] {taskinstance.py:1361} INFO - Starting attempt 1 of 1
[2023-10-17T11:19:37.670+0000] {taskinstance.py:1382} INFO - Executing <Task(FileSensor): waiting_for_data> on 2021-05-17 00:00:00+00:00
[2023-10-17T11:19:37.676+0000] {standard_task_runner.py:57} INFO - Started process 707 to run task
[2023-10-17T11:19:37.679+0000] {standard_task_runner.py:84} INFO - Running: ['***', 'tasks', 'run', 'copy_tranform_to_mongo', 'waiting_for_data', 'scheduled__2021-05-17T00:00:00+00:00', '--job-id', '141', '--raw', '--subdir', 'DAGS_FOLDER/file_***-mongo.py', '--cfg-path', '/tmp/tmpbopkep8w']
[2023-10-17T11:19:37.681+0000] {standard_task_runner.py:85} INFO - Job 141: Subtask waiting_for_data
[2023-10-17T11:19:37.725+0000] {task_command.py:416} INFO - Running <TaskInstance: copy_tranform_to_mongo.waiting_for_data scheduled__2021-05-17T00:00:00+00:00 [running]> on host 238c1d4ff767
[2023-10-17T11:19:37.817+0000] {taskinstance.py:1662} INFO - Exporting env vars: AIRFLOW_CTX_DAG_OWNER='***' AIRFLOW_CTX_DAG_ID='copy_tranform_to_mongo' AIRFLOW_CTX_TASK_ID='waiting_for_data' AIRFLOW_CTX_EXECUTION_DATE='2021-05-17T00:00:00+00:00' AIRFLOW_CTX_TRY_NUMBER='1' AIRFLOW_CTX_DAG_RUN_ID='scheduled__2021-05-17T00:00:00+00:00'
[2023-10-17T11:19:37.827+0000] {base.py:73} INFO - Using connection ID 'fs_default' for task execution.
[2023-10-17T11:19:37.827+0000] {filesystem.py:64} INFO - Poking for file /opt/in/tiktok_google_play_reviews.csv
[2023-10-17T11:19:37.827+0000] {filesystem.py:69} INFO - Found File /opt/in/tiktok_google_play_reviews.csv last modified: 20220405221612
[2023-10-17T11:19:37.827+0000] {base.py:287} INFO - Success criteria met. Exiting.
[2023-10-17T11:19:37.837+0000] {taskinstance.py:1400} INFO - Marking task as SUCCESS. dag_id=copy_tranform_to_mongo, task_id=waiting_for_data, execution_date=20210517T000000, start_date=20231017T111937, end_date=20231017T111937
[2023-10-17T11:19:37.893+0000] {local_task_job_runner.py:228} INFO - Task exited with return code 0
[2023-10-17T11:19:37.916+0000] {taskinstance.py:2778} INFO - 0 downstream tasks scheduled from follow-on schedule check
[2023-10-18T10:43:14.929+0000] {taskinstance.py:1159} INFO - Dependencies all met for dep_context=non-requeueable deps ti=<TaskInstance: copy_tranform_to_mongo.waiting_for_data scheduled__2021-05-17T00:00:00+00:00 [queued]>
[2023-10-18T10:43:14.936+0000] {taskinstance.py:1159} INFO - Dependencies all met for dep_context=requeueable deps ti=<TaskInstance: copy_tranform_to_mongo.waiting_for_data scheduled__2021-05-17T00:00:00+00:00 [queued]>
[2023-10-18T10:43:14.936+0000] {taskinstance.py:1361} INFO - Starting attempt 1 of 1
[2023-10-18T10:43:14.986+0000] {taskinstance.py:1382} INFO - Executing <Task(FileSensor): waiting_for_data> on 2021-05-17 00:00:00+00:00
[2023-10-18T10:43:14.994+0000] {standard_task_runner.py:57} INFO - Started process 1678 to run task
[2023-10-18T10:43:14.998+0000] {standard_task_runner.py:84} INFO - Running: ['***', 'tasks', 'run', 'copy_tranform_to_mongo', 'waiting_for_data', 'scheduled__2021-05-17T00:00:00+00:00', '--job-id', '140', '--raw', '--subdir', 'DAGS_FOLDER/file_***-mongo.py', '--cfg-path', '/tmp/tmpygj_n9ka']
[2023-10-18T10:43:15.000+0000] {standard_task_runner.py:85} INFO - Job 140: Subtask waiting_for_data
[2023-10-18T10:43:15.050+0000] {task_command.py:416} INFO - Running <TaskInstance: copy_tranform_to_mongo.waiting_for_data scheduled__2021-05-17T00:00:00+00:00 [running]> on host 2473b23ba069
[2023-10-18T10:43:15.119+0000] {taskinstance.py:1662} INFO - Exporting env vars: AIRFLOW_CTX_DAG_OWNER='***' AIRFLOW_CTX_DAG_ID='copy_tranform_to_mongo' AIRFLOW_CTX_TASK_ID='waiting_for_data' AIRFLOW_CTX_EXECUTION_DATE='2021-05-17T00:00:00+00:00' AIRFLOW_CTX_TRY_NUMBER='1' AIRFLOW_CTX_DAG_RUN_ID='scheduled__2021-05-17T00:00:00+00:00'
[2023-10-18T10:43:15.136+0000] {taskinstance.py:1937} ERROR - Task failed with exception
Traceback (most recent call last):
  File "/home/airflow/.local/lib/python3.8/site-packages/airflow/sensors/base.py", line 257, in execute
    raise e
  File "/home/airflow/.local/lib/python3.8/site-packages/airflow/sensors/base.py", line 239, in execute
    poke_return = self.poke(context)
  File "/home/airflow/.local/lib/python3.8/site-packages/airflow/sensors/filesystem.py", line 61, in poke
    hook = FSHook(self.fs_conn_id)
  File "/home/airflow/.local/lib/python3.8/site-packages/airflow/hooks/filesystem.py", line 38, in __init__
    conn = self.get_connection(conn_id)
  File "/home/airflow/.local/lib/python3.8/site-packages/airflow/hooks/base.py", line 72, in get_connection
    conn = Connection.get_connection_from_secrets(conn_id)
  File "/home/airflow/.local/lib/python3.8/site-packages/airflow/models/connection.py", line 477, in get_connection_from_secrets
    raise AirflowNotFoundException(f"The conn_id `{conn_id}` isn't defined")
airflow.exceptions.AirflowNotFoundException: The conn_id `fs_default` isn't defined
[2023-10-18T10:43:15.140+0000] {taskinstance.py:1400} INFO - Marking task as FAILED. dag_id=copy_tranform_to_mongo, task_id=waiting_for_data, execution_date=20210517T000000, start_date=20231018T104314, end_date=20231018T104315
[2023-10-18T10:43:15.152+0000] {standard_task_runner.py:104} ERROR - Failed to execute job 140 for task waiting_for_data (The conn_id `fs_default` isn't defined; 1678)
[2023-10-18T10:43:15.171+0000] {local_task_job_runner.py:228} INFO - Task exited with return code 1
[2023-10-18T10:43:15.205+0000] {taskinstance.py:2778} INFO - 0 downstream tasks scheduled from follow-on schedule check
[2023-10-18T11:43:32.513+0000] {taskinstance.py:1159} INFO - Dependencies all met for dep_context=non-requeueable deps ti=<TaskInstance: copy_tranform_to_mongo.waiting_for_data scheduled__2021-05-17T00:00:00+00:00 [queued]>
[2023-10-18T11:43:32.524+0000] {taskinstance.py:1159} INFO - Dependencies all met for dep_context=requeueable deps ti=<TaskInstance: copy_tranform_to_mongo.waiting_for_data scheduled__2021-05-17T00:00:00+00:00 [queued]>
[2023-10-18T11:43:32.525+0000] {taskinstance.py:1361} INFO - Starting attempt 1 of 1
[2023-10-18T11:43:32.539+0000] {taskinstance.py:1382} INFO - Executing <Task(FileSensor): waiting_for_data> on 2021-05-17 00:00:00+00:00
[2023-10-18T11:43:32.544+0000] {standard_task_runner.py:57} INFO - Started process 1004 to run task
[2023-10-18T11:43:32.546+0000] {standard_task_runner.py:84} INFO - Running: ['***', 'tasks', 'run', 'copy_tranform_to_mongo', 'waiting_for_data', 'scheduled__2021-05-17T00:00:00+00:00', '--job-id', '236', '--raw', '--subdir', 'DAGS_FOLDER/file_***-mongo.py', '--cfg-path', '/tmp/tmp2e1n8xaq']
[2023-10-18T11:43:32.547+0000] {standard_task_runner.py:85} INFO - Job 236: Subtask waiting_for_data
[2023-10-18T11:43:32.590+0000] {task_command.py:416} INFO - Running <TaskInstance: copy_tranform_to_mongo.waiting_for_data scheduled__2021-05-17T00:00:00+00:00 [running]> on host 0e68aa52dfc7
[2023-10-18T11:43:32.659+0000] {taskinstance.py:1662} INFO - Exporting env vars: AIRFLOW_CTX_DAG_OWNER='***' AIRFLOW_CTX_DAG_ID='copy_tranform_to_mongo' AIRFLOW_CTX_TASK_ID='waiting_for_data' AIRFLOW_CTX_EXECUTION_DATE='2021-05-17T00:00:00+00:00' AIRFLOW_CTX_TRY_NUMBER='1' AIRFLOW_CTX_DAG_RUN_ID='scheduled__2021-05-17T00:00:00+00:00'
[2023-10-18T11:43:32.667+0000] {base.py:73} INFO - Using connection ID 'fs_default' for task execution.
[2023-10-18T11:43:32.668+0000] {filesystem.py:64} INFO - Poking for file /opt/in/tiktok_google_play_reviews.csv
[2023-10-18T11:43:32.668+0000] {filesystem.py:69} INFO - Found File /opt/in/tiktok_google_play_reviews.csv last modified: 20220405221612
[2023-10-18T11:43:32.669+0000] {base.py:287} INFO - Success criteria met. Exiting.
[2023-10-18T11:43:32.677+0000] {taskinstance.py:1400} INFO - Marking task as SUCCESS. dag_id=copy_tranform_to_mongo, task_id=waiting_for_data, execution_date=20210517T000000, start_date=20231018T114332, end_date=20231018T114332
[2023-10-18T11:43:32.718+0000] {local_task_job_runner.py:228} INFO - Task exited with return code 0
[2023-10-18T11:43:32.752+0000] {taskinstance.py:2778} INFO - 1 downstream tasks scheduled from follow-on schedule check
[2023-10-19T12:44:28.434+0000] {taskinstance.py:1159} INFO - Dependencies all met for dep_context=non-requeueable deps ti=<TaskInstance: copy_tranform_to_mongo.waiting_for_data scheduled__2021-05-17T00:00:00+00:00 [queued]>
[2023-10-19T12:44:28.453+0000] {taskinstance.py:1159} INFO - Dependencies all met for dep_context=requeueable deps ti=<TaskInstance: copy_tranform_to_mongo.waiting_for_data scheduled__2021-05-17T00:00:00+00:00 [queued]>
[2023-10-19T12:44:28.454+0000] {taskinstance.py:1361} INFO - Starting attempt 1 of 1
[2023-10-19T12:44:28.471+0000] {taskinstance.py:1382} INFO - Executing <Task(FileSensor): waiting_for_data> on 2021-05-17 00:00:00+00:00
[2023-10-19T12:44:28.478+0000] {standard_task_runner.py:57} INFO - Started process 1213 to run task
[2023-10-19T12:44:28.482+0000] {standard_task_runner.py:84} INFO - Running: ['***', 'tasks', 'run', 'copy_tranform_to_mongo', 'waiting_for_data', 'scheduled__2021-05-17T00:00:00+00:00', '--job-id', '270', '--raw', '--subdir', 'DAGS_FOLDER/file_***-mongo.py', '--cfg-path', '/tmp/tmporw7kmk3']
[2023-10-19T12:44:28.483+0000] {standard_task_runner.py:85} INFO - Job 270: Subtask waiting_for_data
[2023-10-19T12:44:28.546+0000] {task_command.py:416} INFO - Running <TaskInstance: copy_tranform_to_mongo.waiting_for_data scheduled__2021-05-17T00:00:00+00:00 [running]> on host 6f5df7fea6fd
[2023-10-19T12:44:28.665+0000] {taskinstance.py:1662} INFO - Exporting env vars: AIRFLOW_CTX_DAG_OWNER='***' AIRFLOW_CTX_DAG_ID='copy_tranform_to_mongo' AIRFLOW_CTX_TASK_ID='waiting_for_data' AIRFLOW_CTX_EXECUTION_DATE='2021-05-17T00:00:00+00:00' AIRFLOW_CTX_TRY_NUMBER='1' AIRFLOW_CTX_DAG_RUN_ID='scheduled__2021-05-17T00:00:00+00:00'
[2023-10-19T12:44:28.675+0000] {base.py:73} INFO - Using connection ID 'fs_default' for task execution.
[2023-10-19T12:44:28.675+0000] {filesystem.py:64} INFO - Poking for file /opt/in/tiktok_google_play_reviews.csv
[2023-10-19T12:44:28.675+0000] {filesystem.py:69} INFO - Found File /opt/in/tiktok_google_play_reviews.csv last modified: 20220405221612
[2023-10-19T12:44:28.676+0000] {base.py:287} INFO - Success criteria met. Exiting.
[2023-10-19T12:44:28.685+0000] {taskinstance.py:1400} INFO - Marking task as SUCCESS. dag_id=copy_tranform_to_mongo, task_id=waiting_for_data, execution_date=20210517T000000, start_date=20231019T124428, end_date=20231019T124428
[2023-10-19T12:44:28.745+0000] {local_task_job_runner.py:228} INFO - Task exited with return code 0
[2023-10-19T12:44:28.786+0000] {taskinstance.py:2778} INFO - 1 downstream tasks scheduled from follow-on schedule check
