[2023-10-17T11:18:59.938+0000] {taskinstance.py:1159} INFO - Dependencies all met for dep_context=non-requeueable deps ti=<TaskInstance: copy_tranform_to_mongo.waiting_for_data scheduled__2021-02-14T00:00:00+00:00 [queued]>
[2023-10-17T11:18:59.950+0000] {taskinstance.py:1159} INFO - Dependencies all met for dep_context=requeueable deps ti=<TaskInstance: copy_tranform_to_mongo.waiting_for_data scheduled__2021-02-14T00:00:00+00:00 [queued]>
[2023-10-17T11:18:59.951+0000] {taskinstance.py:1361} INFO - Starting attempt 1 of 1
[2023-10-17T11:18:59.981+0000] {taskinstance.py:1382} INFO - Executing <Task(FileSensor): waiting_for_data> on 2021-02-14 00:00:00+00:00
[2023-10-17T11:18:59.990+0000] {standard_task_runner.py:57} INFO - Started process 515 to run task
[2023-10-17T11:18:59.993+0000] {standard_task_runner.py:84} INFO - Running: ['***', 'tasks', 'run', 'copy_tranform_to_mongo', 'waiting_for_data', 'scheduled__2021-02-14T00:00:00+00:00', '--job-id', '49', '--raw', '--subdir', 'DAGS_FOLDER/file_***-mongo.py', '--cfg-path', '/tmp/tmp69s5fq83']
[2023-10-17T11:18:59.993+0000] {standard_task_runner.py:85} INFO - Job 49: Subtask waiting_for_data
[2023-10-17T11:19:00.036+0000] {task_command.py:416} INFO - Running <TaskInstance: copy_tranform_to_mongo.waiting_for_data scheduled__2021-02-14T00:00:00+00:00 [running]> on host 238c1d4ff767
[2023-10-17T11:19:00.104+0000] {taskinstance.py:1662} INFO - Exporting env vars: AIRFLOW_CTX_DAG_OWNER='***' AIRFLOW_CTX_DAG_ID='copy_tranform_to_mongo' AIRFLOW_CTX_TASK_ID='waiting_for_data' AIRFLOW_CTX_EXECUTION_DATE='2021-02-14T00:00:00+00:00' AIRFLOW_CTX_TRY_NUMBER='1' AIRFLOW_CTX_DAG_RUN_ID='scheduled__2021-02-14T00:00:00+00:00'
[2023-10-17T11:19:00.112+0000] {base.py:73} INFO - Using connection ID 'fs_default' for task execution.
[2023-10-17T11:19:00.112+0000] {filesystem.py:64} INFO - Poking for file /opt/in/tiktok_google_play_reviews.csv
[2023-10-17T11:19:00.113+0000] {filesystem.py:69} INFO - Found File /opt/in/tiktok_google_play_reviews.csv last modified: 20220405221612
[2023-10-17T11:19:00.113+0000] {base.py:287} INFO - Success criteria met. Exiting.
[2023-10-17T11:19:00.120+0000] {taskinstance.py:1400} INFO - Marking task as SUCCESS. dag_id=copy_tranform_to_mongo, task_id=waiting_for_data, execution_date=20210214T000000, start_date=20231017T111859, end_date=20231017T111900
[2023-10-17T11:19:00.165+0000] {local_task_job_runner.py:228} INFO - Task exited with return code 0
[2023-10-17T11:19:00.179+0000] {taskinstance.py:2778} INFO - 0 downstream tasks scheduled from follow-on schedule check
[2023-10-18T10:42:29.541+0000] {taskinstance.py:1159} INFO - Dependencies all met for dep_context=non-requeueable deps ti=<TaskInstance: copy_tranform_to_mongo.waiting_for_data scheduled__2021-02-14T00:00:00+00:00 [queued]>
[2023-10-18T10:42:29.553+0000] {taskinstance.py:1159} INFO - Dependencies all met for dep_context=requeueable deps ti=<TaskInstance: copy_tranform_to_mongo.waiting_for_data scheduled__2021-02-14T00:00:00+00:00 [queued]>
[2023-10-18T10:42:29.553+0000] {taskinstance.py:1361} INFO - Starting attempt 1 of 1
[2023-10-18T10:42:29.569+0000] {taskinstance.py:1382} INFO - Executing <Task(FileSensor): waiting_for_data> on 2021-02-14 00:00:00+00:00
[2023-10-18T10:42:29.575+0000] {standard_task_runner.py:57} INFO - Started process 1479 to run task
[2023-10-18T10:42:29.579+0000] {standard_task_runner.py:84} INFO - Running: ['***', 'tasks', 'run', 'copy_tranform_to_mongo', 'waiting_for_data', 'scheduled__2021-02-14T00:00:00+00:00', '--job-id', '48', '--raw', '--subdir', 'DAGS_FOLDER/file_***-mongo.py', '--cfg-path', '/tmp/tmpwfquw3xa']
[2023-10-18T10:42:29.581+0000] {standard_task_runner.py:85} INFO - Job 48: Subtask waiting_for_data
[2023-10-18T10:42:29.626+0000] {task_command.py:416} INFO - Running <TaskInstance: copy_tranform_to_mongo.waiting_for_data scheduled__2021-02-14T00:00:00+00:00 [running]> on host 2473b23ba069
[2023-10-18T10:42:29.706+0000] {taskinstance.py:1662} INFO - Exporting env vars: AIRFLOW_CTX_DAG_OWNER='***' AIRFLOW_CTX_DAG_ID='copy_tranform_to_mongo' AIRFLOW_CTX_TASK_ID='waiting_for_data' AIRFLOW_CTX_EXECUTION_DATE='2021-02-14T00:00:00+00:00' AIRFLOW_CTX_TRY_NUMBER='1' AIRFLOW_CTX_DAG_RUN_ID='scheduled__2021-02-14T00:00:00+00:00'
[2023-10-18T10:42:29.727+0000] {taskinstance.py:1937} ERROR - Task failed with exception
Traceback (most recent call last):
  File "/home/airflow/.local/lib/python3.8/site-packages/airflow/sensors/base.py", line 257, in execute
    raise e
  File "/home/airflow/.local/lib/python3.8/site-packages/airflow/sensors/base.py", line 239, in execute
    poke_return = self.poke(context)
  File "/home/airflow/.local/lib/python3.8/site-packages/airflow/sensors/filesystem.py", line 61, in poke
    hook = FSHook(self.fs_conn_id)
  File "/home/airflow/.local/lib/python3.8/site-packages/airflow/hooks/filesystem.py", line 38, in __init__
    conn = self.get_connection(conn_id)
  File "/home/airflow/.local/lib/python3.8/site-packages/airflow/hooks/base.py", line 72, in get_connection
    conn = Connection.get_connection_from_secrets(conn_id)
  File "/home/airflow/.local/lib/python3.8/site-packages/airflow/models/connection.py", line 477, in get_connection_from_secrets
    raise AirflowNotFoundException(f"The conn_id `{conn_id}` isn't defined")
airflow.exceptions.AirflowNotFoundException: The conn_id `fs_default` isn't defined
[2023-10-18T10:42:29.732+0000] {taskinstance.py:1400} INFO - Marking task as FAILED. dag_id=copy_tranform_to_mongo, task_id=waiting_for_data, execution_date=20210214T000000, start_date=20231018T104229, end_date=20231018T104229
[2023-10-18T10:42:29.745+0000] {standard_task_runner.py:104} ERROR - Failed to execute job 48 for task waiting_for_data (The conn_id `fs_default` isn't defined; 1479)
[2023-10-18T10:42:29.758+0000] {local_task_job_runner.py:228} INFO - Task exited with return code 1
[2023-10-18T10:42:29.788+0000] {taskinstance.py:2778} INFO - 0 downstream tasks scheduled from follow-on schedule check
[2023-10-18T11:16:54.706+0000] {taskinstance.py:1159} INFO - Dependencies all met for dep_context=non-requeueable deps ti=<TaskInstance: copy_tranform_to_mongo.waiting_for_data scheduled__2021-02-14T00:00:00+00:00 [queued]>
[2023-10-18T11:16:54.731+0000] {taskinstance.py:1159} INFO - Dependencies all met for dep_context=requeueable deps ti=<TaskInstance: copy_tranform_to_mongo.waiting_for_data scheduled__2021-02-14T00:00:00+00:00 [queued]>
[2023-10-18T11:16:54.731+0000] {taskinstance.py:1361} INFO - Starting attempt 1 of 1
[2023-10-18T11:16:54.767+0000] {taskinstance.py:1382} INFO - Executing <Task(FileSensor): waiting_for_data> on 2021-02-14 00:00:00+00:00
[2023-10-18T11:16:54.779+0000] {standard_task_runner.py:57} INFO - Started process 225 to run task
[2023-10-18T11:16:54.782+0000] {standard_task_runner.py:84} INFO - Running: ['***', 'tasks', 'run', 'copy_tranform_to_mongo', 'waiting_for_data', 'scheduled__2021-02-14T00:00:00+00:00', '--job-id', '50', '--raw', '--subdir', 'DAGS_FOLDER/file_***-mongo.py', '--cfg-path', '/tmp/tmpynfc2k6n']
[2023-10-18T11:16:54.783+0000] {standard_task_runner.py:85} INFO - Job 50: Subtask waiting_for_data
[2023-10-18T11:16:54.887+0000] {task_command.py:416} INFO - Running <TaskInstance: copy_tranform_to_mongo.waiting_for_data scheduled__2021-02-14T00:00:00+00:00 [running]> on host 0e68aa52dfc7
[2023-10-18T11:16:54.996+0000] {taskinstance.py:1662} INFO - Exporting env vars: AIRFLOW_CTX_DAG_OWNER='***' AIRFLOW_CTX_DAG_ID='copy_tranform_to_mongo' AIRFLOW_CTX_TASK_ID='waiting_for_data' AIRFLOW_CTX_EXECUTION_DATE='2021-02-14T00:00:00+00:00' AIRFLOW_CTX_TRY_NUMBER='1' AIRFLOW_CTX_DAG_RUN_ID='scheduled__2021-02-14T00:00:00+00:00'
[2023-10-18T11:16:55.007+0000] {base.py:73} INFO - Using connection ID 'fs_default' for task execution.
[2023-10-18T11:16:55.008+0000] {filesystem.py:64} INFO - Poking for file /opt/in/tiktok_google_play_reviews.csv
[2023-10-18T11:16:55.008+0000] {filesystem.py:69} INFO - Found File /opt/in/tiktok_google_play_reviews.csv last modified: 20220405221612
[2023-10-18T11:16:55.009+0000] {base.py:287} INFO - Success criteria met. Exiting.
[2023-10-18T11:16:55.031+0000] {taskinstance.py:1400} INFO - Marking task as SUCCESS. dag_id=copy_tranform_to_mongo, task_id=waiting_for_data, execution_date=20210214T000000, start_date=20231018T111654, end_date=20231018T111655
[2023-10-18T11:16:55.102+0000] {local_task_job_runner.py:228} INFO - Task exited with return code 0
[2023-10-18T11:16:55.145+0000] {taskinstance.py:2778} INFO - 1 downstream tasks scheduled from follow-on schedule check
[2023-10-19T12:11:33.912+0000] {taskinstance.py:1159} INFO - Dependencies all met for dep_context=non-requeueable deps ti=<TaskInstance: copy_tranform_to_mongo.waiting_for_data scheduled__2021-02-14T00:00:00+00:00 [queued]>
[2023-10-19T12:11:33.921+0000] {taskinstance.py:1159} INFO - Dependencies all met for dep_context=requeueable deps ti=<TaskInstance: copy_tranform_to_mongo.waiting_for_data scheduled__2021-02-14T00:00:00+00:00 [queued]>
[2023-10-19T12:11:33.922+0000] {taskinstance.py:1361} INFO - Starting attempt 1 of 1
[2023-10-19T12:11:33.935+0000] {taskinstance.py:1382} INFO - Executing <Task(FileSensor): waiting_for_data> on 2021-02-14 00:00:00+00:00
[2023-10-19T12:11:33.943+0000] {standard_task_runner.py:57} INFO - Started process 280 to run task
[2023-10-19T12:11:33.949+0000] {standard_task_runner.py:84} INFO - Running: ['***', 'tasks', 'run', 'copy_tranform_to_mongo', 'waiting_for_data', 'scheduled__2021-02-14T00:00:00+00:00', '--job-id', '47', '--raw', '--subdir', 'DAGS_FOLDER/file_***-mongo.py', '--cfg-path', '/tmp/tmprtu0f6eq']
[2023-10-19T12:11:33.950+0000] {standard_task_runner.py:85} INFO - Job 47: Subtask waiting_for_data
[2023-10-19T12:11:33.998+0000] {task_command.py:416} INFO - Running <TaskInstance: copy_tranform_to_mongo.waiting_for_data scheduled__2021-02-14T00:00:00+00:00 [running]> on host 6f5df7fea6fd
[2023-10-19T12:11:34.076+0000] {taskinstance.py:1662} INFO - Exporting env vars: AIRFLOW_CTX_DAG_OWNER='***' AIRFLOW_CTX_DAG_ID='copy_tranform_to_mongo' AIRFLOW_CTX_TASK_ID='waiting_for_data' AIRFLOW_CTX_EXECUTION_DATE='2021-02-14T00:00:00+00:00' AIRFLOW_CTX_TRY_NUMBER='1' AIRFLOW_CTX_DAG_RUN_ID='scheduled__2021-02-14T00:00:00+00:00'
[2023-10-19T12:11:34.084+0000] {base.py:73} INFO - Using connection ID 'fs_default' for task execution.
[2023-10-19T12:11:34.084+0000] {filesystem.py:64} INFO - Poking for file /opt/in/tiktok_google_play_reviews.csv
[2023-10-19T12:11:34.085+0000] {filesystem.py:69} INFO - Found File /opt/in/tiktok_google_play_reviews.csv last modified: 20220405221612
[2023-10-19T12:11:34.085+0000] {base.py:287} INFO - Success criteria met. Exiting.
[2023-10-19T12:11:34.094+0000] {taskinstance.py:1400} INFO - Marking task as SUCCESS. dag_id=copy_tranform_to_mongo, task_id=waiting_for_data, execution_date=20210214T000000, start_date=20231019T121133, end_date=20231019T121134
[2023-10-19T12:11:34.117+0000] {local_task_job_runner.py:228} INFO - Task exited with return code 0
[2023-10-19T12:11:34.159+0000] {taskinstance.py:2778} INFO - 1 downstream tasks scheduled from follow-on schedule check
