[2023-10-17T11:20:11.481+0000] {taskinstance.py:1159} INFO - Dependencies all met for dep_context=non-requeueable deps ti=<TaskInstance: copy_tranform_to_mongo.waiting_for_data scheduled__2021-08-09T00:00:00+00:00 [queued]>
[2023-10-17T11:20:11.488+0000] {taskinstance.py:1159} INFO - Dependencies all met for dep_context=requeueable deps ti=<TaskInstance: copy_tranform_to_mongo.waiting_for_data scheduled__2021-08-09T00:00:00+00:00 [queued]>
[2023-10-17T11:20:11.488+0000] {taskinstance.py:1361} INFO - Starting attempt 1 of 1
[2023-10-17T11:20:11.497+0000] {taskinstance.py:1382} INFO - Executing <Task(FileSensor): waiting_for_data> on 2021-08-09 00:00:00+00:00
[2023-10-17T11:20:11.503+0000] {standard_task_runner.py:57} INFO - Started process 881 to run task
[2023-10-17T11:20:11.505+0000] {standard_task_runner.py:84} INFO - Running: ['***', 'tasks', 'run', 'copy_tranform_to_mongo', 'waiting_for_data', 'scheduled__2021-08-09T00:00:00+00:00', '--job-id', '225', '--raw', '--subdir', 'DAGS_FOLDER/file_***-mongo.py', '--cfg-path', '/tmp/tmpk2v7w2oy']
[2023-10-17T11:20:11.506+0000] {standard_task_runner.py:85} INFO - Job 225: Subtask waiting_for_data
[2023-10-17T11:20:11.547+0000] {task_command.py:416} INFO - Running <TaskInstance: copy_tranform_to_mongo.waiting_for_data scheduled__2021-08-09T00:00:00+00:00 [running]> on host 238c1d4ff767
[2023-10-17T11:20:11.619+0000] {taskinstance.py:1662} INFO - Exporting env vars: AIRFLOW_CTX_DAG_OWNER='***' AIRFLOW_CTX_DAG_ID='copy_tranform_to_mongo' AIRFLOW_CTX_TASK_ID='waiting_for_data' AIRFLOW_CTX_EXECUTION_DATE='2021-08-09T00:00:00+00:00' AIRFLOW_CTX_TRY_NUMBER='1' AIRFLOW_CTX_DAG_RUN_ID='scheduled__2021-08-09T00:00:00+00:00'
[2023-10-17T11:20:11.625+0000] {base.py:73} INFO - Using connection ID 'fs_default' for task execution.
[2023-10-17T11:20:11.626+0000] {filesystem.py:64} INFO - Poking for file /opt/in/tiktok_google_play_reviews.csv
[2023-10-17T11:20:11.626+0000] {filesystem.py:69} INFO - Found File /opt/in/tiktok_google_play_reviews.csv last modified: 20220405221612
[2023-10-17T11:20:11.626+0000] {base.py:287} INFO - Success criteria met. Exiting.
[2023-10-17T11:20:11.633+0000] {taskinstance.py:1400} INFO - Marking task as SUCCESS. dag_id=copy_tranform_to_mongo, task_id=waiting_for_data, execution_date=20210809T000000, start_date=20231017T112011, end_date=20231017T112011
[2023-10-17T11:20:11.677+0000] {local_task_job_runner.py:228} INFO - Task exited with return code 0
[2023-10-17T11:20:11.704+0000] {taskinstance.py:2778} INFO - 0 downstream tasks scheduled from follow-on schedule check
[2023-10-18T10:43:54.261+0000] {taskinstance.py:1159} INFO - Dependencies all met for dep_context=non-requeueable deps ti=<TaskInstance: copy_tranform_to_mongo.waiting_for_data scheduled__2021-08-09T00:00:00+00:00 [queued]>
[2023-10-18T10:43:54.271+0000] {taskinstance.py:1159} INFO - Dependencies all met for dep_context=requeueable deps ti=<TaskInstance: copy_tranform_to_mongo.waiting_for_data scheduled__2021-08-09T00:00:00+00:00 [queued]>
[2023-10-18T10:43:54.272+0000] {taskinstance.py:1361} INFO - Starting attempt 1 of 1
[2023-10-18T10:43:54.288+0000] {taskinstance.py:1382} INFO - Executing <Task(FileSensor): waiting_for_data> on 2021-08-09 00:00:00+00:00
[2023-10-18T10:43:54.292+0000] {standard_task_runner.py:57} INFO - Started process 1853 to run task
[2023-10-18T10:43:54.294+0000] {standard_task_runner.py:84} INFO - Running: ['***', 'tasks', 'run', 'copy_tranform_to_mongo', 'waiting_for_data', 'scheduled__2021-08-09T00:00:00+00:00', '--job-id', '224', '--raw', '--subdir', 'DAGS_FOLDER/file_***-mongo.py', '--cfg-path', '/tmp/tmprzg2iurr']
[2023-10-18T10:43:54.295+0000] {standard_task_runner.py:85} INFO - Job 224: Subtask waiting_for_data
[2023-10-18T10:43:54.338+0000] {task_command.py:416} INFO - Running <TaskInstance: copy_tranform_to_mongo.waiting_for_data scheduled__2021-08-09T00:00:00+00:00 [running]> on host 2473b23ba069
[2023-10-18T10:43:54.416+0000] {taskinstance.py:1662} INFO - Exporting env vars: AIRFLOW_CTX_DAG_OWNER='***' AIRFLOW_CTX_DAG_ID='copy_tranform_to_mongo' AIRFLOW_CTX_TASK_ID='waiting_for_data' AIRFLOW_CTX_EXECUTION_DATE='2021-08-09T00:00:00+00:00' AIRFLOW_CTX_TRY_NUMBER='1' AIRFLOW_CTX_DAG_RUN_ID='scheduled__2021-08-09T00:00:00+00:00'
[2023-10-18T10:43:54.429+0000] {base.py:73} INFO - Using connection ID 'fs_default' for task execution.
[2023-10-18T10:43:54.429+0000] {filesystem.py:64} INFO - Poking for file in/tiktok_google_play_reviews.csv
[2023-10-18T10:44:54.494+0000] {base.py:73} INFO - Using connection ID 'fs_default' for task execution.
[2023-10-18T10:44:54.494+0000] {filesystem.py:64} INFO - Poking for file in/tiktok_google_play_reviews.csv
[2023-10-18T10:45:54.563+0000] {base.py:73} INFO - Using connection ID 'fs_default' for task execution.
[2023-10-18T10:45:54.563+0000] {filesystem.py:64} INFO - Poking for file in/tiktok_google_play_reviews.csv
[2023-10-18T10:46:54.621+0000] {base.py:73} INFO - Using connection ID 'fs_default' for task execution.
[2023-10-18T10:46:54.621+0000] {filesystem.py:64} INFO - Poking for file in/tiktok_google_play_reviews.csv
[2023-10-18T10:47:54.694+0000] {base.py:73} INFO - Using connection ID 'fs_default' for task execution.
[2023-10-18T10:47:54.694+0000] {filesystem.py:64} INFO - Poking for file /opt/in/tiktok_google_play_reviews.csv
[2023-10-18T10:47:54.695+0000] {filesystem.py:69} INFO - Found File /opt/in/tiktok_google_play_reviews.csv last modified: 20220405221612
[2023-10-18T10:47:54.695+0000] {base.py:287} INFO - Success criteria met. Exiting.
[2023-10-18T10:47:54.707+0000] {taskinstance.py:1400} INFO - Marking task as SUCCESS. dag_id=copy_tranform_to_mongo, task_id=waiting_for_data, execution_date=20210809T000000, start_date=20231018T104354, end_date=20231018T104754
[2023-10-18T10:47:54.750+0000] {local_task_job_runner.py:228} INFO - Task exited with return code 0
[2023-10-18T10:47:54.784+0000] {taskinstance.py:2778} INFO - 1 downstream tasks scheduled from follow-on schedule check
[2023-10-18T11:44:27.152+0000] {taskinstance.py:1159} INFO - Dependencies all met for dep_context=non-requeueable deps ti=<TaskInstance: copy_tranform_to_mongo.waiting_for_data scheduled__2021-08-09T00:00:00+00:00 [queued]>
[2023-10-18T11:44:27.163+0000] {taskinstance.py:1159} INFO - Dependencies all met for dep_context=requeueable deps ti=<TaskInstance: copy_tranform_to_mongo.waiting_for_data scheduled__2021-08-09T00:00:00+00:00 [queued]>
[2023-10-18T11:44:27.163+0000] {taskinstance.py:1361} INFO - Starting attempt 1 of 1
[2023-10-18T11:44:27.181+0000] {taskinstance.py:1382} INFO - Executing <Task(FileSensor): waiting_for_data> on 2021-08-09 00:00:00+00:00
[2023-10-18T11:44:27.190+0000] {standard_task_runner.py:57} INFO - Started process 1353 to run task
[2023-10-18T11:44:27.194+0000] {standard_task_runner.py:84} INFO - Running: ['***', 'tasks', 'run', 'copy_tranform_to_mongo', 'waiting_for_data', 'scheduled__2021-08-09T00:00:00+00:00', '--job-id', '401', '--raw', '--subdir', 'DAGS_FOLDER/file_***-mongo.py', '--cfg-path', '/tmp/tmpvgzfvsnv']
[2023-10-18T11:44:27.195+0000] {standard_task_runner.py:85} INFO - Job 401: Subtask waiting_for_data
[2023-10-18T11:44:27.243+0000] {task_command.py:416} INFO - Running <TaskInstance: copy_tranform_to_mongo.waiting_for_data scheduled__2021-08-09T00:00:00+00:00 [running]> on host 0e68aa52dfc7
[2023-10-18T11:44:27.331+0000] {taskinstance.py:1662} INFO - Exporting env vars: AIRFLOW_CTX_DAG_OWNER='***' AIRFLOW_CTX_DAG_ID='copy_tranform_to_mongo' AIRFLOW_CTX_TASK_ID='waiting_for_data' AIRFLOW_CTX_EXECUTION_DATE='2021-08-09T00:00:00+00:00' AIRFLOW_CTX_TRY_NUMBER='1' AIRFLOW_CTX_DAG_RUN_ID='scheduled__2021-08-09T00:00:00+00:00'
[2023-10-18T11:44:27.346+0000] {base.py:73} INFO - Using connection ID 'fs_default' for task execution.
[2023-10-18T11:44:27.347+0000] {filesystem.py:64} INFO - Poking for file /opt/in/tiktok_google_play_reviews.csv
[2023-10-18T11:44:27.347+0000] {filesystem.py:69} INFO - Found File /opt/in/tiktok_google_play_reviews.csv last modified: 20220405221612
[2023-10-18T11:44:27.348+0000] {base.py:287} INFO - Success criteria met. Exiting.
[2023-10-18T11:44:27.359+0000] {taskinstance.py:1400} INFO - Marking task as SUCCESS. dag_id=copy_tranform_to_mongo, task_id=waiting_for_data, execution_date=20210809T000000, start_date=20231018T114427, end_date=20231018T114427
[2023-10-18T11:44:27.409+0000] {local_task_job_runner.py:228} INFO - Task exited with return code 0
[2023-10-18T11:44:27.445+0000] {taskinstance.py:2778} INFO - 0 downstream tasks scheduled from follow-on schedule check
