[2023-10-17T11:20:34.759+0000] {taskinstance.py:1159} INFO - Dependencies all met for dep_context=non-requeueable deps ti=<TaskInstance: copy_tranform_to_mongo.waiting_for_data scheduled__2021-10-04T00:00:00+00:00 [queued]>
[2023-10-17T11:20:34.766+0000] {taskinstance.py:1159} INFO - Dependencies all met for dep_context=requeueable deps ti=<TaskInstance: copy_tranform_to_mongo.waiting_for_data scheduled__2021-10-04T00:00:00+00:00 [queued]>
[2023-10-17T11:20:34.766+0000] {taskinstance.py:1361} INFO - Starting attempt 1 of 1
[2023-10-17T11:20:34.774+0000] {taskinstance.py:1382} INFO - Executing <Task(FileSensor): waiting_for_data> on 2021-10-04 00:00:00+00:00
[2023-10-17T11:20:34.778+0000] {standard_task_runner.py:57} INFO - Started process 1001 to run task
[2023-10-17T11:20:34.780+0000] {standard_task_runner.py:84} INFO - Running: ['***', 'tasks', 'run', 'copy_tranform_to_mongo', 'waiting_for_data', 'scheduled__2021-10-04T00:00:00+00:00', '--job-id', '281', '--raw', '--subdir', 'DAGS_FOLDER/file_***-mongo.py', '--cfg-path', '/tmp/tmppongae82']
[2023-10-17T11:20:34.781+0000] {standard_task_runner.py:85} INFO - Job 281: Subtask waiting_for_data
[2023-10-17T11:20:34.812+0000] {task_command.py:416} INFO - Running <TaskInstance: copy_tranform_to_mongo.waiting_for_data scheduled__2021-10-04T00:00:00+00:00 [running]> on host 238c1d4ff767
[2023-10-17T11:20:34.863+0000] {taskinstance.py:1662} INFO - Exporting env vars: AIRFLOW_CTX_DAG_OWNER='***' AIRFLOW_CTX_DAG_ID='copy_tranform_to_mongo' AIRFLOW_CTX_TASK_ID='waiting_for_data' AIRFLOW_CTX_EXECUTION_DATE='2021-10-04T00:00:00+00:00' AIRFLOW_CTX_TRY_NUMBER='1' AIRFLOW_CTX_DAG_RUN_ID='scheduled__2021-10-04T00:00:00+00:00'
[2023-10-17T11:20:34.870+0000] {base.py:73} INFO - Using connection ID 'fs_default' for task execution.
[2023-10-17T11:20:34.870+0000] {filesystem.py:64} INFO - Poking for file /opt/in/tiktok_google_play_reviews.csv
[2023-10-17T11:20:34.870+0000] {filesystem.py:69} INFO - Found File /opt/in/tiktok_google_play_reviews.csv last modified: 20220405221612
[2023-10-17T11:20:34.870+0000] {base.py:287} INFO - Success criteria met. Exiting.
[2023-10-17T11:20:34.875+0000] {taskinstance.py:1400} INFO - Marking task as SUCCESS. dag_id=copy_tranform_to_mongo, task_id=waiting_for_data, execution_date=20211004T000000, start_date=20231017T112034, end_date=20231017T112034
[2023-10-17T11:20:34.912+0000] {local_task_job_runner.py:228} INFO - Task exited with return code 0
[2023-10-17T11:20:34.937+0000] {taskinstance.py:2778} INFO - 0 downstream tasks scheduled from follow-on schedule check
[2023-10-18T11:45:01.114+0000] {taskinstance.py:1159} INFO - Dependencies all met for dep_context=non-requeueable deps ti=<TaskInstance: copy_tranform_to_mongo.waiting_for_data scheduled__2021-10-04T00:00:00+00:00 [queued]>
[2023-10-18T11:45:01.128+0000] {taskinstance.py:1159} INFO - Dependencies all met for dep_context=requeueable deps ti=<TaskInstance: copy_tranform_to_mongo.waiting_for_data scheduled__2021-10-04T00:00:00+00:00 [queued]>
[2023-10-18T11:45:01.129+0000] {taskinstance.py:1361} INFO - Starting attempt 1 of 1
[2023-10-18T11:45:01.147+0000] {taskinstance.py:1382} INFO - Executing <Task(FileSensor): waiting_for_data> on 2021-10-04 00:00:00+00:00
[2023-10-18T11:45:01.156+0000] {standard_task_runner.py:57} INFO - Started process 1588 to run task
[2023-10-18T11:45:01.164+0000] {standard_task_runner.py:84} INFO - Running: ['***', 'tasks', 'run', 'copy_tranform_to_mongo', 'waiting_for_data', 'scheduled__2021-10-04T00:00:00+00:00', '--job-id', '514', '--raw', '--subdir', 'DAGS_FOLDER/file_***-mongo.py', '--cfg-path', '/tmp/tmp5avkmh_d']
[2023-10-18T11:45:01.165+0000] {standard_task_runner.py:85} INFO - Job 514: Subtask waiting_for_data
[2023-10-18T11:45:01.228+0000] {task_command.py:416} INFO - Running <TaskInstance: copy_tranform_to_mongo.waiting_for_data scheduled__2021-10-04T00:00:00+00:00 [running]> on host 0e68aa52dfc7
[2023-10-18T11:45:01.321+0000] {taskinstance.py:1662} INFO - Exporting env vars: AIRFLOW_CTX_DAG_OWNER='***' AIRFLOW_CTX_DAG_ID='copy_tranform_to_mongo' AIRFLOW_CTX_TASK_ID='waiting_for_data' AIRFLOW_CTX_EXECUTION_DATE='2021-10-04T00:00:00+00:00' AIRFLOW_CTX_TRY_NUMBER='1' AIRFLOW_CTX_DAG_RUN_ID='scheduled__2021-10-04T00:00:00+00:00'
[2023-10-18T11:45:01.332+0000] {base.py:73} INFO - Using connection ID 'fs_default' for task execution.
[2023-10-18T11:45:01.333+0000] {filesystem.py:64} INFO - Poking for file /opt/in/tiktok_google_play_reviews.csv
[2023-10-18T11:45:01.334+0000] {filesystem.py:69} INFO - Found File /opt/in/tiktok_google_play_reviews.csv last modified: 20220405221612
[2023-10-18T11:45:01.334+0000] {base.py:287} INFO - Success criteria met. Exiting.
[2023-10-18T11:45:01.344+0000] {taskinstance.py:1400} INFO - Marking task as SUCCESS. dag_id=copy_tranform_to_mongo, task_id=waiting_for_data, execution_date=20211004T000000, start_date=20231018T114501, end_date=20231018T114501
[2023-10-18T11:45:01.372+0000] {local_task_job_runner.py:228} INFO - Task exited with return code 0
[2023-10-18T11:45:01.406+0000] {taskinstance.py:2778} INFO - 1 downstream tasks scheduled from follow-on schedule check
