[2023-10-17T11:19:45.172+0000] {taskinstance.py:1159} INFO - Dependencies all met for dep_context=non-requeueable deps ti=<TaskInstance: copy_tranform_to_mongo.waiting_for_data scheduled__2021-06-04T00:00:00+00:00 [queued]>
[2023-10-17T11:19:45.182+0000] {taskinstance.py:1159} INFO - Dependencies all met for dep_context=requeueable deps ti=<TaskInstance: copy_tranform_to_mongo.waiting_for_data scheduled__2021-06-04T00:00:00+00:00 [queued]>
[2023-10-17T11:19:45.183+0000] {taskinstance.py:1361} INFO - Starting attempt 1 of 1
[2023-10-17T11:19:45.212+0000] {taskinstance.py:1382} INFO - Executing <Task(FileSensor): waiting_for_data> on 2021-06-04 00:00:00+00:00
[2023-10-17T11:19:45.220+0000] {standard_task_runner.py:57} INFO - Started process 743 to run task
[2023-10-17T11:19:45.223+0000] {standard_task_runner.py:84} INFO - Running: ['***', 'tasks', 'run', 'copy_tranform_to_mongo', 'waiting_for_data', 'scheduled__2021-06-04T00:00:00+00:00', '--job-id', '159', '--raw', '--subdir', 'DAGS_FOLDER/file_***-mongo.py', '--cfg-path', '/tmp/tmpiv5z1rqv']
[2023-10-17T11:19:45.224+0000] {standard_task_runner.py:85} INFO - Job 159: Subtask waiting_for_data
[2023-10-17T11:19:45.293+0000] {task_command.py:416} INFO - Running <TaskInstance: copy_tranform_to_mongo.waiting_for_data scheduled__2021-06-04T00:00:00+00:00 [running]> on host 238c1d4ff767
[2023-10-17T11:19:45.424+0000] {taskinstance.py:1662} INFO - Exporting env vars: AIRFLOW_CTX_DAG_OWNER='***' AIRFLOW_CTX_DAG_ID='copy_tranform_to_mongo' AIRFLOW_CTX_TASK_ID='waiting_for_data' AIRFLOW_CTX_EXECUTION_DATE='2021-06-04T00:00:00+00:00' AIRFLOW_CTX_TRY_NUMBER='1' AIRFLOW_CTX_DAG_RUN_ID='scheduled__2021-06-04T00:00:00+00:00'
[2023-10-17T11:19:45.437+0000] {base.py:73} INFO - Using connection ID 'fs_default' for task execution.
[2023-10-17T11:19:45.437+0000] {filesystem.py:64} INFO - Poking for file /opt/in/tiktok_google_play_reviews.csv
[2023-10-17T11:19:45.438+0000] {filesystem.py:69} INFO - Found File /opt/in/tiktok_google_play_reviews.csv last modified: 20220405221612
[2023-10-17T11:19:45.438+0000] {base.py:287} INFO - Success criteria met. Exiting.
[2023-10-17T11:19:45.446+0000] {taskinstance.py:1400} INFO - Marking task as SUCCESS. dag_id=copy_tranform_to_mongo, task_id=waiting_for_data, execution_date=20210604T000000, start_date=20231017T111945, end_date=20231017T111945
[2023-10-17T11:19:45.494+0000] {local_task_job_runner.py:228} INFO - Task exited with return code 0
[2023-10-17T11:19:45.532+0000] {taskinstance.py:2778} INFO - 0 downstream tasks scheduled from follow-on schedule check
[2023-10-18T10:43:24.860+0000] {taskinstance.py:1159} INFO - Dependencies all met for dep_context=non-requeueable deps ti=<TaskInstance: copy_tranform_to_mongo.waiting_for_data scheduled__2021-06-04T00:00:00+00:00 [queued]>
[2023-10-18T10:43:24.867+0000] {taskinstance.py:1159} INFO - Dependencies all met for dep_context=requeueable deps ti=<TaskInstance: copy_tranform_to_mongo.waiting_for_data scheduled__2021-06-04T00:00:00+00:00 [queued]>
[2023-10-18T10:43:24.867+0000] {taskinstance.py:1361} INFO - Starting attempt 1 of 1
[2023-10-18T10:43:24.879+0000] {taskinstance.py:1382} INFO - Executing <Task(FileSensor): waiting_for_data> on 2021-06-04 00:00:00+00:00
[2023-10-18T10:43:24.884+0000] {standard_task_runner.py:57} INFO - Started process 1712 to run task
[2023-10-18T10:43:24.886+0000] {standard_task_runner.py:84} INFO - Running: ['***', 'tasks', 'run', 'copy_tranform_to_mongo', 'waiting_for_data', 'scheduled__2021-06-04T00:00:00+00:00', '--job-id', '158', '--raw', '--subdir', 'DAGS_FOLDER/file_***-mongo.py', '--cfg-path', '/tmp/tmp34i4lhci']
[2023-10-18T10:43:24.886+0000] {standard_task_runner.py:85} INFO - Job 158: Subtask waiting_for_data
[2023-10-18T10:43:24.922+0000] {task_command.py:416} INFO - Running <TaskInstance: copy_tranform_to_mongo.waiting_for_data scheduled__2021-06-04T00:00:00+00:00 [running]> on host 2473b23ba069
[2023-10-18T10:43:24.972+0000] {taskinstance.py:1662} INFO - Exporting env vars: AIRFLOW_CTX_DAG_OWNER='***' AIRFLOW_CTX_DAG_ID='copy_tranform_to_mongo' AIRFLOW_CTX_TASK_ID='waiting_for_data' AIRFLOW_CTX_EXECUTION_DATE='2021-06-04T00:00:00+00:00' AIRFLOW_CTX_TRY_NUMBER='1' AIRFLOW_CTX_DAG_RUN_ID='scheduled__2021-06-04T00:00:00+00:00'
[2023-10-18T10:43:24.985+0000] {taskinstance.py:1937} ERROR - Task failed with exception
Traceback (most recent call last):
  File "/home/airflow/.local/lib/python3.8/site-packages/airflow/sensors/base.py", line 257, in execute
    raise e
  File "/home/airflow/.local/lib/python3.8/site-packages/airflow/sensors/base.py", line 239, in execute
    poke_return = self.poke(context)
  File "/home/airflow/.local/lib/python3.8/site-packages/airflow/sensors/filesystem.py", line 61, in poke
    hook = FSHook(self.fs_conn_id)
  File "/home/airflow/.local/lib/python3.8/site-packages/airflow/hooks/filesystem.py", line 38, in __init__
    conn = self.get_connection(conn_id)
  File "/home/airflow/.local/lib/python3.8/site-packages/airflow/hooks/base.py", line 72, in get_connection
    conn = Connection.get_connection_from_secrets(conn_id)
  File "/home/airflow/.local/lib/python3.8/site-packages/airflow/models/connection.py", line 477, in get_connection_from_secrets
    raise AirflowNotFoundException(f"The conn_id `{conn_id}` isn't defined")
airflow.exceptions.AirflowNotFoundException: The conn_id `fs_default` isn't defined
[2023-10-18T10:43:24.988+0000] {taskinstance.py:1400} INFO - Marking task as FAILED. dag_id=copy_tranform_to_mongo, task_id=waiting_for_data, execution_date=20210604T000000, start_date=20231018T104324, end_date=20231018T104324
[2023-10-18T10:43:24.995+0000] {standard_task_runner.py:104} ERROR - Failed to execute job 158 for task waiting_for_data (The conn_id `fs_default` isn't defined; 1712)
[2023-10-18T10:43:25.017+0000] {local_task_job_runner.py:228} INFO - Task exited with return code 1
[2023-10-18T10:43:25.045+0000] {taskinstance.py:2778} INFO - 0 downstream tasks scheduled from follow-on schedule check
[2023-10-18T11:43:44.544+0000] {taskinstance.py:1159} INFO - Dependencies all met for dep_context=non-requeueable deps ti=<TaskInstance: copy_tranform_to_mongo.waiting_for_data scheduled__2021-06-04T00:00:00+00:00 [queued]>
[2023-10-18T11:43:44.555+0000] {taskinstance.py:1159} INFO - Dependencies all met for dep_context=requeueable deps ti=<TaskInstance: copy_tranform_to_mongo.waiting_for_data scheduled__2021-06-04T00:00:00+00:00 [queued]>
[2023-10-18T11:43:44.555+0000] {taskinstance.py:1361} INFO - Starting attempt 1 of 1
[2023-10-18T11:43:44.573+0000] {taskinstance.py:1382} INFO - Executing <Task(FileSensor): waiting_for_data> on 2021-06-04 00:00:00+00:00
[2023-10-18T11:43:44.583+0000] {standard_task_runner.py:57} INFO - Started process 1076 to run task
[2023-10-18T11:43:44.587+0000] {standard_task_runner.py:84} INFO - Running: ['***', 'tasks', 'run', 'copy_tranform_to_mongo', 'waiting_for_data', 'scheduled__2021-06-04T00:00:00+00:00', '--job-id', '272', '--raw', '--subdir', 'DAGS_FOLDER/file_***-mongo.py', '--cfg-path', '/tmp/tmphv7d6hj1']
[2023-10-18T11:43:44.589+0000] {standard_task_runner.py:85} INFO - Job 272: Subtask waiting_for_data
[2023-10-18T11:43:44.645+0000] {task_command.py:416} INFO - Running <TaskInstance: copy_tranform_to_mongo.waiting_for_data scheduled__2021-06-04T00:00:00+00:00 [running]> on host 0e68aa52dfc7
[2023-10-18T11:43:44.736+0000] {taskinstance.py:1662} INFO - Exporting env vars: AIRFLOW_CTX_DAG_OWNER='***' AIRFLOW_CTX_DAG_ID='copy_tranform_to_mongo' AIRFLOW_CTX_TASK_ID='waiting_for_data' AIRFLOW_CTX_EXECUTION_DATE='2021-06-04T00:00:00+00:00' AIRFLOW_CTX_TRY_NUMBER='1' AIRFLOW_CTX_DAG_RUN_ID='scheduled__2021-06-04T00:00:00+00:00'
[2023-10-18T11:43:44.745+0000] {base.py:73} INFO - Using connection ID 'fs_default' for task execution.
[2023-10-18T11:43:44.745+0000] {filesystem.py:64} INFO - Poking for file /opt/in/tiktok_google_play_reviews.csv
[2023-10-18T11:43:44.745+0000] {filesystem.py:69} INFO - Found File /opt/in/tiktok_google_play_reviews.csv last modified: 20220405221612
[2023-10-18T11:43:44.745+0000] {base.py:287} INFO - Success criteria met. Exiting.
[2023-10-18T11:43:44.752+0000] {taskinstance.py:1400} INFO - Marking task as SUCCESS. dag_id=copy_tranform_to_mongo, task_id=waiting_for_data, execution_date=20210604T000000, start_date=20231018T114344, end_date=20231018T114344
[2023-10-18T11:43:44.800+0000] {local_task_job_runner.py:228} INFO - Task exited with return code 0
[2023-10-18T11:43:44.826+0000] {taskinstance.py:2778} INFO - 1 downstream tasks scheduled from follow-on schedule check
