[2023-10-17T11:26:19.622+0000] {taskinstance.py:1159} INFO - Dependencies all met for dep_context=non-requeueable deps ti=<TaskInstance: copy_tranform_to_mongo.waiting_for_data scheduled__2023-06-13T00:00:00+00:00 [queued]>
[2023-10-17T11:26:19.627+0000] {taskinstance.py:1159} INFO - Dependencies all met for dep_context=requeueable deps ti=<TaskInstance: copy_tranform_to_mongo.waiting_for_data scheduled__2023-06-13T00:00:00+00:00 [queued]>
[2023-10-17T11:26:19.628+0000] {taskinstance.py:1361} INFO - Starting attempt 1 of 1
[2023-10-17T11:26:19.637+0000] {taskinstance.py:1382} INFO - Executing <Task(FileSensor): waiting_for_data> on 2023-06-13 00:00:00+00:00
[2023-10-17T11:26:19.641+0000] {standard_task_runner.py:57} INFO - Started process 2322 to run task
[2023-10-17T11:26:19.643+0000] {standard_task_runner.py:84} INFO - Running: ['***', 'tasks', 'run', 'copy_tranform_to_mongo', 'waiting_for_data', 'scheduled__2023-06-13T00:00:00+00:00', '--job-id', '898', '--raw', '--subdir', 'DAGS_FOLDER/file_***-mongo.py', '--cfg-path', '/tmp/tmpxael0rk_']
[2023-10-17T11:26:19.643+0000] {standard_task_runner.py:85} INFO - Job 898: Subtask waiting_for_data
[2023-10-17T11:26:19.673+0000] {task_command.py:416} INFO - Running <TaskInstance: copy_tranform_to_mongo.waiting_for_data scheduled__2023-06-13T00:00:00+00:00 [running]> on host 238c1d4ff767
[2023-10-17T11:26:19.727+0000] {taskinstance.py:1662} INFO - Exporting env vars: AIRFLOW_CTX_DAG_OWNER='***' AIRFLOW_CTX_DAG_ID='copy_tranform_to_mongo' AIRFLOW_CTX_TASK_ID='waiting_for_data' AIRFLOW_CTX_EXECUTION_DATE='2023-06-13T00:00:00+00:00' AIRFLOW_CTX_TRY_NUMBER='1' AIRFLOW_CTX_DAG_RUN_ID='scheduled__2023-06-13T00:00:00+00:00'
[2023-10-17T11:26:19.734+0000] {base.py:73} INFO - Using connection ID 'fs_default' for task execution.
[2023-10-17T11:26:19.734+0000] {filesystem.py:64} INFO - Poking for file /opt/in/tiktok_google_play_reviews.csv
[2023-10-17T11:26:19.734+0000] {filesystem.py:69} INFO - Found File /opt/in/tiktok_google_play_reviews.csv last modified: 20220405221612
[2023-10-17T11:26:19.734+0000] {base.py:287} INFO - Success criteria met. Exiting.
[2023-10-17T11:26:19.740+0000] {taskinstance.py:1400} INFO - Marking task as SUCCESS. dag_id=copy_tranform_to_mongo, task_id=waiting_for_data, execution_date=20230613T000000, start_date=20231017T112619, end_date=20231017T112619
[2023-10-17T11:26:19.775+0000] {local_task_job_runner.py:228} INFO - Task exited with return code 0
[2023-10-17T11:26:19.802+0000] {taskinstance.py:2778} INFO - 0 downstream tasks scheduled from follow-on schedule check
[2023-10-18T11:51:38.429+0000] {taskinstance.py:1159} INFO - Dependencies all met for dep_context=non-requeueable deps ti=<TaskInstance: copy_tranform_to_mongo.waiting_for_data scheduled__2023-06-13T00:00:00+00:00 [queued]>
[2023-10-18T11:51:38.439+0000] {taskinstance.py:1159} INFO - Dependencies all met for dep_context=requeueable deps ti=<TaskInstance: copy_tranform_to_mongo.waiting_for_data scheduled__2023-06-13T00:00:00+00:00 [queued]>
[2023-10-18T11:51:38.439+0000] {taskinstance.py:1361} INFO - Starting attempt 1 of 1
[2023-10-18T11:51:38.454+0000] {taskinstance.py:1382} INFO - Executing <Task(FileSensor): waiting_for_data> on 2023-06-13 00:00:00+00:00
[2023-10-18T11:51:38.461+0000] {standard_task_runner.py:57} INFO - Started process 4156 to run task
[2023-10-18T11:51:38.463+0000] {standard_task_runner.py:84} INFO - Running: ['***', 'tasks', 'run', 'copy_tranform_to_mongo', 'waiting_for_data', 'scheduled__2023-06-13T00:00:00+00:00', '--job-id', '1751', '--raw', '--subdir', 'DAGS_FOLDER/file_***-mongo.py', '--cfg-path', '/tmp/tmpedop6jac']
[2023-10-18T11:51:38.464+0000] {standard_task_runner.py:85} INFO - Job 1751: Subtask waiting_for_data
[2023-10-18T11:51:38.508+0000] {task_command.py:416} INFO - Running <TaskInstance: copy_tranform_to_mongo.waiting_for_data scheduled__2023-06-13T00:00:00+00:00 [running]> on host 0e68aa52dfc7
[2023-10-18T11:51:38.580+0000] {taskinstance.py:1662} INFO - Exporting env vars: AIRFLOW_CTX_DAG_OWNER='***' AIRFLOW_CTX_DAG_ID='copy_tranform_to_mongo' AIRFLOW_CTX_TASK_ID='waiting_for_data' AIRFLOW_CTX_EXECUTION_DATE='2023-06-13T00:00:00+00:00' AIRFLOW_CTX_TRY_NUMBER='1' AIRFLOW_CTX_DAG_RUN_ID='scheduled__2023-06-13T00:00:00+00:00'
[2023-10-18T11:51:38.590+0000] {base.py:73} INFO - Using connection ID 'fs_default' for task execution.
[2023-10-18T11:51:38.590+0000] {filesystem.py:64} INFO - Poking for file /opt/in/tiktok_google_play_reviews.csv
[2023-10-18T11:51:38.590+0000] {filesystem.py:69} INFO - Found File /opt/in/tiktok_google_play_reviews.csv last modified: 20220405221612
[2023-10-18T11:51:38.590+0000] {base.py:287} INFO - Success criteria met. Exiting.
[2023-10-18T11:51:38.600+0000] {taskinstance.py:1400} INFO - Marking task as SUCCESS. dag_id=copy_tranform_to_mongo, task_id=waiting_for_data, execution_date=20230613T000000, start_date=20231018T115138, end_date=20231018T115138
[2023-10-18T11:51:38.638+0000] {local_task_job_runner.py:228} INFO - Task exited with return code 0
[2023-10-18T11:51:38.699+0000] {taskinstance.py:2778} INFO - 0 downstream tasks scheduled from follow-on schedule check
