[2023-10-17T11:24:53.630+0000] {taskinstance.py:1159} INFO - Dependencies all met for dep_context=non-requeueable deps ti=<TaskInstance: copy_tranform_to_mongo.waiting_for_data scheduled__2022-12-31T00:00:00+00:00 [queued]>
[2023-10-17T11:24:53.638+0000] {taskinstance.py:1159} INFO - Dependencies all met for dep_context=requeueable deps ti=<TaskInstance: copy_tranform_to_mongo.waiting_for_data scheduled__2022-12-31T00:00:00+00:00 [queued]>
[2023-10-17T11:24:53.639+0000] {taskinstance.py:1361} INFO - Starting attempt 1 of 1
[2023-10-17T11:24:53.651+0000] {taskinstance.py:1382} INFO - Executing <Task(FileSensor): waiting_for_data> on 2022-12-31 00:00:00+00:00
[2023-10-17T11:24:53.659+0000] {standard_task_runner.py:57} INFO - Started process 1972 to run task
[2023-10-17T11:24:53.662+0000] {standard_task_runner.py:84} INFO - Running: ['***', 'tasks', 'run', 'copy_tranform_to_mongo', 'waiting_for_data', 'scheduled__2022-12-31T00:00:00+00:00', '--job-id', '734', '--raw', '--subdir', 'DAGS_FOLDER/file_***-mongo.py', '--cfg-path', '/tmp/tmpbomfs5zu']
[2023-10-17T11:24:53.663+0000] {standard_task_runner.py:85} INFO - Job 734: Subtask waiting_for_data
[2023-10-17T11:24:53.704+0000] {task_command.py:416} INFO - Running <TaskInstance: copy_tranform_to_mongo.waiting_for_data scheduled__2022-12-31T00:00:00+00:00 [running]> on host 238c1d4ff767
[2023-10-17T11:24:53.785+0000] {taskinstance.py:1662} INFO - Exporting env vars: AIRFLOW_CTX_DAG_OWNER='***' AIRFLOW_CTX_DAG_ID='copy_tranform_to_mongo' AIRFLOW_CTX_TASK_ID='waiting_for_data' AIRFLOW_CTX_EXECUTION_DATE='2022-12-31T00:00:00+00:00' AIRFLOW_CTX_TRY_NUMBER='1' AIRFLOW_CTX_DAG_RUN_ID='scheduled__2022-12-31T00:00:00+00:00'
[2023-10-17T11:24:53.793+0000] {base.py:73} INFO - Using connection ID 'fs_default' for task execution.
[2023-10-17T11:24:53.794+0000] {filesystem.py:64} INFO - Poking for file /opt/in/tiktok_google_play_reviews.csv
[2023-10-17T11:24:53.794+0000] {filesystem.py:69} INFO - Found File /opt/in/tiktok_google_play_reviews.csv last modified: 20220405221612
[2023-10-17T11:24:53.794+0000] {base.py:287} INFO - Success criteria met. Exiting.
[2023-10-17T11:24:53.802+0000] {taskinstance.py:1400} INFO - Marking task as SUCCESS. dag_id=copy_tranform_to_mongo, task_id=waiting_for_data, execution_date=20221231T000000, start_date=20231017T112453, end_date=20231017T112453
[2023-10-17T11:24:53.834+0000] {local_task_job_runner.py:228} INFO - Task exited with return code 0
[2023-10-17T11:24:53.848+0000] {taskinstance.py:2778} INFO - 0 downstream tasks scheduled from follow-on schedule check
[2023-10-18T11:49:58.171+0000] {taskinstance.py:1159} INFO - Dependencies all met for dep_context=non-requeueable deps ti=<TaskInstance: copy_tranform_to_mongo.waiting_for_data scheduled__2022-12-31T00:00:00+00:00 [queued]>
[2023-10-18T11:49:58.185+0000] {taskinstance.py:1159} INFO - Dependencies all met for dep_context=requeueable deps ti=<TaskInstance: copy_tranform_to_mongo.waiting_for_data scheduled__2022-12-31T00:00:00+00:00 [queued]>
[2023-10-18T11:49:58.185+0000] {taskinstance.py:1361} INFO - Starting attempt 1 of 1
[2023-10-18T11:49:58.200+0000] {taskinstance.py:1382} INFO - Executing <Task(FileSensor): waiting_for_data> on 2022-12-31 00:00:00+00:00
[2023-10-18T11:49:58.207+0000] {standard_task_runner.py:57} INFO - Started process 3473 to run task
[2023-10-18T11:49:58.209+0000] {standard_task_runner.py:84} INFO - Running: ['***', 'tasks', 'run', 'copy_tranform_to_mongo', 'waiting_for_data', 'scheduled__2022-12-31T00:00:00+00:00', '--job-id', '1421', '--raw', '--subdir', 'DAGS_FOLDER/file_***-mongo.py', '--cfg-path', '/tmp/tmpq02jpwzf']
[2023-10-18T11:49:58.210+0000] {standard_task_runner.py:85} INFO - Job 1421: Subtask waiting_for_data
[2023-10-18T11:49:58.259+0000] {task_command.py:416} INFO - Running <TaskInstance: copy_tranform_to_mongo.waiting_for_data scheduled__2022-12-31T00:00:00+00:00 [running]> on host 0e68aa52dfc7
[2023-10-18T11:49:58.351+0000] {taskinstance.py:1662} INFO - Exporting env vars: AIRFLOW_CTX_DAG_OWNER='***' AIRFLOW_CTX_DAG_ID='copy_tranform_to_mongo' AIRFLOW_CTX_TASK_ID='waiting_for_data' AIRFLOW_CTX_EXECUTION_DATE='2022-12-31T00:00:00+00:00' AIRFLOW_CTX_TRY_NUMBER='1' AIRFLOW_CTX_DAG_RUN_ID='scheduled__2022-12-31T00:00:00+00:00'
[2023-10-18T11:49:58.360+0000] {base.py:73} INFO - Using connection ID 'fs_default' for task execution.
[2023-10-18T11:49:58.360+0000] {filesystem.py:64} INFO - Poking for file /opt/in/tiktok_google_play_reviews.csv
[2023-10-18T11:49:58.361+0000] {filesystem.py:69} INFO - Found File /opt/in/tiktok_google_play_reviews.csv last modified: 20220405221612
[2023-10-18T11:49:58.361+0000] {base.py:287} INFO - Success criteria met. Exiting.
[2023-10-18T11:49:58.372+0000] {taskinstance.py:1400} INFO - Marking task as SUCCESS. dag_id=copy_tranform_to_mongo, task_id=waiting_for_data, execution_date=20221231T000000, start_date=20231018T114958, end_date=20231018T114958
[2023-10-18T11:49:58.431+0000] {local_task_job_runner.py:228} INFO - Task exited with return code 0
[2023-10-18T11:49:58.455+0000] {taskinstance.py:2778} INFO - 1 downstream tasks scheduled from follow-on schedule check
