[2023-10-17T11:22:43.656+0000] {taskinstance.py:1159} INFO - Dependencies all met for dep_context=non-requeueable deps ti=<TaskInstance: copy_tranform_to_mongo.waiting_for_data scheduled__2022-06-03T00:00:00+00:00 [queued]>
[2023-10-17T11:22:43.665+0000] {taskinstance.py:1159} INFO - Dependencies all met for dep_context=requeueable deps ti=<TaskInstance: copy_tranform_to_mongo.waiting_for_data scheduled__2022-06-03T00:00:00+00:00 [queued]>
[2023-10-17T11:22:43.666+0000] {taskinstance.py:1361} INFO - Starting attempt 1 of 1
[2023-10-17T11:22:43.685+0000] {taskinstance.py:1382} INFO - Executing <Task(FileSensor): waiting_for_data> on 2022-06-03 00:00:00+00:00
[2023-10-17T11:22:43.692+0000] {standard_task_runner.py:57} INFO - Started process 1518 to run task
[2023-10-17T11:22:43.695+0000] {standard_task_runner.py:84} INFO - Running: ['***', 'tasks', 'run', 'copy_tranform_to_mongo', 'waiting_for_data', 'scheduled__2022-06-03T00:00:00+00:00', '--job-id', '523', '--raw', '--subdir', 'DAGS_FOLDER/file_***-mongo.py', '--cfg-path', '/tmp/tmph622e2m2']
[2023-10-17T11:22:43.697+0000] {standard_task_runner.py:85} INFO - Job 523: Subtask waiting_for_data
[2023-10-17T11:22:43.738+0000] {task_command.py:416} INFO - Running <TaskInstance: copy_tranform_to_mongo.waiting_for_data scheduled__2022-06-03T00:00:00+00:00 [running]> on host 238c1d4ff767
[2023-10-17T11:22:43.805+0000] {taskinstance.py:1662} INFO - Exporting env vars: AIRFLOW_CTX_DAG_OWNER='***' AIRFLOW_CTX_DAG_ID='copy_tranform_to_mongo' AIRFLOW_CTX_TASK_ID='waiting_for_data' AIRFLOW_CTX_EXECUTION_DATE='2022-06-03T00:00:00+00:00' AIRFLOW_CTX_TRY_NUMBER='1' AIRFLOW_CTX_DAG_RUN_ID='scheduled__2022-06-03T00:00:00+00:00'
[2023-10-17T11:22:43.816+0000] {base.py:73} INFO - Using connection ID 'fs_default' for task execution.
[2023-10-17T11:22:43.816+0000] {filesystem.py:64} INFO - Poking for file /opt/in/tiktok_google_play_reviews.csv
[2023-10-17T11:22:43.816+0000] {filesystem.py:69} INFO - Found File /opt/in/tiktok_google_play_reviews.csv last modified: 20220405221612
[2023-10-17T11:22:43.817+0000] {base.py:287} INFO - Success criteria met. Exiting.
[2023-10-17T11:22:43.827+0000] {taskinstance.py:1400} INFO - Marking task as SUCCESS. dag_id=copy_tranform_to_mongo, task_id=waiting_for_data, execution_date=20220603T000000, start_date=20231017T112243, end_date=20231017T112243
[2023-10-17T11:22:43.868+0000] {local_task_job_runner.py:228} INFO - Task exited with return code 0
[2023-10-17T11:22:43.886+0000] {taskinstance.py:2778} INFO - 0 downstream tasks scheduled from follow-on schedule check
[2023-10-18T11:47:27.138+0000] {taskinstance.py:1159} INFO - Dependencies all met for dep_context=non-requeueable deps ti=<TaskInstance: copy_tranform_to_mongo.waiting_for_data scheduled__2022-06-03T00:00:00+00:00 [queued]>
[2023-10-18T11:47:27.152+0000] {taskinstance.py:1159} INFO - Dependencies all met for dep_context=requeueable deps ti=<TaskInstance: copy_tranform_to_mongo.waiting_for_data scheduled__2022-06-03T00:00:00+00:00 [queued]>
[2023-10-18T11:47:27.152+0000] {taskinstance.py:1361} INFO - Starting attempt 1 of 1
[2023-10-18T11:47:27.175+0000] {taskinstance.py:1382} INFO - Executing <Task(FileSensor): waiting_for_data> on 2022-06-03 00:00:00+00:00
[2023-10-18T11:47:27.190+0000] {standard_task_runner.py:57} INFO - Started process 2588 to run task
[2023-10-18T11:47:27.193+0000] {standard_task_runner.py:84} INFO - Running: ['***', 'tasks', 'run', 'copy_tranform_to_mongo', 'waiting_for_data', 'scheduled__2022-06-03T00:00:00+00:00', '--job-id', '998', '--raw', '--subdir', 'DAGS_FOLDER/file_***-mongo.py', '--cfg-path', '/tmp/tmprwjp_fiu']
[2023-10-18T11:47:27.194+0000] {standard_task_runner.py:85} INFO - Job 998: Subtask waiting_for_data
[2023-10-18T11:47:27.251+0000] {task_command.py:416} INFO - Running <TaskInstance: copy_tranform_to_mongo.waiting_for_data scheduled__2022-06-03T00:00:00+00:00 [running]> on host 0e68aa52dfc7
[2023-10-18T11:47:27.335+0000] {taskinstance.py:1662} INFO - Exporting env vars: AIRFLOW_CTX_DAG_OWNER='***' AIRFLOW_CTX_DAG_ID='copy_tranform_to_mongo' AIRFLOW_CTX_TASK_ID='waiting_for_data' AIRFLOW_CTX_EXECUTION_DATE='2022-06-03T00:00:00+00:00' AIRFLOW_CTX_TRY_NUMBER='1' AIRFLOW_CTX_DAG_RUN_ID='scheduled__2022-06-03T00:00:00+00:00'
[2023-10-18T11:47:27.346+0000] {base.py:73} INFO - Using connection ID 'fs_default' for task execution.
[2023-10-18T11:47:27.347+0000] {filesystem.py:64} INFO - Poking for file /opt/in/tiktok_google_play_reviews.csv
[2023-10-18T11:47:27.348+0000] {filesystem.py:69} INFO - Found File /opt/in/tiktok_google_play_reviews.csv last modified: 20220405221612
[2023-10-18T11:47:27.349+0000] {base.py:287} INFO - Success criteria met. Exiting.
[2023-10-18T11:47:27.359+0000] {taskinstance.py:1400} INFO - Marking task as SUCCESS. dag_id=copy_tranform_to_mongo, task_id=waiting_for_data, execution_date=20220603T000000, start_date=20231018T114727, end_date=20231018T114727
[2023-10-18T11:47:27.412+0000] {local_task_job_runner.py:228} INFO - Task exited with return code 0
[2023-10-18T11:47:27.445+0000] {taskinstance.py:2778} INFO - 1 downstream tasks scheduled from follow-on schedule check
