[2023-10-17T11:18:59.688+0000] {taskinstance.py:1159} INFO - Dependencies all met for dep_context=non-requeueable deps ti=<TaskInstance: copy_tranform_to_mongo.waiting_for_data scheduled__2021-02-12T00:00:00+00:00 [queued]>
[2023-10-17T11:18:59.700+0000] {taskinstance.py:1159} INFO - Dependencies all met for dep_context=requeueable deps ti=<TaskInstance: copy_tranform_to_mongo.waiting_for_data scheduled__2021-02-12T00:00:00+00:00 [queued]>
[2023-10-17T11:18:59.700+0000] {taskinstance.py:1361} INFO - Starting attempt 1 of 1
[2023-10-17T11:18:59.717+0000] {taskinstance.py:1382} INFO - Executing <Task(FileSensor): waiting_for_data> on 2021-02-12 00:00:00+00:00
[2023-10-17T11:18:59.725+0000] {standard_task_runner.py:57} INFO - Started process 511 to run task
[2023-10-17T11:18:59.728+0000] {standard_task_runner.py:84} INFO - Running: ['***', 'tasks', 'run', 'copy_tranform_to_mongo', 'waiting_for_data', 'scheduled__2021-02-12T00:00:00+00:00', '--job-id', '47', '--raw', '--subdir', 'DAGS_FOLDER/file_***-mongo.py', '--cfg-path', '/tmp/tmplmkgfrza']
[2023-10-17T11:18:59.729+0000] {standard_task_runner.py:85} INFO - Job 47: Subtask waiting_for_data
[2023-10-17T11:18:59.772+0000] {task_command.py:416} INFO - Running <TaskInstance: copy_tranform_to_mongo.waiting_for_data scheduled__2021-02-12T00:00:00+00:00 [running]> on host 238c1d4ff767
[2023-10-17T11:18:59.849+0000] {taskinstance.py:1662} INFO - Exporting env vars: AIRFLOW_CTX_DAG_OWNER='***' AIRFLOW_CTX_DAG_ID='copy_tranform_to_mongo' AIRFLOW_CTX_TASK_ID='waiting_for_data' AIRFLOW_CTX_EXECUTION_DATE='2021-02-12T00:00:00+00:00' AIRFLOW_CTX_TRY_NUMBER='1' AIRFLOW_CTX_DAG_RUN_ID='scheduled__2021-02-12T00:00:00+00:00'
[2023-10-17T11:18:59.859+0000] {base.py:73} INFO - Using connection ID 'fs_default' for task execution.
[2023-10-17T11:18:59.859+0000] {filesystem.py:64} INFO - Poking for file /opt/in/tiktok_google_play_reviews.csv
[2023-10-17T11:18:59.859+0000] {filesystem.py:69} INFO - Found File /opt/in/tiktok_google_play_reviews.csv last modified: 20220405221612
[2023-10-17T11:18:59.859+0000] {base.py:287} INFO - Success criteria met. Exiting.
[2023-10-17T11:18:59.866+0000] {taskinstance.py:1400} INFO - Marking task as SUCCESS. dag_id=copy_tranform_to_mongo, task_id=waiting_for_data, execution_date=20210212T000000, start_date=20231017T111859, end_date=20231017T111859
[2023-10-17T11:18:59.900+0000] {local_task_job_runner.py:228} INFO - Task exited with return code 0
[2023-10-17T11:18:59.919+0000] {taskinstance.py:2778} INFO - 0 downstream tasks scheduled from follow-on schedule check
[2023-10-18T10:42:26.724+0000] {taskinstance.py:1159} INFO - Dependencies all met for dep_context=non-requeueable deps ti=<TaskInstance: copy_tranform_to_mongo.waiting_for_data scheduled__2021-02-12T00:00:00+00:00 [queued]>
[2023-10-18T10:42:26.731+0000] {taskinstance.py:1159} INFO - Dependencies all met for dep_context=requeueable deps ti=<TaskInstance: copy_tranform_to_mongo.waiting_for_data scheduled__2021-02-12T00:00:00+00:00 [queued]>
[2023-10-18T10:42:26.732+0000] {taskinstance.py:1361} INFO - Starting attempt 1 of 1
[2023-10-18T10:42:26.742+0000] {taskinstance.py:1382} INFO - Executing <Task(FileSensor): waiting_for_data> on 2021-02-12 00:00:00+00:00
[2023-10-18T10:42:26.747+0000] {standard_task_runner.py:57} INFO - Started process 1473 to run task
[2023-10-18T10:42:26.750+0000] {standard_task_runner.py:84} INFO - Running: ['***', 'tasks', 'run', 'copy_tranform_to_mongo', 'waiting_for_data', 'scheduled__2021-02-12T00:00:00+00:00', '--job-id', '46', '--raw', '--subdir', 'DAGS_FOLDER/file_***-mongo.py', '--cfg-path', '/tmp/tmpgywfgqug']
[2023-10-18T10:42:26.751+0000] {standard_task_runner.py:85} INFO - Job 46: Subtask waiting_for_data
[2023-10-18T10:42:26.797+0000] {task_command.py:416} INFO - Running <TaskInstance: copy_tranform_to_mongo.waiting_for_data scheduled__2021-02-12T00:00:00+00:00 [running]> on host 2473b23ba069
[2023-10-18T10:42:26.854+0000] {taskinstance.py:1662} INFO - Exporting env vars: AIRFLOW_CTX_DAG_OWNER='***' AIRFLOW_CTX_DAG_ID='copy_tranform_to_mongo' AIRFLOW_CTX_TASK_ID='waiting_for_data' AIRFLOW_CTX_EXECUTION_DATE='2021-02-12T00:00:00+00:00' AIRFLOW_CTX_TRY_NUMBER='1' AIRFLOW_CTX_DAG_RUN_ID='scheduled__2021-02-12T00:00:00+00:00'
[2023-10-18T10:42:26.870+0000] {taskinstance.py:1937} ERROR - Task failed with exception
Traceback (most recent call last):
  File "/home/airflow/.local/lib/python3.8/site-packages/airflow/sensors/base.py", line 257, in execute
    raise e
  File "/home/airflow/.local/lib/python3.8/site-packages/airflow/sensors/base.py", line 239, in execute
    poke_return = self.poke(context)
  File "/home/airflow/.local/lib/python3.8/site-packages/airflow/sensors/filesystem.py", line 61, in poke
    hook = FSHook(self.fs_conn_id)
  File "/home/airflow/.local/lib/python3.8/site-packages/airflow/hooks/filesystem.py", line 38, in __init__
    conn = self.get_connection(conn_id)
  File "/home/airflow/.local/lib/python3.8/site-packages/airflow/hooks/base.py", line 72, in get_connection
    conn = Connection.get_connection_from_secrets(conn_id)
  File "/home/airflow/.local/lib/python3.8/site-packages/airflow/models/connection.py", line 477, in get_connection_from_secrets
    raise AirflowNotFoundException(f"The conn_id `{conn_id}` isn't defined")
airflow.exceptions.AirflowNotFoundException: The conn_id `fs_default` isn't defined
[2023-10-18T10:42:26.873+0000] {taskinstance.py:1400} INFO - Marking task as FAILED. dag_id=copy_tranform_to_mongo, task_id=waiting_for_data, execution_date=20210212T000000, start_date=20231018T104226, end_date=20231018T104226
[2023-10-18T10:42:26.882+0000] {standard_task_runner.py:104} ERROR - Failed to execute job 46 for task waiting_for_data (The conn_id `fs_default` isn't defined; 1473)
[2023-10-18T10:42:26.922+0000] {local_task_job_runner.py:228} INFO - Task exited with return code 1
[2023-10-18T10:42:26.943+0000] {taskinstance.py:2778} INFO - 0 downstream tasks scheduled from follow-on schedule check
[2023-10-18T11:16:54.042+0000] {taskinstance.py:1159} INFO - Dependencies all met for dep_context=non-requeueable deps ti=<TaskInstance: copy_tranform_to_mongo.waiting_for_data scheduled__2021-02-12T00:00:00+00:00 [queued]>
[2023-10-18T11:16:54.052+0000] {taskinstance.py:1159} INFO - Dependencies all met for dep_context=requeueable deps ti=<TaskInstance: copy_tranform_to_mongo.waiting_for_data scheduled__2021-02-12T00:00:00+00:00 [queued]>
[2023-10-18T11:16:54.053+0000] {taskinstance.py:1361} INFO - Starting attempt 1 of 1
[2023-10-18T11:16:54.072+0000] {taskinstance.py:1382} INFO - Executing <Task(FileSensor): waiting_for_data> on 2021-02-12 00:00:00+00:00
[2023-10-18T11:16:54.080+0000] {standard_task_runner.py:57} INFO - Started process 215 to run task
[2023-10-18T11:16:54.085+0000] {standard_task_runner.py:84} INFO - Running: ['***', 'tasks', 'run', 'copy_tranform_to_mongo', 'waiting_for_data', 'scheduled__2021-02-12T00:00:00+00:00', '--job-id', '46', '--raw', '--subdir', 'DAGS_FOLDER/file_***-mongo.py', '--cfg-path', '/tmp/tmp923x0_6x']
[2023-10-18T11:16:54.086+0000] {standard_task_runner.py:85} INFO - Job 46: Subtask waiting_for_data
[2023-10-18T11:16:54.125+0000] {task_command.py:416} INFO - Running <TaskInstance: copy_tranform_to_mongo.waiting_for_data scheduled__2021-02-12T00:00:00+00:00 [running]> on host 0e68aa52dfc7
[2023-10-18T11:16:54.300+0000] {taskinstance.py:1662} INFO - Exporting env vars: AIRFLOW_CTX_DAG_OWNER='***' AIRFLOW_CTX_DAG_ID='copy_tranform_to_mongo' AIRFLOW_CTX_TASK_ID='waiting_for_data' AIRFLOW_CTX_EXECUTION_DATE='2021-02-12T00:00:00+00:00' AIRFLOW_CTX_TRY_NUMBER='1' AIRFLOW_CTX_DAG_RUN_ID='scheduled__2021-02-12T00:00:00+00:00'
[2023-10-18T11:16:54.316+0000] {base.py:73} INFO - Using connection ID 'fs_default' for task execution.
[2023-10-18T11:16:54.317+0000] {filesystem.py:64} INFO - Poking for file /opt/in/tiktok_google_play_reviews.csv
[2023-10-18T11:16:54.318+0000] {filesystem.py:69} INFO - Found File /opt/in/tiktok_google_play_reviews.csv last modified: 20220405221612
[2023-10-18T11:16:54.318+0000] {base.py:287} INFO - Success criteria met. Exiting.
[2023-10-18T11:16:54.335+0000] {taskinstance.py:1400} INFO - Marking task as SUCCESS. dag_id=copy_tranform_to_mongo, task_id=waiting_for_data, execution_date=20210212T000000, start_date=20231018T111654, end_date=20231018T111654
[2023-10-18T11:16:54.377+0000] {local_task_job_runner.py:228} INFO - Task exited with return code 0
[2023-10-18T11:16:54.411+0000] {taskinstance.py:2778} INFO - 1 downstream tasks scheduled from follow-on schedule check
[2023-10-19T12:11:33.640+0000] {taskinstance.py:1159} INFO - Dependencies all met for dep_context=non-requeueable deps ti=<TaskInstance: copy_tranform_to_mongo.waiting_for_data scheduled__2021-02-12T00:00:00+00:00 [queued]>
[2023-10-19T12:11:33.656+0000] {taskinstance.py:1159} INFO - Dependencies all met for dep_context=requeueable deps ti=<TaskInstance: copy_tranform_to_mongo.waiting_for_data scheduled__2021-02-12T00:00:00+00:00 [queued]>
[2023-10-19T12:11:33.656+0000] {taskinstance.py:1361} INFO - Starting attempt 1 of 1
[2023-10-19T12:11:33.678+0000] {taskinstance.py:1382} INFO - Executing <Task(FileSensor): waiting_for_data> on 2021-02-12 00:00:00+00:00
[2023-10-19T12:11:33.686+0000] {standard_task_runner.py:57} INFO - Started process 276 to run task
[2023-10-19T12:11:33.692+0000] {standard_task_runner.py:84} INFO - Running: ['***', 'tasks', 'run', 'copy_tranform_to_mongo', 'waiting_for_data', 'scheduled__2021-02-12T00:00:00+00:00', '--job-id', '45', '--raw', '--subdir', 'DAGS_FOLDER/file_***-mongo.py', '--cfg-path', '/tmp/tmper5rmrvx']
[2023-10-19T12:11:33.693+0000] {standard_task_runner.py:85} INFO - Job 45: Subtask waiting_for_data
[2023-10-19T12:11:33.740+0000] {task_command.py:416} INFO - Running <TaskInstance: copy_tranform_to_mongo.waiting_for_data scheduled__2021-02-12T00:00:00+00:00 [running]> on host 6f5df7fea6fd
[2023-10-19T12:11:33.820+0000] {taskinstance.py:1662} INFO - Exporting env vars: AIRFLOW_CTX_DAG_OWNER='***' AIRFLOW_CTX_DAG_ID='copy_tranform_to_mongo' AIRFLOW_CTX_TASK_ID='waiting_for_data' AIRFLOW_CTX_EXECUTION_DATE='2021-02-12T00:00:00+00:00' AIRFLOW_CTX_TRY_NUMBER='1' AIRFLOW_CTX_DAG_RUN_ID='scheduled__2021-02-12T00:00:00+00:00'
[2023-10-19T12:11:33.833+0000] {base.py:73} INFO - Using connection ID 'fs_default' for task execution.
[2023-10-19T12:11:33.833+0000] {filesystem.py:64} INFO - Poking for file /opt/in/tiktok_google_play_reviews.csv
[2023-10-19T12:11:33.833+0000] {filesystem.py:69} INFO - Found File /opt/in/tiktok_google_play_reviews.csv last modified: 20220405221612
[2023-10-19T12:11:33.833+0000] {base.py:287} INFO - Success criteria met. Exiting.
[2023-10-19T12:11:33.847+0000] {taskinstance.py:1400} INFO - Marking task as SUCCESS. dag_id=copy_tranform_to_mongo, task_id=waiting_for_data, execution_date=20210212T000000, start_date=20231019T121133, end_date=20231019T121133
[2023-10-19T12:11:33.910+0000] {local_task_job_runner.py:228} INFO - Task exited with return code 0
[2023-10-19T12:11:33.947+0000] {taskinstance.py:2778} INFO - 1 downstream tasks scheduled from follow-on schedule check
