[2023-10-17T11:25:32.090+0000] {taskinstance.py:1159} INFO - Dependencies all met for dep_context=non-requeueable deps ti=<TaskInstance: copy_tranform_to_mongo.waiting_for_data scheduled__2023-04-05T00:00:00+00:00 [queued]>
[2023-10-17T11:25:32.096+0000] {taskinstance.py:1159} INFO - Dependencies all met for dep_context=requeueable deps ti=<TaskInstance: copy_tranform_to_mongo.waiting_for_data scheduled__2023-04-05T00:00:00+00:00 [queued]>
[2023-10-17T11:25:32.096+0000] {taskinstance.py:1361} INFO - Starting attempt 1 of 1
[2023-10-17T11:25:32.106+0000] {taskinstance.py:1382} INFO - Executing <Task(FileSensor): waiting_for_data> on 2023-04-05 00:00:00+00:00
[2023-10-17T11:25:32.112+0000] {standard_task_runner.py:57} INFO - Started process 2169 to run task
[2023-10-17T11:25:32.114+0000] {standard_task_runner.py:84} INFO - Running: ['***', 'tasks', 'run', 'copy_tranform_to_mongo', 'waiting_for_data', 'scheduled__2023-04-05T00:00:00+00:00', '--job-id', '829', '--raw', '--subdir', 'DAGS_FOLDER/file_***-mongo.py', '--cfg-path', '/tmp/tmp4dujopps']
[2023-10-17T11:25:32.116+0000] {standard_task_runner.py:85} INFO - Job 829: Subtask waiting_for_data
[2023-10-17T11:25:32.154+0000] {task_command.py:416} INFO - Running <TaskInstance: copy_tranform_to_mongo.waiting_for_data scheduled__2023-04-05T00:00:00+00:00 [running]> on host 238c1d4ff767
[2023-10-17T11:25:32.222+0000] {taskinstance.py:1662} INFO - Exporting env vars: AIRFLOW_CTX_DAG_OWNER='***' AIRFLOW_CTX_DAG_ID='copy_tranform_to_mongo' AIRFLOW_CTX_TASK_ID='waiting_for_data' AIRFLOW_CTX_EXECUTION_DATE='2023-04-05T00:00:00+00:00' AIRFLOW_CTX_TRY_NUMBER='1' AIRFLOW_CTX_DAG_RUN_ID='scheduled__2023-04-05T00:00:00+00:00'
[2023-10-17T11:25:32.229+0000] {base.py:73} INFO - Using connection ID 'fs_default' for task execution.
[2023-10-17T11:25:32.229+0000] {filesystem.py:64} INFO - Poking for file /opt/in/tiktok_google_play_reviews.csv
[2023-10-17T11:25:32.229+0000] {filesystem.py:69} INFO - Found File /opt/in/tiktok_google_play_reviews.csv last modified: 20220405221612
[2023-10-17T11:25:32.230+0000] {base.py:287} INFO - Success criteria met. Exiting.
[2023-10-17T11:25:32.237+0000] {taskinstance.py:1400} INFO - Marking task as SUCCESS. dag_id=copy_tranform_to_mongo, task_id=waiting_for_data, execution_date=20230405T000000, start_date=20231017T112532, end_date=20231017T112532
[2023-10-17T11:25:32.286+0000] {local_task_job_runner.py:228} INFO - Task exited with return code 0
[2023-10-17T11:25:32.303+0000] {taskinstance.py:2778} INFO - 0 downstream tasks scheduled from follow-on schedule check
[2023-10-18T11:50:53.856+0000] {taskinstance.py:1159} INFO - Dependencies all met for dep_context=non-requeueable deps ti=<TaskInstance: copy_tranform_to_mongo.waiting_for_data scheduled__2023-04-05T00:00:00+00:00 [queued]>
[2023-10-18T11:50:53.868+0000] {taskinstance.py:1159} INFO - Dependencies all met for dep_context=requeueable deps ti=<TaskInstance: copy_tranform_to_mongo.waiting_for_data scheduled__2023-04-05T00:00:00+00:00 [queued]>
[2023-10-18T11:50:53.868+0000] {taskinstance.py:1361} INFO - Starting attempt 1 of 1
[2023-10-18T11:50:53.886+0000] {taskinstance.py:1382} INFO - Executing <Task(FileSensor): waiting_for_data> on 2023-04-05 00:00:00+00:00
[2023-10-18T11:50:53.893+0000] {standard_task_runner.py:57} INFO - Started process 3869 to run task
[2023-10-18T11:50:53.899+0000] {standard_task_runner.py:84} INFO - Running: ['***', 'tasks', 'run', 'copy_tranform_to_mongo', 'waiting_for_data', 'scheduled__2023-04-05T00:00:00+00:00', '--job-id', '1611', '--raw', '--subdir', 'DAGS_FOLDER/file_***-mongo.py', '--cfg-path', '/tmp/tmp5_dqurq8']
[2023-10-18T11:50:53.900+0000] {standard_task_runner.py:85} INFO - Job 1611: Subtask waiting_for_data
[2023-10-18T11:50:53.960+0000] {task_command.py:416} INFO - Running <TaskInstance: copy_tranform_to_mongo.waiting_for_data scheduled__2023-04-05T00:00:00+00:00 [running]> on host 0e68aa52dfc7
[2023-10-18T11:50:54.046+0000] {taskinstance.py:1662} INFO - Exporting env vars: AIRFLOW_CTX_DAG_OWNER='***' AIRFLOW_CTX_DAG_ID='copy_tranform_to_mongo' AIRFLOW_CTX_TASK_ID='waiting_for_data' AIRFLOW_CTX_EXECUTION_DATE='2023-04-05T00:00:00+00:00' AIRFLOW_CTX_TRY_NUMBER='1' AIRFLOW_CTX_DAG_RUN_ID='scheduled__2023-04-05T00:00:00+00:00'
[2023-10-18T11:50:54.059+0000] {base.py:73} INFO - Using connection ID 'fs_default' for task execution.
[2023-10-18T11:50:54.059+0000] {filesystem.py:64} INFO - Poking for file /opt/in/tiktok_google_play_reviews.csv
[2023-10-18T11:50:54.060+0000] {filesystem.py:69} INFO - Found File /opt/in/tiktok_google_play_reviews.csv last modified: 20220405221612
[2023-10-18T11:50:54.060+0000] {base.py:287} INFO - Success criteria met. Exiting.
[2023-10-18T11:50:54.074+0000] {taskinstance.py:1400} INFO - Marking task as SUCCESS. dag_id=copy_tranform_to_mongo, task_id=waiting_for_data, execution_date=20230405T000000, start_date=20231018T115053, end_date=20231018T115054
[2023-10-18T11:50:54.116+0000] {local_task_job_runner.py:228} INFO - Task exited with return code 0
[2023-10-18T11:50:54.159+0000] {taskinstance.py:2778} INFO - 1 downstream tasks scheduled from follow-on schedule check
