[2023-10-17T11:24:37.580+0000] {taskinstance.py:1159} INFO - Dependencies all met for dep_context=non-requeueable deps ti=<TaskInstance: copy_tranform_to_mongo.waiting_for_data scheduled__2022-11-28T00:00:00+00:00 [queued]>
[2023-10-17T11:24:37.586+0000] {taskinstance.py:1159} INFO - Dependencies all met for dep_context=requeueable deps ti=<TaskInstance: copy_tranform_to_mongo.waiting_for_data scheduled__2022-11-28T00:00:00+00:00 [queued]>
[2023-10-17T11:24:37.586+0000] {taskinstance.py:1361} INFO - Starting attempt 1 of 1
[2023-10-17T11:24:37.595+0000] {taskinstance.py:1382} INFO - Executing <Task(FileSensor): waiting_for_data> on 2022-11-28 00:00:00+00:00
[2023-10-17T11:24:37.599+0000] {standard_task_runner.py:57} INFO - Started process 1904 to run task
[2023-10-17T11:24:37.601+0000] {standard_task_runner.py:84} INFO - Running: ['***', 'tasks', 'run', 'copy_tranform_to_mongo', 'waiting_for_data', 'scheduled__2022-11-28T00:00:00+00:00', '--job-id', '701', '--raw', '--subdir', 'DAGS_FOLDER/file_***-mongo.py', '--cfg-path', '/tmp/tmpx3f33lg1']
[2023-10-17T11:24:37.602+0000] {standard_task_runner.py:85} INFO - Job 701: Subtask waiting_for_data
[2023-10-17T11:24:37.641+0000] {task_command.py:416} INFO - Running <TaskInstance: copy_tranform_to_mongo.waiting_for_data scheduled__2022-11-28T00:00:00+00:00 [running]> on host 238c1d4ff767
[2023-10-17T11:24:37.694+0000] {taskinstance.py:1662} INFO - Exporting env vars: AIRFLOW_CTX_DAG_OWNER='***' AIRFLOW_CTX_DAG_ID='copy_tranform_to_mongo' AIRFLOW_CTX_TASK_ID='waiting_for_data' AIRFLOW_CTX_EXECUTION_DATE='2022-11-28T00:00:00+00:00' AIRFLOW_CTX_TRY_NUMBER='1' AIRFLOW_CTX_DAG_RUN_ID='scheduled__2022-11-28T00:00:00+00:00'
[2023-10-17T11:24:37.700+0000] {base.py:73} INFO - Using connection ID 'fs_default' for task execution.
[2023-10-17T11:24:37.701+0000] {filesystem.py:64} INFO - Poking for file /opt/in/tiktok_google_play_reviews.csv
[2023-10-17T11:24:37.701+0000] {filesystem.py:69} INFO - Found File /opt/in/tiktok_google_play_reviews.csv last modified: 20220405221612
[2023-10-17T11:24:37.701+0000] {base.py:287} INFO - Success criteria met. Exiting.
[2023-10-17T11:24:37.707+0000] {taskinstance.py:1400} INFO - Marking task as SUCCESS. dag_id=copy_tranform_to_mongo, task_id=waiting_for_data, execution_date=20221128T000000, start_date=20231017T112437, end_date=20231017T112437
[2023-10-17T11:24:37.733+0000] {local_task_job_runner.py:228} INFO - Task exited with return code 0
[2023-10-17T11:24:37.755+0000] {taskinstance.py:2778} INFO - 0 downstream tasks scheduled from follow-on schedule check
[2023-10-18T11:49:17.143+0000] {taskinstance.py:1159} INFO - Dependencies all met for dep_context=non-requeueable deps ti=<TaskInstance: copy_tranform_to_mongo.waiting_for_data scheduled__2022-11-28T00:00:00+00:00 [queued]>
[2023-10-18T11:49:17.158+0000] {taskinstance.py:1159} INFO - Dependencies all met for dep_context=requeueable deps ti=<TaskInstance: copy_tranform_to_mongo.waiting_for_data scheduled__2022-11-28T00:00:00+00:00 [queued]>
[2023-10-18T11:49:17.158+0000] {taskinstance.py:1361} INFO - Starting attempt 1 of 1
[2023-10-18T11:49:17.172+0000] {taskinstance.py:1382} INFO - Executing <Task(FileSensor): waiting_for_data> on 2022-11-28 00:00:00+00:00
[2023-10-18T11:49:17.180+0000] {standard_task_runner.py:57} INFO - Started process 3330 to run task
[2023-10-18T11:49:17.185+0000] {standard_task_runner.py:84} INFO - Running: ['***', 'tasks', 'run', 'copy_tranform_to_mongo', 'waiting_for_data', 'scheduled__2022-11-28T00:00:00+00:00', '--job-id', '1353', '--raw', '--subdir', 'DAGS_FOLDER/file_***-mongo.py', '--cfg-path', '/tmp/tmphcllu2e5']
[2023-10-18T11:49:17.186+0000] {standard_task_runner.py:85} INFO - Job 1353: Subtask waiting_for_data
[2023-10-18T11:49:17.237+0000] {task_command.py:416} INFO - Running <TaskInstance: copy_tranform_to_mongo.waiting_for_data scheduled__2022-11-28T00:00:00+00:00 [running]> on host 0e68aa52dfc7
[2023-10-18T11:49:17.350+0000] {taskinstance.py:1662} INFO - Exporting env vars: AIRFLOW_CTX_DAG_OWNER='***' AIRFLOW_CTX_DAG_ID='copy_tranform_to_mongo' AIRFLOW_CTX_TASK_ID='waiting_for_data' AIRFLOW_CTX_EXECUTION_DATE='2022-11-28T00:00:00+00:00' AIRFLOW_CTX_TRY_NUMBER='1' AIRFLOW_CTX_DAG_RUN_ID='scheduled__2022-11-28T00:00:00+00:00'
[2023-10-18T11:49:17.364+0000] {base.py:73} INFO - Using connection ID 'fs_default' for task execution.
[2023-10-18T11:49:17.366+0000] {filesystem.py:64} INFO - Poking for file /opt/in/tiktok_google_play_reviews.csv
[2023-10-18T11:49:17.367+0000] {filesystem.py:69} INFO - Found File /opt/in/tiktok_google_play_reviews.csv last modified: 20220405221612
[2023-10-18T11:49:17.367+0000] {base.py:287} INFO - Success criteria met. Exiting.
[2023-10-18T11:49:17.379+0000] {taskinstance.py:1400} INFO - Marking task as SUCCESS. dag_id=copy_tranform_to_mongo, task_id=waiting_for_data, execution_date=20221128T000000, start_date=20231018T114917, end_date=20231018T114917
[2023-10-18T11:49:17.438+0000] {local_task_job_runner.py:228} INFO - Task exited with return code 0
[2023-10-18T11:49:17.528+0000] {taskinstance.py:2778} INFO - 0 downstream tasks scheduled from follow-on schedule check
