[2023-10-17T11:25:43.454+0000] {taskinstance.py:1159} INFO - Dependencies all met for dep_context=non-requeueable deps ti=<TaskInstance: copy_tranform_to_mongo.waiting_for_data scheduled__2023-04-29T00:00:00+00:00 [queued]>
[2023-10-17T11:25:43.464+0000] {taskinstance.py:1159} INFO - Dependencies all met for dep_context=requeueable deps ti=<TaskInstance: copy_tranform_to_mongo.waiting_for_data scheduled__2023-04-29T00:00:00+00:00 [queued]>
[2023-10-17T11:25:43.465+0000] {taskinstance.py:1361} INFO - Starting attempt 1 of 1
[2023-10-17T11:25:43.479+0000] {taskinstance.py:1382} INFO - Executing <Task(FileSensor): waiting_for_data> on 2023-04-29 00:00:00+00:00
[2023-10-17T11:25:43.486+0000] {standard_task_runner.py:57} INFO - Started process 2226 to run task
[2023-10-17T11:25:43.489+0000] {standard_task_runner.py:84} INFO - Running: ['***', 'tasks', 'run', 'copy_tranform_to_mongo', 'waiting_for_data', 'scheduled__2023-04-29T00:00:00+00:00', '--job-id', '853', '--raw', '--subdir', 'DAGS_FOLDER/file_***-mongo.py', '--cfg-path', '/tmp/tmpq03173ix']
[2023-10-17T11:25:43.491+0000] {standard_task_runner.py:85} INFO - Job 853: Subtask waiting_for_data
[2023-10-17T11:25:43.533+0000] {task_command.py:416} INFO - Running <TaskInstance: copy_tranform_to_mongo.waiting_for_data scheduled__2023-04-29T00:00:00+00:00 [running]> on host 238c1d4ff767
[2023-10-17T11:25:43.598+0000] {taskinstance.py:1662} INFO - Exporting env vars: AIRFLOW_CTX_DAG_OWNER='***' AIRFLOW_CTX_DAG_ID='copy_tranform_to_mongo' AIRFLOW_CTX_TASK_ID='waiting_for_data' AIRFLOW_CTX_EXECUTION_DATE='2023-04-29T00:00:00+00:00' AIRFLOW_CTX_TRY_NUMBER='1' AIRFLOW_CTX_DAG_RUN_ID='scheduled__2023-04-29T00:00:00+00:00'
[2023-10-17T11:25:43.606+0000] {base.py:73} INFO - Using connection ID 'fs_default' for task execution.
[2023-10-17T11:25:43.607+0000] {filesystem.py:64} INFO - Poking for file /opt/in/tiktok_google_play_reviews.csv
[2023-10-17T11:25:43.607+0000] {filesystem.py:69} INFO - Found File /opt/in/tiktok_google_play_reviews.csv last modified: 20220405221612
[2023-10-17T11:25:43.607+0000] {base.py:287} INFO - Success criteria met. Exiting.
[2023-10-17T11:25:43.614+0000] {taskinstance.py:1400} INFO - Marking task as SUCCESS. dag_id=copy_tranform_to_mongo, task_id=waiting_for_data, execution_date=20230429T000000, start_date=20231017T112543, end_date=20231017T112543
[2023-10-17T11:25:43.662+0000] {local_task_job_runner.py:228} INFO - Task exited with return code 0
[2023-10-17T11:25:43.676+0000] {taskinstance.py:2778} INFO - 0 downstream tasks scheduled from follow-on schedule check
[2023-10-18T11:51:09.967+0000] {taskinstance.py:1159} INFO - Dependencies all met for dep_context=non-requeueable deps ti=<TaskInstance: copy_tranform_to_mongo.waiting_for_data scheduled__2023-04-29T00:00:00+00:00 [queued]>
[2023-10-18T11:51:09.978+0000] {taskinstance.py:1159} INFO - Dependencies all met for dep_context=requeueable deps ti=<TaskInstance: copy_tranform_to_mongo.waiting_for_data scheduled__2023-04-29T00:00:00+00:00 [queued]>
[2023-10-18T11:51:09.978+0000] {taskinstance.py:1361} INFO - Starting attempt 1 of 1
[2023-10-18T11:51:09.991+0000] {taskinstance.py:1382} INFO - Executing <Task(FileSensor): waiting_for_data> on 2023-04-29 00:00:00+00:00
[2023-10-18T11:51:09.999+0000] {standard_task_runner.py:57} INFO - Started process 3966 to run task
[2023-10-18T11:51:10.002+0000] {standard_task_runner.py:84} INFO - Running: ['***', 'tasks', 'run', 'copy_tranform_to_mongo', 'waiting_for_data', 'scheduled__2023-04-29T00:00:00+00:00', '--job-id', '1660', '--raw', '--subdir', 'DAGS_FOLDER/file_***-mongo.py', '--cfg-path', '/tmp/tmprue98f7k']
[2023-10-18T11:51:10.002+0000] {standard_task_runner.py:85} INFO - Job 1660: Subtask waiting_for_data
[2023-10-18T11:51:10.053+0000] {task_command.py:416} INFO - Running <TaskInstance: copy_tranform_to_mongo.waiting_for_data scheduled__2023-04-29T00:00:00+00:00 [running]> on host 0e68aa52dfc7
[2023-10-18T11:51:10.127+0000] {taskinstance.py:1662} INFO - Exporting env vars: AIRFLOW_CTX_DAG_OWNER='***' AIRFLOW_CTX_DAG_ID='copy_tranform_to_mongo' AIRFLOW_CTX_TASK_ID='waiting_for_data' AIRFLOW_CTX_EXECUTION_DATE='2023-04-29T00:00:00+00:00' AIRFLOW_CTX_TRY_NUMBER='1' AIRFLOW_CTX_DAG_RUN_ID='scheduled__2023-04-29T00:00:00+00:00'
[2023-10-18T11:51:10.136+0000] {base.py:73} INFO - Using connection ID 'fs_default' for task execution.
[2023-10-18T11:51:10.136+0000] {filesystem.py:64} INFO - Poking for file /opt/in/tiktok_google_play_reviews.csv
[2023-10-18T11:51:10.137+0000] {filesystem.py:69} INFO - Found File /opt/in/tiktok_google_play_reviews.csv last modified: 20220405221612
[2023-10-18T11:51:10.137+0000] {base.py:287} INFO - Success criteria met. Exiting.
[2023-10-18T11:51:10.147+0000] {taskinstance.py:1400} INFO - Marking task as SUCCESS. dag_id=copy_tranform_to_mongo, task_id=waiting_for_data, execution_date=20230429T000000, start_date=20231018T115109, end_date=20231018T115110
[2023-10-18T11:51:10.177+0000] {local_task_job_runner.py:228} INFO - Task exited with return code 0
[2023-10-18T11:51:10.211+0000] {taskinstance.py:2778} INFO - 1 downstream tasks scheduled from follow-on schedule check
