[2023-10-17T11:22:00.865+0000] {taskinstance.py:1159} INFO - Dependencies all met for dep_context=non-requeueable deps ti=<TaskInstance: copy_tranform_to_mongo.waiting_for_data scheduled__2022-02-19T00:00:00+00:00 [queued]>
[2023-10-17T11:22:00.878+0000] {taskinstance.py:1159} INFO - Dependencies all met for dep_context=requeueable deps ti=<TaskInstance: copy_tranform_to_mongo.waiting_for_data scheduled__2022-02-19T00:00:00+00:00 [queued]>
[2023-10-17T11:22:00.878+0000] {taskinstance.py:1361} INFO - Starting attempt 1 of 1
[2023-10-17T11:22:00.895+0000] {taskinstance.py:1382} INFO - Executing <Task(FileSensor): waiting_for_data> on 2022-02-19 00:00:00+00:00
[2023-10-17T11:22:00.903+0000] {standard_task_runner.py:57} INFO - Started process 1302 to run task
[2023-10-17T11:22:00.906+0000] {standard_task_runner.py:84} INFO - Running: ['***', 'tasks', 'run', 'copy_tranform_to_mongo', 'waiting_for_data', 'scheduled__2022-02-19T00:00:00+00:00', '--job-id', '419', '--raw', '--subdir', 'DAGS_FOLDER/file_***-mongo.py', '--cfg-path', '/tmp/tmpme6dxhc_']
[2023-10-17T11:22:00.907+0000] {standard_task_runner.py:85} INFO - Job 419: Subtask waiting_for_data
[2023-10-17T11:22:00.949+0000] {task_command.py:416} INFO - Running <TaskInstance: copy_tranform_to_mongo.waiting_for_data scheduled__2022-02-19T00:00:00+00:00 [running]> on host 238c1d4ff767
[2023-10-17T11:22:01.039+0000] {taskinstance.py:1662} INFO - Exporting env vars: AIRFLOW_CTX_DAG_OWNER='***' AIRFLOW_CTX_DAG_ID='copy_tranform_to_mongo' AIRFLOW_CTX_TASK_ID='waiting_for_data' AIRFLOW_CTX_EXECUTION_DATE='2022-02-19T00:00:00+00:00' AIRFLOW_CTX_TRY_NUMBER='1' AIRFLOW_CTX_DAG_RUN_ID='scheduled__2022-02-19T00:00:00+00:00'
[2023-10-17T11:22:01.048+0000] {base.py:73} INFO - Using connection ID 'fs_default' for task execution.
[2023-10-17T11:22:01.049+0000] {filesystem.py:64} INFO - Poking for file /opt/in/tiktok_google_play_reviews.csv
[2023-10-17T11:22:01.049+0000] {filesystem.py:69} INFO - Found File /opt/in/tiktok_google_play_reviews.csv last modified: 20220405221612
[2023-10-17T11:22:01.049+0000] {base.py:287} INFO - Success criteria met. Exiting.
[2023-10-17T11:22:01.057+0000] {taskinstance.py:1400} INFO - Marking task as SUCCESS. dag_id=copy_tranform_to_mongo, task_id=waiting_for_data, execution_date=20220219T000000, start_date=20231017T112200, end_date=20231017T112201
[2023-10-17T11:22:01.078+0000] {local_task_job_runner.py:228} INFO - Task exited with return code 0
[2023-10-17T11:22:01.092+0000] {taskinstance.py:2778} INFO - 0 downstream tasks scheduled from follow-on schedule check
[2023-10-18T11:46:24.028+0000] {taskinstance.py:1159} INFO - Dependencies all met for dep_context=non-requeueable deps ti=<TaskInstance: copy_tranform_to_mongo.waiting_for_data scheduled__2022-02-19T00:00:00+00:00 [queued]>
[2023-10-18T11:46:24.039+0000] {taskinstance.py:1159} INFO - Dependencies all met for dep_context=requeueable deps ti=<TaskInstance: copy_tranform_to_mongo.waiting_for_data scheduled__2022-02-19T00:00:00+00:00 [queued]>
[2023-10-18T11:46:24.039+0000] {taskinstance.py:1361} INFO - Starting attempt 1 of 1
[2023-10-18T11:46:24.056+0000] {taskinstance.py:1382} INFO - Executing <Task(FileSensor): waiting_for_data> on 2022-02-19 00:00:00+00:00
[2023-10-18T11:46:24.068+0000] {standard_task_runner.py:57} INFO - Started process 2154 to run task
[2023-10-18T11:46:24.070+0000] {standard_task_runner.py:84} INFO - Running: ['***', 'tasks', 'run', 'copy_tranform_to_mongo', 'waiting_for_data', 'scheduled__2022-02-19T00:00:00+00:00', '--job-id', '789', '--raw', '--subdir', 'DAGS_FOLDER/file_***-mongo.py', '--cfg-path', '/tmp/tmpcd7hcmbe']
[2023-10-18T11:46:24.072+0000] {standard_task_runner.py:85} INFO - Job 789: Subtask waiting_for_data
[2023-10-18T11:46:24.133+0000] {task_command.py:416} INFO - Running <TaskInstance: copy_tranform_to_mongo.waiting_for_data scheduled__2022-02-19T00:00:00+00:00 [running]> on host 0e68aa52dfc7
[2023-10-18T11:46:24.249+0000] {taskinstance.py:1662} INFO - Exporting env vars: AIRFLOW_CTX_DAG_OWNER='***' AIRFLOW_CTX_DAG_ID='copy_tranform_to_mongo' AIRFLOW_CTX_TASK_ID='waiting_for_data' AIRFLOW_CTX_EXECUTION_DATE='2022-02-19T00:00:00+00:00' AIRFLOW_CTX_TRY_NUMBER='1' AIRFLOW_CTX_DAG_RUN_ID='scheduled__2022-02-19T00:00:00+00:00'
[2023-10-18T11:46:24.264+0000] {base.py:73} INFO - Using connection ID 'fs_default' for task execution.
[2023-10-18T11:46:24.265+0000] {filesystem.py:64} INFO - Poking for file /opt/in/tiktok_google_play_reviews.csv
[2023-10-18T11:46:24.265+0000] {filesystem.py:69} INFO - Found File /opt/in/tiktok_google_play_reviews.csv last modified: 20220405221612
[2023-10-18T11:46:24.265+0000] {base.py:287} INFO - Success criteria met. Exiting.
[2023-10-18T11:46:24.276+0000] {taskinstance.py:1400} INFO - Marking task as SUCCESS. dag_id=copy_tranform_to_mongo, task_id=waiting_for_data, execution_date=20220219T000000, start_date=20231018T114624, end_date=20231018T114624
[2023-10-18T11:46:24.335+0000] {local_task_job_runner.py:228} INFO - Task exited with return code 0
[2023-10-18T11:46:24.405+0000] {taskinstance.py:2778} INFO - 0 downstream tasks scheduled from follow-on schedule check
