[2023-10-17T11:25:21.828+0000] {taskinstance.py:1159} INFO - Dependencies all met for dep_context=non-requeueable deps ti=<TaskInstance: copy_tranform_to_mongo.waiting_for_data scheduled__2023-03-10T00:00:00+00:00 [queued]>
[2023-10-17T11:25:21.836+0000] {taskinstance.py:1159} INFO - Dependencies all met for dep_context=requeueable deps ti=<TaskInstance: copy_tranform_to_mongo.waiting_for_data scheduled__2023-03-10T00:00:00+00:00 [queued]>
[2023-10-17T11:25:21.836+0000] {taskinstance.py:1361} INFO - Starting attempt 1 of 1
[2023-10-17T11:25:21.849+0000] {taskinstance.py:1382} INFO - Executing <Task(FileSensor): waiting_for_data> on 2023-03-10 00:00:00+00:00
[2023-10-17T11:25:21.857+0000] {standard_task_runner.py:57} INFO - Started process 2118 to run task
[2023-10-17T11:25:21.860+0000] {standard_task_runner.py:84} INFO - Running: ['***', 'tasks', 'run', 'copy_tranform_to_mongo', 'waiting_for_data', 'scheduled__2023-03-10T00:00:00+00:00', '--job-id', '803', '--raw', '--subdir', 'DAGS_FOLDER/file_***-mongo.py', '--cfg-path', '/tmp/tmp7y0d5ijl']
[2023-10-17T11:25:21.861+0000] {standard_task_runner.py:85} INFO - Job 803: Subtask waiting_for_data
[2023-10-17T11:25:21.902+0000] {task_command.py:416} INFO - Running <TaskInstance: copy_tranform_to_mongo.waiting_for_data scheduled__2023-03-10T00:00:00+00:00 [running]> on host 238c1d4ff767
[2023-10-17T11:25:21.970+0000] {taskinstance.py:1662} INFO - Exporting env vars: AIRFLOW_CTX_DAG_OWNER='***' AIRFLOW_CTX_DAG_ID='copy_tranform_to_mongo' AIRFLOW_CTX_TASK_ID='waiting_for_data' AIRFLOW_CTX_EXECUTION_DATE='2023-03-10T00:00:00+00:00' AIRFLOW_CTX_TRY_NUMBER='1' AIRFLOW_CTX_DAG_RUN_ID='scheduled__2023-03-10T00:00:00+00:00'
[2023-10-17T11:25:21.977+0000] {base.py:73} INFO - Using connection ID 'fs_default' for task execution.
[2023-10-17T11:25:21.977+0000] {filesystem.py:64} INFO - Poking for file /opt/in/tiktok_google_play_reviews.csv
[2023-10-17T11:25:21.978+0000] {filesystem.py:69} INFO - Found File /opt/in/tiktok_google_play_reviews.csv last modified: 20220405221612
[2023-10-17T11:25:21.978+0000] {base.py:287} INFO - Success criteria met. Exiting.
[2023-10-17T11:25:21.985+0000] {taskinstance.py:1400} INFO - Marking task as SUCCESS. dag_id=copy_tranform_to_mongo, task_id=waiting_for_data, execution_date=20230310T000000, start_date=20231017T112521, end_date=20231017T112521
[2023-10-17T11:25:22.031+0000] {local_task_job_runner.py:228} INFO - Task exited with return code 0
[2023-10-17T11:25:22.042+0000] {taskinstance.py:2778} INFO - 0 downstream tasks scheduled from follow-on schedule check
[2023-10-18T11:50:39.973+0000] {taskinstance.py:1159} INFO - Dependencies all met for dep_context=non-requeueable deps ti=<TaskInstance: copy_tranform_to_mongo.waiting_for_data scheduled__2023-03-10T00:00:00+00:00 [queued]>
[2023-10-18T11:50:39.985+0000] {taskinstance.py:1159} INFO - Dependencies all met for dep_context=requeueable deps ti=<TaskInstance: copy_tranform_to_mongo.waiting_for_data scheduled__2023-03-10T00:00:00+00:00 [queued]>
[2023-10-18T11:50:39.986+0000] {taskinstance.py:1361} INFO - Starting attempt 1 of 1
[2023-10-18T11:50:39.999+0000] {taskinstance.py:1382} INFO - Executing <Task(FileSensor): waiting_for_data> on 2023-03-10 00:00:00+00:00
[2023-10-18T11:50:40.008+0000] {standard_task_runner.py:57} INFO - Started process 3754 to run task
[2023-10-18T11:50:40.011+0000] {standard_task_runner.py:84} INFO - Running: ['***', 'tasks', 'run', 'copy_tranform_to_mongo', 'waiting_for_data', 'scheduled__2023-03-10T00:00:00+00:00', '--job-id', '1558', '--raw', '--subdir', 'DAGS_FOLDER/file_***-mongo.py', '--cfg-path', '/tmp/tmp4lhuu4zo']
[2023-10-18T11:50:40.012+0000] {standard_task_runner.py:85} INFO - Job 1558: Subtask waiting_for_data
[2023-10-18T11:50:40.074+0000] {task_command.py:416} INFO - Running <TaskInstance: copy_tranform_to_mongo.waiting_for_data scheduled__2023-03-10T00:00:00+00:00 [running]> on host 0e68aa52dfc7
[2023-10-18T11:50:40.182+0000] {taskinstance.py:1662} INFO - Exporting env vars: AIRFLOW_CTX_DAG_OWNER='***' AIRFLOW_CTX_DAG_ID='copy_tranform_to_mongo' AIRFLOW_CTX_TASK_ID='waiting_for_data' AIRFLOW_CTX_EXECUTION_DATE='2023-03-10T00:00:00+00:00' AIRFLOW_CTX_TRY_NUMBER='1' AIRFLOW_CTX_DAG_RUN_ID='scheduled__2023-03-10T00:00:00+00:00'
[2023-10-18T11:50:40.198+0000] {base.py:73} INFO - Using connection ID 'fs_default' for task execution.
[2023-10-18T11:50:40.199+0000] {filesystem.py:64} INFO - Poking for file /opt/in/tiktok_google_play_reviews.csv
[2023-10-18T11:50:40.199+0000] {filesystem.py:69} INFO - Found File /opt/in/tiktok_google_play_reviews.csv last modified: 20220405221612
[2023-10-18T11:50:40.199+0000] {base.py:287} INFO - Success criteria met. Exiting.
[2023-10-18T11:50:40.223+0000] {taskinstance.py:1400} INFO - Marking task as SUCCESS. dag_id=copy_tranform_to_mongo, task_id=waiting_for_data, execution_date=20230310T000000, start_date=20231018T115039, end_date=20231018T115040
[2023-10-18T11:50:40.266+0000] {local_task_job_runner.py:228} INFO - Task exited with return code 0
[2023-10-18T11:50:40.358+0000] {taskinstance.py:2778} INFO - 0 downstream tasks scheduled from follow-on schedule check
