[2023-10-17T11:24:26.502+0000] {taskinstance.py:1159} INFO - Dependencies all met for dep_context=non-requeueable deps ti=<TaskInstance: copy_tranform_to_mongo.waiting_for_data scheduled__2022-11-16T00:00:00+00:00 [queued]>
[2023-10-17T11:24:26.509+0000] {taskinstance.py:1159} INFO - Dependencies all met for dep_context=requeueable deps ti=<TaskInstance: copy_tranform_to_mongo.waiting_for_data scheduled__2022-11-16T00:00:00+00:00 [queued]>
[2023-10-17T11:24:26.509+0000] {taskinstance.py:1361} INFO - Starting attempt 1 of 1
[2023-10-17T11:24:26.518+0000] {taskinstance.py:1382} INFO - Executing <Task(FileSensor): waiting_for_data> on 2022-11-16 00:00:00+00:00
[2023-10-17T11:24:26.522+0000] {standard_task_runner.py:57} INFO - Started process 1872 to run task
[2023-10-17T11:24:26.524+0000] {standard_task_runner.py:84} INFO - Running: ['***', 'tasks', 'run', 'copy_tranform_to_mongo', 'waiting_for_data', 'scheduled__2022-11-16T00:00:00+00:00', '--job-id', '689', '--raw', '--subdir', 'DAGS_FOLDER/file_***-mongo.py', '--cfg-path', '/tmp/tmp1y_xl420']
[2023-10-17T11:24:26.525+0000] {standard_task_runner.py:85} INFO - Job 689: Subtask waiting_for_data
[2023-10-17T11:24:26.554+0000] {task_command.py:416} INFO - Running <TaskInstance: copy_tranform_to_mongo.waiting_for_data scheduled__2022-11-16T00:00:00+00:00 [running]> on host 238c1d4ff767
[2023-10-17T11:24:26.606+0000] {taskinstance.py:1662} INFO - Exporting env vars: AIRFLOW_CTX_DAG_OWNER='***' AIRFLOW_CTX_DAG_ID='copy_tranform_to_mongo' AIRFLOW_CTX_TASK_ID='waiting_for_data' AIRFLOW_CTX_EXECUTION_DATE='2022-11-16T00:00:00+00:00' AIRFLOW_CTX_TRY_NUMBER='1' AIRFLOW_CTX_DAG_RUN_ID='scheduled__2022-11-16T00:00:00+00:00'
[2023-10-17T11:24:26.612+0000] {base.py:73} INFO - Using connection ID 'fs_default' for task execution.
[2023-10-17T11:24:26.613+0000] {filesystem.py:64} INFO - Poking for file /opt/in/tiktok_google_play_reviews.csv
[2023-10-17T11:24:26.613+0000] {filesystem.py:69} INFO - Found File /opt/in/tiktok_google_play_reviews.csv last modified: 20220405221612
[2023-10-17T11:24:26.613+0000] {base.py:287} INFO - Success criteria met. Exiting.
[2023-10-17T11:24:26.619+0000] {taskinstance.py:1400} INFO - Marking task as SUCCESS. dag_id=copy_tranform_to_mongo, task_id=waiting_for_data, execution_date=20221116T000000, start_date=20231017T112426, end_date=20231017T112426
[2023-10-17T11:24:26.656+0000] {local_task_job_runner.py:228} INFO - Task exited with return code 0
[2023-10-17T11:24:26.677+0000] {taskinstance.py:2778} INFO - 0 downstream tasks scheduled from follow-on schedule check
[2023-10-18T11:49:11.598+0000] {taskinstance.py:1159} INFO - Dependencies all met for dep_context=non-requeueable deps ti=<TaskInstance: copy_tranform_to_mongo.waiting_for_data scheduled__2022-11-16T00:00:00+00:00 [queued]>
[2023-10-18T11:49:11.607+0000] {taskinstance.py:1159} INFO - Dependencies all met for dep_context=requeueable deps ti=<TaskInstance: copy_tranform_to_mongo.waiting_for_data scheduled__2022-11-16T00:00:00+00:00 [queued]>
[2023-10-18T11:49:11.608+0000] {taskinstance.py:1361} INFO - Starting attempt 1 of 1
[2023-10-18T11:49:11.654+0000] {taskinstance.py:1382} INFO - Executing <Task(FileSensor): waiting_for_data> on 2022-11-16 00:00:00+00:00
[2023-10-18T11:49:11.661+0000] {standard_task_runner.py:57} INFO - Started process 3286 to run task
[2023-10-18T11:49:11.665+0000] {standard_task_runner.py:84} INFO - Running: ['***', 'tasks', 'run', 'copy_tranform_to_mongo', 'waiting_for_data', 'scheduled__2022-11-16T00:00:00+00:00', '--job-id', '1332', '--raw', '--subdir', 'DAGS_FOLDER/file_***-mongo.py', '--cfg-path', '/tmp/tmpjjza8ftm']
[2023-10-18T11:49:11.666+0000] {standard_task_runner.py:85} INFO - Job 1332: Subtask waiting_for_data
[2023-10-18T11:49:11.718+0000] {task_command.py:416} INFO - Running <TaskInstance: copy_tranform_to_mongo.waiting_for_data scheduled__2022-11-16T00:00:00+00:00 [running]> on host 0e68aa52dfc7
[2023-10-18T11:49:11.802+0000] {taskinstance.py:1662} INFO - Exporting env vars: AIRFLOW_CTX_DAG_OWNER='***' AIRFLOW_CTX_DAG_ID='copy_tranform_to_mongo' AIRFLOW_CTX_TASK_ID='waiting_for_data' AIRFLOW_CTX_EXECUTION_DATE='2022-11-16T00:00:00+00:00' AIRFLOW_CTX_TRY_NUMBER='1' AIRFLOW_CTX_DAG_RUN_ID='scheduled__2022-11-16T00:00:00+00:00'
[2023-10-18T11:49:11.815+0000] {base.py:73} INFO - Using connection ID 'fs_default' for task execution.
[2023-10-18T11:49:11.816+0000] {filesystem.py:64} INFO - Poking for file /opt/in/tiktok_google_play_reviews.csv
[2023-10-18T11:49:11.816+0000] {filesystem.py:69} INFO - Found File /opt/in/tiktok_google_play_reviews.csv last modified: 20220405221612
[2023-10-18T11:49:11.816+0000] {base.py:287} INFO - Success criteria met. Exiting.
[2023-10-18T11:49:11.828+0000] {taskinstance.py:1400} INFO - Marking task as SUCCESS. dag_id=copy_tranform_to_mongo, task_id=waiting_for_data, execution_date=20221116T000000, start_date=20231018T114911, end_date=20231018T114911
[2023-10-18T11:49:11.878+0000] {local_task_job_runner.py:228} INFO - Task exited with return code 0
[2023-10-18T11:49:11.912+0000] {taskinstance.py:2778} INFO - 0 downstream tasks scheduled from follow-on schedule check
