[2023-10-17T11:24:48.213+0000] {taskinstance.py:1159} INFO - Dependencies all met for dep_context=non-requeueable deps ti=<TaskInstance: copy_tranform_to_mongo.waiting_for_data scheduled__2022-12-21T00:00:00+00:00 [queued]>
[2023-10-17T11:24:48.224+0000] {taskinstance.py:1159} INFO - Dependencies all met for dep_context=requeueable deps ti=<TaskInstance: copy_tranform_to_mongo.waiting_for_data scheduled__2022-12-21T00:00:00+00:00 [queued]>
[2023-10-17T11:24:48.224+0000] {taskinstance.py:1361} INFO - Starting attempt 1 of 1
[2023-10-17T11:24:48.236+0000] {taskinstance.py:1382} INFO - Executing <Task(FileSensor): waiting_for_data> on 2022-12-21 00:00:00+00:00
[2023-10-17T11:24:48.243+0000] {standard_task_runner.py:57} INFO - Started process 1951 to run task
[2023-10-17T11:24:48.245+0000] {standard_task_runner.py:84} INFO - Running: ['***', 'tasks', 'run', 'copy_tranform_to_mongo', 'waiting_for_data', 'scheduled__2022-12-21T00:00:00+00:00', '--job-id', '724', '--raw', '--subdir', 'DAGS_FOLDER/file_***-mongo.py', '--cfg-path', '/tmp/tmpk30j_dq5']
[2023-10-17T11:24:48.246+0000] {standard_task_runner.py:85} INFO - Job 724: Subtask waiting_for_data
[2023-10-17T11:24:48.281+0000] {task_command.py:416} INFO - Running <TaskInstance: copy_tranform_to_mongo.waiting_for_data scheduled__2022-12-21T00:00:00+00:00 [running]> on host 238c1d4ff767
[2023-10-17T11:24:48.342+0000] {taskinstance.py:1662} INFO - Exporting env vars: AIRFLOW_CTX_DAG_OWNER='***' AIRFLOW_CTX_DAG_ID='copy_tranform_to_mongo' AIRFLOW_CTX_TASK_ID='waiting_for_data' AIRFLOW_CTX_EXECUTION_DATE='2022-12-21T00:00:00+00:00' AIRFLOW_CTX_TRY_NUMBER='1' AIRFLOW_CTX_DAG_RUN_ID='scheduled__2022-12-21T00:00:00+00:00'
[2023-10-17T11:24:48.349+0000] {base.py:73} INFO - Using connection ID 'fs_default' for task execution.
[2023-10-17T11:24:48.349+0000] {filesystem.py:64} INFO - Poking for file /opt/in/tiktok_google_play_reviews.csv
[2023-10-17T11:24:48.349+0000] {filesystem.py:69} INFO - Found File /opt/in/tiktok_google_play_reviews.csv last modified: 20220405221612
[2023-10-17T11:24:48.349+0000] {base.py:287} INFO - Success criteria met. Exiting.
[2023-10-17T11:24:48.357+0000] {taskinstance.py:1400} INFO - Marking task as SUCCESS. dag_id=copy_tranform_to_mongo, task_id=waiting_for_data, execution_date=20221221T000000, start_date=20231017T112448, end_date=20231017T112448
[2023-10-17T11:24:48.376+0000] {local_task_job_runner.py:228} INFO - Task exited with return code 0
[2023-10-17T11:24:48.390+0000] {taskinstance.py:2778} INFO - 0 downstream tasks scheduled from follow-on schedule check
[2023-10-18T11:49:52.857+0000] {taskinstance.py:1159} INFO - Dependencies all met for dep_context=non-requeueable deps ti=<TaskInstance: copy_tranform_to_mongo.waiting_for_data scheduled__2022-12-21T00:00:00+00:00 [queued]>
[2023-10-18T11:49:52.872+0000] {taskinstance.py:1159} INFO - Dependencies all met for dep_context=requeueable deps ti=<TaskInstance: copy_tranform_to_mongo.waiting_for_data scheduled__2022-12-21T00:00:00+00:00 [queued]>
[2023-10-18T11:49:52.872+0000] {taskinstance.py:1361} INFO - Starting attempt 1 of 1
[2023-10-18T11:49:52.888+0000] {taskinstance.py:1382} INFO - Executing <Task(FileSensor): waiting_for_data> on 2022-12-21 00:00:00+00:00
[2023-10-18T11:49:52.897+0000] {standard_task_runner.py:57} INFO - Started process 3432 to run task
[2023-10-18T11:49:52.902+0000] {standard_task_runner.py:84} INFO - Running: ['***', 'tasks', 'run', 'copy_tranform_to_mongo', 'waiting_for_data', 'scheduled__2022-12-21T00:00:00+00:00', '--job-id', '1400', '--raw', '--subdir', 'DAGS_FOLDER/file_***-mongo.py', '--cfg-path', '/tmp/tmpg18zc9e9']
[2023-10-18T11:49:52.903+0000] {standard_task_runner.py:85} INFO - Job 1400: Subtask waiting_for_data
[2023-10-18T11:49:52.964+0000] {task_command.py:416} INFO - Running <TaskInstance: copy_tranform_to_mongo.waiting_for_data scheduled__2022-12-21T00:00:00+00:00 [running]> on host 0e68aa52dfc7
[2023-10-18T11:49:53.060+0000] {taskinstance.py:1662} INFO - Exporting env vars: AIRFLOW_CTX_DAG_OWNER='***' AIRFLOW_CTX_DAG_ID='copy_tranform_to_mongo' AIRFLOW_CTX_TASK_ID='waiting_for_data' AIRFLOW_CTX_EXECUTION_DATE='2022-12-21T00:00:00+00:00' AIRFLOW_CTX_TRY_NUMBER='1' AIRFLOW_CTX_DAG_RUN_ID='scheduled__2022-12-21T00:00:00+00:00'
[2023-10-18T11:49:53.070+0000] {base.py:73} INFO - Using connection ID 'fs_default' for task execution.
[2023-10-18T11:49:53.071+0000] {filesystem.py:64} INFO - Poking for file /opt/in/tiktok_google_play_reviews.csv
[2023-10-18T11:49:53.072+0000] {filesystem.py:69} INFO - Found File /opt/in/tiktok_google_play_reviews.csv last modified: 20220405221612
[2023-10-18T11:49:53.072+0000] {base.py:287} INFO - Success criteria met. Exiting.
[2023-10-18T11:49:53.085+0000] {taskinstance.py:1400} INFO - Marking task as SUCCESS. dag_id=copy_tranform_to_mongo, task_id=waiting_for_data, execution_date=20221221T000000, start_date=20231018T114952, end_date=20231018T114953
[2023-10-18T11:49:53.119+0000] {local_task_job_runner.py:228} INFO - Task exited with return code 0
[2023-10-18T11:49:53.155+0000] {taskinstance.py:2778} INFO - 1 downstream tasks scheduled from follow-on schedule check
