[2023-10-17T11:19:56.147+0000] {taskinstance.py:1159} INFO - Dependencies all met for dep_context=non-requeueable deps ti=<TaskInstance: copy_tranform_to_mongo.waiting_for_data scheduled__2021-07-04T00:00:00+00:00 [queued]>
[2023-10-17T11:19:56.155+0000] {taskinstance.py:1159} INFO - Dependencies all met for dep_context=requeueable deps ti=<TaskInstance: copy_tranform_to_mongo.waiting_for_data scheduled__2021-07-04T00:00:00+00:00 [queued]>
[2023-10-17T11:19:56.155+0000] {taskinstance.py:1361} INFO - Starting attempt 1 of 1
[2023-10-17T11:19:56.164+0000] {taskinstance.py:1382} INFO - Executing <Task(FileSensor): waiting_for_data> on 2021-07-04 00:00:00+00:00
[2023-10-17T11:19:56.170+0000] {standard_task_runner.py:57} INFO - Started process 809 to run task
[2023-10-17T11:19:56.172+0000] {standard_task_runner.py:84} INFO - Running: ['***', 'tasks', 'run', 'copy_tranform_to_mongo', 'waiting_for_data', 'scheduled__2021-07-04T00:00:00+00:00', '--job-id', '189', '--raw', '--subdir', 'DAGS_FOLDER/file_***-mongo.py', '--cfg-path', '/tmp/tmpo88dcrds']
[2023-10-17T11:19:56.173+0000] {standard_task_runner.py:85} INFO - Job 189: Subtask waiting_for_data
[2023-10-17T11:19:56.209+0000] {task_command.py:416} INFO - Running <TaskInstance: copy_tranform_to_mongo.waiting_for_data scheduled__2021-07-04T00:00:00+00:00 [running]> on host 238c1d4ff767
[2023-10-17T11:19:56.280+0000] {taskinstance.py:1662} INFO - Exporting env vars: AIRFLOW_CTX_DAG_OWNER='***' AIRFLOW_CTX_DAG_ID='copy_tranform_to_mongo' AIRFLOW_CTX_TASK_ID='waiting_for_data' AIRFLOW_CTX_EXECUTION_DATE='2021-07-04T00:00:00+00:00' AIRFLOW_CTX_TRY_NUMBER='1' AIRFLOW_CTX_DAG_RUN_ID='scheduled__2021-07-04T00:00:00+00:00'
[2023-10-17T11:19:56.289+0000] {base.py:73} INFO - Using connection ID 'fs_default' for task execution.
[2023-10-17T11:19:56.289+0000] {filesystem.py:64} INFO - Poking for file /opt/in/tiktok_google_play_reviews.csv
[2023-10-17T11:19:56.289+0000] {filesystem.py:69} INFO - Found File /opt/in/tiktok_google_play_reviews.csv last modified: 20220405221612
[2023-10-17T11:19:56.289+0000] {base.py:287} INFO - Success criteria met. Exiting.
[2023-10-17T11:19:56.296+0000] {taskinstance.py:1400} INFO - Marking task as SUCCESS. dag_id=copy_tranform_to_mongo, task_id=waiting_for_data, execution_date=20210704T000000, start_date=20231017T111956, end_date=20231017T111956
[2023-10-17T11:19:56.344+0000] {local_task_job_runner.py:228} INFO - Task exited with return code 0
[2023-10-17T11:19:56.368+0000] {taskinstance.py:2778} INFO - 0 downstream tasks scheduled from follow-on schedule check
[2023-10-18T10:43:42.697+0000] {taskinstance.py:1159} INFO - Dependencies all met for dep_context=non-requeueable deps ti=<TaskInstance: copy_tranform_to_mongo.waiting_for_data scheduled__2021-07-04T00:00:00+00:00 [queued]>
[2023-10-18T10:43:42.708+0000] {taskinstance.py:1159} INFO - Dependencies all met for dep_context=requeueable deps ti=<TaskInstance: copy_tranform_to_mongo.waiting_for_data scheduled__2021-07-04T00:00:00+00:00 [queued]>
[2023-10-18T10:43:42.708+0000] {taskinstance.py:1361} INFO - Starting attempt 1 of 1
[2023-10-18T10:43:42.724+0000] {taskinstance.py:1382} INFO - Executing <Task(FileSensor): waiting_for_data> on 2021-07-04 00:00:00+00:00
[2023-10-18T10:43:42.732+0000] {standard_task_runner.py:57} INFO - Started process 1775 to run task
[2023-10-18T10:43:42.734+0000] {standard_task_runner.py:84} INFO - Running: ['***', 'tasks', 'run', 'copy_tranform_to_mongo', 'waiting_for_data', 'scheduled__2021-07-04T00:00:00+00:00', '--job-id', '188', '--raw', '--subdir', 'DAGS_FOLDER/file_***-mongo.py', '--cfg-path', '/tmp/tmpk733x4nv']
[2023-10-18T10:43:42.736+0000] {standard_task_runner.py:85} INFO - Job 188: Subtask waiting_for_data
[2023-10-18T10:43:42.786+0000] {task_command.py:416} INFO - Running <TaskInstance: copy_tranform_to_mongo.waiting_for_data scheduled__2021-07-04T00:00:00+00:00 [running]> on host 2473b23ba069
[2023-10-18T10:43:42.859+0000] {taskinstance.py:1662} INFO - Exporting env vars: AIRFLOW_CTX_DAG_OWNER='***' AIRFLOW_CTX_DAG_ID='copy_tranform_to_mongo' AIRFLOW_CTX_TASK_ID='waiting_for_data' AIRFLOW_CTX_EXECUTION_DATE='2021-07-04T00:00:00+00:00' AIRFLOW_CTX_TRY_NUMBER='1' AIRFLOW_CTX_DAG_RUN_ID='scheduled__2021-07-04T00:00:00+00:00'
[2023-10-18T10:43:42.880+0000] {taskinstance.py:1937} ERROR - Task failed with exception
Traceback (most recent call last):
  File "/home/airflow/.local/lib/python3.8/site-packages/airflow/sensors/base.py", line 257, in execute
    raise e
  File "/home/airflow/.local/lib/python3.8/site-packages/airflow/sensors/base.py", line 239, in execute
    poke_return = self.poke(context)
  File "/home/airflow/.local/lib/python3.8/site-packages/airflow/sensors/filesystem.py", line 61, in poke
    hook = FSHook(self.fs_conn_id)
  File "/home/airflow/.local/lib/python3.8/site-packages/airflow/hooks/filesystem.py", line 38, in __init__
    conn = self.get_connection(conn_id)
  File "/home/airflow/.local/lib/python3.8/site-packages/airflow/hooks/base.py", line 72, in get_connection
    conn = Connection.get_connection_from_secrets(conn_id)
  File "/home/airflow/.local/lib/python3.8/site-packages/airflow/models/connection.py", line 477, in get_connection_from_secrets
    raise AirflowNotFoundException(f"The conn_id `{conn_id}` isn't defined")
airflow.exceptions.AirflowNotFoundException: The conn_id `fs_default` isn't defined
[2023-10-18T10:43:42.884+0000] {taskinstance.py:1400} INFO - Marking task as FAILED. dag_id=copy_tranform_to_mongo, task_id=waiting_for_data, execution_date=20210704T000000, start_date=20231018T104342, end_date=20231018T104342
[2023-10-18T10:43:42.898+0000] {standard_task_runner.py:104} ERROR - Failed to execute job 188 for task waiting_for_data (The conn_id `fs_default` isn't defined; 1775)
[2023-10-18T10:43:42.907+0000] {local_task_job_runner.py:228} INFO - Task exited with return code 1
[2023-10-18T10:43:42.967+0000] {taskinstance.py:2778} INFO - 0 downstream tasks scheduled from follow-on schedule check
[2023-10-18T11:44:05.519+0000] {taskinstance.py:1159} INFO - Dependencies all met for dep_context=non-requeueable deps ti=<TaskInstance: copy_tranform_to_mongo.waiting_for_data scheduled__2021-07-04T00:00:00+00:00 [queued]>
[2023-10-18T11:44:05.545+0000] {taskinstance.py:1159} INFO - Dependencies all met for dep_context=requeueable deps ti=<TaskInstance: copy_tranform_to_mongo.waiting_for_data scheduled__2021-07-04T00:00:00+00:00 [queued]>
[2023-10-18T11:44:05.545+0000] {taskinstance.py:1361} INFO - Starting attempt 1 of 1
[2023-10-18T11:44:05.562+0000] {taskinstance.py:1382} INFO - Executing <Task(FileSensor): waiting_for_data> on 2021-07-04 00:00:00+00:00
[2023-10-18T11:44:05.575+0000] {standard_task_runner.py:57} INFO - Started process 1202 to run task
[2023-10-18T11:44:05.582+0000] {standard_task_runner.py:84} INFO - Running: ['***', 'tasks', 'run', 'copy_tranform_to_mongo', 'waiting_for_data', 'scheduled__2021-07-04T00:00:00+00:00', '--job-id', '329', '--raw', '--subdir', 'DAGS_FOLDER/file_***-mongo.py', '--cfg-path', '/tmp/tmpugttl8lr']
[2023-10-18T11:44:05.596+0000] {standard_task_runner.py:85} INFO - Job 329: Subtask waiting_for_data
[2023-10-18T11:44:05.679+0000] {task_command.py:416} INFO - Running <TaskInstance: copy_tranform_to_mongo.waiting_for_data scheduled__2021-07-04T00:00:00+00:00 [running]> on host 0e68aa52dfc7
[2023-10-18T11:44:05.797+0000] {taskinstance.py:1662} INFO - Exporting env vars: AIRFLOW_CTX_DAG_OWNER='***' AIRFLOW_CTX_DAG_ID='copy_tranform_to_mongo' AIRFLOW_CTX_TASK_ID='waiting_for_data' AIRFLOW_CTX_EXECUTION_DATE='2021-07-04T00:00:00+00:00' AIRFLOW_CTX_TRY_NUMBER='1' AIRFLOW_CTX_DAG_RUN_ID='scheduled__2021-07-04T00:00:00+00:00'
[2023-10-18T11:44:05.817+0000] {base.py:73} INFO - Using connection ID 'fs_default' for task execution.
[2023-10-18T11:44:05.817+0000] {filesystem.py:64} INFO - Poking for file /opt/in/tiktok_google_play_reviews.csv
[2023-10-18T11:44:05.817+0000] {filesystem.py:69} INFO - Found File /opt/in/tiktok_google_play_reviews.csv last modified: 20220405221612
[2023-10-18T11:44:05.817+0000] {base.py:287} INFO - Success criteria met. Exiting.
[2023-10-18T11:44:05.831+0000] {taskinstance.py:1400} INFO - Marking task as SUCCESS. dag_id=copy_tranform_to_mongo, task_id=waiting_for_data, execution_date=20210704T000000, start_date=20231018T114405, end_date=20231018T114405
[2023-10-18T11:44:05.889+0000] {local_task_job_runner.py:228} INFO - Task exited with return code 0
[2023-10-18T11:44:05.932+0000] {taskinstance.py:2778} INFO - 1 downstream tasks scheduled from follow-on schedule check
