[2023-10-17T11:24:47.766+0000] {taskinstance.py:1159} INFO - Dependencies all met for dep_context=non-requeueable deps ti=<TaskInstance: copy_tranform_to_mongo.waiting_for_data scheduled__2022-12-17T00:00:00+00:00 [queued]>
[2023-10-17T11:24:47.781+0000] {taskinstance.py:1159} INFO - Dependencies all met for dep_context=requeueable deps ti=<TaskInstance: copy_tranform_to_mongo.waiting_for_data scheduled__2022-12-17T00:00:00+00:00 [queued]>
[2023-10-17T11:24:47.781+0000] {taskinstance.py:1361} INFO - Starting attempt 1 of 1
[2023-10-17T11:24:47.795+0000] {taskinstance.py:1382} INFO - Executing <Task(FileSensor): waiting_for_data> on 2022-12-17 00:00:00+00:00
[2023-10-17T11:24:47.803+0000] {standard_task_runner.py:57} INFO - Started process 1945 to run task
[2023-10-17T11:24:47.805+0000] {standard_task_runner.py:84} INFO - Running: ['***', 'tasks', 'run', 'copy_tranform_to_mongo', 'waiting_for_data', 'scheduled__2022-12-17T00:00:00+00:00', '--job-id', '720', '--raw', '--subdir', 'DAGS_FOLDER/file_***-mongo.py', '--cfg-path', '/tmp/tmpohdxowpk']
[2023-10-17T11:24:47.806+0000] {standard_task_runner.py:85} INFO - Job 720: Subtask waiting_for_data
[2023-10-17T11:24:47.845+0000] {task_command.py:416} INFO - Running <TaskInstance: copy_tranform_to_mongo.waiting_for_data scheduled__2022-12-17T00:00:00+00:00 [running]> on host 238c1d4ff767
[2023-10-17T11:24:47.917+0000] {taskinstance.py:1662} INFO - Exporting env vars: AIRFLOW_CTX_DAG_OWNER='***' AIRFLOW_CTX_DAG_ID='copy_tranform_to_mongo' AIRFLOW_CTX_TASK_ID='waiting_for_data' AIRFLOW_CTX_EXECUTION_DATE='2022-12-17T00:00:00+00:00' AIRFLOW_CTX_TRY_NUMBER='1' AIRFLOW_CTX_DAG_RUN_ID='scheduled__2022-12-17T00:00:00+00:00'
[2023-10-17T11:24:47.932+0000] {base.py:73} INFO - Using connection ID 'fs_default' for task execution.
[2023-10-17T11:24:47.932+0000] {filesystem.py:64} INFO - Poking for file /opt/in/tiktok_google_play_reviews.csv
[2023-10-17T11:24:47.932+0000] {filesystem.py:69} INFO - Found File /opt/in/tiktok_google_play_reviews.csv last modified: 20220405221612
[2023-10-17T11:24:47.932+0000] {base.py:287} INFO - Success criteria met. Exiting.
[2023-10-17T11:24:47.942+0000] {taskinstance.py:1400} INFO - Marking task as SUCCESS. dag_id=copy_tranform_to_mongo, task_id=waiting_for_data, execution_date=20221217T000000, start_date=20231017T112447, end_date=20231017T112447
[2023-10-17T11:24:47.978+0000] {local_task_job_runner.py:228} INFO - Task exited with return code 0
[2023-10-17T11:24:48.021+0000] {taskinstance.py:2778} INFO - 0 downstream tasks scheduled from follow-on schedule check
[2023-10-18T11:49:52.222+0000] {taskinstance.py:1159} INFO - Dependencies all met for dep_context=non-requeueable deps ti=<TaskInstance: copy_tranform_to_mongo.waiting_for_data scheduled__2022-12-17T00:00:00+00:00 [queued]>
[2023-10-18T11:49:52.233+0000] {taskinstance.py:1159} INFO - Dependencies all met for dep_context=requeueable deps ti=<TaskInstance: copy_tranform_to_mongo.waiting_for_data scheduled__2022-12-17T00:00:00+00:00 [queued]>
[2023-10-18T11:49:52.233+0000] {taskinstance.py:1361} INFO - Starting attempt 1 of 1
[2023-10-18T11:49:52.267+0000] {taskinstance.py:1382} INFO - Executing <Task(FileSensor): waiting_for_data> on 2022-12-17 00:00:00+00:00
[2023-10-18T11:49:52.276+0000] {standard_task_runner.py:57} INFO - Started process 3421 to run task
[2023-10-18T11:49:52.279+0000] {standard_task_runner.py:84} INFO - Running: ['***', 'tasks', 'run', 'copy_tranform_to_mongo', 'waiting_for_data', 'scheduled__2022-12-17T00:00:00+00:00', '--job-id', '1396', '--raw', '--subdir', 'DAGS_FOLDER/file_***-mongo.py', '--cfg-path', '/tmp/tmpht6vxswf']
[2023-10-18T11:49:52.281+0000] {standard_task_runner.py:85} INFO - Job 1396: Subtask waiting_for_data
[2023-10-18T11:49:52.336+0000] {task_command.py:416} INFO - Running <TaskInstance: copy_tranform_to_mongo.waiting_for_data scheduled__2022-12-17T00:00:00+00:00 [running]> on host 0e68aa52dfc7
[2023-10-18T11:49:52.412+0000] {taskinstance.py:1662} INFO - Exporting env vars: AIRFLOW_CTX_DAG_OWNER='***' AIRFLOW_CTX_DAG_ID='copy_tranform_to_mongo' AIRFLOW_CTX_TASK_ID='waiting_for_data' AIRFLOW_CTX_EXECUTION_DATE='2022-12-17T00:00:00+00:00' AIRFLOW_CTX_TRY_NUMBER='1' AIRFLOW_CTX_DAG_RUN_ID='scheduled__2022-12-17T00:00:00+00:00'
[2023-10-18T11:49:52.422+0000] {base.py:73} INFO - Using connection ID 'fs_default' for task execution.
[2023-10-18T11:49:52.423+0000] {filesystem.py:64} INFO - Poking for file /opt/in/tiktok_google_play_reviews.csv
[2023-10-18T11:49:52.423+0000] {filesystem.py:69} INFO - Found File /opt/in/tiktok_google_play_reviews.csv last modified: 20220405221612
[2023-10-18T11:49:52.424+0000] {base.py:287} INFO - Success criteria met. Exiting.
[2023-10-18T11:49:52.433+0000] {taskinstance.py:1400} INFO - Marking task as SUCCESS. dag_id=copy_tranform_to_mongo, task_id=waiting_for_data, execution_date=20221217T000000, start_date=20231018T114952, end_date=20231018T114952
[2023-10-18T11:49:52.492+0000] {local_task_job_runner.py:228} INFO - Task exited with return code 0
[2023-10-18T11:49:52.528+0000] {taskinstance.py:2778} INFO - 1 downstream tasks scheduled from follow-on schedule check
