[2023-10-17T11:20:06.009+0000] {taskinstance.py:1159} INFO - Dependencies all met for dep_context=non-requeueable deps ti=<TaskInstance: copy_tranform_to_mongo.waiting_for_data scheduled__2021-07-25T00:00:00+00:00 [queued]>
[2023-10-17T11:20:06.021+0000] {taskinstance.py:1159} INFO - Dependencies all met for dep_context=requeueable deps ti=<TaskInstance: copy_tranform_to_mongo.waiting_for_data scheduled__2021-07-25T00:00:00+00:00 [queued]>
[2023-10-17T11:20:06.021+0000] {taskinstance.py:1361} INFO - Starting attempt 1 of 1
[2023-10-17T11:20:06.072+0000] {taskinstance.py:1382} INFO - Executing <Task(FileSensor): waiting_for_data> on 2021-07-25 00:00:00+00:00
[2023-10-17T11:20:06.079+0000] {standard_task_runner.py:57} INFO - Started process 853 to run task
[2023-10-17T11:20:06.083+0000] {standard_task_runner.py:84} INFO - Running: ['***', 'tasks', 'run', 'copy_tranform_to_mongo', 'waiting_for_data', 'scheduled__2021-07-25T00:00:00+00:00', '--job-id', '210', '--raw', '--subdir', 'DAGS_FOLDER/file_***-mongo.py', '--cfg-path', '/tmp/tmp5y8g50ll']
[2023-10-17T11:20:06.085+0000] {standard_task_runner.py:85} INFO - Job 210: Subtask waiting_for_data
[2023-10-17T11:20:06.134+0000] {task_command.py:416} INFO - Running <TaskInstance: copy_tranform_to_mongo.waiting_for_data scheduled__2021-07-25T00:00:00+00:00 [running]> on host 238c1d4ff767
[2023-10-17T11:20:06.277+0000] {taskinstance.py:1662} INFO - Exporting env vars: AIRFLOW_CTX_DAG_OWNER='***' AIRFLOW_CTX_DAG_ID='copy_tranform_to_mongo' AIRFLOW_CTX_TASK_ID='waiting_for_data' AIRFLOW_CTX_EXECUTION_DATE='2021-07-25T00:00:00+00:00' AIRFLOW_CTX_TRY_NUMBER='1' AIRFLOW_CTX_DAG_RUN_ID='scheduled__2021-07-25T00:00:00+00:00'
[2023-10-17T11:20:06.286+0000] {base.py:73} INFO - Using connection ID 'fs_default' for task execution.
[2023-10-17T11:20:06.286+0000] {filesystem.py:64} INFO - Poking for file /opt/in/tiktok_google_play_reviews.csv
[2023-10-17T11:20:06.287+0000] {filesystem.py:69} INFO - Found File /opt/in/tiktok_google_play_reviews.csv last modified: 20220405221612
[2023-10-17T11:20:06.287+0000] {base.py:287} INFO - Success criteria met. Exiting.
[2023-10-17T11:20:06.294+0000] {taskinstance.py:1400} INFO - Marking task as SUCCESS. dag_id=copy_tranform_to_mongo, task_id=waiting_for_data, execution_date=20210725T000000, start_date=20231017T112006, end_date=20231017T112006
[2023-10-17T11:20:06.341+0000] {local_task_job_runner.py:228} INFO - Task exited with return code 0
[2023-10-17T11:20:06.355+0000] {taskinstance.py:2778} INFO - 0 downstream tasks scheduled from follow-on schedule check
[2023-10-18T10:43:50.359+0000] {taskinstance.py:1159} INFO - Dependencies all met for dep_context=non-requeueable deps ti=<TaskInstance: copy_tranform_to_mongo.waiting_for_data scheduled__2021-07-25T00:00:00+00:00 [queued]>
[2023-10-18T10:43:50.370+0000] {taskinstance.py:1159} INFO - Dependencies all met for dep_context=requeueable deps ti=<TaskInstance: copy_tranform_to_mongo.waiting_for_data scheduled__2021-07-25T00:00:00+00:00 [queued]>
[2023-10-18T10:43:50.370+0000] {taskinstance.py:1361} INFO - Starting attempt 1 of 1
[2023-10-18T10:43:50.381+0000] {taskinstance.py:1382} INFO - Executing <Task(FileSensor): waiting_for_data> on 2021-07-25 00:00:00+00:00
[2023-10-18T10:43:50.387+0000] {standard_task_runner.py:57} INFO - Started process 1822 to run task
[2023-10-18T10:43:50.389+0000] {standard_task_runner.py:84} INFO - Running: ['***', 'tasks', 'run', 'copy_tranform_to_mongo', 'waiting_for_data', 'scheduled__2021-07-25T00:00:00+00:00', '--job-id', '209', '--raw', '--subdir', 'DAGS_FOLDER/file_***-mongo.py', '--cfg-path', '/tmp/tmpf9cofu9r']
[2023-10-18T10:43:50.390+0000] {standard_task_runner.py:85} INFO - Job 209: Subtask waiting_for_data
[2023-10-18T10:43:50.426+0000] {task_command.py:416} INFO - Running <TaskInstance: copy_tranform_to_mongo.waiting_for_data scheduled__2021-07-25T00:00:00+00:00 [running]> on host 2473b23ba069
[2023-10-18T10:43:50.485+0000] {taskinstance.py:1662} INFO - Exporting env vars: AIRFLOW_CTX_DAG_OWNER='***' AIRFLOW_CTX_DAG_ID='copy_tranform_to_mongo' AIRFLOW_CTX_TASK_ID='waiting_for_data' AIRFLOW_CTX_EXECUTION_DATE='2021-07-25T00:00:00+00:00' AIRFLOW_CTX_TRY_NUMBER='1' AIRFLOW_CTX_DAG_RUN_ID='scheduled__2021-07-25T00:00:00+00:00'
[2023-10-18T10:43:50.500+0000] {taskinstance.py:1937} ERROR - Task failed with exception
Traceback (most recent call last):
  File "/home/airflow/.local/lib/python3.8/site-packages/airflow/sensors/base.py", line 257, in execute
    raise e
  File "/home/airflow/.local/lib/python3.8/site-packages/airflow/sensors/base.py", line 239, in execute
    poke_return = self.poke(context)
  File "/home/airflow/.local/lib/python3.8/site-packages/airflow/sensors/filesystem.py", line 61, in poke
    hook = FSHook(self.fs_conn_id)
  File "/home/airflow/.local/lib/python3.8/site-packages/airflow/hooks/filesystem.py", line 38, in __init__
    conn = self.get_connection(conn_id)
  File "/home/airflow/.local/lib/python3.8/site-packages/airflow/hooks/base.py", line 72, in get_connection
    conn = Connection.get_connection_from_secrets(conn_id)
  File "/home/airflow/.local/lib/python3.8/site-packages/airflow/models/connection.py", line 477, in get_connection_from_secrets
    raise AirflowNotFoundException(f"The conn_id `{conn_id}` isn't defined")
airflow.exceptions.AirflowNotFoundException: The conn_id `fs_default` isn't defined
[2023-10-18T10:43:50.503+0000] {taskinstance.py:1400} INFO - Marking task as FAILED. dag_id=copy_tranform_to_mongo, task_id=waiting_for_data, execution_date=20210725T000000, start_date=20231018T104350, end_date=20231018T104350
[2023-10-18T10:43:50.512+0000] {standard_task_runner.py:104} ERROR - Failed to execute job 209 for task waiting_for_data (The conn_id `fs_default` isn't defined; 1822)
[2023-10-18T10:43:50.522+0000] {local_task_job_runner.py:228} INFO - Task exited with return code 1
[2023-10-18T10:43:50.543+0000] {taskinstance.py:2778} INFO - 0 downstream tasks scheduled from follow-on schedule check
[2023-10-18T11:44:21.151+0000] {taskinstance.py:1159} INFO - Dependencies all met for dep_context=non-requeueable deps ti=<TaskInstance: copy_tranform_to_mongo.waiting_for_data scheduled__2021-07-25T00:00:00+00:00 [queued]>
[2023-10-18T11:44:21.162+0000] {taskinstance.py:1159} INFO - Dependencies all met for dep_context=requeueable deps ti=<TaskInstance: copy_tranform_to_mongo.waiting_for_data scheduled__2021-07-25T00:00:00+00:00 [queued]>
[2023-10-18T11:44:21.162+0000] {taskinstance.py:1361} INFO - Starting attempt 1 of 1
[2023-10-18T11:44:21.177+0000] {taskinstance.py:1382} INFO - Executing <Task(FileSensor): waiting_for_data> on 2021-07-25 00:00:00+00:00
[2023-10-18T11:44:21.184+0000] {standard_task_runner.py:57} INFO - Started process 1294 to run task
[2023-10-18T11:44:21.187+0000] {standard_task_runner.py:84} INFO - Running: ['***', 'tasks', 'run', 'copy_tranform_to_mongo', 'waiting_for_data', 'scheduled__2021-07-25T00:00:00+00:00', '--job-id', '376', '--raw', '--subdir', 'DAGS_FOLDER/file_***-mongo.py', '--cfg-path', '/tmp/tmp6r31vn98']
[2023-10-18T11:44:21.188+0000] {standard_task_runner.py:85} INFO - Job 376: Subtask waiting_for_data
[2023-10-18T11:44:21.234+0000] {task_command.py:416} INFO - Running <TaskInstance: copy_tranform_to_mongo.waiting_for_data scheduled__2021-07-25T00:00:00+00:00 [running]> on host 0e68aa52dfc7
[2023-10-18T11:44:21.310+0000] {taskinstance.py:1662} INFO - Exporting env vars: AIRFLOW_CTX_DAG_OWNER='***' AIRFLOW_CTX_DAG_ID='copy_tranform_to_mongo' AIRFLOW_CTX_TASK_ID='waiting_for_data' AIRFLOW_CTX_EXECUTION_DATE='2021-07-25T00:00:00+00:00' AIRFLOW_CTX_TRY_NUMBER='1' AIRFLOW_CTX_DAG_RUN_ID='scheduled__2021-07-25T00:00:00+00:00'
[2023-10-18T11:44:21.319+0000] {base.py:73} INFO - Using connection ID 'fs_default' for task execution.
[2023-10-18T11:44:21.319+0000] {filesystem.py:64} INFO - Poking for file /opt/in/tiktok_google_play_reviews.csv
[2023-10-18T11:44:21.320+0000] {filesystem.py:69} INFO - Found File /opt/in/tiktok_google_play_reviews.csv last modified: 20220405221612
[2023-10-18T11:44:21.320+0000] {base.py:287} INFO - Success criteria met. Exiting.
[2023-10-18T11:44:21.330+0000] {taskinstance.py:1400} INFO - Marking task as SUCCESS. dag_id=copy_tranform_to_mongo, task_id=waiting_for_data, execution_date=20210725T000000, start_date=20231018T114421, end_date=20231018T114421
[2023-10-18T11:44:21.359+0000] {local_task_job_runner.py:228} INFO - Task exited with return code 0
[2023-10-18T11:44:21.412+0000] {taskinstance.py:2778} INFO - 0 downstream tasks scheduled from follow-on schedule check
