[2023-10-17T11:24:23.781+0000] {taskinstance.py:1159} INFO - Dependencies all met for dep_context=non-requeueable deps ti=<TaskInstance: copy_tranform_to_mongo.waiting_for_data scheduled__2022-11-13T00:00:00+00:00 [queued]>
[2023-10-17T11:24:23.786+0000] {taskinstance.py:1159} INFO - Dependencies all met for dep_context=requeueable deps ti=<TaskInstance: copy_tranform_to_mongo.waiting_for_data scheduled__2022-11-13T00:00:00+00:00 [queued]>
[2023-10-17T11:24:23.786+0000] {taskinstance.py:1361} INFO - Starting attempt 1 of 1
[2023-10-17T11:24:23.796+0000] {taskinstance.py:1382} INFO - Executing <Task(FileSensor): waiting_for_data> on 2022-11-13 00:00:00+00:00
[2023-10-17T11:24:23.801+0000] {standard_task_runner.py:57} INFO - Started process 1866 to run task
[2023-10-17T11:24:23.803+0000] {standard_task_runner.py:84} INFO - Running: ['***', 'tasks', 'run', 'copy_tranform_to_mongo', 'waiting_for_data', 'scheduled__2022-11-13T00:00:00+00:00', '--job-id', '686', '--raw', '--subdir', 'DAGS_FOLDER/file_***-mongo.py', '--cfg-path', '/tmp/tmpggat10b7']
[2023-10-17T11:24:23.803+0000] {standard_task_runner.py:85} INFO - Job 686: Subtask waiting_for_data
[2023-10-17T11:24:23.834+0000] {task_command.py:416} INFO - Running <TaskInstance: copy_tranform_to_mongo.waiting_for_data scheduled__2022-11-13T00:00:00+00:00 [running]> on host 238c1d4ff767
[2023-10-17T11:24:23.893+0000] {taskinstance.py:1662} INFO - Exporting env vars: AIRFLOW_CTX_DAG_OWNER='***' AIRFLOW_CTX_DAG_ID='copy_tranform_to_mongo' AIRFLOW_CTX_TASK_ID='waiting_for_data' AIRFLOW_CTX_EXECUTION_DATE='2022-11-13T00:00:00+00:00' AIRFLOW_CTX_TRY_NUMBER='1' AIRFLOW_CTX_DAG_RUN_ID='scheduled__2022-11-13T00:00:00+00:00'
[2023-10-17T11:24:23.899+0000] {base.py:73} INFO - Using connection ID 'fs_default' for task execution.
[2023-10-17T11:24:23.899+0000] {filesystem.py:64} INFO - Poking for file /opt/in/tiktok_google_play_reviews.csv
[2023-10-17T11:24:23.899+0000] {filesystem.py:69} INFO - Found File /opt/in/tiktok_google_play_reviews.csv last modified: 20220405221612
[2023-10-17T11:24:23.899+0000] {base.py:287} INFO - Success criteria met. Exiting.
[2023-10-17T11:24:23.905+0000] {taskinstance.py:1400} INFO - Marking task as SUCCESS. dag_id=copy_tranform_to_mongo, task_id=waiting_for_data, execution_date=20221113T000000, start_date=20231017T112423, end_date=20231017T112423
[2023-10-17T11:24:23.935+0000] {local_task_job_runner.py:228} INFO - Task exited with return code 0
[2023-10-17T11:24:23.948+0000] {taskinstance.py:2778} INFO - 0 downstream tasks scheduled from follow-on schedule check
[2023-10-18T11:49:06.800+0000] {taskinstance.py:1159} INFO - Dependencies all met for dep_context=non-requeueable deps ti=<TaskInstance: copy_tranform_to_mongo.waiting_for_data scheduled__2022-11-13T00:00:00+00:00 [queued]>
[2023-10-18T11:49:06.812+0000] {taskinstance.py:1159} INFO - Dependencies all met for dep_context=requeueable deps ti=<TaskInstance: copy_tranform_to_mongo.waiting_for_data scheduled__2022-11-13T00:00:00+00:00 [queued]>
[2023-10-18T11:49:06.813+0000] {taskinstance.py:1361} INFO - Starting attempt 1 of 1
[2023-10-18T11:49:06.829+0000] {taskinstance.py:1382} INFO - Executing <Task(FileSensor): waiting_for_data> on 2022-11-13 00:00:00+00:00
[2023-10-18T11:49:06.836+0000] {standard_task_runner.py:57} INFO - Started process 3262 to run task
[2023-10-18T11:49:06.839+0000] {standard_task_runner.py:84} INFO - Running: ['***', 'tasks', 'run', 'copy_tranform_to_mongo', 'waiting_for_data', 'scheduled__2022-11-13T00:00:00+00:00', '--job-id', '1323', '--raw', '--subdir', 'DAGS_FOLDER/file_***-mongo.py', '--cfg-path', '/tmp/tmpuqil2jj6']
[2023-10-18T11:49:06.840+0000] {standard_task_runner.py:85} INFO - Job 1323: Subtask waiting_for_data
[2023-10-18T11:49:06.890+0000] {task_command.py:416} INFO - Running <TaskInstance: copy_tranform_to_mongo.waiting_for_data scheduled__2022-11-13T00:00:00+00:00 [running]> on host 0e68aa52dfc7
[2023-10-18T11:49:06.973+0000] {taskinstance.py:1662} INFO - Exporting env vars: AIRFLOW_CTX_DAG_OWNER='***' AIRFLOW_CTX_DAG_ID='copy_tranform_to_mongo' AIRFLOW_CTX_TASK_ID='waiting_for_data' AIRFLOW_CTX_EXECUTION_DATE='2022-11-13T00:00:00+00:00' AIRFLOW_CTX_TRY_NUMBER='1' AIRFLOW_CTX_DAG_RUN_ID='scheduled__2022-11-13T00:00:00+00:00'
[2023-10-18T11:49:06.987+0000] {base.py:73} INFO - Using connection ID 'fs_default' for task execution.
[2023-10-18T11:49:06.989+0000] {filesystem.py:64} INFO - Poking for file /opt/in/tiktok_google_play_reviews.csv
[2023-10-18T11:49:06.989+0000] {filesystem.py:69} INFO - Found File /opt/in/tiktok_google_play_reviews.csv last modified: 20220405221612
[2023-10-18T11:49:06.989+0000] {base.py:287} INFO - Success criteria met. Exiting.
[2023-10-18T11:49:07.001+0000] {taskinstance.py:1400} INFO - Marking task as SUCCESS. dag_id=copy_tranform_to_mongo, task_id=waiting_for_data, execution_date=20221113T000000, start_date=20231018T114906, end_date=20231018T114907
[2023-10-18T11:49:07.059+0000] {local_task_job_runner.py:228} INFO - Task exited with return code 0
[2023-10-18T11:49:07.095+0000] {taskinstance.py:2778} INFO - 0 downstream tasks scheduled from follow-on schedule check
