[2023-10-19T13:03:57.348+0000] {taskinstance.py:1159} INFO - Dependencies all met for dep_context=non-requeueable deps ti=<TaskInstance: copy_tranform_to_mongo.load_data_to_mongo scheduled__2021-01-01T00:00:00+00:00 [queued]>
[2023-10-19T13:03:57.457+0000] {taskinstance.py:1159} INFO - Dependencies all met for dep_context=requeueable deps ti=<TaskInstance: copy_tranform_to_mongo.load_data_to_mongo scheduled__2021-01-01T00:00:00+00:00 [queued]>
[2023-10-19T13:03:57.458+0000] {taskinstance.py:1361} INFO - Starting attempt 1 of 1
[2023-10-19T13:03:57.948+0000] {taskinstance.py:1382} INFO - Executing <Task(DockerOperator): load_data_to_mongo> on 2021-01-01 00:00:00+00:00
[2023-10-19T13:03:58.003+0000] {standard_task_runner.py:57} INFO - Started process 184 to run task
[2023-10-19T13:03:58.019+0000] {standard_task_runner.py:84} INFO - Running: ['***', 'tasks', 'run', 'copy_tranform_to_mongo', 'load_data_to_mongo', 'scheduled__2021-01-01T00:00:00+00:00', '--job-id', '35', '--raw', '--subdir', 'DAGS_FOLDER/file_***-mongo.py', '--cfg-path', '/tmp/tmpsm6mbvg3']
[2023-10-19T13:03:58.027+0000] {standard_task_runner.py:85} INFO - Job 35: Subtask load_data_to_mongo
[2023-10-19T13:03:58.269+0000] {task_command.py:416} INFO - Running <TaskInstance: copy_tranform_to_mongo.load_data_to_mongo scheduled__2021-01-01T00:00:00+00:00 [running]> on host f2b9ba520501
[2023-10-19T13:03:58.939+0000] {taskinstance.py:1662} INFO - Exporting env vars: AIRFLOW_CTX_DAG_OWNER='***' AIRFLOW_CTX_DAG_ID='copy_tranform_to_mongo' AIRFLOW_CTX_TASK_ID='load_data_to_mongo' AIRFLOW_CTX_EXECUTION_DATE='2021-01-01T00:00:00+00:00' AIRFLOW_CTX_TRY_NUMBER='1' AIRFLOW_CTX_DAG_RUN_ID='scheduled__2021-01-01T00:00:00+00:00'
[2023-10-19T13:03:59.067+0000] {docker.py:337} INFO - Starting docker container from image python/pandas:1.0.0
[2023-10-19T13:04:33.462+0000] {docker.py:406} INFO - Traceback (most recent call last):
[2023-10-19T13:04:33.463+0000] {docker.py:406} INFO - File "/opt/pandasapp/script/load_to_mongo.py", line 27, in <module>
[2023-10-19T13:04:33.464+0000] {docker.py:406} INFO - collection.insert_one(doc_to_insert)
  File "/usr/local/lib/python3.10/site-packages/pymongo/collection.py", line 671, in insert_one
[2023-10-19T13:04:33.464+0000] {docker.py:406} INFO - self._insert_one(
  File "/usr/local/lib/python3.10/site-packages/pymongo/collection.py", line 611, in _insert_one
[2023-10-19T13:04:33.464+0000] {docker.py:406} INFO - self.__database.client._retryable_write(acknowledged, _insert_command, session)
  File "/usr/local/lib/python3.10/site-packages/pymongo/mongo_client.py", line 1567, in _retryable_write
[2023-10-19T13:04:33.465+0000] {docker.py:406} INFO - with self._tmp_session(session) as s:
  File "/usr/local/lib/python3.10/contextlib.py", line 135, in __enter__
[2023-10-19T13:04:33.465+0000] {docker.py:406} INFO - return next(self.gen)
  File "/usr/local/lib/python3.10/site-packages/pymongo/mongo_client.py", line 1885, in _tmp_session
[2023-10-19T13:04:33.465+0000] {docker.py:406} INFO - s = self._ensure_session(session)
  File "/usr/local/lib/python3.10/site-packages/pymongo/mongo_client.py", line 1868, in _ensure_session
[2023-10-19T13:04:33.466+0000] {docker.py:406} INFO - return self.__start_session(True, causal_consistency=False)
  File "/usr/local/lib/python3.10/site-packages/pymongo/mongo_client.py", line 1811, in __start_session
[2023-10-19T13:04:33.467+0000] {docker.py:406} INFO - self._topology._check_implicit_session_support()
  File "/usr/local/lib/python3.10/site-packages/pymongo/topology.py", line 583, in _check_implicit_session_support
[2023-10-19T13:04:33.467+0000] {docker.py:406} INFO - self._check_session_support()
  File "/usr/local/lib/python3.10/site-packages/pymongo/topology.py", line 599, in _check_session_support
[2023-10-19T13:04:33.468+0000] {docker.py:406} INFO - self._select_servers_loop(
  File "/usr/local/lib/python3.10/site-packages/pymongo/topology.py", line 269, in _select_servers_loop
[2023-10-19T13:04:33.468+0000] {docker.py:406} INFO - raise ServerSelectionTimeoutError(
pymongo.errors.ServerSelectionTimeoutError: mongo:27017: [Errno -2] Name or service not known, Timeout: 30s, Topology Description: <TopologyDescription id: 6531294078d5bb17d0c88c11, topology_type: Unknown, servers: [<ServerDescription ('mongo', 27017) server_type: Unknown, rtt: None, error=AutoReconnect('mongo:27017: [Errno -2] Name or service not known')>]>
[2023-10-19T13:04:33.824+0000] {taskinstance.py:1937} ERROR - Task failed with exception
Traceback (most recent call last):
  File "/home/airflow/.local/lib/python3.8/site-packages/airflow/providers/docker/operators/docker.py", line 479, in execute
    return self._run_image()
  File "/home/airflow/.local/lib/python3.8/site-packages/airflow/providers/docker/operators/docker.py", line 354, in _run_image
    return self._run_image_with_mounts(self.mounts, add_tmp_variable=False)
  File "/home/airflow/.local/lib/python3.8/site-packages/airflow/providers/docker/operators/docker.py", line 414, in _run_image_with_mounts
    raise DockerContainerFailedException(f"Docker container failed: {result!r}", logs=log_lines)
airflow.providers.docker.exceptions.DockerContainerFailedException: Docker container failed: {'StatusCode': 1}
[2023-10-19T13:04:33.826+0000] {taskinstance.py:1400} INFO - Marking task as FAILED. dag_id=copy_tranform_to_mongo, task_id=load_data_to_mongo, execution_date=20210101T000000, start_date=20231019T130357, end_date=20231019T130433
[2023-10-19T13:04:33.836+0000] {standard_task_runner.py:104} ERROR - Failed to execute job 35 for task load_data_to_mongo (Docker container failed: {'StatusCode': 1}; 184)
[2023-10-19T13:04:33.866+0000] {local_task_job_runner.py:228} INFO - Task exited with return code 1
[2023-10-19T13:04:33.878+0000] {taskinstance.py:2778} INFO - 0 downstream tasks scheduled from follow-on schedule check
[2023-10-20T07:10:51.524+0000] {taskinstance.py:1159} INFO - Dependencies all met for dep_context=non-requeueable deps ti=<TaskInstance: copy_tranform_to_mongo.load_data_to_mongo scheduled__2021-01-01T00:00:00+00:00 [queued]>
[2023-10-20T07:10:51.531+0000] {taskinstance.py:1159} INFO - Dependencies all met for dep_context=requeueable deps ti=<TaskInstance: copy_tranform_to_mongo.load_data_to_mongo scheduled__2021-01-01T00:00:00+00:00 [queued]>
[2023-10-20T07:10:51.532+0000] {taskinstance.py:1361} INFO - Starting attempt 1 of 1
[2023-10-20T07:10:51.540+0000] {taskinstance.py:1382} INFO - Executing <Task(DockerOperator): load_data_to_mongo> on 2021-01-01 00:00:00+00:00
[2023-10-20T07:10:51.546+0000] {standard_task_runner.py:57} INFO - Started process 134 to run task
[2023-10-20T07:10:51.548+0000] {standard_task_runner.py:84} INFO - Running: ['***', 'tasks', 'run', 'copy_tranform_to_mongo', 'load_data_to_mongo', 'scheduled__2021-01-01T00:00:00+00:00', '--job-id', '8', '--raw', '--subdir', 'DAGS_FOLDER/file_***-mongo.py', '--cfg-path', '/tmp/tmpwvy6r3ai']
[2023-10-20T07:10:51.548+0000] {standard_task_runner.py:85} INFO - Job 8: Subtask load_data_to_mongo
[2023-10-20T07:10:51.579+0000] {task_command.py:416} INFO - Running <TaskInstance: copy_tranform_to_mongo.load_data_to_mongo scheduled__2021-01-01T00:00:00+00:00 [running]> on host 7490a4f46735
[2023-10-20T07:10:51.629+0000] {taskinstance.py:1662} INFO - Exporting env vars: AIRFLOW_CTX_DAG_OWNER='***' AIRFLOW_CTX_DAG_ID='copy_tranform_to_mongo' AIRFLOW_CTX_TASK_ID='load_data_to_mongo' AIRFLOW_CTX_EXECUTION_DATE='2021-01-01T00:00:00+00:00' AIRFLOW_CTX_TRY_NUMBER='1' AIRFLOW_CTX_DAG_RUN_ID='scheduled__2021-01-01T00:00:00+00:00'
[2023-10-20T07:10:51.640+0000] {docker.py:337} INFO - Starting docker container from image python/pandas:1.0.0
[2023-10-20T07:11:54.944+0000] {taskinstance.py:1400} INFO - Marking task as SUCCESS. dag_id=copy_tranform_to_mongo, task_id=load_data_to_mongo, execution_date=20210101T000000, start_date=20231020T071051, end_date=20231020T071154
[2023-10-20T07:11:54.964+0000] {local_task_job_runner.py:228} INFO - Task exited with return code 0
[2023-10-20T07:11:54.976+0000] {taskinstance.py:2778} INFO - 1 downstream tasks scheduled from follow-on schedule check
[2023-10-20T07:36:42.050+0000] {taskinstance.py:1159} INFO - Dependencies all met for dep_context=non-requeueable deps ti=<TaskInstance: copy_tranform_to_mongo.load_data_to_mongo scheduled__2021-01-01T00:00:00+00:00 [queued]>
[2023-10-20T07:36:42.056+0000] {taskinstance.py:1159} INFO - Dependencies all met for dep_context=requeueable deps ti=<TaskInstance: copy_tranform_to_mongo.load_data_to_mongo scheduled__2021-01-01T00:00:00+00:00 [queued]>
[2023-10-20T07:36:42.056+0000] {taskinstance.py:1361} INFO - Starting attempt 1 of 1
[2023-10-20T07:36:42.064+0000] {taskinstance.py:1382} INFO - Executing <Task(DockerOperator): load_data_to_mongo> on 2021-01-01 00:00:00+00:00
[2023-10-20T07:36:42.069+0000] {standard_task_runner.py:57} INFO - Started process 145 to run task
[2023-10-20T07:36:42.070+0000] {standard_task_runner.py:84} INFO - Running: ['***', 'tasks', 'run', 'copy_tranform_to_mongo', 'load_data_to_mongo', 'scheduled__2021-01-01T00:00:00+00:00', '--job-id', '5', '--raw', '--subdir', 'DAGS_FOLDER/file_***-mongo.py', '--cfg-path', '/tmp/tmp4x0sxelm']
[2023-10-20T07:36:42.071+0000] {standard_task_runner.py:85} INFO - Job 5: Subtask load_data_to_mongo
[2023-10-20T07:36:42.102+0000] {task_command.py:416} INFO - Running <TaskInstance: copy_tranform_to_mongo.load_data_to_mongo scheduled__2021-01-01T00:00:00+00:00 [running]> on host 71dd16b5f231
[2023-10-20T07:36:42.148+0000] {taskinstance.py:1662} INFO - Exporting env vars: AIRFLOW_CTX_DAG_OWNER='***' AIRFLOW_CTX_DAG_ID='copy_tranform_to_mongo' AIRFLOW_CTX_TASK_ID='load_data_to_mongo' AIRFLOW_CTX_EXECUTION_DATE='2021-01-01T00:00:00+00:00' AIRFLOW_CTX_TRY_NUMBER='1' AIRFLOW_CTX_DAG_RUN_ID='scheduled__2021-01-01T00:00:00+00:00'
[2023-10-20T07:36:42.159+0000] {docker.py:337} INFO - Starting docker container from image python/pandas:1.0.0
[2023-10-20T07:37:34.995+0000] {taskinstance.py:1400} INFO - Marking task as SUCCESS. dag_id=copy_tranform_to_mongo, task_id=load_data_to_mongo, execution_date=20210101T000000, start_date=20231020T073642, end_date=20231020T073734
[2023-10-20T07:37:35.008+0000] {local_task_job_runner.py:228} INFO - Task exited with return code 0
[2023-10-20T07:37:35.021+0000] {taskinstance.py:2778} INFO - 1 downstream tasks scheduled from follow-on schedule check
[2023-10-20T07:53:31.424+0000] {taskinstance.py:1159} INFO - Dependencies all met for dep_context=non-requeueable deps ti=<TaskInstance: copy_tranform_to_mongo.load_data_to_mongo scheduled__2021-01-01T00:00:00+00:00 [queued]>
[2023-10-20T07:53:31.431+0000] {taskinstance.py:1159} INFO - Dependencies all met for dep_context=requeueable deps ti=<TaskInstance: copy_tranform_to_mongo.load_data_to_mongo scheduled__2021-01-01T00:00:00+00:00 [queued]>
[2023-10-20T07:53:31.431+0000] {taskinstance.py:1361} INFO - Starting attempt 1 of 1
[2023-10-20T07:53:31.439+0000] {taskinstance.py:1382} INFO - Executing <Task(DockerOperator): load_data_to_mongo> on 2021-01-01 00:00:00+00:00
[2023-10-20T07:53:31.444+0000] {standard_task_runner.py:57} INFO - Started process 97 to run task
[2023-10-20T07:53:31.446+0000] {standard_task_runner.py:84} INFO - Running: ['***', 'tasks', 'run', 'copy_tranform_to_mongo', 'load_data_to_mongo', 'scheduled__2021-01-01T00:00:00+00:00', '--job-id', '5', '--raw', '--subdir', 'DAGS_FOLDER/file_***-mongo.py', '--cfg-path', '/tmp/tmpxl4lmri1']
[2023-10-20T07:53:31.446+0000] {standard_task_runner.py:85} INFO - Job 5: Subtask load_data_to_mongo
[2023-10-20T07:53:31.477+0000] {task_command.py:416} INFO - Running <TaskInstance: copy_tranform_to_mongo.load_data_to_mongo scheduled__2021-01-01T00:00:00+00:00 [running]> on host 91fb2564f47f
[2023-10-20T07:53:31.522+0000] {taskinstance.py:1662} INFO - Exporting env vars: AIRFLOW_CTX_DAG_OWNER='***' AIRFLOW_CTX_DAG_ID='copy_tranform_to_mongo' AIRFLOW_CTX_TASK_ID='load_data_to_mongo' AIRFLOW_CTX_EXECUTION_DATE='2021-01-01T00:00:00+00:00' AIRFLOW_CTX_TRY_NUMBER='1' AIRFLOW_CTX_DAG_RUN_ID='scheduled__2021-01-01T00:00:00+00:00'
[2023-10-20T07:53:31.534+0000] {docker.py:337} INFO - Starting docker container from image python/pandas:1.0.0
[2023-10-20T07:54:24.387+0000] {taskinstance.py:1400} INFO - Marking task as SUCCESS. dag_id=copy_tranform_to_mongo, task_id=load_data_to_mongo, execution_date=20210101T000000, start_date=20231020T075331, end_date=20231020T075424
[2023-10-20T07:54:24.420+0000] {local_task_job_runner.py:228} INFO - Task exited with return code 0
[2023-10-20T07:54:24.447+0000] {taskinstance.py:2778} INFO - 1 downstream tasks scheduled from follow-on schedule check
