[2023-10-17T11:19:09.895+0000] {taskinstance.py:1159} INFO - Dependencies all met for dep_context=non-requeueable deps ti=<TaskInstance: copy_tranform_to_mongo.waiting_for_data scheduled__2021-03-08T00:00:00+00:00 [queued]>
[2023-10-17T11:19:09.905+0000] {taskinstance.py:1159} INFO - Dependencies all met for dep_context=requeueable deps ti=<TaskInstance: copy_tranform_to_mongo.waiting_for_data scheduled__2021-03-08T00:00:00+00:00 [queued]>
[2023-10-17T11:19:09.905+0000] {taskinstance.py:1361} INFO - Starting attempt 1 of 1
[2023-10-17T11:19:09.938+0000] {taskinstance.py:1382} INFO - Executing <Task(FileSensor): waiting_for_data> on 2021-03-08 00:00:00+00:00
[2023-10-17T11:19:09.944+0000] {standard_task_runner.py:57} INFO - Started process 559 to run task
[2023-10-17T11:19:09.947+0000] {standard_task_runner.py:84} INFO - Running: ['***', 'tasks', 'run', 'copy_tranform_to_mongo', 'waiting_for_data', 'scheduled__2021-03-08T00:00:00+00:00', '--job-id', '71', '--raw', '--subdir', 'DAGS_FOLDER/file_***-mongo.py', '--cfg-path', '/tmp/tmpyeho92jy']
[2023-10-17T11:19:09.949+0000] {standard_task_runner.py:85} INFO - Job 71: Subtask waiting_for_data
[2023-10-17T11:19:09.996+0000] {task_command.py:416} INFO - Running <TaskInstance: copy_tranform_to_mongo.waiting_for_data scheduled__2021-03-08T00:00:00+00:00 [running]> on host 238c1d4ff767
[2023-10-17T11:19:10.073+0000] {taskinstance.py:1662} INFO - Exporting env vars: AIRFLOW_CTX_DAG_OWNER='***' AIRFLOW_CTX_DAG_ID='copy_tranform_to_mongo' AIRFLOW_CTX_TASK_ID='waiting_for_data' AIRFLOW_CTX_EXECUTION_DATE='2021-03-08T00:00:00+00:00' AIRFLOW_CTX_TRY_NUMBER='1' AIRFLOW_CTX_DAG_RUN_ID='scheduled__2021-03-08T00:00:00+00:00'
[2023-10-17T11:19:10.084+0000] {base.py:73} INFO - Using connection ID 'fs_default' for task execution.
[2023-10-17T11:19:10.085+0000] {filesystem.py:64} INFO - Poking for file /opt/in/tiktok_google_play_reviews.csv
[2023-10-17T11:19:10.085+0000] {filesystem.py:69} INFO - Found File /opt/in/tiktok_google_play_reviews.csv last modified: 20220405221612
[2023-10-17T11:19:10.085+0000] {base.py:287} INFO - Success criteria met. Exiting.
[2023-10-17T11:19:10.094+0000] {taskinstance.py:1400} INFO - Marking task as SUCCESS. dag_id=copy_tranform_to_mongo, task_id=waiting_for_data, execution_date=20210308T000000, start_date=20231017T111909, end_date=20231017T111910
[2023-10-17T11:19:10.122+0000] {local_task_job_runner.py:228} INFO - Task exited with return code 0
[2023-10-17T11:19:10.139+0000] {taskinstance.py:2778} INFO - 0 downstream tasks scheduled from follow-on schedule check
[2023-10-18T10:42:38.294+0000] {taskinstance.py:1159} INFO - Dependencies all met for dep_context=non-requeueable deps ti=<TaskInstance: copy_tranform_to_mongo.waiting_for_data scheduled__2021-03-08T00:00:00+00:00 [queued]>
[2023-10-18T10:42:38.304+0000] {taskinstance.py:1159} INFO - Dependencies all met for dep_context=requeueable deps ti=<TaskInstance: copy_tranform_to_mongo.waiting_for_data scheduled__2021-03-08T00:00:00+00:00 [queued]>
[2023-10-18T10:42:38.304+0000] {taskinstance.py:1361} INFO - Starting attempt 1 of 1
[2023-10-18T10:42:38.315+0000] {taskinstance.py:1382} INFO - Executing <Task(FileSensor): waiting_for_data> on 2021-03-08 00:00:00+00:00
[2023-10-18T10:42:38.322+0000] {standard_task_runner.py:57} INFO - Started process 1522 to run task
[2023-10-18T10:42:38.325+0000] {standard_task_runner.py:84} INFO - Running: ['***', 'tasks', 'run', 'copy_tranform_to_mongo', 'waiting_for_data', 'scheduled__2021-03-08T00:00:00+00:00', '--job-id', '70', '--raw', '--subdir', 'DAGS_FOLDER/file_***-mongo.py', '--cfg-path', '/tmp/tmpqgnb1pqp']
[2023-10-18T10:42:38.326+0000] {standard_task_runner.py:85} INFO - Job 70: Subtask waiting_for_data
[2023-10-18T10:42:38.374+0000] {task_command.py:416} INFO - Running <TaskInstance: copy_tranform_to_mongo.waiting_for_data scheduled__2021-03-08T00:00:00+00:00 [running]> on host 2473b23ba069
[2023-10-18T10:42:38.449+0000] {taskinstance.py:1662} INFO - Exporting env vars: AIRFLOW_CTX_DAG_OWNER='***' AIRFLOW_CTX_DAG_ID='copy_tranform_to_mongo' AIRFLOW_CTX_TASK_ID='waiting_for_data' AIRFLOW_CTX_EXECUTION_DATE='2021-03-08T00:00:00+00:00' AIRFLOW_CTX_TRY_NUMBER='1' AIRFLOW_CTX_DAG_RUN_ID='scheduled__2021-03-08T00:00:00+00:00'
[2023-10-18T10:42:38.465+0000] {taskinstance.py:1937} ERROR - Task failed with exception
Traceback (most recent call last):
  File "/home/airflow/.local/lib/python3.8/site-packages/airflow/sensors/base.py", line 257, in execute
    raise e
  File "/home/airflow/.local/lib/python3.8/site-packages/airflow/sensors/base.py", line 239, in execute
    poke_return = self.poke(context)
  File "/home/airflow/.local/lib/python3.8/site-packages/airflow/sensors/filesystem.py", line 61, in poke
    hook = FSHook(self.fs_conn_id)
  File "/home/airflow/.local/lib/python3.8/site-packages/airflow/hooks/filesystem.py", line 38, in __init__
    conn = self.get_connection(conn_id)
  File "/home/airflow/.local/lib/python3.8/site-packages/airflow/hooks/base.py", line 72, in get_connection
    conn = Connection.get_connection_from_secrets(conn_id)
  File "/home/airflow/.local/lib/python3.8/site-packages/airflow/models/connection.py", line 477, in get_connection_from_secrets
    raise AirflowNotFoundException(f"The conn_id `{conn_id}` isn't defined")
airflow.exceptions.AirflowNotFoundException: The conn_id `fs_default` isn't defined
[2023-10-18T10:42:38.469+0000] {taskinstance.py:1400} INFO - Marking task as FAILED. dag_id=copy_tranform_to_mongo, task_id=waiting_for_data, execution_date=20210308T000000, start_date=20231018T104238, end_date=20231018T104238
[2023-10-18T10:42:38.483+0000] {standard_task_runner.py:104} ERROR - Failed to execute job 70 for task waiting_for_data (The conn_id `fs_default` isn't defined; 1522)
[2023-10-18T10:42:38.498+0000] {local_task_job_runner.py:228} INFO - Task exited with return code 1
[2023-10-18T10:42:38.526+0000] {taskinstance.py:2778} INFO - 0 downstream tasks scheduled from follow-on schedule check
[2023-10-18T11:17:10.070+0000] {taskinstance.py:1159} INFO - Dependencies all met for dep_context=non-requeueable deps ti=<TaskInstance: copy_tranform_to_mongo.waiting_for_data scheduled__2021-03-08T00:00:00+00:00 [queued]>
[2023-10-18T11:17:10.082+0000] {taskinstance.py:1159} INFO - Dependencies all met for dep_context=requeueable deps ti=<TaskInstance: copy_tranform_to_mongo.waiting_for_data scheduled__2021-03-08T00:00:00+00:00 [queued]>
[2023-10-18T11:17:10.083+0000] {taskinstance.py:1361} INFO - Starting attempt 1 of 1
[2023-10-18T11:17:10.097+0000] {taskinstance.py:1382} INFO - Executing <Task(FileSensor): waiting_for_data> on 2021-03-08 00:00:00+00:00
[2023-10-18T11:17:10.104+0000] {standard_task_runner.py:57} INFO - Started process 325 to run task
[2023-10-18T11:17:10.107+0000] {standard_task_runner.py:84} INFO - Running: ['***', 'tasks', 'run', 'copy_tranform_to_mongo', 'waiting_for_data', 'scheduled__2021-03-08T00:00:00+00:00', '--job-id', '97', '--raw', '--subdir', 'DAGS_FOLDER/file_***-mongo.py', '--cfg-path', '/tmp/tmp6dk_pp8r']
[2023-10-18T11:17:10.109+0000] {standard_task_runner.py:85} INFO - Job 97: Subtask waiting_for_data
[2023-10-18T11:17:10.156+0000] {task_command.py:416} INFO - Running <TaskInstance: copy_tranform_to_mongo.waiting_for_data scheduled__2021-03-08T00:00:00+00:00 [running]> on host 0e68aa52dfc7
[2023-10-18T11:17:10.223+0000] {taskinstance.py:1662} INFO - Exporting env vars: AIRFLOW_CTX_DAG_OWNER='***' AIRFLOW_CTX_DAG_ID='copy_tranform_to_mongo' AIRFLOW_CTX_TASK_ID='waiting_for_data' AIRFLOW_CTX_EXECUTION_DATE='2021-03-08T00:00:00+00:00' AIRFLOW_CTX_TRY_NUMBER='1' AIRFLOW_CTX_DAG_RUN_ID='scheduled__2021-03-08T00:00:00+00:00'
[2023-10-18T11:17:10.234+0000] {base.py:73} INFO - Using connection ID 'fs_default' for task execution.
[2023-10-18T11:17:10.234+0000] {filesystem.py:64} INFO - Poking for file /opt/in/tiktok_google_play_reviews.csv
[2023-10-18T11:17:10.235+0000] {filesystem.py:69} INFO - Found File /opt/in/tiktok_google_play_reviews.csv last modified: 20220405221612
[2023-10-18T11:17:10.235+0000] {base.py:287} INFO - Success criteria met. Exiting.
[2023-10-18T11:17:10.245+0000] {taskinstance.py:1400} INFO - Marking task as SUCCESS. dag_id=copy_tranform_to_mongo, task_id=waiting_for_data, execution_date=20210308T000000, start_date=20231018T111710, end_date=20231018T111710
[2023-10-18T11:17:10.282+0000] {local_task_job_runner.py:228} INFO - Task exited with return code 0
[2023-10-18T11:17:10.321+0000] {taskinstance.py:2778} INFO - 1 downstream tasks scheduled from follow-on schedule check
[2023-10-19T12:11:45.525+0000] {taskinstance.py:1159} INFO - Dependencies all met for dep_context=non-requeueable deps ti=<TaskInstance: copy_tranform_to_mongo.waiting_for_data scheduled__2021-03-08T00:00:00+00:00 [queued]>
[2023-10-19T12:11:45.539+0000] {taskinstance.py:1159} INFO - Dependencies all met for dep_context=requeueable deps ti=<TaskInstance: copy_tranform_to_mongo.waiting_for_data scheduled__2021-03-08T00:00:00+00:00 [queued]>
[2023-10-19T12:11:45.539+0000] {taskinstance.py:1361} INFO - Starting attempt 1 of 1
[2023-10-19T12:11:45.556+0000] {taskinstance.py:1382} INFO - Executing <Task(FileSensor): waiting_for_data> on 2021-03-08 00:00:00+00:00
[2023-10-19T12:11:45.564+0000] {standard_task_runner.py:57} INFO - Started process 370 to run task
[2023-10-19T12:11:45.571+0000] {standard_task_runner.py:84} INFO - Running: ['***', 'tasks', 'run', 'copy_tranform_to_mongo', 'waiting_for_data', 'scheduled__2021-03-08T00:00:00+00:00', '--job-id', '92', '--raw', '--subdir', 'DAGS_FOLDER/file_***-mongo.py', '--cfg-path', '/tmp/tmpwme91u_1']
[2023-10-19T12:11:45.572+0000] {standard_task_runner.py:85} INFO - Job 92: Subtask waiting_for_data
[2023-10-19T12:11:45.623+0000] {task_command.py:416} INFO - Running <TaskInstance: copy_tranform_to_mongo.waiting_for_data scheduled__2021-03-08T00:00:00+00:00 [running]> on host 6f5df7fea6fd
[2023-10-19T12:11:45.743+0000] {taskinstance.py:1662} INFO - Exporting env vars: AIRFLOW_CTX_DAG_OWNER='***' AIRFLOW_CTX_DAG_ID='copy_tranform_to_mongo' AIRFLOW_CTX_TASK_ID='waiting_for_data' AIRFLOW_CTX_EXECUTION_DATE='2021-03-08T00:00:00+00:00' AIRFLOW_CTX_TRY_NUMBER='1' AIRFLOW_CTX_DAG_RUN_ID='scheduled__2021-03-08T00:00:00+00:00'
[2023-10-19T12:11:45.762+0000] {base.py:73} INFO - Using connection ID 'fs_default' for task execution.
[2023-10-19T12:11:45.762+0000] {filesystem.py:64} INFO - Poking for file /opt/in/tiktok_google_play_reviews.csv
[2023-10-19T12:11:45.763+0000] {filesystem.py:69} INFO - Found File /opt/in/tiktok_google_play_reviews.csv last modified: 20220405221612
[2023-10-19T12:11:45.763+0000] {base.py:287} INFO - Success criteria met. Exiting.
[2023-10-19T12:11:45.777+0000] {taskinstance.py:1400} INFO - Marking task as SUCCESS. dag_id=copy_tranform_to_mongo, task_id=waiting_for_data, execution_date=20210308T000000, start_date=20231019T121145, end_date=20231019T121145
[2023-10-19T12:11:45.812+0000] {local_task_job_runner.py:228} INFO - Task exited with return code 0
[2023-10-19T12:11:45.860+0000] {taskinstance.py:2778} INFO - 1 downstream tasks scheduled from follow-on schedule check
