[2023-10-17T11:21:53.203+0000] {taskinstance.py:1159} INFO - Dependencies all met for dep_context=non-requeueable deps ti=<TaskInstance: copy_tranform_to_mongo.waiting_for_data scheduled__2022-02-02T00:00:00+00:00 [queued]>
[2023-10-17T11:21:53.213+0000] {taskinstance.py:1159} INFO - Dependencies all met for dep_context=requeueable deps ti=<TaskInstance: copy_tranform_to_mongo.waiting_for_data scheduled__2022-02-02T00:00:00+00:00 [queued]>
[2023-10-17T11:21:53.214+0000] {taskinstance.py:1361} INFO - Starting attempt 1 of 1
[2023-10-17T11:21:53.239+0000] {taskinstance.py:1382} INFO - Executing <Task(FileSensor): waiting_for_data> on 2022-02-02 00:00:00+00:00
[2023-10-17T11:21:53.246+0000] {standard_task_runner.py:57} INFO - Started process 1261 to run task
[2023-10-17T11:21:53.248+0000] {standard_task_runner.py:84} INFO - Running: ['***', 'tasks', 'run', 'copy_tranform_to_mongo', 'waiting_for_data', 'scheduled__2022-02-02T00:00:00+00:00', '--job-id', '402', '--raw', '--subdir', 'DAGS_FOLDER/file_***-mongo.py', '--cfg-path', '/tmp/tmpv0mgh9vj']
[2023-10-17T11:21:53.249+0000] {standard_task_runner.py:85} INFO - Job 402: Subtask waiting_for_data
[2023-10-17T11:21:53.288+0000] {task_command.py:416} INFO - Running <TaskInstance: copy_tranform_to_mongo.waiting_for_data scheduled__2022-02-02T00:00:00+00:00 [running]> on host 238c1d4ff767
[2023-10-17T11:21:53.361+0000] {taskinstance.py:1662} INFO - Exporting env vars: AIRFLOW_CTX_DAG_OWNER='***' AIRFLOW_CTX_DAG_ID='copy_tranform_to_mongo' AIRFLOW_CTX_TASK_ID='waiting_for_data' AIRFLOW_CTX_EXECUTION_DATE='2022-02-02T00:00:00+00:00' AIRFLOW_CTX_TRY_NUMBER='1' AIRFLOW_CTX_DAG_RUN_ID='scheduled__2022-02-02T00:00:00+00:00'
[2023-10-17T11:21:53.370+0000] {base.py:73} INFO - Using connection ID 'fs_default' for task execution.
[2023-10-17T11:21:53.370+0000] {filesystem.py:64} INFO - Poking for file /opt/in/tiktok_google_play_reviews.csv
[2023-10-17T11:21:53.370+0000] {filesystem.py:69} INFO - Found File /opt/in/tiktok_google_play_reviews.csv last modified: 20220405221612
[2023-10-17T11:21:53.370+0000] {base.py:287} INFO - Success criteria met. Exiting.
[2023-10-17T11:21:53.378+0000] {taskinstance.py:1400} INFO - Marking task as SUCCESS. dag_id=copy_tranform_to_mongo, task_id=waiting_for_data, execution_date=20220202T000000, start_date=20231017T112153, end_date=20231017T112153
[2023-10-17T11:21:53.421+0000] {local_task_job_runner.py:228} INFO - Task exited with return code 0
[2023-10-17T11:21:53.436+0000] {taskinstance.py:2778} INFO - 0 downstream tasks scheduled from follow-on schedule check
[2023-10-18T11:46:12.768+0000] {taskinstance.py:1159} INFO - Dependencies all met for dep_context=non-requeueable deps ti=<TaskInstance: copy_tranform_to_mongo.waiting_for_data scheduled__2022-02-02T00:00:00+00:00 [queued]>
[2023-10-18T11:46:12.783+0000] {taskinstance.py:1159} INFO - Dependencies all met for dep_context=requeueable deps ti=<TaskInstance: copy_tranform_to_mongo.waiting_for_data scheduled__2022-02-02T00:00:00+00:00 [queued]>
[2023-10-18T11:46:12.786+0000] {taskinstance.py:1361} INFO - Starting attempt 1 of 1
[2023-10-18T11:46:12.806+0000] {taskinstance.py:1382} INFO - Executing <Task(FileSensor): waiting_for_data> on 2022-02-02 00:00:00+00:00
[2023-10-18T11:46:12.814+0000] {standard_task_runner.py:57} INFO - Started process 2089 to run task
[2023-10-18T11:46:12.822+0000] {standard_task_runner.py:84} INFO - Running: ['***', 'tasks', 'run', 'copy_tranform_to_mongo', 'waiting_for_data', 'scheduled__2022-02-02T00:00:00+00:00', '--job-id', '756', '--raw', '--subdir', 'DAGS_FOLDER/file_***-mongo.py', '--cfg-path', '/tmp/tmp9ffn4jyl']
[2023-10-18T11:46:12.828+0000] {standard_task_runner.py:85} INFO - Job 756: Subtask waiting_for_data
[2023-10-18T11:46:12.906+0000] {task_command.py:416} INFO - Running <TaskInstance: copy_tranform_to_mongo.waiting_for_data scheduled__2022-02-02T00:00:00+00:00 [running]> on host 0e68aa52dfc7
[2023-10-18T11:46:13.005+0000] {taskinstance.py:1662} INFO - Exporting env vars: AIRFLOW_CTX_DAG_OWNER='***' AIRFLOW_CTX_DAG_ID='copy_tranform_to_mongo' AIRFLOW_CTX_TASK_ID='waiting_for_data' AIRFLOW_CTX_EXECUTION_DATE='2022-02-02T00:00:00+00:00' AIRFLOW_CTX_TRY_NUMBER='1' AIRFLOW_CTX_DAG_RUN_ID='scheduled__2022-02-02T00:00:00+00:00'
[2023-10-18T11:46:13.022+0000] {base.py:73} INFO - Using connection ID 'fs_default' for task execution.
[2023-10-18T11:46:13.022+0000] {filesystem.py:64} INFO - Poking for file /opt/in/tiktok_google_play_reviews.csv
[2023-10-18T11:46:13.023+0000] {filesystem.py:69} INFO - Found File /opt/in/tiktok_google_play_reviews.csv last modified: 20220405221612
[2023-10-18T11:46:13.023+0000] {base.py:287} INFO - Success criteria met. Exiting.
[2023-10-18T11:46:13.033+0000] {taskinstance.py:1400} INFO - Marking task as SUCCESS. dag_id=copy_tranform_to_mongo, task_id=waiting_for_data, execution_date=20220202T000000, start_date=20231018T114612, end_date=20231018T114613
[2023-10-18T11:46:13.087+0000] {local_task_job_runner.py:228} INFO - Task exited with return code 0
[2023-10-18T11:46:13.115+0000] {taskinstance.py:2778} INFO - 0 downstream tasks scheduled from follow-on schedule check
