[2023-10-17T11:19:20.183+0000] {taskinstance.py:1159} INFO - Dependencies all met for dep_context=non-requeueable deps ti=<TaskInstance: copy_tranform_to_mongo.waiting_for_data scheduled__2021-04-04T00:00:00+00:00 [queued]>
[2023-10-17T11:19:20.195+0000] {taskinstance.py:1159} INFO - Dependencies all met for dep_context=requeueable deps ti=<TaskInstance: copy_tranform_to_mongo.waiting_for_data scheduled__2021-04-04T00:00:00+00:00 [queued]>
[2023-10-17T11:19:20.196+0000] {taskinstance.py:1361} INFO - Starting attempt 1 of 1
[2023-10-17T11:19:20.247+0000] {taskinstance.py:1382} INFO - Executing <Task(FileSensor): waiting_for_data> on 2021-04-04 00:00:00+00:00
[2023-10-17T11:19:20.255+0000] {standard_task_runner.py:57} INFO - Started process 621 to run task
[2023-10-17T11:19:20.258+0000] {standard_task_runner.py:84} INFO - Running: ['***', 'tasks', 'run', 'copy_tranform_to_mongo', 'waiting_for_data', 'scheduled__2021-04-04T00:00:00+00:00', '--job-id', '98', '--raw', '--subdir', 'DAGS_FOLDER/file_***-mongo.py', '--cfg-path', '/tmp/tmp7o2iq81t']
[2023-10-17T11:19:20.259+0000] {standard_task_runner.py:85} INFO - Job 98: Subtask waiting_for_data
[2023-10-17T11:19:20.307+0000] {task_command.py:416} INFO - Running <TaskInstance: copy_tranform_to_mongo.waiting_for_data scheduled__2021-04-04T00:00:00+00:00 [running]> on host 238c1d4ff767
[2023-10-17T11:19:20.390+0000] {taskinstance.py:1662} INFO - Exporting env vars: AIRFLOW_CTX_DAG_OWNER='***' AIRFLOW_CTX_DAG_ID='copy_tranform_to_mongo' AIRFLOW_CTX_TASK_ID='waiting_for_data' AIRFLOW_CTX_EXECUTION_DATE='2021-04-04T00:00:00+00:00' AIRFLOW_CTX_TRY_NUMBER='1' AIRFLOW_CTX_DAG_RUN_ID='scheduled__2021-04-04T00:00:00+00:00'
[2023-10-17T11:19:20.398+0000] {base.py:73} INFO - Using connection ID 'fs_default' for task execution.
[2023-10-17T11:19:20.398+0000] {filesystem.py:64} INFO - Poking for file /opt/in/tiktok_google_play_reviews.csv
[2023-10-17T11:19:20.398+0000] {filesystem.py:69} INFO - Found File /opt/in/tiktok_google_play_reviews.csv last modified: 20220405221612
[2023-10-17T11:19:20.399+0000] {base.py:287} INFO - Success criteria met. Exiting.
[2023-10-17T11:19:20.406+0000] {taskinstance.py:1400} INFO - Marking task as SUCCESS. dag_id=copy_tranform_to_mongo, task_id=waiting_for_data, execution_date=20210404T000000, start_date=20231017T111920, end_date=20231017T111920
[2023-10-17T11:19:20.432+0000] {local_task_job_runner.py:228} INFO - Task exited with return code 0
[2023-10-17T11:19:20.445+0000] {taskinstance.py:2778} INFO - 0 downstream tasks scheduled from follow-on schedule check
[2023-10-18T10:42:51.205+0000] {taskinstance.py:1159} INFO - Dependencies all met for dep_context=non-requeueable deps ti=<TaskInstance: copy_tranform_to_mongo.waiting_for_data scheduled__2021-04-04T00:00:00+00:00 [queued]>
[2023-10-18T10:42:51.217+0000] {taskinstance.py:1159} INFO - Dependencies all met for dep_context=requeueable deps ti=<TaskInstance: copy_tranform_to_mongo.waiting_for_data scheduled__2021-04-04T00:00:00+00:00 [queued]>
[2023-10-18T10:42:51.217+0000] {taskinstance.py:1361} INFO - Starting attempt 1 of 1
[2023-10-18T10:42:51.232+0000] {taskinstance.py:1382} INFO - Executing <Task(FileSensor): waiting_for_data> on 2021-04-04 00:00:00+00:00
[2023-10-18T10:42:51.238+0000] {standard_task_runner.py:57} INFO - Started process 1585 to run task
[2023-10-18T10:42:51.240+0000] {standard_task_runner.py:84} INFO - Running: ['***', 'tasks', 'run', 'copy_tranform_to_mongo', 'waiting_for_data', 'scheduled__2021-04-04T00:00:00+00:00', '--job-id', '97', '--raw', '--subdir', 'DAGS_FOLDER/file_***-mongo.py', '--cfg-path', '/tmp/tmpkluwf513']
[2023-10-18T10:42:51.241+0000] {standard_task_runner.py:85} INFO - Job 97: Subtask waiting_for_data
[2023-10-18T10:42:51.286+0000] {task_command.py:416} INFO - Running <TaskInstance: copy_tranform_to_mongo.waiting_for_data scheduled__2021-04-04T00:00:00+00:00 [running]> on host 2473b23ba069
[2023-10-18T10:42:51.363+0000] {taskinstance.py:1662} INFO - Exporting env vars: AIRFLOW_CTX_DAG_OWNER='***' AIRFLOW_CTX_DAG_ID='copy_tranform_to_mongo' AIRFLOW_CTX_TASK_ID='waiting_for_data' AIRFLOW_CTX_EXECUTION_DATE='2021-04-04T00:00:00+00:00' AIRFLOW_CTX_TRY_NUMBER='1' AIRFLOW_CTX_DAG_RUN_ID='scheduled__2021-04-04T00:00:00+00:00'
[2023-10-18T10:42:51.382+0000] {taskinstance.py:1937} ERROR - Task failed with exception
Traceback (most recent call last):
  File "/home/airflow/.local/lib/python3.8/site-packages/airflow/sensors/base.py", line 257, in execute
    raise e
  File "/home/airflow/.local/lib/python3.8/site-packages/airflow/sensors/base.py", line 239, in execute
    poke_return = self.poke(context)
  File "/home/airflow/.local/lib/python3.8/site-packages/airflow/sensors/filesystem.py", line 61, in poke
    hook = FSHook(self.fs_conn_id)
  File "/home/airflow/.local/lib/python3.8/site-packages/airflow/hooks/filesystem.py", line 38, in __init__
    conn = self.get_connection(conn_id)
  File "/home/airflow/.local/lib/python3.8/site-packages/airflow/hooks/base.py", line 72, in get_connection
    conn = Connection.get_connection_from_secrets(conn_id)
  File "/home/airflow/.local/lib/python3.8/site-packages/airflow/models/connection.py", line 477, in get_connection_from_secrets
    raise AirflowNotFoundException(f"The conn_id `{conn_id}` isn't defined")
airflow.exceptions.AirflowNotFoundException: The conn_id `fs_default` isn't defined
[2023-10-18T10:42:51.385+0000] {taskinstance.py:1400} INFO - Marking task as FAILED. dag_id=copy_tranform_to_mongo, task_id=waiting_for_data, execution_date=20210404T000000, start_date=20231018T104251, end_date=20231018T104251
[2023-10-18T10:42:51.395+0000] {standard_task_runner.py:104} ERROR - Failed to execute job 97 for task waiting_for_data (The conn_id `fs_default` isn't defined; 1585)
[2023-10-18T10:42:51.414+0000] {local_task_job_runner.py:228} INFO - Task exited with return code 1
[2023-10-18T10:42:51.466+0000] {taskinstance.py:2778} INFO - 0 downstream tasks scheduled from follow-on schedule check
[2023-10-18T11:17:25.335+0000] {taskinstance.py:1159} INFO - Dependencies all met for dep_context=non-requeueable deps ti=<TaskInstance: copy_tranform_to_mongo.waiting_for_data scheduled__2021-04-04T00:00:00+00:00 [queued]>
[2023-10-18T11:17:25.345+0000] {taskinstance.py:1159} INFO - Dependencies all met for dep_context=requeueable deps ti=<TaskInstance: copy_tranform_to_mongo.waiting_for_data scheduled__2021-04-04T00:00:00+00:00 [queued]>
[2023-10-18T11:17:25.346+0000] {taskinstance.py:1361} INFO - Starting attempt 1 of 1
[2023-10-18T11:17:25.360+0000] {taskinstance.py:1382} INFO - Executing <Task(FileSensor): waiting_for_data> on 2021-04-04 00:00:00+00:00
[2023-10-18T11:17:25.368+0000] {standard_task_runner.py:57} INFO - Started process 430 to run task
[2023-10-18T11:17:25.371+0000] {standard_task_runner.py:84} INFO - Running: ['***', 'tasks', 'run', 'copy_tranform_to_mongo', 'waiting_for_data', 'scheduled__2021-04-04T00:00:00+00:00', '--job-id', '150', '--raw', '--subdir', 'DAGS_FOLDER/file_***-mongo.py', '--cfg-path', '/tmp/tmp_x6p40v8']
[2023-10-18T11:17:25.372+0000] {standard_task_runner.py:85} INFO - Job 150: Subtask waiting_for_data
[2023-10-18T11:17:25.418+0000] {task_command.py:416} INFO - Running <TaskInstance: copy_tranform_to_mongo.waiting_for_data scheduled__2021-04-04T00:00:00+00:00 [running]> on host 0e68aa52dfc7
[2023-10-18T11:17:25.498+0000] {taskinstance.py:1662} INFO - Exporting env vars: AIRFLOW_CTX_DAG_OWNER='***' AIRFLOW_CTX_DAG_ID='copy_tranform_to_mongo' AIRFLOW_CTX_TASK_ID='waiting_for_data' AIRFLOW_CTX_EXECUTION_DATE='2021-04-04T00:00:00+00:00' AIRFLOW_CTX_TRY_NUMBER='1' AIRFLOW_CTX_DAG_RUN_ID='scheduled__2021-04-04T00:00:00+00:00'
[2023-10-18T11:17:25.507+0000] {base.py:73} INFO - Using connection ID 'fs_default' for task execution.
[2023-10-18T11:17:25.508+0000] {filesystem.py:64} INFO - Poking for file /opt/in/tiktok_google_play_reviews.csv
[2023-10-18T11:17:25.508+0000] {filesystem.py:69} INFO - Found File /opt/in/tiktok_google_play_reviews.csv last modified: 20220405221612
[2023-10-18T11:17:25.508+0000] {base.py:287} INFO - Success criteria met. Exiting.
[2023-10-18T11:17:25.517+0000] {taskinstance.py:1400} INFO - Marking task as SUCCESS. dag_id=copy_tranform_to_mongo, task_id=waiting_for_data, execution_date=20210404T000000, start_date=20231018T111725, end_date=20231018T111725
[2023-10-18T11:17:25.544+0000] {local_task_job_runner.py:228} INFO - Task exited with return code 0
[2023-10-18T11:17:25.591+0000] {taskinstance.py:2778} INFO - 0 downstream tasks scheduled from follow-on schedule check
[2023-10-19T12:12:01.190+0000] {taskinstance.py:1159} INFO - Dependencies all met for dep_context=non-requeueable deps ti=<TaskInstance: copy_tranform_to_mongo.waiting_for_data scheduled__2021-04-04T00:00:00+00:00 [queued]>
[2023-10-19T12:12:01.204+0000] {taskinstance.py:1159} INFO - Dependencies all met for dep_context=requeueable deps ti=<TaskInstance: copy_tranform_to_mongo.waiting_for_data scheduled__2021-04-04T00:00:00+00:00 [queued]>
[2023-10-19T12:12:01.204+0000] {taskinstance.py:1361} INFO - Starting attempt 1 of 1
[2023-10-19T12:12:01.223+0000] {taskinstance.py:1382} INFO - Executing <Task(FileSensor): waiting_for_data> on 2021-04-04 00:00:00+00:00
[2023-10-19T12:12:01.232+0000] {standard_task_runner.py:57} INFO - Started process 477 to run task
[2023-10-19T12:12:01.236+0000] {standard_task_runner.py:84} INFO - Running: ['***', 'tasks', 'run', 'copy_tranform_to_mongo', 'waiting_for_data', 'scheduled__2021-04-04T00:00:00+00:00', '--job-id', '146', '--raw', '--subdir', 'DAGS_FOLDER/file_***-mongo.py', '--cfg-path', '/tmp/tmpcq__f830']
[2023-10-19T12:12:01.238+0000] {standard_task_runner.py:85} INFO - Job 146: Subtask waiting_for_data
[2023-10-19T12:12:01.312+0000] {task_command.py:416} INFO - Running <TaskInstance: copy_tranform_to_mongo.waiting_for_data scheduled__2021-04-04T00:00:00+00:00 [running]> on host 6f5df7fea6fd
[2023-10-19T12:12:01.413+0000] {taskinstance.py:1662} INFO - Exporting env vars: AIRFLOW_CTX_DAG_OWNER='***' AIRFLOW_CTX_DAG_ID='copy_tranform_to_mongo' AIRFLOW_CTX_TASK_ID='waiting_for_data' AIRFLOW_CTX_EXECUTION_DATE='2021-04-04T00:00:00+00:00' AIRFLOW_CTX_TRY_NUMBER='1' AIRFLOW_CTX_DAG_RUN_ID='scheduled__2021-04-04T00:00:00+00:00'
[2023-10-19T12:12:01.424+0000] {base.py:73} INFO - Using connection ID 'fs_default' for task execution.
[2023-10-19T12:12:01.425+0000] {filesystem.py:64} INFO - Poking for file /opt/in/tiktok_google_play_reviews.csv
[2023-10-19T12:12:01.425+0000] {filesystem.py:69} INFO - Found File /opt/in/tiktok_google_play_reviews.csv last modified: 20220405221612
[2023-10-19T12:12:01.425+0000] {base.py:287} INFO - Success criteria met. Exiting.
[2023-10-19T12:12:01.438+0000] {taskinstance.py:1400} INFO - Marking task as SUCCESS. dag_id=copy_tranform_to_mongo, task_id=waiting_for_data, execution_date=20210404T000000, start_date=20231019T121201, end_date=20231019T121201
[2023-10-19T12:12:01.468+0000] {local_task_job_runner.py:228} INFO - Task exited with return code 0
[2023-10-19T12:12:01.522+0000] {taskinstance.py:2778} INFO - 1 downstream tasks scheduled from follow-on schedule check
