[2023-10-17T11:24:58.508+0000] {taskinstance.py:1159} INFO - Dependencies all met for dep_context=non-requeueable deps ti=<TaskInstance: copy_tranform_to_mongo.waiting_for_data scheduled__2023-01-16T00:00:00+00:00 [queued]>
[2023-10-17T11:24:58.515+0000] {taskinstance.py:1159} INFO - Dependencies all met for dep_context=requeueable deps ti=<TaskInstance: copy_tranform_to_mongo.waiting_for_data scheduled__2023-01-16T00:00:00+00:00 [queued]>
[2023-10-17T11:24:58.515+0000] {taskinstance.py:1361} INFO - Starting attempt 1 of 1
[2023-10-17T11:24:58.524+0000] {taskinstance.py:1382} INFO - Executing <Task(FileSensor): waiting_for_data> on 2023-01-16 00:00:00+00:00
[2023-10-17T11:24:58.529+0000] {standard_task_runner.py:57} INFO - Started process 2002 to run task
[2023-10-17T11:24:58.531+0000] {standard_task_runner.py:84} INFO - Running: ['***', 'tasks', 'run', 'copy_tranform_to_mongo', 'waiting_for_data', 'scheduled__2023-01-16T00:00:00+00:00', '--job-id', '750', '--raw', '--subdir', 'DAGS_FOLDER/file_***-mongo.py', '--cfg-path', '/tmp/tmp5k63vj6c']
[2023-10-17T11:24:58.532+0000] {standard_task_runner.py:85} INFO - Job 750: Subtask waiting_for_data
[2023-10-17T11:24:58.572+0000] {task_command.py:416} INFO - Running <TaskInstance: copy_tranform_to_mongo.waiting_for_data scheduled__2023-01-16T00:00:00+00:00 [running]> on host 238c1d4ff767
[2023-10-17T11:24:58.647+0000] {taskinstance.py:1662} INFO - Exporting env vars: AIRFLOW_CTX_DAG_OWNER='***' AIRFLOW_CTX_DAG_ID='copy_tranform_to_mongo' AIRFLOW_CTX_TASK_ID='waiting_for_data' AIRFLOW_CTX_EXECUTION_DATE='2023-01-16T00:00:00+00:00' AIRFLOW_CTX_TRY_NUMBER='1' AIRFLOW_CTX_DAG_RUN_ID='scheduled__2023-01-16T00:00:00+00:00'
[2023-10-17T11:24:58.657+0000] {base.py:73} INFO - Using connection ID 'fs_default' for task execution.
[2023-10-17T11:24:58.657+0000] {filesystem.py:64} INFO - Poking for file /opt/in/tiktok_google_play_reviews.csv
[2023-10-17T11:24:58.657+0000] {filesystem.py:69} INFO - Found File /opt/in/tiktok_google_play_reviews.csv last modified: 20220405221612
[2023-10-17T11:24:58.657+0000] {base.py:287} INFO - Success criteria met. Exiting.
[2023-10-17T11:24:58.669+0000] {taskinstance.py:1400} INFO - Marking task as SUCCESS. dag_id=copy_tranform_to_mongo, task_id=waiting_for_data, execution_date=20230116T000000, start_date=20231017T112458, end_date=20231017T112458
[2023-10-17T11:24:58.703+0000] {local_task_job_runner.py:228} INFO - Task exited with return code 0
[2023-10-17T11:24:58.725+0000] {taskinstance.py:2778} INFO - 0 downstream tasks scheduled from follow-on schedule check
[2023-10-18T11:50:08.353+0000] {taskinstance.py:1159} INFO - Dependencies all met for dep_context=non-requeueable deps ti=<TaskInstance: copy_tranform_to_mongo.waiting_for_data scheduled__2023-01-16T00:00:00+00:00 [queued]>
[2023-10-18T11:50:08.367+0000] {taskinstance.py:1159} INFO - Dependencies all met for dep_context=requeueable deps ti=<TaskInstance: copy_tranform_to_mongo.waiting_for_data scheduled__2023-01-16T00:00:00+00:00 [queued]>
[2023-10-18T11:50:08.368+0000] {taskinstance.py:1361} INFO - Starting attempt 1 of 1
[2023-10-18T11:50:08.389+0000] {taskinstance.py:1382} INFO - Executing <Task(FileSensor): waiting_for_data> on 2023-01-16 00:00:00+00:00
[2023-10-18T11:50:08.400+0000] {standard_task_runner.py:57} INFO - Started process 3534 to run task
[2023-10-18T11:50:08.405+0000] {standard_task_runner.py:84} INFO - Running: ['***', 'tasks', 'run', 'copy_tranform_to_mongo', 'waiting_for_data', 'scheduled__2023-01-16T00:00:00+00:00', '--job-id', '1451', '--raw', '--subdir', 'DAGS_FOLDER/file_***-mongo.py', '--cfg-path', '/tmp/tmps7auzt5c']
[2023-10-18T11:50:08.407+0000] {standard_task_runner.py:85} INFO - Job 1451: Subtask waiting_for_data
[2023-10-18T11:50:08.468+0000] {task_command.py:416} INFO - Running <TaskInstance: copy_tranform_to_mongo.waiting_for_data scheduled__2023-01-16T00:00:00+00:00 [running]> on host 0e68aa52dfc7
[2023-10-18T11:50:08.589+0000] {taskinstance.py:1662} INFO - Exporting env vars: AIRFLOW_CTX_DAG_OWNER='***' AIRFLOW_CTX_DAG_ID='copy_tranform_to_mongo' AIRFLOW_CTX_TASK_ID='waiting_for_data' AIRFLOW_CTX_EXECUTION_DATE='2023-01-16T00:00:00+00:00' AIRFLOW_CTX_TRY_NUMBER='1' AIRFLOW_CTX_DAG_RUN_ID='scheduled__2023-01-16T00:00:00+00:00'
[2023-10-18T11:50:08.604+0000] {base.py:73} INFO - Using connection ID 'fs_default' for task execution.
[2023-10-18T11:50:08.604+0000] {filesystem.py:64} INFO - Poking for file /opt/in/tiktok_google_play_reviews.csv
[2023-10-18T11:50:08.605+0000] {filesystem.py:69} INFO - Found File /opt/in/tiktok_google_play_reviews.csv last modified: 20220405221612
[2023-10-18T11:50:08.605+0000] {base.py:287} INFO - Success criteria met. Exiting.
[2023-10-18T11:50:08.621+0000] {taskinstance.py:1400} INFO - Marking task as SUCCESS. dag_id=copy_tranform_to_mongo, task_id=waiting_for_data, execution_date=20230116T000000, start_date=20231018T115008, end_date=20231018T115008
[2023-10-18T11:50:08.656+0000] {local_task_job_runner.py:228} INFO - Task exited with return code 0
[2023-10-18T11:50:08.701+0000] {taskinstance.py:2778} INFO - 1 downstream tasks scheduled from follow-on schedule check
