[2023-10-19T14:06:14.708+0000] {taskinstance.py:1159} INFO - Dependencies all met for dep_context=non-requeueable deps ti=<TaskInstance: copy_tranform_to_mongo.transform_data_by_pandas manual__2023-10-19T14:06:12.582033+00:00 [queued]>
[2023-10-19T14:06:14.714+0000] {taskinstance.py:1159} INFO - Dependencies all met for dep_context=requeueable deps ti=<TaskInstance: copy_tranform_to_mongo.transform_data_by_pandas manual__2023-10-19T14:06:12.582033+00:00 [queued]>
[2023-10-19T14:06:14.714+0000] {taskinstance.py:1361} INFO - Starting attempt 1 of 1
[2023-10-19T14:06:14.724+0000] {taskinstance.py:1382} INFO - Executing <Task(DockerOperator): transform_data_by_pandas> on 2023-10-19 14:06:12.582033+00:00
[2023-10-19T14:06:14.728+0000] {standard_task_runner.py:57} INFO - Started process 82 to run task
[2023-10-19T14:06:14.730+0000] {standard_task_runner.py:84} INFO - Running: ['***', 'tasks', 'run', 'copy_tranform_to_mongo', 'transform_data_by_pandas', 'manual__2023-10-19T14:06:12.582033+00:00', '--job-id', '6', '--raw', '--subdir', 'DAGS_FOLDER/file_***-mongo.py', '--cfg-path', '/tmp/tmps9l3z9kl']
[2023-10-19T14:06:14.731+0000] {standard_task_runner.py:85} INFO - Job 6: Subtask transform_data_by_pandas
[2023-10-19T14:06:14.764+0000] {task_command.py:416} INFO - Running <TaskInstance: copy_tranform_to_mongo.transform_data_by_pandas manual__2023-10-19T14:06:12.582033+00:00 [running]> on host 298aa8126952
[2023-10-19T14:06:14.817+0000] {taskinstance.py:1662} INFO - Exporting env vars: AIRFLOW_CTX_DAG_OWNER='***' AIRFLOW_CTX_DAG_ID='copy_tranform_to_mongo' AIRFLOW_CTX_TASK_ID='transform_data_by_pandas' AIRFLOW_CTX_EXECUTION_DATE='2023-10-19T14:06:12.582033+00:00' AIRFLOW_CTX_TRY_NUMBER='1' AIRFLOW_CTX_DAG_RUN_ID='manual__2023-10-19T14:06:12.582033+00:00'
[2023-10-19T14:06:14.828+0000] {docker.py:337} INFO - Starting docker container from image python/pandas:1.0.0
[2023-10-19T14:06:15.279+0000] {docker.py:406} INFO - Input Notebook:  /opt/pandasapp/notebooks/tiktok_google_reviews.ipynb
Output Notebook: /opt/pandasapp/notebooks/tiktok_google_reviews.ipynb
[2023-10-19T14:06:15.316+0000] {docker.py:406} INFO - Executing:   0%|          | 0/27 [00:00<?, ?cell/s]
[2023-10-19T14:06:16.018+0000] {docker.py:406} INFO - Executing notebook with kernel: python3
[2023-10-19T14:06:16.030+0000] {docker.py:406} INFO - Executing:   4%|▎         | 1/27 [00:00<00:18,  1.40cell/s]
[2023-10-19T14:06:16.710+0000] {docker.py:406} INFO - Executing:  15%|█▍        | 4/27 [00:01<00:07,  3.14cell/s]
[2023-10-19T14:06:18.234+0000] {docker.py:406} INFO - Executing:  22%|██▏       | 6/27 [00:02<00:10,  1.95cell/s]
[2023-10-19T14:06:18.362+0000] {docker.py:406} INFO - Executing:  44%|████▍     | 12/27 [00:03<00:02,  5.20cell/s]
[2023-10-19T14:06:18.514+0000] {docker.py:406} INFO - Executing:  59%|█████▉    | 16/27 [00:03<00:01,  7.50cell/s]
[2023-10-19T14:06:18.886+0000] {docker.py:406} INFO - Executing:  70%|███████   | 19/27 [00:03<00:01,  7.66cell/s]
[2023-10-19T14:06:19.208+0000] {docker.py:406} INFO - Executing:  78%|███████▊  | 21/27 [00:03<00:00,  7.29cell/s]
[2023-10-19T14:06:19.534+0000] {docker.py:406} INFO - Executing:  85%|████████▌ | 23/27 [00:04<00:00,  6.98cell/s]
[2023-10-19T14:06:20.207+0000] {docker.py:406} INFO - Executing:  96%|█████████▋| 26/27 [00:04<00:00,  5.86cell/s]
[2023-10-19T14:06:20.636+0000] {docker.py:406} INFO - Executing: 100%|██████████| 27/27 [00:05<00:00,  5.08cell/s]
[2023-10-19T14:06:21.071+0000] {taskinstance.py:1400} INFO - Marking task as SUCCESS. dag_id=copy_tranform_to_mongo, task_id=transform_data_by_pandas, execution_date=20231019T140612, start_date=20231019T140614, end_date=20231019T140621
[2023-10-19T14:06:21.110+0000] {local_task_job_runner.py:228} INFO - Task exited with return code 0
[2023-10-19T14:06:21.129+0000] {taskinstance.py:2778} INFO - 1 downstream tasks scheduled from follow-on schedule check
