[2023-10-17T11:25:34.531+0000] {taskinstance.py:1159} INFO - Dependencies all met for dep_context=non-requeueable deps ti=<TaskInstance: copy_tranform_to_mongo.waiting_for_data scheduled__2023-04-08T00:00:00+00:00 [queued]>
[2023-10-17T11:25:34.540+0000] {taskinstance.py:1159} INFO - Dependencies all met for dep_context=requeueable deps ti=<TaskInstance: copy_tranform_to_mongo.waiting_for_data scheduled__2023-04-08T00:00:00+00:00 [queued]>
[2023-10-17T11:25:34.540+0000] {taskinstance.py:1361} INFO - Starting attempt 1 of 1
[2023-10-17T11:25:34.565+0000] {taskinstance.py:1382} INFO - Executing <Task(FileSensor): waiting_for_data> on 2023-04-08 00:00:00+00:00
[2023-10-17T11:25:34.572+0000] {standard_task_runner.py:57} INFO - Started process 2176 to run task
[2023-10-17T11:25:34.574+0000] {standard_task_runner.py:84} INFO - Running: ['***', 'tasks', 'run', 'copy_tranform_to_mongo', 'waiting_for_data', 'scheduled__2023-04-08T00:00:00+00:00', '--job-id', '832', '--raw', '--subdir', 'DAGS_FOLDER/file_***-mongo.py', '--cfg-path', '/tmp/tmp3kjb2cio']
[2023-10-17T11:25:34.575+0000] {standard_task_runner.py:85} INFO - Job 832: Subtask waiting_for_data
[2023-10-17T11:25:34.618+0000] {task_command.py:416} INFO - Running <TaskInstance: copy_tranform_to_mongo.waiting_for_data scheduled__2023-04-08T00:00:00+00:00 [running]> on host 238c1d4ff767
[2023-10-17T11:25:34.688+0000] {taskinstance.py:1662} INFO - Exporting env vars: AIRFLOW_CTX_DAG_OWNER='***' AIRFLOW_CTX_DAG_ID='copy_tranform_to_mongo' AIRFLOW_CTX_TASK_ID='waiting_for_data' AIRFLOW_CTX_EXECUTION_DATE='2023-04-08T00:00:00+00:00' AIRFLOW_CTX_TRY_NUMBER='1' AIRFLOW_CTX_DAG_RUN_ID='scheduled__2023-04-08T00:00:00+00:00'
[2023-10-17T11:25:34.695+0000] {base.py:73} INFO - Using connection ID 'fs_default' for task execution.
[2023-10-17T11:25:34.695+0000] {filesystem.py:64} INFO - Poking for file /opt/in/tiktok_google_play_reviews.csv
[2023-10-17T11:25:34.695+0000] {filesystem.py:69} INFO - Found File /opt/in/tiktok_google_play_reviews.csv last modified: 20220405221612
[2023-10-17T11:25:34.695+0000] {base.py:287} INFO - Success criteria met. Exiting.
[2023-10-17T11:25:34.705+0000] {taskinstance.py:1400} INFO - Marking task as SUCCESS. dag_id=copy_tranform_to_mongo, task_id=waiting_for_data, execution_date=20230408T000000, start_date=20231017T112534, end_date=20231017T112534
[2023-10-17T11:25:34.746+0000] {local_task_job_runner.py:228} INFO - Task exited with return code 0
[2023-10-17T11:25:34.763+0000] {taskinstance.py:2778} INFO - 0 downstream tasks scheduled from follow-on schedule check
[2023-10-18T11:50:54.667+0000] {taskinstance.py:1159} INFO - Dependencies all met for dep_context=non-requeueable deps ti=<TaskInstance: copy_tranform_to_mongo.waiting_for_data scheduled__2023-04-08T00:00:00+00:00 [queued]>
[2023-10-18T11:50:54.705+0000] {taskinstance.py:1159} INFO - Dependencies all met for dep_context=requeueable deps ti=<TaskInstance: copy_tranform_to_mongo.waiting_for_data scheduled__2023-04-08T00:00:00+00:00 [queued]>
[2023-10-18T11:50:54.705+0000] {taskinstance.py:1361} INFO - Starting attempt 1 of 1
[2023-10-18T11:50:54.723+0000] {taskinstance.py:1382} INFO - Executing <Task(FileSensor): waiting_for_data> on 2023-04-08 00:00:00+00:00
[2023-10-18T11:50:54.734+0000] {standard_task_runner.py:57} INFO - Started process 3880 to run task
[2023-10-18T11:50:54.741+0000] {standard_task_runner.py:84} INFO - Running: ['***', 'tasks', 'run', 'copy_tranform_to_mongo', 'waiting_for_data', 'scheduled__2023-04-08T00:00:00+00:00', '--job-id', '1616', '--raw', '--subdir', 'DAGS_FOLDER/file_***-mongo.py', '--cfg-path', '/tmp/tmpc5pmvyf1']
[2023-10-18T11:50:54.751+0000] {standard_task_runner.py:85} INFO - Job 1616: Subtask waiting_for_data
[2023-10-18T11:50:54.827+0000] {task_command.py:416} INFO - Running <TaskInstance: copy_tranform_to_mongo.waiting_for_data scheduled__2023-04-08T00:00:00+00:00 [running]> on host 0e68aa52dfc7
[2023-10-18T11:50:54.990+0000] {taskinstance.py:1662} INFO - Exporting env vars: AIRFLOW_CTX_DAG_OWNER='***' AIRFLOW_CTX_DAG_ID='copy_tranform_to_mongo' AIRFLOW_CTX_TASK_ID='waiting_for_data' AIRFLOW_CTX_EXECUTION_DATE='2023-04-08T00:00:00+00:00' AIRFLOW_CTX_TRY_NUMBER='1' AIRFLOW_CTX_DAG_RUN_ID='scheduled__2023-04-08T00:00:00+00:00'
[2023-10-18T11:50:55.021+0000] {base.py:73} INFO - Using connection ID 'fs_default' for task execution.
[2023-10-18T11:50:55.022+0000] {filesystem.py:64} INFO - Poking for file /opt/in/tiktok_google_play_reviews.csv
[2023-10-18T11:50:55.022+0000] {filesystem.py:69} INFO - Found File /opt/in/tiktok_google_play_reviews.csv last modified: 20220405221612
[2023-10-18T11:50:55.022+0000] {base.py:287} INFO - Success criteria met. Exiting.
[2023-10-18T11:50:55.069+0000] {taskinstance.py:1400} INFO - Marking task as SUCCESS. dag_id=copy_tranform_to_mongo, task_id=waiting_for_data, execution_date=20230408T000000, start_date=20231018T115054, end_date=20231018T115055
[2023-10-18T11:50:55.155+0000] {local_task_job_runner.py:228} INFO - Task exited with return code 0
[2023-10-18T11:50:55.204+0000] {taskinstance.py:2778} INFO - 1 downstream tasks scheduled from follow-on schedule check
