[2023-10-17T11:24:20.288+0000] {taskinstance.py:1159} INFO - Dependencies all met for dep_context=non-requeueable deps ti=<TaskInstance: copy_tranform_to_mongo.waiting_for_data scheduled__2022-11-10T00:00:00+00:00 [queued]>
[2023-10-17T11:24:20.294+0000] {taskinstance.py:1159} INFO - Dependencies all met for dep_context=requeueable deps ti=<TaskInstance: copy_tranform_to_mongo.waiting_for_data scheduled__2022-11-10T00:00:00+00:00 [queued]>
[2023-10-17T11:24:20.294+0000] {taskinstance.py:1361} INFO - Starting attempt 1 of 1
[2023-10-17T11:24:20.302+0000] {taskinstance.py:1382} INFO - Executing <Task(FileSensor): waiting_for_data> on 2022-11-10 00:00:00+00:00
[2023-10-17T11:24:20.308+0000] {standard_task_runner.py:57} INFO - Started process 1860 to run task
[2023-10-17T11:24:20.310+0000] {standard_task_runner.py:84} INFO - Running: ['***', 'tasks', 'run', 'copy_tranform_to_mongo', 'waiting_for_data', 'scheduled__2022-11-10T00:00:00+00:00', '--job-id', '683', '--raw', '--subdir', 'DAGS_FOLDER/file_***-mongo.py', '--cfg-path', '/tmp/tmp3t_mf3t4']
[2023-10-17T11:24:20.310+0000] {standard_task_runner.py:85} INFO - Job 683: Subtask waiting_for_data
[2023-10-17T11:24:20.342+0000] {task_command.py:416} INFO - Running <TaskInstance: copy_tranform_to_mongo.waiting_for_data scheduled__2022-11-10T00:00:00+00:00 [running]> on host 238c1d4ff767
[2023-10-17T11:24:20.395+0000] {taskinstance.py:1662} INFO - Exporting env vars: AIRFLOW_CTX_DAG_OWNER='***' AIRFLOW_CTX_DAG_ID='copy_tranform_to_mongo' AIRFLOW_CTX_TASK_ID='waiting_for_data' AIRFLOW_CTX_EXECUTION_DATE='2022-11-10T00:00:00+00:00' AIRFLOW_CTX_TRY_NUMBER='1' AIRFLOW_CTX_DAG_RUN_ID='scheduled__2022-11-10T00:00:00+00:00'
[2023-10-17T11:24:20.402+0000] {base.py:73} INFO - Using connection ID 'fs_default' for task execution.
[2023-10-17T11:24:20.402+0000] {filesystem.py:64} INFO - Poking for file /opt/in/tiktok_google_play_reviews.csv
[2023-10-17T11:24:20.402+0000] {filesystem.py:69} INFO - Found File /opt/in/tiktok_google_play_reviews.csv last modified: 20220405221612
[2023-10-17T11:24:20.402+0000] {base.py:287} INFO - Success criteria met. Exiting.
[2023-10-17T11:24:20.410+0000] {taskinstance.py:1400} INFO - Marking task as SUCCESS. dag_id=copy_tranform_to_mongo, task_id=waiting_for_data, execution_date=20221110T000000, start_date=20231017T112420, end_date=20231017T112420
[2023-10-17T11:24:20.442+0000] {local_task_job_runner.py:228} INFO - Task exited with return code 0
[2023-10-17T11:24:20.466+0000] {taskinstance.py:2778} INFO - 0 downstream tasks scheduled from follow-on schedule check
[2023-10-18T11:49:06.273+0000] {taskinstance.py:1159} INFO - Dependencies all met for dep_context=non-requeueable deps ti=<TaskInstance: copy_tranform_to_mongo.waiting_for_data scheduled__2022-11-10T00:00:00+00:00 [queued]>
[2023-10-18T11:49:06.285+0000] {taskinstance.py:1159} INFO - Dependencies all met for dep_context=requeueable deps ti=<TaskInstance: copy_tranform_to_mongo.waiting_for_data scheduled__2022-11-10T00:00:00+00:00 [queued]>
[2023-10-18T11:49:06.285+0000] {taskinstance.py:1361} INFO - Starting attempt 1 of 1
[2023-10-18T11:49:06.355+0000] {taskinstance.py:1382} INFO - Executing <Task(FileSensor): waiting_for_data> on 2022-11-10 00:00:00+00:00
[2023-10-18T11:49:06.363+0000] {standard_task_runner.py:57} INFO - Started process 3254 to run task
[2023-10-18T11:49:06.366+0000] {standard_task_runner.py:84} INFO - Running: ['***', 'tasks', 'run', 'copy_tranform_to_mongo', 'waiting_for_data', 'scheduled__2022-11-10T00:00:00+00:00', '--job-id', '1320', '--raw', '--subdir', 'DAGS_FOLDER/file_***-mongo.py', '--cfg-path', '/tmp/tmp2aj3jxmp']
[2023-10-18T11:49:06.367+0000] {standard_task_runner.py:85} INFO - Job 1320: Subtask waiting_for_data
[2023-10-18T11:49:06.421+0000] {task_command.py:416} INFO - Running <TaskInstance: copy_tranform_to_mongo.waiting_for_data scheduled__2022-11-10T00:00:00+00:00 [running]> on host 0e68aa52dfc7
[2023-10-18T11:49:06.505+0000] {taskinstance.py:1662} INFO - Exporting env vars: AIRFLOW_CTX_DAG_OWNER='***' AIRFLOW_CTX_DAG_ID='copy_tranform_to_mongo' AIRFLOW_CTX_TASK_ID='waiting_for_data' AIRFLOW_CTX_EXECUTION_DATE='2022-11-10T00:00:00+00:00' AIRFLOW_CTX_TRY_NUMBER='1' AIRFLOW_CTX_DAG_RUN_ID='scheduled__2022-11-10T00:00:00+00:00'
[2023-10-18T11:49:06.516+0000] {base.py:73} INFO - Using connection ID 'fs_default' for task execution.
[2023-10-18T11:49:06.517+0000] {filesystem.py:64} INFO - Poking for file /opt/in/tiktok_google_play_reviews.csv
[2023-10-18T11:49:06.518+0000] {filesystem.py:69} INFO - Found File /opt/in/tiktok_google_play_reviews.csv last modified: 20220405221612
[2023-10-18T11:49:06.518+0000] {base.py:287} INFO - Success criteria met. Exiting.
[2023-10-18T11:49:06.529+0000] {taskinstance.py:1400} INFO - Marking task as SUCCESS. dag_id=copy_tranform_to_mongo, task_id=waiting_for_data, execution_date=20221110T000000, start_date=20231018T114906, end_date=20231018T114906
[2023-10-18T11:49:06.580+0000] {local_task_job_runner.py:228} INFO - Task exited with return code 0
[2023-10-18T11:49:06.612+0000] {taskinstance.py:2778} INFO - 1 downstream tasks scheduled from follow-on schedule check
