[2023-10-18T11:17:37.828+0000] {taskinstance.py:1159} INFO - Dependencies all met for dep_context=non-requeueable deps ti=<TaskInstance: copy_tranform_to_mongo.transform_data_by_pandas scheduled__2021-04-24T00:00:00+00:00 [queued]>
[2023-10-18T11:17:37.840+0000] {taskinstance.py:1159} INFO - Dependencies all met for dep_context=requeueable deps ti=<TaskInstance: copy_tranform_to_mongo.transform_data_by_pandas scheduled__2021-04-24T00:00:00+00:00 [queued]>
[2023-10-18T11:17:37.841+0000] {taskinstance.py:1361} INFO - Starting attempt 1 of 1
[2023-10-18T11:17:37.856+0000] {taskinstance.py:1382} INFO - Executing <Task(DockerOperator): transform_data_by_pandas> on 2021-04-24 00:00:00+00:00
[2023-10-18T11:17:37.866+0000] {standard_task_runner.py:57} INFO - Started process 533 to run task
[2023-10-18T11:17:37.869+0000] {standard_task_runner.py:84} INFO - Running: ['***', 'tasks', 'run', 'copy_tranform_to_mongo', 'transform_data_by_pandas', 'scheduled__2021-04-24T00:00:00+00:00', '--job-id', '198', '--raw', '--subdir', 'DAGS_FOLDER/file_***-mongo.py', '--cfg-path', '/tmp/tmp6gctjkh6']
[2023-10-18T11:17:37.871+0000] {standard_task_runner.py:85} INFO - Job 198: Subtask transform_data_by_pandas
[2023-10-18T11:17:37.919+0000] {task_command.py:416} INFO - Running <TaskInstance: copy_tranform_to_mongo.transform_data_by_pandas scheduled__2021-04-24T00:00:00+00:00 [running]> on host 0e68aa52dfc7
[2023-10-18T11:17:38.005+0000] {taskinstance.py:1662} INFO - Exporting env vars: AIRFLOW_CTX_DAG_OWNER='***' AIRFLOW_CTX_DAG_ID='copy_tranform_to_mongo' AIRFLOW_CTX_TASK_ID='transform_data_by_pandas' AIRFLOW_CTX_EXECUTION_DATE='2021-04-24T00:00:00+00:00' AIRFLOW_CTX_TRY_NUMBER='1' AIRFLOW_CTX_DAG_RUN_ID='scheduled__2021-04-24T00:00:00+00:00'
[2023-10-18T11:17:38.009+0000] {taskinstance.py:1937} ERROR - Task failed with exception
Traceback (most recent call last):
  File "/home/airflow/.local/lib/python3.8/site-packages/urllib3/connectionpool.py", line 714, in urlopen
    httplib_response = self._make_request(
  File "/home/airflow/.local/lib/python3.8/site-packages/urllib3/connectionpool.py", line 415, in _make_request
    conn.request(method, url, **httplib_request_kw)
  File "/home/airflow/.local/lib/python3.8/site-packages/urllib3/connection.py", line 244, in request
    super(HTTPConnection, self).request(method, url, body=body, headers=headers)
  File "/usr/local/lib/python3.8/http/client.py", line 1256, in request
    self._send_request(method, url, body, headers, encode_chunked)
  File "/usr/local/lib/python3.8/http/client.py", line 1302, in _send_request
    self.endheaders(body, encode_chunked=encode_chunked)
  File "/usr/local/lib/python3.8/http/client.py", line 1251, in endheaders
    self._send_output(message_body, encode_chunked=encode_chunked)
  File "/usr/local/lib/python3.8/http/client.py", line 1011, in _send_output
    self.send(msg)
  File "/usr/local/lib/python3.8/http/client.py", line 951, in send
    self.connect()
  File "/home/airflow/.local/lib/python3.8/site-packages/docker/transport/unixconn.py", line 27, in connect
    sock.connect(self.unix_socket)
PermissionError: [Errno 13] Permission denied

During handling of the above exception, another exception occurred:

Traceback (most recent call last):
  File "/home/airflow/.local/lib/python3.8/site-packages/requests/adapters.py", line 486, in send
    resp = conn.urlopen(
  File "/home/airflow/.local/lib/python3.8/site-packages/urllib3/connectionpool.py", line 798, in urlopen
    retries = retries.increment(
  File "/home/airflow/.local/lib/python3.8/site-packages/urllib3/util/retry.py", line 550, in increment
    raise six.reraise(type(error), error, _stacktrace)
  File "/home/airflow/.local/lib/python3.8/site-packages/urllib3/packages/six.py", line 769, in reraise
    raise value.with_traceback(tb)
  File "/home/airflow/.local/lib/python3.8/site-packages/urllib3/connectionpool.py", line 714, in urlopen
    httplib_response = self._make_request(
  File "/home/airflow/.local/lib/python3.8/site-packages/urllib3/connectionpool.py", line 415, in _make_request
    conn.request(method, url, **httplib_request_kw)
  File "/home/airflow/.local/lib/python3.8/site-packages/urllib3/connection.py", line 244, in request
    super(HTTPConnection, self).request(method, url, body=body, headers=headers)
  File "/usr/local/lib/python3.8/http/client.py", line 1256, in request
    self._send_request(method, url, body, headers, encode_chunked)
  File "/usr/local/lib/python3.8/http/client.py", line 1302, in _send_request
    self.endheaders(body, encode_chunked=encode_chunked)
  File "/usr/local/lib/python3.8/http/client.py", line 1251, in endheaders
    self._send_output(message_body, encode_chunked=encode_chunked)
  File "/usr/local/lib/python3.8/http/client.py", line 1011, in _send_output
    self.send(msg)
  File "/usr/local/lib/python3.8/http/client.py", line 951, in send
    self.connect()
  File "/home/airflow/.local/lib/python3.8/site-packages/docker/transport/unixconn.py", line 27, in connect
    sock.connect(self.unix_socket)
urllib3.exceptions.ProtocolError: ('Connection aborted.', PermissionError(13, 'Permission denied'))

During handling of the above exception, another exception occurred:

Traceback (most recent call last):
  File "/home/airflow/.local/lib/python3.8/site-packages/docker/api/client.py", line 214, in _retrieve_server_version
    return self.version(api_version=False)["ApiVersion"]
  File "/home/airflow/.local/lib/python3.8/site-packages/docker/api/daemon.py", line 181, in version
    return self._result(self._get(url), json=True)
  File "/home/airflow/.local/lib/python3.8/site-packages/docker/utils/decorators.py", line 46, in inner
    return f(self, *args, **kwargs)
  File "/home/airflow/.local/lib/python3.8/site-packages/docker/api/client.py", line 237, in _get
    return self.get(url, **self._set_request_timeout(kwargs))
  File "/home/airflow/.local/lib/python3.8/site-packages/requests/sessions.py", line 602, in get
    return self.request("GET", url, **kwargs)
  File "/home/airflow/.local/lib/python3.8/site-packages/requests/sessions.py", line 589, in request
    resp = self.send(prep, **send_kwargs)
  File "/home/airflow/.local/lib/python3.8/site-packages/requests/sessions.py", line 703, in send
    r = adapter.send(request, **kwargs)
  File "/home/airflow/.local/lib/python3.8/site-packages/requests/adapters.py", line 501, in send
    raise ConnectionError(err, request=request)
requests.exceptions.ConnectionError: ('Connection aborted.', PermissionError(13, 'Permission denied'))

During handling of the above exception, another exception occurred:

Traceback (most recent call last):
  File "/home/airflow/.local/lib/python3.8/site-packages/airflow/providers/docker/operators/docker.py", line 462, in execute
    if self.force_pull or not self.cli.images(name=self.image):
  File "/home/airflow/.local/lib/python3.8/site-packages/airflow/providers/docker/operators/docker.py", line 333, in cli
    return self.hook.api_client
  File "/usr/local/lib/python3.8/functools.py", line 967, in __get__
    val = self.func(instance)
  File "/home/airflow/.local/lib/python3.8/site-packages/airflow/providers/docker/hooks/docker.py", line 120, in api_client
    client = APIClient(
  File "/home/airflow/.local/lib/python3.8/site-packages/docker/api/client.py", line 197, in __init__
    self._version = self._retrieve_server_version()
  File "/home/airflow/.local/lib/python3.8/site-packages/docker/api/client.py", line 221, in _retrieve_server_version
    raise DockerException(
docker.errors.DockerException: Error while fetching server API version: ('Connection aborted.', PermissionError(13, 'Permission denied'))
[2023-10-18T11:17:38.019+0000] {taskinstance.py:1400} INFO - Marking task as FAILED. dag_id=copy_tranform_to_mongo, task_id=transform_data_by_pandas, execution_date=20210424T000000, start_date=20231018T111737, end_date=20231018T111738
[2023-10-18T11:17:38.032+0000] {standard_task_runner.py:104} ERROR - Failed to execute job 198 for task transform_data_by_pandas (Error while fetching server API version: ('Connection aborted.', PermissionError(13, 'Permission denied')); 533)
[2023-10-18T11:17:38.047+0000] {local_task_job_runner.py:228} INFO - Task exited with return code 1
[2023-10-18T11:17:38.070+0000] {taskinstance.py:2778} INFO - 0 downstream tasks scheduled from follow-on schedule check
[2023-10-19T12:42:56.223+0000] {taskinstance.py:1159} INFO - Dependencies all met for dep_context=non-requeueable deps ti=<TaskInstance: copy_tranform_to_mongo.transform_data_by_pandas scheduled__2021-04-24T00:00:00+00:00 [queued]>
[2023-10-19T12:42:56.240+0000] {taskinstance.py:1159} INFO - Dependencies all met for dep_context=requeueable deps ti=<TaskInstance: copy_tranform_to_mongo.transform_data_by_pandas scheduled__2021-04-24T00:00:00+00:00 [queued]>
[2023-10-19T12:42:56.241+0000] {taskinstance.py:1361} INFO - Starting attempt 1 of 1
[2023-10-19T12:42:56.263+0000] {taskinstance.py:1382} INFO - Executing <Task(DockerOperator): transform_data_by_pandas> on 2021-04-24 00:00:00+00:00
[2023-10-19T12:42:56.272+0000] {standard_task_runner.py:57} INFO - Started process 1083 to run task
[2023-10-19T12:42:56.277+0000] {standard_task_runner.py:84} INFO - Running: ['***', 'tasks', 'run', 'copy_tranform_to_mongo', 'transform_data_by_pandas', 'scheduled__2021-04-24T00:00:00+00:00', '--job-id', '211', '--raw', '--subdir', 'DAGS_FOLDER/file_***-mongo.py', '--cfg-path', '/tmp/tmp8b4li7pf']
[2023-10-19T12:42:56.279+0000] {standard_task_runner.py:85} INFO - Job 211: Subtask transform_data_by_pandas
[2023-10-19T12:42:56.347+0000] {task_command.py:416} INFO - Running <TaskInstance: copy_tranform_to_mongo.transform_data_by_pandas scheduled__2021-04-24T00:00:00+00:00 [running]> on host 6f5df7fea6fd
[2023-10-19T12:42:56.446+0000] {taskinstance.py:1662} INFO - Exporting env vars: AIRFLOW_CTX_DAG_OWNER='***' AIRFLOW_CTX_DAG_ID='copy_tranform_to_mongo' AIRFLOW_CTX_TASK_ID='transform_data_by_pandas' AIRFLOW_CTX_EXECUTION_DATE='2021-04-24T00:00:00+00:00' AIRFLOW_CTX_TRY_NUMBER='1' AIRFLOW_CTX_DAG_RUN_ID='scheduled__2021-04-24T00:00:00+00:00'
[2023-10-19T12:42:56.468+0000] {docker.py:337} INFO - Starting docker container from image python/pandas:1.0.0
[2023-10-19T12:42:57.828+0000] {docker.py:406} INFO - Input Notebook:  /opt/pandasapp/notebooks/tiktok_google_reviews.ipynb
[2023-10-19T12:42:57.829+0000] {docker.py:406} INFO - Output Notebook: /opt/pandasapp/notebooks/tiktok_google_reviews.ipynb
[2023-10-19T12:42:57.907+0000] {docker.py:406} INFO - Executing:   0%|          | 0/27 [00:00<?, ?cell/s]
[2023-10-19T12:42:59.874+0000] {docker.py:406} INFO - Executing notebook with kernel: python3
[2023-10-19T12:42:59.907+0000] {docker.py:406} INFO - Executing:   4%|▎         | 1/27 [00:01<00:51,  2.00s/cell]
[2023-10-19T12:43:01.777+0000] {docker.py:406} INFO - Executing:  15%|█▍        | 4/27 [00:03<00:20,  1.13cell/s]
[2023-10-19T12:43:05.465+0000] {docker.py:406} INFO - Executing:  22%|██▏       | 6/27 [00:07<00:27,  1.30s/cell]
[2023-10-19T12:43:05.573+0000] {docker.py:406} INFO - Executing:  30%|██▉       | 8/27 [00:07<00:15,  1.21cell/s]
[2023-10-19T12:43:05.789+0000] {docker.py:406} INFO - Executing:  33%|███▎      | 9/27 [00:07<00:12,  1.44cell/s]
[2023-10-19T12:43:05.906+0000] {docker.py:406} INFO - Executing:  37%|███▋      | 10/27 [00:08<00:09,  1.79cell/s]
[2023-10-19T12:43:06.051+0000] {docker.py:406} INFO - Executing:  41%|████      | 11/27 [00:08<00:07,  2.21cell/s]
[2023-10-19T12:43:06.681+0000] {docker.py:406} INFO - Executing:  44%|████▍     | 12/27 [00:08<00:07,  2.01cell/s]
[2023-10-19T12:43:07.106+0000] {docker.py:406} INFO - Executing:  48%|████▊     | 13/27 [00:09<00:06,  2.08cell/s]
[2023-10-19T12:43:07.205+0000] {docker.py:406} INFO - Executing:  52%|█████▏    | 14/27 [00:09<00:04,  2.67cell/s]
[2023-10-19T12:43:08.221+0000] {docker.py:406} INFO - Executing:  59%|█████▉    | 16/27 [00:10<00:04,  2.30cell/s]
[2023-10-19T12:43:12.168+0000] {docker.py:406} INFO - Executing:  63%|██████▎   | 17/27 [00:14<00:12,  1.28s/cell]
[2023-10-19T12:43:12.562+0000] {docker.py:406} INFO - Executing:  70%|███████   | 19/27 [00:14<00:06,  1.19cell/s]
[2023-10-19T12:43:14.246+0000] {docker.py:406} INFO - Executing:  74%|███████▍  | 20/27 [00:16<00:07,  1.03s/cell]
[2023-10-19T12:43:14.996+0000] {docker.py:406} INFO - Executing:  78%|███████▊  | 21/27 [00:17<00:05,  1.04cell/s]
[2023-10-19T12:43:15.576+0000] {docker.py:406} INFO - Executing:  81%|████████▏ | 22/27 [00:17<00:04,  1.16cell/s]
[2023-10-19T12:43:16.362+0000] {docker.py:406} INFO - Executing:  85%|████████▌ | 23/27 [00:18<00:03,  1.19cell/s]
[2023-10-19T12:43:16.464+0000] {docker.py:406} INFO - Executing:  89%|████████▉ | 24/27 [00:18<00:01,  1.57cell/s]
[2023-10-19T12:43:16.642+0000] {docker.py:406} INFO - Executing:  93%|█████████▎| 25/27 [00:18<00:01,  1.97cell/s]
[2023-10-19T12:43:23.702+0000] {docker.py:406} INFO - Executing:  96%|█████████▋| 26/27 [00:25<00:02,  2.40s/cell]
[2023-10-19T12:43:23.870+0000] {docker.py:406} INFO - Executing: 100%|██████████| 27/27 [00:25<00:00,  1.75s/cell]
[2023-10-19T12:43:26.525+0000] {docker.py:406} INFO - Executing: 100%|██████████| 27/27 [00:28<00:00,  1.06s/cell]
[2023-10-19T12:43:28.145+0000] {taskinstance.py:1400} INFO - Marking task as SUCCESS. dag_id=copy_tranform_to_mongo, task_id=transform_data_by_pandas, execution_date=20210424T000000, start_date=20231019T124256, end_date=20231019T124328
[2023-10-19T12:43:28.265+0000] {local_task_job_runner.py:228} INFO - Task exited with return code 0
[2023-10-19T12:43:28.533+0000] {taskinstance.py:2778} INFO - 1 downstream tasks scheduled from follow-on schedule check
