[2023-10-17T11:27:03.546+0000] {taskinstance.py:1159} INFO - Dependencies all met for dep_context=non-requeueable deps ti=<TaskInstance: copy_tranform_to_mongo.waiting_for_data scheduled__2023-08-13T00:00:00+00:00 [queued]>
[2023-10-17T11:27:03.554+0000] {taskinstance.py:1159} INFO - Dependencies all met for dep_context=requeueable deps ti=<TaskInstance: copy_tranform_to_mongo.waiting_for_data scheduled__2023-08-13T00:00:00+00:00 [queued]>
[2023-10-17T11:27:03.554+0000] {taskinstance.py:1361} INFO - Starting attempt 1 of 1
[2023-10-17T11:27:03.564+0000] {taskinstance.py:1382} INFO - Executing <Task(FileSensor): waiting_for_data> on 2023-08-13 00:00:00+00:00
[2023-10-17T11:27:03.569+0000] {standard_task_runner.py:57} INFO - Started process 2453 to run task
[2023-10-17T11:27:03.571+0000] {standard_task_runner.py:84} INFO - Running: ['***', 'tasks', 'run', 'copy_tranform_to_mongo', 'waiting_for_data', 'scheduled__2023-08-13T00:00:00+00:00', '--job-id', '959', '--raw', '--subdir', 'DAGS_FOLDER/file_***-mongo.py', '--cfg-path', '/tmp/tmpfod2scx0']
[2023-10-17T11:27:03.573+0000] {standard_task_runner.py:85} INFO - Job 959: Subtask waiting_for_data
[2023-10-17T11:27:03.606+0000] {task_command.py:416} INFO - Running <TaskInstance: copy_tranform_to_mongo.waiting_for_data scheduled__2023-08-13T00:00:00+00:00 [running]> on host 238c1d4ff767
[2023-10-17T11:27:03.668+0000] {taskinstance.py:1662} INFO - Exporting env vars: AIRFLOW_CTX_DAG_OWNER='***' AIRFLOW_CTX_DAG_ID='copy_tranform_to_mongo' AIRFLOW_CTX_TASK_ID='waiting_for_data' AIRFLOW_CTX_EXECUTION_DATE='2023-08-13T00:00:00+00:00' AIRFLOW_CTX_TRY_NUMBER='1' AIRFLOW_CTX_DAG_RUN_ID='scheduled__2023-08-13T00:00:00+00:00'
[2023-10-17T11:27:03.675+0000] {base.py:73} INFO - Using connection ID 'fs_default' for task execution.
[2023-10-17T11:27:03.675+0000] {filesystem.py:64} INFO - Poking for file /opt/in/tiktok_google_play_reviews.csv
[2023-10-17T11:27:03.675+0000] {filesystem.py:69} INFO - Found File /opt/in/tiktok_google_play_reviews.csv last modified: 20220405221612
[2023-10-17T11:27:03.676+0000] {base.py:287} INFO - Success criteria met. Exiting.
[2023-10-17T11:27:03.682+0000] {taskinstance.py:1400} INFO - Marking task as SUCCESS. dag_id=copy_tranform_to_mongo, task_id=waiting_for_data, execution_date=20230813T000000, start_date=20231017T112703, end_date=20231017T112703
[2023-10-17T11:27:03.703+0000] {local_task_job_runner.py:228} INFO - Task exited with return code 0
[2023-10-17T11:27:03.715+0000] {taskinstance.py:2778} INFO - 0 downstream tasks scheduled from follow-on schedule check
[2023-10-18T11:52:15.306+0000] {taskinstance.py:1159} INFO - Dependencies all met for dep_context=non-requeueable deps ti=<TaskInstance: copy_tranform_to_mongo.waiting_for_data scheduled__2023-08-13T00:00:00+00:00 [queued]>
[2023-10-18T11:52:15.315+0000] {taskinstance.py:1159} INFO - Dependencies all met for dep_context=requeueable deps ti=<TaskInstance: copy_tranform_to_mongo.waiting_for_data scheduled__2023-08-13T00:00:00+00:00 [queued]>
[2023-10-18T11:52:15.315+0000] {taskinstance.py:1361} INFO - Starting attempt 1 of 1
[2023-10-18T11:52:15.328+0000] {taskinstance.py:1382} INFO - Executing <Task(FileSensor): waiting_for_data> on 2023-08-13 00:00:00+00:00
[2023-10-18T11:52:15.335+0000] {standard_task_runner.py:57} INFO - Started process 4411 to run task
[2023-10-18T11:52:15.337+0000] {standard_task_runner.py:84} INFO - Running: ['***', 'tasks', 'run', 'copy_tranform_to_mongo', 'waiting_for_data', 'scheduled__2023-08-13T00:00:00+00:00', '--job-id', '1874', '--raw', '--subdir', 'DAGS_FOLDER/file_***-mongo.py', '--cfg-path', '/tmp/tmpninxxblh']
[2023-10-18T11:52:15.338+0000] {standard_task_runner.py:85} INFO - Job 1874: Subtask waiting_for_data
[2023-10-18T11:52:15.378+0000] {task_command.py:416} INFO - Running <TaskInstance: copy_tranform_to_mongo.waiting_for_data scheduled__2023-08-13T00:00:00+00:00 [running]> on host 0e68aa52dfc7
[2023-10-18T11:52:15.450+0000] {taskinstance.py:1662} INFO - Exporting env vars: AIRFLOW_CTX_DAG_OWNER='***' AIRFLOW_CTX_DAG_ID='copy_tranform_to_mongo' AIRFLOW_CTX_TASK_ID='waiting_for_data' AIRFLOW_CTX_EXECUTION_DATE='2023-08-13T00:00:00+00:00' AIRFLOW_CTX_TRY_NUMBER='1' AIRFLOW_CTX_DAG_RUN_ID='scheduled__2023-08-13T00:00:00+00:00'
[2023-10-18T11:52:15.462+0000] {base.py:73} INFO - Using connection ID 'fs_default' for task execution.
[2023-10-18T11:52:15.463+0000] {filesystem.py:64} INFO - Poking for file /opt/in/tiktok_google_play_reviews.csv
[2023-10-18T11:52:15.463+0000] {filesystem.py:69} INFO - Found File /opt/in/tiktok_google_play_reviews.csv last modified: 20220405221612
[2023-10-18T11:52:15.464+0000] {base.py:287} INFO - Success criteria met. Exiting.
[2023-10-18T11:52:15.474+0000] {taskinstance.py:1400} INFO - Marking task as SUCCESS. dag_id=copy_tranform_to_mongo, task_id=waiting_for_data, execution_date=20230813T000000, start_date=20231018T115215, end_date=20231018T115215
[2023-10-18T11:52:15.509+0000] {local_task_job_runner.py:228} INFO - Task exited with return code 0
[2023-10-18T11:52:15.542+0000] {taskinstance.py:2778} INFO - 1 downstream tasks scheduled from follow-on schedule check
