[2023-10-17T11:22:48.716+0000] {taskinstance.py:1159} INFO - Dependencies all met for dep_context=non-requeueable deps ti=<TaskInstance: copy_tranform_to_mongo.waiting_for_data scheduled__2022-06-17T00:00:00+00:00 [queued]>
[2023-10-17T11:22:48.722+0000] {taskinstance.py:1159} INFO - Dependencies all met for dep_context=requeueable deps ti=<TaskInstance: copy_tranform_to_mongo.waiting_for_data scheduled__2022-06-17T00:00:00+00:00 [queued]>
[2023-10-17T11:22:48.722+0000] {taskinstance.py:1361} INFO - Starting attempt 1 of 1
[2023-10-17T11:22:48.732+0000] {taskinstance.py:1382} INFO - Executing <Task(FileSensor): waiting_for_data> on 2022-06-17 00:00:00+00:00
[2023-10-17T11:22:48.737+0000] {standard_task_runner.py:57} INFO - Started process 1544 to run task
[2023-10-17T11:22:48.739+0000] {standard_task_runner.py:84} INFO - Running: ['***', 'tasks', 'run', 'copy_tranform_to_mongo', 'waiting_for_data', 'scheduled__2022-06-17T00:00:00+00:00', '--job-id', '537', '--raw', '--subdir', 'DAGS_FOLDER/file_***-mongo.py', '--cfg-path', '/tmp/tmp1w1ntvwm']
[2023-10-17T11:22:48.739+0000] {standard_task_runner.py:85} INFO - Job 537: Subtask waiting_for_data
[2023-10-17T11:22:48.770+0000] {task_command.py:416} INFO - Running <TaskInstance: copy_tranform_to_mongo.waiting_for_data scheduled__2022-06-17T00:00:00+00:00 [running]> on host 238c1d4ff767
[2023-10-17T11:22:48.824+0000] {taskinstance.py:1662} INFO - Exporting env vars: AIRFLOW_CTX_DAG_OWNER='***' AIRFLOW_CTX_DAG_ID='copy_tranform_to_mongo' AIRFLOW_CTX_TASK_ID='waiting_for_data' AIRFLOW_CTX_EXECUTION_DATE='2022-06-17T00:00:00+00:00' AIRFLOW_CTX_TRY_NUMBER='1' AIRFLOW_CTX_DAG_RUN_ID='scheduled__2022-06-17T00:00:00+00:00'
[2023-10-17T11:22:48.830+0000] {base.py:73} INFO - Using connection ID 'fs_default' for task execution.
[2023-10-17T11:22:48.831+0000] {filesystem.py:64} INFO - Poking for file /opt/in/tiktok_google_play_reviews.csv
[2023-10-17T11:22:48.831+0000] {filesystem.py:69} INFO - Found File /opt/in/tiktok_google_play_reviews.csv last modified: 20220405221612
[2023-10-17T11:22:48.831+0000] {base.py:287} INFO - Success criteria met. Exiting.
[2023-10-17T11:22:48.837+0000] {taskinstance.py:1400} INFO - Marking task as SUCCESS. dag_id=copy_tranform_to_mongo, task_id=waiting_for_data, execution_date=20220617T000000, start_date=20231017T112248, end_date=20231017T112248
[2023-10-17T11:22:48.871+0000] {local_task_job_runner.py:228} INFO - Task exited with return code 0
[2023-10-17T11:22:48.888+0000] {taskinstance.py:2778} INFO - 0 downstream tasks scheduled from follow-on schedule check
[2023-10-18T11:47:37.789+0000] {taskinstance.py:1159} INFO - Dependencies all met for dep_context=non-requeueable deps ti=<TaskInstance: copy_tranform_to_mongo.waiting_for_data scheduled__2022-06-17T00:00:00+00:00 [queued]>
[2023-10-18T11:47:37.800+0000] {taskinstance.py:1159} INFO - Dependencies all met for dep_context=requeueable deps ti=<TaskInstance: copy_tranform_to_mongo.waiting_for_data scheduled__2022-06-17T00:00:00+00:00 [queued]>
[2023-10-18T11:47:37.801+0000] {taskinstance.py:1361} INFO - Starting attempt 1 of 1
[2023-10-18T11:47:37.815+0000] {taskinstance.py:1382} INFO - Executing <Task(FileSensor): waiting_for_data> on 2022-06-17 00:00:00+00:00
[2023-10-18T11:47:37.823+0000] {standard_task_runner.py:57} INFO - Started process 2654 to run task
[2023-10-18T11:47:37.826+0000] {standard_task_runner.py:84} INFO - Running: ['***', 'tasks', 'run', 'copy_tranform_to_mongo', 'waiting_for_data', 'scheduled__2022-06-17T00:00:00+00:00', '--job-id', '1028', '--raw', '--subdir', 'DAGS_FOLDER/file_***-mongo.py', '--cfg-path', '/tmp/tmpit2udw1e']
[2023-10-18T11:47:37.827+0000] {standard_task_runner.py:85} INFO - Job 1028: Subtask waiting_for_data
[2023-10-18T11:47:37.874+0000] {task_command.py:416} INFO - Running <TaskInstance: copy_tranform_to_mongo.waiting_for_data scheduled__2022-06-17T00:00:00+00:00 [running]> on host 0e68aa52dfc7
[2023-10-18T11:47:37.952+0000] {taskinstance.py:1662} INFO - Exporting env vars: AIRFLOW_CTX_DAG_OWNER='***' AIRFLOW_CTX_DAG_ID='copy_tranform_to_mongo' AIRFLOW_CTX_TASK_ID='waiting_for_data' AIRFLOW_CTX_EXECUTION_DATE='2022-06-17T00:00:00+00:00' AIRFLOW_CTX_TRY_NUMBER='1' AIRFLOW_CTX_DAG_RUN_ID='scheduled__2022-06-17T00:00:00+00:00'
[2023-10-18T11:47:37.963+0000] {base.py:73} INFO - Using connection ID 'fs_default' for task execution.
[2023-10-18T11:47:37.963+0000] {filesystem.py:64} INFO - Poking for file /opt/in/tiktok_google_play_reviews.csv
[2023-10-18T11:47:37.963+0000] {filesystem.py:69} INFO - Found File /opt/in/tiktok_google_play_reviews.csv last modified: 20220405221612
[2023-10-18T11:47:37.963+0000] {base.py:287} INFO - Success criteria met. Exiting.
[2023-10-18T11:47:37.972+0000] {taskinstance.py:1400} INFO - Marking task as SUCCESS. dag_id=copy_tranform_to_mongo, task_id=waiting_for_data, execution_date=20220617T000000, start_date=20231018T114737, end_date=20231018T114737
[2023-10-18T11:47:38.001+0000] {local_task_job_runner.py:228} INFO - Task exited with return code 0
[2023-10-18T11:47:38.037+0000] {taskinstance.py:2778} INFO - 1 downstream tasks scheduled from follow-on schedule check
