[2023-10-17T11:20:46.255+0000] {taskinstance.py:1159} INFO - Dependencies all met for dep_context=non-requeueable deps ti=<TaskInstance: copy_tranform_to_mongo.waiting_for_data scheduled__2021-11-03T00:00:00+00:00 [queued]>
[2023-10-17T11:20:46.262+0000] {taskinstance.py:1159} INFO - Dependencies all met for dep_context=requeueable deps ti=<TaskInstance: copy_tranform_to_mongo.waiting_for_data scheduled__2021-11-03T00:00:00+00:00 [queued]>
[2023-10-17T11:20:46.263+0000] {taskinstance.py:1361} INFO - Starting attempt 1 of 1
[2023-10-17T11:20:46.271+0000] {taskinstance.py:1382} INFO - Executing <Task(FileSensor): waiting_for_data> on 2021-11-03 00:00:00+00:00
[2023-10-17T11:20:46.276+0000] {standard_task_runner.py:57} INFO - Started process 1061 to run task
[2023-10-17T11:20:46.278+0000] {standard_task_runner.py:84} INFO - Running: ['***', 'tasks', 'run', 'copy_tranform_to_mongo', 'waiting_for_data', 'scheduled__2021-11-03T00:00:00+00:00', '--job-id', '311', '--raw', '--subdir', 'DAGS_FOLDER/file_***-mongo.py', '--cfg-path', '/tmp/tmpd8rc17rp']
[2023-10-17T11:20:46.279+0000] {standard_task_runner.py:85} INFO - Job 311: Subtask waiting_for_data
[2023-10-17T11:20:46.315+0000] {task_command.py:416} INFO - Running <TaskInstance: copy_tranform_to_mongo.waiting_for_data scheduled__2021-11-03T00:00:00+00:00 [running]> on host 238c1d4ff767
[2023-10-17T11:20:46.378+0000] {taskinstance.py:1662} INFO - Exporting env vars: AIRFLOW_CTX_DAG_OWNER='***' AIRFLOW_CTX_DAG_ID='copy_tranform_to_mongo' AIRFLOW_CTX_TASK_ID='waiting_for_data' AIRFLOW_CTX_EXECUTION_DATE='2021-11-03T00:00:00+00:00' AIRFLOW_CTX_TRY_NUMBER='1' AIRFLOW_CTX_DAG_RUN_ID='scheduled__2021-11-03T00:00:00+00:00'
[2023-10-17T11:20:46.386+0000] {base.py:73} INFO - Using connection ID 'fs_default' for task execution.
[2023-10-17T11:20:46.386+0000] {filesystem.py:64} INFO - Poking for file /opt/in/tiktok_google_play_reviews.csv
[2023-10-17T11:20:46.387+0000] {filesystem.py:69} INFO - Found File /opt/in/tiktok_google_play_reviews.csv last modified: 20220405221612
[2023-10-17T11:20:46.387+0000] {base.py:287} INFO - Success criteria met. Exiting.
[2023-10-17T11:20:46.394+0000] {taskinstance.py:1400} INFO - Marking task as SUCCESS. dag_id=copy_tranform_to_mongo, task_id=waiting_for_data, execution_date=20211103T000000, start_date=20231017T112046, end_date=20231017T112046
[2023-10-17T11:20:46.410+0000] {local_task_job_runner.py:228} INFO - Task exited with return code 0
[2023-10-17T11:20:46.423+0000] {taskinstance.py:2778} INFO - 0 downstream tasks scheduled from follow-on schedule check
[2023-10-18T11:45:16.552+0000] {taskinstance.py:1159} INFO - Dependencies all met for dep_context=non-requeueable deps ti=<TaskInstance: copy_tranform_to_mongo.waiting_for_data scheduled__2021-11-03T00:00:00+00:00 [queued]>
[2023-10-18T11:45:16.562+0000] {taskinstance.py:1159} INFO - Dependencies all met for dep_context=requeueable deps ti=<TaskInstance: copy_tranform_to_mongo.waiting_for_data scheduled__2021-11-03T00:00:00+00:00 [queued]>
[2023-10-18T11:45:16.563+0000] {taskinstance.py:1361} INFO - Starting attempt 1 of 1
[2023-10-18T11:45:16.579+0000] {taskinstance.py:1382} INFO - Executing <Task(FileSensor): waiting_for_data> on 2021-11-03 00:00:00+00:00
[2023-10-18T11:45:16.588+0000] {standard_task_runner.py:57} INFO - Started process 1707 to run task
[2023-10-18T11:45:16.591+0000] {standard_task_runner.py:84} INFO - Running: ['***', 'tasks', 'run', 'copy_tranform_to_mongo', 'waiting_for_data', 'scheduled__2021-11-03T00:00:00+00:00', '--job-id', '574', '--raw', '--subdir', 'DAGS_FOLDER/file_***-mongo.py', '--cfg-path', '/tmp/tmpe6cmue02']
[2023-10-18T11:45:16.592+0000] {standard_task_runner.py:85} INFO - Job 574: Subtask waiting_for_data
[2023-10-18T11:45:16.641+0000] {task_command.py:416} INFO - Running <TaskInstance: copy_tranform_to_mongo.waiting_for_data scheduled__2021-11-03T00:00:00+00:00 [running]> on host 0e68aa52dfc7
[2023-10-18T11:45:16.723+0000] {taskinstance.py:1662} INFO - Exporting env vars: AIRFLOW_CTX_DAG_OWNER='***' AIRFLOW_CTX_DAG_ID='copy_tranform_to_mongo' AIRFLOW_CTX_TASK_ID='waiting_for_data' AIRFLOW_CTX_EXECUTION_DATE='2021-11-03T00:00:00+00:00' AIRFLOW_CTX_TRY_NUMBER='1' AIRFLOW_CTX_DAG_RUN_ID='scheduled__2021-11-03T00:00:00+00:00'
[2023-10-18T11:45:16.731+0000] {base.py:73} INFO - Using connection ID 'fs_default' for task execution.
[2023-10-18T11:45:16.732+0000] {filesystem.py:64} INFO - Poking for file /opt/in/tiktok_google_play_reviews.csv
[2023-10-18T11:45:16.733+0000] {filesystem.py:69} INFO - Found File /opt/in/tiktok_google_play_reviews.csv last modified: 20220405221612
[2023-10-18T11:45:16.733+0000] {base.py:287} INFO - Success criteria met. Exiting.
[2023-10-18T11:45:16.748+0000] {taskinstance.py:1400} INFO - Marking task as SUCCESS. dag_id=copy_tranform_to_mongo, task_id=waiting_for_data, execution_date=20211103T000000, start_date=20231018T114516, end_date=20231018T114516
[2023-10-18T11:45:16.803+0000] {local_task_job_runner.py:228} INFO - Task exited with return code 0
[2023-10-18T11:45:16.872+0000] {taskinstance.py:2778} INFO - 0 downstream tasks scheduled from follow-on schedule check
