[2023-10-17T11:19:15.545+0000] {taskinstance.py:1159} INFO - Dependencies all met for dep_context=non-requeueable deps ti=<TaskInstance: copy_tranform_to_mongo.waiting_for_data scheduled__2021-03-26T00:00:00+00:00 [queued]>
[2023-10-17T11:19:15.553+0000] {taskinstance.py:1159} INFO - Dependencies all met for dep_context=requeueable deps ti=<TaskInstance: copy_tranform_to_mongo.waiting_for_data scheduled__2021-03-26T00:00:00+00:00 [queued]>
[2023-10-17T11:19:15.553+0000] {taskinstance.py:1361} INFO - Starting attempt 1 of 1
[2023-10-17T11:19:15.562+0000] {taskinstance.py:1382} INFO - Executing <Task(FileSensor): waiting_for_data> on 2021-03-26 00:00:00+00:00
[2023-10-17T11:19:15.569+0000] {standard_task_runner.py:57} INFO - Started process 601 to run task
[2023-10-17T11:19:15.571+0000] {standard_task_runner.py:84} INFO - Running: ['***', 'tasks', 'run', 'copy_tranform_to_mongo', 'waiting_for_data', 'scheduled__2021-03-26T00:00:00+00:00', '--job-id', '89', '--raw', '--subdir', 'DAGS_FOLDER/file_***-mongo.py', '--cfg-path', '/tmp/tmp_w9o4v5o']
[2023-10-17T11:19:15.571+0000] {standard_task_runner.py:85} INFO - Job 89: Subtask waiting_for_data
[2023-10-17T11:19:15.608+0000] {task_command.py:416} INFO - Running <TaskInstance: copy_tranform_to_mongo.waiting_for_data scheduled__2021-03-26T00:00:00+00:00 [running]> on host 238c1d4ff767
[2023-10-17T11:19:15.670+0000] {taskinstance.py:1662} INFO - Exporting env vars: AIRFLOW_CTX_DAG_OWNER='***' AIRFLOW_CTX_DAG_ID='copy_tranform_to_mongo' AIRFLOW_CTX_TASK_ID='waiting_for_data' AIRFLOW_CTX_EXECUTION_DATE='2021-03-26T00:00:00+00:00' AIRFLOW_CTX_TRY_NUMBER='1' AIRFLOW_CTX_DAG_RUN_ID='scheduled__2021-03-26T00:00:00+00:00'
[2023-10-17T11:19:15.677+0000] {base.py:73} INFO - Using connection ID 'fs_default' for task execution.
[2023-10-17T11:19:15.677+0000] {filesystem.py:64} INFO - Poking for file /opt/in/tiktok_google_play_reviews.csv
[2023-10-17T11:19:15.677+0000] {filesystem.py:69} INFO - Found File /opt/in/tiktok_google_play_reviews.csv last modified: 20220405221612
[2023-10-17T11:19:15.678+0000] {base.py:287} INFO - Success criteria met. Exiting.
[2023-10-17T11:19:15.685+0000] {taskinstance.py:1400} INFO - Marking task as SUCCESS. dag_id=copy_tranform_to_mongo, task_id=waiting_for_data, execution_date=20210326T000000, start_date=20231017T111915, end_date=20231017T111915
[2023-10-17T11:19:15.703+0000] {local_task_job_runner.py:228} INFO - Task exited with return code 0
[2023-10-17T11:19:15.714+0000] {taskinstance.py:2778} INFO - 0 downstream tasks scheduled from follow-on schedule check
[2023-10-18T10:42:45.201+0000] {taskinstance.py:1159} INFO - Dependencies all met for dep_context=non-requeueable deps ti=<TaskInstance: copy_tranform_to_mongo.waiting_for_data scheduled__2021-03-26T00:00:00+00:00 [queued]>
[2023-10-18T10:42:45.210+0000] {taskinstance.py:1159} INFO - Dependencies all met for dep_context=requeueable deps ti=<TaskInstance: copy_tranform_to_mongo.waiting_for_data scheduled__2021-03-26T00:00:00+00:00 [queued]>
[2023-10-18T10:42:45.211+0000] {taskinstance.py:1361} INFO - Starting attempt 1 of 1
[2023-10-18T10:42:45.221+0000] {taskinstance.py:1382} INFO - Executing <Task(FileSensor): waiting_for_data> on 2021-03-26 00:00:00+00:00
[2023-10-18T10:42:45.226+0000] {standard_task_runner.py:57} INFO - Started process 1565 to run task
[2023-10-18T10:42:45.228+0000] {standard_task_runner.py:84} INFO - Running: ['***', 'tasks', 'run', 'copy_tranform_to_mongo', 'waiting_for_data', 'scheduled__2021-03-26T00:00:00+00:00', '--job-id', '88', '--raw', '--subdir', 'DAGS_FOLDER/file_***-mongo.py', '--cfg-path', '/tmp/tmpo5czotuy']
[2023-10-18T10:42:45.230+0000] {standard_task_runner.py:85} INFO - Job 88: Subtask waiting_for_data
[2023-10-18T10:42:45.268+0000] {task_command.py:416} INFO - Running <TaskInstance: copy_tranform_to_mongo.waiting_for_data scheduled__2021-03-26T00:00:00+00:00 [running]> on host 2473b23ba069
[2023-10-18T10:42:45.331+0000] {taskinstance.py:1662} INFO - Exporting env vars: AIRFLOW_CTX_DAG_OWNER='***' AIRFLOW_CTX_DAG_ID='copy_tranform_to_mongo' AIRFLOW_CTX_TASK_ID='waiting_for_data' AIRFLOW_CTX_EXECUTION_DATE='2021-03-26T00:00:00+00:00' AIRFLOW_CTX_TRY_NUMBER='1' AIRFLOW_CTX_DAG_RUN_ID='scheduled__2021-03-26T00:00:00+00:00'
[2023-10-18T10:42:45.344+0000] {taskinstance.py:1937} ERROR - Task failed with exception
Traceback (most recent call last):
  File "/home/airflow/.local/lib/python3.8/site-packages/airflow/sensors/base.py", line 257, in execute
    raise e
  File "/home/airflow/.local/lib/python3.8/site-packages/airflow/sensors/base.py", line 239, in execute
    poke_return = self.poke(context)
  File "/home/airflow/.local/lib/python3.8/site-packages/airflow/sensors/filesystem.py", line 61, in poke
    hook = FSHook(self.fs_conn_id)
  File "/home/airflow/.local/lib/python3.8/site-packages/airflow/hooks/filesystem.py", line 38, in __init__
    conn = self.get_connection(conn_id)
  File "/home/airflow/.local/lib/python3.8/site-packages/airflow/hooks/base.py", line 72, in get_connection
    conn = Connection.get_connection_from_secrets(conn_id)
  File "/home/airflow/.local/lib/python3.8/site-packages/airflow/models/connection.py", line 477, in get_connection_from_secrets
    raise AirflowNotFoundException(f"The conn_id `{conn_id}` isn't defined")
airflow.exceptions.AirflowNotFoundException: The conn_id `fs_default` isn't defined
[2023-10-18T10:42:45.348+0000] {taskinstance.py:1400} INFO - Marking task as FAILED. dag_id=copy_tranform_to_mongo, task_id=waiting_for_data, execution_date=20210326T000000, start_date=20231018T104245, end_date=20231018T104245
[2023-10-18T10:42:45.356+0000] {standard_task_runner.py:104} ERROR - Failed to execute job 88 for task waiting_for_data (The conn_id `fs_default` isn't defined; 1565)
[2023-10-18T10:42:45.400+0000] {local_task_job_runner.py:228} INFO - Task exited with return code 1
[2023-10-18T10:42:45.422+0000] {taskinstance.py:2778} INFO - 0 downstream tasks scheduled from follow-on schedule check
[2023-10-18T11:17:19.384+0000] {taskinstance.py:1159} INFO - Dependencies all met for dep_context=non-requeueable deps ti=<TaskInstance: copy_tranform_to_mongo.waiting_for_data scheduled__2021-03-26T00:00:00+00:00 [queued]>
[2023-10-18T11:17:19.397+0000] {taskinstance.py:1159} INFO - Dependencies all met for dep_context=requeueable deps ti=<TaskInstance: copy_tranform_to_mongo.waiting_for_data scheduled__2021-03-26T00:00:00+00:00 [queued]>
[2023-10-18T11:17:19.397+0000] {taskinstance.py:1361} INFO - Starting attempt 1 of 1
[2023-10-18T11:17:19.413+0000] {taskinstance.py:1382} INFO - Executing <Task(FileSensor): waiting_for_data> on 2021-03-26 00:00:00+00:00
[2023-10-18T11:17:19.445+0000] {standard_task_runner.py:57} INFO - Started process 393 to run task
[2023-10-18T11:17:19.447+0000] {standard_task_runner.py:84} INFO - Running: ['***', 'tasks', 'run', 'copy_tranform_to_mongo', 'waiting_for_data', 'scheduled__2021-03-26T00:00:00+00:00', '--job-id', '131', '--raw', '--subdir', 'DAGS_FOLDER/file_***-mongo.py', '--cfg-path', '/tmp/tmp721uts1f']
[2023-10-18T11:17:19.449+0000] {standard_task_runner.py:85} INFO - Job 131: Subtask waiting_for_data
[2023-10-18T11:17:19.511+0000] {task_command.py:416} INFO - Running <TaskInstance: copy_tranform_to_mongo.waiting_for_data scheduled__2021-03-26T00:00:00+00:00 [running]> on host 0e68aa52dfc7
[2023-10-18T11:17:19.591+0000] {taskinstance.py:1662} INFO - Exporting env vars: AIRFLOW_CTX_DAG_OWNER='***' AIRFLOW_CTX_DAG_ID='copy_tranform_to_mongo' AIRFLOW_CTX_TASK_ID='waiting_for_data' AIRFLOW_CTX_EXECUTION_DATE='2021-03-26T00:00:00+00:00' AIRFLOW_CTX_TRY_NUMBER='1' AIRFLOW_CTX_DAG_RUN_ID='scheduled__2021-03-26T00:00:00+00:00'
[2023-10-18T11:17:19.604+0000] {base.py:73} INFO - Using connection ID 'fs_default' for task execution.
[2023-10-18T11:17:19.604+0000] {filesystem.py:64} INFO - Poking for file /opt/in/tiktok_google_play_reviews.csv
[2023-10-18T11:17:19.604+0000] {filesystem.py:69} INFO - Found File /opt/in/tiktok_google_play_reviews.csv last modified: 20220405221612
[2023-10-18T11:17:19.605+0000] {base.py:287} INFO - Success criteria met. Exiting.
[2023-10-18T11:17:19.620+0000] {taskinstance.py:1400} INFO - Marking task as SUCCESS. dag_id=copy_tranform_to_mongo, task_id=waiting_for_data, execution_date=20210326T000000, start_date=20231018T111719, end_date=20231018T111719
[2023-10-18T11:17:19.665+0000] {local_task_job_runner.py:228} INFO - Task exited with return code 0
[2023-10-18T11:17:19.693+0000] {taskinstance.py:2778} INFO - 1 downstream tasks scheduled from follow-on schedule check
[2023-10-19T12:11:56.540+0000] {taskinstance.py:1159} INFO - Dependencies all met for dep_context=non-requeueable deps ti=<TaskInstance: copy_tranform_to_mongo.waiting_for_data scheduled__2021-03-26T00:00:00+00:00 [queued]>
[2023-10-19T12:11:56.553+0000] {taskinstance.py:1159} INFO - Dependencies all met for dep_context=requeueable deps ti=<TaskInstance: copy_tranform_to_mongo.waiting_for_data scheduled__2021-03-26T00:00:00+00:00 [queued]>
[2023-10-19T12:11:56.553+0000] {taskinstance.py:1361} INFO - Starting attempt 1 of 1
[2023-10-19T12:11:56.569+0000] {taskinstance.py:1382} INFO - Executing <Task(FileSensor): waiting_for_data> on 2021-03-26 00:00:00+00:00
[2023-10-19T12:11:56.576+0000] {standard_task_runner.py:57} INFO - Started process 440 to run task
[2023-10-19T12:11:56.578+0000] {standard_task_runner.py:84} INFO - Running: ['***', 'tasks', 'run', 'copy_tranform_to_mongo', 'waiting_for_data', 'scheduled__2021-03-26T00:00:00+00:00', '--job-id', '127', '--raw', '--subdir', 'DAGS_FOLDER/file_***-mongo.py', '--cfg-path', '/tmp/tmpuf3jjquf']
[2023-10-19T12:11:56.579+0000] {standard_task_runner.py:85} INFO - Job 127: Subtask waiting_for_data
[2023-10-19T12:11:56.620+0000] {task_command.py:416} INFO - Running <TaskInstance: copy_tranform_to_mongo.waiting_for_data scheduled__2021-03-26T00:00:00+00:00 [running]> on host 6f5df7fea6fd
[2023-10-19T12:11:56.684+0000] {taskinstance.py:1662} INFO - Exporting env vars: AIRFLOW_CTX_DAG_OWNER='***' AIRFLOW_CTX_DAG_ID='copy_tranform_to_mongo' AIRFLOW_CTX_TASK_ID='waiting_for_data' AIRFLOW_CTX_EXECUTION_DATE='2021-03-26T00:00:00+00:00' AIRFLOW_CTX_TRY_NUMBER='1' AIRFLOW_CTX_DAG_RUN_ID='scheduled__2021-03-26T00:00:00+00:00'
[2023-10-19T12:11:56.696+0000] {base.py:73} INFO - Using connection ID 'fs_default' for task execution.
[2023-10-19T12:11:56.697+0000] {filesystem.py:64} INFO - Poking for file /opt/in/tiktok_google_play_reviews.csv
[2023-10-19T12:11:56.697+0000] {filesystem.py:69} INFO - Found File /opt/in/tiktok_google_play_reviews.csv last modified: 20220405221612
[2023-10-19T12:11:56.697+0000] {base.py:287} INFO - Success criteria met. Exiting.
[2023-10-19T12:11:56.707+0000] {taskinstance.py:1400} INFO - Marking task as SUCCESS. dag_id=copy_tranform_to_mongo, task_id=waiting_for_data, execution_date=20210326T000000, start_date=20231019T121156, end_date=20231019T121156
[2023-10-19T12:11:56.752+0000] {local_task_job_runner.py:228} INFO - Task exited with return code 0
[2023-10-19T12:11:56.790+0000] {taskinstance.py:2778} INFO - 1 downstream tasks scheduled from follow-on schedule check
