[2023-10-17T11:27:18.944+0000] {taskinstance.py:1159} INFO - Dependencies all met for dep_context=non-requeueable deps ti=<TaskInstance: copy_tranform_to_mongo.waiting_for_data scheduled__2023-09-16T00:00:00+00:00 [queued]>
[2023-10-17T11:27:18.953+0000] {taskinstance.py:1159} INFO - Dependencies all met for dep_context=requeueable deps ti=<TaskInstance: copy_tranform_to_mongo.waiting_for_data scheduled__2023-09-16T00:00:00+00:00 [queued]>
[2023-10-17T11:27:18.954+0000] {taskinstance.py:1361} INFO - Starting attempt 1 of 1
[2023-10-17T11:27:18.969+0000] {taskinstance.py:1382} INFO - Executing <Task(FileSensor): waiting_for_data> on 2023-09-16 00:00:00+00:00
[2023-10-17T11:27:18.977+0000] {standard_task_runner.py:57} INFO - Started process 2530 to run task
[2023-10-17T11:27:18.979+0000] {standard_task_runner.py:84} INFO - Running: ['***', 'tasks', 'run', 'copy_tranform_to_mongo', 'waiting_for_data', 'scheduled__2023-09-16T00:00:00+00:00', '--job-id', '993', '--raw', '--subdir', 'DAGS_FOLDER/file_***-mongo.py', '--cfg-path', '/tmp/tmp7jsz4j7j']
[2023-10-17T11:27:18.980+0000] {standard_task_runner.py:85} INFO - Job 993: Subtask waiting_for_data
[2023-10-17T11:27:19.030+0000] {task_command.py:416} INFO - Running <TaskInstance: copy_tranform_to_mongo.waiting_for_data scheduled__2023-09-16T00:00:00+00:00 [running]> on host 238c1d4ff767
[2023-10-17T11:27:19.106+0000] {taskinstance.py:1662} INFO - Exporting env vars: AIRFLOW_CTX_DAG_OWNER='***' AIRFLOW_CTX_DAG_ID='copy_tranform_to_mongo' AIRFLOW_CTX_TASK_ID='waiting_for_data' AIRFLOW_CTX_EXECUTION_DATE='2023-09-16T00:00:00+00:00' AIRFLOW_CTX_TRY_NUMBER='1' AIRFLOW_CTX_DAG_RUN_ID='scheduled__2023-09-16T00:00:00+00:00'
[2023-10-17T11:27:19.113+0000] {base.py:73} INFO - Using connection ID 'fs_default' for task execution.
[2023-10-17T11:27:19.114+0000] {filesystem.py:64} INFO - Poking for file /opt/in/tiktok_google_play_reviews.csv
[2023-10-17T11:27:19.114+0000] {filesystem.py:69} INFO - Found File /opt/in/tiktok_google_play_reviews.csv last modified: 20220405221612
[2023-10-17T11:27:19.114+0000] {base.py:287} INFO - Success criteria met. Exiting.
[2023-10-17T11:27:19.122+0000] {taskinstance.py:1400} INFO - Marking task as SUCCESS. dag_id=copy_tranform_to_mongo, task_id=waiting_for_data, execution_date=20230916T000000, start_date=20231017T112718, end_date=20231017T112719
[2023-10-17T11:27:19.153+0000] {local_task_job_runner.py:228} INFO - Task exited with return code 0
[2023-10-17T11:27:19.167+0000] {taskinstance.py:2778} INFO - 0 downstream tasks scheduled from follow-on schedule check
[2023-10-18T11:52:31.634+0000] {taskinstance.py:1159} INFO - Dependencies all met for dep_context=non-requeueable deps ti=<TaskInstance: copy_tranform_to_mongo.waiting_for_data scheduled__2023-09-16T00:00:00+00:00 [queued]>
[2023-10-18T11:52:31.659+0000] {taskinstance.py:1159} INFO - Dependencies all met for dep_context=requeueable deps ti=<TaskInstance: copy_tranform_to_mongo.waiting_for_data scheduled__2023-09-16T00:00:00+00:00 [queued]>
[2023-10-18T11:52:31.659+0000] {taskinstance.py:1361} INFO - Starting attempt 1 of 1
[2023-10-18T11:52:31.683+0000] {taskinstance.py:1382} INFO - Executing <Task(FileSensor): waiting_for_data> on 2023-09-16 00:00:00+00:00
[2023-10-18T11:52:31.712+0000] {standard_task_runner.py:57} INFO - Started process 4549 to run task
[2023-10-18T11:52:31.715+0000] {standard_task_runner.py:84} INFO - Running: ['***', 'tasks', 'run', 'copy_tranform_to_mongo', 'waiting_for_data', 'scheduled__2023-09-16T00:00:00+00:00', '--job-id', '1939', '--raw', '--subdir', 'DAGS_FOLDER/file_***-mongo.py', '--cfg-path', '/tmp/tmpl_6zjnl3']
[2023-10-18T11:52:31.716+0000] {standard_task_runner.py:85} INFO - Job 1939: Subtask waiting_for_data
[2023-10-18T11:52:31.841+0000] {task_command.py:416} INFO - Running <TaskInstance: copy_tranform_to_mongo.waiting_for_data scheduled__2023-09-16T00:00:00+00:00 [running]> on host 0e68aa52dfc7
[2023-10-18T11:52:32.002+0000] {taskinstance.py:1662} INFO - Exporting env vars: AIRFLOW_CTX_DAG_OWNER='***' AIRFLOW_CTX_DAG_ID='copy_tranform_to_mongo' AIRFLOW_CTX_TASK_ID='waiting_for_data' AIRFLOW_CTX_EXECUTION_DATE='2023-09-16T00:00:00+00:00' AIRFLOW_CTX_TRY_NUMBER='1' AIRFLOW_CTX_DAG_RUN_ID='scheduled__2023-09-16T00:00:00+00:00'
[2023-10-18T11:52:32.021+0000] {base.py:73} INFO - Using connection ID 'fs_default' for task execution.
[2023-10-18T11:52:32.021+0000] {filesystem.py:64} INFO - Poking for file /opt/in/tiktok_google_play_reviews.csv
[2023-10-18T11:52:32.022+0000] {filesystem.py:69} INFO - Found File /opt/in/tiktok_google_play_reviews.csv last modified: 20220405221612
[2023-10-18T11:52:32.022+0000] {base.py:287} INFO - Success criteria met. Exiting.
[2023-10-18T11:52:32.035+0000] {taskinstance.py:1400} INFO - Marking task as SUCCESS. dag_id=copy_tranform_to_mongo, task_id=waiting_for_data, execution_date=20230916T000000, start_date=20231018T115231, end_date=20231018T115232
[2023-10-18T11:52:32.101+0000] {local_task_job_runner.py:228} INFO - Task exited with return code 0
[2023-10-18T11:52:32.145+0000] {taskinstance.py:2778} INFO - 1 downstream tasks scheduled from follow-on schedule check
