[2023-10-17T11:26:45.812+0000] {taskinstance.py:1159} INFO - Dependencies all met for dep_context=non-requeueable deps ti=<TaskInstance: copy_tranform_to_mongo.waiting_for_data scheduled__2023-07-18T00:00:00+00:00 [queued]>
[2023-10-17T11:26:45.822+0000] {taskinstance.py:1159} INFO - Dependencies all met for dep_context=requeueable deps ti=<TaskInstance: copy_tranform_to_mongo.waiting_for_data scheduled__2023-07-18T00:00:00+00:00 [queued]>
[2023-10-17T11:26:45.822+0000] {taskinstance.py:1361} INFO - Starting attempt 1 of 1
[2023-10-17T11:26:45.837+0000] {taskinstance.py:1382} INFO - Executing <Task(FileSensor): waiting_for_data> on 2023-07-18 00:00:00+00:00
[2023-10-17T11:26:45.844+0000] {standard_task_runner.py:57} INFO - Started process 2403 to run task
[2023-10-17T11:26:45.850+0000] {standard_task_runner.py:84} INFO - Running: ['***', 'tasks', 'run', 'copy_tranform_to_mongo', 'waiting_for_data', 'scheduled__2023-07-18T00:00:00+00:00', '--job-id', '933', '--raw', '--subdir', 'DAGS_FOLDER/file_***-mongo.py', '--cfg-path', '/tmp/tmpbmiv91x6']
[2023-10-17T11:26:45.852+0000] {standard_task_runner.py:85} INFO - Job 933: Subtask waiting_for_data
[2023-10-17T11:26:45.897+0000] {task_command.py:416} INFO - Running <TaskInstance: copy_tranform_to_mongo.waiting_for_data scheduled__2023-07-18T00:00:00+00:00 [running]> on host 238c1d4ff767
[2023-10-17T11:26:45.974+0000] {taskinstance.py:1662} INFO - Exporting env vars: AIRFLOW_CTX_DAG_OWNER='***' AIRFLOW_CTX_DAG_ID='copy_tranform_to_mongo' AIRFLOW_CTX_TASK_ID='waiting_for_data' AIRFLOW_CTX_EXECUTION_DATE='2023-07-18T00:00:00+00:00' AIRFLOW_CTX_TRY_NUMBER='1' AIRFLOW_CTX_DAG_RUN_ID='scheduled__2023-07-18T00:00:00+00:00'
[2023-10-17T11:26:45.986+0000] {base.py:73} INFO - Using connection ID 'fs_default' for task execution.
[2023-10-17T11:26:45.986+0000] {filesystem.py:64} INFO - Poking for file /opt/in/tiktok_google_play_reviews.csv
[2023-10-17T11:26:45.986+0000] {filesystem.py:69} INFO - Found File /opt/in/tiktok_google_play_reviews.csv last modified: 20220405221612
[2023-10-17T11:26:45.986+0000] {base.py:287} INFO - Success criteria met. Exiting.
[2023-10-17T11:26:45.997+0000] {taskinstance.py:1400} INFO - Marking task as SUCCESS. dag_id=copy_tranform_to_mongo, task_id=waiting_for_data, execution_date=20230718T000000, start_date=20231017T112645, end_date=20231017T112645
[2023-10-17T11:26:46.020+0000] {local_task_job_runner.py:228} INFO - Task exited with return code 0
[2023-10-17T11:26:46.036+0000] {taskinstance.py:2778} INFO - 0 downstream tasks scheduled from follow-on schedule check
[2023-10-18T11:51:57.742+0000] {taskinstance.py:1159} INFO - Dependencies all met for dep_context=non-requeueable deps ti=<TaskInstance: copy_tranform_to_mongo.waiting_for_data scheduled__2023-07-18T00:00:00+00:00 [queued]>
[2023-10-18T11:51:57.756+0000] {taskinstance.py:1159} INFO - Dependencies all met for dep_context=requeueable deps ti=<TaskInstance: copy_tranform_to_mongo.waiting_for_data scheduled__2023-07-18T00:00:00+00:00 [queued]>
[2023-10-18T11:51:57.757+0000] {taskinstance.py:1361} INFO - Starting attempt 1 of 1
[2023-10-18T11:51:57.774+0000] {taskinstance.py:1382} INFO - Executing <Task(FileSensor): waiting_for_data> on 2023-07-18 00:00:00+00:00
[2023-10-18T11:51:57.785+0000] {standard_task_runner.py:57} INFO - Started process 4300 to run task
[2023-10-18T11:51:57.790+0000] {standard_task_runner.py:84} INFO - Running: ['***', 'tasks', 'run', 'copy_tranform_to_mongo', 'waiting_for_data', 'scheduled__2023-07-18T00:00:00+00:00', '--job-id', '1819', '--raw', '--subdir', 'DAGS_FOLDER/file_***-mongo.py', '--cfg-path', '/tmp/tmpysxn2ec7']
[2023-10-18T11:51:57.792+0000] {standard_task_runner.py:85} INFO - Job 1819: Subtask waiting_for_data
[2023-10-18T11:51:57.859+0000] {task_command.py:416} INFO - Running <TaskInstance: copy_tranform_to_mongo.waiting_for_data scheduled__2023-07-18T00:00:00+00:00 [running]> on host 0e68aa52dfc7
[2023-10-18T11:51:57.949+0000] {taskinstance.py:1662} INFO - Exporting env vars: AIRFLOW_CTX_DAG_OWNER='***' AIRFLOW_CTX_DAG_ID='copy_tranform_to_mongo' AIRFLOW_CTX_TASK_ID='waiting_for_data' AIRFLOW_CTX_EXECUTION_DATE='2023-07-18T00:00:00+00:00' AIRFLOW_CTX_TRY_NUMBER='1' AIRFLOW_CTX_DAG_RUN_ID='scheduled__2023-07-18T00:00:00+00:00'
[2023-10-18T11:51:57.962+0000] {base.py:73} INFO - Using connection ID 'fs_default' for task execution.
[2023-10-18T11:51:57.963+0000] {filesystem.py:64} INFO - Poking for file /opt/in/tiktok_google_play_reviews.csv
[2023-10-18T11:51:57.964+0000] {filesystem.py:69} INFO - Found File /opt/in/tiktok_google_play_reviews.csv last modified: 20220405221612
[2023-10-18T11:51:57.964+0000] {base.py:287} INFO - Success criteria met. Exiting.
[2023-10-18T11:51:57.982+0000] {taskinstance.py:1400} INFO - Marking task as SUCCESS. dag_id=copy_tranform_to_mongo, task_id=waiting_for_data, execution_date=20230718T000000, start_date=20231018T115157, end_date=20231018T115157
[2023-10-18T11:51:58.012+0000] {local_task_job_runner.py:228} INFO - Task exited with return code 0
[2023-10-18T11:51:58.044+0000] {taskinstance.py:2778} INFO - 1 downstream tasks scheduled from follow-on schedule check
