[2023-10-17T11:21:23.401+0000] {taskinstance.py:1159} INFO - Dependencies all met for dep_context=non-requeueable deps ti=<TaskInstance: copy_tranform_to_mongo.waiting_for_data scheduled__2021-12-09T00:00:00+00:00 [queued]>
[2023-10-17T11:21:23.407+0000] {taskinstance.py:1159} INFO - Dependencies all met for dep_context=requeueable deps ti=<TaskInstance: copy_tranform_to_mongo.waiting_for_data scheduled__2021-12-09T00:00:00+00:00 [queued]>
[2023-10-17T11:21:23.408+0000] {taskinstance.py:1361} INFO - Starting attempt 1 of 1
[2023-10-17T11:21:23.424+0000] {taskinstance.py:1382} INFO - Executing <Task(FileSensor): waiting_for_data> on 2021-12-09 00:00:00+00:00
[2023-10-17T11:21:23.430+0000] {standard_task_runner.py:57} INFO - Started process 1149 to run task
[2023-10-17T11:21:23.432+0000] {standard_task_runner.py:84} INFO - Running: ['***', 'tasks', 'run', 'copy_tranform_to_mongo', 'waiting_for_data', 'scheduled__2021-12-09T00:00:00+00:00', '--job-id', '347', '--raw', '--subdir', 'DAGS_FOLDER/file_***-mongo.py', '--cfg-path', '/tmp/tmpasollj8l']
[2023-10-17T11:21:23.433+0000] {standard_task_runner.py:85} INFO - Job 347: Subtask waiting_for_data
[2023-10-17T11:21:23.474+0000] {task_command.py:416} INFO - Running <TaskInstance: copy_tranform_to_mongo.waiting_for_data scheduled__2021-12-09T00:00:00+00:00 [running]> on host 238c1d4ff767
[2023-10-17T11:21:23.530+0000] {taskinstance.py:1662} INFO - Exporting env vars: AIRFLOW_CTX_DAG_OWNER='***' AIRFLOW_CTX_DAG_ID='copy_tranform_to_mongo' AIRFLOW_CTX_TASK_ID='waiting_for_data' AIRFLOW_CTX_EXECUTION_DATE='2021-12-09T00:00:00+00:00' AIRFLOW_CTX_TRY_NUMBER='1' AIRFLOW_CTX_DAG_RUN_ID='scheduled__2021-12-09T00:00:00+00:00'
[2023-10-17T11:21:23.536+0000] {base.py:73} INFO - Using connection ID 'fs_default' for task execution.
[2023-10-17T11:21:23.536+0000] {filesystem.py:64} INFO - Poking for file /opt/in/tiktok_google_play_reviews.csv
[2023-10-17T11:21:23.536+0000] {filesystem.py:69} INFO - Found File /opt/in/tiktok_google_play_reviews.csv last modified: 20220405221612
[2023-10-17T11:21:23.536+0000] {base.py:287} INFO - Success criteria met. Exiting.
[2023-10-17T11:21:23.542+0000] {taskinstance.py:1400} INFO - Marking task as SUCCESS. dag_id=copy_tranform_to_mongo, task_id=waiting_for_data, execution_date=20211209T000000, start_date=20231017T112123, end_date=20231017T112123
[2023-10-17T11:21:23.564+0000] {local_task_job_runner.py:228} INFO - Task exited with return code 0
[2023-10-17T11:21:23.581+0000] {taskinstance.py:2778} INFO - 0 downstream tasks scheduled from follow-on schedule check
[2023-10-18T11:45:40.261+0000] {taskinstance.py:1159} INFO - Dependencies all met for dep_context=non-requeueable deps ti=<TaskInstance: copy_tranform_to_mongo.waiting_for_data scheduled__2021-12-09T00:00:00+00:00 [queued]>
[2023-10-18T11:45:40.270+0000] {taskinstance.py:1159} INFO - Dependencies all met for dep_context=requeueable deps ti=<TaskInstance: copy_tranform_to_mongo.waiting_for_data scheduled__2021-12-09T00:00:00+00:00 [queued]>
[2023-10-18T11:45:40.271+0000] {taskinstance.py:1361} INFO - Starting attempt 1 of 1
[2023-10-18T11:45:40.285+0000] {taskinstance.py:1382} INFO - Executing <Task(FileSensor): waiting_for_data> on 2021-12-09 00:00:00+00:00
[2023-10-18T11:45:40.291+0000] {standard_task_runner.py:57} INFO - Started process 1865 to run task
[2023-10-18T11:45:40.293+0000] {standard_task_runner.py:84} INFO - Running: ['***', 'tasks', 'run', 'copy_tranform_to_mongo', 'waiting_for_data', 'scheduled__2021-12-09T00:00:00+00:00', '--job-id', '649', '--raw', '--subdir', 'DAGS_FOLDER/file_***-mongo.py', '--cfg-path', '/tmp/tmp40a9rvyd']
[2023-10-18T11:45:40.294+0000] {standard_task_runner.py:85} INFO - Job 649: Subtask waiting_for_data
[2023-10-18T11:45:40.334+0000] {task_command.py:416} INFO - Running <TaskInstance: copy_tranform_to_mongo.waiting_for_data scheduled__2021-12-09T00:00:00+00:00 [running]> on host 0e68aa52dfc7
[2023-10-18T11:45:40.412+0000] {taskinstance.py:1662} INFO - Exporting env vars: AIRFLOW_CTX_DAG_OWNER='***' AIRFLOW_CTX_DAG_ID='copy_tranform_to_mongo' AIRFLOW_CTX_TASK_ID='waiting_for_data' AIRFLOW_CTX_EXECUTION_DATE='2021-12-09T00:00:00+00:00' AIRFLOW_CTX_TRY_NUMBER='1' AIRFLOW_CTX_DAG_RUN_ID='scheduled__2021-12-09T00:00:00+00:00'
[2023-10-18T11:45:40.425+0000] {base.py:73} INFO - Using connection ID 'fs_default' for task execution.
[2023-10-18T11:45:40.425+0000] {filesystem.py:64} INFO - Poking for file /opt/in/tiktok_google_play_reviews.csv
[2023-10-18T11:45:40.425+0000] {filesystem.py:69} INFO - Found File /opt/in/tiktok_google_play_reviews.csv last modified: 20220405221612
[2023-10-18T11:45:40.426+0000] {base.py:287} INFO - Success criteria met. Exiting.
[2023-10-18T11:45:40.437+0000] {taskinstance.py:1400} INFO - Marking task as SUCCESS. dag_id=copy_tranform_to_mongo, task_id=waiting_for_data, execution_date=20211209T000000, start_date=20231018T114540, end_date=20231018T114540
[2023-10-18T11:45:40.467+0000] {local_task_job_runner.py:228} INFO - Task exited with return code 0
[2023-10-18T11:45:40.503+0000] {taskinstance.py:2778} INFO - 1 downstream tasks scheduled from follow-on schedule check
