[2023-10-17T11:19:10.142+0000] {taskinstance.py:1159} INFO - Dependencies all met for dep_context=non-requeueable deps ti=<TaskInstance: copy_tranform_to_mongo.waiting_for_data scheduled__2021-03-10T00:00:00+00:00 [queued]>
[2023-10-17T11:19:10.153+0000] {taskinstance.py:1159} INFO - Dependencies all met for dep_context=requeueable deps ti=<TaskInstance: copy_tranform_to_mongo.waiting_for_data scheduled__2021-03-10T00:00:00+00:00 [queued]>
[2023-10-17T11:19:10.153+0000] {taskinstance.py:1361} INFO - Starting attempt 1 of 1
[2023-10-17T11:19:10.206+0000] {taskinstance.py:1382} INFO - Executing <Task(FileSensor): waiting_for_data> on 2021-03-10 00:00:00+00:00
[2023-10-17T11:19:10.212+0000] {standard_task_runner.py:57} INFO - Started process 563 to run task
[2023-10-17T11:19:10.216+0000] {standard_task_runner.py:84} INFO - Running: ['***', 'tasks', 'run', 'copy_tranform_to_mongo', 'waiting_for_data', 'scheduled__2021-03-10T00:00:00+00:00', '--job-id', '73', '--raw', '--subdir', 'DAGS_FOLDER/file_***-mongo.py', '--cfg-path', '/tmp/tmphclphcom']
[2023-10-17T11:19:10.217+0000] {standard_task_runner.py:85} INFO - Job 73: Subtask waiting_for_data
[2023-10-17T11:19:10.257+0000] {task_command.py:416} INFO - Running <TaskInstance: copy_tranform_to_mongo.waiting_for_data scheduled__2021-03-10T00:00:00+00:00 [running]> on host 238c1d4ff767
[2023-10-17T11:19:10.328+0000] {taskinstance.py:1662} INFO - Exporting env vars: AIRFLOW_CTX_DAG_OWNER='***' AIRFLOW_CTX_DAG_ID='copy_tranform_to_mongo' AIRFLOW_CTX_TASK_ID='waiting_for_data' AIRFLOW_CTX_EXECUTION_DATE='2021-03-10T00:00:00+00:00' AIRFLOW_CTX_TRY_NUMBER='1' AIRFLOW_CTX_DAG_RUN_ID='scheduled__2021-03-10T00:00:00+00:00'
[2023-10-17T11:19:10.336+0000] {base.py:73} INFO - Using connection ID 'fs_default' for task execution.
[2023-10-17T11:19:10.337+0000] {filesystem.py:64} INFO - Poking for file /opt/in/tiktok_google_play_reviews.csv
[2023-10-17T11:19:10.337+0000] {filesystem.py:69} INFO - Found File /opt/in/tiktok_google_play_reviews.csv last modified: 20220405221612
[2023-10-17T11:19:10.337+0000] {base.py:287} INFO - Success criteria met. Exiting.
[2023-10-17T11:19:10.343+0000] {taskinstance.py:1400} INFO - Marking task as SUCCESS. dag_id=copy_tranform_to_mongo, task_id=waiting_for_data, execution_date=20210310T000000, start_date=20231017T111910, end_date=20231017T111910
[2023-10-17T11:19:10.387+0000] {local_task_job_runner.py:228} INFO - Task exited with return code 0
[2023-10-17T11:19:10.401+0000] {taskinstance.py:2778} INFO - 0 downstream tasks scheduled from follow-on schedule check
[2023-10-18T10:42:38.566+0000] {taskinstance.py:1159} INFO - Dependencies all met for dep_context=non-requeueable deps ti=<TaskInstance: copy_tranform_to_mongo.waiting_for_data scheduled__2021-03-10T00:00:00+00:00 [queued]>
[2023-10-18T10:42:38.578+0000] {taskinstance.py:1159} INFO - Dependencies all met for dep_context=requeueable deps ti=<TaskInstance: copy_tranform_to_mongo.waiting_for_data scheduled__2021-03-10T00:00:00+00:00 [queued]>
[2023-10-18T10:42:38.578+0000] {taskinstance.py:1361} INFO - Starting attempt 1 of 1
[2023-10-18T10:42:38.624+0000] {taskinstance.py:1382} INFO - Executing <Task(FileSensor): waiting_for_data> on 2021-03-10 00:00:00+00:00
[2023-10-18T10:42:38.631+0000] {standard_task_runner.py:57} INFO - Started process 1526 to run task
[2023-10-18T10:42:38.634+0000] {standard_task_runner.py:84} INFO - Running: ['***', 'tasks', 'run', 'copy_tranform_to_mongo', 'waiting_for_data', 'scheduled__2021-03-10T00:00:00+00:00', '--job-id', '72', '--raw', '--subdir', 'DAGS_FOLDER/file_***-mongo.py', '--cfg-path', '/tmp/tmprz3dp9ur']
[2023-10-18T10:42:38.635+0000] {standard_task_runner.py:85} INFO - Job 72: Subtask waiting_for_data
[2023-10-18T10:42:38.687+0000] {task_command.py:416} INFO - Running <TaskInstance: copy_tranform_to_mongo.waiting_for_data scheduled__2021-03-10T00:00:00+00:00 [running]> on host 2473b23ba069
[2023-10-18T10:42:38.766+0000] {taskinstance.py:1662} INFO - Exporting env vars: AIRFLOW_CTX_DAG_OWNER='***' AIRFLOW_CTX_DAG_ID='copy_tranform_to_mongo' AIRFLOW_CTX_TASK_ID='waiting_for_data' AIRFLOW_CTX_EXECUTION_DATE='2021-03-10T00:00:00+00:00' AIRFLOW_CTX_TRY_NUMBER='1' AIRFLOW_CTX_DAG_RUN_ID='scheduled__2021-03-10T00:00:00+00:00'
[2023-10-18T10:42:38.781+0000] {taskinstance.py:1937} ERROR - Task failed with exception
Traceback (most recent call last):
  File "/home/airflow/.local/lib/python3.8/site-packages/airflow/sensors/base.py", line 257, in execute
    raise e
  File "/home/airflow/.local/lib/python3.8/site-packages/airflow/sensors/base.py", line 239, in execute
    poke_return = self.poke(context)
  File "/home/airflow/.local/lib/python3.8/site-packages/airflow/sensors/filesystem.py", line 61, in poke
    hook = FSHook(self.fs_conn_id)
  File "/home/airflow/.local/lib/python3.8/site-packages/airflow/hooks/filesystem.py", line 38, in __init__
    conn = self.get_connection(conn_id)
  File "/home/airflow/.local/lib/python3.8/site-packages/airflow/hooks/base.py", line 72, in get_connection
    conn = Connection.get_connection_from_secrets(conn_id)
  File "/home/airflow/.local/lib/python3.8/site-packages/airflow/models/connection.py", line 477, in get_connection_from_secrets
    raise AirflowNotFoundException(f"The conn_id `{conn_id}` isn't defined")
airflow.exceptions.AirflowNotFoundException: The conn_id `fs_default` isn't defined
[2023-10-18T10:42:38.783+0000] {taskinstance.py:1400} INFO - Marking task as FAILED. dag_id=copy_tranform_to_mongo, task_id=waiting_for_data, execution_date=20210310T000000, start_date=20231018T104238, end_date=20231018T104238
[2023-10-18T10:42:38.793+0000] {standard_task_runner.py:104} ERROR - Failed to execute job 72 for task waiting_for_data (The conn_id `fs_default` isn't defined; 1526)
[2023-10-18T10:42:38.806+0000] {local_task_job_runner.py:228} INFO - Task exited with return code 1
[2023-10-18T10:42:38.831+0000] {taskinstance.py:2778} INFO - 0 downstream tasks scheduled from follow-on schedule check
[2023-10-18T11:17:10.346+0000] {taskinstance.py:1159} INFO - Dependencies all met for dep_context=non-requeueable deps ti=<TaskInstance: copy_tranform_to_mongo.waiting_for_data scheduled__2021-03-10T00:00:00+00:00 [queued]>
[2023-10-18T11:17:10.355+0000] {taskinstance.py:1159} INFO - Dependencies all met for dep_context=requeueable deps ti=<TaskInstance: copy_tranform_to_mongo.waiting_for_data scheduled__2021-03-10T00:00:00+00:00 [queued]>
[2023-10-18T11:17:10.356+0000] {taskinstance.py:1361} INFO - Starting attempt 1 of 1
[2023-10-18T11:17:10.371+0000] {taskinstance.py:1382} INFO - Executing <Task(FileSensor): waiting_for_data> on 2021-03-10 00:00:00+00:00
[2023-10-18T11:17:10.378+0000] {standard_task_runner.py:57} INFO - Started process 329 to run task
[2023-10-18T11:17:10.381+0000] {standard_task_runner.py:84} INFO - Running: ['***', 'tasks', 'run', 'copy_tranform_to_mongo', 'waiting_for_data', 'scheduled__2021-03-10T00:00:00+00:00', '--job-id', '99', '--raw', '--subdir', 'DAGS_FOLDER/file_***-mongo.py', '--cfg-path', '/tmp/tmpa6g7s4ie']
[2023-10-18T11:17:10.382+0000] {standard_task_runner.py:85} INFO - Job 99: Subtask waiting_for_data
[2023-10-18T11:17:10.431+0000] {task_command.py:416} INFO - Running <TaskInstance: copy_tranform_to_mongo.waiting_for_data scheduled__2021-03-10T00:00:00+00:00 [running]> on host 0e68aa52dfc7
[2023-10-18T11:17:10.506+0000] {taskinstance.py:1662} INFO - Exporting env vars: AIRFLOW_CTX_DAG_OWNER='***' AIRFLOW_CTX_DAG_ID='copy_tranform_to_mongo' AIRFLOW_CTX_TASK_ID='waiting_for_data' AIRFLOW_CTX_EXECUTION_DATE='2021-03-10T00:00:00+00:00' AIRFLOW_CTX_TRY_NUMBER='1' AIRFLOW_CTX_DAG_RUN_ID='scheduled__2021-03-10T00:00:00+00:00'
[2023-10-18T11:17:10.518+0000] {base.py:73} INFO - Using connection ID 'fs_default' for task execution.
[2023-10-18T11:17:10.518+0000] {filesystem.py:64} INFO - Poking for file /opt/in/tiktok_google_play_reviews.csv
[2023-10-18T11:17:10.519+0000] {filesystem.py:69} INFO - Found File /opt/in/tiktok_google_play_reviews.csv last modified: 20220405221612
[2023-10-18T11:17:10.519+0000] {base.py:287} INFO - Success criteria met. Exiting.
[2023-10-18T11:17:10.531+0000] {taskinstance.py:1400} INFO - Marking task as SUCCESS. dag_id=copy_tranform_to_mongo, task_id=waiting_for_data, execution_date=20210310T000000, start_date=20231018T111710, end_date=20231018T111710
[2023-10-18T11:17:10.558+0000] {local_task_job_runner.py:228} INFO - Task exited with return code 0
[2023-10-18T11:17:10.589+0000] {taskinstance.py:2778} INFO - 1 downstream tasks scheduled from follow-on schedule check
[2023-10-19T12:11:46.279+0000] {taskinstance.py:1159} INFO - Dependencies all met for dep_context=non-requeueable deps ti=<TaskInstance: copy_tranform_to_mongo.waiting_for_data scheduled__2021-03-10T00:00:00+00:00 [queued]>
[2023-10-19T12:11:46.287+0000] {taskinstance.py:1159} INFO - Dependencies all met for dep_context=requeueable deps ti=<TaskInstance: copy_tranform_to_mongo.waiting_for_data scheduled__2021-03-10T00:00:00+00:00 [queued]>
[2023-10-19T12:11:46.287+0000] {taskinstance.py:1361} INFO - Starting attempt 1 of 1
[2023-10-19T12:11:46.302+0000] {taskinstance.py:1382} INFO - Executing <Task(FileSensor): waiting_for_data> on 2021-03-10 00:00:00+00:00
[2023-10-19T12:11:46.307+0000] {standard_task_runner.py:57} INFO - Started process 378 to run task
[2023-10-19T12:11:46.310+0000] {standard_task_runner.py:84} INFO - Running: ['***', 'tasks', 'run', 'copy_tranform_to_mongo', 'waiting_for_data', 'scheduled__2021-03-10T00:00:00+00:00', '--job-id', '97', '--raw', '--subdir', 'DAGS_FOLDER/file_***-mongo.py', '--cfg-path', '/tmp/tmpql7fnza7']
[2023-10-19T12:11:46.311+0000] {standard_task_runner.py:85} INFO - Job 97: Subtask waiting_for_data
[2023-10-19T12:11:46.352+0000] {task_command.py:416} INFO - Running <TaskInstance: copy_tranform_to_mongo.waiting_for_data scheduled__2021-03-10T00:00:00+00:00 [running]> on host 6f5df7fea6fd
[2023-10-19T12:11:46.408+0000] {taskinstance.py:1662} INFO - Exporting env vars: AIRFLOW_CTX_DAG_OWNER='***' AIRFLOW_CTX_DAG_ID='copy_tranform_to_mongo' AIRFLOW_CTX_TASK_ID='waiting_for_data' AIRFLOW_CTX_EXECUTION_DATE='2021-03-10T00:00:00+00:00' AIRFLOW_CTX_TRY_NUMBER='1' AIRFLOW_CTX_DAG_RUN_ID='scheduled__2021-03-10T00:00:00+00:00'
[2023-10-19T12:11:46.415+0000] {base.py:73} INFO - Using connection ID 'fs_default' for task execution.
[2023-10-19T12:11:46.415+0000] {filesystem.py:64} INFO - Poking for file /opt/in/tiktok_google_play_reviews.csv
[2023-10-19T12:11:46.416+0000] {filesystem.py:69} INFO - Found File /opt/in/tiktok_google_play_reviews.csv last modified: 20220405221612
[2023-10-19T12:11:46.416+0000] {base.py:287} INFO - Success criteria met. Exiting.
[2023-10-19T12:11:46.423+0000] {taskinstance.py:1400} INFO - Marking task as SUCCESS. dag_id=copy_tranform_to_mongo, task_id=waiting_for_data, execution_date=20210310T000000, start_date=20231019T121146, end_date=20231019T121146
[2023-10-19T12:11:46.441+0000] {local_task_job_runner.py:228} INFO - Task exited with return code 0
[2023-10-19T12:11:46.469+0000] {taskinstance.py:2778} INFO - 1 downstream tasks scheduled from follow-on schedule check
