[2023-10-17T11:21:19.336+0000] {taskinstance.py:1159} INFO - Dependencies all met for dep_context=non-requeueable deps ti=<TaskInstance: copy_tranform_to_mongo.waiting_for_data scheduled__2021-12-05T00:00:00+00:00 [queued]>
[2023-10-17T11:21:19.342+0000] {taskinstance.py:1159} INFO - Dependencies all met for dep_context=requeueable deps ti=<TaskInstance: copy_tranform_to_mongo.waiting_for_data scheduled__2021-12-05T00:00:00+00:00 [queued]>
[2023-10-17T11:21:19.342+0000] {taskinstance.py:1361} INFO - Starting attempt 1 of 1
[2023-10-17T11:21:19.350+0000] {taskinstance.py:1382} INFO - Executing <Task(FileSensor): waiting_for_data> on 2021-12-05 00:00:00+00:00
[2023-10-17T11:21:19.355+0000] {standard_task_runner.py:57} INFO - Started process 1133 to run task
[2023-10-17T11:21:19.357+0000] {standard_task_runner.py:84} INFO - Running: ['***', 'tasks', 'run', 'copy_tranform_to_mongo', 'waiting_for_data', 'scheduled__2021-12-05T00:00:00+00:00', '--job-id', '343', '--raw', '--subdir', 'DAGS_FOLDER/file_***-mongo.py', '--cfg-path', '/tmp/tmp5rquuyzl']
[2023-10-17T11:21:19.358+0000] {standard_task_runner.py:85} INFO - Job 343: Subtask waiting_for_data
[2023-10-17T11:21:19.387+0000] {task_command.py:416} INFO - Running <TaskInstance: copy_tranform_to_mongo.waiting_for_data scheduled__2021-12-05T00:00:00+00:00 [running]> on host 238c1d4ff767
[2023-10-17T11:21:19.440+0000] {taskinstance.py:1662} INFO - Exporting env vars: AIRFLOW_CTX_DAG_OWNER='***' AIRFLOW_CTX_DAG_ID='copy_tranform_to_mongo' AIRFLOW_CTX_TASK_ID='waiting_for_data' AIRFLOW_CTX_EXECUTION_DATE='2021-12-05T00:00:00+00:00' AIRFLOW_CTX_TRY_NUMBER='1' AIRFLOW_CTX_DAG_RUN_ID='scheduled__2021-12-05T00:00:00+00:00'
[2023-10-17T11:21:19.447+0000] {base.py:73} INFO - Using connection ID 'fs_default' for task execution.
[2023-10-17T11:21:19.447+0000] {filesystem.py:64} INFO - Poking for file /opt/in/tiktok_google_play_reviews.csv
[2023-10-17T11:21:19.447+0000] {filesystem.py:69} INFO - Found File /opt/in/tiktok_google_play_reviews.csv last modified: 20220405221612
[2023-10-17T11:21:19.448+0000] {base.py:287} INFO - Success criteria met. Exiting.
[2023-10-17T11:21:19.453+0000] {taskinstance.py:1400} INFO - Marking task as SUCCESS. dag_id=copy_tranform_to_mongo, task_id=waiting_for_data, execution_date=20211205T000000, start_date=20231017T112119, end_date=20231017T112119
[2023-10-17T11:21:19.489+0000] {local_task_job_runner.py:228} INFO - Task exited with return code 0
[2023-10-17T11:21:19.515+0000] {taskinstance.py:2778} INFO - 0 downstream tasks scheduled from follow-on schedule check
[2023-10-18T11:45:36.562+0000] {taskinstance.py:1159} INFO - Dependencies all met for dep_context=non-requeueable deps ti=<TaskInstance: copy_tranform_to_mongo.waiting_for_data scheduled__2021-12-05T00:00:00+00:00 [queued]>
[2023-10-18T11:45:36.574+0000] {taskinstance.py:1159} INFO - Dependencies all met for dep_context=requeueable deps ti=<TaskInstance: copy_tranform_to_mongo.waiting_for_data scheduled__2021-12-05T00:00:00+00:00 [queued]>
[2023-10-18T11:45:36.575+0000] {taskinstance.py:1361} INFO - Starting attempt 1 of 1
[2023-10-18T11:45:36.591+0000] {taskinstance.py:1382} INFO - Executing <Task(FileSensor): waiting_for_data> on 2021-12-05 00:00:00+00:00
[2023-10-18T11:45:36.601+0000] {standard_task_runner.py:57} INFO - Started process 1845 to run task
[2023-10-18T11:45:36.604+0000] {standard_task_runner.py:84} INFO - Running: ['***', 'tasks', 'run', 'copy_tranform_to_mongo', 'waiting_for_data', 'scheduled__2021-12-05T00:00:00+00:00', '--job-id', '639', '--raw', '--subdir', 'DAGS_FOLDER/file_***-mongo.py', '--cfg-path', '/tmp/tmp_4nfg_x2']
[2023-10-18T11:45:36.605+0000] {standard_task_runner.py:85} INFO - Job 639: Subtask waiting_for_data
[2023-10-18T11:45:36.654+0000] {task_command.py:416} INFO - Running <TaskInstance: copy_tranform_to_mongo.waiting_for_data scheduled__2021-12-05T00:00:00+00:00 [running]> on host 0e68aa52dfc7
[2023-10-18T11:45:36.732+0000] {taskinstance.py:1662} INFO - Exporting env vars: AIRFLOW_CTX_DAG_OWNER='***' AIRFLOW_CTX_DAG_ID='copy_tranform_to_mongo' AIRFLOW_CTX_TASK_ID='waiting_for_data' AIRFLOW_CTX_EXECUTION_DATE='2021-12-05T00:00:00+00:00' AIRFLOW_CTX_TRY_NUMBER='1' AIRFLOW_CTX_DAG_RUN_ID='scheduled__2021-12-05T00:00:00+00:00'
[2023-10-18T11:45:36.744+0000] {base.py:73} INFO - Using connection ID 'fs_default' for task execution.
[2023-10-18T11:45:36.745+0000] {filesystem.py:64} INFO - Poking for file /opt/in/tiktok_google_play_reviews.csv
[2023-10-18T11:45:36.745+0000] {filesystem.py:69} INFO - Found File /opt/in/tiktok_google_play_reviews.csv last modified: 20220405221612
[2023-10-18T11:45:36.745+0000] {base.py:287} INFO - Success criteria met. Exiting.
[2023-10-18T11:45:36.758+0000] {taskinstance.py:1400} INFO - Marking task as SUCCESS. dag_id=copy_tranform_to_mongo, task_id=waiting_for_data, execution_date=20211205T000000, start_date=20231018T114536, end_date=20231018T114536
[2023-10-18T11:45:36.817+0000] {local_task_job_runner.py:228} INFO - Task exited with return code 0
[2023-10-18T11:45:36.848+0000] {taskinstance.py:2778} INFO - 1 downstream tasks scheduled from follow-on schedule check
