[2023-10-17T11:20:08.739+0000] {taskinstance.py:1159} INFO - Dependencies all met for dep_context=non-requeueable deps ti=<TaskInstance: copy_tranform_to_mongo.waiting_for_data scheduled__2021-07-30T00:00:00+00:00 [queued]>
[2023-10-17T11:20:08.747+0000] {taskinstance.py:1159} INFO - Dependencies all met for dep_context=requeueable deps ti=<TaskInstance: copy_tranform_to_mongo.waiting_for_data scheduled__2021-07-30T00:00:00+00:00 [queued]>
[2023-10-17T11:20:08.747+0000] {taskinstance.py:1361} INFO - Starting attempt 1 of 1
[2023-10-17T11:20:08.772+0000] {taskinstance.py:1382} INFO - Executing <Task(FileSensor): waiting_for_data> on 2021-07-30 00:00:00+00:00
[2023-10-17T11:20:08.779+0000] {standard_task_runner.py:57} INFO - Started process 863 to run task
[2023-10-17T11:20:08.783+0000] {standard_task_runner.py:84} INFO - Running: ['***', 'tasks', 'run', 'copy_tranform_to_mongo', 'waiting_for_data', 'scheduled__2021-07-30T00:00:00+00:00', '--job-id', '215', '--raw', '--subdir', 'DAGS_FOLDER/file_***-mongo.py', '--cfg-path', '/tmp/tmp5hc3e484']
[2023-10-17T11:20:08.785+0000] {standard_task_runner.py:85} INFO - Job 215: Subtask waiting_for_data
[2023-10-17T11:20:08.830+0000] {task_command.py:416} INFO - Running <TaskInstance: copy_tranform_to_mongo.waiting_for_data scheduled__2021-07-30T00:00:00+00:00 [running]> on host 238c1d4ff767
[2023-10-17T11:20:08.906+0000] {taskinstance.py:1662} INFO - Exporting env vars: AIRFLOW_CTX_DAG_OWNER='***' AIRFLOW_CTX_DAG_ID='copy_tranform_to_mongo' AIRFLOW_CTX_TASK_ID='waiting_for_data' AIRFLOW_CTX_EXECUTION_DATE='2021-07-30T00:00:00+00:00' AIRFLOW_CTX_TRY_NUMBER='1' AIRFLOW_CTX_DAG_RUN_ID='scheduled__2021-07-30T00:00:00+00:00'
[2023-10-17T11:20:08.914+0000] {base.py:73} INFO - Using connection ID 'fs_default' for task execution.
[2023-10-17T11:20:08.915+0000] {filesystem.py:64} INFO - Poking for file /opt/in/tiktok_google_play_reviews.csv
[2023-10-17T11:20:08.915+0000] {filesystem.py:69} INFO - Found File /opt/in/tiktok_google_play_reviews.csv last modified: 20220405221612
[2023-10-17T11:20:08.916+0000] {base.py:287} INFO - Success criteria met. Exiting.
[2023-10-17T11:20:08.927+0000] {taskinstance.py:1400} INFO - Marking task as SUCCESS. dag_id=copy_tranform_to_mongo, task_id=waiting_for_data, execution_date=20210730T000000, start_date=20231017T112008, end_date=20231017T112008
[2023-10-17T11:20:08.957+0000] {local_task_job_runner.py:228} INFO - Task exited with return code 0
[2023-10-17T11:20:08.971+0000] {taskinstance.py:2778} INFO - 0 downstream tasks scheduled from follow-on schedule check
[2023-10-18T10:43:52.226+0000] {taskinstance.py:1159} INFO - Dependencies all met for dep_context=non-requeueable deps ti=<TaskInstance: copy_tranform_to_mongo.waiting_for_data scheduled__2021-07-30T00:00:00+00:00 [queued]>
[2023-10-18T10:43:52.238+0000] {taskinstance.py:1159} INFO - Dependencies all met for dep_context=requeueable deps ti=<TaskInstance: copy_tranform_to_mongo.waiting_for_data scheduled__2021-07-30T00:00:00+00:00 [queued]>
[2023-10-18T10:43:52.239+0000] {taskinstance.py:1361} INFO - Starting attempt 1 of 1
[2023-10-18T10:43:52.302+0000] {taskinstance.py:1382} INFO - Executing <Task(FileSensor): waiting_for_data> on 2021-07-30 00:00:00+00:00
[2023-10-18T10:43:52.307+0000] {standard_task_runner.py:57} INFO - Started process 1834 to run task
[2023-10-18T10:43:52.312+0000] {standard_task_runner.py:84} INFO - Running: ['***', 'tasks', 'run', 'copy_tranform_to_mongo', 'waiting_for_data', 'scheduled__2021-07-30T00:00:00+00:00', '--job-id', '214', '--raw', '--subdir', 'DAGS_FOLDER/file_***-mongo.py', '--cfg-path', '/tmp/tmp0m21ae3m']
[2023-10-18T10:43:52.313+0000] {standard_task_runner.py:85} INFO - Job 214: Subtask waiting_for_data
[2023-10-18T10:43:52.363+0000] {task_command.py:416} INFO - Running <TaskInstance: copy_tranform_to_mongo.waiting_for_data scheduled__2021-07-30T00:00:00+00:00 [running]> on host 2473b23ba069
[2023-10-18T10:43:52.436+0000] {taskinstance.py:1662} INFO - Exporting env vars: AIRFLOW_CTX_DAG_OWNER='***' AIRFLOW_CTX_DAG_ID='copy_tranform_to_mongo' AIRFLOW_CTX_TASK_ID='waiting_for_data' AIRFLOW_CTX_EXECUTION_DATE='2021-07-30T00:00:00+00:00' AIRFLOW_CTX_TRY_NUMBER='1' AIRFLOW_CTX_DAG_RUN_ID='scheduled__2021-07-30T00:00:00+00:00'
[2023-10-18T10:43:52.444+0000] {base.py:73} INFO - Using connection ID 'fs_default' for task execution.
[2023-10-18T10:43:52.444+0000] {filesystem.py:64} INFO - Poking for file in/tiktok_google_play_reviews.csv
[2023-10-18T10:44:52.508+0000] {base.py:73} INFO - Using connection ID 'fs_default' for task execution.
[2023-10-18T10:44:52.509+0000] {filesystem.py:64} INFO - Poking for file in/tiktok_google_play_reviews.csv
[2023-10-18T10:45:52.572+0000] {base.py:73} INFO - Using connection ID 'fs_default' for task execution.
[2023-10-18T10:45:52.572+0000] {filesystem.py:64} INFO - Poking for file in/tiktok_google_play_reviews.csv
[2023-10-18T10:46:52.635+0000] {base.py:73} INFO - Using connection ID 'fs_default' for task execution.
[2023-10-18T10:46:52.636+0000] {filesystem.py:64} INFO - Poking for file in/tiktok_google_play_reviews.csv
[2023-10-18T10:47:52.703+0000] {base.py:73} INFO - Using connection ID 'fs_default' for task execution.
[2023-10-18T10:47:52.703+0000] {filesystem.py:64} INFO - Poking for file /opt/in/tiktok_google_play_reviews.csv
[2023-10-18T10:47:52.703+0000] {filesystem.py:69} INFO - Found File /opt/in/tiktok_google_play_reviews.csv last modified: 20220405221612
[2023-10-18T10:47:52.703+0000] {base.py:287} INFO - Success criteria met. Exiting.
[2023-10-18T10:47:52.710+0000] {taskinstance.py:1400} INFO - Marking task as SUCCESS. dag_id=copy_tranform_to_mongo, task_id=waiting_for_data, execution_date=20210730T000000, start_date=20231018T104352, end_date=20231018T104752
[2023-10-18T10:47:52.730+0000] {local_task_job_runner.py:228} INFO - Task exited with return code 0
[2023-10-18T10:47:52.748+0000] {taskinstance.py:2778} INFO - 1 downstream tasks scheduled from follow-on schedule check
[2023-10-18T11:44:21.874+0000] {taskinstance.py:1159} INFO - Dependencies all met for dep_context=non-requeueable deps ti=<TaskInstance: copy_tranform_to_mongo.waiting_for_data scheduled__2021-07-30T00:00:00+00:00 [queued]>
[2023-10-18T11:44:21.882+0000] {taskinstance.py:1159} INFO - Dependencies all met for dep_context=requeueable deps ti=<TaskInstance: copy_tranform_to_mongo.waiting_for_data scheduled__2021-07-30T00:00:00+00:00 [queued]>
[2023-10-18T11:44:21.883+0000] {taskinstance.py:1361} INFO - Starting attempt 1 of 1
[2023-10-18T11:44:21.894+0000] {taskinstance.py:1382} INFO - Executing <Task(FileSensor): waiting_for_data> on 2021-07-30 00:00:00+00:00
[2023-10-18T11:44:21.900+0000] {standard_task_runner.py:57} INFO - Started process 1305 to run task
[2023-10-18T11:44:21.903+0000] {standard_task_runner.py:84} INFO - Running: ['***', 'tasks', 'run', 'copy_tranform_to_mongo', 'waiting_for_data', 'scheduled__2021-07-30T00:00:00+00:00', '--job-id', '381', '--raw', '--subdir', 'DAGS_FOLDER/file_***-mongo.py', '--cfg-path', '/tmp/tmpt3u512gk']
[2023-10-18T11:44:21.904+0000] {standard_task_runner.py:85} INFO - Job 381: Subtask waiting_for_data
[2023-10-18T11:44:21.960+0000] {task_command.py:416} INFO - Running <TaskInstance: copy_tranform_to_mongo.waiting_for_data scheduled__2021-07-30T00:00:00+00:00 [running]> on host 0e68aa52dfc7
[2023-10-18T11:44:22.104+0000] {taskinstance.py:1662} INFO - Exporting env vars: AIRFLOW_CTX_DAG_OWNER='***' AIRFLOW_CTX_DAG_ID='copy_tranform_to_mongo' AIRFLOW_CTX_TASK_ID='waiting_for_data' AIRFLOW_CTX_EXECUTION_DATE='2021-07-30T00:00:00+00:00' AIRFLOW_CTX_TRY_NUMBER='1' AIRFLOW_CTX_DAG_RUN_ID='scheduled__2021-07-30T00:00:00+00:00'
[2023-10-18T11:44:22.121+0000] {base.py:73} INFO - Using connection ID 'fs_default' for task execution.
[2023-10-18T11:44:22.121+0000] {filesystem.py:64} INFO - Poking for file /opt/in/tiktok_google_play_reviews.csv
[2023-10-18T11:44:22.122+0000] {filesystem.py:69} INFO - Found File /opt/in/tiktok_google_play_reviews.csv last modified: 20220405221612
[2023-10-18T11:44:22.122+0000] {base.py:287} INFO - Success criteria met. Exiting.
[2023-10-18T11:44:22.152+0000] {taskinstance.py:1400} INFO - Marking task as SUCCESS. dag_id=copy_tranform_to_mongo, task_id=waiting_for_data, execution_date=20210730T000000, start_date=20231018T114421, end_date=20231018T114422
[2023-10-18T11:44:22.204+0000] {local_task_job_runner.py:228} INFO - Task exited with return code 0
[2023-10-18T11:44:22.275+0000] {taskinstance.py:2778} INFO - 1 downstream tasks scheduled from follow-on schedule check
