[2023-10-17T11:26:48.746+0000] {taskinstance.py:1159} INFO - Dependencies all met for dep_context=non-requeueable deps ti=<TaskInstance: copy_tranform_to_mongo.waiting_for_data scheduled__2023-07-28T00:00:00+00:00 [queued]>
[2023-10-17T11:26:48.752+0000] {taskinstance.py:1159} INFO - Dependencies all met for dep_context=requeueable deps ti=<TaskInstance: copy_tranform_to_mongo.waiting_for_data scheduled__2023-07-28T00:00:00+00:00 [queued]>
[2023-10-17T11:26:48.752+0000] {taskinstance.py:1361} INFO - Starting attempt 1 of 1
[2023-10-17T11:26:48.763+0000] {taskinstance.py:1382} INFO - Executing <Task(FileSensor): waiting_for_data> on 2023-07-28 00:00:00+00:00
[2023-10-17T11:26:48.769+0000] {standard_task_runner.py:57} INFO - Started process 2420 to run task
[2023-10-17T11:26:48.771+0000] {standard_task_runner.py:84} INFO - Running: ['***', 'tasks', 'run', 'copy_tranform_to_mongo', 'waiting_for_data', 'scheduled__2023-07-28T00:00:00+00:00', '--job-id', '943', '--raw', '--subdir', 'DAGS_FOLDER/file_***-mongo.py', '--cfg-path', '/tmp/tmpynooujwm']
[2023-10-17T11:26:48.772+0000] {standard_task_runner.py:85} INFO - Job 943: Subtask waiting_for_data
[2023-10-17T11:26:48.807+0000] {task_command.py:416} INFO - Running <TaskInstance: copy_tranform_to_mongo.waiting_for_data scheduled__2023-07-28T00:00:00+00:00 [running]> on host 238c1d4ff767
[2023-10-17T11:26:48.880+0000] {taskinstance.py:1662} INFO - Exporting env vars: AIRFLOW_CTX_DAG_OWNER='***' AIRFLOW_CTX_DAG_ID='copy_tranform_to_mongo' AIRFLOW_CTX_TASK_ID='waiting_for_data' AIRFLOW_CTX_EXECUTION_DATE='2023-07-28T00:00:00+00:00' AIRFLOW_CTX_TRY_NUMBER='1' AIRFLOW_CTX_DAG_RUN_ID='scheduled__2023-07-28T00:00:00+00:00'
[2023-10-17T11:26:48.886+0000] {base.py:73} INFO - Using connection ID 'fs_default' for task execution.
[2023-10-17T11:26:48.886+0000] {filesystem.py:64} INFO - Poking for file /opt/in/tiktok_google_play_reviews.csv
[2023-10-17T11:26:48.886+0000] {filesystem.py:69} INFO - Found File /opt/in/tiktok_google_play_reviews.csv last modified: 20220405221612
[2023-10-17T11:26:48.886+0000] {base.py:287} INFO - Success criteria met. Exiting.
[2023-10-17T11:26:48.892+0000] {taskinstance.py:1400} INFO - Marking task as SUCCESS. dag_id=copy_tranform_to_mongo, task_id=waiting_for_data, execution_date=20230728T000000, start_date=20231017T112648, end_date=20231017T112648
[2023-10-17T11:26:48.944+0000] {local_task_job_runner.py:228} INFO - Task exited with return code 0
[2023-10-17T11:26:48.971+0000] {taskinstance.py:2778} INFO - 0 downstream tasks scheduled from follow-on schedule check
[2023-10-18T11:52:05.456+0000] {taskinstance.py:1159} INFO - Dependencies all met for dep_context=non-requeueable deps ti=<TaskInstance: copy_tranform_to_mongo.waiting_for_data scheduled__2023-07-28T00:00:00+00:00 [queued]>
[2023-10-18T11:52:05.465+0000] {taskinstance.py:1159} INFO - Dependencies all met for dep_context=requeueable deps ti=<TaskInstance: copy_tranform_to_mongo.waiting_for_data scheduled__2023-07-28T00:00:00+00:00 [queued]>
[2023-10-18T11:52:05.466+0000] {taskinstance.py:1361} INFO - Starting attempt 1 of 1
[2023-10-18T11:52:05.485+0000] {taskinstance.py:1382} INFO - Executing <Task(FileSensor): waiting_for_data> on 2023-07-28 00:00:00+00:00
[2023-10-18T11:52:05.493+0000] {standard_task_runner.py:57} INFO - Started process 4342 to run task
[2023-10-18T11:52:05.496+0000] {standard_task_runner.py:84} INFO - Running: ['***', 'tasks', 'run', 'copy_tranform_to_mongo', 'waiting_for_data', 'scheduled__2023-07-28T00:00:00+00:00', '--job-id', '1840', '--raw', '--subdir', 'DAGS_FOLDER/file_***-mongo.py', '--cfg-path', '/tmp/tmpdwobcd5o']
[2023-10-18T11:52:05.497+0000] {standard_task_runner.py:85} INFO - Job 1840: Subtask waiting_for_data
[2023-10-18T11:52:05.543+0000] {task_command.py:416} INFO - Running <TaskInstance: copy_tranform_to_mongo.waiting_for_data scheduled__2023-07-28T00:00:00+00:00 [running]> on host 0e68aa52dfc7
[2023-10-18T11:52:05.620+0000] {taskinstance.py:1662} INFO - Exporting env vars: AIRFLOW_CTX_DAG_OWNER='***' AIRFLOW_CTX_DAG_ID='copy_tranform_to_mongo' AIRFLOW_CTX_TASK_ID='waiting_for_data' AIRFLOW_CTX_EXECUTION_DATE='2023-07-28T00:00:00+00:00' AIRFLOW_CTX_TRY_NUMBER='1' AIRFLOW_CTX_DAG_RUN_ID='scheduled__2023-07-28T00:00:00+00:00'
[2023-10-18T11:52:05.628+0000] {base.py:73} INFO - Using connection ID 'fs_default' for task execution.
[2023-10-18T11:52:05.628+0000] {filesystem.py:64} INFO - Poking for file /opt/in/tiktok_google_play_reviews.csv
[2023-10-18T11:52:05.629+0000] {filesystem.py:69} INFO - Found File /opt/in/tiktok_google_play_reviews.csv last modified: 20220405221612
[2023-10-18T11:52:05.629+0000] {base.py:287} INFO - Success criteria met. Exiting.
[2023-10-18T11:52:05.637+0000] {taskinstance.py:1400} INFO - Marking task as SUCCESS. dag_id=copy_tranform_to_mongo, task_id=waiting_for_data, execution_date=20230728T000000, start_date=20231018T115205, end_date=20231018T115205
[2023-10-18T11:52:05.671+0000] {local_task_job_runner.py:228} INFO - Task exited with return code 0
[2023-10-18T11:52:05.701+0000] {taskinstance.py:2778} INFO - 0 downstream tasks scheduled from follow-on schedule check
