[2023-10-17T11:26:59.663+0000] {taskinstance.py:1159} INFO - Dependencies all met for dep_context=non-requeueable deps ti=<TaskInstance: copy_tranform_to_mongo.waiting_for_data scheduled__2023-08-08T00:00:00+00:00 [queued]>
[2023-10-17T11:26:59.669+0000] {taskinstance.py:1159} INFO - Dependencies all met for dep_context=requeueable deps ti=<TaskInstance: copy_tranform_to_mongo.waiting_for_data scheduled__2023-08-08T00:00:00+00:00 [queued]>
[2023-10-17T11:26:59.669+0000] {taskinstance.py:1361} INFO - Starting attempt 1 of 1
[2023-10-17T11:26:59.684+0000] {taskinstance.py:1382} INFO - Executing <Task(FileSensor): waiting_for_data> on 2023-08-08 00:00:00+00:00
[2023-10-17T11:26:59.689+0000] {standard_task_runner.py:57} INFO - Started process 2442 to run task
[2023-10-17T11:26:59.691+0000] {standard_task_runner.py:84} INFO - Running: ['***', 'tasks', 'run', 'copy_tranform_to_mongo', 'waiting_for_data', 'scheduled__2023-08-08T00:00:00+00:00', '--job-id', '954', '--raw', '--subdir', 'DAGS_FOLDER/file_***-mongo.py', '--cfg-path', '/tmp/tmpc7bu2xsy']
[2023-10-17T11:26:59.692+0000] {standard_task_runner.py:85} INFO - Job 954: Subtask waiting_for_data
[2023-10-17T11:26:59.739+0000] {task_command.py:416} INFO - Running <TaskInstance: copy_tranform_to_mongo.waiting_for_data scheduled__2023-08-08T00:00:00+00:00 [running]> on host 238c1d4ff767
[2023-10-17T11:26:59.795+0000] {taskinstance.py:1662} INFO - Exporting env vars: AIRFLOW_CTX_DAG_OWNER='***' AIRFLOW_CTX_DAG_ID='copy_tranform_to_mongo' AIRFLOW_CTX_TASK_ID='waiting_for_data' AIRFLOW_CTX_EXECUTION_DATE='2023-08-08T00:00:00+00:00' AIRFLOW_CTX_TRY_NUMBER='1' AIRFLOW_CTX_DAG_RUN_ID='scheduled__2023-08-08T00:00:00+00:00'
[2023-10-17T11:26:59.801+0000] {base.py:73} INFO - Using connection ID 'fs_default' for task execution.
[2023-10-17T11:26:59.801+0000] {filesystem.py:64} INFO - Poking for file /opt/in/tiktok_google_play_reviews.csv
[2023-10-17T11:26:59.802+0000] {filesystem.py:69} INFO - Found File /opt/in/tiktok_google_play_reviews.csv last modified: 20220405221612
[2023-10-17T11:26:59.802+0000] {base.py:287} INFO - Success criteria met. Exiting.
[2023-10-17T11:26:59.808+0000] {taskinstance.py:1400} INFO - Marking task as SUCCESS. dag_id=copy_tranform_to_mongo, task_id=waiting_for_data, execution_date=20230808T000000, start_date=20231017T112659, end_date=20231017T112659
[2023-10-17T11:26:59.823+0000] {local_task_job_runner.py:228} INFO - Task exited with return code 0
[2023-10-17T11:26:59.840+0000] {taskinstance.py:2778} INFO - 0 downstream tasks scheduled from follow-on schedule check
[2023-10-18T11:52:10.798+0000] {taskinstance.py:1159} INFO - Dependencies all met for dep_context=non-requeueable deps ti=<TaskInstance: copy_tranform_to_mongo.waiting_for_data scheduled__2023-08-08T00:00:00+00:00 [queued]>
[2023-10-18T11:52:10.810+0000] {taskinstance.py:1159} INFO - Dependencies all met for dep_context=requeueable deps ti=<TaskInstance: copy_tranform_to_mongo.waiting_for_data scheduled__2023-08-08T00:00:00+00:00 [queued]>
[2023-10-18T11:52:10.811+0000] {taskinstance.py:1361} INFO - Starting attempt 1 of 1
[2023-10-18T11:52:10.831+0000] {taskinstance.py:1382} INFO - Executing <Task(FileSensor): waiting_for_data> on 2023-08-08 00:00:00+00:00
[2023-10-18T11:52:10.840+0000] {standard_task_runner.py:57} INFO - Started process 4384 to run task
[2023-10-18T11:52:10.843+0000] {standard_task_runner.py:84} INFO - Running: ['***', 'tasks', 'run', 'copy_tranform_to_mongo', 'waiting_for_data', 'scheduled__2023-08-08T00:00:00+00:00', '--job-id', '1860', '--raw', '--subdir', 'DAGS_FOLDER/file_***-mongo.py', '--cfg-path', '/tmp/tmpxt8ei5ew']
[2023-10-18T11:52:10.844+0000] {standard_task_runner.py:85} INFO - Job 1860: Subtask waiting_for_data
[2023-10-18T11:52:10.898+0000] {task_command.py:416} INFO - Running <TaskInstance: copy_tranform_to_mongo.waiting_for_data scheduled__2023-08-08T00:00:00+00:00 [running]> on host 0e68aa52dfc7
[2023-10-18T11:52:10.979+0000] {taskinstance.py:1662} INFO - Exporting env vars: AIRFLOW_CTX_DAG_OWNER='***' AIRFLOW_CTX_DAG_ID='copy_tranform_to_mongo' AIRFLOW_CTX_TASK_ID='waiting_for_data' AIRFLOW_CTX_EXECUTION_DATE='2023-08-08T00:00:00+00:00' AIRFLOW_CTX_TRY_NUMBER='1' AIRFLOW_CTX_DAG_RUN_ID='scheduled__2023-08-08T00:00:00+00:00'
[2023-10-18T11:52:10.997+0000] {base.py:73} INFO - Using connection ID 'fs_default' for task execution.
[2023-10-18T11:52:10.997+0000] {filesystem.py:64} INFO - Poking for file /opt/in/tiktok_google_play_reviews.csv
[2023-10-18T11:52:10.999+0000] {filesystem.py:69} INFO - Found File /opt/in/tiktok_google_play_reviews.csv last modified: 20220405221612
[2023-10-18T11:52:10.999+0000] {base.py:287} INFO - Success criteria met. Exiting.
[2023-10-18T11:52:11.021+0000] {taskinstance.py:1400} INFO - Marking task as SUCCESS. dag_id=copy_tranform_to_mongo, task_id=waiting_for_data, execution_date=20230808T000000, start_date=20231018T115210, end_date=20231018T115211
[2023-10-18T11:52:11.061+0000] {local_task_job_runner.py:228} INFO - Task exited with return code 0
[2023-10-18T11:52:11.125+0000] {taskinstance.py:2778} INFO - 1 downstream tasks scheduled from follow-on schedule check
