[2023-10-17T11:20:28.751+0000] {taskinstance.py:1159} INFO - Dependencies all met for dep_context=non-requeueable deps ti=<TaskInstance: copy_tranform_to_mongo.waiting_for_data scheduled__2021-09-18T00:00:00+00:00 [queued]>
[2023-10-17T11:20:28.759+0000] {taskinstance.py:1159} INFO - Dependencies all met for dep_context=requeueable deps ti=<TaskInstance: copy_tranform_to_mongo.waiting_for_data scheduled__2021-09-18T00:00:00+00:00 [queued]>
[2023-10-17T11:20:28.759+0000] {taskinstance.py:1361} INFO - Starting attempt 1 of 1
[2023-10-17T11:20:28.790+0000] {taskinstance.py:1382} INFO - Executing <Task(FileSensor): waiting_for_data> on 2021-09-18 00:00:00+00:00
[2023-10-17T11:20:28.799+0000] {standard_task_runner.py:57} INFO - Started process 971 to run task
[2023-10-17T11:20:28.801+0000] {standard_task_runner.py:84} INFO - Running: ['***', 'tasks', 'run', 'copy_tranform_to_mongo', 'waiting_for_data', 'scheduled__2021-09-18T00:00:00+00:00', '--job-id', '265', '--raw', '--subdir', 'DAGS_FOLDER/file_***-mongo.py', '--cfg-path', '/tmp/tmpr_zqdlfk']
[2023-10-17T11:20:28.802+0000] {standard_task_runner.py:85} INFO - Job 265: Subtask waiting_for_data
[2023-10-17T11:20:28.849+0000] {task_command.py:416} INFO - Running <TaskInstance: copy_tranform_to_mongo.waiting_for_data scheduled__2021-09-18T00:00:00+00:00 [running]> on host 238c1d4ff767
[2023-10-17T11:20:28.923+0000] {taskinstance.py:1662} INFO - Exporting env vars: AIRFLOW_CTX_DAG_OWNER='***' AIRFLOW_CTX_DAG_ID='copy_tranform_to_mongo' AIRFLOW_CTX_TASK_ID='waiting_for_data' AIRFLOW_CTX_EXECUTION_DATE='2021-09-18T00:00:00+00:00' AIRFLOW_CTX_TRY_NUMBER='1' AIRFLOW_CTX_DAG_RUN_ID='scheduled__2021-09-18T00:00:00+00:00'
[2023-10-17T11:20:28.931+0000] {base.py:73} INFO - Using connection ID 'fs_default' for task execution.
[2023-10-17T11:20:28.932+0000] {filesystem.py:64} INFO - Poking for file /opt/in/tiktok_google_play_reviews.csv
[2023-10-17T11:20:28.932+0000] {filesystem.py:69} INFO - Found File /opt/in/tiktok_google_play_reviews.csv last modified: 20220405221612
[2023-10-17T11:20:28.932+0000] {base.py:287} INFO - Success criteria met. Exiting.
[2023-10-17T11:20:28.941+0000] {taskinstance.py:1400} INFO - Marking task as SUCCESS. dag_id=copy_tranform_to_mongo, task_id=waiting_for_data, execution_date=20210918T000000, start_date=20231017T112028, end_date=20231017T112028
[2023-10-17T11:20:28.976+0000] {local_task_job_runner.py:228} INFO - Task exited with return code 0
[2023-10-17T11:20:28.995+0000] {taskinstance.py:2778} INFO - 0 downstream tasks scheduled from follow-on schedule check
[2023-10-18T10:48:18.740+0000] {taskinstance.py:1159} INFO - Dependencies all met for dep_context=non-requeueable deps ti=<TaskInstance: copy_tranform_to_mongo.waiting_for_data scheduled__2021-09-18T00:00:00+00:00 [queued]>
[2023-10-18T10:48:18.751+0000] {taskinstance.py:1159} INFO - Dependencies all met for dep_context=requeueable deps ti=<TaskInstance: copy_tranform_to_mongo.waiting_for_data scheduled__2021-09-18T00:00:00+00:00 [queued]>
[2023-10-18T10:48:18.751+0000] {taskinstance.py:1361} INFO - Starting attempt 1 of 1
[2023-10-18T10:48:18.765+0000] {taskinstance.py:1382} INFO - Executing <Task(FileSensor): waiting_for_data> on 2021-09-18 00:00:00+00:00
[2023-10-18T10:48:18.772+0000] {standard_task_runner.py:57} INFO - Started process 2115 to run task
[2023-10-18T10:48:18.774+0000] {standard_task_runner.py:84} INFO - Running: ['***', 'tasks', 'run', 'copy_tranform_to_mongo', 'waiting_for_data', 'scheduled__2021-09-18T00:00:00+00:00', '--job-id', '322', '--raw', '--subdir', 'DAGS_FOLDER/file_***-mongo.py', '--cfg-path', '/tmp/tmpxghqzd9a']
[2023-10-18T10:48:18.775+0000] {standard_task_runner.py:85} INFO - Job 322: Subtask waiting_for_data
[2023-10-18T10:48:18.827+0000] {task_command.py:416} INFO - Running <TaskInstance: copy_tranform_to_mongo.waiting_for_data scheduled__2021-09-18T00:00:00+00:00 [running]> on host 2473b23ba069
[2023-10-18T10:48:18.915+0000] {taskinstance.py:1662} INFO - Exporting env vars: AIRFLOW_CTX_DAG_OWNER='***' AIRFLOW_CTX_DAG_ID='copy_tranform_to_mongo' AIRFLOW_CTX_TASK_ID='waiting_for_data' AIRFLOW_CTX_EXECUTION_DATE='2021-09-18T00:00:00+00:00' AIRFLOW_CTX_TRY_NUMBER='1' AIRFLOW_CTX_DAG_RUN_ID='scheduled__2021-09-18T00:00:00+00:00'
[2023-10-18T10:48:18.923+0000] {base.py:73} INFO - Using connection ID 'fs_default' for task execution.
[2023-10-18T10:48:18.924+0000] {filesystem.py:64} INFO - Poking for file /opt/in/tiktok_google_play_reviews.csv
[2023-10-18T10:48:18.924+0000] {filesystem.py:69} INFO - Found File /opt/in/tiktok_google_play_reviews.csv last modified: 20220405221612
[2023-10-18T10:48:18.924+0000] {base.py:287} INFO - Success criteria met. Exiting.
[2023-10-18T10:48:18.933+0000] {taskinstance.py:1400} INFO - Marking task as SUCCESS. dag_id=copy_tranform_to_mongo, task_id=waiting_for_data, execution_date=20210918T000000, start_date=20231018T104818, end_date=20231018T104818
[2023-10-18T10:48:18.990+0000] {local_task_job_runner.py:228} INFO - Task exited with return code 0
[2023-10-18T10:48:19.012+0000] {taskinstance.py:2778} INFO - 0 downstream tasks scheduled from follow-on schedule check
[2023-10-18T11:44:51.276+0000] {taskinstance.py:1159} INFO - Dependencies all met for dep_context=non-requeueable deps ti=<TaskInstance: copy_tranform_to_mongo.waiting_for_data scheduled__2021-09-18T00:00:00+00:00 [queued]>
[2023-10-18T11:44:51.290+0000] {taskinstance.py:1159} INFO - Dependencies all met for dep_context=requeueable deps ti=<TaskInstance: copy_tranform_to_mongo.waiting_for_data scheduled__2021-09-18T00:00:00+00:00 [queued]>
[2023-10-18T11:44:51.290+0000] {taskinstance.py:1361} INFO - Starting attempt 1 of 1
[2023-10-18T11:44:51.309+0000] {taskinstance.py:1382} INFO - Executing <Task(FileSensor): waiting_for_data> on 2021-09-18 00:00:00+00:00
[2023-10-18T11:44:51.321+0000] {standard_task_runner.py:57} INFO - Started process 1516 to run task
[2023-10-18T11:44:51.328+0000] {standard_task_runner.py:84} INFO - Running: ['***', 'tasks', 'run', 'copy_tranform_to_mongo', 'waiting_for_data', 'scheduled__2021-09-18T00:00:00+00:00', '--job-id', '482', '--raw', '--subdir', 'DAGS_FOLDER/file_***-mongo.py', '--cfg-path', '/tmp/tmp7m276zu6']
[2023-10-18T11:44:51.330+0000] {standard_task_runner.py:85} INFO - Job 482: Subtask waiting_for_data
[2023-10-18T11:44:51.388+0000] {task_command.py:416} INFO - Running <TaskInstance: copy_tranform_to_mongo.waiting_for_data scheduled__2021-09-18T00:00:00+00:00 [running]> on host 0e68aa52dfc7
[2023-10-18T11:44:51.509+0000] {taskinstance.py:1662} INFO - Exporting env vars: AIRFLOW_CTX_DAG_OWNER='***' AIRFLOW_CTX_DAG_ID='copy_tranform_to_mongo' AIRFLOW_CTX_TASK_ID='waiting_for_data' AIRFLOW_CTX_EXECUTION_DATE='2021-09-18T00:00:00+00:00' AIRFLOW_CTX_TRY_NUMBER='1' AIRFLOW_CTX_DAG_RUN_ID='scheduled__2021-09-18T00:00:00+00:00'
[2023-10-18T11:44:51.526+0000] {base.py:73} INFO - Using connection ID 'fs_default' for task execution.
[2023-10-18T11:44:51.527+0000] {filesystem.py:64} INFO - Poking for file /opt/in/tiktok_google_play_reviews.csv
[2023-10-18T11:44:51.531+0000] {filesystem.py:69} INFO - Found File /opt/in/tiktok_google_play_reviews.csv last modified: 20220405221612
[2023-10-18T11:44:51.531+0000] {base.py:287} INFO - Success criteria met. Exiting.
[2023-10-18T11:44:51.556+0000] {taskinstance.py:1400} INFO - Marking task as SUCCESS. dag_id=copy_tranform_to_mongo, task_id=waiting_for_data, execution_date=20210918T000000, start_date=20231018T114451, end_date=20231018T114451
[2023-10-18T11:44:51.587+0000] {local_task_job_runner.py:228} INFO - Task exited with return code 0
[2023-10-18T11:44:51.667+0000] {taskinstance.py:2778} INFO - 1 downstream tasks scheduled from follow-on schedule check
