[2023-10-17T11:24:15.790+0000] {taskinstance.py:1159} INFO - Dependencies all met for dep_context=non-requeueable deps ti=<TaskInstance: copy_tranform_to_mongo.waiting_for_data scheduled__2022-11-02T00:00:00+00:00 [queued]>
[2023-10-17T11:24:15.797+0000] {taskinstance.py:1159} INFO - Dependencies all met for dep_context=requeueable deps ti=<TaskInstance: copy_tranform_to_mongo.waiting_for_data scheduled__2022-11-02T00:00:00+00:00 [queued]>
[2023-10-17T11:24:15.797+0000] {taskinstance.py:1361} INFO - Starting attempt 1 of 1
[2023-10-17T11:24:15.808+0000] {taskinstance.py:1382} INFO - Executing <Task(FileSensor): waiting_for_data> on 2022-11-02 00:00:00+00:00
[2023-10-17T11:24:15.815+0000] {standard_task_runner.py:57} INFO - Started process 1844 to run task
[2023-10-17T11:24:15.817+0000] {standard_task_runner.py:84} INFO - Running: ['***', 'tasks', 'run', 'copy_tranform_to_mongo', 'waiting_for_data', 'scheduled__2022-11-02T00:00:00+00:00', '--job-id', '675', '--raw', '--subdir', 'DAGS_FOLDER/file_***-mongo.py', '--cfg-path', '/tmp/tmpxsuuiqtt']
[2023-10-17T11:24:15.818+0000] {standard_task_runner.py:85} INFO - Job 675: Subtask waiting_for_data
[2023-10-17T11:24:15.855+0000] {task_command.py:416} INFO - Running <TaskInstance: copy_tranform_to_mongo.waiting_for_data scheduled__2022-11-02T00:00:00+00:00 [running]> on host 238c1d4ff767
[2023-10-17T11:24:15.914+0000] {taskinstance.py:1662} INFO - Exporting env vars: AIRFLOW_CTX_DAG_OWNER='***' AIRFLOW_CTX_DAG_ID='copy_tranform_to_mongo' AIRFLOW_CTX_TASK_ID='waiting_for_data' AIRFLOW_CTX_EXECUTION_DATE='2022-11-02T00:00:00+00:00' AIRFLOW_CTX_TRY_NUMBER='1' AIRFLOW_CTX_DAG_RUN_ID='scheduled__2022-11-02T00:00:00+00:00'
[2023-10-17T11:24:15.923+0000] {base.py:73} INFO - Using connection ID 'fs_default' for task execution.
[2023-10-17T11:24:15.923+0000] {filesystem.py:64} INFO - Poking for file /opt/in/tiktok_google_play_reviews.csv
[2023-10-17T11:24:15.923+0000] {filesystem.py:69} INFO - Found File /opt/in/tiktok_google_play_reviews.csv last modified: 20220405221612
[2023-10-17T11:24:15.924+0000] {base.py:287} INFO - Success criteria met. Exiting.
[2023-10-17T11:24:15.929+0000] {taskinstance.py:1400} INFO - Marking task as SUCCESS. dag_id=copy_tranform_to_mongo, task_id=waiting_for_data, execution_date=20221102T000000, start_date=20231017T112415, end_date=20231017T112415
[2023-10-17T11:24:15.949+0000] {local_task_job_runner.py:228} INFO - Task exited with return code 0
[2023-10-17T11:24:15.961+0000] {taskinstance.py:2778} INFO - 0 downstream tasks scheduled from follow-on schedule check
[2023-10-18T11:49:01.703+0000] {taskinstance.py:1159} INFO - Dependencies all met for dep_context=non-requeueable deps ti=<TaskInstance: copy_tranform_to_mongo.waiting_for_data scheduled__2022-11-02T00:00:00+00:00 [queued]>
[2023-10-18T11:49:01.716+0000] {taskinstance.py:1159} INFO - Dependencies all met for dep_context=requeueable deps ti=<TaskInstance: copy_tranform_to_mongo.waiting_for_data scheduled__2022-11-02T00:00:00+00:00 [queued]>
[2023-10-18T11:49:01.717+0000] {taskinstance.py:1361} INFO - Starting attempt 1 of 1
[2023-10-18T11:49:01.733+0000] {taskinstance.py:1382} INFO - Executing <Task(FileSensor): waiting_for_data> on 2022-11-02 00:00:00+00:00
[2023-10-18T11:49:01.742+0000] {standard_task_runner.py:57} INFO - Started process 3220 to run task
[2023-10-18T11:49:01.746+0000] {standard_task_runner.py:84} INFO - Running: ['***', 'tasks', 'run', 'copy_tranform_to_mongo', 'waiting_for_data', 'scheduled__2022-11-02T00:00:00+00:00', '--job-id', '1302', '--raw', '--subdir', 'DAGS_FOLDER/file_***-mongo.py', '--cfg-path', '/tmp/tmpmye9p5h0']
[2023-10-18T11:49:01.747+0000] {standard_task_runner.py:85} INFO - Job 1302: Subtask waiting_for_data
[2023-10-18T11:49:01.802+0000] {task_command.py:416} INFO - Running <TaskInstance: copy_tranform_to_mongo.waiting_for_data scheduled__2022-11-02T00:00:00+00:00 [running]> on host 0e68aa52dfc7
[2023-10-18T11:49:01.893+0000] {taskinstance.py:1662} INFO - Exporting env vars: AIRFLOW_CTX_DAG_OWNER='***' AIRFLOW_CTX_DAG_ID='copy_tranform_to_mongo' AIRFLOW_CTX_TASK_ID='waiting_for_data' AIRFLOW_CTX_EXECUTION_DATE='2022-11-02T00:00:00+00:00' AIRFLOW_CTX_TRY_NUMBER='1' AIRFLOW_CTX_DAG_RUN_ID='scheduled__2022-11-02T00:00:00+00:00'
[2023-10-18T11:49:01.903+0000] {base.py:73} INFO - Using connection ID 'fs_default' for task execution.
[2023-10-18T11:49:01.904+0000] {filesystem.py:64} INFO - Poking for file /opt/in/tiktok_google_play_reviews.csv
[2023-10-18T11:49:01.904+0000] {filesystem.py:69} INFO - Found File /opt/in/tiktok_google_play_reviews.csv last modified: 20220405221612
[2023-10-18T11:49:01.904+0000] {base.py:287} INFO - Success criteria met. Exiting.
[2023-10-18T11:49:01.915+0000] {taskinstance.py:1400} INFO - Marking task as SUCCESS. dag_id=copy_tranform_to_mongo, task_id=waiting_for_data, execution_date=20221102T000000, start_date=20231018T114901, end_date=20231018T114901
[2023-10-18T11:49:01.959+0000] {local_task_job_runner.py:228} INFO - Task exited with return code 0
[2023-10-18T11:49:02.010+0000] {taskinstance.py:2778} INFO - 1 downstream tasks scheduled from follow-on schedule check
