[2023-10-17T11:24:17.406+0000] {taskinstance.py:1159} INFO - Dependencies all met for dep_context=non-requeueable deps ti=<TaskInstance: copy_tranform_to_mongo.waiting_for_data scheduled__2022-11-03T00:00:00+00:00 [queued]>
[2023-10-17T11:24:17.414+0000] {taskinstance.py:1159} INFO - Dependencies all met for dep_context=requeueable deps ti=<TaskInstance: copy_tranform_to_mongo.waiting_for_data scheduled__2022-11-03T00:00:00+00:00 [queued]>
[2023-10-17T11:24:17.415+0000] {taskinstance.py:1361} INFO - Starting attempt 1 of 1
[2023-10-17T11:24:17.427+0000] {taskinstance.py:1382} INFO - Executing <Task(FileSensor): waiting_for_data> on 2022-11-03 00:00:00+00:00
[2023-10-17T11:24:17.433+0000] {standard_task_runner.py:57} INFO - Started process 1848 to run task
[2023-10-17T11:24:17.436+0000] {standard_task_runner.py:84} INFO - Running: ['***', 'tasks', 'run', 'copy_tranform_to_mongo', 'waiting_for_data', 'scheduled__2022-11-03T00:00:00+00:00', '--job-id', '676', '--raw', '--subdir', 'DAGS_FOLDER/file_***-mongo.py', '--cfg-path', '/tmp/tmpusko1_hp']
[2023-10-17T11:24:17.437+0000] {standard_task_runner.py:85} INFO - Job 676: Subtask waiting_for_data
[2023-10-17T11:24:17.480+0000] {task_command.py:416} INFO - Running <TaskInstance: copy_tranform_to_mongo.waiting_for_data scheduled__2022-11-03T00:00:00+00:00 [running]> on host 238c1d4ff767
[2023-10-17T11:24:17.554+0000] {taskinstance.py:1662} INFO - Exporting env vars: AIRFLOW_CTX_DAG_OWNER='***' AIRFLOW_CTX_DAG_ID='copy_tranform_to_mongo' AIRFLOW_CTX_TASK_ID='waiting_for_data' AIRFLOW_CTX_EXECUTION_DATE='2022-11-03T00:00:00+00:00' AIRFLOW_CTX_TRY_NUMBER='1' AIRFLOW_CTX_DAG_RUN_ID='scheduled__2022-11-03T00:00:00+00:00'
[2023-10-17T11:24:17.564+0000] {base.py:73} INFO - Using connection ID 'fs_default' for task execution.
[2023-10-17T11:24:17.564+0000] {filesystem.py:64} INFO - Poking for file /opt/in/tiktok_google_play_reviews.csv
[2023-10-17T11:24:17.564+0000] {filesystem.py:69} INFO - Found File /opt/in/tiktok_google_play_reviews.csv last modified: 20220405221612
[2023-10-17T11:24:17.564+0000] {base.py:287} INFO - Success criteria met. Exiting.
[2023-10-17T11:24:17.576+0000] {taskinstance.py:1400} INFO - Marking task as SUCCESS. dag_id=copy_tranform_to_mongo, task_id=waiting_for_data, execution_date=20221103T000000, start_date=20231017T112417, end_date=20231017T112417
[2023-10-17T11:24:17.609+0000] {local_task_job_runner.py:228} INFO - Task exited with return code 0
[2023-10-17T11:24:17.624+0000] {taskinstance.py:2778} INFO - 0 downstream tasks scheduled from follow-on schedule check
[2023-10-18T11:49:01.912+0000] {taskinstance.py:1159} INFO - Dependencies all met for dep_context=non-requeueable deps ti=<TaskInstance: copy_tranform_to_mongo.waiting_for_data scheduled__2022-11-03T00:00:00+00:00 [queued]>
[2023-10-18T11:49:01.923+0000] {taskinstance.py:1159} INFO - Dependencies all met for dep_context=requeueable deps ti=<TaskInstance: copy_tranform_to_mongo.waiting_for_data scheduled__2022-11-03T00:00:00+00:00 [queued]>
[2023-10-18T11:49:01.923+0000] {taskinstance.py:1361} INFO - Starting attempt 1 of 1
[2023-10-18T11:49:01.937+0000] {taskinstance.py:1382} INFO - Executing <Task(FileSensor): waiting_for_data> on 2022-11-03 00:00:00+00:00
[2023-10-18T11:49:01.948+0000] {standard_task_runner.py:57} INFO - Started process 3222 to run task
[2023-10-18T11:49:01.951+0000] {standard_task_runner.py:84} INFO - Running: ['***', 'tasks', 'run', 'copy_tranform_to_mongo', 'waiting_for_data', 'scheduled__2022-11-03T00:00:00+00:00', '--job-id', '1304', '--raw', '--subdir', 'DAGS_FOLDER/file_***-mongo.py', '--cfg-path', '/tmp/tmpz5gbypfn']
[2023-10-18T11:49:01.952+0000] {standard_task_runner.py:85} INFO - Job 1304: Subtask waiting_for_data
[2023-10-18T11:49:02.036+0000] {task_command.py:416} INFO - Running <TaskInstance: copy_tranform_to_mongo.waiting_for_data scheduled__2022-11-03T00:00:00+00:00 [running]> on host 0e68aa52dfc7
[2023-10-18T11:49:02.189+0000] {taskinstance.py:1662} INFO - Exporting env vars: AIRFLOW_CTX_DAG_OWNER='***' AIRFLOW_CTX_DAG_ID='copy_tranform_to_mongo' AIRFLOW_CTX_TASK_ID='waiting_for_data' AIRFLOW_CTX_EXECUTION_DATE='2022-11-03T00:00:00+00:00' AIRFLOW_CTX_TRY_NUMBER='1' AIRFLOW_CTX_DAG_RUN_ID='scheduled__2022-11-03T00:00:00+00:00'
[2023-10-18T11:49:02.230+0000] {base.py:73} INFO - Using connection ID 'fs_default' for task execution.
[2023-10-18T11:49:02.231+0000] {filesystem.py:64} INFO - Poking for file /opt/in/tiktok_google_play_reviews.csv
[2023-10-18T11:49:02.231+0000] {filesystem.py:69} INFO - Found File /opt/in/tiktok_google_play_reviews.csv last modified: 20220405221612
[2023-10-18T11:49:02.231+0000] {base.py:287} INFO - Success criteria met. Exiting.
[2023-10-18T11:49:02.261+0000] {taskinstance.py:1400} INFO - Marking task as SUCCESS. dag_id=copy_tranform_to_mongo, task_id=waiting_for_data, execution_date=20221103T000000, start_date=20231018T114901, end_date=20231018T114902
[2023-10-18T11:49:02.294+0000] {local_task_job_runner.py:228} INFO - Task exited with return code 0
[2023-10-18T11:49:02.365+0000] {taskinstance.py:2778} INFO - 1 downstream tasks scheduled from follow-on schedule check
