[2023-10-17T11:20:34.555+0000] {taskinstance.py:1159} INFO - Dependencies all met for dep_context=non-requeueable deps ti=<TaskInstance: copy_tranform_to_mongo.waiting_for_data scheduled__2021-10-03T00:00:00+00:00 [queued]>
[2023-10-17T11:20:34.564+0000] {taskinstance.py:1159} INFO - Dependencies all met for dep_context=requeueable deps ti=<TaskInstance: copy_tranform_to_mongo.waiting_for_data scheduled__2021-10-03T00:00:00+00:00 [queued]>
[2023-10-17T11:20:34.564+0000] {taskinstance.py:1361} INFO - Starting attempt 1 of 1
[2023-10-17T11:20:34.577+0000] {taskinstance.py:1382} INFO - Executing <Task(FileSensor): waiting_for_data> on 2021-10-03 00:00:00+00:00
[2023-10-17T11:20:34.586+0000] {standard_task_runner.py:57} INFO - Started process 1000 to run task
[2023-10-17T11:20:34.588+0000] {standard_task_runner.py:84} INFO - Running: ['***', 'tasks', 'run', 'copy_tranform_to_mongo', 'waiting_for_data', 'scheduled__2021-10-03T00:00:00+00:00', '--job-id', '280', '--raw', '--subdir', 'DAGS_FOLDER/file_***-mongo.py', '--cfg-path', '/tmp/tmpue1vafd1']
[2023-10-17T11:20:34.589+0000] {standard_task_runner.py:85} INFO - Job 280: Subtask waiting_for_data
[2023-10-17T11:20:34.627+0000] {task_command.py:416} INFO - Running <TaskInstance: copy_tranform_to_mongo.waiting_for_data scheduled__2021-10-03T00:00:00+00:00 [running]> on host 238c1d4ff767
[2023-10-17T11:20:34.691+0000] {taskinstance.py:1662} INFO - Exporting env vars: AIRFLOW_CTX_DAG_OWNER='***' AIRFLOW_CTX_DAG_ID='copy_tranform_to_mongo' AIRFLOW_CTX_TASK_ID='waiting_for_data' AIRFLOW_CTX_EXECUTION_DATE='2021-10-03T00:00:00+00:00' AIRFLOW_CTX_TRY_NUMBER='1' AIRFLOW_CTX_DAG_RUN_ID='scheduled__2021-10-03T00:00:00+00:00'
[2023-10-17T11:20:34.698+0000] {base.py:73} INFO - Using connection ID 'fs_default' for task execution.
[2023-10-17T11:20:34.698+0000] {filesystem.py:64} INFO - Poking for file /opt/in/tiktok_google_play_reviews.csv
[2023-10-17T11:20:34.698+0000] {filesystem.py:69} INFO - Found File /opt/in/tiktok_google_play_reviews.csv last modified: 20220405221612
[2023-10-17T11:20:34.698+0000] {base.py:287} INFO - Success criteria met. Exiting.
[2023-10-17T11:20:34.704+0000] {taskinstance.py:1400} INFO - Marking task as SUCCESS. dag_id=copy_tranform_to_mongo, task_id=waiting_for_data, execution_date=20211003T000000, start_date=20231017T112034, end_date=20231017T112034
[2023-10-17T11:20:34.721+0000] {local_task_job_runner.py:228} INFO - Task exited with return code 0
[2023-10-17T11:20:34.734+0000] {taskinstance.py:2778} INFO - 0 downstream tasks scheduled from follow-on schedule check
[2023-10-18T11:45:00.935+0000] {taskinstance.py:1159} INFO - Dependencies all met for dep_context=non-requeueable deps ti=<TaskInstance: copy_tranform_to_mongo.waiting_for_data scheduled__2021-10-03T00:00:00+00:00 [queued]>
[2023-10-18T11:45:00.946+0000] {taskinstance.py:1159} INFO - Dependencies all met for dep_context=requeueable deps ti=<TaskInstance: copy_tranform_to_mongo.waiting_for_data scheduled__2021-10-03T00:00:00+00:00 [queued]>
[2023-10-18T11:45:00.946+0000] {taskinstance.py:1361} INFO - Starting attempt 1 of 1
[2023-10-18T11:45:00.964+0000] {taskinstance.py:1382} INFO - Executing <Task(FileSensor): waiting_for_data> on 2021-10-03 00:00:00+00:00
[2023-10-18T11:45:00.972+0000] {standard_task_runner.py:57} INFO - Started process 1585 to run task
[2023-10-18T11:45:00.976+0000] {standard_task_runner.py:84} INFO - Running: ['***', 'tasks', 'run', 'copy_tranform_to_mongo', 'waiting_for_data', 'scheduled__2021-10-03T00:00:00+00:00', '--job-id', '513', '--raw', '--subdir', 'DAGS_FOLDER/file_***-mongo.py', '--cfg-path', '/tmp/tmpbl884kln']
[2023-10-18T11:45:00.977+0000] {standard_task_runner.py:85} INFO - Job 513: Subtask waiting_for_data
[2023-10-18T11:45:01.034+0000] {task_command.py:416} INFO - Running <TaskInstance: copy_tranform_to_mongo.waiting_for_data scheduled__2021-10-03T00:00:00+00:00 [running]> on host 0e68aa52dfc7
[2023-10-18T11:45:01.159+0000] {taskinstance.py:1662} INFO - Exporting env vars: AIRFLOW_CTX_DAG_OWNER='***' AIRFLOW_CTX_DAG_ID='copy_tranform_to_mongo' AIRFLOW_CTX_TASK_ID='waiting_for_data' AIRFLOW_CTX_EXECUTION_DATE='2021-10-03T00:00:00+00:00' AIRFLOW_CTX_TRY_NUMBER='1' AIRFLOW_CTX_DAG_RUN_ID='scheduled__2021-10-03T00:00:00+00:00'
[2023-10-18T11:45:01.174+0000] {base.py:73} INFO - Using connection ID 'fs_default' for task execution.
[2023-10-18T11:45:01.177+0000] {filesystem.py:64} INFO - Poking for file /opt/in/tiktok_google_play_reviews.csv
[2023-10-18T11:45:01.178+0000] {filesystem.py:69} INFO - Found File /opt/in/tiktok_google_play_reviews.csv last modified: 20220405221612
[2023-10-18T11:45:01.178+0000] {base.py:287} INFO - Success criteria met. Exiting.
[2023-10-18T11:45:01.190+0000] {taskinstance.py:1400} INFO - Marking task as SUCCESS. dag_id=copy_tranform_to_mongo, task_id=waiting_for_data, execution_date=20211003T000000, start_date=20231018T114500, end_date=20231018T114501
[2023-10-18T11:45:01.231+0000] {local_task_job_runner.py:228} INFO - Task exited with return code 0
[2023-10-18T11:45:01.272+0000] {taskinstance.py:2778} INFO - 1 downstream tasks scheduled from follow-on schedule check
