[2023-10-17T11:24:43.096+0000] {taskinstance.py:1159} INFO - Dependencies all met for dep_context=non-requeueable deps ti=<TaskInstance: copy_tranform_to_mongo.waiting_for_data scheduled__2022-12-05T00:00:00+00:00 [queued]>
[2023-10-17T11:24:43.106+0000] {taskinstance.py:1159} INFO - Dependencies all met for dep_context=requeueable deps ti=<TaskInstance: copy_tranform_to_mongo.waiting_for_data scheduled__2022-12-05T00:00:00+00:00 [queued]>
[2023-10-17T11:24:43.106+0000] {taskinstance.py:1361} INFO - Starting attempt 1 of 1
[2023-10-17T11:24:43.142+0000] {taskinstance.py:1382} INFO - Executing <Task(FileSensor): waiting_for_data> on 2022-12-05 00:00:00+00:00
[2023-10-17T11:24:43.148+0000] {standard_task_runner.py:57} INFO - Started process 1920 to run task
[2023-10-17T11:24:43.150+0000] {standard_task_runner.py:84} INFO - Running: ['***', 'tasks', 'run', 'copy_tranform_to_mongo', 'waiting_for_data', 'scheduled__2022-12-05T00:00:00+00:00', '--job-id', '708', '--raw', '--subdir', 'DAGS_FOLDER/file_***-mongo.py', '--cfg-path', '/tmp/tmp09eyjt3w']
[2023-10-17T11:24:43.151+0000] {standard_task_runner.py:85} INFO - Job 708: Subtask waiting_for_data
[2023-10-17T11:24:43.193+0000] {task_command.py:416} INFO - Running <TaskInstance: copy_tranform_to_mongo.waiting_for_data scheduled__2022-12-05T00:00:00+00:00 [running]> on host 238c1d4ff767
[2023-10-17T11:24:43.267+0000] {taskinstance.py:1662} INFO - Exporting env vars: AIRFLOW_CTX_DAG_OWNER='***' AIRFLOW_CTX_DAG_ID='copy_tranform_to_mongo' AIRFLOW_CTX_TASK_ID='waiting_for_data' AIRFLOW_CTX_EXECUTION_DATE='2022-12-05T00:00:00+00:00' AIRFLOW_CTX_TRY_NUMBER='1' AIRFLOW_CTX_DAG_RUN_ID='scheduled__2022-12-05T00:00:00+00:00'
[2023-10-17T11:24:43.276+0000] {base.py:73} INFO - Using connection ID 'fs_default' for task execution.
[2023-10-17T11:24:43.277+0000] {filesystem.py:64} INFO - Poking for file /opt/in/tiktok_google_play_reviews.csv
[2023-10-17T11:24:43.277+0000] {filesystem.py:69} INFO - Found File /opt/in/tiktok_google_play_reviews.csv last modified: 20220405221612
[2023-10-17T11:24:43.277+0000] {base.py:287} INFO - Success criteria met. Exiting.
[2023-10-17T11:24:43.286+0000] {taskinstance.py:1400} INFO - Marking task as SUCCESS. dag_id=copy_tranform_to_mongo, task_id=waiting_for_data, execution_date=20221205T000000, start_date=20231017T112443, end_date=20231017T112443
[2023-10-17T11:24:43.323+0000] {local_task_job_runner.py:228} INFO - Task exited with return code 0
[2023-10-17T11:24:43.339+0000] {taskinstance.py:2778} INFO - 0 downstream tasks scheduled from follow-on schedule check
[2023-10-18T11:49:41.846+0000] {taskinstance.py:1159} INFO - Dependencies all met for dep_context=non-requeueable deps ti=<TaskInstance: copy_tranform_to_mongo.waiting_for_data scheduled__2022-12-05T00:00:00+00:00 [queued]>
[2023-10-18T11:49:41.855+0000] {taskinstance.py:1159} INFO - Dependencies all met for dep_context=requeueable deps ti=<TaskInstance: copy_tranform_to_mongo.waiting_for_data scheduled__2022-12-05T00:00:00+00:00 [queued]>
[2023-10-18T11:49:41.855+0000] {taskinstance.py:1361} INFO - Starting attempt 1 of 1
[2023-10-18T11:49:41.868+0000] {taskinstance.py:1382} INFO - Executing <Task(FileSensor): waiting_for_data> on 2022-12-05 00:00:00+00:00
[2023-10-18T11:49:41.874+0000] {standard_task_runner.py:57} INFO - Started process 3369 to run task
[2023-10-18T11:49:41.877+0000] {standard_task_runner.py:84} INFO - Running: ['***', 'tasks', 'run', 'copy_tranform_to_mongo', 'waiting_for_data', 'scheduled__2022-12-05T00:00:00+00:00', '--job-id', '1370', '--raw', '--subdir', 'DAGS_FOLDER/file_***-mongo.py', '--cfg-path', '/tmp/tmpad15d9lf']
[2023-10-18T11:49:41.877+0000] {standard_task_runner.py:85} INFO - Job 1370: Subtask waiting_for_data
[2023-10-18T11:49:41.926+0000] {task_command.py:416} INFO - Running <TaskInstance: copy_tranform_to_mongo.waiting_for_data scheduled__2022-12-05T00:00:00+00:00 [running]> on host 0e68aa52dfc7
[2023-10-18T11:49:41.989+0000] {taskinstance.py:1662} INFO - Exporting env vars: AIRFLOW_CTX_DAG_OWNER='***' AIRFLOW_CTX_DAG_ID='copy_tranform_to_mongo' AIRFLOW_CTX_TASK_ID='waiting_for_data' AIRFLOW_CTX_EXECUTION_DATE='2022-12-05T00:00:00+00:00' AIRFLOW_CTX_TRY_NUMBER='1' AIRFLOW_CTX_DAG_RUN_ID='scheduled__2022-12-05T00:00:00+00:00'
[2023-10-18T11:49:41.997+0000] {base.py:73} INFO - Using connection ID 'fs_default' for task execution.
[2023-10-18T11:49:41.998+0000] {filesystem.py:64} INFO - Poking for file /opt/in/tiktok_google_play_reviews.csv
[2023-10-18T11:49:41.999+0000] {filesystem.py:69} INFO - Found File /opt/in/tiktok_google_play_reviews.csv last modified: 20220405221612
[2023-10-18T11:49:41.999+0000] {base.py:287} INFO - Success criteria met. Exiting.
[2023-10-18T11:49:42.006+0000] {taskinstance.py:1400} INFO - Marking task as SUCCESS. dag_id=copy_tranform_to_mongo, task_id=waiting_for_data, execution_date=20221205T000000, start_date=20231018T114941, end_date=20231018T114942
[2023-10-18T11:49:42.049+0000] {local_task_job_runner.py:228} INFO - Task exited with return code 0
[2023-10-18T11:49:42.073+0000] {taskinstance.py:2778} INFO - 1 downstream tasks scheduled from follow-on schedule check
