[2023-10-17T11:27:03.141+0000] {taskinstance.py:1159} INFO - Dependencies all met for dep_context=non-requeueable deps ti=<TaskInstance: copy_tranform_to_mongo.waiting_for_data scheduled__2023-08-11T00:00:00+00:00 [queued]>
[2023-10-17T11:27:03.146+0000] {taskinstance.py:1159} INFO - Dependencies all met for dep_context=requeueable deps ti=<TaskInstance: copy_tranform_to_mongo.waiting_for_data scheduled__2023-08-11T00:00:00+00:00 [queued]>
[2023-10-17T11:27:03.146+0000] {taskinstance.py:1361} INFO - Starting attempt 1 of 1
[2023-10-17T11:27:03.159+0000] {taskinstance.py:1382} INFO - Executing <Task(FileSensor): waiting_for_data> on 2023-08-11 00:00:00+00:00
[2023-10-17T11:27:03.163+0000] {standard_task_runner.py:57} INFO - Started process 2448 to run task
[2023-10-17T11:27:03.165+0000] {standard_task_runner.py:84} INFO - Running: ['***', 'tasks', 'run', 'copy_tranform_to_mongo', 'waiting_for_data', 'scheduled__2023-08-11T00:00:00+00:00', '--job-id', '957', '--raw', '--subdir', 'DAGS_FOLDER/file_***-mongo.py', '--cfg-path', '/tmp/tmp9nf2dn0g']
[2023-10-17T11:27:03.166+0000] {standard_task_runner.py:85} INFO - Job 957: Subtask waiting_for_data
[2023-10-17T11:27:03.205+0000] {task_command.py:416} INFO - Running <TaskInstance: copy_tranform_to_mongo.waiting_for_data scheduled__2023-08-11T00:00:00+00:00 [running]> on host 238c1d4ff767
[2023-10-17T11:27:03.272+0000] {taskinstance.py:1662} INFO - Exporting env vars: AIRFLOW_CTX_DAG_OWNER='***' AIRFLOW_CTX_DAG_ID='copy_tranform_to_mongo' AIRFLOW_CTX_TASK_ID='waiting_for_data' AIRFLOW_CTX_EXECUTION_DATE='2023-08-11T00:00:00+00:00' AIRFLOW_CTX_TRY_NUMBER='1' AIRFLOW_CTX_DAG_RUN_ID='scheduled__2023-08-11T00:00:00+00:00'
[2023-10-17T11:27:03.279+0000] {base.py:73} INFO - Using connection ID 'fs_default' for task execution.
[2023-10-17T11:27:03.280+0000] {filesystem.py:64} INFO - Poking for file /opt/in/tiktok_google_play_reviews.csv
[2023-10-17T11:27:03.280+0000] {filesystem.py:69} INFO - Found File /opt/in/tiktok_google_play_reviews.csv last modified: 20220405221612
[2023-10-17T11:27:03.280+0000] {base.py:287} INFO - Success criteria met. Exiting.
[2023-10-17T11:27:03.288+0000] {taskinstance.py:1400} INFO - Marking task as SUCCESS. dag_id=copy_tranform_to_mongo, task_id=waiting_for_data, execution_date=20230811T000000, start_date=20231017T112703, end_date=20231017T112703
[2023-10-17T11:27:03.337+0000] {local_task_job_runner.py:228} INFO - Task exited with return code 0
[2023-10-17T11:27:03.349+0000] {taskinstance.py:2778} INFO - 0 downstream tasks scheduled from follow-on schedule check
[2023-10-18T11:52:11.553+0000] {taskinstance.py:1159} INFO - Dependencies all met for dep_context=non-requeueable deps ti=<TaskInstance: copy_tranform_to_mongo.waiting_for_data scheduled__2023-08-11T00:00:00+00:00 [queued]>
[2023-10-18T11:52:11.565+0000] {taskinstance.py:1159} INFO - Dependencies all met for dep_context=requeueable deps ti=<TaskInstance: copy_tranform_to_mongo.waiting_for_data scheduled__2023-08-11T00:00:00+00:00 [queued]>
[2023-10-18T11:52:11.565+0000] {taskinstance.py:1361} INFO - Starting attempt 1 of 1
[2023-10-18T11:52:11.582+0000] {taskinstance.py:1382} INFO - Executing <Task(FileSensor): waiting_for_data> on 2023-08-11 00:00:00+00:00
[2023-10-18T11:52:11.595+0000] {standard_task_runner.py:57} INFO - Started process 4395 to run task
[2023-10-18T11:52:11.603+0000] {standard_task_runner.py:84} INFO - Running: ['***', 'tasks', 'run', 'copy_tranform_to_mongo', 'waiting_for_data', 'scheduled__2023-08-11T00:00:00+00:00', '--job-id', '1865', '--raw', '--subdir', 'DAGS_FOLDER/file_***-mongo.py', '--cfg-path', '/tmp/tmpla782avu']
[2023-10-18T11:52:11.605+0000] {standard_task_runner.py:85} INFO - Job 1865: Subtask waiting_for_data
[2023-10-18T11:52:11.664+0000] {task_command.py:416} INFO - Running <TaskInstance: copy_tranform_to_mongo.waiting_for_data scheduled__2023-08-11T00:00:00+00:00 [running]> on host 0e68aa52dfc7
[2023-10-18T11:52:11.751+0000] {taskinstance.py:1662} INFO - Exporting env vars: AIRFLOW_CTX_DAG_OWNER='***' AIRFLOW_CTX_DAG_ID='copy_tranform_to_mongo' AIRFLOW_CTX_TASK_ID='waiting_for_data' AIRFLOW_CTX_EXECUTION_DATE='2023-08-11T00:00:00+00:00' AIRFLOW_CTX_TRY_NUMBER='1' AIRFLOW_CTX_DAG_RUN_ID='scheduled__2023-08-11T00:00:00+00:00'
[2023-10-18T11:52:11.764+0000] {base.py:73} INFO - Using connection ID 'fs_default' for task execution.
[2023-10-18T11:52:11.767+0000] {filesystem.py:64} INFO - Poking for file /opt/in/tiktok_google_play_reviews.csv
[2023-10-18T11:52:11.767+0000] {filesystem.py:69} INFO - Found File /opt/in/tiktok_google_play_reviews.csv last modified: 20220405221612
[2023-10-18T11:52:11.768+0000] {base.py:287} INFO - Success criteria met. Exiting.
[2023-10-18T11:52:11.779+0000] {taskinstance.py:1400} INFO - Marking task as SUCCESS. dag_id=copy_tranform_to_mongo, task_id=waiting_for_data, execution_date=20230811T000000, start_date=20231018T115211, end_date=20231018T115211
[2023-10-18T11:52:11.822+0000] {local_task_job_runner.py:228} INFO - Task exited with return code 0
[2023-10-18T11:52:11.896+0000] {taskinstance.py:2778} INFO - 0 downstream tasks scheduled from follow-on schedule check
