[2023-10-17T11:20:29.112+0000] {taskinstance.py:1159} INFO - Dependencies all met for dep_context=non-requeueable deps ti=<TaskInstance: copy_tranform_to_mongo.waiting_for_data scheduled__2021-09-21T00:00:00+00:00 [queued]>
[2023-10-17T11:20:29.120+0000] {taskinstance.py:1159} INFO - Dependencies all met for dep_context=requeueable deps ti=<TaskInstance: copy_tranform_to_mongo.waiting_for_data scheduled__2021-09-21T00:00:00+00:00 [queued]>
[2023-10-17T11:20:29.120+0000] {taskinstance.py:1361} INFO - Starting attempt 1 of 1
[2023-10-17T11:20:29.132+0000] {taskinstance.py:1382} INFO - Executing <Task(FileSensor): waiting_for_data> on 2021-09-21 00:00:00+00:00
[2023-10-17T11:20:29.138+0000] {standard_task_runner.py:57} INFO - Started process 976 to run task
[2023-10-17T11:20:29.141+0000] {standard_task_runner.py:84} INFO - Running: ['***', 'tasks', 'run', 'copy_tranform_to_mongo', 'waiting_for_data', 'scheduled__2021-09-21T00:00:00+00:00', '--job-id', '268', '--raw', '--subdir', 'DAGS_FOLDER/file_***-mongo.py', '--cfg-path', '/tmp/tmpdfebknkd']
[2023-10-17T11:20:29.142+0000] {standard_task_runner.py:85} INFO - Job 268: Subtask waiting_for_data
[2023-10-17T11:20:29.181+0000] {task_command.py:416} INFO - Running <TaskInstance: copy_tranform_to_mongo.waiting_for_data scheduled__2021-09-21T00:00:00+00:00 [running]> on host 238c1d4ff767
[2023-10-17T11:20:29.240+0000] {taskinstance.py:1662} INFO - Exporting env vars: AIRFLOW_CTX_DAG_OWNER='***' AIRFLOW_CTX_DAG_ID='copy_tranform_to_mongo' AIRFLOW_CTX_TASK_ID='waiting_for_data' AIRFLOW_CTX_EXECUTION_DATE='2021-09-21T00:00:00+00:00' AIRFLOW_CTX_TRY_NUMBER='1' AIRFLOW_CTX_DAG_RUN_ID='scheduled__2021-09-21T00:00:00+00:00'
[2023-10-17T11:20:29.248+0000] {base.py:73} INFO - Using connection ID 'fs_default' for task execution.
[2023-10-17T11:20:29.248+0000] {filesystem.py:64} INFO - Poking for file /opt/in/tiktok_google_play_reviews.csv
[2023-10-17T11:20:29.248+0000] {filesystem.py:69} INFO - Found File /opt/in/tiktok_google_play_reviews.csv last modified: 20220405221612
[2023-10-17T11:20:29.249+0000] {base.py:287} INFO - Success criteria met. Exiting.
[2023-10-17T11:20:29.255+0000] {taskinstance.py:1400} INFO - Marking task as SUCCESS. dag_id=copy_tranform_to_mongo, task_id=waiting_for_data, execution_date=20210921T000000, start_date=20231017T112029, end_date=20231017T112029
[2023-10-17T11:20:29.272+0000] {local_task_job_runner.py:228} INFO - Task exited with return code 0
[2023-10-17T11:20:29.288+0000] {taskinstance.py:2778} INFO - 0 downstream tasks scheduled from follow-on schedule check
[2023-10-18T10:48:19.355+0000] {taskinstance.py:1159} INFO - Dependencies all met for dep_context=non-requeueable deps ti=<TaskInstance: copy_tranform_to_mongo.waiting_for_data scheduled__2021-09-21T00:00:00+00:00 [queued]>
[2023-10-18T10:48:19.369+0000] {taskinstance.py:1159} INFO - Dependencies all met for dep_context=requeueable deps ti=<TaskInstance: copy_tranform_to_mongo.waiting_for_data scheduled__2021-09-21T00:00:00+00:00 [queued]>
[2023-10-18T10:48:19.370+0000] {taskinstance.py:1361} INFO - Starting attempt 1 of 1
[2023-10-18T10:48:19.386+0000] {taskinstance.py:1382} INFO - Executing <Task(FileSensor): waiting_for_data> on 2021-09-21 00:00:00+00:00
[2023-10-18T10:48:19.397+0000] {standard_task_runner.py:57} INFO - Started process 2123 to run task
[2023-10-18T10:48:19.401+0000] {standard_task_runner.py:84} INFO - Running: ['***', 'tasks', 'run', 'copy_tranform_to_mongo', 'waiting_for_data', 'scheduled__2021-09-21T00:00:00+00:00', '--job-id', '325', '--raw', '--subdir', 'DAGS_FOLDER/file_***-mongo.py', '--cfg-path', '/tmp/tmpbgg_c9vk']
[2023-10-18T10:48:19.402+0000] {standard_task_runner.py:85} INFO - Job 325: Subtask waiting_for_data
[2023-10-18T10:48:19.480+0000] {task_command.py:416} INFO - Running <TaskInstance: copy_tranform_to_mongo.waiting_for_data scheduled__2021-09-21T00:00:00+00:00 [running]> on host 2473b23ba069
[2023-10-18T10:48:19.653+0000] {taskinstance.py:1662} INFO - Exporting env vars: AIRFLOW_CTX_DAG_OWNER='***' AIRFLOW_CTX_DAG_ID='copy_tranform_to_mongo' AIRFLOW_CTX_TASK_ID='waiting_for_data' AIRFLOW_CTX_EXECUTION_DATE='2021-09-21T00:00:00+00:00' AIRFLOW_CTX_TRY_NUMBER='1' AIRFLOW_CTX_DAG_RUN_ID='scheduled__2021-09-21T00:00:00+00:00'
[2023-10-18T10:48:19.668+0000] {base.py:73} INFO - Using connection ID 'fs_default' for task execution.
[2023-10-18T10:48:19.668+0000] {filesystem.py:64} INFO - Poking for file /opt/in/tiktok_google_play_reviews.csv
[2023-10-18T10:48:19.668+0000] {filesystem.py:69} INFO - Found File /opt/in/tiktok_google_play_reviews.csv last modified: 20220405221612
[2023-10-18T10:48:19.668+0000] {base.py:287} INFO - Success criteria met. Exiting.
[2023-10-18T10:48:19.683+0000] {taskinstance.py:1400} INFO - Marking task as SUCCESS. dag_id=copy_tranform_to_mongo, task_id=waiting_for_data, execution_date=20210921T000000, start_date=20231018T104819, end_date=20231018T104819
[2023-10-18T10:48:19.750+0000] {local_task_job_runner.py:228} INFO - Task exited with return code 0
[2023-10-18T10:48:19.842+0000] {taskinstance.py:2778} INFO - 0 downstream tasks scheduled from follow-on schedule check
[2023-10-18T11:44:54.550+0000] {taskinstance.py:1159} INFO - Dependencies all met for dep_context=non-requeueable deps ti=<TaskInstance: copy_tranform_to_mongo.waiting_for_data scheduled__2021-09-21T00:00:00+00:00 [queued]>
[2023-10-18T11:44:54.558+0000] {taskinstance.py:1159} INFO - Dependencies all met for dep_context=requeueable deps ti=<TaskInstance: copy_tranform_to_mongo.waiting_for_data scheduled__2021-09-21T00:00:00+00:00 [queued]>
[2023-10-18T11:44:54.558+0000] {taskinstance.py:1361} INFO - Starting attempt 1 of 1
[2023-10-18T11:44:54.570+0000] {taskinstance.py:1382} INFO - Executing <Task(FileSensor): waiting_for_data> on 2021-09-21 00:00:00+00:00
[2023-10-18T11:44:54.575+0000] {standard_task_runner.py:57} INFO - Started process 1541 to run task
[2023-10-18T11:44:54.577+0000] {standard_task_runner.py:84} INFO - Running: ['***', 'tasks', 'run', 'copy_tranform_to_mongo', 'waiting_for_data', 'scheduled__2021-09-21T00:00:00+00:00', '--job-id', '492', '--raw', '--subdir', 'DAGS_FOLDER/file_***-mongo.py', '--cfg-path', '/tmp/tmpwordh7ik']
[2023-10-18T11:44:54.578+0000] {standard_task_runner.py:85} INFO - Job 492: Subtask waiting_for_data
[2023-10-18T11:44:54.617+0000] {task_command.py:416} INFO - Running <TaskInstance: copy_tranform_to_mongo.waiting_for_data scheduled__2021-09-21T00:00:00+00:00 [running]> on host 0e68aa52dfc7
[2023-10-18T11:44:54.686+0000] {taskinstance.py:1662} INFO - Exporting env vars: AIRFLOW_CTX_DAG_OWNER='***' AIRFLOW_CTX_DAG_ID='copy_tranform_to_mongo' AIRFLOW_CTX_TASK_ID='waiting_for_data' AIRFLOW_CTX_EXECUTION_DATE='2021-09-21T00:00:00+00:00' AIRFLOW_CTX_TRY_NUMBER='1' AIRFLOW_CTX_DAG_RUN_ID='scheduled__2021-09-21T00:00:00+00:00'
[2023-10-18T11:44:54.697+0000] {base.py:73} INFO - Using connection ID 'fs_default' for task execution.
[2023-10-18T11:44:54.698+0000] {filesystem.py:64} INFO - Poking for file /opt/in/tiktok_google_play_reviews.csv
[2023-10-18T11:44:54.698+0000] {filesystem.py:69} INFO - Found File /opt/in/tiktok_google_play_reviews.csv last modified: 20220405221612
[2023-10-18T11:44:54.698+0000] {base.py:287} INFO - Success criteria met. Exiting.
[2023-10-18T11:44:54.708+0000] {taskinstance.py:1400} INFO - Marking task as SUCCESS. dag_id=copy_tranform_to_mongo, task_id=waiting_for_data, execution_date=20210921T000000, start_date=20231018T114454, end_date=20231018T114454
[2023-10-18T11:44:54.749+0000] {local_task_job_runner.py:228} INFO - Task exited with return code 0
[2023-10-18T11:44:54.782+0000] {taskinstance.py:2778} INFO - 1 downstream tasks scheduled from follow-on schedule check
