[2023-10-17T11:21:42.490+0000] {taskinstance.py:1159} INFO - Dependencies all met for dep_context=non-requeueable deps ti=<TaskInstance: copy_tranform_to_mongo.waiting_for_data scheduled__2022-01-05T00:00:00+00:00 [queued]>
[2023-10-17T11:21:42.499+0000] {taskinstance.py:1159} INFO - Dependencies all met for dep_context=requeueable deps ti=<TaskInstance: copy_tranform_to_mongo.waiting_for_data scheduled__2022-01-05T00:00:00+00:00 [queued]>
[2023-10-17T11:21:42.500+0000] {taskinstance.py:1361} INFO - Starting attempt 1 of 1
[2023-10-17T11:21:42.517+0000] {taskinstance.py:1382} INFO - Executing <Task(FileSensor): waiting_for_data> on 2022-01-05 00:00:00+00:00
[2023-10-17T11:21:42.524+0000] {standard_task_runner.py:57} INFO - Started process 1205 to run task
[2023-10-17T11:21:42.527+0000] {standard_task_runner.py:84} INFO - Running: ['***', 'tasks', 'run', 'copy_tranform_to_mongo', 'waiting_for_data', 'scheduled__2022-01-05T00:00:00+00:00', '--job-id', '374', '--raw', '--subdir', 'DAGS_FOLDER/file_***-mongo.py', '--cfg-path', '/tmp/tmpxxf8ffx1']
[2023-10-17T11:21:42.527+0000] {standard_task_runner.py:85} INFO - Job 374: Subtask waiting_for_data
[2023-10-17T11:21:42.569+0000] {task_command.py:416} INFO - Running <TaskInstance: copy_tranform_to_mongo.waiting_for_data scheduled__2022-01-05T00:00:00+00:00 [running]> on host 238c1d4ff767
[2023-10-17T11:21:42.643+0000] {taskinstance.py:1662} INFO - Exporting env vars: AIRFLOW_CTX_DAG_OWNER='***' AIRFLOW_CTX_DAG_ID='copy_tranform_to_mongo' AIRFLOW_CTX_TASK_ID='waiting_for_data' AIRFLOW_CTX_EXECUTION_DATE='2022-01-05T00:00:00+00:00' AIRFLOW_CTX_TRY_NUMBER='1' AIRFLOW_CTX_DAG_RUN_ID='scheduled__2022-01-05T00:00:00+00:00'
[2023-10-17T11:21:42.652+0000] {base.py:73} INFO - Using connection ID 'fs_default' for task execution.
[2023-10-17T11:21:42.653+0000] {filesystem.py:64} INFO - Poking for file /opt/in/tiktok_google_play_reviews.csv
[2023-10-17T11:21:42.653+0000] {filesystem.py:69} INFO - Found File /opt/in/tiktok_google_play_reviews.csv last modified: 20220405221612
[2023-10-17T11:21:42.653+0000] {base.py:287} INFO - Success criteria met. Exiting.
[2023-10-17T11:21:42.662+0000] {taskinstance.py:1400} INFO - Marking task as SUCCESS. dag_id=copy_tranform_to_mongo, task_id=waiting_for_data, execution_date=20220105T000000, start_date=20231017T112142, end_date=20231017T112142
[2023-10-17T11:21:42.699+0000] {local_task_job_runner.py:228} INFO - Task exited with return code 0
[2023-10-17T11:21:42.718+0000] {taskinstance.py:2778} INFO - 0 downstream tasks scheduled from follow-on schedule check
[2023-10-18T11:45:57.316+0000] {taskinstance.py:1159} INFO - Dependencies all met for dep_context=non-requeueable deps ti=<TaskInstance: copy_tranform_to_mongo.waiting_for_data scheduled__2022-01-05T00:00:00+00:00 [queued]>
[2023-10-18T11:45:57.329+0000] {taskinstance.py:1159} INFO - Dependencies all met for dep_context=requeueable deps ti=<TaskInstance: copy_tranform_to_mongo.waiting_for_data scheduled__2022-01-05T00:00:00+00:00 [queued]>
[2023-10-18T11:45:57.329+0000] {taskinstance.py:1361} INFO - Starting attempt 1 of 1
[2023-10-18T11:45:57.346+0000] {taskinstance.py:1382} INFO - Executing <Task(FileSensor): waiting_for_data> on 2022-01-05 00:00:00+00:00
[2023-10-18T11:45:57.354+0000] {standard_task_runner.py:57} INFO - Started process 1972 to run task
[2023-10-18T11:45:57.356+0000] {standard_task_runner.py:84} INFO - Running: ['***', 'tasks', 'run', 'copy_tranform_to_mongo', 'waiting_for_data', 'scheduled__2022-01-05T00:00:00+00:00', '--job-id', '703', '--raw', '--subdir', 'DAGS_FOLDER/file_***-mongo.py', '--cfg-path', '/tmp/tmpexgoff05']
[2023-10-18T11:45:57.357+0000] {standard_task_runner.py:85} INFO - Job 703: Subtask waiting_for_data
[2023-10-18T11:45:57.405+0000] {task_command.py:416} INFO - Running <TaskInstance: copy_tranform_to_mongo.waiting_for_data scheduled__2022-01-05T00:00:00+00:00 [running]> on host 0e68aa52dfc7
[2023-10-18T11:45:57.485+0000] {taskinstance.py:1662} INFO - Exporting env vars: AIRFLOW_CTX_DAG_OWNER='***' AIRFLOW_CTX_DAG_ID='copy_tranform_to_mongo' AIRFLOW_CTX_TASK_ID='waiting_for_data' AIRFLOW_CTX_EXECUTION_DATE='2022-01-05T00:00:00+00:00' AIRFLOW_CTX_TRY_NUMBER='1' AIRFLOW_CTX_DAG_RUN_ID='scheduled__2022-01-05T00:00:00+00:00'
[2023-10-18T11:45:57.494+0000] {base.py:73} INFO - Using connection ID 'fs_default' for task execution.
[2023-10-18T11:45:57.495+0000] {filesystem.py:64} INFO - Poking for file /opt/in/tiktok_google_play_reviews.csv
[2023-10-18T11:45:57.495+0000] {filesystem.py:69} INFO - Found File /opt/in/tiktok_google_play_reviews.csv last modified: 20220405221612
[2023-10-18T11:45:57.495+0000] {base.py:287} INFO - Success criteria met. Exiting.
[2023-10-18T11:45:57.503+0000] {taskinstance.py:1400} INFO - Marking task as SUCCESS. dag_id=copy_tranform_to_mongo, task_id=waiting_for_data, execution_date=20220105T000000, start_date=20231018T114557, end_date=20231018T114557
[2023-10-18T11:45:57.529+0000] {local_task_job_runner.py:228} INFO - Task exited with return code 0
[2023-10-18T11:45:57.561+0000] {taskinstance.py:2778} INFO - 1 downstream tasks scheduled from follow-on schedule check
