[2023-10-17T11:25:19.255+0000] {taskinstance.py:1159} INFO - Dependencies all met for dep_context=non-requeueable deps ti=<TaskInstance: copy_tranform_to_mongo.waiting_for_data scheduled__2023-03-03T00:00:00+00:00 [queued]>
[2023-10-17T11:25:19.265+0000] {taskinstance.py:1159} INFO - Dependencies all met for dep_context=requeueable deps ti=<TaskInstance: copy_tranform_to_mongo.waiting_for_data scheduled__2023-03-03T00:00:00+00:00 [queued]>
[2023-10-17T11:25:19.266+0000] {taskinstance.py:1361} INFO - Starting attempt 1 of 1
[2023-10-17T11:25:19.300+0000] {taskinstance.py:1382} INFO - Executing <Task(FileSensor): waiting_for_data> on 2023-03-03 00:00:00+00:00
[2023-10-17T11:25:19.308+0000] {standard_task_runner.py:57} INFO - Started process 2104 to run task
[2023-10-17T11:25:19.311+0000] {standard_task_runner.py:84} INFO - Running: ['***', 'tasks', 'run', 'copy_tranform_to_mongo', 'waiting_for_data', 'scheduled__2023-03-03T00:00:00+00:00', '--job-id', '796', '--raw', '--subdir', 'DAGS_FOLDER/file_***-mongo.py', '--cfg-path', '/tmp/tmp440bjw1h']
[2023-10-17T11:25:19.312+0000] {standard_task_runner.py:85} INFO - Job 796: Subtask waiting_for_data
[2023-10-17T11:25:19.359+0000] {task_command.py:416} INFO - Running <TaskInstance: copy_tranform_to_mongo.waiting_for_data scheduled__2023-03-03T00:00:00+00:00 [running]> on host 238c1d4ff767
[2023-10-17T11:25:19.445+0000] {taskinstance.py:1662} INFO - Exporting env vars: AIRFLOW_CTX_DAG_OWNER='***' AIRFLOW_CTX_DAG_ID='copy_tranform_to_mongo' AIRFLOW_CTX_TASK_ID='waiting_for_data' AIRFLOW_CTX_EXECUTION_DATE='2023-03-03T00:00:00+00:00' AIRFLOW_CTX_TRY_NUMBER='1' AIRFLOW_CTX_DAG_RUN_ID='scheduled__2023-03-03T00:00:00+00:00'
[2023-10-17T11:25:19.455+0000] {base.py:73} INFO - Using connection ID 'fs_default' for task execution.
[2023-10-17T11:25:19.455+0000] {filesystem.py:64} INFO - Poking for file /opt/in/tiktok_google_play_reviews.csv
[2023-10-17T11:25:19.455+0000] {filesystem.py:69} INFO - Found File /opt/in/tiktok_google_play_reviews.csv last modified: 20220405221612
[2023-10-17T11:25:19.455+0000] {base.py:287} INFO - Success criteria met. Exiting.
[2023-10-17T11:25:19.465+0000] {taskinstance.py:1400} INFO - Marking task as SUCCESS. dag_id=copy_tranform_to_mongo, task_id=waiting_for_data, execution_date=20230303T000000, start_date=20231017T112519, end_date=20231017T112519
[2023-10-17T11:25:19.525+0000] {local_task_job_runner.py:228} INFO - Task exited with return code 0
[2023-10-17T11:25:19.538+0000] {taskinstance.py:2778} INFO - 0 downstream tasks scheduled from follow-on schedule check
[2023-10-18T11:50:34.885+0000] {taskinstance.py:1159} INFO - Dependencies all met for dep_context=non-requeueable deps ti=<TaskInstance: copy_tranform_to_mongo.waiting_for_data scheduled__2023-03-03T00:00:00+00:00 [queued]>
[2023-10-18T11:50:34.897+0000] {taskinstance.py:1159} INFO - Dependencies all met for dep_context=requeueable deps ti=<TaskInstance: copy_tranform_to_mongo.waiting_for_data scheduled__2023-03-03T00:00:00+00:00 [queued]>
[2023-10-18T11:50:34.898+0000] {taskinstance.py:1361} INFO - Starting attempt 1 of 1
[2023-10-18T11:50:34.916+0000] {taskinstance.py:1382} INFO - Executing <Task(FileSensor): waiting_for_data> on 2023-03-03 00:00:00+00:00
[2023-10-18T11:50:34.925+0000] {standard_task_runner.py:57} INFO - Started process 3728 to run task
[2023-10-18T11:50:34.928+0000] {standard_task_runner.py:84} INFO - Running: ['***', 'tasks', 'run', 'copy_tranform_to_mongo', 'waiting_for_data', 'scheduled__2023-03-03T00:00:00+00:00', '--job-id', '1544', '--raw', '--subdir', 'DAGS_FOLDER/file_***-mongo.py', '--cfg-path', '/tmp/tmpmupw1k9e']
[2023-10-18T11:50:34.929+0000] {standard_task_runner.py:85} INFO - Job 1544: Subtask waiting_for_data
[2023-10-18T11:50:34.983+0000] {task_command.py:416} INFO - Running <TaskInstance: copy_tranform_to_mongo.waiting_for_data scheduled__2023-03-03T00:00:00+00:00 [running]> on host 0e68aa52dfc7
[2023-10-18T11:50:35.072+0000] {taskinstance.py:1662} INFO - Exporting env vars: AIRFLOW_CTX_DAG_OWNER='***' AIRFLOW_CTX_DAG_ID='copy_tranform_to_mongo' AIRFLOW_CTX_TASK_ID='waiting_for_data' AIRFLOW_CTX_EXECUTION_DATE='2023-03-03T00:00:00+00:00' AIRFLOW_CTX_TRY_NUMBER='1' AIRFLOW_CTX_DAG_RUN_ID='scheduled__2023-03-03T00:00:00+00:00'
[2023-10-18T11:50:35.081+0000] {base.py:73} INFO - Using connection ID 'fs_default' for task execution.
[2023-10-18T11:50:35.082+0000] {filesystem.py:64} INFO - Poking for file /opt/in/tiktok_google_play_reviews.csv
[2023-10-18T11:50:35.082+0000] {filesystem.py:69} INFO - Found File /opt/in/tiktok_google_play_reviews.csv last modified: 20220405221612
[2023-10-18T11:50:35.082+0000] {base.py:287} INFO - Success criteria met. Exiting.
[2023-10-18T11:50:35.092+0000] {taskinstance.py:1400} INFO - Marking task as SUCCESS. dag_id=copy_tranform_to_mongo, task_id=waiting_for_data, execution_date=20230303T000000, start_date=20231018T115034, end_date=20231018T115035
[2023-10-18T11:50:35.145+0000] {local_task_job_runner.py:228} INFO - Task exited with return code 0
[2023-10-18T11:50:35.183+0000] {taskinstance.py:2778} INFO - 1 downstream tasks scheduled from follow-on schedule check
