[2023-10-17T11:24:01.172+0000] {taskinstance.py:1159} INFO - Dependencies all met for dep_context=non-requeueable deps ti=<TaskInstance: copy_tranform_to_mongo.waiting_for_data scheduled__2022-09-27T00:00:00+00:00 [queued]>
[2023-10-17T11:24:01.184+0000] {taskinstance.py:1159} INFO - Dependencies all met for dep_context=requeueable deps ti=<TaskInstance: copy_tranform_to_mongo.waiting_for_data scheduled__2022-09-27T00:00:00+00:00 [queued]>
[2023-10-17T11:24:01.184+0000] {taskinstance.py:1361} INFO - Starting attempt 1 of 1
[2023-10-17T11:24:01.201+0000] {taskinstance.py:1382} INFO - Executing <Task(FileSensor): waiting_for_data> on 2022-09-27 00:00:00+00:00
[2023-10-17T11:24:01.209+0000] {standard_task_runner.py:57} INFO - Started process 1766 to run task
[2023-10-17T11:24:01.213+0000] {standard_task_runner.py:84} INFO - Running: ['***', 'tasks', 'run', 'copy_tranform_to_mongo', 'waiting_for_data', 'scheduled__2022-09-27T00:00:00+00:00', '--job-id', '639', '--raw', '--subdir', 'DAGS_FOLDER/file_***-mongo.py', '--cfg-path', '/tmp/tmpbw6z1anc']
[2023-10-17T11:24:01.214+0000] {standard_task_runner.py:85} INFO - Job 639: Subtask waiting_for_data
[2023-10-17T11:24:01.258+0000] {task_command.py:416} INFO - Running <TaskInstance: copy_tranform_to_mongo.waiting_for_data scheduled__2022-09-27T00:00:00+00:00 [running]> on host 238c1d4ff767
[2023-10-17T11:24:01.337+0000] {taskinstance.py:1662} INFO - Exporting env vars: AIRFLOW_CTX_DAG_OWNER='***' AIRFLOW_CTX_DAG_ID='copy_tranform_to_mongo' AIRFLOW_CTX_TASK_ID='waiting_for_data' AIRFLOW_CTX_EXECUTION_DATE='2022-09-27T00:00:00+00:00' AIRFLOW_CTX_TRY_NUMBER='1' AIRFLOW_CTX_DAG_RUN_ID='scheduled__2022-09-27T00:00:00+00:00'
[2023-10-17T11:24:01.347+0000] {base.py:73} INFO - Using connection ID 'fs_default' for task execution.
[2023-10-17T11:24:01.347+0000] {filesystem.py:64} INFO - Poking for file /opt/in/tiktok_google_play_reviews.csv
[2023-10-17T11:24:01.348+0000] {filesystem.py:69} INFO - Found File /opt/in/tiktok_google_play_reviews.csv last modified: 20220405221612
[2023-10-17T11:24:01.348+0000] {base.py:287} INFO - Success criteria met. Exiting.
[2023-10-17T11:24:01.359+0000] {taskinstance.py:1400} INFO - Marking task as SUCCESS. dag_id=copy_tranform_to_mongo, task_id=waiting_for_data, execution_date=20220927T000000, start_date=20231017T112401, end_date=20231017T112401
[2023-10-17T11:24:01.425+0000] {local_task_job_runner.py:228} INFO - Task exited with return code 0
[2023-10-17T11:24:01.444+0000] {taskinstance.py:2778} INFO - 0 downstream tasks scheduled from follow-on schedule check
[2023-10-18T11:48:42.329+0000] {taskinstance.py:1159} INFO - Dependencies all met for dep_context=non-requeueable deps ti=<TaskInstance: copy_tranform_to_mongo.waiting_for_data scheduled__2022-09-27T00:00:00+00:00 [queued]>
[2023-10-18T11:48:42.337+0000] {taskinstance.py:1159} INFO - Dependencies all met for dep_context=requeueable deps ti=<TaskInstance: copy_tranform_to_mongo.waiting_for_data scheduled__2022-09-27T00:00:00+00:00 [queued]>
[2023-10-18T11:48:42.337+0000] {taskinstance.py:1361} INFO - Starting attempt 1 of 1
[2023-10-18T11:48:42.351+0000] {taskinstance.py:1382} INFO - Executing <Task(FileSensor): waiting_for_data> on 2022-09-27 00:00:00+00:00
[2023-10-18T11:48:42.358+0000] {standard_task_runner.py:57} INFO - Started process 3078 to run task
[2023-10-18T11:48:42.362+0000] {standard_task_runner.py:84} INFO - Running: ['***', 'tasks', 'run', 'copy_tranform_to_mongo', 'waiting_for_data', 'scheduled__2022-09-27T00:00:00+00:00', '--job-id', '1232', '--raw', '--subdir', 'DAGS_FOLDER/file_***-mongo.py', '--cfg-path', '/tmp/tmp28fgk5gj']
[2023-10-18T11:48:42.363+0000] {standard_task_runner.py:85} INFO - Job 1232: Subtask waiting_for_data
[2023-10-18T11:48:42.422+0000] {task_command.py:416} INFO - Running <TaskInstance: copy_tranform_to_mongo.waiting_for_data scheduled__2022-09-27T00:00:00+00:00 [running]> on host 0e68aa52dfc7
[2023-10-18T11:48:42.508+0000] {taskinstance.py:1662} INFO - Exporting env vars: AIRFLOW_CTX_DAG_OWNER='***' AIRFLOW_CTX_DAG_ID='copy_tranform_to_mongo' AIRFLOW_CTX_TASK_ID='waiting_for_data' AIRFLOW_CTX_EXECUTION_DATE='2022-09-27T00:00:00+00:00' AIRFLOW_CTX_TRY_NUMBER='1' AIRFLOW_CTX_DAG_RUN_ID='scheduled__2022-09-27T00:00:00+00:00'
[2023-10-18T11:48:42.518+0000] {base.py:73} INFO - Using connection ID 'fs_default' for task execution.
[2023-10-18T11:48:42.519+0000] {filesystem.py:64} INFO - Poking for file /opt/in/tiktok_google_play_reviews.csv
[2023-10-18T11:48:42.520+0000] {filesystem.py:69} INFO - Found File /opt/in/tiktok_google_play_reviews.csv last modified: 20220405221612
[2023-10-18T11:48:42.520+0000] {base.py:287} INFO - Success criteria met. Exiting.
[2023-10-18T11:48:42.531+0000] {taskinstance.py:1400} INFO - Marking task as SUCCESS. dag_id=copy_tranform_to_mongo, task_id=waiting_for_data, execution_date=20220927T000000, start_date=20231018T114842, end_date=20231018T114842
[2023-10-18T11:48:42.582+0000] {local_task_job_runner.py:228} INFO - Task exited with return code 0
[2023-10-18T11:48:42.609+0000] {taskinstance.py:2778} INFO - 1 downstream tasks scheduled from follow-on schedule check
