[2023-10-17T11:25:48.180+0000] {taskinstance.py:1159} INFO - Dependencies all met for dep_context=non-requeueable deps ti=<TaskInstance: copy_tranform_to_mongo.waiting_for_data scheduled__2023-05-10T00:00:00+00:00 [queued]>
[2023-10-17T11:25:48.187+0000] {taskinstance.py:1159} INFO - Dependencies all met for dep_context=requeueable deps ti=<TaskInstance: copy_tranform_to_mongo.waiting_for_data scheduled__2023-05-10T00:00:00+00:00 [queued]>
[2023-10-17T11:25:48.187+0000] {taskinstance.py:1361} INFO - Starting attempt 1 of 1
[2023-10-17T11:25:48.227+0000] {taskinstance.py:1382} INFO - Executing <Task(FileSensor): waiting_for_data> on 2023-05-10 00:00:00+00:00
[2023-10-17T11:25:48.233+0000] {standard_task_runner.py:57} INFO - Started process 2248 to run task
[2023-10-17T11:25:48.236+0000] {standard_task_runner.py:84} INFO - Running: ['***', 'tasks', 'run', 'copy_tranform_to_mongo', 'waiting_for_data', 'scheduled__2023-05-10T00:00:00+00:00', '--job-id', '864', '--raw', '--subdir', 'DAGS_FOLDER/file_***-mongo.py', '--cfg-path', '/tmp/tmpt14zbf9g']
[2023-10-17T11:25:48.237+0000] {standard_task_runner.py:85} INFO - Job 864: Subtask waiting_for_data
[2023-10-17T11:25:48.281+0000] {task_command.py:416} INFO - Running <TaskInstance: copy_tranform_to_mongo.waiting_for_data scheduled__2023-05-10T00:00:00+00:00 [running]> on host 238c1d4ff767
[2023-10-17T11:25:48.362+0000] {taskinstance.py:1662} INFO - Exporting env vars: AIRFLOW_CTX_DAG_OWNER='***' AIRFLOW_CTX_DAG_ID='copy_tranform_to_mongo' AIRFLOW_CTX_TASK_ID='waiting_for_data' AIRFLOW_CTX_EXECUTION_DATE='2023-05-10T00:00:00+00:00' AIRFLOW_CTX_TRY_NUMBER='1' AIRFLOW_CTX_DAG_RUN_ID='scheduled__2023-05-10T00:00:00+00:00'
[2023-10-17T11:25:48.372+0000] {base.py:73} INFO - Using connection ID 'fs_default' for task execution.
[2023-10-17T11:25:48.372+0000] {filesystem.py:64} INFO - Poking for file /opt/in/tiktok_google_play_reviews.csv
[2023-10-17T11:25:48.373+0000] {filesystem.py:69} INFO - Found File /opt/in/tiktok_google_play_reviews.csv last modified: 20220405221612
[2023-10-17T11:25:48.373+0000] {base.py:287} INFO - Success criteria met. Exiting.
[2023-10-17T11:25:48.382+0000] {taskinstance.py:1400} INFO - Marking task as SUCCESS. dag_id=copy_tranform_to_mongo, task_id=waiting_for_data, execution_date=20230510T000000, start_date=20231017T112548, end_date=20231017T112548
[2023-10-17T11:25:48.408+0000] {local_task_job_runner.py:228} INFO - Task exited with return code 0
[2023-10-17T11:25:48.423+0000] {taskinstance.py:2778} INFO - 0 downstream tasks scheduled from follow-on schedule check
[2023-10-18T11:51:16.274+0000] {taskinstance.py:1159} INFO - Dependencies all met for dep_context=non-requeueable deps ti=<TaskInstance: copy_tranform_to_mongo.waiting_for_data scheduled__2023-05-10T00:00:00+00:00 [queued]>
[2023-10-18T11:51:16.288+0000] {taskinstance.py:1159} INFO - Dependencies all met for dep_context=requeueable deps ti=<TaskInstance: copy_tranform_to_mongo.waiting_for_data scheduled__2023-05-10T00:00:00+00:00 [queued]>
[2023-10-18T11:51:16.289+0000] {taskinstance.py:1361} INFO - Starting attempt 1 of 1
[2023-10-18T11:51:16.306+0000] {taskinstance.py:1382} INFO - Executing <Task(FileSensor): waiting_for_data> on 2023-05-10 00:00:00+00:00
[2023-10-18T11:51:16.336+0000] {standard_task_runner.py:57} INFO - Started process 4009 to run task
[2023-10-18T11:51:16.339+0000] {standard_task_runner.py:84} INFO - Running: ['***', 'tasks', 'run', 'copy_tranform_to_mongo', 'waiting_for_data', 'scheduled__2023-05-10T00:00:00+00:00', '--job-id', '1681', '--raw', '--subdir', 'DAGS_FOLDER/file_***-mongo.py', '--cfg-path', '/tmp/tmp0ql4k_cg']
[2023-10-18T11:51:16.340+0000] {standard_task_runner.py:85} INFO - Job 1681: Subtask waiting_for_data
[2023-10-18T11:51:16.387+0000] {task_command.py:416} INFO - Running <TaskInstance: copy_tranform_to_mongo.waiting_for_data scheduled__2023-05-10T00:00:00+00:00 [running]> on host 0e68aa52dfc7
[2023-10-18T11:51:16.466+0000] {taskinstance.py:1662} INFO - Exporting env vars: AIRFLOW_CTX_DAG_OWNER='***' AIRFLOW_CTX_DAG_ID='copy_tranform_to_mongo' AIRFLOW_CTX_TASK_ID='waiting_for_data' AIRFLOW_CTX_EXECUTION_DATE='2023-05-10T00:00:00+00:00' AIRFLOW_CTX_TRY_NUMBER='1' AIRFLOW_CTX_DAG_RUN_ID='scheduled__2023-05-10T00:00:00+00:00'
[2023-10-18T11:51:16.479+0000] {base.py:73} INFO - Using connection ID 'fs_default' for task execution.
[2023-10-18T11:51:16.480+0000] {filesystem.py:64} INFO - Poking for file /opt/in/tiktok_google_play_reviews.csv
[2023-10-18T11:51:16.481+0000] {filesystem.py:69} INFO - Found File /opt/in/tiktok_google_play_reviews.csv last modified: 20220405221612
[2023-10-18T11:51:16.481+0000] {base.py:287} INFO - Success criteria met. Exiting.
[2023-10-18T11:51:16.490+0000] {taskinstance.py:1400} INFO - Marking task as SUCCESS. dag_id=copy_tranform_to_mongo, task_id=waiting_for_data, execution_date=20230510T000000, start_date=20231018T115116, end_date=20231018T115116
[2023-10-18T11:51:16.513+0000] {local_task_job_runner.py:228} INFO - Task exited with return code 0
[2023-10-18T11:51:16.544+0000] {taskinstance.py:2778} INFO - 1 downstream tasks scheduled from follow-on schedule check
