[2023-10-17T11:22:33.675+0000] {taskinstance.py:1159} INFO - Dependencies all met for dep_context=non-requeueable deps ti=<TaskInstance: copy_tranform_to_mongo.waiting_for_data scheduled__2022-05-11T00:00:00+00:00 [queued]>
[2023-10-17T11:22:33.683+0000] {taskinstance.py:1159} INFO - Dependencies all met for dep_context=requeueable deps ti=<TaskInstance: copy_tranform_to_mongo.waiting_for_data scheduled__2022-05-11T00:00:00+00:00 [queued]>
[2023-10-17T11:22:33.683+0000] {taskinstance.py:1361} INFO - Starting attempt 1 of 1
[2023-10-17T11:22:33.720+0000] {taskinstance.py:1382} INFO - Executing <Task(FileSensor): waiting_for_data> on 2022-05-11 00:00:00+00:00
[2023-10-17T11:22:33.729+0000] {standard_task_runner.py:57} INFO - Started process 1472 to run task
[2023-10-17T11:22:33.731+0000] {standard_task_runner.py:84} INFO - Running: ['***', 'tasks', 'run', 'copy_tranform_to_mongo', 'waiting_for_data', 'scheduled__2022-05-11T00:00:00+00:00', '--job-id', '500', '--raw', '--subdir', 'DAGS_FOLDER/file_***-mongo.py', '--cfg-path', '/tmp/tmp0w79tt6x']
[2023-10-17T11:22:33.732+0000] {standard_task_runner.py:85} INFO - Job 500: Subtask waiting_for_data
[2023-10-17T11:22:33.776+0000] {task_command.py:416} INFO - Running <TaskInstance: copy_tranform_to_mongo.waiting_for_data scheduled__2022-05-11T00:00:00+00:00 [running]> on host 238c1d4ff767
[2023-10-17T11:22:33.849+0000] {taskinstance.py:1662} INFO - Exporting env vars: AIRFLOW_CTX_DAG_OWNER='***' AIRFLOW_CTX_DAG_ID='copy_tranform_to_mongo' AIRFLOW_CTX_TASK_ID='waiting_for_data' AIRFLOW_CTX_EXECUTION_DATE='2022-05-11T00:00:00+00:00' AIRFLOW_CTX_TRY_NUMBER='1' AIRFLOW_CTX_DAG_RUN_ID='scheduled__2022-05-11T00:00:00+00:00'
[2023-10-17T11:22:33.858+0000] {base.py:73} INFO - Using connection ID 'fs_default' for task execution.
[2023-10-17T11:22:33.858+0000] {filesystem.py:64} INFO - Poking for file /opt/in/tiktok_google_play_reviews.csv
[2023-10-17T11:22:33.859+0000] {filesystem.py:69} INFO - Found File /opt/in/tiktok_google_play_reviews.csv last modified: 20220405221612
[2023-10-17T11:22:33.859+0000] {base.py:287} INFO - Success criteria met. Exiting.
[2023-10-17T11:22:33.869+0000] {taskinstance.py:1400} INFO - Marking task as SUCCESS. dag_id=copy_tranform_to_mongo, task_id=waiting_for_data, execution_date=20220511T000000, start_date=20231017T112233, end_date=20231017T112233
[2023-10-17T11:22:33.904+0000] {local_task_job_runner.py:228} INFO - Task exited with return code 0
[2023-10-17T11:22:33.920+0000] {taskinstance.py:2778} INFO - 0 downstream tasks scheduled from follow-on schedule check
[2023-10-18T11:47:16.216+0000] {taskinstance.py:1159} INFO - Dependencies all met for dep_context=non-requeueable deps ti=<TaskInstance: copy_tranform_to_mongo.waiting_for_data scheduled__2022-05-11T00:00:00+00:00 [queued]>
[2023-10-18T11:47:16.226+0000] {taskinstance.py:1159} INFO - Dependencies all met for dep_context=requeueable deps ti=<TaskInstance: copy_tranform_to_mongo.waiting_for_data scheduled__2022-05-11T00:00:00+00:00 [queued]>
[2023-10-18T11:47:16.227+0000] {taskinstance.py:1361} INFO - Starting attempt 1 of 1
[2023-10-18T11:47:16.237+0000] {taskinstance.py:1382} INFO - Executing <Task(FileSensor): waiting_for_data> on 2022-05-11 00:00:00+00:00
[2023-10-18T11:47:16.245+0000] {standard_task_runner.py:57} INFO - Started process 2500 to run task
[2023-10-18T11:47:16.249+0000] {standard_task_runner.py:84} INFO - Running: ['***', 'tasks', 'run', 'copy_tranform_to_mongo', 'waiting_for_data', 'scheduled__2022-05-11T00:00:00+00:00', '--job-id', '955', '--raw', '--subdir', 'DAGS_FOLDER/file_***-mongo.py', '--cfg-path', '/tmp/tmpeprmyndk']
[2023-10-18T11:47:16.250+0000] {standard_task_runner.py:85} INFO - Job 955: Subtask waiting_for_data
[2023-10-18T11:47:16.303+0000] {task_command.py:416} INFO - Running <TaskInstance: copy_tranform_to_mongo.waiting_for_data scheduled__2022-05-11T00:00:00+00:00 [running]> on host 0e68aa52dfc7
[2023-10-18T11:47:16.369+0000] {taskinstance.py:1662} INFO - Exporting env vars: AIRFLOW_CTX_DAG_OWNER='***' AIRFLOW_CTX_DAG_ID='copy_tranform_to_mongo' AIRFLOW_CTX_TASK_ID='waiting_for_data' AIRFLOW_CTX_EXECUTION_DATE='2022-05-11T00:00:00+00:00' AIRFLOW_CTX_TRY_NUMBER='1' AIRFLOW_CTX_DAG_RUN_ID='scheduled__2022-05-11T00:00:00+00:00'
[2023-10-18T11:47:16.379+0000] {base.py:73} INFO - Using connection ID 'fs_default' for task execution.
[2023-10-18T11:47:16.379+0000] {filesystem.py:64} INFO - Poking for file /opt/in/tiktok_google_play_reviews.csv
[2023-10-18T11:47:16.380+0000] {filesystem.py:69} INFO - Found File /opt/in/tiktok_google_play_reviews.csv last modified: 20220405221612
[2023-10-18T11:47:16.380+0000] {base.py:287} INFO - Success criteria met. Exiting.
[2023-10-18T11:47:16.388+0000] {taskinstance.py:1400} INFO - Marking task as SUCCESS. dag_id=copy_tranform_to_mongo, task_id=waiting_for_data, execution_date=20220511T000000, start_date=20231018T114716, end_date=20231018T114716
[2023-10-18T11:47:16.421+0000] {local_task_job_runner.py:228} INFO - Task exited with return code 0
[2023-10-18T11:47:16.451+0000] {taskinstance.py:2778} INFO - 1 downstream tasks scheduled from follow-on schedule check
