[2023-10-17T11:19:35.263+0000] {taskinstance.py:1159} INFO - Dependencies all met for dep_context=non-requeueable deps ti=<TaskInstance: copy_tranform_to_mongo.waiting_for_data scheduled__2021-05-10T00:00:00+00:00 [queued]>
[2023-10-17T11:19:35.271+0000] {taskinstance.py:1159} INFO - Dependencies all met for dep_context=requeueable deps ti=<TaskInstance: copy_tranform_to_mongo.waiting_for_data scheduled__2021-05-10T00:00:00+00:00 [queued]>
[2023-10-17T11:19:35.272+0000] {taskinstance.py:1361} INFO - Starting attempt 1 of 1
[2023-10-17T11:19:35.285+0000] {taskinstance.py:1382} INFO - Executing <Task(FileSensor): waiting_for_data> on 2021-05-10 00:00:00+00:00
[2023-10-17T11:19:35.293+0000] {standard_task_runner.py:57} INFO - Started process 693 to run task
[2023-10-17T11:19:35.297+0000] {standard_task_runner.py:84} INFO - Running: ['***', 'tasks', 'run', 'copy_tranform_to_mongo', 'waiting_for_data', 'scheduled__2021-05-10T00:00:00+00:00', '--job-id', '134', '--raw', '--subdir', 'DAGS_FOLDER/file_***-mongo.py', '--cfg-path', '/tmp/tmpsaxh3sh5']
[2023-10-17T11:19:35.299+0000] {standard_task_runner.py:85} INFO - Job 134: Subtask waiting_for_data
[2023-10-17T11:19:35.351+0000] {task_command.py:416} INFO - Running <TaskInstance: copy_tranform_to_mongo.waiting_for_data scheduled__2021-05-10T00:00:00+00:00 [running]> on host 238c1d4ff767
[2023-10-17T11:19:35.435+0000] {taskinstance.py:1662} INFO - Exporting env vars: AIRFLOW_CTX_DAG_OWNER='***' AIRFLOW_CTX_DAG_ID='copy_tranform_to_mongo' AIRFLOW_CTX_TASK_ID='waiting_for_data' AIRFLOW_CTX_EXECUTION_DATE='2021-05-10T00:00:00+00:00' AIRFLOW_CTX_TRY_NUMBER='1' AIRFLOW_CTX_DAG_RUN_ID='scheduled__2021-05-10T00:00:00+00:00'
[2023-10-17T11:19:35.444+0000] {base.py:73} INFO - Using connection ID 'fs_default' for task execution.
[2023-10-17T11:19:35.444+0000] {filesystem.py:64} INFO - Poking for file /opt/in/tiktok_google_play_reviews.csv
[2023-10-17T11:19:35.444+0000] {filesystem.py:69} INFO - Found File /opt/in/tiktok_google_play_reviews.csv last modified: 20220405221612
[2023-10-17T11:19:35.445+0000] {base.py:287} INFO - Success criteria met. Exiting.
[2023-10-17T11:19:35.457+0000] {taskinstance.py:1400} INFO - Marking task as SUCCESS. dag_id=copy_tranform_to_mongo, task_id=waiting_for_data, execution_date=20210510T000000, start_date=20231017T111935, end_date=20231017T111935
[2023-10-17T11:19:35.510+0000] {local_task_job_runner.py:228} INFO - Task exited with return code 0
[2023-10-17T11:19:35.543+0000] {taskinstance.py:2778} INFO - 0 downstream tasks scheduled from follow-on schedule check
[2023-10-18T10:43:09.916+0000] {taskinstance.py:1159} INFO - Dependencies all met for dep_context=non-requeueable deps ti=<TaskInstance: copy_tranform_to_mongo.waiting_for_data scheduled__2021-05-10T00:00:00+00:00 [queued]>
[2023-10-18T10:43:09.925+0000] {taskinstance.py:1159} INFO - Dependencies all met for dep_context=requeueable deps ti=<TaskInstance: copy_tranform_to_mongo.waiting_for_data scheduled__2021-05-10T00:00:00+00:00 [queued]>
[2023-10-18T10:43:09.925+0000] {taskinstance.py:1361} INFO - Starting attempt 1 of 1
[2023-10-18T10:43:09.939+0000] {taskinstance.py:1382} INFO - Executing <Task(FileSensor): waiting_for_data> on 2021-05-10 00:00:00+00:00
[2023-10-18T10:43:09.946+0000] {standard_task_runner.py:57} INFO - Started process 1656 to run task
[2023-10-18T10:43:09.948+0000] {standard_task_runner.py:84} INFO - Running: ['***', 'tasks', 'run', 'copy_tranform_to_mongo', 'waiting_for_data', 'scheduled__2021-05-10T00:00:00+00:00', '--job-id', '133', '--raw', '--subdir', 'DAGS_FOLDER/file_***-mongo.py', '--cfg-path', '/tmp/tmpl_izcr_y']
[2023-10-18T10:43:09.949+0000] {standard_task_runner.py:85} INFO - Job 133: Subtask waiting_for_data
[2023-10-18T10:43:09.997+0000] {task_command.py:416} INFO - Running <TaskInstance: copy_tranform_to_mongo.waiting_for_data scheduled__2021-05-10T00:00:00+00:00 [running]> on host 2473b23ba069
[2023-10-18T10:43:10.076+0000] {taskinstance.py:1662} INFO - Exporting env vars: AIRFLOW_CTX_DAG_OWNER='***' AIRFLOW_CTX_DAG_ID='copy_tranform_to_mongo' AIRFLOW_CTX_TASK_ID='waiting_for_data' AIRFLOW_CTX_EXECUTION_DATE='2021-05-10T00:00:00+00:00' AIRFLOW_CTX_TRY_NUMBER='1' AIRFLOW_CTX_DAG_RUN_ID='scheduled__2021-05-10T00:00:00+00:00'
[2023-10-18T10:43:10.092+0000] {taskinstance.py:1937} ERROR - Task failed with exception
Traceback (most recent call last):
  File "/home/airflow/.local/lib/python3.8/site-packages/airflow/sensors/base.py", line 257, in execute
    raise e
  File "/home/airflow/.local/lib/python3.8/site-packages/airflow/sensors/base.py", line 239, in execute
    poke_return = self.poke(context)
  File "/home/airflow/.local/lib/python3.8/site-packages/airflow/sensors/filesystem.py", line 61, in poke
    hook = FSHook(self.fs_conn_id)
  File "/home/airflow/.local/lib/python3.8/site-packages/airflow/hooks/filesystem.py", line 38, in __init__
    conn = self.get_connection(conn_id)
  File "/home/airflow/.local/lib/python3.8/site-packages/airflow/hooks/base.py", line 72, in get_connection
    conn = Connection.get_connection_from_secrets(conn_id)
  File "/home/airflow/.local/lib/python3.8/site-packages/airflow/models/connection.py", line 477, in get_connection_from_secrets
    raise AirflowNotFoundException(f"The conn_id `{conn_id}` isn't defined")
airflow.exceptions.AirflowNotFoundException: The conn_id `fs_default` isn't defined
[2023-10-18T10:43:10.094+0000] {taskinstance.py:1400} INFO - Marking task as FAILED. dag_id=copy_tranform_to_mongo, task_id=waiting_for_data, execution_date=20210510T000000, start_date=20231018T104309, end_date=20231018T104310
[2023-10-18T10:43:10.104+0000] {standard_task_runner.py:104} ERROR - Failed to execute job 133 for task waiting_for_data (The conn_id `fs_default` isn't defined; 1656)
[2023-10-18T10:43:10.121+0000] {local_task_job_runner.py:228} INFO - Task exited with return code 1
[2023-10-18T10:43:10.153+0000] {taskinstance.py:2778} INFO - 0 downstream tasks scheduled from follow-on schedule check
[2023-10-18T11:43:30.308+0000] {taskinstance.py:1159} INFO - Dependencies all met for dep_context=non-requeueable deps ti=<TaskInstance: copy_tranform_to_mongo.waiting_for_data scheduled__2021-05-10T00:00:00+00:00 [queued]>
[2023-10-18T11:43:30.315+0000] {taskinstance.py:1159} INFO - Dependencies all met for dep_context=requeueable deps ti=<TaskInstance: copy_tranform_to_mongo.waiting_for_data scheduled__2021-05-10T00:00:00+00:00 [queued]>
[2023-10-18T11:43:30.316+0000] {taskinstance.py:1361} INFO - Starting attempt 1 of 1
[2023-10-18T11:43:30.328+0000] {taskinstance.py:1382} INFO - Executing <Task(FileSensor): waiting_for_data> on 2021-05-10 00:00:00+00:00
[2023-10-18T11:43:30.338+0000] {standard_task_runner.py:57} INFO - Started process 977 to run task
[2023-10-18T11:43:30.340+0000] {standard_task_runner.py:84} INFO - Running: ['***', 'tasks', 'run', 'copy_tranform_to_mongo', 'waiting_for_data', 'scheduled__2021-05-10T00:00:00+00:00', '--job-id', '222', '--raw', '--subdir', 'DAGS_FOLDER/file_***-mongo.py', '--cfg-path', '/tmp/tmp8a9ttc4x']
[2023-10-18T11:43:30.341+0000] {standard_task_runner.py:85} INFO - Job 222: Subtask waiting_for_data
[2023-10-18T11:43:30.426+0000] {task_command.py:416} INFO - Running <TaskInstance: copy_tranform_to_mongo.waiting_for_data scheduled__2021-05-10T00:00:00+00:00 [running]> on host 0e68aa52dfc7
[2023-10-18T11:43:30.512+0000] {taskinstance.py:1662} INFO - Exporting env vars: AIRFLOW_CTX_DAG_OWNER='***' AIRFLOW_CTX_DAG_ID='copy_tranform_to_mongo' AIRFLOW_CTX_TASK_ID='waiting_for_data' AIRFLOW_CTX_EXECUTION_DATE='2021-05-10T00:00:00+00:00' AIRFLOW_CTX_TRY_NUMBER='1' AIRFLOW_CTX_DAG_RUN_ID='scheduled__2021-05-10T00:00:00+00:00'
[2023-10-18T11:43:30.524+0000] {base.py:73} INFO - Using connection ID 'fs_default' for task execution.
[2023-10-18T11:43:30.525+0000] {filesystem.py:64} INFO - Poking for file /opt/in/tiktok_google_play_reviews.csv
[2023-10-18T11:43:30.526+0000] {filesystem.py:69} INFO - Found File /opt/in/tiktok_google_play_reviews.csv last modified: 20220405221612
[2023-10-18T11:43:30.526+0000] {base.py:287} INFO - Success criteria met. Exiting.
[2023-10-18T11:43:30.538+0000] {taskinstance.py:1400} INFO - Marking task as SUCCESS. dag_id=copy_tranform_to_mongo, task_id=waiting_for_data, execution_date=20210510T000000, start_date=20231018T114330, end_date=20231018T114330
[2023-10-18T11:43:30.601+0000] {local_task_job_runner.py:228} INFO - Task exited with return code 0
[2023-10-18T11:43:30.632+0000] {taskinstance.py:2778} INFO - 1 downstream tasks scheduled from follow-on schedule check
[2023-10-19T12:44:26.023+0000] {taskinstance.py:1159} INFO - Dependencies all met for dep_context=non-requeueable deps ti=<TaskInstance: copy_tranform_to_mongo.waiting_for_data scheduled__2021-05-10T00:00:00+00:00 [queued]>
[2023-10-19T12:44:26.035+0000] {taskinstance.py:1159} INFO - Dependencies all met for dep_context=requeueable deps ti=<TaskInstance: copy_tranform_to_mongo.waiting_for_data scheduled__2021-05-10T00:00:00+00:00 [queued]>
[2023-10-19T12:44:26.036+0000] {taskinstance.py:1361} INFO - Starting attempt 1 of 1
[2023-10-19T12:44:26.050+0000] {taskinstance.py:1382} INFO - Executing <Task(FileSensor): waiting_for_data> on 2021-05-10 00:00:00+00:00
[2023-10-19T12:44:26.069+0000] {standard_task_runner.py:57} INFO - Started process 1190 to run task
[2023-10-19T12:44:26.075+0000] {standard_task_runner.py:84} INFO - Running: ['***', 'tasks', 'run', 'copy_tranform_to_mongo', 'waiting_for_data', 'scheduled__2021-05-10T00:00:00+00:00', '--job-id', '258', '--raw', '--subdir', 'DAGS_FOLDER/file_***-mongo.py', '--cfg-path', '/tmp/tmps06n1gdw']
[2023-10-19T12:44:26.077+0000] {standard_task_runner.py:85} INFO - Job 258: Subtask waiting_for_data
[2023-10-19T12:44:26.163+0000] {task_command.py:416} INFO - Running <TaskInstance: copy_tranform_to_mongo.waiting_for_data scheduled__2021-05-10T00:00:00+00:00 [running]> on host 6f5df7fea6fd
[2023-10-19T12:44:26.261+0000] {taskinstance.py:1662} INFO - Exporting env vars: AIRFLOW_CTX_DAG_OWNER='***' AIRFLOW_CTX_DAG_ID='copy_tranform_to_mongo' AIRFLOW_CTX_TASK_ID='waiting_for_data' AIRFLOW_CTX_EXECUTION_DATE='2021-05-10T00:00:00+00:00' AIRFLOW_CTX_TRY_NUMBER='1' AIRFLOW_CTX_DAG_RUN_ID='scheduled__2021-05-10T00:00:00+00:00'
[2023-10-19T12:44:26.271+0000] {base.py:73} INFO - Using connection ID 'fs_default' for task execution.
[2023-10-19T12:44:26.272+0000] {filesystem.py:64} INFO - Poking for file /opt/in/tiktok_google_play_reviews.csv
[2023-10-19T12:44:26.272+0000] {filesystem.py:69} INFO - Found File /opt/in/tiktok_google_play_reviews.csv last modified: 20220405221612
[2023-10-19T12:44:26.273+0000] {base.py:287} INFO - Success criteria met. Exiting.
[2023-10-19T12:44:26.287+0000] {taskinstance.py:1400} INFO - Marking task as SUCCESS. dag_id=copy_tranform_to_mongo, task_id=waiting_for_data, execution_date=20210510T000000, start_date=20231019T124426, end_date=20231019T124426
[2023-10-19T12:44:26.346+0000] {local_task_job_runner.py:228} INFO - Task exited with return code 0
[2023-10-19T12:44:26.424+0000] {taskinstance.py:2778} INFO - 1 downstream tasks scheduled from follow-on schedule check
