[2023-10-17T11:26:28.606+0000] {taskinstance.py:1159} INFO - Dependencies all met for dep_context=non-requeueable deps ti=<TaskInstance: copy_tranform_to_mongo.waiting_for_data scheduled__2023-06-22T00:00:00+00:00 [queued]>
[2023-10-17T11:26:28.610+0000] {taskinstance.py:1159} INFO - Dependencies all met for dep_context=requeueable deps ti=<TaskInstance: copy_tranform_to_mongo.waiting_for_data scheduled__2023-06-22T00:00:00+00:00 [queued]>
[2023-10-17T11:26:28.611+0000] {taskinstance.py:1361} INFO - Starting attempt 1 of 1
[2023-10-17T11:26:28.619+0000] {taskinstance.py:1382} INFO - Executing <Task(FileSensor): waiting_for_data> on 2023-06-22 00:00:00+00:00
[2023-10-17T11:26:28.623+0000] {standard_task_runner.py:57} INFO - Started process 2340 to run task
[2023-10-17T11:26:28.625+0000] {standard_task_runner.py:84} INFO - Running: ['***', 'tasks', 'run', 'copy_tranform_to_mongo', 'waiting_for_data', 'scheduled__2023-06-22T00:00:00+00:00', '--job-id', '907', '--raw', '--subdir', 'DAGS_FOLDER/file_***-mongo.py', '--cfg-path', '/tmp/tmpc0j5x1jy']
[2023-10-17T11:26:28.626+0000] {standard_task_runner.py:85} INFO - Job 907: Subtask waiting_for_data
[2023-10-17T11:26:28.657+0000] {task_command.py:416} INFO - Running <TaskInstance: copy_tranform_to_mongo.waiting_for_data scheduled__2023-06-22T00:00:00+00:00 [running]> on host 238c1d4ff767
[2023-10-17T11:26:28.712+0000] {taskinstance.py:1662} INFO - Exporting env vars: AIRFLOW_CTX_DAG_OWNER='***' AIRFLOW_CTX_DAG_ID='copy_tranform_to_mongo' AIRFLOW_CTX_TASK_ID='waiting_for_data' AIRFLOW_CTX_EXECUTION_DATE='2023-06-22T00:00:00+00:00' AIRFLOW_CTX_TRY_NUMBER='1' AIRFLOW_CTX_DAG_RUN_ID='scheduled__2023-06-22T00:00:00+00:00'
[2023-10-17T11:26:28.719+0000] {base.py:73} INFO - Using connection ID 'fs_default' for task execution.
[2023-10-17T11:26:28.719+0000] {filesystem.py:64} INFO - Poking for file /opt/in/tiktok_google_play_reviews.csv
[2023-10-17T11:26:28.719+0000] {filesystem.py:69} INFO - Found File /opt/in/tiktok_google_play_reviews.csv last modified: 20220405221612
[2023-10-17T11:26:28.719+0000] {base.py:287} INFO - Success criteria met. Exiting.
[2023-10-17T11:26:28.726+0000] {taskinstance.py:1400} INFO - Marking task as SUCCESS. dag_id=copy_tranform_to_mongo, task_id=waiting_for_data, execution_date=20230622T000000, start_date=20231017T112628, end_date=20231017T112628
[2023-10-17T11:26:28.757+0000] {local_task_job_runner.py:228} INFO - Task exited with return code 0
[2023-10-17T11:26:28.768+0000] {taskinstance.py:2778} INFO - 0 downstream tasks scheduled from follow-on schedule check
[2023-10-18T11:51:44.199+0000] {taskinstance.py:1159} INFO - Dependencies all met for dep_context=non-requeueable deps ti=<TaskInstance: copy_tranform_to_mongo.waiting_for_data scheduled__2023-06-22T00:00:00+00:00 [queued]>
[2023-10-18T11:51:44.206+0000] {taskinstance.py:1159} INFO - Dependencies all met for dep_context=requeueable deps ti=<TaskInstance: copy_tranform_to_mongo.waiting_for_data scheduled__2023-06-22T00:00:00+00:00 [queued]>
[2023-10-18T11:51:44.206+0000] {taskinstance.py:1361} INFO - Starting attempt 1 of 1
[2023-10-18T11:51:44.218+0000] {taskinstance.py:1382} INFO - Executing <Task(FileSensor): waiting_for_data> on 2023-06-22 00:00:00+00:00
[2023-10-18T11:51:44.224+0000] {standard_task_runner.py:57} INFO - Started process 4193 to run task
[2023-10-18T11:51:44.227+0000] {standard_task_runner.py:84} INFO - Running: ['***', 'tasks', 'run', 'copy_tranform_to_mongo', 'waiting_for_data', 'scheduled__2023-06-22T00:00:00+00:00', '--job-id', '1770', '--raw', '--subdir', 'DAGS_FOLDER/file_***-mongo.py', '--cfg-path', '/tmp/tmp8l38lbw8']
[2023-10-18T11:51:44.228+0000] {standard_task_runner.py:85} INFO - Job 1770: Subtask waiting_for_data
[2023-10-18T11:51:44.272+0000] {task_command.py:416} INFO - Running <TaskInstance: copy_tranform_to_mongo.waiting_for_data scheduled__2023-06-22T00:00:00+00:00 [running]> on host 0e68aa52dfc7
[2023-10-18T11:51:44.379+0000] {taskinstance.py:1662} INFO - Exporting env vars: AIRFLOW_CTX_DAG_OWNER='***' AIRFLOW_CTX_DAG_ID='copy_tranform_to_mongo' AIRFLOW_CTX_TASK_ID='waiting_for_data' AIRFLOW_CTX_EXECUTION_DATE='2023-06-22T00:00:00+00:00' AIRFLOW_CTX_TRY_NUMBER='1' AIRFLOW_CTX_DAG_RUN_ID='scheduled__2023-06-22T00:00:00+00:00'
[2023-10-18T11:51:44.394+0000] {base.py:73} INFO - Using connection ID 'fs_default' for task execution.
[2023-10-18T11:51:44.394+0000] {filesystem.py:64} INFO - Poking for file /opt/in/tiktok_google_play_reviews.csv
[2023-10-18T11:51:44.395+0000] {filesystem.py:69} INFO - Found File /opt/in/tiktok_google_play_reviews.csv last modified: 20220405221612
[2023-10-18T11:51:44.395+0000] {base.py:287} INFO - Success criteria met. Exiting.
[2023-10-18T11:51:44.406+0000] {taskinstance.py:1400} INFO - Marking task as SUCCESS. dag_id=copy_tranform_to_mongo, task_id=waiting_for_data, execution_date=20230622T000000, start_date=20231018T115144, end_date=20231018T115144
[2023-10-18T11:51:44.439+0000] {local_task_job_runner.py:228} INFO - Task exited with return code 0
[2023-10-18T11:51:44.475+0000] {taskinstance.py:2778} INFO - 1 downstream tasks scheduled from follow-on schedule check
