[2023-10-17T11:26:55.625+0000] {taskinstance.py:1159} INFO - Dependencies all met for dep_context=non-requeueable deps ti=<TaskInstance: copy_tranform_to_mongo.waiting_for_data scheduled__2023-08-03T00:00:00+00:00 [queued]>
[2023-10-17T11:26:55.631+0000] {taskinstance.py:1159} INFO - Dependencies all met for dep_context=requeueable deps ti=<TaskInstance: copy_tranform_to_mongo.waiting_for_data scheduled__2023-08-03T00:00:00+00:00 [queued]>
[2023-10-17T11:26:55.631+0000] {taskinstance.py:1361} INFO - Starting attempt 1 of 1
[2023-10-17T11:26:55.641+0000] {taskinstance.py:1382} INFO - Executing <Task(FileSensor): waiting_for_data> on 2023-08-03 00:00:00+00:00
[2023-10-17T11:26:55.648+0000] {standard_task_runner.py:57} INFO - Started process 2432 to run task
[2023-10-17T11:26:55.650+0000] {standard_task_runner.py:84} INFO - Running: ['***', 'tasks', 'run', 'copy_tranform_to_mongo', 'waiting_for_data', 'scheduled__2023-08-03T00:00:00+00:00', '--job-id', '949', '--raw', '--subdir', 'DAGS_FOLDER/file_***-mongo.py', '--cfg-path', '/tmp/tmphwcwldpp']
[2023-10-17T11:26:55.651+0000] {standard_task_runner.py:85} INFO - Job 949: Subtask waiting_for_data
[2023-10-17T11:26:55.692+0000] {task_command.py:416} INFO - Running <TaskInstance: copy_tranform_to_mongo.waiting_for_data scheduled__2023-08-03T00:00:00+00:00 [running]> on host 238c1d4ff767
[2023-10-17T11:26:55.756+0000] {taskinstance.py:1662} INFO - Exporting env vars: AIRFLOW_CTX_DAG_OWNER='***' AIRFLOW_CTX_DAG_ID='copy_tranform_to_mongo' AIRFLOW_CTX_TASK_ID='waiting_for_data' AIRFLOW_CTX_EXECUTION_DATE='2023-08-03T00:00:00+00:00' AIRFLOW_CTX_TRY_NUMBER='1' AIRFLOW_CTX_DAG_RUN_ID='scheduled__2023-08-03T00:00:00+00:00'
[2023-10-17T11:26:55.762+0000] {base.py:73} INFO - Using connection ID 'fs_default' for task execution.
[2023-10-17T11:26:55.762+0000] {filesystem.py:64} INFO - Poking for file /opt/in/tiktok_google_play_reviews.csv
[2023-10-17T11:26:55.763+0000] {filesystem.py:69} INFO - Found File /opt/in/tiktok_google_play_reviews.csv last modified: 20220405221612
[2023-10-17T11:26:55.763+0000] {base.py:287} INFO - Success criteria met. Exiting.
[2023-10-17T11:26:55.769+0000] {taskinstance.py:1400} INFO - Marking task as SUCCESS. dag_id=copy_tranform_to_mongo, task_id=waiting_for_data, execution_date=20230803T000000, start_date=20231017T112655, end_date=20231017T112655
[2023-10-17T11:26:55.783+0000] {local_task_job_runner.py:228} INFO - Task exited with return code 0
[2023-10-17T11:26:55.794+0000] {taskinstance.py:2778} INFO - 0 downstream tasks scheduled from follow-on schedule check
[2023-10-18T11:52:06.989+0000] {taskinstance.py:1159} INFO - Dependencies all met for dep_context=non-requeueable deps ti=<TaskInstance: copy_tranform_to_mongo.waiting_for_data scheduled__2023-08-03T00:00:00+00:00 [queued]>
[2023-10-18T11:52:07.003+0000] {taskinstance.py:1159} INFO - Dependencies all met for dep_context=requeueable deps ti=<TaskInstance: copy_tranform_to_mongo.waiting_for_data scheduled__2023-08-03T00:00:00+00:00 [queued]>
[2023-10-18T11:52:07.003+0000] {taskinstance.py:1361} INFO - Starting attempt 1 of 1
[2023-10-18T11:52:07.022+0000] {taskinstance.py:1382} INFO - Executing <Task(FileSensor): waiting_for_data> on 2023-08-03 00:00:00+00:00
[2023-10-18T11:52:07.030+0000] {standard_task_runner.py:57} INFO - Started process 4363 to run task
[2023-10-18T11:52:07.034+0000] {standard_task_runner.py:84} INFO - Running: ['***', 'tasks', 'run', 'copy_tranform_to_mongo', 'waiting_for_data', 'scheduled__2023-08-03T00:00:00+00:00', '--job-id', '1850', '--raw', '--subdir', 'DAGS_FOLDER/file_***-mongo.py', '--cfg-path', '/tmp/tmpazl6gq6s']
[2023-10-18T11:52:07.035+0000] {standard_task_runner.py:85} INFO - Job 1850: Subtask waiting_for_data
[2023-10-18T11:52:07.089+0000] {task_command.py:416} INFO - Running <TaskInstance: copy_tranform_to_mongo.waiting_for_data scheduled__2023-08-03T00:00:00+00:00 [running]> on host 0e68aa52dfc7
[2023-10-18T11:52:07.166+0000] {taskinstance.py:1662} INFO - Exporting env vars: AIRFLOW_CTX_DAG_OWNER='***' AIRFLOW_CTX_DAG_ID='copy_tranform_to_mongo' AIRFLOW_CTX_TASK_ID='waiting_for_data' AIRFLOW_CTX_EXECUTION_DATE='2023-08-03T00:00:00+00:00' AIRFLOW_CTX_TRY_NUMBER='1' AIRFLOW_CTX_DAG_RUN_ID='scheduled__2023-08-03T00:00:00+00:00'
[2023-10-18T11:52:07.176+0000] {base.py:73} INFO - Using connection ID 'fs_default' for task execution.
[2023-10-18T11:52:07.177+0000] {filesystem.py:64} INFO - Poking for file /opt/in/tiktok_google_play_reviews.csv
[2023-10-18T11:52:07.177+0000] {filesystem.py:69} INFO - Found File /opt/in/tiktok_google_play_reviews.csv last modified: 20220405221612
[2023-10-18T11:52:07.177+0000] {base.py:287} INFO - Success criteria met. Exiting.
[2023-10-18T11:52:07.185+0000] {taskinstance.py:1400} INFO - Marking task as SUCCESS. dag_id=copy_tranform_to_mongo, task_id=waiting_for_data, execution_date=20230803T000000, start_date=20231018T115206, end_date=20231018T115207
[2023-10-18T11:52:07.205+0000] {local_task_job_runner.py:228} INFO - Task exited with return code 0
[2023-10-18T11:52:07.233+0000] {taskinstance.py:2778} INFO - 1 downstream tasks scheduled from follow-on schedule check
