[2023-10-17T11:22:10.932+0000] {taskinstance.py:1159} INFO - Dependencies all met for dep_context=non-requeueable deps ti=<TaskInstance: copy_tranform_to_mongo.waiting_for_data scheduled__2022-03-15T00:00:00+00:00 [queued]>
[2023-10-17T11:22:10.942+0000] {taskinstance.py:1159} INFO - Dependencies all met for dep_context=requeueable deps ti=<TaskInstance: copy_tranform_to_mongo.waiting_for_data scheduled__2022-03-15T00:00:00+00:00 [queued]>
[2023-10-17T11:22:10.942+0000] {taskinstance.py:1361} INFO - Starting attempt 1 of 1
[2023-10-17T11:22:10.955+0000] {taskinstance.py:1382} INFO - Executing <Task(FileSensor): waiting_for_data> on 2022-03-15 00:00:00+00:00
[2023-10-17T11:22:10.963+0000] {standard_task_runner.py:57} INFO - Started process 1350 to run task
[2023-10-17T11:22:10.965+0000] {standard_task_runner.py:84} INFO - Running: ['***', 'tasks', 'run', 'copy_tranform_to_mongo', 'waiting_for_data', 'scheduled__2022-03-15T00:00:00+00:00', '--job-id', '443', '--raw', '--subdir', 'DAGS_FOLDER/file_***-mongo.py', '--cfg-path', '/tmp/tmpxx2wei6i']
[2023-10-17T11:22:10.966+0000] {standard_task_runner.py:85} INFO - Job 443: Subtask waiting_for_data
[2023-10-17T11:22:11.014+0000] {task_command.py:416} INFO - Running <TaskInstance: copy_tranform_to_mongo.waiting_for_data scheduled__2022-03-15T00:00:00+00:00 [running]> on host 238c1d4ff767
[2023-10-17T11:22:11.113+0000] {taskinstance.py:1662} INFO - Exporting env vars: AIRFLOW_CTX_DAG_OWNER='***' AIRFLOW_CTX_DAG_ID='copy_tranform_to_mongo' AIRFLOW_CTX_TASK_ID='waiting_for_data' AIRFLOW_CTX_EXECUTION_DATE='2022-03-15T00:00:00+00:00' AIRFLOW_CTX_TRY_NUMBER='1' AIRFLOW_CTX_DAG_RUN_ID='scheduled__2022-03-15T00:00:00+00:00'
[2023-10-17T11:22:11.152+0000] {base.py:73} INFO - Using connection ID 'fs_default' for task execution.
[2023-10-17T11:22:11.153+0000] {filesystem.py:64} INFO - Poking for file /opt/in/tiktok_google_play_reviews.csv
[2023-10-17T11:22:11.153+0000] {filesystem.py:69} INFO - Found File /opt/in/tiktok_google_play_reviews.csv last modified: 20220405221612
[2023-10-17T11:22:11.153+0000] {base.py:287} INFO - Success criteria met. Exiting.
[2023-10-17T11:22:11.167+0000] {taskinstance.py:1400} INFO - Marking task as SUCCESS. dag_id=copy_tranform_to_mongo, task_id=waiting_for_data, execution_date=20220315T000000, start_date=20231017T112210, end_date=20231017T112211
[2023-10-17T11:22:11.220+0000] {local_task_job_runner.py:228} INFO - Task exited with return code 0
[2023-10-17T11:22:11.272+0000] {taskinstance.py:2778} INFO - 0 downstream tasks scheduled from follow-on schedule check
[2023-10-18T11:46:40.512+0000] {taskinstance.py:1159} INFO - Dependencies all met for dep_context=non-requeueable deps ti=<TaskInstance: copy_tranform_to_mongo.waiting_for_data scheduled__2022-03-15T00:00:00+00:00 [queued]>
[2023-10-18T11:46:40.522+0000] {taskinstance.py:1159} INFO - Dependencies all met for dep_context=requeueable deps ti=<TaskInstance: copy_tranform_to_mongo.waiting_for_data scheduled__2022-03-15T00:00:00+00:00 [queued]>
[2023-10-18T11:46:40.522+0000] {taskinstance.py:1361} INFO - Starting attempt 1 of 1
[2023-10-18T11:46:40.535+0000] {taskinstance.py:1382} INFO - Executing <Task(FileSensor): waiting_for_data> on 2022-03-15 00:00:00+00:00
[2023-10-18T11:46:40.542+0000] {standard_task_runner.py:57} INFO - Started process 2264 to run task
[2023-10-18T11:46:40.546+0000] {standard_task_runner.py:84} INFO - Running: ['***', 'tasks', 'run', 'copy_tranform_to_mongo', 'waiting_for_data', 'scheduled__2022-03-15T00:00:00+00:00', '--job-id', '841', '--raw', '--subdir', 'DAGS_FOLDER/file_***-mongo.py', '--cfg-path', '/tmp/tmpo1wxcdpc']
[2023-10-18T11:46:40.547+0000] {standard_task_runner.py:85} INFO - Job 841: Subtask waiting_for_data
[2023-10-18T11:46:40.595+0000] {task_command.py:416} INFO - Running <TaskInstance: copy_tranform_to_mongo.waiting_for_data scheduled__2022-03-15T00:00:00+00:00 [running]> on host 0e68aa52dfc7
[2023-10-18T11:46:40.666+0000] {taskinstance.py:1662} INFO - Exporting env vars: AIRFLOW_CTX_DAG_OWNER='***' AIRFLOW_CTX_DAG_ID='copy_tranform_to_mongo' AIRFLOW_CTX_TASK_ID='waiting_for_data' AIRFLOW_CTX_EXECUTION_DATE='2022-03-15T00:00:00+00:00' AIRFLOW_CTX_TRY_NUMBER='1' AIRFLOW_CTX_DAG_RUN_ID='scheduled__2022-03-15T00:00:00+00:00'
[2023-10-18T11:46:40.676+0000] {base.py:73} INFO - Using connection ID 'fs_default' for task execution.
[2023-10-18T11:46:40.676+0000] {filesystem.py:64} INFO - Poking for file /opt/in/tiktok_google_play_reviews.csv
[2023-10-18T11:46:40.677+0000] {filesystem.py:69} INFO - Found File /opt/in/tiktok_google_play_reviews.csv last modified: 20220405221612
[2023-10-18T11:46:40.677+0000] {base.py:287} INFO - Success criteria met. Exiting.
[2023-10-18T11:46:40.686+0000] {taskinstance.py:1400} INFO - Marking task as SUCCESS. dag_id=copy_tranform_to_mongo, task_id=waiting_for_data, execution_date=20220315T000000, start_date=20231018T114640, end_date=20231018T114640
[2023-10-18T11:46:40.719+0000] {local_task_job_runner.py:228} INFO - Task exited with return code 0
[2023-10-18T11:46:40.767+0000] {taskinstance.py:2778} INFO - 1 downstream tasks scheduled from follow-on schedule check
