[2023-10-17T11:23:45.188+0000] {taskinstance.py:1159} INFO - Dependencies all met for dep_context=non-requeueable deps ti=<TaskInstance: copy_tranform_to_mongo.waiting_for_data scheduled__2022-09-06T00:00:00+00:00 [queued]>
[2023-10-17T11:23:45.197+0000] {taskinstance.py:1159} INFO - Dependencies all met for dep_context=requeueable deps ti=<TaskInstance: copy_tranform_to_mongo.waiting_for_data scheduled__2022-09-06T00:00:00+00:00 [queued]>
[2023-10-17T11:23:45.197+0000] {taskinstance.py:1361} INFO - Starting attempt 1 of 1
[2023-10-17T11:23:45.210+0000] {taskinstance.py:1382} INFO - Executing <Task(FileSensor): waiting_for_data> on 2022-09-06 00:00:00+00:00
[2023-10-17T11:23:45.215+0000] {standard_task_runner.py:57} INFO - Started process 1723 to run task
[2023-10-17T11:23:45.218+0000] {standard_task_runner.py:84} INFO - Running: ['***', 'tasks', 'run', 'copy_tranform_to_mongo', 'waiting_for_data', 'scheduled__2022-09-06T00:00:00+00:00', '--job-id', '618', '--raw', '--subdir', 'DAGS_FOLDER/file_***-mongo.py', '--cfg-path', '/tmp/tmpvlsbwt79']
[2023-10-17T11:23:45.219+0000] {standard_task_runner.py:85} INFO - Job 618: Subtask waiting_for_data
[2023-10-17T11:23:45.254+0000] {task_command.py:416} INFO - Running <TaskInstance: copy_tranform_to_mongo.waiting_for_data scheduled__2022-09-06T00:00:00+00:00 [running]> on host 238c1d4ff767
[2023-10-17T11:23:45.315+0000] {taskinstance.py:1662} INFO - Exporting env vars: AIRFLOW_CTX_DAG_OWNER='***' AIRFLOW_CTX_DAG_ID='copy_tranform_to_mongo' AIRFLOW_CTX_TASK_ID='waiting_for_data' AIRFLOW_CTX_EXECUTION_DATE='2022-09-06T00:00:00+00:00' AIRFLOW_CTX_TRY_NUMBER='1' AIRFLOW_CTX_DAG_RUN_ID='scheduled__2022-09-06T00:00:00+00:00'
[2023-10-17T11:23:45.322+0000] {base.py:73} INFO - Using connection ID 'fs_default' for task execution.
[2023-10-17T11:23:45.322+0000] {filesystem.py:64} INFO - Poking for file /opt/in/tiktok_google_play_reviews.csv
[2023-10-17T11:23:45.322+0000] {filesystem.py:69} INFO - Found File /opt/in/tiktok_google_play_reviews.csv last modified: 20220405221612
[2023-10-17T11:23:45.322+0000] {base.py:287} INFO - Success criteria met. Exiting.
[2023-10-17T11:23:45.329+0000] {taskinstance.py:1400} INFO - Marking task as SUCCESS. dag_id=copy_tranform_to_mongo, task_id=waiting_for_data, execution_date=20220906T000000, start_date=20231017T112345, end_date=20231017T112345
[2023-10-17T11:23:45.349+0000] {local_task_job_runner.py:228} INFO - Task exited with return code 0
[2023-10-17T11:23:45.364+0000] {taskinstance.py:2778} INFO - 0 downstream tasks scheduled from follow-on schedule check
[2023-10-18T11:48:27.300+0000] {taskinstance.py:1159} INFO - Dependencies all met for dep_context=non-requeueable deps ti=<TaskInstance: copy_tranform_to_mongo.waiting_for_data scheduled__2022-09-06T00:00:00+00:00 [queued]>
[2023-10-18T11:48:27.313+0000] {taskinstance.py:1159} INFO - Dependencies all met for dep_context=requeueable deps ti=<TaskInstance: copy_tranform_to_mongo.waiting_for_data scheduled__2022-09-06T00:00:00+00:00 [queued]>
[2023-10-18T11:48:27.313+0000] {taskinstance.py:1361} INFO - Starting attempt 1 of 1
[2023-10-18T11:48:27.330+0000] {taskinstance.py:1382} INFO - Executing <Task(FileSensor): waiting_for_data> on 2022-09-06 00:00:00+00:00
[2023-10-18T11:48:27.340+0000] {standard_task_runner.py:57} INFO - Started process 2983 to run task
[2023-10-18T11:48:27.343+0000] {standard_task_runner.py:84} INFO - Running: ['***', 'tasks', 'run', 'copy_tranform_to_mongo', 'waiting_for_data', 'scheduled__2022-09-06T00:00:00+00:00', '--job-id', '1188', '--raw', '--subdir', 'DAGS_FOLDER/file_***-mongo.py', '--cfg-path', '/tmp/tmpptzmk5q_']
[2023-10-18T11:48:27.344+0000] {standard_task_runner.py:85} INFO - Job 1188: Subtask waiting_for_data
[2023-10-18T11:48:27.397+0000] {task_command.py:416} INFO - Running <TaskInstance: copy_tranform_to_mongo.waiting_for_data scheduled__2022-09-06T00:00:00+00:00 [running]> on host 0e68aa52dfc7
[2023-10-18T11:48:27.465+0000] {taskinstance.py:1662} INFO - Exporting env vars: AIRFLOW_CTX_DAG_OWNER='***' AIRFLOW_CTX_DAG_ID='copy_tranform_to_mongo' AIRFLOW_CTX_TASK_ID='waiting_for_data' AIRFLOW_CTX_EXECUTION_DATE='2022-09-06T00:00:00+00:00' AIRFLOW_CTX_TRY_NUMBER='1' AIRFLOW_CTX_DAG_RUN_ID='scheduled__2022-09-06T00:00:00+00:00'
[2023-10-18T11:48:27.475+0000] {base.py:73} INFO - Using connection ID 'fs_default' for task execution.
[2023-10-18T11:48:27.475+0000] {filesystem.py:64} INFO - Poking for file /opt/in/tiktok_google_play_reviews.csv
[2023-10-18T11:48:27.475+0000] {filesystem.py:69} INFO - Found File /opt/in/tiktok_google_play_reviews.csv last modified: 20220405221612
[2023-10-18T11:48:27.475+0000] {base.py:287} INFO - Success criteria met. Exiting.
[2023-10-18T11:48:27.483+0000] {taskinstance.py:1400} INFO - Marking task as SUCCESS. dag_id=copy_tranform_to_mongo, task_id=waiting_for_data, execution_date=20220906T000000, start_date=20231018T114827, end_date=20231018T114827
[2023-10-18T11:48:27.515+0000] {local_task_job_runner.py:228} INFO - Task exited with return code 0
[2023-10-18T11:48:27.538+0000] {taskinstance.py:2778} INFO - 1 downstream tasks scheduled from follow-on schedule check
