[2023-10-17T11:27:06.108+0000] {taskinstance.py:1159} INFO - Dependencies all met for dep_context=non-requeueable deps ti=<TaskInstance: copy_tranform_to_mongo.waiting_for_data scheduled__2023-08-17T00:00:00+00:00 [queued]>
[2023-10-17T11:27:06.117+0000] {taskinstance.py:1159} INFO - Dependencies all met for dep_context=requeueable deps ti=<TaskInstance: copy_tranform_to_mongo.waiting_for_data scheduled__2023-08-17T00:00:00+00:00 [queued]>
[2023-10-17T11:27:06.117+0000] {taskinstance.py:1361} INFO - Starting attempt 1 of 1
[2023-10-17T11:27:06.155+0000] {taskinstance.py:1382} INFO - Executing <Task(FileSensor): waiting_for_data> on 2023-08-17 00:00:00+00:00
[2023-10-17T11:27:06.163+0000] {standard_task_runner.py:57} INFO - Started process 2462 to run task
[2023-10-17T11:27:06.166+0000] {standard_task_runner.py:84} INFO - Running: ['***', 'tasks', 'run', 'copy_tranform_to_mongo', 'waiting_for_data', 'scheduled__2023-08-17T00:00:00+00:00', '--job-id', '963', '--raw', '--subdir', 'DAGS_FOLDER/file_***-mongo.py', '--cfg-path', '/tmp/tmpzor3ii6f']
[2023-10-17T11:27:06.168+0000] {standard_task_runner.py:85} INFO - Job 963: Subtask waiting_for_data
[2023-10-17T11:27:06.215+0000] {task_command.py:416} INFO - Running <TaskInstance: copy_tranform_to_mongo.waiting_for_data scheduled__2023-08-17T00:00:00+00:00 [running]> on host 238c1d4ff767
[2023-10-17T11:27:06.288+0000] {taskinstance.py:1662} INFO - Exporting env vars: AIRFLOW_CTX_DAG_OWNER='***' AIRFLOW_CTX_DAG_ID='copy_tranform_to_mongo' AIRFLOW_CTX_TASK_ID='waiting_for_data' AIRFLOW_CTX_EXECUTION_DATE='2023-08-17T00:00:00+00:00' AIRFLOW_CTX_TRY_NUMBER='1' AIRFLOW_CTX_DAG_RUN_ID='scheduled__2023-08-17T00:00:00+00:00'
[2023-10-17T11:27:06.298+0000] {base.py:73} INFO - Using connection ID 'fs_default' for task execution.
[2023-10-17T11:27:06.298+0000] {filesystem.py:64} INFO - Poking for file /opt/in/tiktok_google_play_reviews.csv
[2023-10-17T11:27:06.298+0000] {filesystem.py:69} INFO - Found File /opt/in/tiktok_google_play_reviews.csv last modified: 20220405221612
[2023-10-17T11:27:06.298+0000] {base.py:287} INFO - Success criteria met. Exiting.
[2023-10-17T11:27:06.305+0000] {taskinstance.py:1400} INFO - Marking task as SUCCESS. dag_id=copy_tranform_to_mongo, task_id=waiting_for_data, execution_date=20230817T000000, start_date=20231017T112706, end_date=20231017T112706
[2023-10-17T11:27:06.340+0000] {local_task_job_runner.py:228} INFO - Task exited with return code 0
[2023-10-17T11:27:06.355+0000] {taskinstance.py:2778} INFO - 0 downstream tasks scheduled from follow-on schedule check
[2023-10-18T11:52:15.955+0000] {taskinstance.py:1159} INFO - Dependencies all met for dep_context=non-requeueable deps ti=<TaskInstance: copy_tranform_to_mongo.waiting_for_data scheduled__2023-08-17T00:00:00+00:00 [queued]>
[2023-10-18T11:52:15.981+0000] {taskinstance.py:1159} INFO - Dependencies all met for dep_context=requeueable deps ti=<TaskInstance: copy_tranform_to_mongo.waiting_for_data scheduled__2023-08-17T00:00:00+00:00 [queued]>
[2023-10-18T11:52:15.981+0000] {taskinstance.py:1361} INFO - Starting attempt 1 of 1
[2023-10-18T11:52:16.013+0000] {taskinstance.py:1382} INFO - Executing <Task(FileSensor): waiting_for_data> on 2023-08-17 00:00:00+00:00
[2023-10-18T11:52:16.021+0000] {standard_task_runner.py:57} INFO - Started process 4420 to run task
[2023-10-18T11:52:16.031+0000] {standard_task_runner.py:84} INFO - Running: ['***', 'tasks', 'run', 'copy_tranform_to_mongo', 'waiting_for_data', 'scheduled__2023-08-17T00:00:00+00:00', '--job-id', '1878', '--raw', '--subdir', 'DAGS_FOLDER/file_***-mongo.py', '--cfg-path', '/tmp/tmp2x4e2npw']
[2023-10-18T11:52:16.034+0000] {standard_task_runner.py:85} INFO - Job 1878: Subtask waiting_for_data
[2023-10-18T11:52:16.102+0000] {task_command.py:416} INFO - Running <TaskInstance: copy_tranform_to_mongo.waiting_for_data scheduled__2023-08-17T00:00:00+00:00 [running]> on host 0e68aa52dfc7
[2023-10-18T11:52:16.222+0000] {taskinstance.py:1662} INFO - Exporting env vars: AIRFLOW_CTX_DAG_OWNER='***' AIRFLOW_CTX_DAG_ID='copy_tranform_to_mongo' AIRFLOW_CTX_TASK_ID='waiting_for_data' AIRFLOW_CTX_EXECUTION_DATE='2023-08-17T00:00:00+00:00' AIRFLOW_CTX_TRY_NUMBER='1' AIRFLOW_CTX_DAG_RUN_ID='scheduled__2023-08-17T00:00:00+00:00'
[2023-10-18T11:52:16.236+0000] {base.py:73} INFO - Using connection ID 'fs_default' for task execution.
[2023-10-18T11:52:16.237+0000] {filesystem.py:64} INFO - Poking for file /opt/in/tiktok_google_play_reviews.csv
[2023-10-18T11:52:16.237+0000] {filesystem.py:69} INFO - Found File /opt/in/tiktok_google_play_reviews.csv last modified: 20220405221612
[2023-10-18T11:52:16.237+0000] {base.py:287} INFO - Success criteria met. Exiting.
[2023-10-18T11:52:16.251+0000] {taskinstance.py:1400} INFO - Marking task as SUCCESS. dag_id=copy_tranform_to_mongo, task_id=waiting_for_data, execution_date=20230817T000000, start_date=20231018T115215, end_date=20231018T115216
[2023-10-18T11:52:16.295+0000] {local_task_job_runner.py:228} INFO - Task exited with return code 0
[2023-10-18T11:52:16.348+0000] {taskinstance.py:2778} INFO - 1 downstream tasks scheduled from follow-on schedule check
