[2023-10-17T11:22:18.585+0000] {taskinstance.py:1159} INFO - Dependencies all met for dep_context=non-requeueable deps ti=<TaskInstance: copy_tranform_to_mongo.waiting_for_data scheduled__2022-04-04T00:00:00+00:00 [queued]>
[2023-10-17T11:22:18.594+0000] {taskinstance.py:1159} INFO - Dependencies all met for dep_context=requeueable deps ti=<TaskInstance: copy_tranform_to_mongo.waiting_for_data scheduled__2022-04-04T00:00:00+00:00 [queued]>
[2023-10-17T11:22:18.594+0000] {taskinstance.py:1361} INFO - Starting attempt 1 of 1
[2023-10-17T11:22:18.634+0000] {taskinstance.py:1382} INFO - Executing <Task(FileSensor): waiting_for_data> on 2022-04-04 00:00:00+00:00
[2023-10-17T11:22:18.642+0000] {standard_task_runner.py:57} INFO - Started process 1390 to run task
[2023-10-17T11:22:18.645+0000] {standard_task_runner.py:84} INFO - Running: ['***', 'tasks', 'run', 'copy_tranform_to_mongo', 'waiting_for_data', 'scheduled__2022-04-04T00:00:00+00:00', '--job-id', '463', '--raw', '--subdir', 'DAGS_FOLDER/file_***-mongo.py', '--cfg-path', '/tmp/tmpsvkz06ta']
[2023-10-17T11:22:18.647+0000] {standard_task_runner.py:85} INFO - Job 463: Subtask waiting_for_data
[2023-10-17T11:22:18.686+0000] {task_command.py:416} INFO - Running <TaskInstance: copy_tranform_to_mongo.waiting_for_data scheduled__2022-04-04T00:00:00+00:00 [running]> on host 238c1d4ff767
[2023-10-17T11:22:18.760+0000] {taskinstance.py:1662} INFO - Exporting env vars: AIRFLOW_CTX_DAG_OWNER='***' AIRFLOW_CTX_DAG_ID='copy_tranform_to_mongo' AIRFLOW_CTX_TASK_ID='waiting_for_data' AIRFLOW_CTX_EXECUTION_DATE='2022-04-04T00:00:00+00:00' AIRFLOW_CTX_TRY_NUMBER='1' AIRFLOW_CTX_DAG_RUN_ID='scheduled__2022-04-04T00:00:00+00:00'
[2023-10-17T11:22:18.768+0000] {base.py:73} INFO - Using connection ID 'fs_default' for task execution.
[2023-10-17T11:22:18.769+0000] {filesystem.py:64} INFO - Poking for file /opt/in/tiktok_google_play_reviews.csv
[2023-10-17T11:22:18.769+0000] {filesystem.py:69} INFO - Found File /opt/in/tiktok_google_play_reviews.csv last modified: 20220405221612
[2023-10-17T11:22:18.769+0000] {base.py:287} INFO - Success criteria met. Exiting.
[2023-10-17T11:22:18.776+0000] {taskinstance.py:1400} INFO - Marking task as SUCCESS. dag_id=copy_tranform_to_mongo, task_id=waiting_for_data, execution_date=20220404T000000, start_date=20231017T112218, end_date=20231017T112218
[2023-10-17T11:22:18.818+0000] {local_task_job_runner.py:228} INFO - Task exited with return code 0
[2023-10-17T11:22:18.831+0000] {taskinstance.py:2778} INFO - 0 downstream tasks scheduled from follow-on schedule check
[2023-10-18T11:46:52.983+0000] {taskinstance.py:1159} INFO - Dependencies all met for dep_context=non-requeueable deps ti=<TaskInstance: copy_tranform_to_mongo.waiting_for_data scheduled__2022-04-04T00:00:00+00:00 [queued]>
[2023-10-18T11:46:52.994+0000] {taskinstance.py:1159} INFO - Dependencies all met for dep_context=requeueable deps ti=<TaskInstance: copy_tranform_to_mongo.waiting_for_data scheduled__2022-04-04T00:00:00+00:00 [queued]>
[2023-10-18T11:46:52.994+0000] {taskinstance.py:1361} INFO - Starting attempt 1 of 1
[2023-10-18T11:46:53.007+0000] {taskinstance.py:1382} INFO - Executing <Task(FileSensor): waiting_for_data> on 2022-04-04 00:00:00+00:00
[2023-10-18T11:46:53.017+0000] {standard_task_runner.py:57} INFO - Started process 2344 to run task
[2023-10-18T11:46:53.020+0000] {standard_task_runner.py:84} INFO - Running: ['***', 'tasks', 'run', 'copy_tranform_to_mongo', 'waiting_for_data', 'scheduled__2022-04-04T00:00:00+00:00', '--job-id', '881', '--raw', '--subdir', 'DAGS_FOLDER/file_***-mongo.py', '--cfg-path', '/tmp/tmp_iz264ae']
[2023-10-18T11:46:53.022+0000] {standard_task_runner.py:85} INFO - Job 881: Subtask waiting_for_data
[2023-10-18T11:46:53.070+0000] {task_command.py:416} INFO - Running <TaskInstance: copy_tranform_to_mongo.waiting_for_data scheduled__2022-04-04T00:00:00+00:00 [running]> on host 0e68aa52dfc7
[2023-10-18T11:46:53.147+0000] {taskinstance.py:1662} INFO - Exporting env vars: AIRFLOW_CTX_DAG_OWNER='***' AIRFLOW_CTX_DAG_ID='copy_tranform_to_mongo' AIRFLOW_CTX_TASK_ID='waiting_for_data' AIRFLOW_CTX_EXECUTION_DATE='2022-04-04T00:00:00+00:00' AIRFLOW_CTX_TRY_NUMBER='1' AIRFLOW_CTX_DAG_RUN_ID='scheduled__2022-04-04T00:00:00+00:00'
[2023-10-18T11:46:53.155+0000] {base.py:73} INFO - Using connection ID 'fs_default' for task execution.
[2023-10-18T11:46:53.156+0000] {filesystem.py:64} INFO - Poking for file /opt/in/tiktok_google_play_reviews.csv
[2023-10-18T11:46:53.156+0000] {filesystem.py:69} INFO - Found File /opt/in/tiktok_google_play_reviews.csv last modified: 20220405221612
[2023-10-18T11:46:53.156+0000] {base.py:287} INFO - Success criteria met. Exiting.
[2023-10-18T11:46:53.166+0000] {taskinstance.py:1400} INFO - Marking task as SUCCESS. dag_id=copy_tranform_to_mongo, task_id=waiting_for_data, execution_date=20220404T000000, start_date=20231018T114652, end_date=20231018T114653
[2023-10-18T11:46:53.195+0000] {local_task_job_runner.py:228} INFO - Task exited with return code 0
[2023-10-18T11:46:53.232+0000] {taskinstance.py:2778} INFO - 1 downstream tasks scheduled from follow-on schedule check
