[2023-10-17T11:26:23.786+0000] {taskinstance.py:1159} INFO - Dependencies all met for dep_context=non-requeueable deps ti=<TaskInstance: copy_tranform_to_mongo.waiting_for_data scheduled__2023-06-17T00:00:00+00:00 [queued]>
[2023-10-17T11:26:23.793+0000] {taskinstance.py:1159} INFO - Dependencies all met for dep_context=requeueable deps ti=<TaskInstance: copy_tranform_to_mongo.waiting_for_data scheduled__2023-06-17T00:00:00+00:00 [queued]>
[2023-10-17T11:26:23.793+0000] {taskinstance.py:1361} INFO - Starting attempt 1 of 1
[2023-10-17T11:26:23.803+0000] {taskinstance.py:1382} INFO - Executing <Task(FileSensor): waiting_for_data> on 2023-06-17 00:00:00+00:00
[2023-10-17T11:26:23.808+0000] {standard_task_runner.py:57} INFO - Started process 2330 to run task
[2023-10-17T11:26:23.810+0000] {standard_task_runner.py:84} INFO - Running: ['***', 'tasks', 'run', 'copy_tranform_to_mongo', 'waiting_for_data', 'scheduled__2023-06-17T00:00:00+00:00', '--job-id', '902', '--raw', '--subdir', 'DAGS_FOLDER/file_***-mongo.py', '--cfg-path', '/tmp/tmpz67kar7_']
[2023-10-17T11:26:23.810+0000] {standard_task_runner.py:85} INFO - Job 902: Subtask waiting_for_data
[2023-10-17T11:26:23.842+0000] {task_command.py:416} INFO - Running <TaskInstance: copy_tranform_to_mongo.waiting_for_data scheduled__2023-06-17T00:00:00+00:00 [running]> on host 238c1d4ff767
[2023-10-17T11:26:23.898+0000] {taskinstance.py:1662} INFO - Exporting env vars: AIRFLOW_CTX_DAG_OWNER='***' AIRFLOW_CTX_DAG_ID='copy_tranform_to_mongo' AIRFLOW_CTX_TASK_ID='waiting_for_data' AIRFLOW_CTX_EXECUTION_DATE='2023-06-17T00:00:00+00:00' AIRFLOW_CTX_TRY_NUMBER='1' AIRFLOW_CTX_DAG_RUN_ID='scheduled__2023-06-17T00:00:00+00:00'
[2023-10-17T11:26:23.905+0000] {base.py:73} INFO - Using connection ID 'fs_default' for task execution.
[2023-10-17T11:26:23.905+0000] {filesystem.py:64} INFO - Poking for file /opt/in/tiktok_google_play_reviews.csv
[2023-10-17T11:26:23.906+0000] {filesystem.py:69} INFO - Found File /opt/in/tiktok_google_play_reviews.csv last modified: 20220405221612
[2023-10-17T11:26:23.906+0000] {base.py:287} INFO - Success criteria met. Exiting.
[2023-10-17T11:26:23.912+0000] {taskinstance.py:1400} INFO - Marking task as SUCCESS. dag_id=copy_tranform_to_mongo, task_id=waiting_for_data, execution_date=20230617T000000, start_date=20231017T112623, end_date=20231017T112623
[2023-10-17T11:26:23.942+0000] {local_task_job_runner.py:228} INFO - Task exited with return code 0
[2023-10-17T11:26:23.954+0000] {taskinstance.py:2778} INFO - 0 downstream tasks scheduled from follow-on schedule check
[2023-10-18T11:51:38.938+0000] {taskinstance.py:1159} INFO - Dependencies all met for dep_context=non-requeueable deps ti=<TaskInstance: copy_tranform_to_mongo.waiting_for_data scheduled__2023-06-17T00:00:00+00:00 [queued]>
[2023-10-18T11:51:38.949+0000] {taskinstance.py:1159} INFO - Dependencies all met for dep_context=requeueable deps ti=<TaskInstance: copy_tranform_to_mongo.waiting_for_data scheduled__2023-06-17T00:00:00+00:00 [queued]>
[2023-10-18T11:51:38.950+0000] {taskinstance.py:1361} INFO - Starting attempt 1 of 1
[2023-10-18T11:51:38.966+0000] {taskinstance.py:1382} INFO - Executing <Task(FileSensor): waiting_for_data> on 2023-06-17 00:00:00+00:00
[2023-10-18T11:51:38.973+0000] {standard_task_runner.py:57} INFO - Started process 4164 to run task
[2023-10-18T11:51:38.975+0000] {standard_task_runner.py:84} INFO - Running: ['***', 'tasks', 'run', 'copy_tranform_to_mongo', 'waiting_for_data', 'scheduled__2023-06-17T00:00:00+00:00', '--job-id', '1755', '--raw', '--subdir', 'DAGS_FOLDER/file_***-mongo.py', '--cfg-path', '/tmp/tmpcd38dmvc']
[2023-10-18T11:51:38.976+0000] {standard_task_runner.py:85} INFO - Job 1755: Subtask waiting_for_data
[2023-10-18T11:51:39.022+0000] {task_command.py:416} INFO - Running <TaskInstance: copy_tranform_to_mongo.waiting_for_data scheduled__2023-06-17T00:00:00+00:00 [running]> on host 0e68aa52dfc7
[2023-10-18T11:51:39.126+0000] {taskinstance.py:1662} INFO - Exporting env vars: AIRFLOW_CTX_DAG_OWNER='***' AIRFLOW_CTX_DAG_ID='copy_tranform_to_mongo' AIRFLOW_CTX_TASK_ID='waiting_for_data' AIRFLOW_CTX_EXECUTION_DATE='2023-06-17T00:00:00+00:00' AIRFLOW_CTX_TRY_NUMBER='1' AIRFLOW_CTX_DAG_RUN_ID='scheduled__2023-06-17T00:00:00+00:00'
[2023-10-18T11:51:39.138+0000] {base.py:73} INFO - Using connection ID 'fs_default' for task execution.
[2023-10-18T11:51:39.138+0000] {filesystem.py:64} INFO - Poking for file /opt/in/tiktok_google_play_reviews.csv
[2023-10-18T11:51:39.141+0000] {filesystem.py:69} INFO - Found File /opt/in/tiktok_google_play_reviews.csv last modified: 20220405221612
[2023-10-18T11:51:39.141+0000] {base.py:287} INFO - Success criteria met. Exiting.
[2023-10-18T11:51:39.152+0000] {taskinstance.py:1400} INFO - Marking task as SUCCESS. dag_id=copy_tranform_to_mongo, task_id=waiting_for_data, execution_date=20230617T000000, start_date=20231018T115138, end_date=20231018T115139
[2023-10-18T11:51:39.189+0000] {local_task_job_runner.py:228} INFO - Task exited with return code 0
[2023-10-18T11:51:39.243+0000] {taskinstance.py:2778} INFO - 1 downstream tasks scheduled from follow-on schedule check
