[2023-10-17T11:18:49.461+0000] {taskinstance.py:1159} INFO - Dependencies all met for dep_context=non-requeueable deps ti=<TaskInstance: copy_tranform_to_mongo.waiting_for_data scheduled__2021-01-19T00:00:00+00:00 [queued]>
[2023-10-17T11:18:49.471+0000] {taskinstance.py:1159} INFO - Dependencies all met for dep_context=requeueable deps ti=<TaskInstance: copy_tranform_to_mongo.waiting_for_data scheduled__2021-01-19T00:00:00+00:00 [queued]>
[2023-10-17T11:18:49.471+0000] {taskinstance.py:1361} INFO - Starting attempt 1 of 1
[2023-10-17T11:18:49.486+0000] {taskinstance.py:1382} INFO - Executing <Task(FileSensor): waiting_for_data> on 2021-01-19 00:00:00+00:00
[2023-10-17T11:18:49.493+0000] {standard_task_runner.py:57} INFO - Started process 463 to run task
[2023-10-17T11:18:49.495+0000] {standard_task_runner.py:84} INFO - Running: ['***', 'tasks', 'run', 'copy_tranform_to_mongo', 'waiting_for_data', 'scheduled__2021-01-19T00:00:00+00:00', '--job-id', '23', '--raw', '--subdir', 'DAGS_FOLDER/file_***-mongo.py', '--cfg-path', '/tmp/tmpknap2rd7']
[2023-10-17T11:18:49.496+0000] {standard_task_runner.py:85} INFO - Job 23: Subtask waiting_for_data
[2023-10-17T11:18:49.540+0000] {task_command.py:416} INFO - Running <TaskInstance: copy_tranform_to_mongo.waiting_for_data scheduled__2021-01-19T00:00:00+00:00 [running]> on host 238c1d4ff767
[2023-10-17T11:18:49.615+0000] {taskinstance.py:1662} INFO - Exporting env vars: AIRFLOW_CTX_DAG_OWNER='***' AIRFLOW_CTX_DAG_ID='copy_tranform_to_mongo' AIRFLOW_CTX_TASK_ID='waiting_for_data' AIRFLOW_CTX_EXECUTION_DATE='2021-01-19T00:00:00+00:00' AIRFLOW_CTX_TRY_NUMBER='1' AIRFLOW_CTX_DAG_RUN_ID='scheduled__2021-01-19T00:00:00+00:00'
[2023-10-17T11:18:49.624+0000] {base.py:73} INFO - Using connection ID 'fs_default' for task execution.
[2023-10-17T11:18:49.624+0000] {filesystem.py:64} INFO - Poking for file /opt/in/tiktok_google_play_reviews.csv
[2023-10-17T11:18:49.625+0000] {filesystem.py:69} INFO - Found File /opt/in/tiktok_google_play_reviews.csv last modified: 20220405221612
[2023-10-17T11:18:49.625+0000] {base.py:287} INFO - Success criteria met. Exiting.
[2023-10-17T11:18:49.631+0000] {taskinstance.py:1400} INFO - Marking task as SUCCESS. dag_id=copy_tranform_to_mongo, task_id=waiting_for_data, execution_date=20210119T000000, start_date=20231017T111849, end_date=20231017T111849
[2023-10-17T11:18:49.668+0000] {local_task_job_runner.py:228} INFO - Task exited with return code 0
[2023-10-17T11:18:49.689+0000] {taskinstance.py:2778} INFO - 0 downstream tasks scheduled from follow-on schedule check
[2023-10-18T10:42:14.580+0000] {taskinstance.py:1159} INFO - Dependencies all met for dep_context=non-requeueable deps ti=<TaskInstance: copy_tranform_to_mongo.waiting_for_data scheduled__2021-01-19T00:00:00+00:00 [queued]>
[2023-10-18T10:42:14.592+0000] {taskinstance.py:1159} INFO - Dependencies all met for dep_context=requeueable deps ti=<TaskInstance: copy_tranform_to_mongo.waiting_for_data scheduled__2021-01-19T00:00:00+00:00 [queued]>
[2023-10-18T10:42:14.593+0000] {taskinstance.py:1361} INFO - Starting attempt 1 of 1
[2023-10-18T10:42:14.606+0000] {taskinstance.py:1382} INFO - Executing <Task(FileSensor): waiting_for_data> on 2021-01-19 00:00:00+00:00
[2023-10-18T10:42:14.611+0000] {standard_task_runner.py:57} INFO - Started process 1427 to run task
[2023-10-18T10:42:14.614+0000] {standard_task_runner.py:84} INFO - Running: ['***', 'tasks', 'run', 'copy_tranform_to_mongo', 'waiting_for_data', 'scheduled__2021-01-19T00:00:00+00:00', '--job-id', '22', '--raw', '--subdir', 'DAGS_FOLDER/file_***-mongo.py', '--cfg-path', '/tmp/tmp13_j0rje']
[2023-10-18T10:42:14.615+0000] {standard_task_runner.py:85} INFO - Job 22: Subtask waiting_for_data
[2023-10-18T10:42:14.665+0000] {task_command.py:416} INFO - Running <TaskInstance: copy_tranform_to_mongo.waiting_for_data scheduled__2021-01-19T00:00:00+00:00 [running]> on host 2473b23ba069
[2023-10-18T10:42:14.755+0000] {taskinstance.py:1662} INFO - Exporting env vars: AIRFLOW_CTX_DAG_OWNER='***' AIRFLOW_CTX_DAG_ID='copy_tranform_to_mongo' AIRFLOW_CTX_TASK_ID='waiting_for_data' AIRFLOW_CTX_EXECUTION_DATE='2021-01-19T00:00:00+00:00' AIRFLOW_CTX_TRY_NUMBER='1' AIRFLOW_CTX_DAG_RUN_ID='scheduled__2021-01-19T00:00:00+00:00'
[2023-10-18T10:42:14.775+0000] {taskinstance.py:1937} ERROR - Task failed with exception
Traceback (most recent call last):
  File "/home/airflow/.local/lib/python3.8/site-packages/airflow/sensors/base.py", line 257, in execute
    raise e
  File "/home/airflow/.local/lib/python3.8/site-packages/airflow/sensors/base.py", line 239, in execute
    poke_return = self.poke(context)
  File "/home/airflow/.local/lib/python3.8/site-packages/airflow/sensors/filesystem.py", line 61, in poke
    hook = FSHook(self.fs_conn_id)
  File "/home/airflow/.local/lib/python3.8/site-packages/airflow/hooks/filesystem.py", line 38, in __init__
    conn = self.get_connection(conn_id)
  File "/home/airflow/.local/lib/python3.8/site-packages/airflow/hooks/base.py", line 72, in get_connection
    conn = Connection.get_connection_from_secrets(conn_id)
  File "/home/airflow/.local/lib/python3.8/site-packages/airflow/models/connection.py", line 477, in get_connection_from_secrets
    raise AirflowNotFoundException(f"The conn_id `{conn_id}` isn't defined")
airflow.exceptions.AirflowNotFoundException: The conn_id `fs_default` isn't defined
[2023-10-18T10:42:14.779+0000] {taskinstance.py:1400} INFO - Marking task as FAILED. dag_id=copy_tranform_to_mongo, task_id=waiting_for_data, execution_date=20210119T000000, start_date=20231018T104214, end_date=20231018T104214
[2023-10-18T10:42:14.792+0000] {standard_task_runner.py:104} ERROR - Failed to execute job 22 for task waiting_for_data (The conn_id `fs_default` isn't defined; 1427)
[2023-10-18T10:42:14.831+0000] {local_task_job_runner.py:228} INFO - Task exited with return code 1
[2023-10-18T10:42:14.866+0000] {taskinstance.py:2778} INFO - 0 downstream tasks scheduled from follow-on schedule check
[2023-10-18T11:14:44.177+0000] {taskinstance.py:1159} INFO - Dependencies all met for dep_context=non-requeueable deps ti=<TaskInstance: copy_tranform_to_mongo.waiting_for_data scheduled__2021-01-19T00:00:00+00:00 [queued]>
[2023-10-18T11:14:44.186+0000] {taskinstance.py:1159} INFO - Dependencies all met for dep_context=requeueable deps ti=<TaskInstance: copy_tranform_to_mongo.waiting_for_data scheduled__2021-01-19T00:00:00+00:00 [queued]>
[2023-10-18T11:14:44.187+0000] {taskinstance.py:1361} INFO - Starting attempt 1 of 1
[2023-10-18T11:14:44.201+0000] {taskinstance.py:1382} INFO - Executing <Task(FileSensor): waiting_for_data> on 2021-01-19 00:00:00+00:00
[2023-10-18T11:14:44.210+0000] {standard_task_runner.py:57} INFO - Started process 132 to run task
[2023-10-18T11:14:44.216+0000] {standard_task_runner.py:84} INFO - Running: ['***', 'tasks', 'run', 'copy_tranform_to_mongo', 'waiting_for_data', 'scheduled__2021-01-19T00:00:00+00:00', '--job-id', '21', '--raw', '--subdir', 'DAGS_FOLDER/file_***-mongo.py', '--cfg-path', '/tmp/tmp3xx6f4oc']
[2023-10-18T11:14:44.217+0000] {standard_task_runner.py:85} INFO - Job 21: Subtask waiting_for_data
[2023-10-18T11:14:44.261+0000] {task_command.py:416} INFO - Running <TaskInstance: copy_tranform_to_mongo.waiting_for_data scheduled__2021-01-19T00:00:00+00:00 [running]> on host 0e68aa52dfc7
[2023-10-18T11:14:44.340+0000] {taskinstance.py:1662} INFO - Exporting env vars: AIRFLOW_CTX_DAG_OWNER='***' AIRFLOW_CTX_DAG_ID='copy_tranform_to_mongo' AIRFLOW_CTX_TASK_ID='waiting_for_data' AIRFLOW_CTX_EXECUTION_DATE='2021-01-19T00:00:00+00:00' AIRFLOW_CTX_TRY_NUMBER='1' AIRFLOW_CTX_DAG_RUN_ID='scheduled__2021-01-19T00:00:00+00:00'
[2023-10-18T11:14:44.356+0000] {taskinstance.py:1937} ERROR - Task failed with exception
Traceback (most recent call last):
  File "/home/airflow/.local/lib/python3.8/site-packages/airflow/sensors/base.py", line 257, in execute
    raise e
  File "/home/airflow/.local/lib/python3.8/site-packages/airflow/sensors/base.py", line 239, in execute
    poke_return = self.poke(context)
  File "/home/airflow/.local/lib/python3.8/site-packages/airflow/sensors/filesystem.py", line 61, in poke
    hook = FSHook(self.fs_conn_id)
  File "/home/airflow/.local/lib/python3.8/site-packages/airflow/hooks/filesystem.py", line 38, in __init__
    conn = self.get_connection(conn_id)
  File "/home/airflow/.local/lib/python3.8/site-packages/airflow/hooks/base.py", line 72, in get_connection
    conn = Connection.get_connection_from_secrets(conn_id)
  File "/home/airflow/.local/lib/python3.8/site-packages/airflow/models/connection.py", line 477, in get_connection_from_secrets
    raise AirflowNotFoundException(f"The conn_id `{conn_id}` isn't defined")
airflow.exceptions.AirflowNotFoundException: The conn_id `fs_default` isn't defined
[2023-10-18T11:14:44.359+0000] {taskinstance.py:1400} INFO - Marking task as FAILED. dag_id=copy_tranform_to_mongo, task_id=waiting_for_data, execution_date=20210119T000000, start_date=20231018T111444, end_date=20231018T111444
[2023-10-18T11:14:44.370+0000] {standard_task_runner.py:104} ERROR - Failed to execute job 21 for task waiting_for_data (The conn_id `fs_default` isn't defined; 132)
[2023-10-18T11:14:44.389+0000] {local_task_job_runner.py:228} INFO - Task exited with return code 1
[2023-10-18T11:14:44.422+0000] {taskinstance.py:2778} INFO - 0 downstream tasks scheduled from follow-on schedule check
[2023-10-19T12:09:57.719+0000] {taskinstance.py:1159} INFO - Dependencies all met for dep_context=non-requeueable deps ti=<TaskInstance: copy_tranform_to_mongo.waiting_for_data scheduled__2021-01-19T00:00:00+00:00 [queued]>
[2023-10-19T12:09:57.730+0000] {taskinstance.py:1159} INFO - Dependencies all met for dep_context=requeueable deps ti=<TaskInstance: copy_tranform_to_mongo.waiting_for_data scheduled__2021-01-19T00:00:00+00:00 [queued]>
[2023-10-19T12:09:57.730+0000] {taskinstance.py:1361} INFO - Starting attempt 1 of 1
[2023-10-19T12:09:57.747+0000] {taskinstance.py:1382} INFO - Executing <Task(FileSensor): waiting_for_data> on 2021-01-19 00:00:00+00:00
[2023-10-19T12:09:57.757+0000] {standard_task_runner.py:57} INFO - Started process 204 to run task
[2023-10-19T12:09:57.758+0000] {standard_task_runner.py:84} INFO - Running: ['***', 'tasks', 'run', 'copy_tranform_to_mongo', 'waiting_for_data', 'scheduled__2021-01-19T00:00:00+00:00', '--job-id', '21', '--raw', '--subdir', 'DAGS_FOLDER/file_***-mongo.py', '--cfg-path', '/tmp/tmppyibqaox']
[2023-10-19T12:09:57.759+0000] {standard_task_runner.py:85} INFO - Job 21: Subtask waiting_for_data
[2023-10-19T12:09:57.810+0000] {task_command.py:416} INFO - Running <TaskInstance: copy_tranform_to_mongo.waiting_for_data scheduled__2021-01-19T00:00:00+00:00 [running]> on host 6f5df7fea6fd
[2023-10-19T12:09:57.900+0000] {taskinstance.py:1662} INFO - Exporting env vars: AIRFLOW_CTX_DAG_OWNER='***' AIRFLOW_CTX_DAG_ID='copy_tranform_to_mongo' AIRFLOW_CTX_TASK_ID='waiting_for_data' AIRFLOW_CTX_EXECUTION_DATE='2021-01-19T00:00:00+00:00' AIRFLOW_CTX_TRY_NUMBER='1' AIRFLOW_CTX_DAG_RUN_ID='scheduled__2021-01-19T00:00:00+00:00'
[2023-10-19T12:09:57.920+0000] {taskinstance.py:1937} ERROR - Task failed with exception
Traceback (most recent call last):
  File "/home/airflow/.local/lib/python3.8/site-packages/airflow/sensors/base.py", line 257, in execute
    raise e
  File "/home/airflow/.local/lib/python3.8/site-packages/airflow/sensors/base.py", line 239, in execute
    poke_return = self.poke(context)
  File "/home/airflow/.local/lib/python3.8/site-packages/airflow/sensors/filesystem.py", line 61, in poke
    hook = FSHook(self.fs_conn_id)
  File "/home/airflow/.local/lib/python3.8/site-packages/airflow/hooks/filesystem.py", line 38, in __init__
    conn = self.get_connection(conn_id)
  File "/home/airflow/.local/lib/python3.8/site-packages/airflow/hooks/base.py", line 72, in get_connection
    conn = Connection.get_connection_from_secrets(conn_id)
  File "/home/airflow/.local/lib/python3.8/site-packages/airflow/models/connection.py", line 477, in get_connection_from_secrets
    raise AirflowNotFoundException(f"The conn_id `{conn_id}` isn't defined")
airflow.exceptions.AirflowNotFoundException: The conn_id `fs_default` isn't defined
[2023-10-19T12:09:57.924+0000] {taskinstance.py:1400} INFO - Marking task as FAILED. dag_id=copy_tranform_to_mongo, task_id=waiting_for_data, execution_date=20210119T000000, start_date=20231019T120957, end_date=20231019T120957
[2023-10-19T12:09:57.937+0000] {standard_task_runner.py:104} ERROR - Failed to execute job 21 for task waiting_for_data (The conn_id `fs_default` isn't defined; 204)
[2023-10-19T12:09:57.978+0000] {local_task_job_runner.py:228} INFO - Task exited with return code 1
[2023-10-19T12:09:58.014+0000] {taskinstance.py:2778} INFO - 0 downstream tasks scheduled from follow-on schedule check
[2023-10-19T13:04:48.024+0000] {taskinstance.py:1159} INFO - Dependencies all met for dep_context=non-requeueable deps ti=<TaskInstance: copy_tranform_to_mongo.waiting_for_data scheduled__2021-01-19T00:00:00+00:00 [queued]>
[2023-10-19T13:04:48.035+0000] {taskinstance.py:1159} INFO - Dependencies all met for dep_context=requeueable deps ti=<TaskInstance: copy_tranform_to_mongo.waiting_for_data scheduled__2021-01-19T00:00:00+00:00 [queued]>
[2023-10-19T13:04:48.036+0000] {taskinstance.py:1361} INFO - Starting attempt 1 of 1
[2023-10-19T13:04:48.066+0000] {taskinstance.py:1382} INFO - Executing <Task(FileSensor): waiting_for_data> on 2021-01-19 00:00:00+00:00
[2023-10-19T13:04:48.074+0000] {standard_task_runner.py:57} INFO - Started process 241 to run task
[2023-10-19T13:04:48.077+0000] {standard_task_runner.py:84} INFO - Running: ['***', 'tasks', 'run', 'copy_tranform_to_mongo', 'waiting_for_data', 'scheduled__2021-01-19T00:00:00+00:00', '--job-id', '56', '--raw', '--subdir', 'DAGS_FOLDER/file_***-mongo.py', '--cfg-path', '/tmp/tmp7siczu3t']
[2023-10-19T13:04:48.078+0000] {standard_task_runner.py:85} INFO - Job 56: Subtask waiting_for_data
[2023-10-19T13:04:48.131+0000] {task_command.py:416} INFO - Running <TaskInstance: copy_tranform_to_mongo.waiting_for_data scheduled__2021-01-19T00:00:00+00:00 [running]> on host f2b9ba520501
[2023-10-19T13:04:48.247+0000] {taskinstance.py:1662} INFO - Exporting env vars: AIRFLOW_CTX_DAG_OWNER='***' AIRFLOW_CTX_DAG_ID='copy_tranform_to_mongo' AIRFLOW_CTX_TASK_ID='waiting_for_data' AIRFLOW_CTX_EXECUTION_DATE='2021-01-19T00:00:00+00:00' AIRFLOW_CTX_TRY_NUMBER='1' AIRFLOW_CTX_DAG_RUN_ID='scheduled__2021-01-19T00:00:00+00:00'
[2023-10-19T13:04:48.265+0000] {base.py:73} INFO - Using connection ID 'fs_default' for task execution.
[2023-10-19T13:04:48.265+0000] {filesystem.py:64} INFO - Poking for file /opt/in/tiktok_google_play_reviews.csv
[2023-10-19T13:04:48.266+0000] {filesystem.py:69} INFO - Found File /opt/in/tiktok_google_play_reviews.csv last modified: 20220405221612
[2023-10-19T13:04:48.266+0000] {base.py:287} INFO - Success criteria met. Exiting.
[2023-10-19T13:04:48.280+0000] {taskinstance.py:1400} INFO - Marking task as SUCCESS. dag_id=copy_tranform_to_mongo, task_id=waiting_for_data, execution_date=20210119T000000, start_date=20231019T130448, end_date=20231019T130448
[2023-10-19T13:04:48.331+0000] {local_task_job_runner.py:228} INFO - Task exited with return code 0
[2023-10-19T13:04:48.371+0000] {taskinstance.py:2778} INFO - 0 downstream tasks scheduled from follow-on schedule check
