[2023-10-17T11:19:02.418+0000] {taskinstance.py:1159} INFO - Dependencies all met for dep_context=non-requeueable deps ti=<TaskInstance: copy_tranform_to_mongo.waiting_for_data scheduled__2021-02-17T00:00:00+00:00 [queued]>
[2023-10-17T11:19:02.428+0000] {taskinstance.py:1159} INFO - Dependencies all met for dep_context=requeueable deps ti=<TaskInstance: copy_tranform_to_mongo.waiting_for_data scheduled__2021-02-17T00:00:00+00:00 [queued]>
[2023-10-17T11:19:02.429+0000] {taskinstance.py:1361} INFO - Starting attempt 1 of 1
[2023-10-17T11:19:02.441+0000] {taskinstance.py:1382} INFO - Executing <Task(FileSensor): waiting_for_data> on 2021-02-17 00:00:00+00:00
[2023-10-17T11:19:02.448+0000] {standard_task_runner.py:57} INFO - Started process 521 to run task
[2023-10-17T11:19:02.451+0000] {standard_task_runner.py:84} INFO - Running: ['***', 'tasks', 'run', 'copy_tranform_to_mongo', 'waiting_for_data', 'scheduled__2021-02-17T00:00:00+00:00', '--job-id', '52', '--raw', '--subdir', 'DAGS_FOLDER/file_***-mongo.py', '--cfg-path', '/tmp/tmpmc6ledlp']
[2023-10-17T11:19:02.452+0000] {standard_task_runner.py:85} INFO - Job 52: Subtask waiting_for_data
[2023-10-17T11:19:02.490+0000] {task_command.py:416} INFO - Running <TaskInstance: copy_tranform_to_mongo.waiting_for_data scheduled__2021-02-17T00:00:00+00:00 [running]> on host 238c1d4ff767
[2023-10-17T11:19:02.562+0000] {taskinstance.py:1662} INFO - Exporting env vars: AIRFLOW_CTX_DAG_OWNER='***' AIRFLOW_CTX_DAG_ID='copy_tranform_to_mongo' AIRFLOW_CTX_TASK_ID='waiting_for_data' AIRFLOW_CTX_EXECUTION_DATE='2021-02-17T00:00:00+00:00' AIRFLOW_CTX_TRY_NUMBER='1' AIRFLOW_CTX_DAG_RUN_ID='scheduled__2021-02-17T00:00:00+00:00'
[2023-10-17T11:19:02.571+0000] {base.py:73} INFO - Using connection ID 'fs_default' for task execution.
[2023-10-17T11:19:02.571+0000] {filesystem.py:64} INFO - Poking for file /opt/in/tiktok_google_play_reviews.csv
[2023-10-17T11:19:02.571+0000] {filesystem.py:69} INFO - Found File /opt/in/tiktok_google_play_reviews.csv last modified: 20220405221612
[2023-10-17T11:19:02.572+0000] {base.py:287} INFO - Success criteria met. Exiting.
[2023-10-17T11:19:02.584+0000] {taskinstance.py:1400} INFO - Marking task as SUCCESS. dag_id=copy_tranform_to_mongo, task_id=waiting_for_data, execution_date=20210217T000000, start_date=20231017T111902, end_date=20231017T111902
[2023-10-17T11:19:02.623+0000] {local_task_job_runner.py:228} INFO - Task exited with return code 0
[2023-10-17T11:19:02.640+0000] {taskinstance.py:2778} INFO - 0 downstream tasks scheduled from follow-on schedule check
[2023-10-18T10:42:29.939+0000] {taskinstance.py:1159} INFO - Dependencies all met for dep_context=non-requeueable deps ti=<TaskInstance: copy_tranform_to_mongo.waiting_for_data scheduled__2021-02-17T00:00:00+00:00 [queued]>
[2023-10-18T10:42:29.952+0000] {taskinstance.py:1159} INFO - Dependencies all met for dep_context=requeueable deps ti=<TaskInstance: copy_tranform_to_mongo.waiting_for_data scheduled__2021-02-17T00:00:00+00:00 [queued]>
[2023-10-18T10:42:29.953+0000] {taskinstance.py:1361} INFO - Starting attempt 1 of 1
[2023-10-18T10:42:30.008+0000] {taskinstance.py:1382} INFO - Executing <Task(FileSensor): waiting_for_data> on 2021-02-17 00:00:00+00:00
[2023-10-18T10:42:30.017+0000] {standard_task_runner.py:57} INFO - Started process 1484 to run task
[2023-10-18T10:42:30.020+0000] {standard_task_runner.py:84} INFO - Running: ['***', 'tasks', 'run', 'copy_tranform_to_mongo', 'waiting_for_data', 'scheduled__2021-02-17T00:00:00+00:00', '--job-id', '51', '--raw', '--subdir', 'DAGS_FOLDER/file_***-mongo.py', '--cfg-path', '/tmp/tmphzzog7ic']
[2023-10-18T10:42:30.022+0000] {standard_task_runner.py:85} INFO - Job 51: Subtask waiting_for_data
[2023-10-18T10:42:30.092+0000] {task_command.py:416} INFO - Running <TaskInstance: copy_tranform_to_mongo.waiting_for_data scheduled__2021-02-17T00:00:00+00:00 [running]> on host 2473b23ba069
[2023-10-18T10:42:30.167+0000] {taskinstance.py:1662} INFO - Exporting env vars: AIRFLOW_CTX_DAG_OWNER='***' AIRFLOW_CTX_DAG_ID='copy_tranform_to_mongo' AIRFLOW_CTX_TASK_ID='waiting_for_data' AIRFLOW_CTX_EXECUTION_DATE='2021-02-17T00:00:00+00:00' AIRFLOW_CTX_TRY_NUMBER='1' AIRFLOW_CTX_DAG_RUN_ID='scheduled__2021-02-17T00:00:00+00:00'
[2023-10-18T10:42:30.185+0000] {taskinstance.py:1937} ERROR - Task failed with exception
Traceback (most recent call last):
  File "/home/airflow/.local/lib/python3.8/site-packages/airflow/sensors/base.py", line 257, in execute
    raise e
  File "/home/airflow/.local/lib/python3.8/site-packages/airflow/sensors/base.py", line 239, in execute
    poke_return = self.poke(context)
  File "/home/airflow/.local/lib/python3.8/site-packages/airflow/sensors/filesystem.py", line 61, in poke
    hook = FSHook(self.fs_conn_id)
  File "/home/airflow/.local/lib/python3.8/site-packages/airflow/hooks/filesystem.py", line 38, in __init__
    conn = self.get_connection(conn_id)
  File "/home/airflow/.local/lib/python3.8/site-packages/airflow/hooks/base.py", line 72, in get_connection
    conn = Connection.get_connection_from_secrets(conn_id)
  File "/home/airflow/.local/lib/python3.8/site-packages/airflow/models/connection.py", line 477, in get_connection_from_secrets
    raise AirflowNotFoundException(f"The conn_id `{conn_id}` isn't defined")
airflow.exceptions.AirflowNotFoundException: The conn_id `fs_default` isn't defined
[2023-10-18T10:42:30.188+0000] {taskinstance.py:1400} INFO - Marking task as FAILED. dag_id=copy_tranform_to_mongo, task_id=waiting_for_data, execution_date=20210217T000000, start_date=20231018T104229, end_date=20231018T104230
[2023-10-18T10:42:30.201+0000] {standard_task_runner.py:104} ERROR - Failed to execute job 51 for task waiting_for_data (The conn_id `fs_default` isn't defined; 1484)
[2023-10-18T10:42:30.235+0000] {local_task_job_runner.py:228} INFO - Task exited with return code 1
[2023-10-18T10:42:30.259+0000] {taskinstance.py:2778} INFO - 0 downstream tasks scheduled from follow-on schedule check
[2023-10-18T11:16:59.719+0000] {taskinstance.py:1159} INFO - Dependencies all met for dep_context=non-requeueable deps ti=<TaskInstance: copy_tranform_to_mongo.waiting_for_data scheduled__2021-02-17T00:00:00+00:00 [queued]>
[2023-10-18T11:16:59.730+0000] {taskinstance.py:1159} INFO - Dependencies all met for dep_context=requeueable deps ti=<TaskInstance: copy_tranform_to_mongo.waiting_for_data scheduled__2021-02-17T00:00:00+00:00 [queued]>
[2023-10-18T11:16:59.730+0000] {taskinstance.py:1361} INFO - Starting attempt 1 of 1
[2023-10-18T11:16:59.740+0000] {taskinstance.py:1382} INFO - Executing <Task(FileSensor): waiting_for_data> on 2021-02-17 00:00:00+00:00
[2023-10-18T11:16:59.749+0000] {standard_task_runner.py:57} INFO - Started process 240 to run task
[2023-10-18T11:16:59.752+0000] {standard_task_runner.py:84} INFO - Running: ['***', 'tasks', 'run', 'copy_tranform_to_mongo', 'waiting_for_data', 'scheduled__2021-02-17T00:00:00+00:00', '--job-id', '59', '--raw', '--subdir', 'DAGS_FOLDER/file_***-mongo.py', '--cfg-path', '/tmp/tmppjgwu0v0']
[2023-10-18T11:16:59.752+0000] {standard_task_runner.py:85} INFO - Job 59: Subtask waiting_for_data
[2023-10-18T11:16:59.812+0000] {task_command.py:416} INFO - Running <TaskInstance: copy_tranform_to_mongo.waiting_for_data scheduled__2021-02-17T00:00:00+00:00 [running]> on host 0e68aa52dfc7
[2023-10-18T11:16:59.889+0000] {taskinstance.py:1662} INFO - Exporting env vars: AIRFLOW_CTX_DAG_OWNER='***' AIRFLOW_CTX_DAG_ID='copy_tranform_to_mongo' AIRFLOW_CTX_TASK_ID='waiting_for_data' AIRFLOW_CTX_EXECUTION_DATE='2021-02-17T00:00:00+00:00' AIRFLOW_CTX_TRY_NUMBER='1' AIRFLOW_CTX_DAG_RUN_ID='scheduled__2021-02-17T00:00:00+00:00'
[2023-10-18T11:16:59.899+0000] {base.py:73} INFO - Using connection ID 'fs_default' for task execution.
[2023-10-18T11:16:59.900+0000] {filesystem.py:64} INFO - Poking for file /opt/in/tiktok_google_play_reviews.csv
[2023-10-18T11:16:59.900+0000] {filesystem.py:69} INFO - Found File /opt/in/tiktok_google_play_reviews.csv last modified: 20220405221612
[2023-10-18T11:16:59.900+0000] {base.py:287} INFO - Success criteria met. Exiting.
[2023-10-18T11:16:59.908+0000] {taskinstance.py:1400} INFO - Marking task as SUCCESS. dag_id=copy_tranform_to_mongo, task_id=waiting_for_data, execution_date=20210217T000000, start_date=20231018T111659, end_date=20231018T111659
[2023-10-18T11:16:59.965+0000] {local_task_job_runner.py:228} INFO - Task exited with return code 0
[2023-10-18T11:17:00.001+0000] {taskinstance.py:2778} INFO - 1 downstream tasks scheduled from follow-on schedule check
[2023-10-19T12:11:34.627+0000] {taskinstance.py:1159} INFO - Dependencies all met for dep_context=non-requeueable deps ti=<TaskInstance: copy_tranform_to_mongo.waiting_for_data scheduled__2021-02-17T00:00:00+00:00 [queued]>
[2023-10-19T12:11:34.639+0000] {taskinstance.py:1159} INFO - Dependencies all met for dep_context=requeueable deps ti=<TaskInstance: copy_tranform_to_mongo.waiting_for_data scheduled__2021-02-17T00:00:00+00:00 [queued]>
[2023-10-19T12:11:34.640+0000] {taskinstance.py:1361} INFO - Starting attempt 1 of 1
[2023-10-19T12:11:34.656+0000] {taskinstance.py:1382} INFO - Executing <Task(FileSensor): waiting_for_data> on 2021-02-17 00:00:00+00:00
[2023-10-19T12:11:34.664+0000] {standard_task_runner.py:57} INFO - Started process 293 to run task
[2023-10-19T12:11:34.668+0000] {standard_task_runner.py:84} INFO - Running: ['***', 'tasks', 'run', 'copy_tranform_to_mongo', 'waiting_for_data', 'scheduled__2021-02-17T00:00:00+00:00', '--job-id', '53', '--raw', '--subdir', 'DAGS_FOLDER/file_***-mongo.py', '--cfg-path', '/tmp/tmpzyac17uv']
[2023-10-19T12:11:34.669+0000] {standard_task_runner.py:85} INFO - Job 53: Subtask waiting_for_data
[2023-10-19T12:11:34.723+0000] {task_command.py:416} INFO - Running <TaskInstance: copy_tranform_to_mongo.waiting_for_data scheduled__2021-02-17T00:00:00+00:00 [running]> on host 6f5df7fea6fd
[2023-10-19T12:11:34.819+0000] {taskinstance.py:1662} INFO - Exporting env vars: AIRFLOW_CTX_DAG_OWNER='***' AIRFLOW_CTX_DAG_ID='copy_tranform_to_mongo' AIRFLOW_CTX_TASK_ID='waiting_for_data' AIRFLOW_CTX_EXECUTION_DATE='2021-02-17T00:00:00+00:00' AIRFLOW_CTX_TRY_NUMBER='1' AIRFLOW_CTX_DAG_RUN_ID='scheduled__2021-02-17T00:00:00+00:00'
[2023-10-19T12:11:34.841+0000] {base.py:73} INFO - Using connection ID 'fs_default' for task execution.
[2023-10-19T12:11:34.841+0000] {filesystem.py:64} INFO - Poking for file /opt/in/tiktok_google_play_reviews.csv
[2023-10-19T12:11:34.842+0000] {filesystem.py:69} INFO - Found File /opt/in/tiktok_google_play_reviews.csv last modified: 20220405221612
[2023-10-19T12:11:34.842+0000] {base.py:287} INFO - Success criteria met. Exiting.
[2023-10-19T12:11:34.849+0000] {taskinstance.py:1400} INFO - Marking task as SUCCESS. dag_id=copy_tranform_to_mongo, task_id=waiting_for_data, execution_date=20210217T000000, start_date=20231019T121134, end_date=20231019T121134
[2023-10-19T12:11:34.885+0000] {local_task_job_runner.py:228} INFO - Task exited with return code 0
[2023-10-19T12:11:34.931+0000] {taskinstance.py:2778} INFO - 1 downstream tasks scheduled from follow-on schedule check
