[2023-10-17T11:20:18.306+0000] {taskinstance.py:1159} INFO - Dependencies all met for dep_context=non-requeueable deps ti=<TaskInstance: copy_tranform_to_mongo.waiting_for_data scheduled__2021-08-23T00:00:00+00:00 [queued]>
[2023-10-17T11:20:18.318+0000] {taskinstance.py:1159} INFO - Dependencies all met for dep_context=requeueable deps ti=<TaskInstance: copy_tranform_to_mongo.waiting_for_data scheduled__2021-08-23T00:00:00+00:00 [queued]>
[2023-10-17T11:20:18.318+0000] {taskinstance.py:1361} INFO - Starting attempt 1 of 1
[2023-10-17T11:20:18.338+0000] {taskinstance.py:1382} INFO - Executing <Task(FileSensor): waiting_for_data> on 2021-08-23 00:00:00+00:00
[2023-10-17T11:20:18.347+0000] {standard_task_runner.py:57} INFO - Started process 918 to run task
[2023-10-17T11:20:18.350+0000] {standard_task_runner.py:84} INFO - Running: ['***', 'tasks', 'run', 'copy_tranform_to_mongo', 'waiting_for_data', 'scheduled__2021-08-23T00:00:00+00:00', '--job-id', '239', '--raw', '--subdir', 'DAGS_FOLDER/file_***-mongo.py', '--cfg-path', '/tmp/tmpf2gl_17p']
[2023-10-17T11:20:18.351+0000] {standard_task_runner.py:85} INFO - Job 239: Subtask waiting_for_data
[2023-10-17T11:20:18.400+0000] {task_command.py:416} INFO - Running <TaskInstance: copy_tranform_to_mongo.waiting_for_data scheduled__2021-08-23T00:00:00+00:00 [running]> on host 238c1d4ff767
[2023-10-17T11:20:18.496+0000] {taskinstance.py:1662} INFO - Exporting env vars: AIRFLOW_CTX_DAG_OWNER='***' AIRFLOW_CTX_DAG_ID='copy_tranform_to_mongo' AIRFLOW_CTX_TASK_ID='waiting_for_data' AIRFLOW_CTX_EXECUTION_DATE='2021-08-23T00:00:00+00:00' AIRFLOW_CTX_TRY_NUMBER='1' AIRFLOW_CTX_DAG_RUN_ID='scheduled__2021-08-23T00:00:00+00:00'
[2023-10-17T11:20:18.506+0000] {base.py:73} INFO - Using connection ID 'fs_default' for task execution.
[2023-10-17T11:20:18.507+0000] {filesystem.py:64} INFO - Poking for file /opt/in/tiktok_google_play_reviews.csv
[2023-10-17T11:20:18.507+0000] {filesystem.py:69} INFO - Found File /opt/in/tiktok_google_play_reviews.csv last modified: 20220405221612
[2023-10-17T11:20:18.507+0000] {base.py:287} INFO - Success criteria met. Exiting.
[2023-10-17T11:20:18.518+0000] {taskinstance.py:1400} INFO - Marking task as SUCCESS. dag_id=copy_tranform_to_mongo, task_id=waiting_for_data, execution_date=20210823T000000, start_date=20231017T112018, end_date=20231017T112018
[2023-10-17T11:20:18.566+0000] {local_task_job_runner.py:228} INFO - Task exited with return code 0
[2023-10-17T11:20:18.635+0000] {taskinstance.py:2778} INFO - 0 downstream tasks scheduled from follow-on schedule check
[2023-10-18T10:48:02.426+0000] {taskinstance.py:1159} INFO - Dependencies all met for dep_context=non-requeueable deps ti=<TaskInstance: copy_tranform_to_mongo.waiting_for_data scheduled__2021-08-23T00:00:00+00:00 [queued]>
[2023-10-18T10:48:02.435+0000] {taskinstance.py:1159} INFO - Dependencies all met for dep_context=requeueable deps ti=<TaskInstance: copy_tranform_to_mongo.waiting_for_data scheduled__2021-08-23T00:00:00+00:00 [queued]>
[2023-10-18T10:48:02.436+0000] {taskinstance.py:1361} INFO - Starting attempt 1 of 1
[2023-10-18T10:48:02.448+0000] {taskinstance.py:1382} INFO - Executing <Task(FileSensor): waiting_for_data> on 2021-08-23 00:00:00+00:00
[2023-10-18T10:48:02.454+0000] {standard_task_runner.py:57} INFO - Started process 2010 to run task
[2023-10-18T10:48:02.458+0000] {standard_task_runner.py:84} INFO - Running: ['***', 'tasks', 'run', 'copy_tranform_to_mongo', 'waiting_for_data', 'scheduled__2021-08-23T00:00:00+00:00', '--job-id', '269', '--raw', '--subdir', 'DAGS_FOLDER/file_***-mongo.py', '--cfg-path', '/tmp/tmp_sdh6h1n']
[2023-10-18T10:48:02.459+0000] {standard_task_runner.py:85} INFO - Job 269: Subtask waiting_for_data
[2023-10-18T10:48:02.509+0000] {task_command.py:416} INFO - Running <TaskInstance: copy_tranform_to_mongo.waiting_for_data scheduled__2021-08-23T00:00:00+00:00 [running]> on host 2473b23ba069
[2023-10-18T10:48:02.581+0000] {taskinstance.py:1662} INFO - Exporting env vars: AIRFLOW_CTX_DAG_OWNER='***' AIRFLOW_CTX_DAG_ID='copy_tranform_to_mongo' AIRFLOW_CTX_TASK_ID='waiting_for_data' AIRFLOW_CTX_EXECUTION_DATE='2021-08-23T00:00:00+00:00' AIRFLOW_CTX_TRY_NUMBER='1' AIRFLOW_CTX_DAG_RUN_ID='scheduled__2021-08-23T00:00:00+00:00'
[2023-10-18T10:48:02.589+0000] {base.py:73} INFO - Using connection ID 'fs_default' for task execution.
[2023-10-18T10:48:02.590+0000] {filesystem.py:64} INFO - Poking for file /opt/in/tiktok_google_play_reviews.csv
[2023-10-18T10:48:02.591+0000] {filesystem.py:69} INFO - Found File /opt/in/tiktok_google_play_reviews.csv last modified: 20220405221612
[2023-10-18T10:48:02.591+0000] {base.py:287} INFO - Success criteria met. Exiting.
[2023-10-18T10:48:02.601+0000] {taskinstance.py:1400} INFO - Marking task as SUCCESS. dag_id=copy_tranform_to_mongo, task_id=waiting_for_data, execution_date=20210823T000000, start_date=20231018T104802, end_date=20231018T104802
[2023-10-18T10:48:02.630+0000] {local_task_job_runner.py:228} INFO - Task exited with return code 0
[2023-10-18T10:48:02.667+0000] {taskinstance.py:2778} INFO - 1 downstream tasks scheduled from follow-on schedule check
[2023-10-18T11:44:37.065+0000] {taskinstance.py:1159} INFO - Dependencies all met for dep_context=non-requeueable deps ti=<TaskInstance: copy_tranform_to_mongo.waiting_for_data scheduled__2021-08-23T00:00:00+00:00 [queued]>
[2023-10-18T11:44:37.072+0000] {taskinstance.py:1159} INFO - Dependencies all met for dep_context=requeueable deps ti=<TaskInstance: copy_tranform_to_mongo.waiting_for_data scheduled__2021-08-23T00:00:00+00:00 [queued]>
[2023-10-18T11:44:37.073+0000] {taskinstance.py:1361} INFO - Starting attempt 1 of 1
[2023-10-18T11:44:37.124+0000] {taskinstance.py:1382} INFO - Executing <Task(FileSensor): waiting_for_data> on 2021-08-23 00:00:00+00:00
[2023-10-18T11:44:37.133+0000] {standard_task_runner.py:57} INFO - Started process 1413 to run task
[2023-10-18T11:44:37.135+0000] {standard_task_runner.py:84} INFO - Running: ['***', 'tasks', 'run', 'copy_tranform_to_mongo', 'waiting_for_data', 'scheduled__2021-08-23T00:00:00+00:00', '--job-id', '432', '--raw', '--subdir', 'DAGS_FOLDER/file_***-mongo.py', '--cfg-path', '/tmp/tmp9h5ltbji']
[2023-10-18T11:44:37.137+0000] {standard_task_runner.py:85} INFO - Job 432: Subtask waiting_for_data
[2023-10-18T11:44:37.187+0000] {task_command.py:416} INFO - Running <TaskInstance: copy_tranform_to_mongo.waiting_for_data scheduled__2021-08-23T00:00:00+00:00 [running]> on host 0e68aa52dfc7
[2023-10-18T11:44:37.264+0000] {taskinstance.py:1662} INFO - Exporting env vars: AIRFLOW_CTX_DAG_OWNER='***' AIRFLOW_CTX_DAG_ID='copy_tranform_to_mongo' AIRFLOW_CTX_TASK_ID='waiting_for_data' AIRFLOW_CTX_EXECUTION_DATE='2021-08-23T00:00:00+00:00' AIRFLOW_CTX_TRY_NUMBER='1' AIRFLOW_CTX_DAG_RUN_ID='scheduled__2021-08-23T00:00:00+00:00'
[2023-10-18T11:44:37.273+0000] {base.py:73} INFO - Using connection ID 'fs_default' for task execution.
[2023-10-18T11:44:37.274+0000] {filesystem.py:64} INFO - Poking for file /opt/in/tiktok_google_play_reviews.csv
[2023-10-18T11:44:37.274+0000] {filesystem.py:69} INFO - Found File /opt/in/tiktok_google_play_reviews.csv last modified: 20220405221612
[2023-10-18T11:44:37.275+0000] {base.py:287} INFO - Success criteria met. Exiting.
[2023-10-18T11:44:37.286+0000] {taskinstance.py:1400} INFO - Marking task as SUCCESS. dag_id=copy_tranform_to_mongo, task_id=waiting_for_data, execution_date=20210823T000000, start_date=20231018T114437, end_date=20231018T114437
[2023-10-18T11:44:37.309+0000] {local_task_job_runner.py:228} INFO - Task exited with return code 0
[2023-10-18T11:44:37.338+0000] {taskinstance.py:2778} INFO - 1 downstream tasks scheduled from follow-on schedule check
