[2023-10-17T11:25:24.726+0000] {taskinstance.py:1159} INFO - Dependencies all met for dep_context=non-requeueable deps ti=<TaskInstance: copy_tranform_to_mongo.waiting_for_data scheduled__2023-03-17T00:00:00+00:00 [queued]>
[2023-10-17T11:25:24.736+0000] {taskinstance.py:1159} INFO - Dependencies all met for dep_context=requeueable deps ti=<TaskInstance: copy_tranform_to_mongo.waiting_for_data scheduled__2023-03-17T00:00:00+00:00 [queued]>
[2023-10-17T11:25:24.736+0000] {taskinstance.py:1361} INFO - Starting attempt 1 of 1
[2023-10-17T11:25:24.750+0000] {taskinstance.py:1382} INFO - Executing <Task(FileSensor): waiting_for_data> on 2023-03-17 00:00:00+00:00
[2023-10-17T11:25:24.756+0000] {standard_task_runner.py:57} INFO - Started process 2132 to run task
[2023-10-17T11:25:24.759+0000] {standard_task_runner.py:84} INFO - Running: ['***', 'tasks', 'run', 'copy_tranform_to_mongo', 'waiting_for_data', 'scheduled__2023-03-17T00:00:00+00:00', '--job-id', '810', '--raw', '--subdir', 'DAGS_FOLDER/file_***-mongo.py', '--cfg-path', '/tmp/tmpweb_fpky']
[2023-10-17T11:25:24.760+0000] {standard_task_runner.py:85} INFO - Job 810: Subtask waiting_for_data
[2023-10-17T11:25:24.804+0000] {task_command.py:416} INFO - Running <TaskInstance: copy_tranform_to_mongo.waiting_for_data scheduled__2023-03-17T00:00:00+00:00 [running]> on host 238c1d4ff767
[2023-10-17T11:25:24.874+0000] {taskinstance.py:1662} INFO - Exporting env vars: AIRFLOW_CTX_DAG_OWNER='***' AIRFLOW_CTX_DAG_ID='copy_tranform_to_mongo' AIRFLOW_CTX_TASK_ID='waiting_for_data' AIRFLOW_CTX_EXECUTION_DATE='2023-03-17T00:00:00+00:00' AIRFLOW_CTX_TRY_NUMBER='1' AIRFLOW_CTX_DAG_RUN_ID='scheduled__2023-03-17T00:00:00+00:00'
[2023-10-17T11:25:24.883+0000] {base.py:73} INFO - Using connection ID 'fs_default' for task execution.
[2023-10-17T11:25:24.884+0000] {filesystem.py:64} INFO - Poking for file /opt/in/tiktok_google_play_reviews.csv
[2023-10-17T11:25:24.884+0000] {filesystem.py:69} INFO - Found File /opt/in/tiktok_google_play_reviews.csv last modified: 20220405221612
[2023-10-17T11:25:24.884+0000] {base.py:287} INFO - Success criteria met. Exiting.
[2023-10-17T11:25:24.892+0000] {taskinstance.py:1400} INFO - Marking task as SUCCESS. dag_id=copy_tranform_to_mongo, task_id=waiting_for_data, execution_date=20230317T000000, start_date=20231017T112524, end_date=20231017T112524
[2023-10-17T11:25:24.931+0000] {local_task_job_runner.py:228} INFO - Task exited with return code 0
[2023-10-17T11:25:24.946+0000] {taskinstance.py:2778} INFO - 0 downstream tasks scheduled from follow-on schedule check
[2023-10-18T11:50:43.707+0000] {taskinstance.py:1159} INFO - Dependencies all met for dep_context=non-requeueable deps ti=<TaskInstance: copy_tranform_to_mongo.waiting_for_data scheduled__2023-03-17T00:00:00+00:00 [queued]>
[2023-10-18T11:50:43.717+0000] {taskinstance.py:1159} INFO - Dependencies all met for dep_context=requeueable deps ti=<TaskInstance: copy_tranform_to_mongo.waiting_for_data scheduled__2023-03-17T00:00:00+00:00 [queued]>
[2023-10-18T11:50:43.717+0000] {taskinstance.py:1361} INFO - Starting attempt 1 of 1
[2023-10-18T11:50:43.732+0000] {taskinstance.py:1382} INFO - Executing <Task(FileSensor): waiting_for_data> on 2023-03-17 00:00:00+00:00
[2023-10-18T11:50:43.740+0000] {standard_task_runner.py:57} INFO - Started process 3785 to run task
[2023-10-18T11:50:43.743+0000] {standard_task_runner.py:84} INFO - Running: ['***', 'tasks', 'run', 'copy_tranform_to_mongo', 'waiting_for_data', 'scheduled__2023-03-17T00:00:00+00:00', '--job-id', '1573', '--raw', '--subdir', 'DAGS_FOLDER/file_***-mongo.py', '--cfg-path', '/tmp/tmpf71zz3j6']
[2023-10-18T11:50:43.744+0000] {standard_task_runner.py:85} INFO - Job 1573: Subtask waiting_for_data
[2023-10-18T11:50:43.793+0000] {task_command.py:416} INFO - Running <TaskInstance: copy_tranform_to_mongo.waiting_for_data scheduled__2023-03-17T00:00:00+00:00 [running]> on host 0e68aa52dfc7
[2023-10-18T11:50:43.859+0000] {taskinstance.py:1662} INFO - Exporting env vars: AIRFLOW_CTX_DAG_OWNER='***' AIRFLOW_CTX_DAG_ID='copy_tranform_to_mongo' AIRFLOW_CTX_TASK_ID='waiting_for_data' AIRFLOW_CTX_EXECUTION_DATE='2023-03-17T00:00:00+00:00' AIRFLOW_CTX_TRY_NUMBER='1' AIRFLOW_CTX_DAG_RUN_ID='scheduled__2023-03-17T00:00:00+00:00'
[2023-10-18T11:50:43.869+0000] {base.py:73} INFO - Using connection ID 'fs_default' for task execution.
[2023-10-18T11:50:43.869+0000] {filesystem.py:64} INFO - Poking for file /opt/in/tiktok_google_play_reviews.csv
[2023-10-18T11:50:43.870+0000] {filesystem.py:69} INFO - Found File /opt/in/tiktok_google_play_reviews.csv last modified: 20220405221612
[2023-10-18T11:50:43.870+0000] {base.py:287} INFO - Success criteria met. Exiting.
[2023-10-18T11:50:43.880+0000] {taskinstance.py:1400} INFO - Marking task as SUCCESS. dag_id=copy_tranform_to_mongo, task_id=waiting_for_data, execution_date=20230317T000000, start_date=20231018T115043, end_date=20231018T115043
[2023-10-18T11:50:43.916+0000] {local_task_job_runner.py:228} INFO - Task exited with return code 0
[2023-10-18T11:50:43.953+0000] {taskinstance.py:2778} INFO - 1 downstream tasks scheduled from follow-on schedule check
