[2023-10-17T11:25:29.105+0000] {taskinstance.py:1159} INFO - Dependencies all met for dep_context=non-requeueable deps ti=<TaskInstance: copy_tranform_to_mongo.waiting_for_data scheduled__2023-03-26T00:00:00+00:00 [queued]>
[2023-10-17T11:25:29.115+0000] {taskinstance.py:1159} INFO - Dependencies all met for dep_context=requeueable deps ti=<TaskInstance: copy_tranform_to_mongo.waiting_for_data scheduled__2023-03-26T00:00:00+00:00 [queued]>
[2023-10-17T11:25:29.115+0000] {taskinstance.py:1361} INFO - Starting attempt 1 of 1
[2023-10-17T11:25:29.129+0000] {taskinstance.py:1382} INFO - Executing <Task(FileSensor): waiting_for_data> on 2023-03-26 00:00:00+00:00
[2023-10-17T11:25:29.137+0000] {standard_task_runner.py:57} INFO - Started process 2151 to run task
[2023-10-17T11:25:29.139+0000] {standard_task_runner.py:84} INFO - Running: ['***', 'tasks', 'run', 'copy_tranform_to_mongo', 'waiting_for_data', 'scheduled__2023-03-26T00:00:00+00:00', '--job-id', '819', '--raw', '--subdir', 'DAGS_FOLDER/file_***-mongo.py', '--cfg-path', '/tmp/tmpff8hxdl9']
[2023-10-17T11:25:29.140+0000] {standard_task_runner.py:85} INFO - Job 819: Subtask waiting_for_data
[2023-10-17T11:25:29.174+0000] {task_command.py:416} INFO - Running <TaskInstance: copy_tranform_to_mongo.waiting_for_data scheduled__2023-03-26T00:00:00+00:00 [running]> on host 238c1d4ff767
[2023-10-17T11:25:29.249+0000] {taskinstance.py:1662} INFO - Exporting env vars: AIRFLOW_CTX_DAG_OWNER='***' AIRFLOW_CTX_DAG_ID='copy_tranform_to_mongo' AIRFLOW_CTX_TASK_ID='waiting_for_data' AIRFLOW_CTX_EXECUTION_DATE='2023-03-26T00:00:00+00:00' AIRFLOW_CTX_TRY_NUMBER='1' AIRFLOW_CTX_DAG_RUN_ID='scheduled__2023-03-26T00:00:00+00:00'
[2023-10-17T11:25:29.258+0000] {base.py:73} INFO - Using connection ID 'fs_default' for task execution.
[2023-10-17T11:25:29.258+0000] {filesystem.py:64} INFO - Poking for file /opt/in/tiktok_google_play_reviews.csv
[2023-10-17T11:25:29.259+0000] {filesystem.py:69} INFO - Found File /opt/in/tiktok_google_play_reviews.csv last modified: 20220405221612
[2023-10-17T11:25:29.259+0000] {base.py:287} INFO - Success criteria met. Exiting.
[2023-10-17T11:25:29.266+0000] {taskinstance.py:1400} INFO - Marking task as SUCCESS. dag_id=copy_tranform_to_mongo, task_id=waiting_for_data, execution_date=20230326T000000, start_date=20231017T112529, end_date=20231017T112529
[2023-10-17T11:25:29.311+0000] {local_task_job_runner.py:228} INFO - Task exited with return code 0
[2023-10-17T11:25:29.343+0000] {taskinstance.py:2778} INFO - 0 downstream tasks scheduled from follow-on schedule check
[2023-10-18T11:50:48.698+0000] {taskinstance.py:1159} INFO - Dependencies all met for dep_context=non-requeueable deps ti=<TaskInstance: copy_tranform_to_mongo.waiting_for_data scheduled__2023-03-26T00:00:00+00:00 [queued]>
[2023-10-18T11:50:48.709+0000] {taskinstance.py:1159} INFO - Dependencies all met for dep_context=requeueable deps ti=<TaskInstance: copy_tranform_to_mongo.waiting_for_data scheduled__2023-03-26T00:00:00+00:00 [queued]>
[2023-10-18T11:50:48.709+0000] {taskinstance.py:1361} INFO - Starting attempt 1 of 1
[2023-10-18T11:50:48.731+0000] {taskinstance.py:1382} INFO - Executing <Task(FileSensor): waiting_for_data> on 2023-03-26 00:00:00+00:00
[2023-10-18T11:50:48.739+0000] {standard_task_runner.py:57} INFO - Started process 3830 to run task
[2023-10-18T11:50:48.746+0000] {standard_task_runner.py:84} INFO - Running: ['***', 'tasks', 'run', 'copy_tranform_to_mongo', 'waiting_for_data', 'scheduled__2023-03-26T00:00:00+00:00', '--job-id', '1592', '--raw', '--subdir', 'DAGS_FOLDER/file_***-mongo.py', '--cfg-path', '/tmp/tmphqct6q54']
[2023-10-18T11:50:48.747+0000] {standard_task_runner.py:85} INFO - Job 1592: Subtask waiting_for_data
[2023-10-18T11:50:48.792+0000] {task_command.py:416} INFO - Running <TaskInstance: copy_tranform_to_mongo.waiting_for_data scheduled__2023-03-26T00:00:00+00:00 [running]> on host 0e68aa52dfc7
[2023-10-18T11:50:48.882+0000] {taskinstance.py:1662} INFO - Exporting env vars: AIRFLOW_CTX_DAG_OWNER='***' AIRFLOW_CTX_DAG_ID='copy_tranform_to_mongo' AIRFLOW_CTX_TASK_ID='waiting_for_data' AIRFLOW_CTX_EXECUTION_DATE='2023-03-26T00:00:00+00:00' AIRFLOW_CTX_TRY_NUMBER='1' AIRFLOW_CTX_DAG_RUN_ID='scheduled__2023-03-26T00:00:00+00:00'
[2023-10-18T11:50:48.894+0000] {base.py:73} INFO - Using connection ID 'fs_default' for task execution.
[2023-10-18T11:50:48.895+0000] {filesystem.py:64} INFO - Poking for file /opt/in/tiktok_google_play_reviews.csv
[2023-10-18T11:50:48.895+0000] {filesystem.py:69} INFO - Found File /opt/in/tiktok_google_play_reviews.csv last modified: 20220405221612
[2023-10-18T11:50:48.896+0000] {base.py:287} INFO - Success criteria met. Exiting.
[2023-10-18T11:50:48.906+0000] {taskinstance.py:1400} INFO - Marking task as SUCCESS. dag_id=copy_tranform_to_mongo, task_id=waiting_for_data, execution_date=20230326T000000, start_date=20231018T115048, end_date=20231018T115048
[2023-10-18T11:50:48.958+0000] {local_task_job_runner.py:228} INFO - Task exited with return code 0
[2023-10-18T11:50:48.994+0000] {taskinstance.py:2778} INFO - 1 downstream tasks scheduled from follow-on schedule check
