[2023-10-17T11:25:50.958+0000] {taskinstance.py:1159} INFO - Dependencies all met for dep_context=non-requeueable deps ti=<TaskInstance: copy_tranform_to_mongo.waiting_for_data scheduled__2023-05-16T00:00:00+00:00 [queued]>
[2023-10-17T11:25:50.965+0000] {taskinstance.py:1159} INFO - Dependencies all met for dep_context=requeueable deps ti=<TaskInstance: copy_tranform_to_mongo.waiting_for_data scheduled__2023-05-16T00:00:00+00:00 [queued]>
[2023-10-17T11:25:50.965+0000] {taskinstance.py:1361} INFO - Starting attempt 1 of 1
[2023-10-17T11:25:50.972+0000] {taskinstance.py:1382} INFO - Executing <Task(FileSensor): waiting_for_data> on 2023-05-16 00:00:00+00:00
[2023-10-17T11:25:50.977+0000] {standard_task_runner.py:57} INFO - Started process 2258 to run task
[2023-10-17T11:25:50.979+0000] {standard_task_runner.py:84} INFO - Running: ['***', 'tasks', 'run', 'copy_tranform_to_mongo', 'waiting_for_data', 'scheduled__2023-05-16T00:00:00+00:00', '--job-id', '870', '--raw', '--subdir', 'DAGS_FOLDER/file_***-mongo.py', '--cfg-path', '/tmp/tmpsn0_f73q']
[2023-10-17T11:25:50.980+0000] {standard_task_runner.py:85} INFO - Job 870: Subtask waiting_for_data
[2023-10-17T11:25:51.008+0000] {task_command.py:416} INFO - Running <TaskInstance: copy_tranform_to_mongo.waiting_for_data scheduled__2023-05-16T00:00:00+00:00 [running]> on host 238c1d4ff767
[2023-10-17T11:25:51.059+0000] {taskinstance.py:1662} INFO - Exporting env vars: AIRFLOW_CTX_DAG_OWNER='***' AIRFLOW_CTX_DAG_ID='copy_tranform_to_mongo' AIRFLOW_CTX_TASK_ID='waiting_for_data' AIRFLOW_CTX_EXECUTION_DATE='2023-05-16T00:00:00+00:00' AIRFLOW_CTX_TRY_NUMBER='1' AIRFLOW_CTX_DAG_RUN_ID='scheduled__2023-05-16T00:00:00+00:00'
[2023-10-17T11:25:51.066+0000] {base.py:73} INFO - Using connection ID 'fs_default' for task execution.
[2023-10-17T11:25:51.066+0000] {filesystem.py:64} INFO - Poking for file /opt/in/tiktok_google_play_reviews.csv
[2023-10-17T11:25:51.066+0000] {filesystem.py:69} INFO - Found File /opt/in/tiktok_google_play_reviews.csv last modified: 20220405221612
[2023-10-17T11:25:51.066+0000] {base.py:287} INFO - Success criteria met. Exiting.
[2023-10-17T11:25:51.072+0000] {taskinstance.py:1400} INFO - Marking task as SUCCESS. dag_id=copy_tranform_to_mongo, task_id=waiting_for_data, execution_date=20230516T000000, start_date=20231017T112550, end_date=20231017T112551
[2023-10-17T11:25:51.112+0000] {local_task_job_runner.py:228} INFO - Task exited with return code 0
[2023-10-17T11:25:51.139+0000] {taskinstance.py:2778} INFO - 0 downstream tasks scheduled from follow-on schedule check
[2023-10-18T11:51:21.140+0000] {taskinstance.py:1159} INFO - Dependencies all met for dep_context=non-requeueable deps ti=<TaskInstance: copy_tranform_to_mongo.waiting_for_data scheduled__2023-05-16T00:00:00+00:00 [queued]>
[2023-10-18T11:51:21.151+0000] {taskinstance.py:1159} INFO - Dependencies all met for dep_context=requeueable deps ti=<TaskInstance: copy_tranform_to_mongo.waiting_for_data scheduled__2023-05-16T00:00:00+00:00 [queued]>
[2023-10-18T11:51:21.152+0000] {taskinstance.py:1361} INFO - Starting attempt 1 of 1
[2023-10-18T11:51:21.168+0000] {taskinstance.py:1382} INFO - Executing <Task(FileSensor): waiting_for_data> on 2023-05-16 00:00:00+00:00
[2023-10-18T11:51:21.180+0000] {standard_task_runner.py:57} INFO - Started process 4046 to run task
[2023-10-18T11:51:21.183+0000] {standard_task_runner.py:84} INFO - Running: ['***', 'tasks', 'run', 'copy_tranform_to_mongo', 'waiting_for_data', 'scheduled__2023-05-16T00:00:00+00:00', '--job-id', '1696', '--raw', '--subdir', 'DAGS_FOLDER/file_***-mongo.py', '--cfg-path', '/tmp/tmpmhywv6br']
[2023-10-18T11:51:21.184+0000] {standard_task_runner.py:85} INFO - Job 1696: Subtask waiting_for_data
[2023-10-18T11:51:21.235+0000] {task_command.py:416} INFO - Running <TaskInstance: copy_tranform_to_mongo.waiting_for_data scheduled__2023-05-16T00:00:00+00:00 [running]> on host 0e68aa52dfc7
[2023-10-18T11:51:21.318+0000] {taskinstance.py:1662} INFO - Exporting env vars: AIRFLOW_CTX_DAG_OWNER='***' AIRFLOW_CTX_DAG_ID='copy_tranform_to_mongo' AIRFLOW_CTX_TASK_ID='waiting_for_data' AIRFLOW_CTX_EXECUTION_DATE='2023-05-16T00:00:00+00:00' AIRFLOW_CTX_TRY_NUMBER='1' AIRFLOW_CTX_DAG_RUN_ID='scheduled__2023-05-16T00:00:00+00:00'
[2023-10-18T11:51:21.329+0000] {base.py:73} INFO - Using connection ID 'fs_default' for task execution.
[2023-10-18T11:51:21.329+0000] {filesystem.py:64} INFO - Poking for file /opt/in/tiktok_google_play_reviews.csv
[2023-10-18T11:51:21.333+0000] {filesystem.py:69} INFO - Found File /opt/in/tiktok_google_play_reviews.csv last modified: 20220405221612
[2023-10-18T11:51:21.333+0000] {base.py:287} INFO - Success criteria met. Exiting.
[2023-10-18T11:51:21.345+0000] {taskinstance.py:1400} INFO - Marking task as SUCCESS. dag_id=copy_tranform_to_mongo, task_id=waiting_for_data, execution_date=20230516T000000, start_date=20231018T115121, end_date=20231018T115121
[2023-10-18T11:51:21.397+0000] {local_task_job_runner.py:228} INFO - Task exited with return code 0
[2023-10-18T11:51:21.434+0000] {taskinstance.py:2778} INFO - 0 downstream tasks scheduled from follow-on schedule check
