[2023-10-17T11:19:55.672+0000] {taskinstance.py:1159} INFO - Dependencies all met for dep_context=non-requeueable deps ti=<TaskInstance: copy_tranform_to_mongo.waiting_for_data scheduled__2021-06-30T00:00:00+00:00 [queued]>
[2023-10-17T11:19:55.680+0000] {taskinstance.py:1159} INFO - Dependencies all met for dep_context=requeueable deps ti=<TaskInstance: copy_tranform_to_mongo.waiting_for_data scheduled__2021-06-30T00:00:00+00:00 [queued]>
[2023-10-17T11:19:55.681+0000] {taskinstance.py:1361} INFO - Starting attempt 1 of 1
[2023-10-17T11:19:55.701+0000] {taskinstance.py:1382} INFO - Executing <Task(FileSensor): waiting_for_data> on 2021-06-30 00:00:00+00:00
[2023-10-17T11:19:55.707+0000] {standard_task_runner.py:57} INFO - Started process 803 to run task
[2023-10-17T11:19:55.711+0000] {standard_task_runner.py:84} INFO - Running: ['***', 'tasks', 'run', 'copy_tranform_to_mongo', 'waiting_for_data', 'scheduled__2021-06-30T00:00:00+00:00', '--job-id', '185', '--raw', '--subdir', 'DAGS_FOLDER/file_***-mongo.py', '--cfg-path', '/tmp/tmpyde5n4dy']
[2023-10-17T11:19:55.712+0000] {standard_task_runner.py:85} INFO - Job 185: Subtask waiting_for_data
[2023-10-17T11:19:55.770+0000] {task_command.py:416} INFO - Running <TaskInstance: copy_tranform_to_mongo.waiting_for_data scheduled__2021-06-30T00:00:00+00:00 [running]> on host 238c1d4ff767
[2023-10-17T11:19:55.878+0000] {taskinstance.py:1662} INFO - Exporting env vars: AIRFLOW_CTX_DAG_OWNER='***' AIRFLOW_CTX_DAG_ID='copy_tranform_to_mongo' AIRFLOW_CTX_TASK_ID='waiting_for_data' AIRFLOW_CTX_EXECUTION_DATE='2021-06-30T00:00:00+00:00' AIRFLOW_CTX_TRY_NUMBER='1' AIRFLOW_CTX_DAG_RUN_ID='scheduled__2021-06-30T00:00:00+00:00'
[2023-10-17T11:19:55.889+0000] {base.py:73} INFO - Using connection ID 'fs_default' for task execution.
[2023-10-17T11:19:55.890+0000] {filesystem.py:64} INFO - Poking for file /opt/in/tiktok_google_play_reviews.csv
[2023-10-17T11:19:55.890+0000] {filesystem.py:69} INFO - Found File /opt/in/tiktok_google_play_reviews.csv last modified: 20220405221612
[2023-10-17T11:19:55.890+0000] {base.py:287} INFO - Success criteria met. Exiting.
[2023-10-17T11:19:55.901+0000] {taskinstance.py:1400} INFO - Marking task as SUCCESS. dag_id=copy_tranform_to_mongo, task_id=waiting_for_data, execution_date=20210630T000000, start_date=20231017T111955, end_date=20231017T111955
[2023-10-17T11:19:55.923+0000] {local_task_job_runner.py:228} INFO - Task exited with return code 0
[2023-10-17T11:19:55.938+0000] {taskinstance.py:2778} INFO - 0 downstream tasks scheduled from follow-on schedule check
[2023-10-18T10:43:40.620+0000] {taskinstance.py:1159} INFO - Dependencies all met for dep_context=non-requeueable deps ti=<TaskInstance: copy_tranform_to_mongo.waiting_for_data scheduled__2021-06-30T00:00:00+00:00 [queued]>
[2023-10-18T10:43:40.636+0000] {taskinstance.py:1159} INFO - Dependencies all met for dep_context=requeueable deps ti=<TaskInstance: copy_tranform_to_mongo.waiting_for_data scheduled__2021-06-30T00:00:00+00:00 [queued]>
[2023-10-18T10:43:40.637+0000] {taskinstance.py:1361} INFO - Starting attempt 1 of 1
[2023-10-18T10:43:40.716+0000] {taskinstance.py:1382} INFO - Executing <Task(FileSensor): waiting_for_data> on 2021-06-30 00:00:00+00:00
[2023-10-18T10:43:40.725+0000] {standard_task_runner.py:57} INFO - Started process 1766 to run task
[2023-10-18T10:43:40.729+0000] {standard_task_runner.py:84} INFO - Running: ['***', 'tasks', 'run', 'copy_tranform_to_mongo', 'waiting_for_data', 'scheduled__2021-06-30T00:00:00+00:00', '--job-id', '184', '--raw', '--subdir', 'DAGS_FOLDER/file_***-mongo.py', '--cfg-path', '/tmp/tmpsf4inmsy']
[2023-10-18T10:43:40.730+0000] {standard_task_runner.py:85} INFO - Job 184: Subtask waiting_for_data
[2023-10-18T10:43:40.797+0000] {task_command.py:416} INFO - Running <TaskInstance: copy_tranform_to_mongo.waiting_for_data scheduled__2021-06-30T00:00:00+00:00 [running]> on host 2473b23ba069
[2023-10-18T10:43:40.867+0000] {taskinstance.py:1662} INFO - Exporting env vars: AIRFLOW_CTX_DAG_OWNER='***' AIRFLOW_CTX_DAG_ID='copy_tranform_to_mongo' AIRFLOW_CTX_TASK_ID='waiting_for_data' AIRFLOW_CTX_EXECUTION_DATE='2021-06-30T00:00:00+00:00' AIRFLOW_CTX_TRY_NUMBER='1' AIRFLOW_CTX_DAG_RUN_ID='scheduled__2021-06-30T00:00:00+00:00'
[2023-10-18T10:43:40.882+0000] {taskinstance.py:1937} ERROR - Task failed with exception
Traceback (most recent call last):
  File "/home/airflow/.local/lib/python3.8/site-packages/airflow/sensors/base.py", line 257, in execute
    raise e
  File "/home/airflow/.local/lib/python3.8/site-packages/airflow/sensors/base.py", line 239, in execute
    poke_return = self.poke(context)
  File "/home/airflow/.local/lib/python3.8/site-packages/airflow/sensors/filesystem.py", line 61, in poke
    hook = FSHook(self.fs_conn_id)
  File "/home/airflow/.local/lib/python3.8/site-packages/airflow/hooks/filesystem.py", line 38, in __init__
    conn = self.get_connection(conn_id)
  File "/home/airflow/.local/lib/python3.8/site-packages/airflow/hooks/base.py", line 72, in get_connection
    conn = Connection.get_connection_from_secrets(conn_id)
  File "/home/airflow/.local/lib/python3.8/site-packages/airflow/models/connection.py", line 477, in get_connection_from_secrets
    raise AirflowNotFoundException(f"The conn_id `{conn_id}` isn't defined")
airflow.exceptions.AirflowNotFoundException: The conn_id `fs_default` isn't defined
[2023-10-18T10:43:40.886+0000] {taskinstance.py:1400} INFO - Marking task as FAILED. dag_id=copy_tranform_to_mongo, task_id=waiting_for_data, execution_date=20210630T000000, start_date=20231018T104340, end_date=20231018T104340
[2023-10-18T10:43:40.900+0000] {standard_task_runner.py:104} ERROR - Failed to execute job 184 for task waiting_for_data (The conn_id `fs_default` isn't defined; 1766)
[2023-10-18T10:43:40.944+0000] {local_task_job_runner.py:228} INFO - Task exited with return code 1
[2023-10-18T10:43:40.972+0000] {taskinstance.py:2778} INFO - 0 downstream tasks scheduled from follow-on schedule check
[2023-10-18T11:44:04.494+0000] {taskinstance.py:1159} INFO - Dependencies all met for dep_context=non-requeueable deps ti=<TaskInstance: copy_tranform_to_mongo.waiting_for_data scheduled__2021-06-30T00:00:00+00:00 [queued]>
[2023-10-18T11:44:04.509+0000] {taskinstance.py:1159} INFO - Dependencies all met for dep_context=requeueable deps ti=<TaskInstance: copy_tranform_to_mongo.waiting_for_data scheduled__2021-06-30T00:00:00+00:00 [queued]>
[2023-10-18T11:44:04.510+0000] {taskinstance.py:1361} INFO - Starting attempt 1 of 1
[2023-10-18T11:44:04.535+0000] {taskinstance.py:1382} INFO - Executing <Task(FileSensor): waiting_for_data> on 2021-06-30 00:00:00+00:00
[2023-10-18T11:44:04.548+0000] {standard_task_runner.py:57} INFO - Started process 1188 to run task
[2023-10-18T11:44:04.557+0000] {standard_task_runner.py:84} INFO - Running: ['***', 'tasks', 'run', 'copy_tranform_to_mongo', 'waiting_for_data', 'scheduled__2021-06-30T00:00:00+00:00', '--job-id', '323', '--raw', '--subdir', 'DAGS_FOLDER/file_***-mongo.py', '--cfg-path', '/tmp/tmpmiwpq_n8']
[2023-10-18T11:44:04.559+0000] {standard_task_runner.py:85} INFO - Job 323: Subtask waiting_for_data
[2023-10-18T11:44:04.630+0000] {task_command.py:416} INFO - Running <TaskInstance: copy_tranform_to_mongo.waiting_for_data scheduled__2021-06-30T00:00:00+00:00 [running]> on host 0e68aa52dfc7
[2023-10-18T11:44:04.728+0000] {taskinstance.py:1662} INFO - Exporting env vars: AIRFLOW_CTX_DAG_OWNER='***' AIRFLOW_CTX_DAG_ID='copy_tranform_to_mongo' AIRFLOW_CTX_TASK_ID='waiting_for_data' AIRFLOW_CTX_EXECUTION_DATE='2021-06-30T00:00:00+00:00' AIRFLOW_CTX_TRY_NUMBER='1' AIRFLOW_CTX_DAG_RUN_ID='scheduled__2021-06-30T00:00:00+00:00'
[2023-10-18T11:44:04.743+0000] {base.py:73} INFO - Using connection ID 'fs_default' for task execution.
[2023-10-18T11:44:04.744+0000] {filesystem.py:64} INFO - Poking for file /opt/in/tiktok_google_play_reviews.csv
[2023-10-18T11:44:04.744+0000] {filesystem.py:69} INFO - Found File /opt/in/tiktok_google_play_reviews.csv last modified: 20220405221612
[2023-10-18T11:44:04.745+0000] {base.py:287} INFO - Success criteria met. Exiting.
[2023-10-18T11:44:04.756+0000] {taskinstance.py:1400} INFO - Marking task as SUCCESS. dag_id=copy_tranform_to_mongo, task_id=waiting_for_data, execution_date=20210630T000000, start_date=20231018T114404, end_date=20231018T114404
[2023-10-18T11:44:04.812+0000] {local_task_job_runner.py:228} INFO - Task exited with return code 0
[2023-10-18T11:44:04.851+0000] {taskinstance.py:2778} INFO - 1 downstream tasks scheduled from follow-on schedule check
