[2023-10-17T11:27:36.316+0000] {taskinstance.py:1159} INFO - Dependencies all met for dep_context=non-requeueable deps ti=<TaskInstance: copy_tranform_to_mongo.waiting_for_data scheduled__2023-10-05T00:00:00+00:00 [queued]>
[2023-10-17T11:27:36.321+0000] {taskinstance.py:1159} INFO - Dependencies all met for dep_context=requeueable deps ti=<TaskInstance: copy_tranform_to_mongo.waiting_for_data scheduled__2023-10-05T00:00:00+00:00 [queued]>
[2023-10-17T11:27:36.321+0000] {taskinstance.py:1361} INFO - Starting attempt 1 of 1
[2023-10-17T11:27:36.336+0000] {taskinstance.py:1382} INFO - Executing <Task(FileSensor): waiting_for_data> on 2023-10-05 00:00:00+00:00
[2023-10-17T11:27:36.341+0000] {standard_task_runner.py:57} INFO - Started process 2566 to run task
[2023-10-17T11:27:36.343+0000] {standard_task_runner.py:84} INFO - Running: ['***', 'tasks', 'run', 'copy_tranform_to_mongo', 'waiting_for_data', 'scheduled__2023-10-05T00:00:00+00:00', '--job-id', '1012', '--raw', '--subdir', 'DAGS_FOLDER/file_***-mongo.py', '--cfg-path', '/tmp/tmp35mck34i']
[2023-10-17T11:27:36.344+0000] {standard_task_runner.py:85} INFO - Job 1012: Subtask waiting_for_data
[2023-10-17T11:27:36.380+0000] {task_command.py:416} INFO - Running <TaskInstance: copy_tranform_to_mongo.waiting_for_data scheduled__2023-10-05T00:00:00+00:00 [running]> on host 238c1d4ff767
[2023-10-17T11:27:36.432+0000] {taskinstance.py:1662} INFO - Exporting env vars: AIRFLOW_CTX_DAG_OWNER='***' AIRFLOW_CTX_DAG_ID='copy_tranform_to_mongo' AIRFLOW_CTX_TASK_ID='waiting_for_data' AIRFLOW_CTX_EXECUTION_DATE='2023-10-05T00:00:00+00:00' AIRFLOW_CTX_TRY_NUMBER='1' AIRFLOW_CTX_DAG_RUN_ID='scheduled__2023-10-05T00:00:00+00:00'
[2023-10-17T11:27:36.438+0000] {base.py:73} INFO - Using connection ID 'fs_default' for task execution.
[2023-10-17T11:27:36.438+0000] {filesystem.py:64} INFO - Poking for file /opt/in/tiktok_google_play_reviews.csv
[2023-10-17T11:27:36.438+0000] {filesystem.py:69} INFO - Found File /opt/in/tiktok_google_play_reviews.csv last modified: 20220405221612
[2023-10-17T11:27:36.438+0000] {base.py:287} INFO - Success criteria met. Exiting.
[2023-10-17T11:27:36.445+0000] {taskinstance.py:1400} INFO - Marking task as SUCCESS. dag_id=copy_tranform_to_mongo, task_id=waiting_for_data, execution_date=20231005T000000, start_date=20231017T112736, end_date=20231017T112736
[2023-10-17T11:27:36.475+0000] {local_task_job_runner.py:228} INFO - Task exited with return code 0
[2023-10-17T11:27:36.494+0000] {taskinstance.py:2778} INFO - 0 downstream tasks scheduled from follow-on schedule check
[2023-10-18T11:52:41.678+0000] {taskinstance.py:1159} INFO - Dependencies all met for dep_context=non-requeueable deps ti=<TaskInstance: copy_tranform_to_mongo.waiting_for_data scheduled__2023-10-05T00:00:00+00:00 [queued]>
[2023-10-18T11:52:41.720+0000] {taskinstance.py:1159} INFO - Dependencies all met for dep_context=requeueable deps ti=<TaskInstance: copy_tranform_to_mongo.waiting_for_data scheduled__2023-10-05T00:00:00+00:00 [queued]>
[2023-10-18T11:52:41.721+0000] {taskinstance.py:1361} INFO - Starting attempt 1 of 1
[2023-10-18T11:52:41.749+0000] {taskinstance.py:1382} INFO - Executing <Task(FileSensor): waiting_for_data> on 2023-10-05 00:00:00+00:00
[2023-10-18T11:52:41.756+0000] {standard_task_runner.py:57} INFO - Started process 4624 to run task
[2023-10-18T11:52:41.760+0000] {standard_task_runner.py:84} INFO - Running: ['***', 'tasks', 'run', 'copy_tranform_to_mongo', 'waiting_for_data', 'scheduled__2023-10-05T00:00:00+00:00', '--job-id', '1975', '--raw', '--subdir', 'DAGS_FOLDER/file_***-mongo.py', '--cfg-path', '/tmp/tmpn1yq6_zp']
[2023-10-18T11:52:41.762+0000] {standard_task_runner.py:85} INFO - Job 1975: Subtask waiting_for_data
[2023-10-18T11:52:41.817+0000] {task_command.py:416} INFO - Running <TaskInstance: copy_tranform_to_mongo.waiting_for_data scheduled__2023-10-05T00:00:00+00:00 [running]> on host 0e68aa52dfc7
[2023-10-18T11:52:41.929+0000] {taskinstance.py:1662} INFO - Exporting env vars: AIRFLOW_CTX_DAG_OWNER='***' AIRFLOW_CTX_DAG_ID='copy_tranform_to_mongo' AIRFLOW_CTX_TASK_ID='waiting_for_data' AIRFLOW_CTX_EXECUTION_DATE='2023-10-05T00:00:00+00:00' AIRFLOW_CTX_TRY_NUMBER='1' AIRFLOW_CTX_DAG_RUN_ID='scheduled__2023-10-05T00:00:00+00:00'
[2023-10-18T11:52:41.960+0000] {base.py:73} INFO - Using connection ID 'fs_default' for task execution.
[2023-10-18T11:52:41.961+0000] {filesystem.py:64} INFO - Poking for file /opt/in/tiktok_google_play_reviews.csv
[2023-10-18T11:52:41.961+0000] {filesystem.py:69} INFO - Found File /opt/in/tiktok_google_play_reviews.csv last modified: 20220405221612
[2023-10-18T11:52:41.961+0000] {base.py:287} INFO - Success criteria met. Exiting.
[2023-10-18T11:52:41.995+0000] {taskinstance.py:1400} INFO - Marking task as SUCCESS. dag_id=copy_tranform_to_mongo, task_id=waiting_for_data, execution_date=20231005T000000, start_date=20231018T115241, end_date=20231018T115241
[2023-10-18T11:52:42.057+0000] {local_task_job_runner.py:228} INFO - Task exited with return code 0
[2023-10-18T11:52:42.130+0000] {taskinstance.py:2778} INFO - 0 downstream tasks scheduled from follow-on schedule check
