[2023-10-17T11:24:57.832+0000] {taskinstance.py:1159} INFO - Dependencies all met for dep_context=non-requeueable deps ti=<TaskInstance: copy_tranform_to_mongo.waiting_for_data scheduled__2023-01-10T00:00:00+00:00 [queued]>
[2023-10-17T11:24:57.840+0000] {taskinstance.py:1159} INFO - Dependencies all met for dep_context=requeueable deps ti=<TaskInstance: copy_tranform_to_mongo.waiting_for_data scheduled__2023-01-10T00:00:00+00:00 [queued]>
[2023-10-17T11:24:57.840+0000] {taskinstance.py:1361} INFO - Starting attempt 1 of 1
[2023-10-17T11:24:57.851+0000] {taskinstance.py:1382} INFO - Executing <Task(FileSensor): waiting_for_data> on 2023-01-10 00:00:00+00:00
[2023-10-17T11:24:57.858+0000] {standard_task_runner.py:57} INFO - Started process 1992 to run task
[2023-10-17T11:24:57.860+0000] {standard_task_runner.py:84} INFO - Running: ['***', 'tasks', 'run', 'copy_tranform_to_mongo', 'waiting_for_data', 'scheduled__2023-01-10T00:00:00+00:00', '--job-id', '744', '--raw', '--subdir', 'DAGS_FOLDER/file_***-mongo.py', '--cfg-path', '/tmp/tmpr53paruz']
[2023-10-17T11:24:57.862+0000] {standard_task_runner.py:85} INFO - Job 744: Subtask waiting_for_data
[2023-10-17T11:24:57.902+0000] {task_command.py:416} INFO - Running <TaskInstance: copy_tranform_to_mongo.waiting_for_data scheduled__2023-01-10T00:00:00+00:00 [running]> on host 238c1d4ff767
[2023-10-17T11:24:57.973+0000] {taskinstance.py:1662} INFO - Exporting env vars: AIRFLOW_CTX_DAG_OWNER='***' AIRFLOW_CTX_DAG_ID='copy_tranform_to_mongo' AIRFLOW_CTX_TASK_ID='waiting_for_data' AIRFLOW_CTX_EXECUTION_DATE='2023-01-10T00:00:00+00:00' AIRFLOW_CTX_TRY_NUMBER='1' AIRFLOW_CTX_DAG_RUN_ID='scheduled__2023-01-10T00:00:00+00:00'
[2023-10-17T11:24:57.982+0000] {base.py:73} INFO - Using connection ID 'fs_default' for task execution.
[2023-10-17T11:24:57.983+0000] {filesystem.py:64} INFO - Poking for file /opt/in/tiktok_google_play_reviews.csv
[2023-10-17T11:24:57.983+0000] {filesystem.py:69} INFO - Found File /opt/in/tiktok_google_play_reviews.csv last modified: 20220405221612
[2023-10-17T11:24:57.983+0000] {base.py:287} INFO - Success criteria met. Exiting.
[2023-10-17T11:24:57.991+0000] {taskinstance.py:1400} INFO - Marking task as SUCCESS. dag_id=copy_tranform_to_mongo, task_id=waiting_for_data, execution_date=20230110T000000, start_date=20231017T112457, end_date=20231017T112457
[2023-10-17T11:24:58.032+0000] {local_task_job_runner.py:228} INFO - Task exited with return code 0
[2023-10-17T11:24:58.048+0000] {taskinstance.py:2778} INFO - 0 downstream tasks scheduled from follow-on schedule check
[2023-10-18T11:50:04.282+0000] {taskinstance.py:1159} INFO - Dependencies all met for dep_context=non-requeueable deps ti=<TaskInstance: copy_tranform_to_mongo.waiting_for_data scheduled__2023-01-10T00:00:00+00:00 [queued]>
[2023-10-18T11:50:04.297+0000] {taskinstance.py:1159} INFO - Dependencies all met for dep_context=requeueable deps ti=<TaskInstance: copy_tranform_to_mongo.waiting_for_data scheduled__2023-01-10T00:00:00+00:00 [queued]>
[2023-10-18T11:50:04.297+0000] {taskinstance.py:1361} INFO - Starting attempt 1 of 1
[2023-10-18T11:50:04.316+0000] {taskinstance.py:1382} INFO - Executing <Task(FileSensor): waiting_for_data> on 2023-01-10 00:00:00+00:00
[2023-10-18T11:50:04.324+0000] {standard_task_runner.py:57} INFO - Started process 3512 to run task
[2023-10-18T11:50:04.329+0000] {standard_task_runner.py:84} INFO - Running: ['***', 'tasks', 'run', 'copy_tranform_to_mongo', 'waiting_for_data', 'scheduled__2023-01-10T00:00:00+00:00', '--job-id', '1441', '--raw', '--subdir', 'DAGS_FOLDER/file_***-mongo.py', '--cfg-path', '/tmp/tmp4ou3l655']
[2023-10-18T11:50:04.331+0000] {standard_task_runner.py:85} INFO - Job 1441: Subtask waiting_for_data
[2023-10-18T11:50:04.390+0000] {task_command.py:416} INFO - Running <TaskInstance: copy_tranform_to_mongo.waiting_for_data scheduled__2023-01-10T00:00:00+00:00 [running]> on host 0e68aa52dfc7
[2023-10-18T11:50:04.485+0000] {taskinstance.py:1662} INFO - Exporting env vars: AIRFLOW_CTX_DAG_OWNER='***' AIRFLOW_CTX_DAG_ID='copy_tranform_to_mongo' AIRFLOW_CTX_TASK_ID='waiting_for_data' AIRFLOW_CTX_EXECUTION_DATE='2023-01-10T00:00:00+00:00' AIRFLOW_CTX_TRY_NUMBER='1' AIRFLOW_CTX_DAG_RUN_ID='scheduled__2023-01-10T00:00:00+00:00'
[2023-10-18T11:50:04.495+0000] {base.py:73} INFO - Using connection ID 'fs_default' for task execution.
[2023-10-18T11:50:04.496+0000] {filesystem.py:64} INFO - Poking for file /opt/in/tiktok_google_play_reviews.csv
[2023-10-18T11:50:04.496+0000] {filesystem.py:69} INFO - Found File /opt/in/tiktok_google_play_reviews.csv last modified: 20220405221612
[2023-10-18T11:50:04.496+0000] {base.py:287} INFO - Success criteria met. Exiting.
[2023-10-18T11:50:04.506+0000] {taskinstance.py:1400} INFO - Marking task as SUCCESS. dag_id=copy_tranform_to_mongo, task_id=waiting_for_data, execution_date=20230110T000000, start_date=20231018T115004, end_date=20231018T115004
[2023-10-18T11:50:04.541+0000] {local_task_job_runner.py:228} INFO - Task exited with return code 0
[2023-10-18T11:50:04.568+0000] {taskinstance.py:2778} INFO - 1 downstream tasks scheduled from follow-on schedule check
