[2023-10-19T13:03:28.949+0000] {taskinstance.py:1159} INFO - Dependencies all met for dep_context=non-requeueable deps ti=<TaskInstance: copy_tranform_to_mongo.transform_data_by_pandas scheduled__2021-01-13T00:00:00+00:00 [queued]>
[2023-10-19T13:03:29.061+0000] {taskinstance.py:1159} INFO - Dependencies all met for dep_context=requeueable deps ti=<TaskInstance: copy_tranform_to_mongo.transform_data_by_pandas scheduled__2021-01-13T00:00:00+00:00 [queued]>
[2023-10-19T13:03:29.062+0000] {taskinstance.py:1361} INFO - Starting attempt 1 of 1
[2023-10-19T13:03:29.147+0000] {taskinstance.py:1382} INFO - Executing <Task(DockerOperator): transform_data_by_pandas> on 2021-01-13 00:00:00+00:00
[2023-10-19T13:03:29.175+0000] {standard_task_runner.py:84} INFO - Running: ['***', 'tasks', 'run', 'copy_tranform_to_mongo', 'transform_data_by_pandas', 'scheduled__2021-01-13T00:00:00+00:00', '--job-id', '33', '--raw', '--subdir', 'DAGS_FOLDER/file_***-mongo.py', '--cfg-path', '/tmp/tmpl25rqtxf']
[2023-10-19T13:03:29.176+0000] {standard_task_runner.py:85} INFO - Job 33: Subtask transform_data_by_pandas
[2023-10-19T13:03:29.171+0000] {standard_task_runner.py:57} INFO - Started process 170 to run task
[2023-10-19T13:03:29.303+0000] {task_command.py:416} INFO - Running <TaskInstance: copy_tranform_to_mongo.transform_data_by_pandas scheduled__2021-01-13T00:00:00+00:00 [running]> on host f2b9ba520501
[2023-10-19T13:03:29.493+0000] {taskinstance.py:1662} INFO - Exporting env vars: AIRFLOW_CTX_DAG_OWNER='***' AIRFLOW_CTX_DAG_ID='copy_tranform_to_mongo' AIRFLOW_CTX_TASK_ID='transform_data_by_pandas' AIRFLOW_CTX_EXECUTION_DATE='2021-01-13T00:00:00+00:00' AIRFLOW_CTX_TRY_NUMBER='1' AIRFLOW_CTX_DAG_RUN_ID='scheduled__2021-01-13T00:00:00+00:00'
[2023-10-19T13:03:29.523+0000] {docker.py:337} INFO - Starting docker container from image python/pandas:1.0.0
[2023-10-19T13:03:32.013+0000] {docker.py:406} INFO - Input Notebook:  /opt/pandasapp/notebooks/tiktok_google_reviews.ipynb
Output Notebook: /opt/pandasapp/notebooks/tiktok_google_reviews.ipynb
[2023-10-19T13:03:32.102+0000] {docker.py:406} INFO - Executing:   0%|          | 0/27 [00:00<?, ?cell/s]
[2023-10-19T13:03:34.809+0000] {docker.py:406} INFO - Executing notebook with kernel: python3
[2023-10-19T13:03:34.838+0000] {docker.py:406} INFO - Executing:   4%|▎         | 1/27 [00:02<01:11,  2.74s/cell]
[2023-10-19T13:03:34.987+0000] {docker.py:406} INFO - Executing:   7%|▋         | 2/27 [00:02<00:30,  1.21s/cell]
[2023-10-19T13:03:40.324+0000] {docker.py:406} INFO - Executing:  15%|█▍        | 4/27 [00:08<00:48,  2.13s/cell]
[2023-10-19T13:03:40.481+0000] {docker.py:406} INFO - Executing:  19%|█▊        | 5/27 [00:08<00:33,  1.52s/cell]
[2023-10-19T13:03:49.640+0000] {docker.py:406} INFO - Executing:  22%|██▏       | 6/27 [00:17<01:21,  3.86s/cell]
[2023-10-19T13:03:49.742+0000] {docker.py:406} INFO - Executing:  26%|██▌       | 7/27 [00:17<00:54,  2.71s/cell]
[2023-10-19T13:03:49.993+0000] {docker.py:406} INFO - Executing:  33%|███▎      | 9/27 [00:17<00:27,  1.51s/cell]
[2023-10-19T13:03:50.110+0000] {docker.py:406} INFO - Executing:  37%|███▋      | 10/27 [00:18<00:19,  1.16s/cell]
[2023-10-19T13:03:50.897+0000] {docker.py:406} INFO - Executing:  44%|████▍     | 12/27 [00:18<00:12,  1.19cell/s]
[2023-10-19T13:03:51.263+0000] {docker.py:406} INFO - Executing:  48%|████▊     | 13/27 [00:19<00:10,  1.36cell/s]
[2023-10-19T13:03:51.446+0000] {docker.py:406} INFO - Executing:  52%|█████▏    | 14/27 [00:19<00:07,  1.67cell/s]
[2023-10-19T13:03:52.412+0000] {docker.py:406} INFO - Executing:  59%|█████▉    | 16/27 [00:20<00:06,  1.82cell/s]
[2023-10-19T13:03:54.986+0000] {docker.py:406} INFO - Executing:  63%|██████▎   | 17/27 [00:22<00:10,  1.01s/cell]
[2023-10-19T13:03:55.616+0000] {docker.py:406} INFO - Executing:  70%|███████   | 19/27 [00:23<00:05,  1.36cell/s]
[2023-10-19T13:03:57.022+0000] {docker.py:406} INFO - Executing:  74%|███████▍  | 20/27 [00:24<00:06,  1.13cell/s]
[2023-10-19T13:03:57.954+0000] {docker.py:406} INFO - Executing:  78%|███████▊  | 21/27 [00:25<00:05,  1.12cell/s]
[2023-10-19T13:03:58.645+0000] {docker.py:406} INFO - Executing:  81%|████████▏ | 22/27 [00:26<00:04,  1.19cell/s]
[2023-10-19T13:03:59.045+0000] {docker.py:406} INFO - Executing:  85%|████████▌ | 23/27 [00:26<00:02,  1.38cell/s]
[2023-10-19T13:03:59.173+0000] {docker.py:406} INFO - Executing:  93%|█████████▎| 25/27 [00:27<00:00,  2.28cell/s]
[2023-10-19T13:04:02.325+0000] {docker.py:406} INFO - Executing:  96%|█████████▋| 26/27 [00:30<00:01,  1.08s/cell]
[2023-10-19T13:04:03.637+0000] {docker.py:406} INFO - Executing: 100%|██████████| 27/27 [00:31<00:00,  1.17s/cell]
[2023-10-19T13:04:05.231+0000] {taskinstance.py:1400} INFO - Marking task as SUCCESS. dag_id=copy_tranform_to_mongo, task_id=transform_data_by_pandas, execution_date=20210113T000000, start_date=20231019T130328, end_date=20231019T130405
[2023-10-19T13:04:05.333+0000] {local_task_job_runner.py:228} INFO - Task exited with return code 0
[2023-10-19T13:04:05.358+0000] {taskinstance.py:2778} INFO - 1 downstream tasks scheduled from follow-on schedule check
