[2023-10-17T11:19:05.046+0000] {taskinstance.py:1159} INFO - Dependencies all met for dep_context=non-requeueable deps ti=<TaskInstance: copy_tranform_to_mongo.waiting_for_data scheduled__2021-02-26T00:00:00+00:00 [queued]>
[2023-10-17T11:19:05.056+0000] {taskinstance.py:1159} INFO - Dependencies all met for dep_context=requeueable deps ti=<TaskInstance: copy_tranform_to_mongo.waiting_for_data scheduled__2021-02-26T00:00:00+00:00 [queued]>
[2023-10-17T11:19:05.056+0000] {taskinstance.py:1361} INFO - Starting attempt 1 of 1
[2023-10-17T11:19:05.095+0000] {taskinstance.py:1382} INFO - Executing <Task(FileSensor): waiting_for_data> on 2021-02-26 00:00:00+00:00
[2023-10-17T11:19:05.101+0000] {standard_task_runner.py:57} INFO - Started process 539 to run task
[2023-10-17T11:19:05.104+0000] {standard_task_runner.py:84} INFO - Running: ['***', 'tasks', 'run', 'copy_tranform_to_mongo', 'waiting_for_data', 'scheduled__2021-02-26T00:00:00+00:00', '--job-id', '61', '--raw', '--subdir', 'DAGS_FOLDER/file_***-mongo.py', '--cfg-path', '/tmp/tmps5l1_t8k']
[2023-10-17T11:19:05.105+0000] {standard_task_runner.py:85} INFO - Job 61: Subtask waiting_for_data
[2023-10-17T11:19:05.144+0000] {task_command.py:416} INFO - Running <TaskInstance: copy_tranform_to_mongo.waiting_for_data scheduled__2021-02-26T00:00:00+00:00 [running]> on host 238c1d4ff767
[2023-10-17T11:19:05.214+0000] {taskinstance.py:1662} INFO - Exporting env vars: AIRFLOW_CTX_DAG_OWNER='***' AIRFLOW_CTX_DAG_ID='copy_tranform_to_mongo' AIRFLOW_CTX_TASK_ID='waiting_for_data' AIRFLOW_CTX_EXECUTION_DATE='2021-02-26T00:00:00+00:00' AIRFLOW_CTX_TRY_NUMBER='1' AIRFLOW_CTX_DAG_RUN_ID='scheduled__2021-02-26T00:00:00+00:00'
[2023-10-17T11:19:05.222+0000] {base.py:73} INFO - Using connection ID 'fs_default' for task execution.
[2023-10-17T11:19:05.223+0000] {filesystem.py:64} INFO - Poking for file /opt/in/tiktok_google_play_reviews.csv
[2023-10-17T11:19:05.223+0000] {filesystem.py:69} INFO - Found File /opt/in/tiktok_google_play_reviews.csv last modified: 20220405221612
[2023-10-17T11:19:05.223+0000] {base.py:287} INFO - Success criteria met. Exiting.
[2023-10-17T11:19:05.230+0000] {taskinstance.py:1400} INFO - Marking task as SUCCESS. dag_id=copy_tranform_to_mongo, task_id=waiting_for_data, execution_date=20210226T000000, start_date=20231017T111905, end_date=20231017T111905
[2023-10-17T11:19:05.276+0000] {local_task_job_runner.py:228} INFO - Task exited with return code 0
[2023-10-17T11:19:05.289+0000] {taskinstance.py:2778} INFO - 0 downstream tasks scheduled from follow-on schedule check
[2023-10-18T10:42:32.835+0000] {taskinstance.py:1159} INFO - Dependencies all met for dep_context=non-requeueable deps ti=<TaskInstance: copy_tranform_to_mongo.waiting_for_data scheduled__2021-02-26T00:00:00+00:00 [queued]>
[2023-10-18T10:42:32.845+0000] {taskinstance.py:1159} INFO - Dependencies all met for dep_context=requeueable deps ti=<TaskInstance: copy_tranform_to_mongo.waiting_for_data scheduled__2021-02-26T00:00:00+00:00 [queued]>
[2023-10-18T10:42:32.846+0000] {taskinstance.py:1361} INFO - Starting attempt 1 of 1
[2023-10-18T10:42:32.859+0000] {taskinstance.py:1382} INFO - Executing <Task(FileSensor): waiting_for_data> on 2021-02-26 00:00:00+00:00
[2023-10-18T10:42:32.867+0000] {standard_task_runner.py:57} INFO - Started process 1501 to run task
[2023-10-18T10:42:32.870+0000] {standard_task_runner.py:84} INFO - Running: ['***', 'tasks', 'run', 'copy_tranform_to_mongo', 'waiting_for_data', 'scheduled__2021-02-26T00:00:00+00:00', '--job-id', '60', '--raw', '--subdir', 'DAGS_FOLDER/file_***-mongo.py', '--cfg-path', '/tmp/tmppn04ax8h']
[2023-10-18T10:42:32.872+0000] {standard_task_runner.py:85} INFO - Job 60: Subtask waiting_for_data
[2023-10-18T10:42:32.910+0000] {task_command.py:416} INFO - Running <TaskInstance: copy_tranform_to_mongo.waiting_for_data scheduled__2021-02-26T00:00:00+00:00 [running]> on host 2473b23ba069
[2023-10-18T10:42:32.972+0000] {taskinstance.py:1662} INFO - Exporting env vars: AIRFLOW_CTX_DAG_OWNER='***' AIRFLOW_CTX_DAG_ID='copy_tranform_to_mongo' AIRFLOW_CTX_TASK_ID='waiting_for_data' AIRFLOW_CTX_EXECUTION_DATE='2021-02-26T00:00:00+00:00' AIRFLOW_CTX_TRY_NUMBER='1' AIRFLOW_CTX_DAG_RUN_ID='scheduled__2021-02-26T00:00:00+00:00'
[2023-10-18T10:42:32.988+0000] {taskinstance.py:1937} ERROR - Task failed with exception
Traceback (most recent call last):
  File "/home/airflow/.local/lib/python3.8/site-packages/airflow/sensors/base.py", line 257, in execute
    raise e
  File "/home/airflow/.local/lib/python3.8/site-packages/airflow/sensors/base.py", line 239, in execute
    poke_return = self.poke(context)
  File "/home/airflow/.local/lib/python3.8/site-packages/airflow/sensors/filesystem.py", line 61, in poke
    hook = FSHook(self.fs_conn_id)
  File "/home/airflow/.local/lib/python3.8/site-packages/airflow/hooks/filesystem.py", line 38, in __init__
    conn = self.get_connection(conn_id)
  File "/home/airflow/.local/lib/python3.8/site-packages/airflow/hooks/base.py", line 72, in get_connection
    conn = Connection.get_connection_from_secrets(conn_id)
  File "/home/airflow/.local/lib/python3.8/site-packages/airflow/models/connection.py", line 477, in get_connection_from_secrets
    raise AirflowNotFoundException(f"The conn_id `{conn_id}` isn't defined")
airflow.exceptions.AirflowNotFoundException: The conn_id `fs_default` isn't defined
[2023-10-18T10:42:32.990+0000] {taskinstance.py:1400} INFO - Marking task as FAILED. dag_id=copy_tranform_to_mongo, task_id=waiting_for_data, execution_date=20210226T000000, start_date=20231018T104232, end_date=20231018T104232
[2023-10-18T10:42:32.998+0000] {standard_task_runner.py:104} ERROR - Failed to execute job 60 for task waiting_for_data (The conn_id `fs_default` isn't defined; 1501)
[2023-10-18T10:42:33.042+0000] {local_task_job_runner.py:228} INFO - Task exited with return code 1
[2023-10-18T10:42:33.067+0000] {taskinstance.py:2778} INFO - 0 downstream tasks scheduled from follow-on schedule check
[2023-10-18T11:17:04.265+0000] {taskinstance.py:1159} INFO - Dependencies all met for dep_context=non-requeueable deps ti=<TaskInstance: copy_tranform_to_mongo.waiting_for_data scheduled__2021-02-26T00:00:00+00:00 [queued]>
[2023-10-18T11:17:04.275+0000] {taskinstance.py:1159} INFO - Dependencies all met for dep_context=requeueable deps ti=<TaskInstance: copy_tranform_to_mongo.waiting_for_data scheduled__2021-02-26T00:00:00+00:00 [queued]>
[2023-10-18T11:17:04.276+0000] {taskinstance.py:1361} INFO - Starting attempt 1 of 1
[2023-10-18T11:17:04.301+0000] {taskinstance.py:1382} INFO - Executing <Task(FileSensor): waiting_for_data> on 2021-02-26 00:00:00+00:00
[2023-10-18T11:17:04.310+0000] {standard_task_runner.py:57} INFO - Started process 277 to run task
[2023-10-18T11:17:04.313+0000] {standard_task_runner.py:84} INFO - Running: ['***', 'tasks', 'run', 'copy_tranform_to_mongo', 'waiting_for_data', 'scheduled__2021-02-26T00:00:00+00:00', '--job-id', '77', '--raw', '--subdir', 'DAGS_FOLDER/file_***-mongo.py', '--cfg-path', '/tmp/tmp2jqdr4jm']
[2023-10-18T11:17:04.314+0000] {standard_task_runner.py:85} INFO - Job 77: Subtask waiting_for_data
[2023-10-18T11:17:04.402+0000] {task_command.py:416} INFO - Running <TaskInstance: copy_tranform_to_mongo.waiting_for_data scheduled__2021-02-26T00:00:00+00:00 [running]> on host 0e68aa52dfc7
[2023-10-18T11:17:04.502+0000] {taskinstance.py:1662} INFO - Exporting env vars: AIRFLOW_CTX_DAG_OWNER='***' AIRFLOW_CTX_DAG_ID='copy_tranform_to_mongo' AIRFLOW_CTX_TASK_ID='waiting_for_data' AIRFLOW_CTX_EXECUTION_DATE='2021-02-26T00:00:00+00:00' AIRFLOW_CTX_TRY_NUMBER='1' AIRFLOW_CTX_DAG_RUN_ID='scheduled__2021-02-26T00:00:00+00:00'
[2023-10-18T11:17:04.514+0000] {base.py:73} INFO - Using connection ID 'fs_default' for task execution.
[2023-10-18T11:17:04.515+0000] {filesystem.py:64} INFO - Poking for file /opt/in/tiktok_google_play_reviews.csv
[2023-10-18T11:17:04.516+0000] {filesystem.py:69} INFO - Found File /opt/in/tiktok_google_play_reviews.csv last modified: 20220405221612
[2023-10-18T11:17:04.516+0000] {base.py:287} INFO - Success criteria met. Exiting.
[2023-10-18T11:17:04.525+0000] {taskinstance.py:1400} INFO - Marking task as SUCCESS. dag_id=copy_tranform_to_mongo, task_id=waiting_for_data, execution_date=20210226T000000, start_date=20231018T111704, end_date=20231018T111704
[2023-10-18T11:17:04.572+0000] {local_task_job_runner.py:228} INFO - Task exited with return code 0
[2023-10-18T11:17:04.602+0000] {taskinstance.py:2778} INFO - 1 downstream tasks scheduled from follow-on schedule check
[2023-10-19T12:11:40.339+0000] {taskinstance.py:1159} INFO - Dependencies all met for dep_context=non-requeueable deps ti=<TaskInstance: copy_tranform_to_mongo.waiting_for_data scheduled__2021-02-26T00:00:00+00:00 [queued]>
[2023-10-19T12:11:40.351+0000] {taskinstance.py:1159} INFO - Dependencies all met for dep_context=requeueable deps ti=<TaskInstance: copy_tranform_to_mongo.waiting_for_data scheduled__2021-02-26T00:00:00+00:00 [queued]>
[2023-10-19T12:11:40.351+0000] {taskinstance.py:1361} INFO - Starting attempt 1 of 1
[2023-10-19T12:11:40.365+0000] {taskinstance.py:1382} INFO - Executing <Task(FileSensor): waiting_for_data> on 2021-02-26 00:00:00+00:00
[2023-10-19T12:11:40.371+0000] {standard_task_runner.py:57} INFO - Started process 327 to run task
[2023-10-19T12:11:40.374+0000] {standard_task_runner.py:84} INFO - Running: ['***', 'tasks', 'run', 'copy_tranform_to_mongo', 'waiting_for_data', 'scheduled__2021-02-26T00:00:00+00:00', '--job-id', '70', '--raw', '--subdir', 'DAGS_FOLDER/file_***-mongo.py', '--cfg-path', '/tmp/tmp08gvpd6u']
[2023-10-19T12:11:40.376+0000] {standard_task_runner.py:85} INFO - Job 70: Subtask waiting_for_data
[2023-10-19T12:11:40.445+0000] {task_command.py:416} INFO - Running <TaskInstance: copy_tranform_to_mongo.waiting_for_data scheduled__2021-02-26T00:00:00+00:00 [running]> on host 6f5df7fea6fd
[2023-10-19T12:11:40.597+0000] {taskinstance.py:1662} INFO - Exporting env vars: AIRFLOW_CTX_DAG_OWNER='***' AIRFLOW_CTX_DAG_ID='copy_tranform_to_mongo' AIRFLOW_CTX_TASK_ID='waiting_for_data' AIRFLOW_CTX_EXECUTION_DATE='2021-02-26T00:00:00+00:00' AIRFLOW_CTX_TRY_NUMBER='1' AIRFLOW_CTX_DAG_RUN_ID='scheduled__2021-02-26T00:00:00+00:00'
[2023-10-19T12:11:40.622+0000] {base.py:73} INFO - Using connection ID 'fs_default' for task execution.
[2023-10-19T12:11:40.622+0000] {filesystem.py:64} INFO - Poking for file /opt/in/tiktok_google_play_reviews.csv
[2023-10-19T12:11:40.622+0000] {filesystem.py:69} INFO - Found File /opt/in/tiktok_google_play_reviews.csv last modified: 20220405221612
[2023-10-19T12:11:40.623+0000] {base.py:287} INFO - Success criteria met. Exiting.
[2023-10-19T12:11:40.638+0000] {taskinstance.py:1400} INFO - Marking task as SUCCESS. dag_id=copy_tranform_to_mongo, task_id=waiting_for_data, execution_date=20210226T000000, start_date=20231019T121140, end_date=20231019T121140
[2023-10-19T12:11:40.729+0000] {local_task_job_runner.py:228} INFO - Task exited with return code 0
[2023-10-19T12:11:40.839+0000] {taskinstance.py:2778} INFO - 1 downstream tasks scheduled from follow-on schedule check
