[2023-10-17T11:19:07.762+0000] {taskinstance.py:1159} INFO - Dependencies all met for dep_context=non-requeueable deps ti=<TaskInstance: copy_tranform_to_mongo.waiting_for_data scheduled__2021-03-03T00:00:00+00:00 [queued]>
[2023-10-17T11:19:07.770+0000] {taskinstance.py:1159} INFO - Dependencies all met for dep_context=requeueable deps ti=<TaskInstance: copy_tranform_to_mongo.waiting_for_data scheduled__2021-03-03T00:00:00+00:00 [queued]>
[2023-10-17T11:19:07.771+0000] {taskinstance.py:1361} INFO - Starting attempt 1 of 1
[2023-10-17T11:19:07.825+0000] {taskinstance.py:1382} INFO - Executing <Task(FileSensor): waiting_for_data> on 2021-03-03 00:00:00+00:00
[2023-10-17T11:19:07.834+0000] {standard_task_runner.py:57} INFO - Started process 549 to run task
[2023-10-17T11:19:07.837+0000] {standard_task_runner.py:84} INFO - Running: ['***', 'tasks', 'run', 'copy_tranform_to_mongo', 'waiting_for_data', 'scheduled__2021-03-03T00:00:00+00:00', '--job-id', '66', '--raw', '--subdir', 'DAGS_FOLDER/file_***-mongo.py', '--cfg-path', '/tmp/tmpfh3h21os']
[2023-10-17T11:19:07.838+0000] {standard_task_runner.py:85} INFO - Job 66: Subtask waiting_for_data
[2023-10-17T11:19:07.888+0000] {task_command.py:416} INFO - Running <TaskInstance: copy_tranform_to_mongo.waiting_for_data scheduled__2021-03-03T00:00:00+00:00 [running]> on host 238c1d4ff767
[2023-10-17T11:19:07.972+0000] {taskinstance.py:1662} INFO - Exporting env vars: AIRFLOW_CTX_DAG_OWNER='***' AIRFLOW_CTX_DAG_ID='copy_tranform_to_mongo' AIRFLOW_CTX_TASK_ID='waiting_for_data' AIRFLOW_CTX_EXECUTION_DATE='2021-03-03T00:00:00+00:00' AIRFLOW_CTX_TRY_NUMBER='1' AIRFLOW_CTX_DAG_RUN_ID='scheduled__2021-03-03T00:00:00+00:00'
[2023-10-17T11:19:07.979+0000] {base.py:73} INFO - Using connection ID 'fs_default' for task execution.
[2023-10-17T11:19:07.979+0000] {filesystem.py:64} INFO - Poking for file /opt/in/tiktok_google_play_reviews.csv
[2023-10-17T11:19:07.980+0000] {filesystem.py:69} INFO - Found File /opt/in/tiktok_google_play_reviews.csv last modified: 20220405221612
[2023-10-17T11:19:07.980+0000] {base.py:287} INFO - Success criteria met. Exiting.
[2023-10-17T11:19:07.987+0000] {taskinstance.py:1400} INFO - Marking task as SUCCESS. dag_id=copy_tranform_to_mongo, task_id=waiting_for_data, execution_date=20210303T000000, start_date=20231017T111907, end_date=20231017T111907
[2023-10-17T11:19:08.010+0000] {local_task_job_runner.py:228} INFO - Task exited with return code 0
[2023-10-17T11:19:08.024+0000] {taskinstance.py:2778} INFO - 0 downstream tasks scheduled from follow-on schedule check
[2023-10-18T10:42:35.466+0000] {taskinstance.py:1159} INFO - Dependencies all met for dep_context=non-requeueable deps ti=<TaskInstance: copy_tranform_to_mongo.waiting_for_data scheduled__2021-03-03T00:00:00+00:00 [queued]>
[2023-10-18T10:42:35.477+0000] {taskinstance.py:1159} INFO - Dependencies all met for dep_context=requeueable deps ti=<TaskInstance: copy_tranform_to_mongo.waiting_for_data scheduled__2021-03-03T00:00:00+00:00 [queued]>
[2023-10-18T10:42:35.478+0000] {taskinstance.py:1361} INFO - Starting attempt 1 of 1
[2023-10-18T10:42:35.543+0000] {taskinstance.py:1382} INFO - Executing <Task(FileSensor): waiting_for_data> on 2021-03-03 00:00:00+00:00
[2023-10-18T10:42:35.549+0000] {standard_task_runner.py:57} INFO - Started process 1512 to run task
[2023-10-18T10:42:35.552+0000] {standard_task_runner.py:84} INFO - Running: ['***', 'tasks', 'run', 'copy_tranform_to_mongo', 'waiting_for_data', 'scheduled__2021-03-03T00:00:00+00:00', '--job-id', '65', '--raw', '--subdir', 'DAGS_FOLDER/file_***-mongo.py', '--cfg-path', '/tmp/tmpubx89wwf']
[2023-10-18T10:42:35.554+0000] {standard_task_runner.py:85} INFO - Job 65: Subtask waiting_for_data
[2023-10-18T10:42:35.621+0000] {task_command.py:416} INFO - Running <TaskInstance: copy_tranform_to_mongo.waiting_for_data scheduled__2021-03-03T00:00:00+00:00 [running]> on host 2473b23ba069
[2023-10-18T10:42:35.695+0000] {taskinstance.py:1662} INFO - Exporting env vars: AIRFLOW_CTX_DAG_OWNER='***' AIRFLOW_CTX_DAG_ID='copy_tranform_to_mongo' AIRFLOW_CTX_TASK_ID='waiting_for_data' AIRFLOW_CTX_EXECUTION_DATE='2021-03-03T00:00:00+00:00' AIRFLOW_CTX_TRY_NUMBER='1' AIRFLOW_CTX_DAG_RUN_ID='scheduled__2021-03-03T00:00:00+00:00'
[2023-10-18T10:42:35.712+0000] {taskinstance.py:1937} ERROR - Task failed with exception
Traceback (most recent call last):
  File "/home/airflow/.local/lib/python3.8/site-packages/airflow/sensors/base.py", line 257, in execute
    raise e
  File "/home/airflow/.local/lib/python3.8/site-packages/airflow/sensors/base.py", line 239, in execute
    poke_return = self.poke(context)
  File "/home/airflow/.local/lib/python3.8/site-packages/airflow/sensors/filesystem.py", line 61, in poke
    hook = FSHook(self.fs_conn_id)
  File "/home/airflow/.local/lib/python3.8/site-packages/airflow/hooks/filesystem.py", line 38, in __init__
    conn = self.get_connection(conn_id)
  File "/home/airflow/.local/lib/python3.8/site-packages/airflow/hooks/base.py", line 72, in get_connection
    conn = Connection.get_connection_from_secrets(conn_id)
  File "/home/airflow/.local/lib/python3.8/site-packages/airflow/models/connection.py", line 477, in get_connection_from_secrets
    raise AirflowNotFoundException(f"The conn_id `{conn_id}` isn't defined")
airflow.exceptions.AirflowNotFoundException: The conn_id `fs_default` isn't defined
[2023-10-18T10:42:35.717+0000] {taskinstance.py:1400} INFO - Marking task as FAILED. dag_id=copy_tranform_to_mongo, task_id=waiting_for_data, execution_date=20210303T000000, start_date=20231018T104235, end_date=20231018T104235
[2023-10-18T10:42:35.730+0000] {standard_task_runner.py:104} ERROR - Failed to execute job 65 for task waiting_for_data (The conn_id `fs_default` isn't defined; 1512)
[2023-10-18T10:42:35.764+0000] {local_task_job_runner.py:228} INFO - Task exited with return code 1
[2023-10-18T10:42:35.794+0000] {taskinstance.py:2778} INFO - 0 downstream tasks scheduled from follow-on schedule check
[2023-10-18T11:17:05.189+0000] {taskinstance.py:1159} INFO - Dependencies all met for dep_context=non-requeueable deps ti=<TaskInstance: copy_tranform_to_mongo.waiting_for_data scheduled__2021-03-03T00:00:00+00:00 [queued]>
[2023-10-18T11:17:05.201+0000] {taskinstance.py:1159} INFO - Dependencies all met for dep_context=requeueable deps ti=<TaskInstance: copy_tranform_to_mongo.waiting_for_data scheduled__2021-03-03T00:00:00+00:00 [queued]>
[2023-10-18T11:17:05.201+0000] {taskinstance.py:1361} INFO - Starting attempt 1 of 1
[2023-10-18T11:17:05.215+0000] {taskinstance.py:1382} INFO - Executing <Task(FileSensor): waiting_for_data> on 2021-03-03 00:00:00+00:00
[2023-10-18T11:17:05.222+0000] {standard_task_runner.py:57} INFO - Started process 290 to run task
[2023-10-18T11:17:05.225+0000] {standard_task_runner.py:84} INFO - Running: ['***', 'tasks', 'run', 'copy_tranform_to_mongo', 'waiting_for_data', 'scheduled__2021-03-03T00:00:00+00:00', '--job-id', '84', '--raw', '--subdir', 'DAGS_FOLDER/file_***-mongo.py', '--cfg-path', '/tmp/tmp2o8tzmfb']
[2023-10-18T11:17:05.226+0000] {standard_task_runner.py:85} INFO - Job 84: Subtask waiting_for_data
[2023-10-18T11:17:05.286+0000] {task_command.py:416} INFO - Running <TaskInstance: copy_tranform_to_mongo.waiting_for_data scheduled__2021-03-03T00:00:00+00:00 [running]> on host 0e68aa52dfc7
[2023-10-18T11:17:05.392+0000] {taskinstance.py:1662} INFO - Exporting env vars: AIRFLOW_CTX_DAG_OWNER='***' AIRFLOW_CTX_DAG_ID='copy_tranform_to_mongo' AIRFLOW_CTX_TASK_ID='waiting_for_data' AIRFLOW_CTX_EXECUTION_DATE='2021-03-03T00:00:00+00:00' AIRFLOW_CTX_TRY_NUMBER='1' AIRFLOW_CTX_DAG_RUN_ID='scheduled__2021-03-03T00:00:00+00:00'
[2023-10-18T11:17:05.404+0000] {base.py:73} INFO - Using connection ID 'fs_default' for task execution.
[2023-10-18T11:17:05.404+0000] {filesystem.py:64} INFO - Poking for file /opt/in/tiktok_google_play_reviews.csv
[2023-10-18T11:17:05.405+0000] {filesystem.py:69} INFO - Found File /opt/in/tiktok_google_play_reviews.csv last modified: 20220405221612
[2023-10-18T11:17:05.405+0000] {base.py:287} INFO - Success criteria met. Exiting.
[2023-10-18T11:17:05.421+0000] {taskinstance.py:1400} INFO - Marking task as SUCCESS. dag_id=copy_tranform_to_mongo, task_id=waiting_for_data, execution_date=20210303T000000, start_date=20231018T111705, end_date=20231018T111705
[2023-10-18T11:17:05.445+0000] {local_task_job_runner.py:228} INFO - Task exited with return code 0
[2023-10-18T11:17:05.506+0000] {taskinstance.py:2778} INFO - 1 downstream tasks scheduled from follow-on schedule check
[2023-10-19T12:11:44.437+0000] {taskinstance.py:1159} INFO - Dependencies all met for dep_context=non-requeueable deps ti=<TaskInstance: copy_tranform_to_mongo.waiting_for_data scheduled__2021-03-03T00:00:00+00:00 [queued]>
[2023-10-19T12:11:44.444+0000] {taskinstance.py:1159} INFO - Dependencies all met for dep_context=requeueable deps ti=<TaskInstance: copy_tranform_to_mongo.waiting_for_data scheduled__2021-03-03T00:00:00+00:00 [queued]>
[2023-10-19T12:11:44.444+0000] {taskinstance.py:1361} INFO - Starting attempt 1 of 1
[2023-10-19T12:11:44.454+0000] {taskinstance.py:1382} INFO - Executing <Task(FileSensor): waiting_for_data> on 2021-03-03 00:00:00+00:00
[2023-10-19T12:11:44.459+0000] {standard_task_runner.py:57} INFO - Started process 353 to run task
[2023-10-19T12:11:44.462+0000] {standard_task_runner.py:84} INFO - Running: ['***', 'tasks', 'run', 'copy_tranform_to_mongo', 'waiting_for_data', 'scheduled__2021-03-03T00:00:00+00:00', '--job-id', '84', '--raw', '--subdir', 'DAGS_FOLDER/file_***-mongo.py', '--cfg-path', '/tmp/tmpjfgqy2la']
[2023-10-19T12:11:44.462+0000] {standard_task_runner.py:85} INFO - Job 84: Subtask waiting_for_data
[2023-10-19T12:11:44.511+0000] {task_command.py:416} INFO - Running <TaskInstance: copy_tranform_to_mongo.waiting_for_data scheduled__2021-03-03T00:00:00+00:00 [running]> on host 6f5df7fea6fd
[2023-10-19T12:11:44.585+0000] {taskinstance.py:1662} INFO - Exporting env vars: AIRFLOW_CTX_DAG_OWNER='***' AIRFLOW_CTX_DAG_ID='copy_tranform_to_mongo' AIRFLOW_CTX_TASK_ID='waiting_for_data' AIRFLOW_CTX_EXECUTION_DATE='2021-03-03T00:00:00+00:00' AIRFLOW_CTX_TRY_NUMBER='1' AIRFLOW_CTX_DAG_RUN_ID='scheduled__2021-03-03T00:00:00+00:00'
[2023-10-19T12:11:44.595+0000] {base.py:73} INFO - Using connection ID 'fs_default' for task execution.
[2023-10-19T12:11:44.597+0000] {filesystem.py:64} INFO - Poking for file /opt/in/tiktok_google_play_reviews.csv
[2023-10-19T12:11:44.598+0000] {filesystem.py:69} INFO - Found File /opt/in/tiktok_google_play_reviews.csv last modified: 20220405221612
[2023-10-19T12:11:44.598+0000] {base.py:287} INFO - Success criteria met. Exiting.
[2023-10-19T12:11:44.608+0000] {taskinstance.py:1400} INFO - Marking task as SUCCESS. dag_id=copy_tranform_to_mongo, task_id=waiting_for_data, execution_date=20210303T000000, start_date=20231019T121144, end_date=20231019T121144
[2023-10-19T12:11:44.635+0000] {local_task_job_runner.py:228} INFO - Task exited with return code 0
[2023-10-19T12:11:44.675+0000] {taskinstance.py:2778} INFO - 0 downstream tasks scheduled from follow-on schedule check
