[2023-10-17T11:25:09.267+0000] {taskinstance.py:1159} INFO - Dependencies all met for dep_context=non-requeueable deps ti=<TaskInstance: copy_tranform_to_mongo.waiting_for_data scheduled__2023-02-07T00:00:00+00:00 [queued]>
[2023-10-17T11:25:09.276+0000] {taskinstance.py:1159} INFO - Dependencies all met for dep_context=requeueable deps ti=<TaskInstance: copy_tranform_to_mongo.waiting_for_data scheduled__2023-02-07T00:00:00+00:00 [queued]>
[2023-10-17T11:25:09.277+0000] {taskinstance.py:1361} INFO - Starting attempt 1 of 1
[2023-10-17T11:25:09.318+0000] {taskinstance.py:1382} INFO - Executing <Task(FileSensor): waiting_for_data> on 2023-02-07 00:00:00+00:00
[2023-10-17T11:25:09.327+0000] {standard_task_runner.py:57} INFO - Started process 2056 to run task
[2023-10-17T11:25:09.329+0000] {standard_task_runner.py:84} INFO - Running: ['***', 'tasks', 'run', 'copy_tranform_to_mongo', 'waiting_for_data', 'scheduled__2023-02-07T00:00:00+00:00', '--job-id', '772', '--raw', '--subdir', 'DAGS_FOLDER/file_***-mongo.py', '--cfg-path', '/tmp/tmpra4zbtka']
[2023-10-17T11:25:09.330+0000] {standard_task_runner.py:85} INFO - Job 772: Subtask waiting_for_data
[2023-10-17T11:25:09.370+0000] {task_command.py:416} INFO - Running <TaskInstance: copy_tranform_to_mongo.waiting_for_data scheduled__2023-02-07T00:00:00+00:00 [running]> on host 238c1d4ff767
[2023-10-17T11:25:09.435+0000] {taskinstance.py:1662} INFO - Exporting env vars: AIRFLOW_CTX_DAG_OWNER='***' AIRFLOW_CTX_DAG_ID='copy_tranform_to_mongo' AIRFLOW_CTX_TASK_ID='waiting_for_data' AIRFLOW_CTX_EXECUTION_DATE='2023-02-07T00:00:00+00:00' AIRFLOW_CTX_TRY_NUMBER='1' AIRFLOW_CTX_DAG_RUN_ID='scheduled__2023-02-07T00:00:00+00:00'
[2023-10-17T11:25:09.442+0000] {base.py:73} INFO - Using connection ID 'fs_default' for task execution.
[2023-10-17T11:25:09.443+0000] {filesystem.py:64} INFO - Poking for file /opt/in/tiktok_google_play_reviews.csv
[2023-10-17T11:25:09.443+0000] {filesystem.py:69} INFO - Found File /opt/in/tiktok_google_play_reviews.csv last modified: 20220405221612
[2023-10-17T11:25:09.443+0000] {base.py:287} INFO - Success criteria met. Exiting.
[2023-10-17T11:25:09.450+0000] {taskinstance.py:1400} INFO - Marking task as SUCCESS. dag_id=copy_tranform_to_mongo, task_id=waiting_for_data, execution_date=20230207T000000, start_date=20231017T112509, end_date=20231017T112509
[2023-10-17T11:25:09.501+0000] {local_task_job_runner.py:228} INFO - Task exited with return code 0
[2023-10-17T11:25:09.516+0000] {taskinstance.py:2778} INFO - 0 downstream tasks scheduled from follow-on schedule check
[2023-10-18T11:50:24.032+0000] {taskinstance.py:1159} INFO - Dependencies all met for dep_context=non-requeueable deps ti=<TaskInstance: copy_tranform_to_mongo.waiting_for_data scheduled__2023-02-07T00:00:00+00:00 [queued]>
[2023-10-18T11:50:24.040+0000] {taskinstance.py:1159} INFO - Dependencies all met for dep_context=requeueable deps ti=<TaskInstance: copy_tranform_to_mongo.waiting_for_data scheduled__2023-02-07T00:00:00+00:00 [queued]>
[2023-10-18T11:50:24.040+0000] {taskinstance.py:1361} INFO - Starting attempt 1 of 1
[2023-10-18T11:50:24.056+0000] {taskinstance.py:1382} INFO - Executing <Task(FileSensor): waiting_for_data> on 2023-02-07 00:00:00+00:00
[2023-10-18T11:50:24.063+0000] {standard_task_runner.py:57} INFO - Started process 3639 to run task
[2023-10-18T11:50:24.066+0000] {standard_task_runner.py:84} INFO - Running: ['***', 'tasks', 'run', 'copy_tranform_to_mongo', 'waiting_for_data', 'scheduled__2023-02-07T00:00:00+00:00', '--job-id', '1500', '--raw', '--subdir', 'DAGS_FOLDER/file_***-mongo.py', '--cfg-path', '/tmp/tmptksjt0jd']
[2023-10-18T11:50:24.067+0000] {standard_task_runner.py:85} INFO - Job 1500: Subtask waiting_for_data
[2023-10-18T11:50:24.116+0000] {task_command.py:416} INFO - Running <TaskInstance: copy_tranform_to_mongo.waiting_for_data scheduled__2023-02-07T00:00:00+00:00 [running]> on host 0e68aa52dfc7
[2023-10-18T11:50:24.199+0000] {taskinstance.py:1662} INFO - Exporting env vars: AIRFLOW_CTX_DAG_OWNER='***' AIRFLOW_CTX_DAG_ID='copy_tranform_to_mongo' AIRFLOW_CTX_TASK_ID='waiting_for_data' AIRFLOW_CTX_EXECUTION_DATE='2023-02-07T00:00:00+00:00' AIRFLOW_CTX_TRY_NUMBER='1' AIRFLOW_CTX_DAG_RUN_ID='scheduled__2023-02-07T00:00:00+00:00'
[2023-10-18T11:50:24.210+0000] {base.py:73} INFO - Using connection ID 'fs_default' for task execution.
[2023-10-18T11:50:24.211+0000] {filesystem.py:64} INFO - Poking for file /opt/in/tiktok_google_play_reviews.csv
[2023-10-18T11:50:24.211+0000] {filesystem.py:69} INFO - Found File /opt/in/tiktok_google_play_reviews.csv last modified: 20220405221612
[2023-10-18T11:50:24.212+0000] {base.py:287} INFO - Success criteria met. Exiting.
[2023-10-18T11:50:24.223+0000] {taskinstance.py:1400} INFO - Marking task as SUCCESS. dag_id=copy_tranform_to_mongo, task_id=waiting_for_data, execution_date=20230207T000000, start_date=20231018T115024, end_date=20231018T115024
[2023-10-18T11:50:24.278+0000] {local_task_job_runner.py:228} INFO - Task exited with return code 0
[2023-10-18T11:50:24.311+0000] {taskinstance.py:2778} INFO - 1 downstream tasks scheduled from follow-on schedule check
