[2023-10-17T11:26:52.221+0000] {taskinstance.py:1159} INFO - Dependencies all met for dep_context=non-requeueable deps ti=<TaskInstance: copy_tranform_to_mongo.waiting_for_data scheduled__2023-07-31T00:00:00+00:00 [queued]>
[2023-10-17T11:26:52.230+0000] {taskinstance.py:1159} INFO - Dependencies all met for dep_context=requeueable deps ti=<TaskInstance: copy_tranform_to_mongo.waiting_for_data scheduled__2023-07-31T00:00:00+00:00 [queued]>
[2023-10-17T11:26:52.230+0000] {taskinstance.py:1361} INFO - Starting attempt 1 of 1
[2023-10-17T11:26:52.241+0000] {taskinstance.py:1382} INFO - Executing <Task(FileSensor): waiting_for_data> on 2023-07-31 00:00:00+00:00
[2023-10-17T11:26:52.246+0000] {standard_task_runner.py:57} INFO - Started process 2426 to run task
[2023-10-17T11:26:52.248+0000] {standard_task_runner.py:84} INFO - Running: ['***', 'tasks', 'run', 'copy_tranform_to_mongo', 'waiting_for_data', 'scheduled__2023-07-31T00:00:00+00:00', '--job-id', '946', '--raw', '--subdir', 'DAGS_FOLDER/file_***-mongo.py', '--cfg-path', '/tmp/tmp01eqg8a2']
[2023-10-17T11:26:52.249+0000] {standard_task_runner.py:85} INFO - Job 946: Subtask waiting_for_data
[2023-10-17T11:26:52.278+0000] {task_command.py:416} INFO - Running <TaskInstance: copy_tranform_to_mongo.waiting_for_data scheduled__2023-07-31T00:00:00+00:00 [running]> on host 238c1d4ff767
[2023-10-17T11:26:52.329+0000] {taskinstance.py:1662} INFO - Exporting env vars: AIRFLOW_CTX_DAG_OWNER='***' AIRFLOW_CTX_DAG_ID='copy_tranform_to_mongo' AIRFLOW_CTX_TASK_ID='waiting_for_data' AIRFLOW_CTX_EXECUTION_DATE='2023-07-31T00:00:00+00:00' AIRFLOW_CTX_TRY_NUMBER='1' AIRFLOW_CTX_DAG_RUN_ID='scheduled__2023-07-31T00:00:00+00:00'
[2023-10-17T11:26:52.335+0000] {base.py:73} INFO - Using connection ID 'fs_default' for task execution.
[2023-10-17T11:26:52.335+0000] {filesystem.py:64} INFO - Poking for file /opt/in/tiktok_google_play_reviews.csv
[2023-10-17T11:26:52.336+0000] {filesystem.py:69} INFO - Found File /opt/in/tiktok_google_play_reviews.csv last modified: 20220405221612
[2023-10-17T11:26:52.336+0000] {base.py:287} INFO - Success criteria met. Exiting.
[2023-10-17T11:26:52.341+0000] {taskinstance.py:1400} INFO - Marking task as SUCCESS. dag_id=copy_tranform_to_mongo, task_id=waiting_for_data, execution_date=20230731T000000, start_date=20231017T112652, end_date=20231017T112652
[2023-10-17T11:26:52.380+0000] {local_task_job_runner.py:228} INFO - Task exited with return code 0
[2023-10-17T11:26:52.405+0000] {taskinstance.py:2778} INFO - 0 downstream tasks scheduled from follow-on schedule check
[2023-10-18T11:52:05.963+0000] {taskinstance.py:1159} INFO - Dependencies all met for dep_context=non-requeueable deps ti=<TaskInstance: copy_tranform_to_mongo.waiting_for_data scheduled__2023-07-31T00:00:00+00:00 [queued]>
[2023-10-18T11:52:05.978+0000] {taskinstance.py:1159} INFO - Dependencies all met for dep_context=requeueable deps ti=<TaskInstance: copy_tranform_to_mongo.waiting_for_data scheduled__2023-07-31T00:00:00+00:00 [queued]>
[2023-10-18T11:52:05.979+0000] {taskinstance.py:1361} INFO - Starting attempt 1 of 1
[2023-10-18T11:52:05.997+0000] {taskinstance.py:1382} INFO - Executing <Task(FileSensor): waiting_for_data> on 2023-07-31 00:00:00+00:00
[2023-10-18T11:52:06.004+0000] {standard_task_runner.py:57} INFO - Started process 4351 to run task
[2023-10-18T11:52:06.006+0000] {standard_task_runner.py:84} INFO - Running: ['***', 'tasks', 'run', 'copy_tranform_to_mongo', 'waiting_for_data', 'scheduled__2023-07-31T00:00:00+00:00', '--job-id', '1844', '--raw', '--subdir', 'DAGS_FOLDER/file_***-mongo.py', '--cfg-path', '/tmp/tmpe7g11u00']
[2023-10-18T11:52:06.008+0000] {standard_task_runner.py:85} INFO - Job 1844: Subtask waiting_for_data
[2023-10-18T11:52:06.065+0000] {task_command.py:416} INFO - Running <TaskInstance: copy_tranform_to_mongo.waiting_for_data scheduled__2023-07-31T00:00:00+00:00 [running]> on host 0e68aa52dfc7
[2023-10-18T11:52:06.176+0000] {taskinstance.py:1662} INFO - Exporting env vars: AIRFLOW_CTX_DAG_OWNER='***' AIRFLOW_CTX_DAG_ID='copy_tranform_to_mongo' AIRFLOW_CTX_TASK_ID='waiting_for_data' AIRFLOW_CTX_EXECUTION_DATE='2023-07-31T00:00:00+00:00' AIRFLOW_CTX_TRY_NUMBER='1' AIRFLOW_CTX_DAG_RUN_ID='scheduled__2023-07-31T00:00:00+00:00'
[2023-10-18T11:52:06.188+0000] {base.py:73} INFO - Using connection ID 'fs_default' for task execution.
[2023-10-18T11:52:06.188+0000] {filesystem.py:64} INFO - Poking for file /opt/in/tiktok_google_play_reviews.csv
[2023-10-18T11:52:06.188+0000] {filesystem.py:69} INFO - Found File /opt/in/tiktok_google_play_reviews.csv last modified: 20220405221612
[2023-10-18T11:52:06.189+0000] {base.py:287} INFO - Success criteria met. Exiting.
[2023-10-18T11:52:06.208+0000] {taskinstance.py:1400} INFO - Marking task as SUCCESS. dag_id=copy_tranform_to_mongo, task_id=waiting_for_data, execution_date=20230731T000000, start_date=20231018T115205, end_date=20231018T115206
[2023-10-18T11:52:06.268+0000] {local_task_job_runner.py:228} INFO - Task exited with return code 0
[2023-10-18T11:52:06.336+0000] {taskinstance.py:2778} INFO - 0 downstream tasks scheduled from follow-on schedule check
