[2023-10-17T11:20:51.655+0000] {taskinstance.py:1159} INFO - Dependencies all met for dep_context=non-requeueable deps ti=<TaskInstance: copy_tranform_to_mongo.waiting_for_data scheduled__2021-11-08T00:00:00+00:00 [queued]>
[2023-10-17T11:20:51.662+0000] {taskinstance.py:1159} INFO - Dependencies all met for dep_context=requeueable deps ti=<TaskInstance: copy_tranform_to_mongo.waiting_for_data scheduled__2021-11-08T00:00:00+00:00 [queued]>
[2023-10-17T11:20:51.662+0000] {taskinstance.py:1361} INFO - Starting attempt 1 of 1
[2023-10-17T11:20:51.670+0000] {taskinstance.py:1382} INFO - Executing <Task(FileSensor): waiting_for_data> on 2021-11-08 00:00:00+00:00
[2023-10-17T11:20:51.676+0000] {standard_task_runner.py:57} INFO - Started process 1079 to run task
[2023-10-17T11:20:51.678+0000] {standard_task_runner.py:84} INFO - Running: ['***', 'tasks', 'run', 'copy_tranform_to_mongo', 'waiting_for_data', 'scheduled__2021-11-08T00:00:00+00:00', '--job-id', '316', '--raw', '--subdir', 'DAGS_FOLDER/file_***-mongo.py', '--cfg-path', '/tmp/tmpkhgwieav']
[2023-10-17T11:20:51.679+0000] {standard_task_runner.py:85} INFO - Job 316: Subtask waiting_for_data
[2023-10-17T11:20:51.710+0000] {task_command.py:416} INFO - Running <TaskInstance: copy_tranform_to_mongo.waiting_for_data scheduled__2021-11-08T00:00:00+00:00 [running]> on host 238c1d4ff767
[2023-10-17T11:20:51.766+0000] {taskinstance.py:1662} INFO - Exporting env vars: AIRFLOW_CTX_DAG_OWNER='***' AIRFLOW_CTX_DAG_ID='copy_tranform_to_mongo' AIRFLOW_CTX_TASK_ID='waiting_for_data' AIRFLOW_CTX_EXECUTION_DATE='2021-11-08T00:00:00+00:00' AIRFLOW_CTX_TRY_NUMBER='1' AIRFLOW_CTX_DAG_RUN_ID='scheduled__2021-11-08T00:00:00+00:00'
[2023-10-17T11:20:51.772+0000] {base.py:73} INFO - Using connection ID 'fs_default' for task execution.
[2023-10-17T11:20:51.772+0000] {filesystem.py:64} INFO - Poking for file /opt/in/tiktok_google_play_reviews.csv
[2023-10-17T11:20:51.772+0000] {filesystem.py:69} INFO - Found File /opt/in/tiktok_google_play_reviews.csv last modified: 20220405221612
[2023-10-17T11:20:51.772+0000] {base.py:287} INFO - Success criteria met. Exiting.
[2023-10-17T11:20:51.779+0000] {taskinstance.py:1400} INFO - Marking task as SUCCESS. dag_id=copy_tranform_to_mongo, task_id=waiting_for_data, execution_date=20211108T000000, start_date=20231017T112051, end_date=20231017T112051
[2023-10-17T11:20:51.811+0000] {local_task_job_runner.py:228} INFO - Task exited with return code 0
[2023-10-17T11:20:51.836+0000] {taskinstance.py:2778} INFO - 0 downstream tasks scheduled from follow-on schedule check
[2023-10-18T11:45:21.085+0000] {taskinstance.py:1159} INFO - Dependencies all met for dep_context=non-requeueable deps ti=<TaskInstance: copy_tranform_to_mongo.waiting_for_data scheduled__2021-11-08T00:00:00+00:00 [queued]>
[2023-10-18T11:45:21.096+0000] {taskinstance.py:1159} INFO - Dependencies all met for dep_context=requeueable deps ti=<TaskInstance: copy_tranform_to_mongo.waiting_for_data scheduled__2021-11-08T00:00:00+00:00 [queued]>
[2023-10-18T11:45:21.096+0000] {taskinstance.py:1361} INFO - Starting attempt 1 of 1
[2023-10-18T11:45:21.158+0000] {taskinstance.py:1382} INFO - Executing <Task(FileSensor): waiting_for_data> on 2021-11-08 00:00:00+00:00
[2023-10-18T11:45:21.165+0000] {standard_task_runner.py:57} INFO - Started process 1730 to run task
[2023-10-18T11:45:21.168+0000] {standard_task_runner.py:84} INFO - Running: ['***', 'tasks', 'run', 'copy_tranform_to_mongo', 'waiting_for_data', 'scheduled__2021-11-08T00:00:00+00:00', '--job-id', '586', '--raw', '--subdir', 'DAGS_FOLDER/file_***-mongo.py', '--cfg-path', '/tmp/tmphxndw0sh']
[2023-10-18T11:45:21.170+0000] {standard_task_runner.py:85} INFO - Job 586: Subtask waiting_for_data
[2023-10-18T11:45:21.225+0000] {task_command.py:416} INFO - Running <TaskInstance: copy_tranform_to_mongo.waiting_for_data scheduled__2021-11-08T00:00:00+00:00 [running]> on host 0e68aa52dfc7
[2023-10-18T11:45:21.301+0000] {taskinstance.py:1662} INFO - Exporting env vars: AIRFLOW_CTX_DAG_OWNER='***' AIRFLOW_CTX_DAG_ID='copy_tranform_to_mongo' AIRFLOW_CTX_TASK_ID='waiting_for_data' AIRFLOW_CTX_EXECUTION_DATE='2021-11-08T00:00:00+00:00' AIRFLOW_CTX_TRY_NUMBER='1' AIRFLOW_CTX_DAG_RUN_ID='scheduled__2021-11-08T00:00:00+00:00'
[2023-10-18T11:45:21.311+0000] {base.py:73} INFO - Using connection ID 'fs_default' for task execution.
[2023-10-18T11:45:21.311+0000] {filesystem.py:64} INFO - Poking for file /opt/in/tiktok_google_play_reviews.csv
[2023-10-18T11:45:21.312+0000] {filesystem.py:69} INFO - Found File /opt/in/tiktok_google_play_reviews.csv last modified: 20220405221612
[2023-10-18T11:45:21.312+0000] {base.py:287} INFO - Success criteria met. Exiting.
[2023-10-18T11:45:21.322+0000] {taskinstance.py:1400} INFO - Marking task as SUCCESS. dag_id=copy_tranform_to_mongo, task_id=waiting_for_data, execution_date=20211108T000000, start_date=20231018T114521, end_date=20231018T114521
[2023-10-18T11:45:21.341+0000] {local_task_job_runner.py:228} INFO - Task exited with return code 0
[2023-10-18T11:45:21.378+0000] {taskinstance.py:2778} INFO - 0 downstream tasks scheduled from follow-on schedule check
