[2023-10-17T11:25:58.279+0000] {taskinstance.py:1159} INFO - Dependencies all met for dep_context=non-requeueable deps ti=<TaskInstance: copy_tranform_to_mongo.waiting_for_data scheduled__2023-05-23T00:00:00+00:00 [queued]>
[2023-10-17T11:25:58.285+0000] {taskinstance.py:1159} INFO - Dependencies all met for dep_context=requeueable deps ti=<TaskInstance: copy_tranform_to_mongo.waiting_for_data scheduled__2023-05-23T00:00:00+00:00 [queued]>
[2023-10-17T11:25:58.285+0000] {taskinstance.py:1361} INFO - Starting attempt 1 of 1
[2023-10-17T11:25:58.293+0000] {taskinstance.py:1382} INFO - Executing <Task(FileSensor): waiting_for_data> on 2023-05-23 00:00:00+00:00
[2023-10-17T11:25:58.297+0000] {standard_task_runner.py:57} INFO - Started process 2272 to run task
[2023-10-17T11:25:58.300+0000] {standard_task_runner.py:84} INFO - Running: ['***', 'tasks', 'run', 'copy_tranform_to_mongo', 'waiting_for_data', 'scheduled__2023-05-23T00:00:00+00:00', '--job-id', '877', '--raw', '--subdir', 'DAGS_FOLDER/file_***-mongo.py', '--cfg-path', '/tmp/tmpgmy9xatb']
[2023-10-17T11:25:58.300+0000] {standard_task_runner.py:85} INFO - Job 877: Subtask waiting_for_data
[2023-10-17T11:25:58.330+0000] {task_command.py:416} INFO - Running <TaskInstance: copy_tranform_to_mongo.waiting_for_data scheduled__2023-05-23T00:00:00+00:00 [running]> on host 238c1d4ff767
[2023-10-17T11:25:58.383+0000] {taskinstance.py:1662} INFO - Exporting env vars: AIRFLOW_CTX_DAG_OWNER='***' AIRFLOW_CTX_DAG_ID='copy_tranform_to_mongo' AIRFLOW_CTX_TASK_ID='waiting_for_data' AIRFLOW_CTX_EXECUTION_DATE='2023-05-23T00:00:00+00:00' AIRFLOW_CTX_TRY_NUMBER='1' AIRFLOW_CTX_DAG_RUN_ID='scheduled__2023-05-23T00:00:00+00:00'
[2023-10-17T11:25:58.389+0000] {base.py:73} INFO - Using connection ID 'fs_default' for task execution.
[2023-10-17T11:25:58.389+0000] {filesystem.py:64} INFO - Poking for file /opt/in/tiktok_google_play_reviews.csv
[2023-10-17T11:25:58.389+0000] {filesystem.py:69} INFO - Found File /opt/in/tiktok_google_play_reviews.csv last modified: 20220405221612
[2023-10-17T11:25:58.390+0000] {base.py:287} INFO - Success criteria met. Exiting.
[2023-10-17T11:25:58.395+0000] {taskinstance.py:1400} INFO - Marking task as SUCCESS. dag_id=copy_tranform_to_mongo, task_id=waiting_for_data, execution_date=20230523T000000, start_date=20231017T112558, end_date=20231017T112558
[2023-10-17T11:25:58.432+0000] {local_task_job_runner.py:228} INFO - Task exited with return code 0
[2023-10-17T11:25:58.454+0000] {taskinstance.py:2778} INFO - 0 downstream tasks scheduled from follow-on schedule check
[2023-10-18T11:51:22.769+0000] {taskinstance.py:1159} INFO - Dependencies all met for dep_context=non-requeueable deps ti=<TaskInstance: copy_tranform_to_mongo.waiting_for_data scheduled__2023-05-23T00:00:00+00:00 [queued]>
[2023-10-18T11:51:22.785+0000] {taskinstance.py:1159} INFO - Dependencies all met for dep_context=requeueable deps ti=<TaskInstance: copy_tranform_to_mongo.waiting_for_data scheduled__2023-05-23T00:00:00+00:00 [queued]>
[2023-10-18T11:51:22.786+0000] {taskinstance.py:1361} INFO - Starting attempt 1 of 1
[2023-10-18T11:51:22.809+0000] {taskinstance.py:1382} INFO - Executing <Task(FileSensor): waiting_for_data> on 2023-05-23 00:00:00+00:00
[2023-10-18T11:51:22.819+0000] {standard_task_runner.py:57} INFO - Started process 4067 to run task
[2023-10-18T11:51:22.823+0000] {standard_task_runner.py:84} INFO - Running: ['***', 'tasks', 'run', 'copy_tranform_to_mongo', 'waiting_for_data', 'scheduled__2023-05-23T00:00:00+00:00', '--job-id', '1706', '--raw', '--subdir', 'DAGS_FOLDER/file_***-mongo.py', '--cfg-path', '/tmp/tmpbzsgty00']
[2023-10-18T11:51:22.824+0000] {standard_task_runner.py:85} INFO - Job 1706: Subtask waiting_for_data
[2023-10-18T11:51:22.903+0000] {task_command.py:416} INFO - Running <TaskInstance: copy_tranform_to_mongo.waiting_for_data scheduled__2023-05-23T00:00:00+00:00 [running]> on host 0e68aa52dfc7
[2023-10-18T11:51:23.087+0000] {taskinstance.py:1662} INFO - Exporting env vars: AIRFLOW_CTX_DAG_OWNER='***' AIRFLOW_CTX_DAG_ID='copy_tranform_to_mongo' AIRFLOW_CTX_TASK_ID='waiting_for_data' AIRFLOW_CTX_EXECUTION_DATE='2023-05-23T00:00:00+00:00' AIRFLOW_CTX_TRY_NUMBER='1' AIRFLOW_CTX_DAG_RUN_ID='scheduled__2023-05-23T00:00:00+00:00'
[2023-10-18T11:51:23.104+0000] {base.py:73} INFO - Using connection ID 'fs_default' for task execution.
[2023-10-18T11:51:23.105+0000] {filesystem.py:64} INFO - Poking for file /opt/in/tiktok_google_play_reviews.csv
[2023-10-18T11:51:23.105+0000] {filesystem.py:69} INFO - Found File /opt/in/tiktok_google_play_reviews.csv last modified: 20220405221612
[2023-10-18T11:51:23.105+0000] {base.py:287} INFO - Success criteria met. Exiting.
[2023-10-18T11:51:23.155+0000] {taskinstance.py:1400} INFO - Marking task as SUCCESS. dag_id=copy_tranform_to_mongo, task_id=waiting_for_data, execution_date=20230523T000000, start_date=20231018T115122, end_date=20231018T115123
[2023-10-18T11:51:23.209+0000] {local_task_job_runner.py:228} INFO - Task exited with return code 0
[2023-10-18T11:51:23.259+0000] {taskinstance.py:2778} INFO - 1 downstream tasks scheduled from follow-on schedule check
