[2023-10-17T11:26:34.011+0000] {taskinstance.py:1159} INFO - Dependencies all met for dep_context=non-requeueable deps ti=<TaskInstance: copy_tranform_to_mongo.waiting_for_data scheduled__2023-06-27T00:00:00+00:00 [queued]>
[2023-10-17T11:26:34.016+0000] {taskinstance.py:1159} INFO - Dependencies all met for dep_context=requeueable deps ti=<TaskInstance: copy_tranform_to_mongo.waiting_for_data scheduled__2023-06-27T00:00:00+00:00 [queued]>
[2023-10-17T11:26:34.016+0000] {taskinstance.py:1361} INFO - Starting attempt 1 of 1
[2023-10-17T11:26:34.024+0000] {taskinstance.py:1382} INFO - Executing <Task(FileSensor): waiting_for_data> on 2023-06-27 00:00:00+00:00
[2023-10-17T11:26:34.029+0000] {standard_task_runner.py:57} INFO - Started process 2350 to run task
[2023-10-17T11:26:34.030+0000] {standard_task_runner.py:84} INFO - Running: ['***', 'tasks', 'run', 'copy_tranform_to_mongo', 'waiting_for_data', 'scheduled__2023-06-27T00:00:00+00:00', '--job-id', '912', '--raw', '--subdir', 'DAGS_FOLDER/file_***-mongo.py', '--cfg-path', '/tmp/tmpicxcjiak']
[2023-10-17T11:26:34.031+0000] {standard_task_runner.py:85} INFO - Job 912: Subtask waiting_for_data
[2023-10-17T11:26:34.062+0000] {task_command.py:416} INFO - Running <TaskInstance: copy_tranform_to_mongo.waiting_for_data scheduled__2023-06-27T00:00:00+00:00 [running]> on host 238c1d4ff767
[2023-10-17T11:26:34.114+0000] {taskinstance.py:1662} INFO - Exporting env vars: AIRFLOW_CTX_DAG_OWNER='***' AIRFLOW_CTX_DAG_ID='copy_tranform_to_mongo' AIRFLOW_CTX_TASK_ID='waiting_for_data' AIRFLOW_CTX_EXECUTION_DATE='2023-06-27T00:00:00+00:00' AIRFLOW_CTX_TRY_NUMBER='1' AIRFLOW_CTX_DAG_RUN_ID='scheduled__2023-06-27T00:00:00+00:00'
[2023-10-17T11:26:34.121+0000] {base.py:73} INFO - Using connection ID 'fs_default' for task execution.
[2023-10-17T11:26:34.122+0000] {filesystem.py:64} INFO - Poking for file /opt/in/tiktok_google_play_reviews.csv
[2023-10-17T11:26:34.122+0000] {filesystem.py:69} INFO - Found File /opt/in/tiktok_google_play_reviews.csv last modified: 20220405221612
[2023-10-17T11:26:34.122+0000] {base.py:287} INFO - Success criteria met. Exiting.
[2023-10-17T11:26:34.128+0000] {taskinstance.py:1400} INFO - Marking task as SUCCESS. dag_id=copy_tranform_to_mongo, task_id=waiting_for_data, execution_date=20230627T000000, start_date=20231017T112634, end_date=20231017T112634
[2023-10-17T11:26:34.162+0000] {local_task_job_runner.py:228} INFO - Task exited with return code 0
[2023-10-17T11:26:34.186+0000] {taskinstance.py:2778} INFO - 0 downstream tasks scheduled from follow-on schedule check
[2023-10-18T11:51:44.927+0000] {taskinstance.py:1159} INFO - Dependencies all met for dep_context=non-requeueable deps ti=<TaskInstance: copy_tranform_to_mongo.waiting_for_data scheduled__2023-06-27T00:00:00+00:00 [queued]>
[2023-10-18T11:51:44.938+0000] {taskinstance.py:1159} INFO - Dependencies all met for dep_context=requeueable deps ti=<TaskInstance: copy_tranform_to_mongo.waiting_for_data scheduled__2023-06-27T00:00:00+00:00 [queued]>
[2023-10-18T11:51:44.939+0000] {taskinstance.py:1361} INFO - Starting attempt 1 of 1
[2023-10-18T11:51:44.954+0000] {taskinstance.py:1382} INFO - Executing <Task(FileSensor): waiting_for_data> on 2023-06-27 00:00:00+00:00
[2023-10-18T11:51:44.962+0000] {standard_task_runner.py:57} INFO - Started process 4205 to run task
[2023-10-18T11:51:44.965+0000] {standard_task_runner.py:84} INFO - Running: ['***', 'tasks', 'run', 'copy_tranform_to_mongo', 'waiting_for_data', 'scheduled__2023-06-27T00:00:00+00:00', '--job-id', '1775', '--raw', '--subdir', 'DAGS_FOLDER/file_***-mongo.py', '--cfg-path', '/tmp/tmpy5smm2lx']
[2023-10-18T11:51:44.966+0000] {standard_task_runner.py:85} INFO - Job 1775: Subtask waiting_for_data
[2023-10-18T11:51:45.013+0000] {task_command.py:416} INFO - Running <TaskInstance: copy_tranform_to_mongo.waiting_for_data scheduled__2023-06-27T00:00:00+00:00 [running]> on host 0e68aa52dfc7
[2023-10-18T11:51:45.128+0000] {taskinstance.py:1662} INFO - Exporting env vars: AIRFLOW_CTX_DAG_OWNER='***' AIRFLOW_CTX_DAG_ID='copy_tranform_to_mongo' AIRFLOW_CTX_TASK_ID='waiting_for_data' AIRFLOW_CTX_EXECUTION_DATE='2023-06-27T00:00:00+00:00' AIRFLOW_CTX_TRY_NUMBER='1' AIRFLOW_CTX_DAG_RUN_ID='scheduled__2023-06-27T00:00:00+00:00'
[2023-10-18T11:51:45.144+0000] {base.py:73} INFO - Using connection ID 'fs_default' for task execution.
[2023-10-18T11:51:45.145+0000] {filesystem.py:64} INFO - Poking for file /opt/in/tiktok_google_play_reviews.csv
[2023-10-18T11:51:45.146+0000] {filesystem.py:69} INFO - Found File /opt/in/tiktok_google_play_reviews.csv last modified: 20220405221612
[2023-10-18T11:51:45.146+0000] {base.py:287} INFO - Success criteria met. Exiting.
[2023-10-18T11:51:45.166+0000] {taskinstance.py:1400} INFO - Marking task as SUCCESS. dag_id=copy_tranform_to_mongo, task_id=waiting_for_data, execution_date=20230627T000000, start_date=20231018T115144, end_date=20231018T115145
[2023-10-18T11:51:45.220+0000] {local_task_job_runner.py:228} INFO - Task exited with return code 0
[2023-10-18T11:51:45.269+0000] {taskinstance.py:2778} INFO - 1 downstream tasks scheduled from follow-on schedule check
