[2023-10-17T11:27:13.889+0000] {taskinstance.py:1159} INFO - Dependencies all met for dep_context=non-requeueable deps ti=<TaskInstance: copy_tranform_to_mongo.waiting_for_data scheduled__2023-09-04T00:00:00+00:00 [queued]>
[2023-10-17T11:27:13.901+0000] {taskinstance.py:1159} INFO - Dependencies all met for dep_context=requeueable deps ti=<TaskInstance: copy_tranform_to_mongo.waiting_for_data scheduled__2023-09-04T00:00:00+00:00 [queued]>
[2023-10-17T11:27:13.902+0000] {taskinstance.py:1361} INFO - Starting attempt 1 of 1
[2023-10-17T11:27:13.918+0000] {taskinstance.py:1382} INFO - Executing <Task(FileSensor): waiting_for_data> on 2023-09-04 00:00:00+00:00
[2023-10-17T11:27:13.926+0000] {standard_task_runner.py:57} INFO - Started process 2506 to run task
[2023-10-17T11:27:13.929+0000] {standard_task_runner.py:84} INFO - Running: ['***', 'tasks', 'run', 'copy_tranform_to_mongo', 'waiting_for_data', 'scheduled__2023-09-04T00:00:00+00:00', '--job-id', '981', '--raw', '--subdir', 'DAGS_FOLDER/file_***-mongo.py', '--cfg-path', '/tmp/tmpzqg2q4o2']
[2023-10-17T11:27:13.930+0000] {standard_task_runner.py:85} INFO - Job 981: Subtask waiting_for_data
[2023-10-17T11:27:13.971+0000] {task_command.py:416} INFO - Running <TaskInstance: copy_tranform_to_mongo.waiting_for_data scheduled__2023-09-04T00:00:00+00:00 [running]> on host 238c1d4ff767
[2023-10-17T11:27:14.058+0000] {taskinstance.py:1662} INFO - Exporting env vars: AIRFLOW_CTX_DAG_OWNER='***' AIRFLOW_CTX_DAG_ID='copy_tranform_to_mongo' AIRFLOW_CTX_TASK_ID='waiting_for_data' AIRFLOW_CTX_EXECUTION_DATE='2023-09-04T00:00:00+00:00' AIRFLOW_CTX_TRY_NUMBER='1' AIRFLOW_CTX_DAG_RUN_ID='scheduled__2023-09-04T00:00:00+00:00'
[2023-10-17T11:27:14.072+0000] {base.py:73} INFO - Using connection ID 'fs_default' for task execution.
[2023-10-17T11:27:14.073+0000] {filesystem.py:64} INFO - Poking for file /opt/in/tiktok_google_play_reviews.csv
[2023-10-17T11:27:14.073+0000] {filesystem.py:69} INFO - Found File /opt/in/tiktok_google_play_reviews.csv last modified: 20220405221612
[2023-10-17T11:27:14.073+0000] {base.py:287} INFO - Success criteria met. Exiting.
[2023-10-17T11:27:14.084+0000] {taskinstance.py:1400} INFO - Marking task as SUCCESS. dag_id=copy_tranform_to_mongo, task_id=waiting_for_data, execution_date=20230904T000000, start_date=20231017T112713, end_date=20231017T112714
[2023-10-17T11:27:14.143+0000] {local_task_job_runner.py:228} INFO - Task exited with return code 0
[2023-10-17T11:27:14.161+0000] {taskinstance.py:2778} INFO - 0 downstream tasks scheduled from follow-on schedule check
[2023-10-18T11:52:25.890+0000] {taskinstance.py:1159} INFO - Dependencies all met for dep_context=non-requeueable deps ti=<TaskInstance: copy_tranform_to_mongo.waiting_for_data scheduled__2023-09-04T00:00:00+00:00 [queued]>
[2023-10-18T11:52:25.899+0000] {taskinstance.py:1159} INFO - Dependencies all met for dep_context=requeueable deps ti=<TaskInstance: copy_tranform_to_mongo.waiting_for_data scheduled__2023-09-04T00:00:00+00:00 [queued]>
[2023-10-18T11:52:25.899+0000] {taskinstance.py:1361} INFO - Starting attempt 1 of 1
[2023-10-18T11:52:25.914+0000] {taskinstance.py:1382} INFO - Executing <Task(FileSensor): waiting_for_data> on 2023-09-04 00:00:00+00:00
[2023-10-18T11:52:25.922+0000] {standard_task_runner.py:57} INFO - Started process 4498 to run task
[2023-10-18T11:52:25.927+0000] {standard_task_runner.py:84} INFO - Running: ['***', 'tasks', 'run', 'copy_tranform_to_mongo', 'waiting_for_data', 'scheduled__2023-09-04T00:00:00+00:00', '--job-id', '1914', '--raw', '--subdir', 'DAGS_FOLDER/file_***-mongo.py', '--cfg-path', '/tmp/tmpj9cpn0tc']
[2023-10-18T11:52:25.929+0000] {standard_task_runner.py:85} INFO - Job 1914: Subtask waiting_for_data
[2023-10-18T11:52:25.987+0000] {task_command.py:416} INFO - Running <TaskInstance: copy_tranform_to_mongo.waiting_for_data scheduled__2023-09-04T00:00:00+00:00 [running]> on host 0e68aa52dfc7
[2023-10-18T11:52:26.071+0000] {taskinstance.py:1662} INFO - Exporting env vars: AIRFLOW_CTX_DAG_OWNER='***' AIRFLOW_CTX_DAG_ID='copy_tranform_to_mongo' AIRFLOW_CTX_TASK_ID='waiting_for_data' AIRFLOW_CTX_EXECUTION_DATE='2023-09-04T00:00:00+00:00' AIRFLOW_CTX_TRY_NUMBER='1' AIRFLOW_CTX_DAG_RUN_ID='scheduled__2023-09-04T00:00:00+00:00'
[2023-10-18T11:52:26.080+0000] {base.py:73} INFO - Using connection ID 'fs_default' for task execution.
[2023-10-18T11:52:26.080+0000] {filesystem.py:64} INFO - Poking for file /opt/in/tiktok_google_play_reviews.csv
[2023-10-18T11:52:26.081+0000] {filesystem.py:69} INFO - Found File /opt/in/tiktok_google_play_reviews.csv last modified: 20220405221612
[2023-10-18T11:52:26.081+0000] {base.py:287} INFO - Success criteria met. Exiting.
[2023-10-18T11:52:26.088+0000] {taskinstance.py:1400} INFO - Marking task as SUCCESS. dag_id=copy_tranform_to_mongo, task_id=waiting_for_data, execution_date=20230904T000000, start_date=20231018T115225, end_date=20231018T115226
[2023-10-18T11:52:26.112+0000] {local_task_job_runner.py:228} INFO - Task exited with return code 0
[2023-10-18T11:52:26.167+0000] {taskinstance.py:2778} INFO - 0 downstream tasks scheduled from follow-on schedule check
