[2023-10-17T11:20:13.672+0000] {taskinstance.py:1159} INFO - Dependencies all met for dep_context=non-requeueable deps ti=<TaskInstance: copy_tranform_to_mongo.waiting_for_data scheduled__2021-08-11T00:00:00+00:00 [queued]>
[2023-10-17T11:20:13.682+0000] {taskinstance.py:1159} INFO - Dependencies all met for dep_context=requeueable deps ti=<TaskInstance: copy_tranform_to_mongo.waiting_for_data scheduled__2021-08-11T00:00:00+00:00 [queued]>
[2023-10-17T11:20:13.683+0000] {taskinstance.py:1361} INFO - Starting attempt 1 of 1
[2023-10-17T11:20:13.699+0000] {taskinstance.py:1382} INFO - Executing <Task(FileSensor): waiting_for_data> on 2021-08-11 00:00:00+00:00
[2023-10-17T11:20:13.708+0000] {standard_task_runner.py:57} INFO - Started process 888 to run task
[2023-10-17T11:20:13.710+0000] {standard_task_runner.py:84} INFO - Running: ['***', 'tasks', 'run', 'copy_tranform_to_mongo', 'waiting_for_data', 'scheduled__2021-08-11T00:00:00+00:00', '--job-id', '227', '--raw', '--subdir', 'DAGS_FOLDER/file_***-mongo.py', '--cfg-path', '/tmp/tmpjzp5iidk']
[2023-10-17T11:20:13.711+0000] {standard_task_runner.py:85} INFO - Job 227: Subtask waiting_for_data
[2023-10-17T11:20:13.758+0000] {task_command.py:416} INFO - Running <TaskInstance: copy_tranform_to_mongo.waiting_for_data scheduled__2021-08-11T00:00:00+00:00 [running]> on host 238c1d4ff767
[2023-10-17T11:20:13.841+0000] {taskinstance.py:1662} INFO - Exporting env vars: AIRFLOW_CTX_DAG_OWNER='***' AIRFLOW_CTX_DAG_ID='copy_tranform_to_mongo' AIRFLOW_CTX_TASK_ID='waiting_for_data' AIRFLOW_CTX_EXECUTION_DATE='2021-08-11T00:00:00+00:00' AIRFLOW_CTX_TRY_NUMBER='1' AIRFLOW_CTX_DAG_RUN_ID='scheduled__2021-08-11T00:00:00+00:00'
[2023-10-17T11:20:13.850+0000] {base.py:73} INFO - Using connection ID 'fs_default' for task execution.
[2023-10-17T11:20:13.850+0000] {filesystem.py:64} INFO - Poking for file /opt/in/tiktok_google_play_reviews.csv
[2023-10-17T11:20:13.850+0000] {filesystem.py:69} INFO - Found File /opt/in/tiktok_google_play_reviews.csv last modified: 20220405221612
[2023-10-17T11:20:13.851+0000] {base.py:287} INFO - Success criteria met. Exiting.
[2023-10-17T11:20:13.860+0000] {taskinstance.py:1400} INFO - Marking task as SUCCESS. dag_id=copy_tranform_to_mongo, task_id=waiting_for_data, execution_date=20210811T000000, start_date=20231017T112013, end_date=20231017T112013
[2023-10-17T11:20:13.884+0000] {local_task_job_runner.py:228} INFO - Task exited with return code 0
[2023-10-17T11:20:13.936+0000] {taskinstance.py:2778} INFO - 0 downstream tasks scheduled from follow-on schedule check
[2023-10-18T10:47:57.235+0000] {taskinstance.py:1159} INFO - Dependencies all met for dep_context=non-requeueable deps ti=<TaskInstance: copy_tranform_to_mongo.waiting_for_data scheduled__2021-08-11T00:00:00+00:00 [queued]>
[2023-10-18T10:47:57.246+0000] {taskinstance.py:1159} INFO - Dependencies all met for dep_context=requeueable deps ti=<TaskInstance: copy_tranform_to_mongo.waiting_for_data scheduled__2021-08-11T00:00:00+00:00 [queued]>
[2023-10-18T10:47:57.246+0000] {taskinstance.py:1361} INFO - Starting attempt 1 of 1
[2023-10-18T10:47:57.263+0000] {taskinstance.py:1382} INFO - Executing <Task(FileSensor): waiting_for_data> on 2021-08-11 00:00:00+00:00
[2023-10-18T10:47:57.270+0000] {standard_task_runner.py:57} INFO - Started process 1960 to run task
[2023-10-18T10:47:57.274+0000] {standard_task_runner.py:84} INFO - Running: ['***', 'tasks', 'run', 'copy_tranform_to_mongo', 'waiting_for_data', 'scheduled__2021-08-11T00:00:00+00:00', '--job-id', '248', '--raw', '--subdir', 'DAGS_FOLDER/file_***-mongo.py', '--cfg-path', '/tmp/tmpqjc6x789']
[2023-10-18T10:47:57.276+0000] {standard_task_runner.py:85} INFO - Job 248: Subtask waiting_for_data
[2023-10-18T10:47:57.326+0000] {task_command.py:416} INFO - Running <TaskInstance: copy_tranform_to_mongo.waiting_for_data scheduled__2021-08-11T00:00:00+00:00 [running]> on host 2473b23ba069
[2023-10-18T10:47:57.389+0000] {taskinstance.py:1662} INFO - Exporting env vars: AIRFLOW_CTX_DAG_OWNER='***' AIRFLOW_CTX_DAG_ID='copy_tranform_to_mongo' AIRFLOW_CTX_TASK_ID='waiting_for_data' AIRFLOW_CTX_EXECUTION_DATE='2021-08-11T00:00:00+00:00' AIRFLOW_CTX_TRY_NUMBER='1' AIRFLOW_CTX_DAG_RUN_ID='scheduled__2021-08-11T00:00:00+00:00'
[2023-10-18T10:47:57.399+0000] {base.py:73} INFO - Using connection ID 'fs_default' for task execution.
[2023-10-18T10:47:57.400+0000] {filesystem.py:64} INFO - Poking for file /opt/in/tiktok_google_play_reviews.csv
[2023-10-18T10:47:57.400+0000] {filesystem.py:69} INFO - Found File /opt/in/tiktok_google_play_reviews.csv last modified: 20220405221612
[2023-10-18T10:47:57.400+0000] {base.py:287} INFO - Success criteria met. Exiting.
[2023-10-18T10:47:57.410+0000] {taskinstance.py:1400} INFO - Marking task as SUCCESS. dag_id=copy_tranform_to_mongo, task_id=waiting_for_data, execution_date=20210811T000000, start_date=20231018T104757, end_date=20231018T104757
[2023-10-18T10:47:57.446+0000] {local_task_job_runner.py:228} INFO - Task exited with return code 0
[2023-10-18T10:47:57.471+0000] {taskinstance.py:2778} INFO - 1 downstream tasks scheduled from follow-on schedule check
[2023-10-18T11:44:31.496+0000] {taskinstance.py:1159} INFO - Dependencies all met for dep_context=non-requeueable deps ti=<TaskInstance: copy_tranform_to_mongo.waiting_for_data scheduled__2021-08-11T00:00:00+00:00 [queued]>
[2023-10-18T11:44:31.505+0000] {taskinstance.py:1159} INFO - Dependencies all met for dep_context=requeueable deps ti=<TaskInstance: copy_tranform_to_mongo.waiting_for_data scheduled__2021-08-11T00:00:00+00:00 [queued]>
[2023-10-18T11:44:31.506+0000] {taskinstance.py:1361} INFO - Starting attempt 1 of 1
[2023-10-18T11:44:31.520+0000] {taskinstance.py:1382} INFO - Executing <Task(FileSensor): waiting_for_data> on 2021-08-11 00:00:00+00:00
[2023-10-18T11:44:31.530+0000] {standard_task_runner.py:57} INFO - Started process 1367 to run task
[2023-10-18T11:44:31.533+0000] {standard_task_runner.py:84} INFO - Running: ['***', 'tasks', 'run', 'copy_tranform_to_mongo', 'waiting_for_data', 'scheduled__2021-08-11T00:00:00+00:00', '--job-id', '409', '--raw', '--subdir', 'DAGS_FOLDER/file_***-mongo.py', '--cfg-path', '/tmp/tmpof1zs9vk']
[2023-10-18T11:44:31.534+0000] {standard_task_runner.py:85} INFO - Job 409: Subtask waiting_for_data
[2023-10-18T11:44:31.584+0000] {task_command.py:416} INFO - Running <TaskInstance: copy_tranform_to_mongo.waiting_for_data scheduled__2021-08-11T00:00:00+00:00 [running]> on host 0e68aa52dfc7
[2023-10-18T11:44:31.664+0000] {taskinstance.py:1662} INFO - Exporting env vars: AIRFLOW_CTX_DAG_OWNER='***' AIRFLOW_CTX_DAG_ID='copy_tranform_to_mongo' AIRFLOW_CTX_TASK_ID='waiting_for_data' AIRFLOW_CTX_EXECUTION_DATE='2021-08-11T00:00:00+00:00' AIRFLOW_CTX_TRY_NUMBER='1' AIRFLOW_CTX_DAG_RUN_ID='scheduled__2021-08-11T00:00:00+00:00'
[2023-10-18T11:44:31.675+0000] {base.py:73} INFO - Using connection ID 'fs_default' for task execution.
[2023-10-18T11:44:31.676+0000] {filesystem.py:64} INFO - Poking for file /opt/in/tiktok_google_play_reviews.csv
[2023-10-18T11:44:31.677+0000] {filesystem.py:69} INFO - Found File /opt/in/tiktok_google_play_reviews.csv last modified: 20220405221612
[2023-10-18T11:44:31.677+0000] {base.py:287} INFO - Success criteria met. Exiting.
[2023-10-18T11:44:31.687+0000] {taskinstance.py:1400} INFO - Marking task as SUCCESS. dag_id=copy_tranform_to_mongo, task_id=waiting_for_data, execution_date=20210811T000000, start_date=20231018T114431, end_date=20231018T114431
[2023-10-18T11:44:31.745+0000] {local_task_job_runner.py:228} INFO - Task exited with return code 0
[2023-10-18T11:44:31.782+0000] {taskinstance.py:2778} INFO - 1 downstream tasks scheduled from follow-on schedule check
