[2023-10-17T11:25:40.648+0000] {taskinstance.py:1159} INFO - Dependencies all met for dep_context=non-requeueable deps ti=<TaskInstance: copy_tranform_to_mongo.waiting_for_data scheduled__2023-04-22T00:00:00+00:00 [queued]>
[2023-10-17T11:25:40.659+0000] {taskinstance.py:1159} INFO - Dependencies all met for dep_context=requeueable deps ti=<TaskInstance: copy_tranform_to_mongo.waiting_for_data scheduled__2023-04-22T00:00:00+00:00 [queued]>
[2023-10-17T11:25:40.659+0000] {taskinstance.py:1361} INFO - Starting attempt 1 of 1
[2023-10-17T11:25:40.678+0000] {taskinstance.py:1382} INFO - Executing <Task(FileSensor): waiting_for_data> on 2023-04-22 00:00:00+00:00
[2023-10-17T11:25:40.684+0000] {standard_task_runner.py:57} INFO - Started process 2212 to run task
[2023-10-17T11:25:40.687+0000] {standard_task_runner.py:84} INFO - Running: ['***', 'tasks', 'run', 'copy_tranform_to_mongo', 'waiting_for_data', 'scheduled__2023-04-22T00:00:00+00:00', '--job-id', '846', '--raw', '--subdir', 'DAGS_FOLDER/file_***-mongo.py', '--cfg-path', '/tmp/tmpipei0lde']
[2023-10-17T11:25:40.688+0000] {standard_task_runner.py:85} INFO - Job 846: Subtask waiting_for_data
[2023-10-17T11:25:40.726+0000] {task_command.py:416} INFO - Running <TaskInstance: copy_tranform_to_mongo.waiting_for_data scheduled__2023-04-22T00:00:00+00:00 [running]> on host 238c1d4ff767
[2023-10-17T11:25:40.790+0000] {taskinstance.py:1662} INFO - Exporting env vars: AIRFLOW_CTX_DAG_OWNER='***' AIRFLOW_CTX_DAG_ID='copy_tranform_to_mongo' AIRFLOW_CTX_TASK_ID='waiting_for_data' AIRFLOW_CTX_EXECUTION_DATE='2023-04-22T00:00:00+00:00' AIRFLOW_CTX_TRY_NUMBER='1' AIRFLOW_CTX_DAG_RUN_ID='scheduled__2023-04-22T00:00:00+00:00'
[2023-10-17T11:25:40.796+0000] {base.py:73} INFO - Using connection ID 'fs_default' for task execution.
[2023-10-17T11:25:40.797+0000] {filesystem.py:64} INFO - Poking for file /opt/in/tiktok_google_play_reviews.csv
[2023-10-17T11:25:40.797+0000] {filesystem.py:69} INFO - Found File /opt/in/tiktok_google_play_reviews.csv last modified: 20220405221612
[2023-10-17T11:25:40.797+0000] {base.py:287} INFO - Success criteria met. Exiting.
[2023-10-17T11:25:40.804+0000] {taskinstance.py:1400} INFO - Marking task as SUCCESS. dag_id=copy_tranform_to_mongo, task_id=waiting_for_data, execution_date=20230422T000000, start_date=20231017T112540, end_date=20231017T112540
[2023-10-17T11:25:40.818+0000] {local_task_job_runner.py:228} INFO - Task exited with return code 0
[2023-10-17T11:25:40.830+0000] {taskinstance.py:2778} INFO - 0 downstream tasks scheduled from follow-on schedule check
[2023-10-18T11:51:05.675+0000] {taskinstance.py:1159} INFO - Dependencies all met for dep_context=non-requeueable deps ti=<TaskInstance: copy_tranform_to_mongo.waiting_for_data scheduled__2023-04-22T00:00:00+00:00 [queued]>
[2023-10-18T11:51:05.684+0000] {taskinstance.py:1159} INFO - Dependencies all met for dep_context=requeueable deps ti=<TaskInstance: copy_tranform_to_mongo.waiting_for_data scheduled__2023-04-22T00:00:00+00:00 [queued]>
[2023-10-18T11:51:05.684+0000] {taskinstance.py:1361} INFO - Starting attempt 1 of 1
[2023-10-18T11:51:05.701+0000] {taskinstance.py:1382} INFO - Executing <Task(FileSensor): waiting_for_data> on 2023-04-22 00:00:00+00:00
[2023-10-18T11:51:05.710+0000] {standard_task_runner.py:57} INFO - Started process 3940 to run task
[2023-10-18T11:51:05.712+0000] {standard_task_runner.py:84} INFO - Running: ['***', 'tasks', 'run', 'copy_tranform_to_mongo', 'waiting_for_data', 'scheduled__2023-04-22T00:00:00+00:00', '--job-id', '1647', '--raw', '--subdir', 'DAGS_FOLDER/file_***-mongo.py', '--cfg-path', '/tmp/tmpi3ot9acf']
[2023-10-18T11:51:05.714+0000] {standard_task_runner.py:85} INFO - Job 1647: Subtask waiting_for_data
[2023-10-18T11:51:05.767+0000] {task_command.py:416} INFO - Running <TaskInstance: copy_tranform_to_mongo.waiting_for_data scheduled__2023-04-22T00:00:00+00:00 [running]> on host 0e68aa52dfc7
[2023-10-18T11:51:05.843+0000] {taskinstance.py:1662} INFO - Exporting env vars: AIRFLOW_CTX_DAG_OWNER='***' AIRFLOW_CTX_DAG_ID='copy_tranform_to_mongo' AIRFLOW_CTX_TASK_ID='waiting_for_data' AIRFLOW_CTX_EXECUTION_DATE='2023-04-22T00:00:00+00:00' AIRFLOW_CTX_TRY_NUMBER='1' AIRFLOW_CTX_DAG_RUN_ID='scheduled__2023-04-22T00:00:00+00:00'
[2023-10-18T11:51:05.851+0000] {base.py:73} INFO - Using connection ID 'fs_default' for task execution.
[2023-10-18T11:51:05.852+0000] {filesystem.py:64} INFO - Poking for file /opt/in/tiktok_google_play_reviews.csv
[2023-10-18T11:51:05.852+0000] {filesystem.py:69} INFO - Found File /opt/in/tiktok_google_play_reviews.csv last modified: 20220405221612
[2023-10-18T11:51:05.853+0000] {base.py:287} INFO - Success criteria met. Exiting.
[2023-10-18T11:51:05.864+0000] {taskinstance.py:1400} INFO - Marking task as SUCCESS. dag_id=copy_tranform_to_mongo, task_id=waiting_for_data, execution_date=20230422T000000, start_date=20231018T115105, end_date=20231018T115105
[2023-10-18T11:51:05.927+0000] {local_task_job_runner.py:228} INFO - Task exited with return code 0
[2023-10-18T11:51:05.964+0000] {taskinstance.py:2778} INFO - 0 downstream tasks scheduled from follow-on schedule check
