[2023-10-17T11:27:06.225+0000] {taskinstance.py:1159} INFO - Dependencies all met for dep_context=non-requeueable deps ti=<TaskInstance: copy_tranform_to_mongo.waiting_for_data scheduled__2023-08-18T00:00:00+00:00 [queued]>
[2023-10-17T11:27:06.235+0000] {taskinstance.py:1159} INFO - Dependencies all met for dep_context=requeueable deps ti=<TaskInstance: copy_tranform_to_mongo.waiting_for_data scheduled__2023-08-18T00:00:00+00:00 [queued]>
[2023-10-17T11:27:06.236+0000] {taskinstance.py:1361} INFO - Starting attempt 1 of 1
[2023-10-17T11:27:06.273+0000] {taskinstance.py:1382} INFO - Executing <Task(FileSensor): waiting_for_data> on 2023-08-18 00:00:00+00:00
[2023-10-17T11:27:06.280+0000] {standard_task_runner.py:57} INFO - Started process 2464 to run task
[2023-10-17T11:27:06.283+0000] {standard_task_runner.py:84} INFO - Running: ['***', 'tasks', 'run', 'copy_tranform_to_mongo', 'waiting_for_data', 'scheduled__2023-08-18T00:00:00+00:00', '--job-id', '964', '--raw', '--subdir', 'DAGS_FOLDER/file_***-mongo.py', '--cfg-path', '/tmp/tmpgha8mgmg']
[2023-10-17T11:27:06.284+0000] {standard_task_runner.py:85} INFO - Job 964: Subtask waiting_for_data
[2023-10-17T11:27:06.318+0000] {task_command.py:416} INFO - Running <TaskInstance: copy_tranform_to_mongo.waiting_for_data scheduled__2023-08-18T00:00:00+00:00 [running]> on host 238c1d4ff767
[2023-10-17T11:27:06.383+0000] {taskinstance.py:1662} INFO - Exporting env vars: AIRFLOW_CTX_DAG_OWNER='***' AIRFLOW_CTX_DAG_ID='copy_tranform_to_mongo' AIRFLOW_CTX_TASK_ID='waiting_for_data' AIRFLOW_CTX_EXECUTION_DATE='2023-08-18T00:00:00+00:00' AIRFLOW_CTX_TRY_NUMBER='1' AIRFLOW_CTX_DAG_RUN_ID='scheduled__2023-08-18T00:00:00+00:00'
[2023-10-17T11:27:06.391+0000] {base.py:73} INFO - Using connection ID 'fs_default' for task execution.
[2023-10-17T11:27:06.391+0000] {filesystem.py:64} INFO - Poking for file /opt/in/tiktok_google_play_reviews.csv
[2023-10-17T11:27:06.391+0000] {filesystem.py:69} INFO - Found File /opt/in/tiktok_google_play_reviews.csv last modified: 20220405221612
[2023-10-17T11:27:06.391+0000] {base.py:287} INFO - Success criteria met. Exiting.
[2023-10-17T11:27:06.399+0000] {taskinstance.py:1400} INFO - Marking task as SUCCESS. dag_id=copy_tranform_to_mongo, task_id=waiting_for_data, execution_date=20230818T000000, start_date=20231017T112706, end_date=20231017T112706
[2023-10-17T11:27:06.455+0000] {local_task_job_runner.py:228} INFO - Task exited with return code 0
[2023-10-17T11:27:06.471+0000] {taskinstance.py:2778} INFO - 0 downstream tasks scheduled from follow-on schedule check
[2023-10-18T11:52:16.164+0000] {taskinstance.py:1159} INFO - Dependencies all met for dep_context=non-requeueable deps ti=<TaskInstance: copy_tranform_to_mongo.waiting_for_data scheduled__2023-08-18T00:00:00+00:00 [queued]>
[2023-10-18T11:52:16.181+0000] {taskinstance.py:1159} INFO - Dependencies all met for dep_context=requeueable deps ti=<TaskInstance: copy_tranform_to_mongo.waiting_for_data scheduled__2023-08-18T00:00:00+00:00 [queued]>
[2023-10-18T11:52:16.182+0000] {taskinstance.py:1361} INFO - Starting attempt 1 of 1
[2023-10-18T11:52:16.200+0000] {taskinstance.py:1382} INFO - Executing <Task(FileSensor): waiting_for_data> on 2023-08-18 00:00:00+00:00
[2023-10-18T11:52:16.214+0000] {standard_task_runner.py:57} INFO - Started process 4421 to run task
[2023-10-18T11:52:16.216+0000] {standard_task_runner.py:84} INFO - Running: ['***', 'tasks', 'run', 'copy_tranform_to_mongo', 'waiting_for_data', 'scheduled__2023-08-18T00:00:00+00:00', '--job-id', '1879', '--raw', '--subdir', 'DAGS_FOLDER/file_***-mongo.py', '--cfg-path', '/tmp/tmp0pz4oo_k']
[2023-10-18T11:52:16.217+0000] {standard_task_runner.py:85} INFO - Job 1879: Subtask waiting_for_data
[2023-10-18T11:52:16.290+0000] {task_command.py:416} INFO - Running <TaskInstance: copy_tranform_to_mongo.waiting_for_data scheduled__2023-08-18T00:00:00+00:00 [running]> on host 0e68aa52dfc7
[2023-10-18T11:52:16.453+0000] {taskinstance.py:1662} INFO - Exporting env vars: AIRFLOW_CTX_DAG_OWNER='***' AIRFLOW_CTX_DAG_ID='copy_tranform_to_mongo' AIRFLOW_CTX_TASK_ID='waiting_for_data' AIRFLOW_CTX_EXECUTION_DATE='2023-08-18T00:00:00+00:00' AIRFLOW_CTX_TRY_NUMBER='1' AIRFLOW_CTX_DAG_RUN_ID='scheduled__2023-08-18T00:00:00+00:00'
[2023-10-18T11:52:16.473+0000] {base.py:73} INFO - Using connection ID 'fs_default' for task execution.
[2023-10-18T11:52:16.474+0000] {filesystem.py:64} INFO - Poking for file /opt/in/tiktok_google_play_reviews.csv
[2023-10-18T11:52:16.474+0000] {filesystem.py:69} INFO - Found File /opt/in/tiktok_google_play_reviews.csv last modified: 20220405221612
[2023-10-18T11:52:16.475+0000] {base.py:287} INFO - Success criteria met. Exiting.
[2023-10-18T11:52:16.490+0000] {taskinstance.py:1400} INFO - Marking task as SUCCESS. dag_id=copy_tranform_to_mongo, task_id=waiting_for_data, execution_date=20230818T000000, start_date=20231018T115216, end_date=20231018T115216
[2023-10-18T11:52:16.560+0000] {local_task_job_runner.py:228} INFO - Task exited with return code 0
[2023-10-18T11:52:16.670+0000] {taskinstance.py:2778} INFO - 0 downstream tasks scheduled from follow-on schedule check
