[2023-10-17T11:20:24.024+0000] {taskinstance.py:1159} INFO - Dependencies all met for dep_context=non-requeueable deps ti=<TaskInstance: copy_tranform_to_mongo.waiting_for_data scheduled__2021-09-05T00:00:00+00:00 [queued]>
[2023-10-17T11:20:24.033+0000] {taskinstance.py:1159} INFO - Dependencies all met for dep_context=requeueable deps ti=<TaskInstance: copy_tranform_to_mongo.waiting_for_data scheduled__2021-09-05T00:00:00+00:00 [queued]>
[2023-10-17T11:20:24.033+0000] {taskinstance.py:1361} INFO - Starting attempt 1 of 1
[2023-10-17T11:20:24.054+0000] {taskinstance.py:1382} INFO - Executing <Task(FileSensor): waiting_for_data> on 2021-09-05 00:00:00+00:00
[2023-10-17T11:20:24.061+0000] {standard_task_runner.py:57} INFO - Started process 945 to run task
[2023-10-17T11:20:24.064+0000] {standard_task_runner.py:84} INFO - Running: ['***', 'tasks', 'run', 'copy_tranform_to_mongo', 'waiting_for_data', 'scheduled__2021-09-05T00:00:00+00:00', '--job-id', '252', '--raw', '--subdir', 'DAGS_FOLDER/file_***-mongo.py', '--cfg-path', '/tmp/tmpeeqlpdrq']
[2023-10-17T11:20:24.064+0000] {standard_task_runner.py:85} INFO - Job 252: Subtask waiting_for_data
[2023-10-17T11:20:24.109+0000] {task_command.py:416} INFO - Running <TaskInstance: copy_tranform_to_mongo.waiting_for_data scheduled__2021-09-05T00:00:00+00:00 [running]> on host 238c1d4ff767
[2023-10-17T11:20:24.186+0000] {taskinstance.py:1662} INFO - Exporting env vars: AIRFLOW_CTX_DAG_OWNER='***' AIRFLOW_CTX_DAG_ID='copy_tranform_to_mongo' AIRFLOW_CTX_TASK_ID='waiting_for_data' AIRFLOW_CTX_EXECUTION_DATE='2021-09-05T00:00:00+00:00' AIRFLOW_CTX_TRY_NUMBER='1' AIRFLOW_CTX_DAG_RUN_ID='scheduled__2021-09-05T00:00:00+00:00'
[2023-10-17T11:20:24.194+0000] {base.py:73} INFO - Using connection ID 'fs_default' for task execution.
[2023-10-17T11:20:24.195+0000] {filesystem.py:64} INFO - Poking for file /opt/in/tiktok_google_play_reviews.csv
[2023-10-17T11:20:24.195+0000] {filesystem.py:69} INFO - Found File /opt/in/tiktok_google_play_reviews.csv last modified: 20220405221612
[2023-10-17T11:20:24.195+0000] {base.py:287} INFO - Success criteria met. Exiting.
[2023-10-17T11:20:24.205+0000] {taskinstance.py:1400} INFO - Marking task as SUCCESS. dag_id=copy_tranform_to_mongo, task_id=waiting_for_data, execution_date=20210905T000000, start_date=20231017T112024, end_date=20231017T112024
[2023-10-17T11:20:24.235+0000] {local_task_job_runner.py:228} INFO - Task exited with return code 0
[2023-10-17T11:20:24.253+0000] {taskinstance.py:2778} INFO - 0 downstream tasks scheduled from follow-on schedule check
[2023-10-18T10:48:08.849+0000] {taskinstance.py:1159} INFO - Dependencies all met for dep_context=non-requeueable deps ti=<TaskInstance: copy_tranform_to_mongo.waiting_for_data scheduled__2021-09-05T00:00:00+00:00 [queued]>
[2023-10-18T10:48:08.862+0000] {taskinstance.py:1159} INFO - Dependencies all met for dep_context=requeueable deps ti=<TaskInstance: copy_tranform_to_mongo.waiting_for_data scheduled__2021-09-05T00:00:00+00:00 [queued]>
[2023-10-18T10:48:08.863+0000] {taskinstance.py:1361} INFO - Starting attempt 1 of 1
[2023-10-18T10:48:08.879+0000] {taskinstance.py:1382} INFO - Executing <Task(FileSensor): waiting_for_data> on 2021-09-05 00:00:00+00:00
[2023-10-18T10:48:08.886+0000] {standard_task_runner.py:57} INFO - Started process 2061 to run task
[2023-10-18T10:48:08.895+0000] {standard_task_runner.py:84} INFO - Running: ['***', 'tasks', 'run', 'copy_tranform_to_mongo', 'waiting_for_data', 'scheduled__2021-09-05T00:00:00+00:00', '--job-id', '294', '--raw', '--subdir', 'DAGS_FOLDER/file_***-mongo.py', '--cfg-path', '/tmp/tmpuodh72jq']
[2023-10-18T10:48:08.896+0000] {standard_task_runner.py:85} INFO - Job 294: Subtask waiting_for_data
[2023-10-18T10:48:09.011+0000] {task_command.py:416} INFO - Running <TaskInstance: copy_tranform_to_mongo.waiting_for_data scheduled__2021-09-05T00:00:00+00:00 [running]> on host 2473b23ba069
[2023-10-18T10:48:09.133+0000] {taskinstance.py:1662} INFO - Exporting env vars: AIRFLOW_CTX_DAG_OWNER='***' AIRFLOW_CTX_DAG_ID='copy_tranform_to_mongo' AIRFLOW_CTX_TASK_ID='waiting_for_data' AIRFLOW_CTX_EXECUTION_DATE='2021-09-05T00:00:00+00:00' AIRFLOW_CTX_TRY_NUMBER='1' AIRFLOW_CTX_DAG_RUN_ID='scheduled__2021-09-05T00:00:00+00:00'
[2023-10-18T10:48:09.144+0000] {base.py:73} INFO - Using connection ID 'fs_default' for task execution.
[2023-10-18T10:48:09.145+0000] {filesystem.py:64} INFO - Poking for file /opt/in/tiktok_google_play_reviews.csv
[2023-10-18T10:48:09.145+0000] {filesystem.py:69} INFO - Found File /opt/in/tiktok_google_play_reviews.csv last modified: 20220405221612
[2023-10-18T10:48:09.145+0000] {base.py:287} INFO - Success criteria met. Exiting.
[2023-10-18T10:48:09.157+0000] {taskinstance.py:1400} INFO - Marking task as SUCCESS. dag_id=copy_tranform_to_mongo, task_id=waiting_for_data, execution_date=20210905T000000, start_date=20231018T104808, end_date=20231018T104809
[2023-10-18T10:48:09.194+0000] {local_task_job_runner.py:228} INFO - Task exited with return code 0
[2023-10-18T10:48:09.229+0000] {taskinstance.py:2778} INFO - 1 downstream tasks scheduled from follow-on schedule check
[2023-10-18T11:44:44.922+0000] {taskinstance.py:1159} INFO - Dependencies all met for dep_context=non-requeueable deps ti=<TaskInstance: copy_tranform_to_mongo.waiting_for_data scheduled__2021-09-05T00:00:00+00:00 [queued]>
[2023-10-18T11:44:44.933+0000] {taskinstance.py:1159} INFO - Dependencies all met for dep_context=requeueable deps ti=<TaskInstance: copy_tranform_to_mongo.waiting_for_data scheduled__2021-09-05T00:00:00+00:00 [queued]>
[2023-10-18T11:44:44.933+0000] {taskinstance.py:1361} INFO - Starting attempt 1 of 1
[2023-10-18T11:44:44.948+0000] {taskinstance.py:1382} INFO - Executing <Task(FileSensor): waiting_for_data> on 2021-09-05 00:00:00+00:00
[2023-10-18T11:44:44.955+0000] {standard_task_runner.py:57} INFO - Started process 1464 to run task
[2023-10-18T11:44:44.958+0000] {standard_task_runner.py:84} INFO - Running: ['***', 'tasks', 'run', 'copy_tranform_to_mongo', 'waiting_for_data', 'scheduled__2021-09-05T00:00:00+00:00', '--job-id', '457', '--raw', '--subdir', 'DAGS_FOLDER/file_***-mongo.py', '--cfg-path', '/tmp/tmp19a6bio2']
[2023-10-18T11:44:44.959+0000] {standard_task_runner.py:85} INFO - Job 457: Subtask waiting_for_data
[2023-10-18T11:44:45.004+0000] {task_command.py:416} INFO - Running <TaskInstance: copy_tranform_to_mongo.waiting_for_data scheduled__2021-09-05T00:00:00+00:00 [running]> on host 0e68aa52dfc7
[2023-10-18T11:44:45.075+0000] {taskinstance.py:1662} INFO - Exporting env vars: AIRFLOW_CTX_DAG_OWNER='***' AIRFLOW_CTX_DAG_ID='copy_tranform_to_mongo' AIRFLOW_CTX_TASK_ID='waiting_for_data' AIRFLOW_CTX_EXECUTION_DATE='2021-09-05T00:00:00+00:00' AIRFLOW_CTX_TRY_NUMBER='1' AIRFLOW_CTX_DAG_RUN_ID='scheduled__2021-09-05T00:00:00+00:00'
[2023-10-18T11:44:45.087+0000] {base.py:73} INFO - Using connection ID 'fs_default' for task execution.
[2023-10-18T11:44:45.087+0000] {filesystem.py:64} INFO - Poking for file /opt/in/tiktok_google_play_reviews.csv
[2023-10-18T11:44:45.088+0000] {filesystem.py:69} INFO - Found File /opt/in/tiktok_google_play_reviews.csv last modified: 20220405221612
[2023-10-18T11:44:45.088+0000] {base.py:287} INFO - Success criteria met. Exiting.
[2023-10-18T11:44:45.099+0000] {taskinstance.py:1400} INFO - Marking task as SUCCESS. dag_id=copy_tranform_to_mongo, task_id=waiting_for_data, execution_date=20210905T000000, start_date=20231018T114444, end_date=20231018T114445
[2023-10-18T11:44:45.132+0000] {local_task_job_runner.py:228} INFO - Task exited with return code 0
[2023-10-18T11:44:45.178+0000] {taskinstance.py:2778} INFO - 1 downstream tasks scheduled from follow-on schedule check
