[2023-10-17T11:21:30.286+0000] {taskinstance.py:1159} INFO - Dependencies all met for dep_context=non-requeueable deps ti=<TaskInstance: copy_tranform_to_mongo.waiting_for_data scheduled__2021-12-16T00:00:00+00:00 [queued]>
[2023-10-17T11:21:30.291+0000] {taskinstance.py:1159} INFO - Dependencies all met for dep_context=requeueable deps ti=<TaskInstance: copy_tranform_to_mongo.waiting_for_data scheduled__2021-12-16T00:00:00+00:00 [queued]>
[2023-10-17T11:21:30.291+0000] {taskinstance.py:1361} INFO - Starting attempt 1 of 1
[2023-10-17T11:21:30.305+0000] {taskinstance.py:1382} INFO - Executing <Task(FileSensor): waiting_for_data> on 2021-12-16 00:00:00+00:00
[2023-10-17T11:21:30.309+0000] {standard_task_runner.py:57} INFO - Started process 1163 to run task
[2023-10-17T11:21:30.312+0000] {standard_task_runner.py:84} INFO - Running: ['***', 'tasks', 'run', 'copy_tranform_to_mongo', 'waiting_for_data', 'scheduled__2021-12-16T00:00:00+00:00', '--job-id', '354', '--raw', '--subdir', 'DAGS_FOLDER/file_***-mongo.py', '--cfg-path', '/tmp/tmpmy9c5e77']
[2023-10-17T11:21:30.312+0000] {standard_task_runner.py:85} INFO - Job 354: Subtask waiting_for_data
[2023-10-17T11:21:30.355+0000] {task_command.py:416} INFO - Running <TaskInstance: copy_tranform_to_mongo.waiting_for_data scheduled__2021-12-16T00:00:00+00:00 [running]> on host 238c1d4ff767
[2023-10-17T11:21:30.408+0000] {taskinstance.py:1662} INFO - Exporting env vars: AIRFLOW_CTX_DAG_OWNER='***' AIRFLOW_CTX_DAG_ID='copy_tranform_to_mongo' AIRFLOW_CTX_TASK_ID='waiting_for_data' AIRFLOW_CTX_EXECUTION_DATE='2021-12-16T00:00:00+00:00' AIRFLOW_CTX_TRY_NUMBER='1' AIRFLOW_CTX_DAG_RUN_ID='scheduled__2021-12-16T00:00:00+00:00'
[2023-10-17T11:21:30.414+0000] {base.py:73} INFO - Using connection ID 'fs_default' for task execution.
[2023-10-17T11:21:30.415+0000] {filesystem.py:64} INFO - Poking for file /opt/in/tiktok_google_play_reviews.csv
[2023-10-17T11:21:30.415+0000] {filesystem.py:69} INFO - Found File /opt/in/tiktok_google_play_reviews.csv last modified: 20220405221612
[2023-10-17T11:21:30.415+0000] {base.py:287} INFO - Success criteria met. Exiting.
[2023-10-17T11:21:30.421+0000] {taskinstance.py:1400} INFO - Marking task as SUCCESS. dag_id=copy_tranform_to_mongo, task_id=waiting_for_data, execution_date=20211216T000000, start_date=20231017T112130, end_date=20231017T112130
[2023-10-17T11:21:30.444+0000] {local_task_job_runner.py:228} INFO - Task exited with return code 0
[2023-10-17T11:21:30.458+0000] {taskinstance.py:2778} INFO - 0 downstream tasks scheduled from follow-on schedule check
[2023-10-18T11:45:41.739+0000] {taskinstance.py:1159} INFO - Dependencies all met for dep_context=non-requeueable deps ti=<TaskInstance: copy_tranform_to_mongo.waiting_for_data scheduled__2021-12-16T00:00:00+00:00 [queued]>
[2023-10-18T11:45:41.747+0000] {taskinstance.py:1159} INFO - Dependencies all met for dep_context=requeueable deps ti=<TaskInstance: copy_tranform_to_mongo.waiting_for_data scheduled__2021-12-16T00:00:00+00:00 [queued]>
[2023-10-18T11:45:41.747+0000] {taskinstance.py:1361} INFO - Starting attempt 1 of 1
[2023-10-18T11:45:41.761+0000] {taskinstance.py:1382} INFO - Executing <Task(FileSensor): waiting_for_data> on 2021-12-16 00:00:00+00:00
[2023-10-18T11:45:41.768+0000] {standard_task_runner.py:57} INFO - Started process 1889 to run task
[2023-10-18T11:45:41.770+0000] {standard_task_runner.py:84} INFO - Running: ['***', 'tasks', 'run', 'copy_tranform_to_mongo', 'waiting_for_data', 'scheduled__2021-12-16T00:00:00+00:00', '--job-id', '662', '--raw', '--subdir', 'DAGS_FOLDER/file_***-mongo.py', '--cfg-path', '/tmp/tmpro1npc1_']
[2023-10-18T11:45:41.771+0000] {standard_task_runner.py:85} INFO - Job 662: Subtask waiting_for_data
[2023-10-18T11:45:41.810+0000] {task_command.py:416} INFO - Running <TaskInstance: copy_tranform_to_mongo.waiting_for_data scheduled__2021-12-16T00:00:00+00:00 [running]> on host 0e68aa52dfc7
[2023-10-18T11:45:41.867+0000] {taskinstance.py:1662} INFO - Exporting env vars: AIRFLOW_CTX_DAG_OWNER='***' AIRFLOW_CTX_DAG_ID='copy_tranform_to_mongo' AIRFLOW_CTX_TASK_ID='waiting_for_data' AIRFLOW_CTX_EXECUTION_DATE='2021-12-16T00:00:00+00:00' AIRFLOW_CTX_TRY_NUMBER='1' AIRFLOW_CTX_DAG_RUN_ID='scheduled__2021-12-16T00:00:00+00:00'
[2023-10-18T11:45:41.874+0000] {base.py:73} INFO - Using connection ID 'fs_default' for task execution.
[2023-10-18T11:45:41.874+0000] {filesystem.py:64} INFO - Poking for file /opt/in/tiktok_google_play_reviews.csv
[2023-10-18T11:45:41.875+0000] {filesystem.py:69} INFO - Found File /opt/in/tiktok_google_play_reviews.csv last modified: 20220405221612
[2023-10-18T11:45:41.875+0000] {base.py:287} INFO - Success criteria met. Exiting.
[2023-10-18T11:45:41.883+0000] {taskinstance.py:1400} INFO - Marking task as SUCCESS. dag_id=copy_tranform_to_mongo, task_id=waiting_for_data, execution_date=20211216T000000, start_date=20231018T114541, end_date=20231018T114541
[2023-10-18T11:45:41.902+0000] {local_task_job_runner.py:228} INFO - Task exited with return code 0
[2023-10-18T11:45:41.926+0000] {taskinstance.py:2778} INFO - 1 downstream tasks scheduled from follow-on schedule check
