[2023-10-17T07:39:53.505+0000] {processor.py:157} INFO - Started process (PID=156) to work on /home/airflow/.local/lib/python3.8/site-packages/airflow/example_dags/example_skip_dag.py
[2023-10-17T07:39:53.505+0000] {processor.py:829} INFO - Processing file /home/airflow/.local/lib/python3.8/site-packages/airflow/example_dags/example_skip_dag.py for tasks to queue
[2023-10-17T07:39:53.507+0000] {logging_mixin.py:151} INFO - [2023-10-17T07:39:53.507+0000] {dagbag.py:536} INFO - Filling up the DagBag from /home/airflow/.local/lib/python3.8/site-packages/airflow/example_dags/example_skip_dag.py
[2023-10-17T07:39:53.514+0000] {processor.py:839} INFO - DAG(s) dict_keys(['example_skip_dag']) retrieved from /home/airflow/.local/lib/python3.8/site-packages/airflow/example_dags/example_skip_dag.py
[2023-10-17T07:39:53.529+0000] {logging_mixin.py:151} INFO - [2023-10-17T07:39:53.529+0000] {dag.py:2941} INFO - Sync 1 DAGs
[2023-10-17T07:39:53.548+0000] {logging_mixin.py:151} INFO - [2023-10-17T07:39:53.548+0000] {dag.py:3722} INFO - Setting next_dagrun for example_skip_dag to 2023-10-16T07:39:53.548005+00:00, run_after=2023-10-17T07:39:53.548005+00:00
[2023-10-17T07:39:53.562+0000] {processor.py:179} INFO - Processing /home/airflow/.local/lib/python3.8/site-packages/airflow/example_dags/example_skip_dag.py took 0.059 seconds
[2023-10-17T07:40:24.373+0000] {processor.py:157} INFO - Started process (PID=210) to work on /home/airflow/.local/lib/python3.8/site-packages/airflow/example_dags/example_skip_dag.py
[2023-10-17T07:40:24.374+0000] {processor.py:829} INFO - Processing file /home/airflow/.local/lib/python3.8/site-packages/airflow/example_dags/example_skip_dag.py for tasks to queue
[2023-10-17T07:40:24.375+0000] {logging_mixin.py:151} INFO - [2023-10-17T07:40:24.375+0000] {dagbag.py:536} INFO - Filling up the DagBag from /home/airflow/.local/lib/python3.8/site-packages/airflow/example_dags/example_skip_dag.py
[2023-10-17T07:40:24.379+0000] {processor.py:839} INFO - DAG(s) dict_keys(['example_skip_dag']) retrieved from /home/airflow/.local/lib/python3.8/site-packages/airflow/example_dags/example_skip_dag.py
[2023-10-17T07:40:24.393+0000] {logging_mixin.py:151} INFO - [2023-10-17T07:40:24.393+0000] {dag.py:2941} INFO - Sync 1 DAGs
[2023-10-17T07:40:24.409+0000] {logging_mixin.py:151} INFO - [2023-10-17T07:40:24.409+0000] {dag.py:3722} INFO - Setting next_dagrun for example_skip_dag to 2023-10-16T07:40:24.409304+00:00, run_after=2023-10-17T07:40:24.409304+00:00
[2023-10-17T07:40:24.422+0000] {processor.py:179} INFO - Processing /home/airflow/.local/lib/python3.8/site-packages/airflow/example_dags/example_skip_dag.py took 0.051 seconds
[2023-10-17T07:44:12.789+0000] {processor.py:157} INFO - Started process (PID=66) to work on /home/airflow/.local/lib/python3.8/site-packages/airflow/example_dags/example_skip_dag.py
[2023-10-17T07:44:12.790+0000] {processor.py:829} INFO - Processing file /home/airflow/.local/lib/python3.8/site-packages/airflow/example_dags/example_skip_dag.py for tasks to queue
[2023-10-17T07:44:12.793+0000] {logging_mixin.py:151} INFO - [2023-10-17T07:44:12.792+0000] {dagbag.py:536} INFO - Filling up the DagBag from /home/airflow/.local/lib/python3.8/site-packages/airflow/example_dags/example_skip_dag.py
[2023-10-17T07:44:12.800+0000] {processor.py:839} INFO - DAG(s) dict_keys(['example_skip_dag']) retrieved from /home/airflow/.local/lib/python3.8/site-packages/airflow/example_dags/example_skip_dag.py
[2023-10-17T07:44:12.811+0000] {logging_mixin.py:151} INFO - [2023-10-17T07:44:12.811+0000] {dag.py:2941} INFO - Sync 1 DAGs
[2023-10-17T07:44:12.832+0000] {logging_mixin.py:151} INFO - [2023-10-17T07:44:12.832+0000] {dag.py:3722} INFO - Setting next_dagrun for example_skip_dag to 2023-10-16T07:44:12.832177+00:00, run_after=2023-10-17T07:44:12.832177+00:00
[2023-10-17T07:44:12.848+0000] {processor.py:179} INFO - Processing /home/airflow/.local/lib/python3.8/site-packages/airflow/example_dags/example_skip_dag.py took 0.061 seconds
[2023-10-17T07:44:43.516+0000] {processor.py:157} INFO - Started process (PID=120) to work on /home/airflow/.local/lib/python3.8/site-packages/airflow/example_dags/example_skip_dag.py
[2023-10-17T07:44:43.516+0000] {processor.py:829} INFO - Processing file /home/airflow/.local/lib/python3.8/site-packages/airflow/example_dags/example_skip_dag.py for tasks to queue
[2023-10-17T07:44:43.518+0000] {logging_mixin.py:151} INFO - [2023-10-17T07:44:43.517+0000] {dagbag.py:536} INFO - Filling up the DagBag from /home/airflow/.local/lib/python3.8/site-packages/airflow/example_dags/example_skip_dag.py
[2023-10-17T07:44:43.523+0000] {processor.py:839} INFO - DAG(s) dict_keys(['example_skip_dag']) retrieved from /home/airflow/.local/lib/python3.8/site-packages/airflow/example_dags/example_skip_dag.py
[2023-10-17T07:44:43.538+0000] {logging_mixin.py:151} INFO - [2023-10-17T07:44:43.538+0000] {dag.py:2941} INFO - Sync 1 DAGs
[2023-10-17T07:44:43.554+0000] {logging_mixin.py:151} INFO - [2023-10-17T07:44:43.554+0000] {dag.py:3722} INFO - Setting next_dagrun for example_skip_dag to 2023-10-16T07:44:43.554653+00:00, run_after=2023-10-17T07:44:43.554653+00:00
[2023-10-17T07:44:43.567+0000] {processor.py:179} INFO - Processing /home/airflow/.local/lib/python3.8/site-packages/airflow/example_dags/example_skip_dag.py took 0.054 seconds
[2023-10-17T07:45:14.146+0000] {processor.py:157} INFO - Started process (PID=175) to work on /home/airflow/.local/lib/python3.8/site-packages/airflow/example_dags/example_skip_dag.py
[2023-10-17T07:45:14.147+0000] {processor.py:829} INFO - Processing file /home/airflow/.local/lib/python3.8/site-packages/airflow/example_dags/example_skip_dag.py for tasks to queue
[2023-10-17T07:45:14.149+0000] {logging_mixin.py:151} INFO - [2023-10-17T07:45:14.149+0000] {dagbag.py:536} INFO - Filling up the DagBag from /home/airflow/.local/lib/python3.8/site-packages/airflow/example_dags/example_skip_dag.py
[2023-10-17T07:45:14.157+0000] {processor.py:839} INFO - DAG(s) dict_keys(['example_skip_dag']) retrieved from /home/airflow/.local/lib/python3.8/site-packages/airflow/example_dags/example_skip_dag.py
[2023-10-17T07:45:14.182+0000] {logging_mixin.py:151} INFO - [2023-10-17T07:45:14.181+0000] {dag.py:2941} INFO - Sync 1 DAGs
[2023-10-17T07:45:14.204+0000] {logging_mixin.py:151} INFO - [2023-10-17T07:45:14.203+0000] {dag.py:3722} INFO - Setting next_dagrun for example_skip_dag to 2023-10-16T07:45:14.203678+00:00, run_after=2023-10-17T07:45:14.203678+00:00
[2023-10-17T07:45:14.223+0000] {processor.py:179} INFO - Processing /home/airflow/.local/lib/python3.8/site-packages/airflow/example_dags/example_skip_dag.py took 0.080 seconds
[2023-10-17T07:45:45.058+0000] {processor.py:157} INFO - Started process (PID=229) to work on /home/airflow/.local/lib/python3.8/site-packages/airflow/example_dags/example_skip_dag.py
[2023-10-17T07:45:45.058+0000] {processor.py:829} INFO - Processing file /home/airflow/.local/lib/python3.8/site-packages/airflow/example_dags/example_skip_dag.py for tasks to queue
[2023-10-17T07:45:45.060+0000] {logging_mixin.py:151} INFO - [2023-10-17T07:45:45.060+0000] {dagbag.py:536} INFO - Filling up the DagBag from /home/airflow/.local/lib/python3.8/site-packages/airflow/example_dags/example_skip_dag.py
[2023-10-17T07:45:45.064+0000] {processor.py:839} INFO - DAG(s) dict_keys(['example_skip_dag']) retrieved from /home/airflow/.local/lib/python3.8/site-packages/airflow/example_dags/example_skip_dag.py
[2023-10-17T07:45:45.078+0000] {logging_mixin.py:151} INFO - [2023-10-17T07:45:45.078+0000] {dag.py:2941} INFO - Sync 1 DAGs
[2023-10-17T07:45:45.094+0000] {logging_mixin.py:151} INFO - [2023-10-17T07:45:45.094+0000] {dag.py:3722} INFO - Setting next_dagrun for example_skip_dag to 2023-10-16T07:45:45.094536+00:00, run_after=2023-10-17T07:45:45.094536+00:00
[2023-10-17T07:45:45.107+0000] {processor.py:179} INFO - Processing /home/airflow/.local/lib/python3.8/site-packages/airflow/example_dags/example_skip_dag.py took 0.051 seconds
[2023-10-17T07:46:15.443+0000] {processor.py:157} INFO - Started process (PID=283) to work on /home/airflow/.local/lib/python3.8/site-packages/airflow/example_dags/example_skip_dag.py
[2023-10-17T07:46:15.444+0000] {processor.py:829} INFO - Processing file /home/airflow/.local/lib/python3.8/site-packages/airflow/example_dags/example_skip_dag.py for tasks to queue
[2023-10-17T07:46:15.445+0000] {logging_mixin.py:151} INFO - [2023-10-17T07:46:15.445+0000] {dagbag.py:536} INFO - Filling up the DagBag from /home/airflow/.local/lib/python3.8/site-packages/airflow/example_dags/example_skip_dag.py
[2023-10-17T07:46:15.450+0000] {processor.py:839} INFO - DAG(s) dict_keys(['example_skip_dag']) retrieved from /home/airflow/.local/lib/python3.8/site-packages/airflow/example_dags/example_skip_dag.py
[2023-10-17T07:46:15.466+0000] {logging_mixin.py:151} INFO - [2023-10-17T07:46:15.466+0000] {dag.py:2941} INFO - Sync 1 DAGs
[2023-10-17T07:46:15.482+0000] {logging_mixin.py:151} INFO - [2023-10-17T07:46:15.482+0000] {dag.py:3722} INFO - Setting next_dagrun for example_skip_dag to 2023-10-16T07:46:15.482541+00:00, run_after=2023-10-17T07:46:15.482541+00:00
[2023-10-17T07:46:15.497+0000] {processor.py:179} INFO - Processing /home/airflow/.local/lib/python3.8/site-packages/airflow/example_dags/example_skip_dag.py took 0.057 seconds
[2023-10-17T07:54:07.835+0000] {processor.py:157} INFO - Started process (PID=66) to work on /home/airflow/.local/lib/python3.8/site-packages/airflow/example_dags/example_skip_dag.py
[2023-10-17T07:54:07.836+0000] {processor.py:829} INFO - Processing file /home/airflow/.local/lib/python3.8/site-packages/airflow/example_dags/example_skip_dag.py for tasks to queue
[2023-10-17T07:54:07.838+0000] {logging_mixin.py:151} INFO - [2023-10-17T07:54:07.838+0000] {dagbag.py:536} INFO - Filling up the DagBag from /home/airflow/.local/lib/python3.8/site-packages/airflow/example_dags/example_skip_dag.py
[2023-10-17T07:54:07.844+0000] {processor.py:839} INFO - DAG(s) dict_keys(['example_skip_dag']) retrieved from /home/airflow/.local/lib/python3.8/site-packages/airflow/example_dags/example_skip_dag.py
[2023-10-17T07:54:07.852+0000] {logging_mixin.py:151} INFO - [2023-10-17T07:54:07.852+0000] {dag.py:2941} INFO - Sync 1 DAGs
[2023-10-17T07:54:07.870+0000] {logging_mixin.py:151} INFO - [2023-10-17T07:54:07.870+0000] {dag.py:3722} INFO - Setting next_dagrun for example_skip_dag to 2023-10-16T07:54:07.869897+00:00, run_after=2023-10-17T07:54:07.869897+00:00
[2023-10-17T07:54:07.884+0000] {processor.py:179} INFO - Processing /home/airflow/.local/lib/python3.8/site-packages/airflow/example_dags/example_skip_dag.py took 0.050 seconds
[2023-10-17T07:54:38.579+0000] {processor.py:157} INFO - Started process (PID=120) to work on /home/airflow/.local/lib/python3.8/site-packages/airflow/example_dags/example_skip_dag.py
[2023-10-17T07:54:38.580+0000] {processor.py:829} INFO - Processing file /home/airflow/.local/lib/python3.8/site-packages/airflow/example_dags/example_skip_dag.py for tasks to queue
[2023-10-17T07:54:38.582+0000] {logging_mixin.py:151} INFO - [2023-10-17T07:54:38.582+0000] {dagbag.py:536} INFO - Filling up the DagBag from /home/airflow/.local/lib/python3.8/site-packages/airflow/example_dags/example_skip_dag.py
[2023-10-17T07:54:38.586+0000] {processor.py:839} INFO - DAG(s) dict_keys(['example_skip_dag']) retrieved from /home/airflow/.local/lib/python3.8/site-packages/airflow/example_dags/example_skip_dag.py
[2023-10-17T07:54:38.602+0000] {logging_mixin.py:151} INFO - [2023-10-17T07:54:38.602+0000] {dag.py:2941} INFO - Sync 1 DAGs
[2023-10-17T07:54:38.616+0000] {logging_mixin.py:151} INFO - [2023-10-17T07:54:38.616+0000] {dag.py:3722} INFO - Setting next_dagrun for example_skip_dag to 2023-10-16T07:54:38.616502+00:00, run_after=2023-10-17T07:54:38.616502+00:00
[2023-10-17T07:54:38.629+0000] {processor.py:179} INFO - Processing /home/airflow/.local/lib/python3.8/site-packages/airflow/example_dags/example_skip_dag.py took 0.052 seconds
[2023-10-17T07:55:08.872+0000] {processor.py:157} INFO - Started process (PID=174) to work on /home/airflow/.local/lib/python3.8/site-packages/airflow/example_dags/example_skip_dag.py
[2023-10-17T07:55:08.873+0000] {processor.py:829} INFO - Processing file /home/airflow/.local/lib/python3.8/site-packages/airflow/example_dags/example_skip_dag.py for tasks to queue
[2023-10-17T07:55:08.875+0000] {logging_mixin.py:151} INFO - [2023-10-17T07:55:08.874+0000] {dagbag.py:536} INFO - Filling up the DagBag from /home/airflow/.local/lib/python3.8/site-packages/airflow/example_dags/example_skip_dag.py
[2023-10-17T07:55:08.879+0000] {processor.py:839} INFO - DAG(s) dict_keys(['example_skip_dag']) retrieved from /home/airflow/.local/lib/python3.8/site-packages/airflow/example_dags/example_skip_dag.py
[2023-10-17T07:55:08.894+0000] {logging_mixin.py:151} INFO - [2023-10-17T07:55:08.893+0000] {dag.py:2941} INFO - Sync 1 DAGs
[2023-10-17T07:55:08.913+0000] {logging_mixin.py:151} INFO - [2023-10-17T07:55:08.913+0000] {dag.py:3722} INFO - Setting next_dagrun for example_skip_dag to 2023-10-16T07:55:08.913154+00:00, run_after=2023-10-17T07:55:08.913154+00:00
[2023-10-17T07:55:08.929+0000] {processor.py:179} INFO - Processing /home/airflow/.local/lib/python3.8/site-packages/airflow/example_dags/example_skip_dag.py took 0.059 seconds
[2023-10-17T07:55:38.962+0000] {processor.py:157} INFO - Started process (PID=228) to work on /home/airflow/.local/lib/python3.8/site-packages/airflow/example_dags/example_skip_dag.py
[2023-10-17T07:55:38.962+0000] {processor.py:829} INFO - Processing file /home/airflow/.local/lib/python3.8/site-packages/airflow/example_dags/example_skip_dag.py for tasks to queue
[2023-10-17T07:55:38.963+0000] {logging_mixin.py:151} INFO - [2023-10-17T07:55:38.963+0000] {dagbag.py:536} INFO - Filling up the DagBag from /home/airflow/.local/lib/python3.8/site-packages/airflow/example_dags/example_skip_dag.py
[2023-10-17T07:55:38.967+0000] {processor.py:839} INFO - DAG(s) dict_keys(['example_skip_dag']) retrieved from /home/airflow/.local/lib/python3.8/site-packages/airflow/example_dags/example_skip_dag.py
[2023-10-17T07:55:38.982+0000] {logging_mixin.py:151} INFO - [2023-10-17T07:55:38.981+0000] {dag.py:2941} INFO - Sync 1 DAGs
[2023-10-17T07:55:38.996+0000] {logging_mixin.py:151} INFO - [2023-10-17T07:55:38.996+0000] {dag.py:3722} INFO - Setting next_dagrun for example_skip_dag to 2023-10-16T07:55:38.995863+00:00, run_after=2023-10-17T07:55:38.995863+00:00
[2023-10-17T07:55:39.008+0000] {processor.py:179} INFO - Processing /home/airflow/.local/lib/python3.8/site-packages/airflow/example_dags/example_skip_dag.py took 0.049 seconds
[2023-10-17T07:56:09.065+0000] {processor.py:157} INFO - Started process (PID=282) to work on /home/airflow/.local/lib/python3.8/site-packages/airflow/example_dags/example_skip_dag.py
[2023-10-17T07:56:09.065+0000] {processor.py:829} INFO - Processing file /home/airflow/.local/lib/python3.8/site-packages/airflow/example_dags/example_skip_dag.py for tasks to queue
[2023-10-17T07:56:09.067+0000] {logging_mixin.py:151} INFO - [2023-10-17T07:56:09.067+0000] {dagbag.py:536} INFO - Filling up the DagBag from /home/airflow/.local/lib/python3.8/site-packages/airflow/example_dags/example_skip_dag.py
[2023-10-17T07:56:09.071+0000] {processor.py:839} INFO - DAG(s) dict_keys(['example_skip_dag']) retrieved from /home/airflow/.local/lib/python3.8/site-packages/airflow/example_dags/example_skip_dag.py
[2023-10-17T07:56:09.085+0000] {logging_mixin.py:151} INFO - [2023-10-17T07:56:09.085+0000] {dag.py:2941} INFO - Sync 1 DAGs
[2023-10-17T07:56:09.099+0000] {logging_mixin.py:151} INFO - [2023-10-17T07:56:09.099+0000] {dag.py:3722} INFO - Setting next_dagrun for example_skip_dag to 2023-10-16T07:56:09.099117+00:00, run_after=2023-10-17T07:56:09.099117+00:00
[2023-10-17T07:56:09.111+0000] {processor.py:179} INFO - Processing /home/airflow/.local/lib/python3.8/site-packages/airflow/example_dags/example_skip_dag.py took 0.048 seconds
[2023-10-17T07:56:39.570+0000] {processor.py:157} INFO - Started process (PID=336) to work on /home/airflow/.local/lib/python3.8/site-packages/airflow/example_dags/example_skip_dag.py
[2023-10-17T07:56:39.571+0000] {processor.py:829} INFO - Processing file /home/airflow/.local/lib/python3.8/site-packages/airflow/example_dags/example_skip_dag.py for tasks to queue
[2023-10-17T07:56:39.572+0000] {logging_mixin.py:151} INFO - [2023-10-17T07:56:39.572+0000] {dagbag.py:536} INFO - Filling up the DagBag from /home/airflow/.local/lib/python3.8/site-packages/airflow/example_dags/example_skip_dag.py
[2023-10-17T07:56:39.576+0000] {processor.py:839} INFO - DAG(s) dict_keys(['example_skip_dag']) retrieved from /home/airflow/.local/lib/python3.8/site-packages/airflow/example_dags/example_skip_dag.py
[2023-10-17T07:56:39.591+0000] {logging_mixin.py:151} INFO - [2023-10-17T07:56:39.591+0000] {dag.py:2941} INFO - Sync 1 DAGs
[2023-10-17T07:56:39.606+0000] {logging_mixin.py:151} INFO - [2023-10-17T07:56:39.606+0000] {dag.py:3722} INFO - Setting next_dagrun for example_skip_dag to 2023-10-16T07:56:39.606351+00:00, run_after=2023-10-17T07:56:39.606351+00:00
[2023-10-17T07:56:39.618+0000] {processor.py:179} INFO - Processing /home/airflow/.local/lib/python3.8/site-packages/airflow/example_dags/example_skip_dag.py took 0.051 seconds
[2023-10-17T07:57:10.229+0000] {processor.py:157} INFO - Started process (PID=390) to work on /home/airflow/.local/lib/python3.8/site-packages/airflow/example_dags/example_skip_dag.py
[2023-10-17T07:57:10.230+0000] {processor.py:829} INFO - Processing file /home/airflow/.local/lib/python3.8/site-packages/airflow/example_dags/example_skip_dag.py for tasks to queue
[2023-10-17T07:57:10.231+0000] {logging_mixin.py:151} INFO - [2023-10-17T07:57:10.231+0000] {dagbag.py:536} INFO - Filling up the DagBag from /home/airflow/.local/lib/python3.8/site-packages/airflow/example_dags/example_skip_dag.py
[2023-10-17T07:57:10.235+0000] {processor.py:839} INFO - DAG(s) dict_keys(['example_skip_dag']) retrieved from /home/airflow/.local/lib/python3.8/site-packages/airflow/example_dags/example_skip_dag.py
[2023-10-17T07:57:10.249+0000] {logging_mixin.py:151} INFO - [2023-10-17T07:57:10.249+0000] {dag.py:2941} INFO - Sync 1 DAGs
[2023-10-17T07:57:10.265+0000] {logging_mixin.py:151} INFO - [2023-10-17T07:57:10.265+0000] {dag.py:3722} INFO - Setting next_dagrun for example_skip_dag to 2023-10-16T07:57:10.265075+00:00, run_after=2023-10-17T07:57:10.265075+00:00
[2023-10-17T07:57:10.279+0000] {processor.py:179} INFO - Processing /home/airflow/.local/lib/python3.8/site-packages/airflow/example_dags/example_skip_dag.py took 0.051 seconds
[2023-10-17T07:57:41.176+0000] {processor.py:157} INFO - Started process (PID=444) to work on /home/airflow/.local/lib/python3.8/site-packages/airflow/example_dags/example_skip_dag.py
[2023-10-17T07:57:41.176+0000] {processor.py:829} INFO - Processing file /home/airflow/.local/lib/python3.8/site-packages/airflow/example_dags/example_skip_dag.py for tasks to queue
[2023-10-17T07:57:41.178+0000] {logging_mixin.py:151} INFO - [2023-10-17T07:57:41.178+0000] {dagbag.py:536} INFO - Filling up the DagBag from /home/airflow/.local/lib/python3.8/site-packages/airflow/example_dags/example_skip_dag.py
[2023-10-17T07:57:41.182+0000] {processor.py:839} INFO - DAG(s) dict_keys(['example_skip_dag']) retrieved from /home/airflow/.local/lib/python3.8/site-packages/airflow/example_dags/example_skip_dag.py
[2023-10-17T07:57:41.198+0000] {logging_mixin.py:151} INFO - [2023-10-17T07:57:41.198+0000] {dag.py:2941} INFO - Sync 1 DAGs
[2023-10-17T07:57:41.218+0000] {logging_mixin.py:151} INFO - [2023-10-17T07:57:41.217+0000] {dag.py:3722} INFO - Setting next_dagrun for example_skip_dag to 2023-10-16T07:57:41.217615+00:00, run_after=2023-10-17T07:57:41.217615+00:00
[2023-10-17T07:57:41.233+0000] {processor.py:179} INFO - Processing /home/airflow/.local/lib/python3.8/site-packages/airflow/example_dags/example_skip_dag.py took 0.060 seconds
[2023-10-17T07:58:11.578+0000] {processor.py:157} INFO - Started process (PID=498) to work on /home/airflow/.local/lib/python3.8/site-packages/airflow/example_dags/example_skip_dag.py
[2023-10-17T07:58:11.579+0000] {processor.py:829} INFO - Processing file /home/airflow/.local/lib/python3.8/site-packages/airflow/example_dags/example_skip_dag.py for tasks to queue
[2023-10-17T07:58:11.580+0000] {logging_mixin.py:151} INFO - [2023-10-17T07:58:11.580+0000] {dagbag.py:536} INFO - Filling up the DagBag from /home/airflow/.local/lib/python3.8/site-packages/airflow/example_dags/example_skip_dag.py
[2023-10-17T07:58:11.584+0000] {processor.py:839} INFO - DAG(s) dict_keys(['example_skip_dag']) retrieved from /home/airflow/.local/lib/python3.8/site-packages/airflow/example_dags/example_skip_dag.py
[2023-10-17T07:58:11.601+0000] {logging_mixin.py:151} INFO - [2023-10-17T07:58:11.601+0000] {dag.py:2941} INFO - Sync 1 DAGs
[2023-10-17T07:58:11.620+0000] {logging_mixin.py:151} INFO - [2023-10-17T07:58:11.620+0000] {dag.py:3722} INFO - Setting next_dagrun for example_skip_dag to 2023-10-16T07:58:11.619863+00:00, run_after=2023-10-17T07:58:11.619863+00:00
[2023-10-17T07:58:11.638+0000] {processor.py:179} INFO - Processing /home/airflow/.local/lib/python3.8/site-packages/airflow/example_dags/example_skip_dag.py took 0.062 seconds
[2023-10-17T07:58:41.754+0000] {processor.py:157} INFO - Started process (PID=552) to work on /home/airflow/.local/lib/python3.8/site-packages/airflow/example_dags/example_skip_dag.py
[2023-10-17T07:58:41.755+0000] {processor.py:829} INFO - Processing file /home/airflow/.local/lib/python3.8/site-packages/airflow/example_dags/example_skip_dag.py for tasks to queue
[2023-10-17T07:58:41.757+0000] {logging_mixin.py:151} INFO - [2023-10-17T07:58:41.757+0000] {dagbag.py:536} INFO - Filling up the DagBag from /home/airflow/.local/lib/python3.8/site-packages/airflow/example_dags/example_skip_dag.py
[2023-10-17T07:58:41.762+0000] {processor.py:839} INFO - DAG(s) dict_keys(['example_skip_dag']) retrieved from /home/airflow/.local/lib/python3.8/site-packages/airflow/example_dags/example_skip_dag.py
[2023-10-17T07:58:41.780+0000] {logging_mixin.py:151} INFO - [2023-10-17T07:58:41.779+0000] {dag.py:2941} INFO - Sync 1 DAGs
[2023-10-17T07:58:41.798+0000] {logging_mixin.py:151} INFO - [2023-10-17T07:58:41.798+0000] {dag.py:3722} INFO - Setting next_dagrun for example_skip_dag to 2023-10-16T07:58:41.797964+00:00, run_after=2023-10-17T07:58:41.797964+00:00
[2023-10-17T07:58:41.813+0000] {processor.py:179} INFO - Processing /home/airflow/.local/lib/python3.8/site-packages/airflow/example_dags/example_skip_dag.py took 0.061 seconds
[2023-10-17T07:59:11.854+0000] {processor.py:157} INFO - Started process (PID=606) to work on /home/airflow/.local/lib/python3.8/site-packages/airflow/example_dags/example_skip_dag.py
[2023-10-17T07:59:11.854+0000] {processor.py:829} INFO - Processing file /home/airflow/.local/lib/python3.8/site-packages/airflow/example_dags/example_skip_dag.py for tasks to queue
[2023-10-17T07:59:11.856+0000] {logging_mixin.py:151} INFO - [2023-10-17T07:59:11.856+0000] {dagbag.py:536} INFO - Filling up the DagBag from /home/airflow/.local/lib/python3.8/site-packages/airflow/example_dags/example_skip_dag.py
[2023-10-17T07:59:11.859+0000] {processor.py:839} INFO - DAG(s) dict_keys(['example_skip_dag']) retrieved from /home/airflow/.local/lib/python3.8/site-packages/airflow/example_dags/example_skip_dag.py
[2023-10-17T07:59:11.874+0000] {logging_mixin.py:151} INFO - [2023-10-17T07:59:11.873+0000] {dag.py:2941} INFO - Sync 1 DAGs
[2023-10-17T07:59:11.890+0000] {logging_mixin.py:151} INFO - [2023-10-17T07:59:11.890+0000] {dag.py:3722} INFO - Setting next_dagrun for example_skip_dag to 2023-10-16T07:59:11.889798+00:00, run_after=2023-10-17T07:59:11.889798+00:00
[2023-10-17T07:59:11.904+0000] {processor.py:179} INFO - Processing /home/airflow/.local/lib/python3.8/site-packages/airflow/example_dags/example_skip_dag.py took 0.052 seconds
[2023-10-17T07:59:42.048+0000] {processor.py:157} INFO - Started process (PID=660) to work on /home/airflow/.local/lib/python3.8/site-packages/airflow/example_dags/example_skip_dag.py
[2023-10-17T07:59:42.049+0000] {processor.py:829} INFO - Processing file /home/airflow/.local/lib/python3.8/site-packages/airflow/example_dags/example_skip_dag.py for tasks to queue
[2023-10-17T07:59:42.051+0000] {logging_mixin.py:151} INFO - [2023-10-17T07:59:42.050+0000] {dagbag.py:536} INFO - Filling up the DagBag from /home/airflow/.local/lib/python3.8/site-packages/airflow/example_dags/example_skip_dag.py
[2023-10-17T07:59:42.054+0000] {processor.py:839} INFO - DAG(s) dict_keys(['example_skip_dag']) retrieved from /home/airflow/.local/lib/python3.8/site-packages/airflow/example_dags/example_skip_dag.py
[2023-10-17T07:59:42.068+0000] {logging_mixin.py:151} INFO - [2023-10-17T07:59:42.068+0000] {dag.py:2941} INFO - Sync 1 DAGs
[2023-10-17T07:59:42.084+0000] {logging_mixin.py:151} INFO - [2023-10-17T07:59:42.083+0000] {dag.py:3722} INFO - Setting next_dagrun for example_skip_dag to 2023-10-16T07:59:42.083712+00:00, run_after=2023-10-17T07:59:42.083712+00:00
[2023-10-17T07:59:42.096+0000] {processor.py:179} INFO - Processing /home/airflow/.local/lib/python3.8/site-packages/airflow/example_dags/example_skip_dag.py took 0.050 seconds
[2023-10-17T08:00:13.096+0000] {processor.py:157} INFO - Started process (PID=714) to work on /home/airflow/.local/lib/python3.8/site-packages/airflow/example_dags/example_skip_dag.py
[2023-10-17T08:00:13.097+0000] {processor.py:829} INFO - Processing file /home/airflow/.local/lib/python3.8/site-packages/airflow/example_dags/example_skip_dag.py for tasks to queue
[2023-10-17T08:00:13.099+0000] {logging_mixin.py:151} INFO - [2023-10-17T08:00:13.099+0000] {dagbag.py:536} INFO - Filling up the DagBag from /home/airflow/.local/lib/python3.8/site-packages/airflow/example_dags/example_skip_dag.py
[2023-10-17T08:00:13.106+0000] {processor.py:839} INFO - DAG(s) dict_keys(['example_skip_dag']) retrieved from /home/airflow/.local/lib/python3.8/site-packages/airflow/example_dags/example_skip_dag.py
[2023-10-17T08:00:13.124+0000] {logging_mixin.py:151} INFO - [2023-10-17T08:00:13.123+0000] {dag.py:2941} INFO - Sync 1 DAGs
[2023-10-17T08:00:13.146+0000] {logging_mixin.py:151} INFO - [2023-10-17T08:00:13.146+0000] {dag.py:3722} INFO - Setting next_dagrun for example_skip_dag to 2023-10-16T08:00:13.146518+00:00, run_after=2023-10-17T08:00:13.146518+00:00
[2023-10-17T08:00:13.163+0000] {processor.py:179} INFO - Processing /home/airflow/.local/lib/python3.8/site-packages/airflow/example_dags/example_skip_dag.py took 0.071 seconds
[2023-10-17T08:00:43.344+0000] {processor.py:157} INFO - Started process (PID=768) to work on /home/airflow/.local/lib/python3.8/site-packages/airflow/example_dags/example_skip_dag.py
[2023-10-17T08:00:43.344+0000] {processor.py:829} INFO - Processing file /home/airflow/.local/lib/python3.8/site-packages/airflow/example_dags/example_skip_dag.py for tasks to queue
[2023-10-17T08:00:43.346+0000] {logging_mixin.py:151} INFO - [2023-10-17T08:00:43.346+0000] {dagbag.py:536} INFO - Filling up the DagBag from /home/airflow/.local/lib/python3.8/site-packages/airflow/example_dags/example_skip_dag.py
[2023-10-17T08:00:43.352+0000] {processor.py:839} INFO - DAG(s) dict_keys(['example_skip_dag']) retrieved from /home/airflow/.local/lib/python3.8/site-packages/airflow/example_dags/example_skip_dag.py
[2023-10-17T08:00:43.370+0000] {logging_mixin.py:151} INFO - [2023-10-17T08:00:43.369+0000] {dag.py:2941} INFO - Sync 1 DAGs
[2023-10-17T08:00:43.390+0000] {logging_mixin.py:151} INFO - [2023-10-17T08:00:43.390+0000] {dag.py:3722} INFO - Setting next_dagrun for example_skip_dag to 2023-10-16T08:00:43.390308+00:00, run_after=2023-10-17T08:00:43.390308+00:00
[2023-10-17T08:00:43.406+0000] {processor.py:179} INFO - Processing /home/airflow/.local/lib/python3.8/site-packages/airflow/example_dags/example_skip_dag.py took 0.064 seconds
[2023-10-17T08:01:13.604+0000] {processor.py:157} INFO - Started process (PID=822) to work on /home/airflow/.local/lib/python3.8/site-packages/airflow/example_dags/example_skip_dag.py
[2023-10-17T08:01:13.605+0000] {processor.py:829} INFO - Processing file /home/airflow/.local/lib/python3.8/site-packages/airflow/example_dags/example_skip_dag.py for tasks to queue
[2023-10-17T08:01:13.607+0000] {logging_mixin.py:151} INFO - [2023-10-17T08:01:13.607+0000] {dagbag.py:536} INFO - Filling up the DagBag from /home/airflow/.local/lib/python3.8/site-packages/airflow/example_dags/example_skip_dag.py
[2023-10-17T08:01:13.612+0000] {processor.py:839} INFO - DAG(s) dict_keys(['example_skip_dag']) retrieved from /home/airflow/.local/lib/python3.8/site-packages/airflow/example_dags/example_skip_dag.py
[2023-10-17T08:01:13.632+0000] {logging_mixin.py:151} INFO - [2023-10-17T08:01:13.632+0000] {dag.py:2941} INFO - Sync 1 DAGs
[2023-10-17T08:01:13.651+0000] {logging_mixin.py:151} INFO - [2023-10-17T08:01:13.650+0000] {dag.py:3722} INFO - Setting next_dagrun for example_skip_dag to 2023-10-16T08:01:13.650719+00:00, run_after=2023-10-17T08:01:13.650719+00:00
[2023-10-17T08:01:13.665+0000] {processor.py:179} INFO - Processing /home/airflow/.local/lib/python3.8/site-packages/airflow/example_dags/example_skip_dag.py took 0.063 seconds
[2023-10-17T08:01:44.616+0000] {processor.py:157} INFO - Started process (PID=876) to work on /home/airflow/.local/lib/python3.8/site-packages/airflow/example_dags/example_skip_dag.py
[2023-10-17T08:01:44.616+0000] {processor.py:829} INFO - Processing file /home/airflow/.local/lib/python3.8/site-packages/airflow/example_dags/example_skip_dag.py for tasks to queue
[2023-10-17T08:01:44.618+0000] {logging_mixin.py:151} INFO - [2023-10-17T08:01:44.617+0000] {dagbag.py:536} INFO - Filling up the DagBag from /home/airflow/.local/lib/python3.8/site-packages/airflow/example_dags/example_skip_dag.py
[2023-10-17T08:01:44.621+0000] {processor.py:839} INFO - DAG(s) dict_keys(['example_skip_dag']) retrieved from /home/airflow/.local/lib/python3.8/site-packages/airflow/example_dags/example_skip_dag.py
[2023-10-17T08:01:44.638+0000] {logging_mixin.py:151} INFO - [2023-10-17T08:01:44.638+0000] {dag.py:2941} INFO - Sync 1 DAGs
[2023-10-17T08:01:44.654+0000] {logging_mixin.py:151} INFO - [2023-10-17T08:01:44.654+0000] {dag.py:3722} INFO - Setting next_dagrun for example_skip_dag to 2023-10-16T08:01:44.654107+00:00, run_after=2023-10-17T08:01:44.654107+00:00
[2023-10-17T08:01:44.668+0000] {processor.py:179} INFO - Processing /home/airflow/.local/lib/python3.8/site-packages/airflow/example_dags/example_skip_dag.py took 0.055 seconds
[2023-10-17T08:02:15.552+0000] {processor.py:157} INFO - Started process (PID=930) to work on /home/airflow/.local/lib/python3.8/site-packages/airflow/example_dags/example_skip_dag.py
[2023-10-17T08:02:15.553+0000] {processor.py:829} INFO - Processing file /home/airflow/.local/lib/python3.8/site-packages/airflow/example_dags/example_skip_dag.py for tasks to queue
[2023-10-17T08:02:15.554+0000] {logging_mixin.py:151} INFO - [2023-10-17T08:02:15.554+0000] {dagbag.py:536} INFO - Filling up the DagBag from /home/airflow/.local/lib/python3.8/site-packages/airflow/example_dags/example_skip_dag.py
[2023-10-17T08:02:15.558+0000] {processor.py:839} INFO - DAG(s) dict_keys(['example_skip_dag']) retrieved from /home/airflow/.local/lib/python3.8/site-packages/airflow/example_dags/example_skip_dag.py
[2023-10-17T08:02:15.573+0000] {logging_mixin.py:151} INFO - [2023-10-17T08:02:15.572+0000] {dag.py:2941} INFO - Sync 1 DAGs
[2023-10-17T08:02:15.589+0000] {logging_mixin.py:151} INFO - [2023-10-17T08:02:15.589+0000] {dag.py:3722} INFO - Setting next_dagrun for example_skip_dag to 2023-10-16T08:02:15.589575+00:00, run_after=2023-10-17T08:02:15.589575+00:00
[2023-10-17T08:02:15.602+0000] {processor.py:179} INFO - Processing /home/airflow/.local/lib/python3.8/site-packages/airflow/example_dags/example_skip_dag.py took 0.051 seconds
[2023-10-17T08:02:45.981+0000] {processor.py:157} INFO - Started process (PID=984) to work on /home/airflow/.local/lib/python3.8/site-packages/airflow/example_dags/example_skip_dag.py
[2023-10-17T08:02:45.982+0000] {processor.py:829} INFO - Processing file /home/airflow/.local/lib/python3.8/site-packages/airflow/example_dags/example_skip_dag.py for tasks to queue
[2023-10-17T08:02:45.983+0000] {logging_mixin.py:151} INFO - [2023-10-17T08:02:45.983+0000] {dagbag.py:536} INFO - Filling up the DagBag from /home/airflow/.local/lib/python3.8/site-packages/airflow/example_dags/example_skip_dag.py
[2023-10-17T08:02:45.987+0000] {processor.py:839} INFO - DAG(s) dict_keys(['example_skip_dag']) retrieved from /home/airflow/.local/lib/python3.8/site-packages/airflow/example_dags/example_skip_dag.py
[2023-10-17T08:02:46.002+0000] {logging_mixin.py:151} INFO - [2023-10-17T08:02:46.002+0000] {dag.py:2941} INFO - Sync 1 DAGs
[2023-10-17T08:02:46.017+0000] {logging_mixin.py:151} INFO - [2023-10-17T08:02:46.017+0000] {dag.py:3722} INFO - Setting next_dagrun for example_skip_dag to 2023-10-16T08:02:46.017426+00:00, run_after=2023-10-17T08:02:46.017426+00:00
[2023-10-17T08:02:46.030+0000] {processor.py:179} INFO - Processing /home/airflow/.local/lib/python3.8/site-packages/airflow/example_dags/example_skip_dag.py took 0.051 seconds
[2023-10-17T08:03:16.730+0000] {processor.py:157} INFO - Started process (PID=1038) to work on /home/airflow/.local/lib/python3.8/site-packages/airflow/example_dags/example_skip_dag.py
[2023-10-17T08:03:16.731+0000] {processor.py:829} INFO - Processing file /home/airflow/.local/lib/python3.8/site-packages/airflow/example_dags/example_skip_dag.py for tasks to queue
[2023-10-17T08:03:16.733+0000] {logging_mixin.py:151} INFO - [2023-10-17T08:03:16.732+0000] {dagbag.py:536} INFO - Filling up the DagBag from /home/airflow/.local/lib/python3.8/site-packages/airflow/example_dags/example_skip_dag.py
[2023-10-17T08:03:16.737+0000] {processor.py:839} INFO - DAG(s) dict_keys(['example_skip_dag']) retrieved from /home/airflow/.local/lib/python3.8/site-packages/airflow/example_dags/example_skip_dag.py
[2023-10-17T08:03:16.752+0000] {logging_mixin.py:151} INFO - [2023-10-17T08:03:16.752+0000] {dag.py:2941} INFO - Sync 1 DAGs
[2023-10-17T08:03:16.769+0000] {logging_mixin.py:151} INFO - [2023-10-17T08:03:16.769+0000] {dag.py:3722} INFO - Setting next_dagrun for example_skip_dag to 2023-10-16T08:03:16.768915+00:00, run_after=2023-10-17T08:03:16.768915+00:00
[2023-10-17T08:03:16.893+0000] {processor.py:179} INFO - Processing /home/airflow/.local/lib/python3.8/site-packages/airflow/example_dags/example_skip_dag.py took 0.164 seconds
[2023-10-17T08:03:47.008+0000] {processor.py:157} INFO - Started process (PID=1092) to work on /home/airflow/.local/lib/python3.8/site-packages/airflow/example_dags/example_skip_dag.py
[2023-10-17T08:03:47.009+0000] {processor.py:829} INFO - Processing file /home/airflow/.local/lib/python3.8/site-packages/airflow/example_dags/example_skip_dag.py for tasks to queue
[2023-10-17T08:03:47.010+0000] {logging_mixin.py:151} INFO - [2023-10-17T08:03:47.010+0000] {dagbag.py:536} INFO - Filling up the DagBag from /home/airflow/.local/lib/python3.8/site-packages/airflow/example_dags/example_skip_dag.py
[2023-10-17T08:03:47.015+0000] {processor.py:839} INFO - DAG(s) dict_keys(['example_skip_dag']) retrieved from /home/airflow/.local/lib/python3.8/site-packages/airflow/example_dags/example_skip_dag.py
[2023-10-17T08:03:47.032+0000] {logging_mixin.py:151} INFO - [2023-10-17T08:03:47.031+0000] {dag.py:2941} INFO - Sync 1 DAGs
[2023-10-17T08:03:47.052+0000] {logging_mixin.py:151} INFO - [2023-10-17T08:03:47.052+0000] {dag.py:3722} INFO - Setting next_dagrun for example_skip_dag to 2023-10-16T08:03:47.051947+00:00, run_after=2023-10-17T08:03:47.051947+00:00
[2023-10-17T08:03:47.066+0000] {processor.py:179} INFO - Processing /home/airflow/.local/lib/python3.8/site-packages/airflow/example_dags/example_skip_dag.py took 0.060 seconds
[2023-10-17T08:04:17.117+0000] {processor.py:157} INFO - Started process (PID=1146) to work on /home/airflow/.local/lib/python3.8/site-packages/airflow/example_dags/example_skip_dag.py
[2023-10-17T08:04:17.118+0000] {processor.py:829} INFO - Processing file /home/airflow/.local/lib/python3.8/site-packages/airflow/example_dags/example_skip_dag.py for tasks to queue
[2023-10-17T08:04:17.119+0000] {logging_mixin.py:151} INFO - [2023-10-17T08:04:17.119+0000] {dagbag.py:536} INFO - Filling up the DagBag from /home/airflow/.local/lib/python3.8/site-packages/airflow/example_dags/example_skip_dag.py
[2023-10-17T08:04:17.123+0000] {processor.py:839} INFO - DAG(s) dict_keys(['example_skip_dag']) retrieved from /home/airflow/.local/lib/python3.8/site-packages/airflow/example_dags/example_skip_dag.py
[2023-10-17T08:04:17.139+0000] {logging_mixin.py:151} INFO - [2023-10-17T08:04:17.138+0000] {dag.py:2941} INFO - Sync 1 DAGs
[2023-10-17T08:04:17.153+0000] {logging_mixin.py:151} INFO - [2023-10-17T08:04:17.153+0000] {dag.py:3722} INFO - Setting next_dagrun for example_skip_dag to 2023-10-16T08:04:17.152904+00:00, run_after=2023-10-17T08:04:17.152904+00:00
[2023-10-17T08:04:17.166+0000] {processor.py:179} INFO - Processing /home/airflow/.local/lib/python3.8/site-packages/airflow/example_dags/example_skip_dag.py took 0.051 seconds
