[2023-10-17T07:39:53.833+0000] {processor.py:157} INFO - Started process (PID=162) to work on /home/airflow/.local/lib/python3.8/site-packages/airflow/example_dags/example_latest_only_with_trigger.py
[2023-10-17T07:39:53.833+0000] {processor.py:829} INFO - Processing file /home/airflow/.local/lib/python3.8/site-packages/airflow/example_dags/example_latest_only_with_trigger.py for tasks to queue
[2023-10-17T07:39:53.835+0000] {logging_mixin.py:151} INFO - [2023-10-17T07:39:53.834+0000] {dagbag.py:536} INFO - Filling up the DagBag from /home/airflow/.local/lib/python3.8/site-packages/airflow/example_dags/example_latest_only_with_trigger.py
[2023-10-17T07:39:53.839+0000] {processor.py:839} INFO - DAG(s) dict_keys(['latest_only_with_trigger']) retrieved from /home/airflow/.local/lib/python3.8/site-packages/airflow/example_dags/example_latest_only_with_trigger.py
[2023-10-17T07:39:53.855+0000] {logging_mixin.py:151} INFO - [2023-10-17T07:39:53.855+0000] {dag.py:2941} INFO - Sync 1 DAGs
[2023-10-17T07:39:53.872+0000] {logging_mixin.py:151} INFO - [2023-10-17T07:39:53.872+0000] {dag.py:3722} INFO - Setting next_dagrun for latest_only_with_trigger to 2023-10-17T03:39:53.872366+00:00, run_after=2023-10-17T07:39:53.872366+00:00
[2023-10-17T07:39:53.886+0000] {processor.py:179} INFO - Processing /home/airflow/.local/lib/python3.8/site-packages/airflow/example_dags/example_latest_only_with_trigger.py took 0.055 seconds
[2023-10-17T07:40:24.594+0000] {processor.py:157} INFO - Started process (PID=216) to work on /home/airflow/.local/lib/python3.8/site-packages/airflow/example_dags/example_latest_only_with_trigger.py
[2023-10-17T07:40:24.595+0000] {processor.py:829} INFO - Processing file /home/airflow/.local/lib/python3.8/site-packages/airflow/example_dags/example_latest_only_with_trigger.py for tasks to queue
[2023-10-17T07:40:24.596+0000] {logging_mixin.py:151} INFO - [2023-10-17T07:40:24.596+0000] {dagbag.py:536} INFO - Filling up the DagBag from /home/airflow/.local/lib/python3.8/site-packages/airflow/example_dags/example_latest_only_with_trigger.py
[2023-10-17T07:40:24.599+0000] {processor.py:839} INFO - DAG(s) dict_keys(['latest_only_with_trigger']) retrieved from /home/airflow/.local/lib/python3.8/site-packages/airflow/example_dags/example_latest_only_with_trigger.py
[2023-10-17T07:40:24.616+0000] {logging_mixin.py:151} INFO - [2023-10-17T07:40:24.616+0000] {dag.py:2941} INFO - Sync 1 DAGs
[2023-10-17T07:40:24.631+0000] {logging_mixin.py:151} INFO - [2023-10-17T07:40:24.631+0000] {dag.py:3722} INFO - Setting next_dagrun for latest_only_with_trigger to 2023-10-17T03:40:24.631448+00:00, run_after=2023-10-17T07:40:24.631448+00:00
[2023-10-17T07:40:24.643+0000] {processor.py:179} INFO - Processing /home/airflow/.local/lib/python3.8/site-packages/airflow/example_dags/example_latest_only_with_trigger.py took 0.051 seconds
[2023-10-17T07:44:13.027+0000] {processor.py:157} INFO - Started process (PID=72) to work on /home/airflow/.local/lib/python3.8/site-packages/airflow/example_dags/example_latest_only_with_trigger.py
[2023-10-17T07:44:13.027+0000] {processor.py:829} INFO - Processing file /home/airflow/.local/lib/python3.8/site-packages/airflow/example_dags/example_latest_only_with_trigger.py for tasks to queue
[2023-10-17T07:44:13.029+0000] {logging_mixin.py:151} INFO - [2023-10-17T07:44:13.029+0000] {dagbag.py:536} INFO - Filling up the DagBag from /home/airflow/.local/lib/python3.8/site-packages/airflow/example_dags/example_latest_only_with_trigger.py
[2023-10-17T07:44:13.034+0000] {processor.py:839} INFO - DAG(s) dict_keys(['latest_only_with_trigger']) retrieved from /home/airflow/.local/lib/python3.8/site-packages/airflow/example_dags/example_latest_only_with_trigger.py
[2023-10-17T07:44:13.045+0000] {logging_mixin.py:151} INFO - [2023-10-17T07:44:13.045+0000] {dag.py:2941} INFO - Sync 1 DAGs
[2023-10-17T07:44:13.069+0000] {logging_mixin.py:151} INFO - [2023-10-17T07:44:13.069+0000] {dag.py:3722} INFO - Setting next_dagrun for latest_only_with_trigger to 2023-10-17T03:44:13.069232+00:00, run_after=2023-10-17T07:44:13.069232+00:00
[2023-10-17T07:44:13.086+0000] {processor.py:179} INFO - Processing /home/airflow/.local/lib/python3.8/site-packages/airflow/example_dags/example_latest_only_with_trigger.py took 0.061 seconds
[2023-10-17T07:44:43.783+0000] {processor.py:157} INFO - Started process (PID=126) to work on /home/airflow/.local/lib/python3.8/site-packages/airflow/example_dags/example_latest_only_with_trigger.py
[2023-10-17T07:44:43.784+0000] {processor.py:829} INFO - Processing file /home/airflow/.local/lib/python3.8/site-packages/airflow/example_dags/example_latest_only_with_trigger.py for tasks to queue
[2023-10-17T07:44:43.785+0000] {logging_mixin.py:151} INFO - [2023-10-17T07:44:43.785+0000] {dagbag.py:536} INFO - Filling up the DagBag from /home/airflow/.local/lib/python3.8/site-packages/airflow/example_dags/example_latest_only_with_trigger.py
[2023-10-17T07:44:43.789+0000] {processor.py:839} INFO - DAG(s) dict_keys(['latest_only_with_trigger']) retrieved from /home/airflow/.local/lib/python3.8/site-packages/airflow/example_dags/example_latest_only_with_trigger.py
[2023-10-17T07:44:43.807+0000] {logging_mixin.py:151} INFO - [2023-10-17T07:44:43.806+0000] {dag.py:2941} INFO - Sync 1 DAGs
[2023-10-17T07:44:43.825+0000] {logging_mixin.py:151} INFO - [2023-10-17T07:44:43.825+0000] {dag.py:3722} INFO - Setting next_dagrun for latest_only_with_trigger to 2023-10-17T03:44:43.825470+00:00, run_after=2023-10-17T07:44:43.825470+00:00
[2023-10-17T07:44:43.840+0000] {processor.py:179} INFO - Processing /home/airflow/.local/lib/python3.8/site-packages/airflow/example_dags/example_latest_only_with_trigger.py took 0.059 seconds
[2023-10-17T07:45:14.476+0000] {processor.py:157} INFO - Started process (PID=181) to work on /home/airflow/.local/lib/python3.8/site-packages/airflow/example_dags/example_latest_only_with_trigger.py
[2023-10-17T07:45:14.477+0000] {processor.py:829} INFO - Processing file /home/airflow/.local/lib/python3.8/site-packages/airflow/example_dags/example_latest_only_with_trigger.py for tasks to queue
[2023-10-17T07:45:14.478+0000] {logging_mixin.py:151} INFO - [2023-10-17T07:45:14.478+0000] {dagbag.py:536} INFO - Filling up the DagBag from /home/airflow/.local/lib/python3.8/site-packages/airflow/example_dags/example_latest_only_with_trigger.py
[2023-10-17T07:45:14.482+0000] {processor.py:839} INFO - DAG(s) dict_keys(['latest_only_with_trigger']) retrieved from /home/airflow/.local/lib/python3.8/site-packages/airflow/example_dags/example_latest_only_with_trigger.py
[2023-10-17T07:45:14.496+0000] {logging_mixin.py:151} INFO - [2023-10-17T07:45:14.496+0000] {dag.py:2941} INFO - Sync 1 DAGs
[2023-10-17T07:45:14.516+0000] {logging_mixin.py:151} INFO - [2023-10-17T07:45:14.516+0000] {dag.py:3722} INFO - Setting next_dagrun for latest_only_with_trigger to 2023-10-17T03:45:14.516519+00:00, run_after=2023-10-17T07:45:14.516519+00:00
[2023-10-17T07:45:14.534+0000] {processor.py:179} INFO - Processing /home/airflow/.local/lib/python3.8/site-packages/airflow/example_dags/example_latest_only_with_trigger.py took 0.060 seconds
[2023-10-17T07:45:45.356+0000] {processor.py:157} INFO - Started process (PID=235) to work on /home/airflow/.local/lib/python3.8/site-packages/airflow/example_dags/example_latest_only_with_trigger.py
[2023-10-17T07:45:45.356+0000] {processor.py:829} INFO - Processing file /home/airflow/.local/lib/python3.8/site-packages/airflow/example_dags/example_latest_only_with_trigger.py for tasks to queue
[2023-10-17T07:45:45.357+0000] {logging_mixin.py:151} INFO - [2023-10-17T07:45:45.357+0000] {dagbag.py:536} INFO - Filling up the DagBag from /home/airflow/.local/lib/python3.8/site-packages/airflow/example_dags/example_latest_only_with_trigger.py
[2023-10-17T07:45:45.361+0000] {processor.py:839} INFO - DAG(s) dict_keys(['latest_only_with_trigger']) retrieved from /home/airflow/.local/lib/python3.8/site-packages/airflow/example_dags/example_latest_only_with_trigger.py
[2023-10-17T07:45:45.377+0000] {logging_mixin.py:151} INFO - [2023-10-17T07:45:45.377+0000] {dag.py:2941} INFO - Sync 1 DAGs
[2023-10-17T07:45:45.392+0000] {logging_mixin.py:151} INFO - [2023-10-17T07:45:45.392+0000] {dag.py:3722} INFO - Setting next_dagrun for latest_only_with_trigger to 2023-10-17T03:45:45.392577+00:00, run_after=2023-10-17T07:45:45.392577+00:00
[2023-10-17T07:45:45.405+0000] {processor.py:179} INFO - Processing /home/airflow/.local/lib/python3.8/site-packages/airflow/example_dags/example_latest_only_with_trigger.py took 0.051 seconds
[2023-10-17T07:46:15.737+0000] {processor.py:157} INFO - Started process (PID=289) to work on /home/airflow/.local/lib/python3.8/site-packages/airflow/example_dags/example_latest_only_with_trigger.py
[2023-10-17T07:46:15.738+0000] {processor.py:829} INFO - Processing file /home/airflow/.local/lib/python3.8/site-packages/airflow/example_dags/example_latest_only_with_trigger.py for tasks to queue
[2023-10-17T07:46:15.739+0000] {logging_mixin.py:151} INFO - [2023-10-17T07:46:15.739+0000] {dagbag.py:536} INFO - Filling up the DagBag from /home/airflow/.local/lib/python3.8/site-packages/airflow/example_dags/example_latest_only_with_trigger.py
[2023-10-17T07:46:15.745+0000] {processor.py:839} INFO - DAG(s) dict_keys(['latest_only_with_trigger']) retrieved from /home/airflow/.local/lib/python3.8/site-packages/airflow/example_dags/example_latest_only_with_trigger.py
[2023-10-17T07:46:15.762+0000] {logging_mixin.py:151} INFO - [2023-10-17T07:46:15.762+0000] {dag.py:2941} INFO - Sync 1 DAGs
[2023-10-17T07:46:15.785+0000] {logging_mixin.py:151} INFO - [2023-10-17T07:46:15.785+0000] {dag.py:3722} INFO - Setting next_dagrun for latest_only_with_trigger to 2023-10-17T03:46:15.785253+00:00, run_after=2023-10-17T07:46:15.785253+00:00
[2023-10-17T07:46:15.803+0000] {processor.py:179} INFO - Processing /home/airflow/.local/lib/python3.8/site-packages/airflow/example_dags/example_latest_only_with_trigger.py took 0.068 seconds
[2023-10-17T07:54:08.119+0000] {processor.py:157} INFO - Started process (PID=72) to work on /home/airflow/.local/lib/python3.8/site-packages/airflow/example_dags/example_latest_only_with_trigger.py
[2023-10-17T07:54:08.120+0000] {processor.py:829} INFO - Processing file /home/airflow/.local/lib/python3.8/site-packages/airflow/example_dags/example_latest_only_with_trigger.py for tasks to queue
[2023-10-17T07:54:08.121+0000] {logging_mixin.py:151} INFO - [2023-10-17T07:54:08.121+0000] {dagbag.py:536} INFO - Filling up the DagBag from /home/airflow/.local/lib/python3.8/site-packages/airflow/example_dags/example_latest_only_with_trigger.py
[2023-10-17T07:54:08.125+0000] {processor.py:839} INFO - DAG(s) dict_keys(['latest_only_with_trigger']) retrieved from /home/airflow/.local/lib/python3.8/site-packages/airflow/example_dags/example_latest_only_with_trigger.py
[2023-10-17T07:54:08.134+0000] {logging_mixin.py:151} INFO - [2023-10-17T07:54:08.134+0000] {dag.py:2941} INFO - Sync 1 DAGs
[2023-10-17T07:54:08.160+0000] {logging_mixin.py:151} INFO - [2023-10-17T07:54:08.160+0000] {dag.py:3722} INFO - Setting next_dagrun for latest_only_with_trigger to 2023-10-17T03:54:08.160211+00:00, run_after=2023-10-17T07:54:08.160211+00:00
[2023-10-17T07:54:08.181+0000] {processor.py:179} INFO - Processing /home/airflow/.local/lib/python3.8/site-packages/airflow/example_dags/example_latest_only_with_trigger.py took 0.064 seconds
[2023-10-17T07:54:38.914+0000] {processor.py:157} INFO - Started process (PID=126) to work on /home/airflow/.local/lib/python3.8/site-packages/airflow/example_dags/example_latest_only_with_trigger.py
[2023-10-17T07:54:38.915+0000] {processor.py:829} INFO - Processing file /home/airflow/.local/lib/python3.8/site-packages/airflow/example_dags/example_latest_only_with_trigger.py for tasks to queue
[2023-10-17T07:54:38.916+0000] {logging_mixin.py:151} INFO - [2023-10-17T07:54:38.916+0000] {dagbag.py:536} INFO - Filling up the DagBag from /home/airflow/.local/lib/python3.8/site-packages/airflow/example_dags/example_latest_only_with_trigger.py
[2023-10-17T07:54:38.919+0000] {processor.py:839} INFO - DAG(s) dict_keys(['latest_only_with_trigger']) retrieved from /home/airflow/.local/lib/python3.8/site-packages/airflow/example_dags/example_latest_only_with_trigger.py
[2023-10-17T07:54:38.934+0000] {logging_mixin.py:151} INFO - [2023-10-17T07:54:38.933+0000] {dag.py:2941} INFO - Sync 1 DAGs
[2023-10-17T07:54:38.950+0000] {logging_mixin.py:151} INFO - [2023-10-17T07:54:38.950+0000] {dag.py:3722} INFO - Setting next_dagrun for latest_only_with_trigger to 2023-10-17T03:54:38.949846+00:00, run_after=2023-10-17T07:54:38.949846+00:00
[2023-10-17T07:54:38.964+0000] {processor.py:179} INFO - Processing /home/airflow/.local/lib/python3.8/site-packages/airflow/example_dags/example_latest_only_with_trigger.py took 0.052 seconds
[2023-10-17T07:55:09.294+0000] {processor.py:157} INFO - Started process (PID=180) to work on /home/airflow/.local/lib/python3.8/site-packages/airflow/example_dags/example_latest_only_with_trigger.py
[2023-10-17T07:55:09.294+0000] {processor.py:829} INFO - Processing file /home/airflow/.local/lib/python3.8/site-packages/airflow/example_dags/example_latest_only_with_trigger.py for tasks to queue
[2023-10-17T07:55:09.295+0000] {logging_mixin.py:151} INFO - [2023-10-17T07:55:09.295+0000] {dagbag.py:536} INFO - Filling up the DagBag from /home/airflow/.local/lib/python3.8/site-packages/airflow/example_dags/example_latest_only_with_trigger.py
[2023-10-17T07:55:09.299+0000] {processor.py:839} INFO - DAG(s) dict_keys(['latest_only_with_trigger']) retrieved from /home/airflow/.local/lib/python3.8/site-packages/airflow/example_dags/example_latest_only_with_trigger.py
[2023-10-17T07:55:09.314+0000] {logging_mixin.py:151} INFO - [2023-10-17T07:55:09.313+0000] {dag.py:2941} INFO - Sync 1 DAGs
[2023-10-17T07:55:09.329+0000] {logging_mixin.py:151} INFO - [2023-10-17T07:55:09.329+0000] {dag.py:3722} INFO - Setting next_dagrun for latest_only_with_trigger to 2023-10-17T03:55:09.329464+00:00, run_after=2023-10-17T07:55:09.329464+00:00
[2023-10-17T07:55:09.343+0000] {processor.py:179} INFO - Processing /home/airflow/.local/lib/python3.8/site-packages/airflow/example_dags/example_latest_only_with_trigger.py took 0.051 seconds
[2023-10-17T07:55:40.109+0000] {processor.py:157} INFO - Started process (PID=234) to work on /home/airflow/.local/lib/python3.8/site-packages/airflow/example_dags/example_latest_only_with_trigger.py
[2023-10-17T07:55:40.110+0000] {processor.py:829} INFO - Processing file /home/airflow/.local/lib/python3.8/site-packages/airflow/example_dags/example_latest_only_with_trigger.py for tasks to queue
[2023-10-17T07:55:40.111+0000] {logging_mixin.py:151} INFO - [2023-10-17T07:55:40.111+0000] {dagbag.py:536} INFO - Filling up the DagBag from /home/airflow/.local/lib/python3.8/site-packages/airflow/example_dags/example_latest_only_with_trigger.py
[2023-10-17T07:55:40.115+0000] {processor.py:839} INFO - DAG(s) dict_keys(['latest_only_with_trigger']) retrieved from /home/airflow/.local/lib/python3.8/site-packages/airflow/example_dags/example_latest_only_with_trigger.py
[2023-10-17T07:55:40.133+0000] {logging_mixin.py:151} INFO - [2023-10-17T07:55:40.132+0000] {dag.py:2941} INFO - Sync 1 DAGs
[2023-10-17T07:55:40.153+0000] {logging_mixin.py:151} INFO - [2023-10-17T07:55:40.153+0000] {dag.py:3722} INFO - Setting next_dagrun for latest_only_with_trigger to 2023-10-17T03:55:40.152971+00:00, run_after=2023-10-17T07:55:40.152971+00:00
[2023-10-17T07:55:40.174+0000] {processor.py:179} INFO - Processing /home/airflow/.local/lib/python3.8/site-packages/airflow/example_dags/example_latest_only_with_trigger.py took 0.067 seconds
[2023-10-17T07:56:10.210+0000] {processor.py:157} INFO - Started process (PID=287) to work on /home/airflow/.local/lib/python3.8/site-packages/airflow/example_dags/example_latest_only_with_trigger.py
[2023-10-17T07:56:10.213+0000] {processor.py:829} INFO - Processing file /home/airflow/.local/lib/python3.8/site-packages/airflow/example_dags/example_latest_only_with_trigger.py for tasks to queue
[2023-10-17T07:56:10.214+0000] {logging_mixin.py:151} INFO - [2023-10-17T07:56:10.214+0000] {dagbag.py:536} INFO - Filling up the DagBag from /home/airflow/.local/lib/python3.8/site-packages/airflow/example_dags/example_latest_only_with_trigger.py
[2023-10-17T07:56:10.218+0000] {processor.py:839} INFO - DAG(s) dict_keys(['latest_only_with_trigger']) retrieved from /home/airflow/.local/lib/python3.8/site-packages/airflow/example_dags/example_latest_only_with_trigger.py
[2023-10-17T07:56:10.234+0000] {logging_mixin.py:151} INFO - [2023-10-17T07:56:10.234+0000] {dag.py:2941} INFO - Sync 1 DAGs
[2023-10-17T07:56:10.248+0000] {logging_mixin.py:151} INFO - [2023-10-17T07:56:10.248+0000] {dag.py:3722} INFO - Setting next_dagrun for latest_only_with_trigger to 2023-10-17T03:56:10.247930+00:00, run_after=2023-10-17T07:56:10.247930+00:00
[2023-10-17T07:56:10.271+0000] {processor.py:179} INFO - Processing /home/airflow/.local/lib/python3.8/site-packages/airflow/example_dags/example_latest_only_with_trigger.py took 0.063 seconds
[2023-10-17T07:56:40.726+0000] {processor.py:157} INFO - Started process (PID=342) to work on /home/airflow/.local/lib/python3.8/site-packages/airflow/example_dags/example_latest_only_with_trigger.py
[2023-10-17T07:56:40.726+0000] {processor.py:829} INFO - Processing file /home/airflow/.local/lib/python3.8/site-packages/airflow/example_dags/example_latest_only_with_trigger.py for tasks to queue
[2023-10-17T07:56:40.727+0000] {logging_mixin.py:151} INFO - [2023-10-17T07:56:40.727+0000] {dagbag.py:536} INFO - Filling up the DagBag from /home/airflow/.local/lib/python3.8/site-packages/airflow/example_dags/example_latest_only_with_trigger.py
[2023-10-17T07:56:40.731+0000] {processor.py:839} INFO - DAG(s) dict_keys(['latest_only_with_trigger']) retrieved from /home/airflow/.local/lib/python3.8/site-packages/airflow/example_dags/example_latest_only_with_trigger.py
[2023-10-17T07:56:40.746+0000] {logging_mixin.py:151} INFO - [2023-10-17T07:56:40.745+0000] {dag.py:2941} INFO - Sync 1 DAGs
[2023-10-17T07:56:40.761+0000] {logging_mixin.py:151} INFO - [2023-10-17T07:56:40.761+0000] {dag.py:3722} INFO - Setting next_dagrun for latest_only_with_trigger to 2023-10-17T03:56:40.761111+00:00, run_after=2023-10-17T07:56:40.761111+00:00
[2023-10-17T07:56:40.775+0000] {processor.py:179} INFO - Processing /home/airflow/.local/lib/python3.8/site-packages/airflow/example_dags/example_latest_only_with_trigger.py took 0.051 seconds
[2023-10-17T07:57:11.442+0000] {processor.py:157} INFO - Started process (PID=396) to work on /home/airflow/.local/lib/python3.8/site-packages/airflow/example_dags/example_latest_only_with_trigger.py
[2023-10-17T07:57:11.443+0000] {processor.py:829} INFO - Processing file /home/airflow/.local/lib/python3.8/site-packages/airflow/example_dags/example_latest_only_with_trigger.py for tasks to queue
[2023-10-17T07:57:11.444+0000] {logging_mixin.py:151} INFO - [2023-10-17T07:57:11.444+0000] {dagbag.py:536} INFO - Filling up the DagBag from /home/airflow/.local/lib/python3.8/site-packages/airflow/example_dags/example_latest_only_with_trigger.py
[2023-10-17T07:57:11.447+0000] {processor.py:839} INFO - DAG(s) dict_keys(['latest_only_with_trigger']) retrieved from /home/airflow/.local/lib/python3.8/site-packages/airflow/example_dags/example_latest_only_with_trigger.py
[2023-10-17T07:57:11.461+0000] {logging_mixin.py:151} INFO - [2023-10-17T07:57:11.461+0000] {dag.py:2941} INFO - Sync 1 DAGs
[2023-10-17T07:57:11.476+0000] {logging_mixin.py:151} INFO - [2023-10-17T07:57:11.475+0000] {dag.py:3722} INFO - Setting next_dagrun for latest_only_with_trigger to 2023-10-17T03:57:11.475772+00:00, run_after=2023-10-17T07:57:11.475772+00:00
[2023-10-17T07:57:11.489+0000] {processor.py:179} INFO - Processing /home/airflow/.local/lib/python3.8/site-packages/airflow/example_dags/example_latest_only_with_trigger.py took 0.050 seconds
[2023-10-17T07:57:42.413+0000] {processor.py:157} INFO - Started process (PID=450) to work on /home/airflow/.local/lib/python3.8/site-packages/airflow/example_dags/example_latest_only_with_trigger.py
[2023-10-17T07:57:42.413+0000] {processor.py:829} INFO - Processing file /home/airflow/.local/lib/python3.8/site-packages/airflow/example_dags/example_latest_only_with_trigger.py for tasks to queue
[2023-10-17T07:57:42.415+0000] {logging_mixin.py:151} INFO - [2023-10-17T07:57:42.415+0000] {dagbag.py:536} INFO - Filling up the DagBag from /home/airflow/.local/lib/python3.8/site-packages/airflow/example_dags/example_latest_only_with_trigger.py
[2023-10-17T07:57:42.418+0000] {processor.py:839} INFO - DAG(s) dict_keys(['latest_only_with_trigger']) retrieved from /home/airflow/.local/lib/python3.8/site-packages/airflow/example_dags/example_latest_only_with_trigger.py
[2023-10-17T07:57:42.433+0000] {logging_mixin.py:151} INFO - [2023-10-17T07:57:42.433+0000] {dag.py:2941} INFO - Sync 1 DAGs
[2023-10-17T07:57:42.449+0000] {logging_mixin.py:151} INFO - [2023-10-17T07:57:42.449+0000] {dag.py:3722} INFO - Setting next_dagrun for latest_only_with_trigger to 2023-10-17T03:57:42.448908+00:00, run_after=2023-10-17T07:57:42.448908+00:00
[2023-10-17T07:57:42.463+0000] {processor.py:179} INFO - Processing /home/airflow/.local/lib/python3.8/site-packages/airflow/example_dags/example_latest_only_with_trigger.py took 0.052 seconds
[2023-10-17T07:58:12.937+0000] {processor.py:157} INFO - Started process (PID=504) to work on /home/airflow/.local/lib/python3.8/site-packages/airflow/example_dags/example_latest_only_with_trigger.py
[2023-10-17T07:58:12.937+0000] {processor.py:829} INFO - Processing file /home/airflow/.local/lib/python3.8/site-packages/airflow/example_dags/example_latest_only_with_trigger.py for tasks to queue
[2023-10-17T07:58:12.939+0000] {logging_mixin.py:151} INFO - [2023-10-17T07:58:12.939+0000] {dagbag.py:536} INFO - Filling up the DagBag from /home/airflow/.local/lib/python3.8/site-packages/airflow/example_dags/example_latest_only_with_trigger.py
[2023-10-17T07:58:12.945+0000] {processor.py:839} INFO - DAG(s) dict_keys(['latest_only_with_trigger']) retrieved from /home/airflow/.local/lib/python3.8/site-packages/airflow/example_dags/example_latest_only_with_trigger.py
[2023-10-17T07:58:12.968+0000] {logging_mixin.py:151} INFO - [2023-10-17T07:58:12.968+0000] {dag.py:2941} INFO - Sync 1 DAGs
[2023-10-17T07:58:12.989+0000] {logging_mixin.py:151} INFO - [2023-10-17T07:58:12.989+0000] {dag.py:3722} INFO - Setting next_dagrun for latest_only_with_trigger to 2023-10-17T03:58:12.989244+00:00, run_after=2023-10-17T07:58:12.989244+00:00
[2023-10-17T07:58:13.005+0000] {processor.py:179} INFO - Processing /home/airflow/.local/lib/python3.8/site-packages/airflow/example_dags/example_latest_only_with_trigger.py took 0.071 seconds
[2023-10-17T07:58:43.974+0000] {processor.py:157} INFO - Started process (PID=558) to work on /home/airflow/.local/lib/python3.8/site-packages/airflow/example_dags/example_latest_only_with_trigger.py
[2023-10-17T07:58:43.974+0000] {processor.py:829} INFO - Processing file /home/airflow/.local/lib/python3.8/site-packages/airflow/example_dags/example_latest_only_with_trigger.py for tasks to queue
[2023-10-17T07:58:43.976+0000] {logging_mixin.py:151} INFO - [2023-10-17T07:58:43.976+0000] {dagbag.py:536} INFO - Filling up the DagBag from /home/airflow/.local/lib/python3.8/site-packages/airflow/example_dags/example_latest_only_with_trigger.py
[2023-10-17T07:58:43.980+0000] {processor.py:839} INFO - DAG(s) dict_keys(['latest_only_with_trigger']) retrieved from /home/airflow/.local/lib/python3.8/site-packages/airflow/example_dags/example_latest_only_with_trigger.py
[2023-10-17T07:58:43.994+0000] {logging_mixin.py:151} INFO - [2023-10-17T07:58:43.994+0000] {dag.py:2941} INFO - Sync 1 DAGs
[2023-10-17T07:58:44.008+0000] {logging_mixin.py:151} INFO - [2023-10-17T07:58:44.008+0000] {dag.py:3722} INFO - Setting next_dagrun for latest_only_with_trigger to 2023-10-17T03:58:44.008146+00:00, run_after=2023-10-17T07:58:44.008146+00:00
[2023-10-17T07:58:44.021+0000] {processor.py:179} INFO - Processing /home/airflow/.local/lib/python3.8/site-packages/airflow/example_dags/example_latest_only_with_trigger.py took 0.049 seconds
[2023-10-17T07:59:14.047+0000] {processor.py:157} INFO - Started process (PID=611) to work on /home/airflow/.local/lib/python3.8/site-packages/airflow/example_dags/example_latest_only_with_trigger.py
[2023-10-17T07:59:14.049+0000] {processor.py:829} INFO - Processing file /home/airflow/.local/lib/python3.8/site-packages/airflow/example_dags/example_latest_only_with_trigger.py for tasks to queue
[2023-10-17T07:59:14.051+0000] {logging_mixin.py:151} INFO - [2023-10-17T07:59:14.051+0000] {dagbag.py:536} INFO - Filling up the DagBag from /home/airflow/.local/lib/python3.8/site-packages/airflow/example_dags/example_latest_only_with_trigger.py
[2023-10-17T07:59:14.057+0000] {processor.py:839} INFO - DAG(s) dict_keys(['latest_only_with_trigger']) retrieved from /home/airflow/.local/lib/python3.8/site-packages/airflow/example_dags/example_latest_only_with_trigger.py
[2023-10-17T07:59:14.078+0000] {logging_mixin.py:151} INFO - [2023-10-17T07:59:14.077+0000] {dag.py:2941} INFO - Sync 1 DAGs
[2023-10-17T07:59:14.092+0000] {logging_mixin.py:151} INFO - [2023-10-17T07:59:14.092+0000] {dag.py:3722} INFO - Setting next_dagrun for latest_only_with_trigger to 2023-10-17T03:59:14.092552+00:00, run_after=2023-10-17T07:59:14.092552+00:00
[2023-10-17T07:59:14.103+0000] {processor.py:179} INFO - Processing /home/airflow/.local/lib/python3.8/site-packages/airflow/example_dags/example_latest_only_with_trigger.py took 0.059 seconds
[2023-10-17T07:59:44.228+0000] {processor.py:157} INFO - Started process (PID=665) to work on /home/airflow/.local/lib/python3.8/site-packages/airflow/example_dags/example_latest_only_with_trigger.py
[2023-10-17T07:59:44.237+0000] {processor.py:829} INFO - Processing file /home/airflow/.local/lib/python3.8/site-packages/airflow/example_dags/example_latest_only_with_trigger.py for tasks to queue
[2023-10-17T07:59:44.238+0000] {logging_mixin.py:151} INFO - [2023-10-17T07:59:44.238+0000] {dagbag.py:536} INFO - Filling up the DagBag from /home/airflow/.local/lib/python3.8/site-packages/airflow/example_dags/example_latest_only_with_trigger.py
[2023-10-17T07:59:44.242+0000] {processor.py:839} INFO - DAG(s) dict_keys(['latest_only_with_trigger']) retrieved from /home/airflow/.local/lib/python3.8/site-packages/airflow/example_dags/example_latest_only_with_trigger.py
[2023-10-17T07:59:44.261+0000] {logging_mixin.py:151} INFO - [2023-10-17T07:59:44.260+0000] {dag.py:2941} INFO - Sync 1 DAGs
[2023-10-17T07:59:44.281+0000] {logging_mixin.py:151} INFO - [2023-10-17T07:59:44.281+0000] {dag.py:3722} INFO - Setting next_dagrun for latest_only_with_trigger to 2023-10-17T03:59:44.281327+00:00, run_after=2023-10-17T07:59:44.281327+00:00
[2023-10-17T07:59:44.296+0000] {processor.py:179} INFO - Processing /home/airflow/.local/lib/python3.8/site-packages/airflow/example_dags/example_latest_only_with_trigger.py took 0.070 seconds
[2023-10-17T08:00:14.340+0000] {processor.py:157} INFO - Started process (PID=720) to work on /home/airflow/.local/lib/python3.8/site-packages/airflow/example_dags/example_latest_only_with_trigger.py
[2023-10-17T08:00:14.340+0000] {processor.py:829} INFO - Processing file /home/airflow/.local/lib/python3.8/site-packages/airflow/example_dags/example_latest_only_with_trigger.py for tasks to queue
[2023-10-17T08:00:14.341+0000] {logging_mixin.py:151} INFO - [2023-10-17T08:00:14.341+0000] {dagbag.py:536} INFO - Filling up the DagBag from /home/airflow/.local/lib/python3.8/site-packages/airflow/example_dags/example_latest_only_with_trigger.py
[2023-10-17T08:00:14.346+0000] {processor.py:839} INFO - DAG(s) dict_keys(['latest_only_with_trigger']) retrieved from /home/airflow/.local/lib/python3.8/site-packages/airflow/example_dags/example_latest_only_with_trigger.py
[2023-10-17T08:00:14.364+0000] {logging_mixin.py:151} INFO - [2023-10-17T08:00:14.364+0000] {dag.py:2941} INFO - Sync 1 DAGs
[2023-10-17T08:00:14.384+0000] {logging_mixin.py:151} INFO - [2023-10-17T08:00:14.384+0000] {dag.py:3722} INFO - Setting next_dagrun for latest_only_with_trigger to 2023-10-17T04:00:14.383945+00:00, run_after=2023-10-17T08:00:14.383945+00:00
[2023-10-17T08:00:14.398+0000] {processor.py:179} INFO - Processing /home/airflow/.local/lib/python3.8/site-packages/airflow/example_dags/example_latest_only_with_trigger.py took 0.061 seconds
[2023-10-17T08:00:44.546+0000] {processor.py:157} INFO - Started process (PID=773) to work on /home/airflow/.local/lib/python3.8/site-packages/airflow/example_dags/example_latest_only_with_trigger.py
[2023-10-17T08:00:44.547+0000] {processor.py:829} INFO - Processing file /home/airflow/.local/lib/python3.8/site-packages/airflow/example_dags/example_latest_only_with_trigger.py for tasks to queue
[2023-10-17T08:00:44.550+0000] {logging_mixin.py:151} INFO - [2023-10-17T08:00:44.549+0000] {dagbag.py:536} INFO - Filling up the DagBag from /home/airflow/.local/lib/python3.8/site-packages/airflow/example_dags/example_latest_only_with_trigger.py
[2023-10-17T08:00:44.556+0000] {processor.py:839} INFO - DAG(s) dict_keys(['latest_only_with_trigger']) retrieved from /home/airflow/.local/lib/python3.8/site-packages/airflow/example_dags/example_latest_only_with_trigger.py
[2023-10-17T08:00:44.574+0000] {logging_mixin.py:151} INFO - [2023-10-17T08:00:44.574+0000] {dag.py:2941} INFO - Sync 1 DAGs
[2023-10-17T08:00:44.596+0000] {logging_mixin.py:151} INFO - [2023-10-17T08:00:44.595+0000] {dag.py:3722} INFO - Setting next_dagrun for latest_only_with_trigger to 2023-10-17T04:00:44.595504+00:00, run_after=2023-10-17T08:00:44.595504+00:00
[2023-10-17T08:00:44.617+0000] {processor.py:179} INFO - Processing /home/airflow/.local/lib/python3.8/site-packages/airflow/example_dags/example_latest_only_with_trigger.py took 0.074 seconds
[2023-10-17T08:01:14.812+0000] {processor.py:157} INFO - Started process (PID=827) to work on /home/airflow/.local/lib/python3.8/site-packages/airflow/example_dags/example_latest_only_with_trigger.py
[2023-10-17T08:01:14.813+0000] {processor.py:829} INFO - Processing file /home/airflow/.local/lib/python3.8/site-packages/airflow/example_dags/example_latest_only_with_trigger.py for tasks to queue
[2023-10-17T08:01:14.814+0000] {logging_mixin.py:151} INFO - [2023-10-17T08:01:14.814+0000] {dagbag.py:536} INFO - Filling up the DagBag from /home/airflow/.local/lib/python3.8/site-packages/airflow/example_dags/example_latest_only_with_trigger.py
[2023-10-17T08:01:14.818+0000] {processor.py:839} INFO - DAG(s) dict_keys(['latest_only_with_trigger']) retrieved from /home/airflow/.local/lib/python3.8/site-packages/airflow/example_dags/example_latest_only_with_trigger.py
[2023-10-17T08:01:14.834+0000] {logging_mixin.py:151} INFO - [2023-10-17T08:01:14.834+0000] {dag.py:2941} INFO - Sync 1 DAGs
[2023-10-17T08:01:14.851+0000] {logging_mixin.py:151} INFO - [2023-10-17T08:01:14.851+0000] {dag.py:3722} INFO - Setting next_dagrun for latest_only_with_trigger to 2023-10-17T04:01:14.851254+00:00, run_after=2023-10-17T08:01:14.851254+00:00
[2023-10-17T08:01:14.863+0000] {processor.py:179} INFO - Processing /home/airflow/.local/lib/python3.8/site-packages/airflow/example_dags/example_latest_only_with_trigger.py took 0.053 seconds
[2023-10-17T08:01:45.807+0000] {processor.py:157} INFO - Started process (PID=881) to work on /home/airflow/.local/lib/python3.8/site-packages/airflow/example_dags/example_latest_only_with_trigger.py
[2023-10-17T08:01:45.815+0000] {processor.py:829} INFO - Processing file /home/airflow/.local/lib/python3.8/site-packages/airflow/example_dags/example_latest_only_with_trigger.py for tasks to queue
[2023-10-17T08:01:45.817+0000] {logging_mixin.py:151} INFO - [2023-10-17T08:01:45.817+0000] {dagbag.py:536} INFO - Filling up the DagBag from /home/airflow/.local/lib/python3.8/site-packages/airflow/example_dags/example_latest_only_with_trigger.py
[2023-10-17T08:01:45.821+0000] {processor.py:839} INFO - DAG(s) dict_keys(['latest_only_with_trigger']) retrieved from /home/airflow/.local/lib/python3.8/site-packages/airflow/example_dags/example_latest_only_with_trigger.py
[2023-10-17T08:01:45.838+0000] {logging_mixin.py:151} INFO - [2023-10-17T08:01:45.838+0000] {dag.py:2941} INFO - Sync 1 DAGs
[2023-10-17T08:01:45.853+0000] {logging_mixin.py:151} INFO - [2023-10-17T08:01:45.852+0000] {dag.py:3722} INFO - Setting next_dagrun for latest_only_with_trigger to 2023-10-17T04:01:45.852716+00:00, run_after=2023-10-17T08:01:45.852716+00:00
[2023-10-17T08:01:45.866+0000] {processor.py:179} INFO - Processing /home/airflow/.local/lib/python3.8/site-packages/airflow/example_dags/example_latest_only_with_trigger.py took 0.061 seconds
[2023-10-17T08:02:16.735+0000] {processor.py:157} INFO - Started process (PID=935) to work on /home/airflow/.local/lib/python3.8/site-packages/airflow/example_dags/example_latest_only_with_trigger.py
[2023-10-17T08:02:16.743+0000] {processor.py:829} INFO - Processing file /home/airflow/.local/lib/python3.8/site-packages/airflow/example_dags/example_latest_only_with_trigger.py for tasks to queue
[2023-10-17T08:02:16.744+0000] {logging_mixin.py:151} INFO - [2023-10-17T08:02:16.744+0000] {dagbag.py:536} INFO - Filling up the DagBag from /home/airflow/.local/lib/python3.8/site-packages/airflow/example_dags/example_latest_only_with_trigger.py
[2023-10-17T08:02:16.748+0000] {processor.py:839} INFO - DAG(s) dict_keys(['latest_only_with_trigger']) retrieved from /home/airflow/.local/lib/python3.8/site-packages/airflow/example_dags/example_latest_only_with_trigger.py
[2023-10-17T08:02:16.763+0000] {logging_mixin.py:151} INFO - [2023-10-17T08:02:16.763+0000] {dag.py:2941} INFO - Sync 1 DAGs
[2023-10-17T08:02:16.777+0000] {logging_mixin.py:151} INFO - [2023-10-17T08:02:16.777+0000] {dag.py:3722} INFO - Setting next_dagrun for latest_only_with_trigger to 2023-10-17T04:02:16.777453+00:00, run_after=2023-10-17T08:02:16.777453+00:00
[2023-10-17T08:02:16.791+0000] {processor.py:179} INFO - Processing /home/airflow/.local/lib/python3.8/site-packages/airflow/example_dags/example_latest_only_with_trigger.py took 0.058 seconds
[2023-10-17T08:02:47.160+0000] {processor.py:157} INFO - Started process (PID=989) to work on /home/airflow/.local/lib/python3.8/site-packages/airflow/example_dags/example_latest_only_with_trigger.py
[2023-10-17T08:02:47.161+0000] {processor.py:829} INFO - Processing file /home/airflow/.local/lib/python3.8/site-packages/airflow/example_dags/example_latest_only_with_trigger.py for tasks to queue
[2023-10-17T08:02:47.162+0000] {logging_mixin.py:151} INFO - [2023-10-17T08:02:47.162+0000] {dagbag.py:536} INFO - Filling up the DagBag from /home/airflow/.local/lib/python3.8/site-packages/airflow/example_dags/example_latest_only_with_trigger.py
[2023-10-17T08:02:47.165+0000] {processor.py:839} INFO - DAG(s) dict_keys(['latest_only_with_trigger']) retrieved from /home/airflow/.local/lib/python3.8/site-packages/airflow/example_dags/example_latest_only_with_trigger.py
[2023-10-17T08:02:47.180+0000] {logging_mixin.py:151} INFO - [2023-10-17T08:02:47.180+0000] {dag.py:2941} INFO - Sync 1 DAGs
[2023-10-17T08:02:47.195+0000] {logging_mixin.py:151} INFO - [2023-10-17T08:02:47.194+0000] {dag.py:3722} INFO - Setting next_dagrun for latest_only_with_trigger to 2023-10-17T04:02:47.194717+00:00, run_after=2023-10-17T08:02:47.194717+00:00
[2023-10-17T08:02:47.207+0000] {processor.py:179} INFO - Processing /home/airflow/.local/lib/python3.8/site-packages/airflow/example_dags/example_latest_only_with_trigger.py took 0.049 seconds
[2023-10-17T08:03:17.980+0000] {processor.py:157} INFO - Started process (PID=1043) to work on /home/airflow/.local/lib/python3.8/site-packages/airflow/example_dags/example_latest_only_with_trigger.py
[2023-10-17T08:03:17.988+0000] {processor.py:829} INFO - Processing file /home/airflow/.local/lib/python3.8/site-packages/airflow/example_dags/example_latest_only_with_trigger.py for tasks to queue
[2023-10-17T08:03:17.989+0000] {logging_mixin.py:151} INFO - [2023-10-17T08:03:17.989+0000] {dagbag.py:536} INFO - Filling up the DagBag from /home/airflow/.local/lib/python3.8/site-packages/airflow/example_dags/example_latest_only_with_trigger.py
[2023-10-17T08:03:17.993+0000] {processor.py:839} INFO - DAG(s) dict_keys(['latest_only_with_trigger']) retrieved from /home/airflow/.local/lib/python3.8/site-packages/airflow/example_dags/example_latest_only_with_trigger.py
[2023-10-17T08:03:18.007+0000] {logging_mixin.py:151} INFO - [2023-10-17T08:03:18.007+0000] {dag.py:2941} INFO - Sync 1 DAGs
[2023-10-17T08:03:18.023+0000] {logging_mixin.py:151} INFO - [2023-10-17T08:03:18.023+0000] {dag.py:3722} INFO - Setting next_dagrun for latest_only_with_trigger to 2023-10-17T04:03:18.023583+00:00, run_after=2023-10-17T08:03:18.023583+00:00
[2023-10-17T08:03:18.038+0000] {processor.py:179} INFO - Processing /home/airflow/.local/lib/python3.8/site-packages/airflow/example_dags/example_latest_only_with_trigger.py took 0.061 seconds
[2023-10-17T08:03:48.226+0000] {processor.py:157} INFO - Started process (PID=1097) to work on /home/airflow/.local/lib/python3.8/site-packages/airflow/example_dags/example_latest_only_with_trigger.py
[2023-10-17T08:03:48.227+0000] {processor.py:829} INFO - Processing file /home/airflow/.local/lib/python3.8/site-packages/airflow/example_dags/example_latest_only_with_trigger.py for tasks to queue
[2023-10-17T08:03:48.228+0000] {logging_mixin.py:151} INFO - [2023-10-17T08:03:48.228+0000] {dagbag.py:536} INFO - Filling up the DagBag from /home/airflow/.local/lib/python3.8/site-packages/airflow/example_dags/example_latest_only_with_trigger.py
[2023-10-17T08:03:48.233+0000] {processor.py:839} INFO - DAG(s) dict_keys(['latest_only_with_trigger']) retrieved from /home/airflow/.local/lib/python3.8/site-packages/airflow/example_dags/example_latest_only_with_trigger.py
[2023-10-17T08:03:48.248+0000] {logging_mixin.py:151} INFO - [2023-10-17T08:03:48.248+0000] {dag.py:2941} INFO - Sync 1 DAGs
[2023-10-17T08:03:48.264+0000] {logging_mixin.py:151} INFO - [2023-10-17T08:03:48.264+0000] {dag.py:3722} INFO - Setting next_dagrun for latest_only_with_trigger to 2023-10-17T04:03:48.264486+00:00, run_after=2023-10-17T08:03:48.264486+00:00
[2023-10-17T08:03:48.278+0000] {processor.py:179} INFO - Processing /home/airflow/.local/lib/python3.8/site-packages/airflow/example_dags/example_latest_only_with_trigger.py took 0.055 seconds
[2023-10-17T08:04:18.344+0000] {processor.py:157} INFO - Started process (PID=1151) to work on /home/airflow/.local/lib/python3.8/site-packages/airflow/example_dags/example_latest_only_with_trigger.py
[2023-10-17T08:04:18.352+0000] {processor.py:829} INFO - Processing file /home/airflow/.local/lib/python3.8/site-packages/airflow/example_dags/example_latest_only_with_trigger.py for tasks to queue
[2023-10-17T08:04:18.354+0000] {logging_mixin.py:151} INFO - [2023-10-17T08:04:18.353+0000] {dagbag.py:536} INFO - Filling up the DagBag from /home/airflow/.local/lib/python3.8/site-packages/airflow/example_dags/example_latest_only_with_trigger.py
[2023-10-17T08:04:18.358+0000] {processor.py:839} INFO - DAG(s) dict_keys(['latest_only_with_trigger']) retrieved from /home/airflow/.local/lib/python3.8/site-packages/airflow/example_dags/example_latest_only_with_trigger.py
[2023-10-17T08:04:18.373+0000] {logging_mixin.py:151} INFO - [2023-10-17T08:04:18.373+0000] {dag.py:2941} INFO - Sync 1 DAGs
[2023-10-17T08:04:18.389+0000] {logging_mixin.py:151} INFO - [2023-10-17T08:04:18.389+0000] {dag.py:3722} INFO - Setting next_dagrun for latest_only_with_trigger to 2023-10-17T04:04:18.388876+00:00, run_after=2023-10-17T08:04:18.388876+00:00
[2023-10-17T08:04:18.402+0000] {processor.py:179} INFO - Processing /home/airflow/.local/lib/python3.8/site-packages/airflow/example_dags/example_latest_only_with_trigger.py took 0.061 seconds
