[2023-10-17T07:39:53.601+0000] {processor.py:157} INFO - Started process (PID=159) to work on /home/airflow/.local/lib/python3.8/site-packages/airflow/example_dags/example_task_group_decorator.py
[2023-10-17T07:39:53.602+0000] {processor.py:829} INFO - Processing file /home/airflow/.local/lib/python3.8/site-packages/airflow/example_dags/example_task_group_decorator.py for tasks to queue
[2023-10-17T07:39:53.603+0000] {logging_mixin.py:151} INFO - [2023-10-17T07:39:53.603+0000] {dagbag.py:536} INFO - Filling up the DagBag from /home/airflow/.local/lib/python3.8/site-packages/airflow/example_dags/example_task_group_decorator.py
[2023-10-17T07:39:53.613+0000] {processor.py:839} INFO - DAG(s) dict_keys(['example_task_group_decorator']) retrieved from /home/airflow/.local/lib/python3.8/site-packages/airflow/example_dags/example_task_group_decorator.py
[2023-10-17T07:39:53.629+0000] {logging_mixin.py:151} INFO - [2023-10-17T07:39:53.629+0000] {dag.py:2941} INFO - Sync 1 DAGs
[2023-10-17T07:39:53.644+0000] {logging_mixin.py:151} INFO - [2023-10-17T07:39:53.644+0000] {dag.py:3722} INFO - Setting next_dagrun for example_task_group_decorator to 2023-10-16T07:39:53.644050+00:00, run_after=2023-10-17T07:39:53.644050+00:00
[2023-10-17T07:39:53.657+0000] {processor.py:179} INFO - Processing /home/airflow/.local/lib/python3.8/site-packages/airflow/example_dags/example_task_group_decorator.py took 0.058 seconds
[2023-10-17T07:40:24.438+0000] {processor.py:157} INFO - Started process (PID=212) to work on /home/airflow/.local/lib/python3.8/site-packages/airflow/example_dags/example_task_group_decorator.py
[2023-10-17T07:40:24.439+0000] {processor.py:829} INFO - Processing file /home/airflow/.local/lib/python3.8/site-packages/airflow/example_dags/example_task_group_decorator.py for tasks to queue
[2023-10-17T07:40:24.440+0000] {logging_mixin.py:151} INFO - [2023-10-17T07:40:24.440+0000] {dagbag.py:536} INFO - Filling up the DagBag from /home/airflow/.local/lib/python3.8/site-packages/airflow/example_dags/example_task_group_decorator.py
[2023-10-17T07:40:24.449+0000] {processor.py:839} INFO - DAG(s) dict_keys(['example_task_group_decorator']) retrieved from /home/airflow/.local/lib/python3.8/site-packages/airflow/example_dags/example_task_group_decorator.py
[2023-10-17T07:40:24.465+0000] {logging_mixin.py:151} INFO - [2023-10-17T07:40:24.465+0000] {dag.py:2941} INFO - Sync 1 DAGs
[2023-10-17T07:40:24.481+0000] {logging_mixin.py:151} INFO - [2023-10-17T07:40:24.481+0000] {dag.py:3722} INFO - Setting next_dagrun for example_task_group_decorator to 2023-10-16T07:40:24.481066+00:00, run_after=2023-10-17T07:40:24.481066+00:00
[2023-10-17T07:40:24.494+0000] {processor.py:179} INFO - Processing /home/airflow/.local/lib/python3.8/site-packages/airflow/example_dags/example_task_group_decorator.py took 0.058 seconds
[2023-10-17T07:44:12.881+0000] {processor.py:157} INFO - Started process (PID=69) to work on /home/airflow/.local/lib/python3.8/site-packages/airflow/example_dags/example_task_group_decorator.py
[2023-10-17T07:44:12.882+0000] {processor.py:829} INFO - Processing file /home/airflow/.local/lib/python3.8/site-packages/airflow/example_dags/example_task_group_decorator.py for tasks to queue
[2023-10-17T07:44:12.883+0000] {logging_mixin.py:151} INFO - [2023-10-17T07:44:12.883+0000] {dagbag.py:536} INFO - Filling up the DagBag from /home/airflow/.local/lib/python3.8/site-packages/airflow/example_dags/example_task_group_decorator.py
[2023-10-17T07:44:12.893+0000] {processor.py:839} INFO - DAG(s) dict_keys(['example_task_group_decorator']) retrieved from /home/airflow/.local/lib/python3.8/site-packages/airflow/example_dags/example_task_group_decorator.py
[2023-10-17T07:44:12.902+0000] {logging_mixin.py:151} INFO - [2023-10-17T07:44:12.902+0000] {dag.py:2941} INFO - Sync 1 DAGs
[2023-10-17T07:44:12.918+0000] {logging_mixin.py:151} INFO - [2023-10-17T07:44:12.918+0000] {dag.py:3722} INFO - Setting next_dagrun for example_task_group_decorator to 2023-10-16T07:44:12.918145+00:00, run_after=2023-10-17T07:44:12.918145+00:00
[2023-10-17T07:44:12.931+0000] {processor.py:179} INFO - Processing /home/airflow/.local/lib/python3.8/site-packages/airflow/example_dags/example_task_group_decorator.py took 0.052 seconds
[2023-10-17T07:44:43.582+0000] {processor.py:157} INFO - Started process (PID=122) to work on /home/airflow/.local/lib/python3.8/site-packages/airflow/example_dags/example_task_group_decorator.py
[2023-10-17T07:44:43.583+0000] {processor.py:829} INFO - Processing file /home/airflow/.local/lib/python3.8/site-packages/airflow/example_dags/example_task_group_decorator.py for tasks to queue
[2023-10-17T07:44:43.584+0000] {logging_mixin.py:151} INFO - [2023-10-17T07:44:43.584+0000] {dagbag.py:536} INFO - Filling up the DagBag from /home/airflow/.local/lib/python3.8/site-packages/airflow/example_dags/example_task_group_decorator.py
[2023-10-17T07:44:43.593+0000] {processor.py:839} INFO - DAG(s) dict_keys(['example_task_group_decorator']) retrieved from /home/airflow/.local/lib/python3.8/site-packages/airflow/example_dags/example_task_group_decorator.py
[2023-10-17T07:44:43.611+0000] {logging_mixin.py:151} INFO - [2023-10-17T07:44:43.611+0000] {dag.py:2941} INFO - Sync 1 DAGs
[2023-10-17T07:44:43.627+0000] {logging_mixin.py:151} INFO - [2023-10-17T07:44:43.627+0000] {dag.py:3722} INFO - Setting next_dagrun for example_task_group_decorator to 2023-10-16T07:44:43.627269+00:00, run_after=2023-10-17T07:44:43.627269+00:00
[2023-10-17T07:44:43.641+0000] {processor.py:179} INFO - Processing /home/airflow/.local/lib/python3.8/site-packages/airflow/example_dags/example_task_group_decorator.py took 0.060 seconds
[2023-10-17T07:45:14.309+0000] {processor.py:157} INFO - Started process (PID=178) to work on /home/airflow/.local/lib/python3.8/site-packages/airflow/example_dags/example_task_group_decorator.py
[2023-10-17T07:45:14.310+0000] {processor.py:829} INFO - Processing file /home/airflow/.local/lib/python3.8/site-packages/airflow/example_dags/example_task_group_decorator.py for tasks to queue
[2023-10-17T07:45:14.311+0000] {logging_mixin.py:151} INFO - [2023-10-17T07:45:14.311+0000] {dagbag.py:536} INFO - Filling up the DagBag from /home/airflow/.local/lib/python3.8/site-packages/airflow/example_dags/example_task_group_decorator.py
[2023-10-17T07:45:14.321+0000] {processor.py:839} INFO - DAG(s) dict_keys(['example_task_group_decorator']) retrieved from /home/airflow/.local/lib/python3.8/site-packages/airflow/example_dags/example_task_group_decorator.py
[2023-10-17T07:45:14.337+0000] {logging_mixin.py:151} INFO - [2023-10-17T07:45:14.337+0000] {dag.py:2941} INFO - Sync 1 DAGs
[2023-10-17T07:45:14.353+0000] {logging_mixin.py:151} INFO - [2023-10-17T07:45:14.352+0000] {dag.py:3722} INFO - Setting next_dagrun for example_task_group_decorator to 2023-10-16T07:45:14.352732+00:00, run_after=2023-10-17T07:45:14.352732+00:00
[2023-10-17T07:45:14.368+0000] {processor.py:179} INFO - Processing /home/airflow/.local/lib/python3.8/site-packages/airflow/example_dags/example_task_group_decorator.py took 0.061 seconds
[2023-10-17T07:45:45.165+0000] {processor.py:157} INFO - Started process (PID=232) to work on /home/airflow/.local/lib/python3.8/site-packages/airflow/example_dags/example_task_group_decorator.py
[2023-10-17T07:45:45.165+0000] {processor.py:829} INFO - Processing file /home/airflow/.local/lib/python3.8/site-packages/airflow/example_dags/example_task_group_decorator.py for tasks to queue
[2023-10-17T07:45:45.166+0000] {logging_mixin.py:151} INFO - [2023-10-17T07:45:45.166+0000] {dagbag.py:536} INFO - Filling up the DagBag from /home/airflow/.local/lib/python3.8/site-packages/airflow/example_dags/example_task_group_decorator.py
[2023-10-17T07:45:45.176+0000] {processor.py:839} INFO - DAG(s) dict_keys(['example_task_group_decorator']) retrieved from /home/airflow/.local/lib/python3.8/site-packages/airflow/example_dags/example_task_group_decorator.py
[2023-10-17T07:45:45.192+0000] {logging_mixin.py:151} INFO - [2023-10-17T07:45:45.192+0000] {dag.py:2941} INFO - Sync 1 DAGs
[2023-10-17T07:45:45.207+0000] {logging_mixin.py:151} INFO - [2023-10-17T07:45:45.207+0000] {dag.py:3722} INFO - Setting next_dagrun for example_task_group_decorator to 2023-10-16T07:45:45.207032+00:00, run_after=2023-10-17T07:45:45.207032+00:00
[2023-10-17T07:45:45.219+0000] {processor.py:179} INFO - Processing /home/airflow/.local/lib/python3.8/site-packages/airflow/example_dags/example_task_group_decorator.py took 0.057 seconds
[2023-10-17T07:46:15.547+0000] {processor.py:157} INFO - Started process (PID=286) to work on /home/airflow/.local/lib/python3.8/site-packages/airflow/example_dags/example_task_group_decorator.py
[2023-10-17T07:46:15.547+0000] {processor.py:829} INFO - Processing file /home/airflow/.local/lib/python3.8/site-packages/airflow/example_dags/example_task_group_decorator.py for tasks to queue
[2023-10-17T07:46:15.549+0000] {logging_mixin.py:151} INFO - [2023-10-17T07:46:15.548+0000] {dagbag.py:536} INFO - Filling up the DagBag from /home/airflow/.local/lib/python3.8/site-packages/airflow/example_dags/example_task_group_decorator.py
[2023-10-17T07:46:15.557+0000] {processor.py:839} INFO - DAG(s) dict_keys(['example_task_group_decorator']) retrieved from /home/airflow/.local/lib/python3.8/site-packages/airflow/example_dags/example_task_group_decorator.py
[2023-10-17T07:46:15.575+0000] {logging_mixin.py:151} INFO - [2023-10-17T07:46:15.575+0000] {dag.py:2941} INFO - Sync 1 DAGs
[2023-10-17T07:46:15.589+0000] {logging_mixin.py:151} INFO - [2023-10-17T07:46:15.589+0000] {dag.py:3722} INFO - Setting next_dagrun for example_task_group_decorator to 2023-10-16T07:46:15.589331+00:00, run_after=2023-10-17T07:46:15.589331+00:00
[2023-10-17T07:46:15.601+0000] {processor.py:179} INFO - Processing /home/airflow/.local/lib/python3.8/site-packages/airflow/example_dags/example_task_group_decorator.py took 0.056 seconds
[2023-10-17T07:54:07.949+0000] {processor.py:157} INFO - Started process (PID=69) to work on /home/airflow/.local/lib/python3.8/site-packages/airflow/example_dags/example_task_group_decorator.py
[2023-10-17T07:54:07.950+0000] {processor.py:829} INFO - Processing file /home/airflow/.local/lib/python3.8/site-packages/airflow/example_dags/example_task_group_decorator.py for tasks to queue
[2023-10-17T07:54:07.951+0000] {logging_mixin.py:151} INFO - [2023-10-17T07:54:07.951+0000] {dagbag.py:536} INFO - Filling up the DagBag from /home/airflow/.local/lib/python3.8/site-packages/airflow/example_dags/example_task_group_decorator.py
[2023-10-17T07:54:07.961+0000] {processor.py:839} INFO - DAG(s) dict_keys(['example_task_group_decorator']) retrieved from /home/airflow/.local/lib/python3.8/site-packages/airflow/example_dags/example_task_group_decorator.py
[2023-10-17T07:54:07.971+0000] {logging_mixin.py:151} INFO - [2023-10-17T07:54:07.971+0000] {dag.py:2941} INFO - Sync 1 DAGs
[2023-10-17T07:54:07.989+0000] {logging_mixin.py:151} INFO - [2023-10-17T07:54:07.989+0000] {dag.py:3722} INFO - Setting next_dagrun for example_task_group_decorator to 2023-10-16T07:54:07.988932+00:00, run_after=2023-10-17T07:54:07.988932+00:00
[2023-10-17T07:54:08.008+0000] {processor.py:179} INFO - Processing /home/airflow/.local/lib/python3.8/site-packages/airflow/example_dags/example_task_group_decorator.py took 0.061 seconds
[2023-10-17T07:54:38.686+0000] {processor.py:157} INFO - Started process (PID=123) to work on /home/airflow/.local/lib/python3.8/site-packages/airflow/example_dags/example_task_group_decorator.py
[2023-10-17T07:54:38.687+0000] {processor.py:829} INFO - Processing file /home/airflow/.local/lib/python3.8/site-packages/airflow/example_dags/example_task_group_decorator.py for tasks to queue
[2023-10-17T07:54:38.689+0000] {logging_mixin.py:151} INFO - [2023-10-17T07:54:38.688+0000] {dagbag.py:536} INFO - Filling up the DagBag from /home/airflow/.local/lib/python3.8/site-packages/airflow/example_dags/example_task_group_decorator.py
[2023-10-17T07:54:38.699+0000] {processor.py:839} INFO - DAG(s) dict_keys(['example_task_group_decorator']) retrieved from /home/airflow/.local/lib/python3.8/site-packages/airflow/example_dags/example_task_group_decorator.py
[2023-10-17T07:54:38.719+0000] {logging_mixin.py:151} INFO - [2023-10-17T07:54:38.718+0000] {dag.py:2941} INFO - Sync 1 DAGs
[2023-10-17T07:54:38.736+0000] {logging_mixin.py:151} INFO - [2023-10-17T07:54:38.735+0000] {dag.py:3722} INFO - Setting next_dagrun for example_task_group_decorator to 2023-10-16T07:54:38.735650+00:00, run_after=2023-10-17T07:54:38.735650+00:00
[2023-10-17T07:54:38.750+0000] {processor.py:179} INFO - Processing /home/airflow/.local/lib/python3.8/site-packages/airflow/example_dags/example_task_group_decorator.py took 0.067 seconds
[2023-10-17T07:55:08.947+0000] {processor.py:157} INFO - Started process (PID=176) to work on /home/airflow/.local/lib/python3.8/site-packages/airflow/example_dags/example_task_group_decorator.py
[2023-10-17T07:55:08.948+0000] {processor.py:829} INFO - Processing file /home/airflow/.local/lib/python3.8/site-packages/airflow/example_dags/example_task_group_decorator.py for tasks to queue
[2023-10-17T07:55:08.949+0000] {logging_mixin.py:151} INFO - [2023-10-17T07:55:08.949+0000] {dagbag.py:536} INFO - Filling up the DagBag from /home/airflow/.local/lib/python3.8/site-packages/airflow/example_dags/example_task_group_decorator.py
[2023-10-17T07:55:08.959+0000] {processor.py:839} INFO - DAG(s) dict_keys(['example_task_group_decorator']) retrieved from /home/airflow/.local/lib/python3.8/site-packages/airflow/example_dags/example_task_group_decorator.py
[2023-10-17T07:55:08.976+0000] {logging_mixin.py:151} INFO - [2023-10-17T07:55:08.975+0000] {dag.py:2941} INFO - Sync 1 DAGs
[2023-10-17T07:55:08.991+0000] {logging_mixin.py:151} INFO - [2023-10-17T07:55:08.991+0000] {dag.py:3722} INFO - Setting next_dagrun for example_task_group_decorator to 2023-10-16T07:55:08.991059+00:00, run_after=2023-10-17T07:55:08.991059+00:00
[2023-10-17T07:55:09.006+0000] {processor.py:179} INFO - Processing /home/airflow/.local/lib/python3.8/site-packages/airflow/example_dags/example_task_group_decorator.py took 0.061 seconds
[2023-10-17T07:55:39.024+0000] {processor.py:157} INFO - Started process (PID=230) to work on /home/airflow/.local/lib/python3.8/site-packages/airflow/example_dags/example_task_group_decorator.py
[2023-10-17T07:55:39.025+0000] {processor.py:829} INFO - Processing file /home/airflow/.local/lib/python3.8/site-packages/airflow/example_dags/example_task_group_decorator.py for tasks to queue
[2023-10-17T07:55:39.026+0000] {logging_mixin.py:151} INFO - [2023-10-17T07:55:39.026+0000] {dagbag.py:536} INFO - Filling up the DagBag from /home/airflow/.local/lib/python3.8/site-packages/airflow/example_dags/example_task_group_decorator.py
[2023-10-17T07:55:39.035+0000] {processor.py:839} INFO - DAG(s) dict_keys(['example_task_group_decorator']) retrieved from /home/airflow/.local/lib/python3.8/site-packages/airflow/example_dags/example_task_group_decorator.py
[2023-10-17T07:55:39.052+0000] {logging_mixin.py:151} INFO - [2023-10-17T07:55:39.052+0000] {dag.py:2941} INFO - Sync 1 DAGs
[2023-10-17T07:55:39.066+0000] {logging_mixin.py:151} INFO - [2023-10-17T07:55:39.066+0000] {dag.py:3722} INFO - Setting next_dagrun for example_task_group_decorator to 2023-10-16T07:55:39.066087+00:00, run_after=2023-10-17T07:55:39.066087+00:00
[2023-10-17T07:55:39.080+0000] {processor.py:179} INFO - Processing /home/airflow/.local/lib/python3.8/site-packages/airflow/example_dags/example_task_group_decorator.py took 0.057 seconds
[2023-10-17T07:56:09.127+0000] {processor.py:157} INFO - Started process (PID=284) to work on /home/airflow/.local/lib/python3.8/site-packages/airflow/example_dags/example_task_group_decorator.py
[2023-10-17T07:56:09.128+0000] {processor.py:829} INFO - Processing file /home/airflow/.local/lib/python3.8/site-packages/airflow/example_dags/example_task_group_decorator.py for tasks to queue
[2023-10-17T07:56:09.129+0000] {logging_mixin.py:151} INFO - [2023-10-17T07:56:09.129+0000] {dagbag.py:536} INFO - Filling up the DagBag from /home/airflow/.local/lib/python3.8/site-packages/airflow/example_dags/example_task_group_decorator.py
[2023-10-17T07:56:09.138+0000] {processor.py:839} INFO - DAG(s) dict_keys(['example_task_group_decorator']) retrieved from /home/airflow/.local/lib/python3.8/site-packages/airflow/example_dags/example_task_group_decorator.py
[2023-10-17T07:56:09.154+0000] {logging_mixin.py:151} INFO - [2023-10-17T07:56:09.154+0000] {dag.py:2941} INFO - Sync 1 DAGs
[2023-10-17T07:56:09.169+0000] {logging_mixin.py:151} INFO - [2023-10-17T07:56:09.169+0000] {dag.py:3722} INFO - Setting next_dagrun for example_task_group_decorator to 2023-10-16T07:56:09.169139+00:00, run_after=2023-10-17T07:56:09.169139+00:00
[2023-10-17T07:56:09.181+0000] {processor.py:179} INFO - Processing /home/airflow/.local/lib/python3.8/site-packages/airflow/example_dags/example_task_group_decorator.py took 0.055 seconds
[2023-10-17T07:56:39.635+0000] {processor.py:157} INFO - Started process (PID=338) to work on /home/airflow/.local/lib/python3.8/site-packages/airflow/example_dags/example_task_group_decorator.py
[2023-10-17T07:56:39.636+0000] {processor.py:829} INFO - Processing file /home/airflow/.local/lib/python3.8/site-packages/airflow/example_dags/example_task_group_decorator.py for tasks to queue
[2023-10-17T07:56:39.637+0000] {logging_mixin.py:151} INFO - [2023-10-17T07:56:39.637+0000] {dagbag.py:536} INFO - Filling up the DagBag from /home/airflow/.local/lib/python3.8/site-packages/airflow/example_dags/example_task_group_decorator.py
[2023-10-17T07:56:39.646+0000] {processor.py:839} INFO - DAG(s) dict_keys(['example_task_group_decorator']) retrieved from /home/airflow/.local/lib/python3.8/site-packages/airflow/example_dags/example_task_group_decorator.py
[2023-10-17T07:56:39.662+0000] {logging_mixin.py:151} INFO - [2023-10-17T07:56:39.662+0000] {dag.py:2941} INFO - Sync 1 DAGs
[2023-10-17T07:56:39.677+0000] {logging_mixin.py:151} INFO - [2023-10-17T07:56:39.677+0000] {dag.py:3722} INFO - Setting next_dagrun for example_task_group_decorator to 2023-10-16T07:56:39.677007+00:00, run_after=2023-10-17T07:56:39.677007+00:00
[2023-10-17T07:56:39.691+0000] {processor.py:179} INFO - Processing /home/airflow/.local/lib/python3.8/site-packages/airflow/example_dags/example_task_group_decorator.py took 0.058 seconds
[2023-10-17T07:57:10.295+0000] {processor.py:157} INFO - Started process (PID=392) to work on /home/airflow/.local/lib/python3.8/site-packages/airflow/example_dags/example_task_group_decorator.py
[2023-10-17T07:57:10.295+0000] {processor.py:829} INFO - Processing file /home/airflow/.local/lib/python3.8/site-packages/airflow/example_dags/example_task_group_decorator.py for tasks to queue
[2023-10-17T07:57:10.296+0000] {logging_mixin.py:151} INFO - [2023-10-17T07:57:10.296+0000] {dagbag.py:536} INFO - Filling up the DagBag from /home/airflow/.local/lib/python3.8/site-packages/airflow/example_dags/example_task_group_decorator.py
[2023-10-17T07:57:10.305+0000] {processor.py:839} INFO - DAG(s) dict_keys(['example_task_group_decorator']) retrieved from /home/airflow/.local/lib/python3.8/site-packages/airflow/example_dags/example_task_group_decorator.py
[2023-10-17T07:57:10.321+0000] {logging_mixin.py:151} INFO - [2023-10-17T07:57:10.321+0000] {dag.py:2941} INFO - Sync 1 DAGs
[2023-10-17T07:57:10.338+0000] {logging_mixin.py:151} INFO - [2023-10-17T07:57:10.337+0000] {dag.py:3722} INFO - Setting next_dagrun for example_task_group_decorator to 2023-10-16T07:57:10.337693+00:00, run_after=2023-10-17T07:57:10.337693+00:00
[2023-10-17T07:57:10.350+0000] {processor.py:179} INFO - Processing /home/airflow/.local/lib/python3.8/site-packages/airflow/example_dags/example_task_group_decorator.py took 0.057 seconds
[2023-10-17T07:57:41.253+0000] {processor.py:157} INFO - Started process (PID=446) to work on /home/airflow/.local/lib/python3.8/site-packages/airflow/example_dags/example_task_group_decorator.py
[2023-10-17T07:57:41.254+0000] {processor.py:829} INFO - Processing file /home/airflow/.local/lib/python3.8/site-packages/airflow/example_dags/example_task_group_decorator.py for tasks to queue
[2023-10-17T07:57:41.255+0000] {logging_mixin.py:151} INFO - [2023-10-17T07:57:41.255+0000] {dagbag.py:536} INFO - Filling up the DagBag from /home/airflow/.local/lib/python3.8/site-packages/airflow/example_dags/example_task_group_decorator.py
[2023-10-17T07:57:41.266+0000] {processor.py:839} INFO - DAG(s) dict_keys(['example_task_group_decorator']) retrieved from /home/airflow/.local/lib/python3.8/site-packages/airflow/example_dags/example_task_group_decorator.py
[2023-10-17T07:57:41.283+0000] {logging_mixin.py:151} INFO - [2023-10-17T07:57:41.283+0000] {dag.py:2941} INFO - Sync 1 DAGs
[2023-10-17T07:57:41.303+0000] {logging_mixin.py:151} INFO - [2023-10-17T07:57:41.302+0000] {dag.py:3722} INFO - Setting next_dagrun for example_task_group_decorator to 2023-10-16T07:57:41.302570+00:00, run_after=2023-10-17T07:57:41.302570+00:00
[2023-10-17T07:57:41.319+0000] {processor.py:179} INFO - Processing /home/airflow/.local/lib/python3.8/site-packages/airflow/example_dags/example_task_group_decorator.py took 0.069 seconds
[2023-10-17T07:58:11.741+0000] {processor.py:157} INFO - Started process (PID=500) to work on /home/airflow/.local/lib/python3.8/site-packages/airflow/example_dags/example_task_group_decorator.py
[2023-10-17T07:58:11.742+0000] {processor.py:829} INFO - Processing file /home/airflow/.local/lib/python3.8/site-packages/airflow/example_dags/example_task_group_decorator.py for tasks to queue
[2023-10-17T07:58:11.744+0000] {logging_mixin.py:151} INFO - [2023-10-17T07:58:11.744+0000] {dagbag.py:536} INFO - Filling up the DagBag from /home/airflow/.local/lib/python3.8/site-packages/airflow/example_dags/example_task_group_decorator.py
[2023-10-17T07:58:11.756+0000] {processor.py:839} INFO - DAG(s) dict_keys(['example_task_group_decorator']) retrieved from /home/airflow/.local/lib/python3.8/site-packages/airflow/example_dags/example_task_group_decorator.py
[2023-10-17T07:58:11.776+0000] {logging_mixin.py:151} INFO - [2023-10-17T07:58:11.776+0000] {dag.py:2941} INFO - Sync 1 DAGs
[2023-10-17T07:58:11.796+0000] {logging_mixin.py:151} INFO - [2023-10-17T07:58:11.796+0000] {dag.py:3722} INFO - Setting next_dagrun for example_task_group_decorator to 2023-10-16T07:58:11.796080+00:00, run_after=2023-10-17T07:58:11.796080+00:00
[2023-10-17T07:58:11.812+0000] {processor.py:179} INFO - Processing /home/airflow/.local/lib/python3.8/site-packages/airflow/example_dags/example_task_group_decorator.py took 0.074 seconds
[2023-10-17T07:58:41.833+0000] {processor.py:157} INFO - Started process (PID=554) to work on /home/airflow/.local/lib/python3.8/site-packages/airflow/example_dags/example_task_group_decorator.py
[2023-10-17T07:58:41.834+0000] {processor.py:829} INFO - Processing file /home/airflow/.local/lib/python3.8/site-packages/airflow/example_dags/example_task_group_decorator.py for tasks to queue
[2023-10-17T07:58:41.835+0000] {logging_mixin.py:151} INFO - [2023-10-17T07:58:41.835+0000] {dagbag.py:536} INFO - Filling up the DagBag from /home/airflow/.local/lib/python3.8/site-packages/airflow/example_dags/example_task_group_decorator.py
[2023-10-17T07:58:41.845+0000] {processor.py:839} INFO - DAG(s) dict_keys(['example_task_group_decorator']) retrieved from /home/airflow/.local/lib/python3.8/site-packages/airflow/example_dags/example_task_group_decorator.py
[2023-10-17T07:58:41.867+0000] {logging_mixin.py:151} INFO - [2023-10-17T07:58:41.867+0000] {dag.py:2941} INFO - Sync 1 DAGs
[2023-10-17T07:58:41.885+0000] {logging_mixin.py:151} INFO - [2023-10-17T07:58:41.885+0000] {dag.py:3722} INFO - Setting next_dagrun for example_task_group_decorator to 2023-10-16T07:58:41.885214+00:00, run_after=2023-10-17T07:58:41.885214+00:00
[2023-10-17T07:58:41.900+0000] {processor.py:179} INFO - Processing /home/airflow/.local/lib/python3.8/site-packages/airflow/example_dags/example_task_group_decorator.py took 0.069 seconds
[2023-10-17T07:59:11.922+0000] {processor.py:157} INFO - Started process (PID=608) to work on /home/airflow/.local/lib/python3.8/site-packages/airflow/example_dags/example_task_group_decorator.py
[2023-10-17T07:59:11.922+0000] {processor.py:829} INFO - Processing file /home/airflow/.local/lib/python3.8/site-packages/airflow/example_dags/example_task_group_decorator.py for tasks to queue
[2023-10-17T07:59:11.923+0000] {logging_mixin.py:151} INFO - [2023-10-17T07:59:11.923+0000] {dagbag.py:536} INFO - Filling up the DagBag from /home/airflow/.local/lib/python3.8/site-packages/airflow/example_dags/example_task_group_decorator.py
[2023-10-17T07:59:11.932+0000] {processor.py:839} INFO - DAG(s) dict_keys(['example_task_group_decorator']) retrieved from /home/airflow/.local/lib/python3.8/site-packages/airflow/example_dags/example_task_group_decorator.py
[2023-10-17T07:59:11.948+0000] {logging_mixin.py:151} INFO - [2023-10-17T07:59:11.948+0000] {dag.py:2941} INFO - Sync 1 DAGs
[2023-10-17T07:59:11.964+0000] {logging_mixin.py:151} INFO - [2023-10-17T07:59:11.964+0000] {dag.py:3722} INFO - Setting next_dagrun for example_task_group_decorator to 2023-10-16T07:59:11.964020+00:00, run_after=2023-10-17T07:59:11.964020+00:00
[2023-10-17T07:59:11.976+0000] {processor.py:179} INFO - Processing /home/airflow/.local/lib/python3.8/site-packages/airflow/example_dags/example_task_group_decorator.py took 0.057 seconds
[2023-10-17T07:59:42.114+0000] {processor.py:157} INFO - Started process (PID=662) to work on /home/airflow/.local/lib/python3.8/site-packages/airflow/example_dags/example_task_group_decorator.py
[2023-10-17T07:59:42.115+0000] {processor.py:829} INFO - Processing file /home/airflow/.local/lib/python3.8/site-packages/airflow/example_dags/example_task_group_decorator.py for tasks to queue
[2023-10-17T07:59:42.116+0000] {logging_mixin.py:151} INFO - [2023-10-17T07:59:42.116+0000] {dagbag.py:536} INFO - Filling up the DagBag from /home/airflow/.local/lib/python3.8/site-packages/airflow/example_dags/example_task_group_decorator.py
[2023-10-17T07:59:42.124+0000] {processor.py:839} INFO - DAG(s) dict_keys(['example_task_group_decorator']) retrieved from /home/airflow/.local/lib/python3.8/site-packages/airflow/example_dags/example_task_group_decorator.py
[2023-10-17T07:59:42.141+0000] {logging_mixin.py:151} INFO - [2023-10-17T07:59:42.141+0000] {dag.py:2941} INFO - Sync 1 DAGs
[2023-10-17T07:59:42.156+0000] {logging_mixin.py:151} INFO - [2023-10-17T07:59:42.156+0000] {dag.py:3722} INFO - Setting next_dagrun for example_task_group_decorator to 2023-10-16T07:59:42.156497+00:00, run_after=2023-10-17T07:59:42.156497+00:00
[2023-10-17T07:59:42.170+0000] {processor.py:179} INFO - Processing /home/airflow/.local/lib/python3.8/site-packages/airflow/example_dags/example_task_group_decorator.py took 0.058 seconds
[2023-10-17T08:00:13.184+0000] {processor.py:157} INFO - Started process (PID=716) to work on /home/airflow/.local/lib/python3.8/site-packages/airflow/example_dags/example_task_group_decorator.py
[2023-10-17T08:00:13.185+0000] {processor.py:829} INFO - Processing file /home/airflow/.local/lib/python3.8/site-packages/airflow/example_dags/example_task_group_decorator.py for tasks to queue
[2023-10-17T08:00:13.186+0000] {logging_mixin.py:151} INFO - [2023-10-17T08:00:13.186+0000] {dagbag.py:536} INFO - Filling up the DagBag from /home/airflow/.local/lib/python3.8/site-packages/airflow/example_dags/example_task_group_decorator.py
[2023-10-17T08:00:13.196+0000] {processor.py:839} INFO - DAG(s) dict_keys(['example_task_group_decorator']) retrieved from /home/airflow/.local/lib/python3.8/site-packages/airflow/example_dags/example_task_group_decorator.py
[2023-10-17T08:00:13.215+0000] {logging_mixin.py:151} INFO - [2023-10-17T08:00:13.215+0000] {dag.py:2941} INFO - Sync 1 DAGs
[2023-10-17T08:00:13.233+0000] {logging_mixin.py:151} INFO - [2023-10-17T08:00:13.233+0000] {dag.py:3722} INFO - Setting next_dagrun for example_task_group_decorator to 2023-10-16T08:00:13.232962+00:00, run_after=2023-10-17T08:00:13.232962+00:00
[2023-10-17T08:00:13.248+0000] {processor.py:179} INFO - Processing /home/airflow/.local/lib/python3.8/site-packages/airflow/example_dags/example_task_group_decorator.py took 0.066 seconds
[2023-10-17T08:00:43.426+0000] {processor.py:157} INFO - Started process (PID=770) to work on /home/airflow/.local/lib/python3.8/site-packages/airflow/example_dags/example_task_group_decorator.py
[2023-10-17T08:00:43.426+0000] {processor.py:829} INFO - Processing file /home/airflow/.local/lib/python3.8/site-packages/airflow/example_dags/example_task_group_decorator.py for tasks to queue
[2023-10-17T08:00:43.428+0000] {logging_mixin.py:151} INFO - [2023-10-17T08:00:43.428+0000] {dagbag.py:536} INFO - Filling up the DagBag from /home/airflow/.local/lib/python3.8/site-packages/airflow/example_dags/example_task_group_decorator.py
[2023-10-17T08:00:43.439+0000] {processor.py:839} INFO - DAG(s) dict_keys(['example_task_group_decorator']) retrieved from /home/airflow/.local/lib/python3.8/site-packages/airflow/example_dags/example_task_group_decorator.py
[2023-10-17T08:00:43.458+0000] {logging_mixin.py:151} INFO - [2023-10-17T08:00:43.458+0000] {dag.py:2941} INFO - Sync 1 DAGs
[2023-10-17T08:00:43.481+0000] {logging_mixin.py:151} INFO - [2023-10-17T08:00:43.481+0000] {dag.py:3722} INFO - Setting next_dagrun for example_task_group_decorator to 2023-10-16T08:00:43.481198+00:00, run_after=2023-10-17T08:00:43.481198+00:00
[2023-10-17T08:00:43.499+0000] {processor.py:179} INFO - Processing /home/airflow/.local/lib/python3.8/site-packages/airflow/example_dags/example_task_group_decorator.py took 0.076 seconds
[2023-10-17T08:01:13.683+0000] {processor.py:157} INFO - Started process (PID=824) to work on /home/airflow/.local/lib/python3.8/site-packages/airflow/example_dags/example_task_group_decorator.py
[2023-10-17T08:01:13.684+0000] {processor.py:829} INFO - Processing file /home/airflow/.local/lib/python3.8/site-packages/airflow/example_dags/example_task_group_decorator.py for tasks to queue
[2023-10-17T08:01:13.685+0000] {logging_mixin.py:151} INFO - [2023-10-17T08:01:13.685+0000] {dagbag.py:536} INFO - Filling up the DagBag from /home/airflow/.local/lib/python3.8/site-packages/airflow/example_dags/example_task_group_decorator.py
[2023-10-17T08:01:13.696+0000] {processor.py:839} INFO - DAG(s) dict_keys(['example_task_group_decorator']) retrieved from /home/airflow/.local/lib/python3.8/site-packages/airflow/example_dags/example_task_group_decorator.py
[2023-10-17T08:01:13.719+0000] {logging_mixin.py:151} INFO - [2023-10-17T08:01:13.719+0000] {dag.py:2941} INFO - Sync 1 DAGs
[2023-10-17T08:01:13.737+0000] {logging_mixin.py:151} INFO - [2023-10-17T08:01:13.737+0000] {dag.py:3722} INFO - Setting next_dagrun for example_task_group_decorator to 2023-10-16T08:01:13.736954+00:00, run_after=2023-10-17T08:01:13.736954+00:00
[2023-10-17T08:01:13.751+0000] {processor.py:179} INFO - Processing /home/airflow/.local/lib/python3.8/site-packages/airflow/example_dags/example_task_group_decorator.py took 0.070 seconds
[2023-10-17T08:01:44.685+0000] {processor.py:157} INFO - Started process (PID=878) to work on /home/airflow/.local/lib/python3.8/site-packages/airflow/example_dags/example_task_group_decorator.py
[2023-10-17T08:01:44.685+0000] {processor.py:829} INFO - Processing file /home/airflow/.local/lib/python3.8/site-packages/airflow/example_dags/example_task_group_decorator.py for tasks to queue
[2023-10-17T08:01:44.686+0000] {logging_mixin.py:151} INFO - [2023-10-17T08:01:44.686+0000] {dagbag.py:536} INFO - Filling up the DagBag from /home/airflow/.local/lib/python3.8/site-packages/airflow/example_dags/example_task_group_decorator.py
[2023-10-17T08:01:44.695+0000] {processor.py:839} INFO - DAG(s) dict_keys(['example_task_group_decorator']) retrieved from /home/airflow/.local/lib/python3.8/site-packages/airflow/example_dags/example_task_group_decorator.py
[2023-10-17T08:01:44.712+0000] {logging_mixin.py:151} INFO - [2023-10-17T08:01:44.711+0000] {dag.py:2941} INFO - Sync 1 DAGs
[2023-10-17T08:01:44.728+0000] {logging_mixin.py:151} INFO - [2023-10-17T08:01:44.727+0000] {dag.py:3722} INFO - Setting next_dagrun for example_task_group_decorator to 2023-10-16T08:01:44.727582+00:00, run_after=2023-10-17T08:01:44.727582+00:00
[2023-10-17T08:01:44.741+0000] {processor.py:179} INFO - Processing /home/airflow/.local/lib/python3.8/site-packages/airflow/example_dags/example_task_group_decorator.py took 0.059 seconds
[2023-10-17T08:02:15.620+0000] {processor.py:157} INFO - Started process (PID=932) to work on /home/airflow/.local/lib/python3.8/site-packages/airflow/example_dags/example_task_group_decorator.py
[2023-10-17T08:02:15.621+0000] {processor.py:829} INFO - Processing file /home/airflow/.local/lib/python3.8/site-packages/airflow/example_dags/example_task_group_decorator.py for tasks to queue
[2023-10-17T08:02:15.622+0000] {logging_mixin.py:151} INFO - [2023-10-17T08:02:15.622+0000] {dagbag.py:536} INFO - Filling up the DagBag from /home/airflow/.local/lib/python3.8/site-packages/airflow/example_dags/example_task_group_decorator.py
[2023-10-17T08:02:15.631+0000] {processor.py:839} INFO - DAG(s) dict_keys(['example_task_group_decorator']) retrieved from /home/airflow/.local/lib/python3.8/site-packages/airflow/example_dags/example_task_group_decorator.py
[2023-10-17T08:02:15.648+0000] {logging_mixin.py:151} INFO - [2023-10-17T08:02:15.648+0000] {dag.py:2941} INFO - Sync 1 DAGs
[2023-10-17T08:02:15.663+0000] {logging_mixin.py:151} INFO - [2023-10-17T08:02:15.663+0000] {dag.py:3722} INFO - Setting next_dagrun for example_task_group_decorator to 2023-10-16T08:02:15.662842+00:00, run_after=2023-10-17T08:02:15.662842+00:00
[2023-10-17T08:02:15.675+0000] {processor.py:179} INFO - Processing /home/airflow/.local/lib/python3.8/site-packages/airflow/example_dags/example_task_group_decorator.py took 0.057 seconds
[2023-10-17T08:02:46.047+0000] {processor.py:157} INFO - Started process (PID=986) to work on /home/airflow/.local/lib/python3.8/site-packages/airflow/example_dags/example_task_group_decorator.py
[2023-10-17T08:02:46.047+0000] {processor.py:829} INFO - Processing file /home/airflow/.local/lib/python3.8/site-packages/airflow/example_dags/example_task_group_decorator.py for tasks to queue
[2023-10-17T08:02:46.048+0000] {logging_mixin.py:151} INFO - [2023-10-17T08:02:46.048+0000] {dagbag.py:536} INFO - Filling up the DagBag from /home/airflow/.local/lib/python3.8/site-packages/airflow/example_dags/example_task_group_decorator.py
[2023-10-17T08:02:46.057+0000] {processor.py:839} INFO - DAG(s) dict_keys(['example_task_group_decorator']) retrieved from /home/airflow/.local/lib/python3.8/site-packages/airflow/example_dags/example_task_group_decorator.py
[2023-10-17T08:02:46.074+0000] {logging_mixin.py:151} INFO - [2023-10-17T08:02:46.074+0000] {dag.py:2941} INFO - Sync 1 DAGs
[2023-10-17T08:02:46.089+0000] {logging_mixin.py:151} INFO - [2023-10-17T08:02:46.089+0000] {dag.py:3722} INFO - Setting next_dagrun for example_task_group_decorator to 2023-10-16T08:02:46.088942+00:00, run_after=2023-10-17T08:02:46.088942+00:00
[2023-10-17T08:02:46.103+0000] {processor.py:179} INFO - Processing /home/airflow/.local/lib/python3.8/site-packages/airflow/example_dags/example_task_group_decorator.py took 0.059 seconds
[2023-10-17T08:03:16.826+0000] {processor.py:157} INFO - Started process (PID=1040) to work on /home/airflow/.local/lib/python3.8/site-packages/airflow/example_dags/example_task_group_decorator.py
[2023-10-17T08:03:16.827+0000] {processor.py:829} INFO - Processing file /home/airflow/.local/lib/python3.8/site-packages/airflow/example_dags/example_task_group_decorator.py for tasks to queue
[2023-10-17T08:03:16.829+0000] {logging_mixin.py:151} INFO - [2023-10-17T08:03:16.828+0000] {dagbag.py:536} INFO - Filling up the DagBag from /home/airflow/.local/lib/python3.8/site-packages/airflow/example_dags/example_task_group_decorator.py
[2023-10-17T08:03:16.839+0000] {processor.py:839} INFO - DAG(s) dict_keys(['example_task_group_decorator']) retrieved from /home/airflow/.local/lib/python3.8/site-packages/airflow/example_dags/example_task_group_decorator.py
[2023-10-17T08:03:16.856+0000] {logging_mixin.py:151} INFO - [2023-10-17T08:03:16.856+0000] {dag.py:2941} INFO - Sync 1 DAGs
[2023-10-17T08:03:16.873+0000] {logging_mixin.py:151} INFO - [2023-10-17T08:03:16.872+0000] {dag.py:3722} INFO - Setting next_dagrun for example_task_group_decorator to 2023-10-16T08:03:16.872579+00:00, run_after=2023-10-17T08:03:16.872579+00:00
[2023-10-17T08:03:16.885+0000] {processor.py:179} INFO - Processing /home/airflow/.local/lib/python3.8/site-packages/airflow/example_dags/example_task_group_decorator.py took 0.061 seconds
[2023-10-17T08:03:47.089+0000] {processor.py:157} INFO - Started process (PID=1094) to work on /home/airflow/.local/lib/python3.8/site-packages/airflow/example_dags/example_task_group_decorator.py
[2023-10-17T08:03:47.089+0000] {processor.py:829} INFO - Processing file /home/airflow/.local/lib/python3.8/site-packages/airflow/example_dags/example_task_group_decorator.py for tasks to queue
[2023-10-17T08:03:47.091+0000] {logging_mixin.py:151} INFO - [2023-10-17T08:03:47.090+0000] {dagbag.py:536} INFO - Filling up the DagBag from /home/airflow/.local/lib/python3.8/site-packages/airflow/example_dags/example_task_group_decorator.py
[2023-10-17T08:03:47.101+0000] {processor.py:839} INFO - DAG(s) dict_keys(['example_task_group_decorator']) retrieved from /home/airflow/.local/lib/python3.8/site-packages/airflow/example_dags/example_task_group_decorator.py
[2023-10-17T08:03:47.126+0000] {logging_mixin.py:151} INFO - [2023-10-17T08:03:47.126+0000] {dag.py:2941} INFO - Sync 1 DAGs
[2023-10-17T08:03:47.151+0000] {logging_mixin.py:151} INFO - [2023-10-17T08:03:47.151+0000] {dag.py:3722} INFO - Setting next_dagrun for example_task_group_decorator to 2023-10-16T08:03:47.150807+00:00, run_after=2023-10-17T08:03:47.150807+00:00
[2023-10-17T08:03:47.171+0000] {processor.py:179} INFO - Processing /home/airflow/.local/lib/python3.8/site-packages/airflow/example_dags/example_task_group_decorator.py took 0.085 seconds
[2023-10-17T08:04:17.250+0000] {processor.py:157} INFO - Started process (PID=1148) to work on /home/airflow/.local/lib/python3.8/site-packages/airflow/example_dags/example_task_group_decorator.py
[2023-10-17T08:04:17.251+0000] {processor.py:829} INFO - Processing file /home/airflow/.local/lib/python3.8/site-packages/airflow/example_dags/example_task_group_decorator.py for tasks to queue
[2023-10-17T08:04:17.252+0000] {logging_mixin.py:151} INFO - [2023-10-17T08:04:17.252+0000] {dagbag.py:536} INFO - Filling up the DagBag from /home/airflow/.local/lib/python3.8/site-packages/airflow/example_dags/example_task_group_decorator.py
[2023-10-17T08:04:17.261+0000] {processor.py:839} INFO - DAG(s) dict_keys(['example_task_group_decorator']) retrieved from /home/airflow/.local/lib/python3.8/site-packages/airflow/example_dags/example_task_group_decorator.py
[2023-10-17T08:04:17.282+0000] {logging_mixin.py:151} INFO - [2023-10-17T08:04:17.282+0000] {dag.py:2941} INFO - Sync 1 DAGs
[2023-10-17T08:04:17.301+0000] {logging_mixin.py:151} INFO - [2023-10-17T08:04:17.301+0000] {dag.py:3722} INFO - Setting next_dagrun for example_task_group_decorator to 2023-10-16T08:04:17.301283+00:00, run_after=2023-10-17T08:04:17.301283+00:00
[2023-10-17T08:04:17.317+0000] {processor.py:179} INFO - Processing /home/airflow/.local/lib/python3.8/site-packages/airflow/example_dags/example_task_group_decorator.py took 0.069 seconds
