[2023-10-17T07:39:53.971+0000] {processor.py:157} INFO - Started process (PID=165) to work on /home/airflow/.local/lib/python3.8/site-packages/airflow/example_dags/example_setup_teardown_taskflow.py
[2023-10-17T07:39:53.972+0000] {processor.py:829} INFO - Processing file /home/airflow/.local/lib/python3.8/site-packages/airflow/example_dags/example_setup_teardown_taskflow.py for tasks to queue
[2023-10-17T07:39:53.973+0000] {logging_mixin.py:151} INFO - [2023-10-17T07:39:53.973+0000] {dagbag.py:536} INFO - Filling up the DagBag from /home/airflow/.local/lib/python3.8/site-packages/airflow/example_dags/example_setup_teardown_taskflow.py
[2023-10-17T07:39:53.979+0000] {processor.py:839} INFO - DAG(s) dict_keys(['example_setup_teardown_taskflow']) retrieved from /home/airflow/.local/lib/python3.8/site-packages/airflow/example_dags/example_setup_teardown_taskflow.py
[2023-10-17T07:39:53.998+0000] {logging_mixin.py:151} INFO - [2023-10-17T07:39:53.997+0000] {dag.py:2941} INFO - Sync 1 DAGs
[2023-10-17T07:39:54.016+0000] {logging_mixin.py:151} INFO - [2023-10-17T07:39:54.015+0000] {dag.py:3722} INFO - Setting next_dagrun for example_setup_teardown_taskflow to 2023-10-16T07:39:54.015690+00:00, run_after=2023-10-17T07:39:54.015690+00:00
[2023-10-17T07:39:54.031+0000] {processor.py:179} INFO - Processing /home/airflow/.local/lib/python3.8/site-packages/airflow/example_dags/example_setup_teardown_taskflow.py took 0.062 seconds
[2023-10-17T07:40:24.767+0000] {processor.py:157} INFO - Started process (PID=219) to work on /home/airflow/.local/lib/python3.8/site-packages/airflow/example_dags/example_setup_teardown_taskflow.py
[2023-10-17T07:40:24.767+0000] {processor.py:829} INFO - Processing file /home/airflow/.local/lib/python3.8/site-packages/airflow/example_dags/example_setup_teardown_taskflow.py for tasks to queue
[2023-10-17T07:40:24.769+0000] {logging_mixin.py:151} INFO - [2023-10-17T07:40:24.769+0000] {dagbag.py:536} INFO - Filling up the DagBag from /home/airflow/.local/lib/python3.8/site-packages/airflow/example_dags/example_setup_teardown_taskflow.py
[2023-10-17T07:40:24.775+0000] {processor.py:839} INFO - DAG(s) dict_keys(['example_setup_teardown_taskflow']) retrieved from /home/airflow/.local/lib/python3.8/site-packages/airflow/example_dags/example_setup_teardown_taskflow.py
[2023-10-17T07:40:24.789+0000] {logging_mixin.py:151} INFO - [2023-10-17T07:40:24.789+0000] {dag.py:2941} INFO - Sync 1 DAGs
[2023-10-17T07:40:24.803+0000] {logging_mixin.py:151} INFO - [2023-10-17T07:40:24.803+0000] {dag.py:3722} INFO - Setting next_dagrun for example_setup_teardown_taskflow to 2023-10-16T07:40:24.803243+00:00, run_after=2023-10-17T07:40:24.803243+00:00
[2023-10-17T07:40:24.814+0000] {processor.py:179} INFO - Processing /home/airflow/.local/lib/python3.8/site-packages/airflow/example_dags/example_setup_teardown_taskflow.py took 0.049 seconds
[2023-10-17T07:44:13.147+0000] {processor.py:157} INFO - Started process (PID=75) to work on /home/airflow/.local/lib/python3.8/site-packages/airflow/example_dags/example_setup_teardown_taskflow.py
[2023-10-17T07:44:13.147+0000] {processor.py:829} INFO - Processing file /home/airflow/.local/lib/python3.8/site-packages/airflow/example_dags/example_setup_teardown_taskflow.py for tasks to queue
[2023-10-17T07:44:13.151+0000] {logging_mixin.py:151} INFO - [2023-10-17T07:44:13.150+0000] {dagbag.py:536} INFO - Filling up the DagBag from /home/airflow/.local/lib/python3.8/site-packages/airflow/example_dags/example_setup_teardown_taskflow.py
[2023-10-17T07:44:13.157+0000] {processor.py:839} INFO - DAG(s) dict_keys(['example_setup_teardown_taskflow']) retrieved from /home/airflow/.local/lib/python3.8/site-packages/airflow/example_dags/example_setup_teardown_taskflow.py
[2023-10-17T07:44:13.167+0000] {logging_mixin.py:151} INFO - [2023-10-17T07:44:13.167+0000] {dag.py:2941} INFO - Sync 1 DAGs
[2023-10-17T07:44:13.191+0000] {logging_mixin.py:151} INFO - [2023-10-17T07:44:13.191+0000] {dag.py:3722} INFO - Setting next_dagrun for example_setup_teardown_taskflow to 2023-10-16T07:44:13.191432+00:00, run_after=2023-10-17T07:44:13.191432+00:00
[2023-10-17T07:44:13.214+0000] {processor.py:179} INFO - Processing /home/airflow/.local/lib/python3.8/site-packages/airflow/example_dags/example_setup_teardown_taskflow.py took 0.069 seconds
[2023-10-17T07:44:43.920+0000] {processor.py:157} INFO - Started process (PID=129) to work on /home/airflow/.local/lib/python3.8/site-packages/airflow/example_dags/example_setup_teardown_taskflow.py
[2023-10-17T07:44:43.921+0000] {processor.py:829} INFO - Processing file /home/airflow/.local/lib/python3.8/site-packages/airflow/example_dags/example_setup_teardown_taskflow.py for tasks to queue
[2023-10-17T07:44:43.922+0000] {logging_mixin.py:151} INFO - [2023-10-17T07:44:43.922+0000] {dagbag.py:536} INFO - Filling up the DagBag from /home/airflow/.local/lib/python3.8/site-packages/airflow/example_dags/example_setup_teardown_taskflow.py
[2023-10-17T07:44:43.928+0000] {processor.py:839} INFO - DAG(s) dict_keys(['example_setup_teardown_taskflow']) retrieved from /home/airflow/.local/lib/python3.8/site-packages/airflow/example_dags/example_setup_teardown_taskflow.py
[2023-10-17T07:44:43.943+0000] {logging_mixin.py:151} INFO - [2023-10-17T07:44:43.943+0000] {dag.py:2941} INFO - Sync 1 DAGs
[2023-10-17T07:44:43.959+0000] {logging_mixin.py:151} INFO - [2023-10-17T07:44:43.958+0000] {dag.py:3722} INFO - Setting next_dagrun for example_setup_teardown_taskflow to 2023-10-16T07:44:43.958553+00:00, run_after=2023-10-17T07:44:43.958553+00:00
[2023-10-17T07:44:43.972+0000] {processor.py:179} INFO - Processing /home/airflow/.local/lib/python3.8/site-packages/airflow/example_dags/example_setup_teardown_taskflow.py took 0.053 seconds
[2023-10-17T07:45:14.591+0000] {processor.py:157} INFO - Started process (PID=184) to work on /home/airflow/.local/lib/python3.8/site-packages/airflow/example_dags/example_setup_teardown_taskflow.py
[2023-10-17T07:45:14.591+0000] {processor.py:829} INFO - Processing file /home/airflow/.local/lib/python3.8/site-packages/airflow/example_dags/example_setup_teardown_taskflow.py for tasks to queue
[2023-10-17T07:45:14.593+0000] {logging_mixin.py:151} INFO - [2023-10-17T07:45:14.593+0000] {dagbag.py:536} INFO - Filling up the DagBag from /home/airflow/.local/lib/python3.8/site-packages/airflow/example_dags/example_setup_teardown_taskflow.py
[2023-10-17T07:45:14.599+0000] {processor.py:839} INFO - DAG(s) dict_keys(['example_setup_teardown_taskflow']) retrieved from /home/airflow/.local/lib/python3.8/site-packages/airflow/example_dags/example_setup_teardown_taskflow.py
[2023-10-17T07:45:14.616+0000] {logging_mixin.py:151} INFO - [2023-10-17T07:45:14.616+0000] {dag.py:2941} INFO - Sync 1 DAGs
[2023-10-17T07:45:14.638+0000] {logging_mixin.py:151} INFO - [2023-10-17T07:45:14.638+0000] {dag.py:3722} INFO - Setting next_dagrun for example_setup_teardown_taskflow to 2023-10-16T07:45:14.637994+00:00, run_after=2023-10-17T07:45:14.637994+00:00
[2023-10-17T07:45:14.652+0000] {processor.py:179} INFO - Processing /home/airflow/.local/lib/python3.8/site-packages/airflow/example_dags/example_setup_teardown_taskflow.py took 0.064 seconds
[2023-10-17T07:45:45.458+0000] {processor.py:157} INFO - Started process (PID=238) to work on /home/airflow/.local/lib/python3.8/site-packages/airflow/example_dags/example_setup_teardown_taskflow.py
[2023-10-17T07:45:45.458+0000] {processor.py:829} INFO - Processing file /home/airflow/.local/lib/python3.8/site-packages/airflow/example_dags/example_setup_teardown_taskflow.py for tasks to queue
[2023-10-17T07:45:45.459+0000] {logging_mixin.py:151} INFO - [2023-10-17T07:45:45.459+0000] {dagbag.py:536} INFO - Filling up the DagBag from /home/airflow/.local/lib/python3.8/site-packages/airflow/example_dags/example_setup_teardown_taskflow.py
[2023-10-17T07:45:45.465+0000] {processor.py:839} INFO - DAG(s) dict_keys(['example_setup_teardown_taskflow']) retrieved from /home/airflow/.local/lib/python3.8/site-packages/airflow/example_dags/example_setup_teardown_taskflow.py
[2023-10-17T07:45:45.479+0000] {logging_mixin.py:151} INFO - [2023-10-17T07:45:45.479+0000] {dag.py:2941} INFO - Sync 1 DAGs
[2023-10-17T07:45:45.495+0000] {logging_mixin.py:151} INFO - [2023-10-17T07:45:45.494+0000] {dag.py:3722} INFO - Setting next_dagrun for example_setup_teardown_taskflow to 2023-10-16T07:45:45.494733+00:00, run_after=2023-10-17T07:45:45.494733+00:00
[2023-10-17T07:45:45.507+0000] {processor.py:179} INFO - Processing /home/airflow/.local/lib/python3.8/site-packages/airflow/example_dags/example_setup_teardown_taskflow.py took 0.051 seconds
[2023-10-17T07:46:15.894+0000] {processor.py:157} INFO - Started process (PID=292) to work on /home/airflow/.local/lib/python3.8/site-packages/airflow/example_dags/example_setup_teardown_taskflow.py
[2023-10-17T07:46:15.895+0000] {processor.py:829} INFO - Processing file /home/airflow/.local/lib/python3.8/site-packages/airflow/example_dags/example_setup_teardown_taskflow.py for tasks to queue
[2023-10-17T07:46:15.896+0000] {logging_mixin.py:151} INFO - [2023-10-17T07:46:15.896+0000] {dagbag.py:536} INFO - Filling up the DagBag from /home/airflow/.local/lib/python3.8/site-packages/airflow/example_dags/example_setup_teardown_taskflow.py
[2023-10-17T07:46:15.902+0000] {processor.py:839} INFO - DAG(s) dict_keys(['example_setup_teardown_taskflow']) retrieved from /home/airflow/.local/lib/python3.8/site-packages/airflow/example_dags/example_setup_teardown_taskflow.py
[2023-10-17T07:46:15.918+0000] {logging_mixin.py:151} INFO - [2023-10-17T07:46:15.917+0000] {dag.py:2941} INFO - Sync 1 DAGs
[2023-10-17T07:46:15.933+0000] {logging_mixin.py:151} INFO - [2023-10-17T07:46:15.933+0000] {dag.py:3722} INFO - Setting next_dagrun for example_setup_teardown_taskflow to 2023-10-16T07:46:15.933435+00:00, run_after=2023-10-17T07:46:15.933435+00:00
[2023-10-17T07:46:15.946+0000] {processor.py:179} INFO - Processing /home/airflow/.local/lib/python3.8/site-packages/airflow/example_dags/example_setup_teardown_taskflow.py took 0.056 seconds
[2023-10-17T07:54:08.225+0000] {processor.py:157} INFO - Started process (PID=75) to work on /home/airflow/.local/lib/python3.8/site-packages/airflow/example_dags/example_setup_teardown_taskflow.py
[2023-10-17T07:54:08.226+0000] {processor.py:829} INFO - Processing file /home/airflow/.local/lib/python3.8/site-packages/airflow/example_dags/example_setup_teardown_taskflow.py for tasks to queue
[2023-10-17T07:54:08.227+0000] {logging_mixin.py:151} INFO - [2023-10-17T07:54:08.227+0000] {dagbag.py:536} INFO - Filling up the DagBag from /home/airflow/.local/lib/python3.8/site-packages/airflow/example_dags/example_setup_teardown_taskflow.py
[2023-10-17T07:54:08.233+0000] {processor.py:839} INFO - DAG(s) dict_keys(['example_setup_teardown_taskflow']) retrieved from /home/airflow/.local/lib/python3.8/site-packages/airflow/example_dags/example_setup_teardown_taskflow.py
[2023-10-17T07:54:08.243+0000] {logging_mixin.py:151} INFO - [2023-10-17T07:54:08.243+0000] {dag.py:2941} INFO - Sync 1 DAGs
[2023-10-17T07:54:08.262+0000] {logging_mixin.py:151} INFO - [2023-10-17T07:54:08.261+0000] {dag.py:3722} INFO - Setting next_dagrun for example_setup_teardown_taskflow to 2023-10-16T07:54:08.261722+00:00, run_after=2023-10-17T07:54:08.261722+00:00
[2023-10-17T07:54:08.279+0000] {processor.py:179} INFO - Processing /home/airflow/.local/lib/python3.8/site-packages/airflow/example_dags/example_setup_teardown_taskflow.py took 0.056 seconds
[2023-10-17T07:54:39.030+0000] {processor.py:157} INFO - Started process (PID=129) to work on /home/airflow/.local/lib/python3.8/site-packages/airflow/example_dags/example_setup_teardown_taskflow.py
[2023-10-17T07:54:39.030+0000] {processor.py:829} INFO - Processing file /home/airflow/.local/lib/python3.8/site-packages/airflow/example_dags/example_setup_teardown_taskflow.py for tasks to queue
[2023-10-17T07:54:39.032+0000] {logging_mixin.py:151} INFO - [2023-10-17T07:54:39.031+0000] {dagbag.py:536} INFO - Filling up the DagBag from /home/airflow/.local/lib/python3.8/site-packages/airflow/example_dags/example_setup_teardown_taskflow.py
[2023-10-17T07:54:39.037+0000] {processor.py:839} INFO - DAG(s) dict_keys(['example_setup_teardown_taskflow']) retrieved from /home/airflow/.local/lib/python3.8/site-packages/airflow/example_dags/example_setup_teardown_taskflow.py
[2023-10-17T07:54:39.052+0000] {logging_mixin.py:151} INFO - [2023-10-17T07:54:39.051+0000] {dag.py:2941} INFO - Sync 1 DAGs
[2023-10-17T07:54:39.066+0000] {logging_mixin.py:151} INFO - [2023-10-17T07:54:39.066+0000] {dag.py:3722} INFO - Setting next_dagrun for example_setup_teardown_taskflow to 2023-10-16T07:54:39.065938+00:00, run_after=2023-10-17T07:54:39.065938+00:00
[2023-10-17T07:54:39.078+0000] {processor.py:179} INFO - Processing /home/airflow/.local/lib/python3.8/site-packages/airflow/example_dags/example_setup_teardown_taskflow.py took 0.050 seconds
[2023-10-17T07:55:09.414+0000] {processor.py:157} INFO - Started process (PID=183) to work on /home/airflow/.local/lib/python3.8/site-packages/airflow/example_dags/example_setup_teardown_taskflow.py
[2023-10-17T07:55:09.415+0000] {processor.py:829} INFO - Processing file /home/airflow/.local/lib/python3.8/site-packages/airflow/example_dags/example_setup_teardown_taskflow.py for tasks to queue
[2023-10-17T07:55:09.416+0000] {logging_mixin.py:151} INFO - [2023-10-17T07:55:09.416+0000] {dagbag.py:536} INFO - Filling up the DagBag from /home/airflow/.local/lib/python3.8/site-packages/airflow/example_dags/example_setup_teardown_taskflow.py
[2023-10-17T07:55:09.422+0000] {processor.py:839} INFO - DAG(s) dict_keys(['example_setup_teardown_taskflow']) retrieved from /home/airflow/.local/lib/python3.8/site-packages/airflow/example_dags/example_setup_teardown_taskflow.py
[2023-10-17T07:55:09.435+0000] {logging_mixin.py:151} INFO - [2023-10-17T07:55:09.435+0000] {dag.py:2941} INFO - Sync 1 DAGs
[2023-10-17T07:55:09.449+0000] {logging_mixin.py:151} INFO - [2023-10-17T07:55:09.449+0000] {dag.py:3722} INFO - Setting next_dagrun for example_setup_teardown_taskflow to 2023-10-16T07:55:09.448876+00:00, run_after=2023-10-17T07:55:09.448876+00:00
[2023-10-17T07:55:09.461+0000] {processor.py:179} INFO - Processing /home/airflow/.local/lib/python3.8/site-packages/airflow/example_dags/example_setup_teardown_taskflow.py took 0.048 seconds
[2023-10-17T07:55:40.333+0000] {processor.py:157} INFO - Started process (PID=237) to work on /home/airflow/.local/lib/python3.8/site-packages/airflow/example_dags/example_setup_teardown_taskflow.py
[2023-10-17T07:55:40.334+0000] {processor.py:829} INFO - Processing file /home/airflow/.local/lib/python3.8/site-packages/airflow/example_dags/example_setup_teardown_taskflow.py for tasks to queue
[2023-10-17T07:55:40.335+0000] {logging_mixin.py:151} INFO - [2023-10-17T07:55:40.334+0000] {dagbag.py:536} INFO - Filling up the DagBag from /home/airflow/.local/lib/python3.8/site-packages/airflow/example_dags/example_setup_teardown_taskflow.py
[2023-10-17T07:55:40.340+0000] {processor.py:839} INFO - DAG(s) dict_keys(['example_setup_teardown_taskflow']) retrieved from /home/airflow/.local/lib/python3.8/site-packages/airflow/example_dags/example_setup_teardown_taskflow.py
[2023-10-17T07:55:40.353+0000] {logging_mixin.py:151} INFO - [2023-10-17T07:55:40.353+0000] {dag.py:2941} INFO - Sync 1 DAGs
[2023-10-17T07:55:40.366+0000] {logging_mixin.py:151} INFO - [2023-10-17T07:55:40.366+0000] {dag.py:3722} INFO - Setting next_dagrun for example_setup_teardown_taskflow to 2023-10-16T07:55:40.366197+00:00, run_after=2023-10-17T07:55:40.366197+00:00
[2023-10-17T07:55:40.377+0000] {processor.py:179} INFO - Processing /home/airflow/.local/lib/python3.8/site-packages/airflow/example_dags/example_setup_teardown_taskflow.py took 0.045 seconds
[2023-10-17T07:56:10.403+0000] {processor.py:157} INFO - Started process (PID=291) to work on /home/airflow/.local/lib/python3.8/site-packages/airflow/example_dags/example_setup_teardown_taskflow.py
[2023-10-17T07:56:10.404+0000] {processor.py:829} INFO - Processing file /home/airflow/.local/lib/python3.8/site-packages/airflow/example_dags/example_setup_teardown_taskflow.py for tasks to queue
[2023-10-17T07:56:10.405+0000] {logging_mixin.py:151} INFO - [2023-10-17T07:56:10.405+0000] {dagbag.py:536} INFO - Filling up the DagBag from /home/airflow/.local/lib/python3.8/site-packages/airflow/example_dags/example_setup_teardown_taskflow.py
[2023-10-17T07:56:10.411+0000] {processor.py:839} INFO - DAG(s) dict_keys(['example_setup_teardown_taskflow']) retrieved from /home/airflow/.local/lib/python3.8/site-packages/airflow/example_dags/example_setup_teardown_taskflow.py
[2023-10-17T07:56:10.425+0000] {logging_mixin.py:151} INFO - [2023-10-17T07:56:10.425+0000] {dag.py:2941} INFO - Sync 1 DAGs
[2023-10-17T07:56:10.440+0000] {logging_mixin.py:151} INFO - [2023-10-17T07:56:10.440+0000] {dag.py:3722} INFO - Setting next_dagrun for example_setup_teardown_taskflow to 2023-10-16T07:56:10.440620+00:00, run_after=2023-10-17T07:56:10.440620+00:00
[2023-10-17T07:56:10.455+0000] {processor.py:179} INFO - Processing /home/airflow/.local/lib/python3.8/site-packages/airflow/example_dags/example_setup_teardown_taskflow.py took 0.054 seconds
[2023-10-17T07:56:40.844+0000] {processor.py:157} INFO - Started process (PID=345) to work on /home/airflow/.local/lib/python3.8/site-packages/airflow/example_dags/example_setup_teardown_taskflow.py
[2023-10-17T07:56:40.845+0000] {processor.py:829} INFO - Processing file /home/airflow/.local/lib/python3.8/site-packages/airflow/example_dags/example_setup_teardown_taskflow.py for tasks to queue
[2023-10-17T07:56:40.846+0000] {logging_mixin.py:151} INFO - [2023-10-17T07:56:40.846+0000] {dagbag.py:536} INFO - Filling up the DagBag from /home/airflow/.local/lib/python3.8/site-packages/airflow/example_dags/example_setup_teardown_taskflow.py
[2023-10-17T07:56:40.852+0000] {processor.py:839} INFO - DAG(s) dict_keys(['example_setup_teardown_taskflow']) retrieved from /home/airflow/.local/lib/python3.8/site-packages/airflow/example_dags/example_setup_teardown_taskflow.py
[2023-10-17T07:56:40.865+0000] {logging_mixin.py:151} INFO - [2023-10-17T07:56:40.865+0000] {dag.py:2941} INFO - Sync 1 DAGs
[2023-10-17T07:56:40.878+0000] {logging_mixin.py:151} INFO - [2023-10-17T07:56:40.878+0000] {dag.py:3722} INFO - Setting next_dagrun for example_setup_teardown_taskflow to 2023-10-16T07:56:40.878508+00:00, run_after=2023-10-17T07:56:40.878508+00:00
[2023-10-17T07:56:40.890+0000] {processor.py:179} INFO - Processing /home/airflow/.local/lib/python3.8/site-packages/airflow/example_dags/example_setup_teardown_taskflow.py took 0.047 seconds
[2023-10-17T07:57:11.645+0000] {processor.py:157} INFO - Started process (PID=399) to work on /home/airflow/.local/lib/python3.8/site-packages/airflow/example_dags/example_setup_teardown_taskflow.py
[2023-10-17T07:57:11.646+0000] {processor.py:829} INFO - Processing file /home/airflow/.local/lib/python3.8/site-packages/airflow/example_dags/example_setup_teardown_taskflow.py for tasks to queue
[2023-10-17T07:57:11.647+0000] {logging_mixin.py:151} INFO - [2023-10-17T07:57:11.647+0000] {dagbag.py:536} INFO - Filling up the DagBag from /home/airflow/.local/lib/python3.8/site-packages/airflow/example_dags/example_setup_teardown_taskflow.py
[2023-10-17T07:57:11.653+0000] {processor.py:839} INFO - DAG(s) dict_keys(['example_setup_teardown_taskflow']) retrieved from /home/airflow/.local/lib/python3.8/site-packages/airflow/example_dags/example_setup_teardown_taskflow.py
[2023-10-17T07:57:11.667+0000] {logging_mixin.py:151} INFO - [2023-10-17T07:57:11.667+0000] {dag.py:2941} INFO - Sync 1 DAGs
[2023-10-17T07:57:11.682+0000] {logging_mixin.py:151} INFO - [2023-10-17T07:57:11.682+0000] {dag.py:3722} INFO - Setting next_dagrun for example_setup_teardown_taskflow to 2023-10-16T07:57:11.682141+00:00, run_after=2023-10-17T07:57:11.682141+00:00
[2023-10-17T07:57:11.692+0000] {processor.py:179} INFO - Processing /home/airflow/.local/lib/python3.8/site-packages/airflow/example_dags/example_setup_teardown_taskflow.py took 0.049 seconds
[2023-10-17T07:57:42.616+0000] {processor.py:157} INFO - Started process (PID=453) to work on /home/airflow/.local/lib/python3.8/site-packages/airflow/example_dags/example_setup_teardown_taskflow.py
[2023-10-17T07:57:42.617+0000] {processor.py:829} INFO - Processing file /home/airflow/.local/lib/python3.8/site-packages/airflow/example_dags/example_setup_teardown_taskflow.py for tasks to queue
[2023-10-17T07:57:42.619+0000] {logging_mixin.py:151} INFO - [2023-10-17T07:57:42.618+0000] {dagbag.py:536} INFO - Filling up the DagBag from /home/airflow/.local/lib/python3.8/site-packages/airflow/example_dags/example_setup_teardown_taskflow.py
[2023-10-17T07:57:42.626+0000] {processor.py:839} INFO - DAG(s) dict_keys(['example_setup_teardown_taskflow']) retrieved from /home/airflow/.local/lib/python3.8/site-packages/airflow/example_dags/example_setup_teardown_taskflow.py
[2023-10-17T07:57:42.642+0000] {logging_mixin.py:151} INFO - [2023-10-17T07:57:42.642+0000] {dag.py:2941} INFO - Sync 1 DAGs
[2023-10-17T07:57:42.660+0000] {logging_mixin.py:151} INFO - [2023-10-17T07:57:42.660+0000] {dag.py:3722} INFO - Setting next_dagrun for example_setup_teardown_taskflow to 2023-10-16T07:57:42.660134+00:00, run_after=2023-10-17T07:57:42.660134+00:00
[2023-10-17T07:57:42.673+0000] {processor.py:179} INFO - Processing /home/airflow/.local/lib/python3.8/site-packages/airflow/example_dags/example_setup_teardown_taskflow.py took 0.058 seconds
[2023-10-17T07:58:13.167+0000] {processor.py:157} INFO - Started process (PID=507) to work on /home/airflow/.local/lib/python3.8/site-packages/airflow/example_dags/example_setup_teardown_taskflow.py
[2023-10-17T07:58:13.167+0000] {processor.py:829} INFO - Processing file /home/airflow/.local/lib/python3.8/site-packages/airflow/example_dags/example_setup_teardown_taskflow.py for tasks to queue
[2023-10-17T07:58:13.168+0000] {logging_mixin.py:151} INFO - [2023-10-17T07:58:13.168+0000] {dagbag.py:536} INFO - Filling up the DagBag from /home/airflow/.local/lib/python3.8/site-packages/airflow/example_dags/example_setup_teardown_taskflow.py
[2023-10-17T07:58:13.175+0000] {processor.py:839} INFO - DAG(s) dict_keys(['example_setup_teardown_taskflow']) retrieved from /home/airflow/.local/lib/python3.8/site-packages/airflow/example_dags/example_setup_teardown_taskflow.py
[2023-10-17T07:58:13.192+0000] {logging_mixin.py:151} INFO - [2023-10-17T07:58:13.192+0000] {dag.py:2941} INFO - Sync 1 DAGs
[2023-10-17T07:58:13.210+0000] {logging_mixin.py:151} INFO - [2023-10-17T07:58:13.210+0000] {dag.py:3722} INFO - Setting next_dagrun for example_setup_teardown_taskflow to 2023-10-16T07:58:13.210457+00:00, run_after=2023-10-17T07:58:13.210457+00:00
[2023-10-17T07:58:13.222+0000] {processor.py:179} INFO - Processing /home/airflow/.local/lib/python3.8/site-packages/airflow/example_dags/example_setup_teardown_taskflow.py took 0.057 seconds
[2023-10-17T07:58:44.164+0000] {processor.py:157} INFO - Started process (PID=561) to work on /home/airflow/.local/lib/python3.8/site-packages/airflow/example_dags/example_setup_teardown_taskflow.py
[2023-10-17T07:58:44.164+0000] {processor.py:829} INFO - Processing file /home/airflow/.local/lib/python3.8/site-packages/airflow/example_dags/example_setup_teardown_taskflow.py for tasks to queue
[2023-10-17T07:58:44.166+0000] {logging_mixin.py:151} INFO - [2023-10-17T07:58:44.166+0000] {dagbag.py:536} INFO - Filling up the DagBag from /home/airflow/.local/lib/python3.8/site-packages/airflow/example_dags/example_setup_teardown_taskflow.py
[2023-10-17T07:58:44.171+0000] {processor.py:839} INFO - DAG(s) dict_keys(['example_setup_teardown_taskflow']) retrieved from /home/airflow/.local/lib/python3.8/site-packages/airflow/example_dags/example_setup_teardown_taskflow.py
[2023-10-17T07:58:44.185+0000] {logging_mixin.py:151} INFO - [2023-10-17T07:58:44.185+0000] {dag.py:2941} INFO - Sync 1 DAGs
[2023-10-17T07:58:44.200+0000] {logging_mixin.py:151} INFO - [2023-10-17T07:58:44.199+0000] {dag.py:3722} INFO - Setting next_dagrun for example_setup_teardown_taskflow to 2023-10-16T07:58:44.199689+00:00, run_after=2023-10-17T07:58:44.199689+00:00
[2023-10-17T07:58:44.212+0000] {processor.py:179} INFO - Processing /home/airflow/.local/lib/python3.8/site-packages/airflow/example_dags/example_setup_teardown_taskflow.py took 0.050 seconds
[2023-10-17T07:59:14.288+0000] {processor.py:157} INFO - Started process (PID=615) to work on /home/airflow/.local/lib/python3.8/site-packages/airflow/example_dags/example_setup_teardown_taskflow.py
[2023-10-17T07:59:14.289+0000] {processor.py:829} INFO - Processing file /home/airflow/.local/lib/python3.8/site-packages/airflow/example_dags/example_setup_teardown_taskflow.py for tasks to queue
[2023-10-17T07:59:14.290+0000] {logging_mixin.py:151} INFO - [2023-10-17T07:59:14.290+0000] {dagbag.py:536} INFO - Filling up the DagBag from /home/airflow/.local/lib/python3.8/site-packages/airflow/example_dags/example_setup_teardown_taskflow.py
[2023-10-17T07:59:14.296+0000] {processor.py:839} INFO - DAG(s) dict_keys(['example_setup_teardown_taskflow']) retrieved from /home/airflow/.local/lib/python3.8/site-packages/airflow/example_dags/example_setup_teardown_taskflow.py
[2023-10-17T07:59:14.310+0000] {logging_mixin.py:151} INFO - [2023-10-17T07:59:14.310+0000] {dag.py:2941} INFO - Sync 1 DAGs
[2023-10-17T07:59:14.327+0000] {logging_mixin.py:151} INFO - [2023-10-17T07:59:14.326+0000] {dag.py:3722} INFO - Setting next_dagrun for example_setup_teardown_taskflow to 2023-10-16T07:59:14.326643+00:00, run_after=2023-10-17T07:59:14.326643+00:00
[2023-10-17T07:59:14.340+0000] {processor.py:179} INFO - Processing /home/airflow/.local/lib/python3.8/site-packages/airflow/example_dags/example_setup_teardown_taskflow.py took 0.054 seconds
[2023-10-17T07:59:44.357+0000] {processor.py:157} INFO - Started process (PID=668) to work on /home/airflow/.local/lib/python3.8/site-packages/airflow/example_dags/example_setup_teardown_taskflow.py
[2023-10-17T07:59:44.358+0000] {processor.py:829} INFO - Processing file /home/airflow/.local/lib/python3.8/site-packages/airflow/example_dags/example_setup_teardown_taskflow.py for tasks to queue
[2023-10-17T07:59:44.360+0000] {logging_mixin.py:151} INFO - [2023-10-17T07:59:44.359+0000] {dagbag.py:536} INFO - Filling up the DagBag from /home/airflow/.local/lib/python3.8/site-packages/airflow/example_dags/example_setup_teardown_taskflow.py
[2023-10-17T07:59:44.365+0000] {processor.py:839} INFO - DAG(s) dict_keys(['example_setup_teardown_taskflow']) retrieved from /home/airflow/.local/lib/python3.8/site-packages/airflow/example_dags/example_setup_teardown_taskflow.py
[2023-10-17T07:59:44.379+0000] {logging_mixin.py:151} INFO - [2023-10-17T07:59:44.379+0000] {dag.py:2941} INFO - Sync 1 DAGs
[2023-10-17T07:59:44.394+0000] {logging_mixin.py:151} INFO - [2023-10-17T07:59:44.393+0000] {dag.py:3722} INFO - Setting next_dagrun for example_setup_teardown_taskflow to 2023-10-16T07:59:44.393737+00:00, run_after=2023-10-17T07:59:44.393737+00:00
[2023-10-17T07:59:44.408+0000] {processor.py:179} INFO - Processing /home/airflow/.local/lib/python3.8/site-packages/airflow/example_dags/example_setup_teardown_taskflow.py took 0.053 seconds
[2023-10-17T08:00:14.457+0000] {processor.py:157} INFO - Started process (PID=722) to work on /home/airflow/.local/lib/python3.8/site-packages/airflow/example_dags/example_setup_teardown_taskflow.py
[2023-10-17T08:00:14.457+0000] {processor.py:829} INFO - Processing file /home/airflow/.local/lib/python3.8/site-packages/airflow/example_dags/example_setup_teardown_taskflow.py for tasks to queue
[2023-10-17T08:00:14.459+0000] {logging_mixin.py:151} INFO - [2023-10-17T08:00:14.459+0000] {dagbag.py:536} INFO - Filling up the DagBag from /home/airflow/.local/lib/python3.8/site-packages/airflow/example_dags/example_setup_teardown_taskflow.py
[2023-10-17T08:00:14.467+0000] {processor.py:839} INFO - DAG(s) dict_keys(['example_setup_teardown_taskflow']) retrieved from /home/airflow/.local/lib/python3.8/site-packages/airflow/example_dags/example_setup_teardown_taskflow.py
[2023-10-17T08:00:14.488+0000] {logging_mixin.py:151} INFO - [2023-10-17T08:00:14.488+0000] {dag.py:2941} INFO - Sync 1 DAGs
[2023-10-17T08:00:14.505+0000] {logging_mixin.py:151} INFO - [2023-10-17T08:00:14.505+0000] {dag.py:3722} INFO - Setting next_dagrun for example_setup_teardown_taskflow to 2023-10-16T08:00:14.505518+00:00, run_after=2023-10-17T08:00:14.505518+00:00
[2023-10-17T08:00:14.517+0000] {processor.py:179} INFO - Processing /home/airflow/.local/lib/python3.8/site-packages/airflow/example_dags/example_setup_teardown_taskflow.py took 0.063 seconds
[2023-10-17T08:00:44.659+0000] {processor.py:157} INFO - Started process (PID=776) to work on /home/airflow/.local/lib/python3.8/site-packages/airflow/example_dags/example_setup_teardown_taskflow.py
[2023-10-17T08:00:44.659+0000] {processor.py:829} INFO - Processing file /home/airflow/.local/lib/python3.8/site-packages/airflow/example_dags/example_setup_teardown_taskflow.py for tasks to queue
[2023-10-17T08:00:44.661+0000] {logging_mixin.py:151} INFO - [2023-10-17T08:00:44.660+0000] {dagbag.py:536} INFO - Filling up the DagBag from /home/airflow/.local/lib/python3.8/site-packages/airflow/example_dags/example_setup_teardown_taskflow.py
[2023-10-17T08:00:44.669+0000] {processor.py:839} INFO - DAG(s) dict_keys(['example_setup_teardown_taskflow']) retrieved from /home/airflow/.local/lib/python3.8/site-packages/airflow/example_dags/example_setup_teardown_taskflow.py
[2023-10-17T08:00:44.689+0000] {logging_mixin.py:151} INFO - [2023-10-17T08:00:44.688+0000] {dag.py:2941} INFO - Sync 1 DAGs
[2023-10-17T08:00:44.708+0000] {logging_mixin.py:151} INFO - [2023-10-17T08:00:44.708+0000] {dag.py:3722} INFO - Setting next_dagrun for example_setup_teardown_taskflow to 2023-10-16T08:00:44.708443+00:00, run_after=2023-10-17T08:00:44.708443+00:00
[2023-10-17T08:00:44.724+0000] {processor.py:179} INFO - Processing /home/airflow/.local/lib/python3.8/site-packages/airflow/example_dags/example_setup_teardown_taskflow.py took 0.068 seconds
[2023-10-17T08:01:14.898+0000] {processor.py:157} INFO - Started process (PID=830) to work on /home/airflow/.local/lib/python3.8/site-packages/airflow/example_dags/example_setup_teardown_taskflow.py
[2023-10-17T08:01:14.898+0000] {processor.py:829} INFO - Processing file /home/airflow/.local/lib/python3.8/site-packages/airflow/example_dags/example_setup_teardown_taskflow.py for tasks to queue
[2023-10-17T08:01:14.900+0000] {logging_mixin.py:151} INFO - [2023-10-17T08:01:14.899+0000] {dagbag.py:536} INFO - Filling up the DagBag from /home/airflow/.local/lib/python3.8/site-packages/airflow/example_dags/example_setup_teardown_taskflow.py
[2023-10-17T08:01:14.906+0000] {processor.py:839} INFO - DAG(s) dict_keys(['example_setup_teardown_taskflow']) retrieved from /home/airflow/.local/lib/python3.8/site-packages/airflow/example_dags/example_setup_teardown_taskflow.py
[2023-10-17T08:01:14.921+0000] {logging_mixin.py:151} INFO - [2023-10-17T08:01:14.921+0000] {dag.py:2941} INFO - Sync 1 DAGs
[2023-10-17T08:01:14.939+0000] {logging_mixin.py:151} INFO - [2023-10-17T08:01:14.938+0000] {dag.py:3722} INFO - Setting next_dagrun for example_setup_teardown_taskflow to 2023-10-16T08:01:14.938574+00:00, run_after=2023-10-17T08:01:14.938574+00:00
[2023-10-17T08:01:14.953+0000] {processor.py:179} INFO - Processing /home/airflow/.local/lib/python3.8/site-packages/airflow/example_dags/example_setup_teardown_taskflow.py took 0.057 seconds
[2023-10-17T08:01:45.886+0000] {processor.py:157} INFO - Started process (PID=884) to work on /home/airflow/.local/lib/python3.8/site-packages/airflow/example_dags/example_setup_teardown_taskflow.py
[2023-10-17T08:01:45.887+0000] {processor.py:829} INFO - Processing file /home/airflow/.local/lib/python3.8/site-packages/airflow/example_dags/example_setup_teardown_taskflow.py for tasks to queue
[2023-10-17T08:01:45.888+0000] {logging_mixin.py:151} INFO - [2023-10-17T08:01:45.888+0000] {dagbag.py:536} INFO - Filling up the DagBag from /home/airflow/.local/lib/python3.8/site-packages/airflow/example_dags/example_setup_teardown_taskflow.py
[2023-10-17T08:01:45.894+0000] {processor.py:839} INFO - DAG(s) dict_keys(['example_setup_teardown_taskflow']) retrieved from /home/airflow/.local/lib/python3.8/site-packages/airflow/example_dags/example_setup_teardown_taskflow.py
[2023-10-17T08:01:45.908+0000] {logging_mixin.py:151} INFO - [2023-10-17T08:01:45.908+0000] {dag.py:2941} INFO - Sync 1 DAGs
[2023-10-17T08:01:45.923+0000] {logging_mixin.py:151} INFO - [2023-10-17T08:01:45.922+0000] {dag.py:3722} INFO - Setting next_dagrun for example_setup_teardown_taskflow to 2023-10-16T08:01:45.922612+00:00, run_after=2023-10-17T08:01:45.922612+00:00
[2023-10-17T08:01:45.937+0000] {processor.py:179} INFO - Processing /home/airflow/.local/lib/python3.8/site-packages/airflow/example_dags/example_setup_teardown_taskflow.py took 0.053 seconds
[2023-10-17T08:02:16.859+0000] {processor.py:157} INFO - Started process (PID=938) to work on /home/airflow/.local/lib/python3.8/site-packages/airflow/example_dags/example_setup_teardown_taskflow.py
[2023-10-17T08:02:16.860+0000] {processor.py:829} INFO - Processing file /home/airflow/.local/lib/python3.8/site-packages/airflow/example_dags/example_setup_teardown_taskflow.py for tasks to queue
[2023-10-17T08:02:16.861+0000] {logging_mixin.py:151} INFO - [2023-10-17T08:02:16.861+0000] {dagbag.py:536} INFO - Filling up the DagBag from /home/airflow/.local/lib/python3.8/site-packages/airflow/example_dags/example_setup_teardown_taskflow.py
[2023-10-17T08:02:16.867+0000] {processor.py:839} INFO - DAG(s) dict_keys(['example_setup_teardown_taskflow']) retrieved from /home/airflow/.local/lib/python3.8/site-packages/airflow/example_dags/example_setup_teardown_taskflow.py
[2023-10-17T08:02:16.883+0000] {logging_mixin.py:151} INFO - [2023-10-17T08:02:16.883+0000] {dag.py:2941} INFO - Sync 1 DAGs
[2023-10-17T08:02:16.897+0000] {logging_mixin.py:151} INFO - [2023-10-17T08:02:16.897+0000] {dag.py:3722} INFO - Setting next_dagrun for example_setup_teardown_taskflow to 2023-10-16T08:02:16.897556+00:00, run_after=2023-10-17T08:02:16.897556+00:00
[2023-10-17T08:02:16.908+0000] {processor.py:179} INFO - Processing /home/airflow/.local/lib/python3.8/site-packages/airflow/example_dags/example_setup_teardown_taskflow.py took 0.051 seconds
[2023-10-17T08:02:47.237+0000] {processor.py:157} INFO - Started process (PID=992) to work on /home/airflow/.local/lib/python3.8/site-packages/airflow/example_dags/example_setup_teardown_taskflow.py
[2023-10-17T08:02:47.238+0000] {processor.py:829} INFO - Processing file /home/airflow/.local/lib/python3.8/site-packages/airflow/example_dags/example_setup_teardown_taskflow.py for tasks to queue
[2023-10-17T08:02:47.239+0000] {logging_mixin.py:151} INFO - [2023-10-17T08:02:47.239+0000] {dagbag.py:536} INFO - Filling up the DagBag from /home/airflow/.local/lib/python3.8/site-packages/airflow/example_dags/example_setup_teardown_taskflow.py
[2023-10-17T08:02:47.245+0000] {processor.py:839} INFO - DAG(s) dict_keys(['example_setup_teardown_taskflow']) retrieved from /home/airflow/.local/lib/python3.8/site-packages/airflow/example_dags/example_setup_teardown_taskflow.py
[2023-10-17T08:02:47.259+0000] {logging_mixin.py:151} INFO - [2023-10-17T08:02:47.259+0000] {dag.py:2941} INFO - Sync 1 DAGs
[2023-10-17T08:02:47.274+0000] {logging_mixin.py:151} INFO - [2023-10-17T08:02:47.274+0000] {dag.py:3722} INFO - Setting next_dagrun for example_setup_teardown_taskflow to 2023-10-16T08:02:47.274414+00:00, run_after=2023-10-17T08:02:47.274414+00:00
[2023-10-17T08:02:47.287+0000] {processor.py:179} INFO - Processing /home/airflow/.local/lib/python3.8/site-packages/airflow/example_dags/example_setup_teardown_taskflow.py took 0.052 seconds
[2023-10-17T08:03:18.068+0000] {processor.py:157} INFO - Started process (PID=1046) to work on /home/airflow/.local/lib/python3.8/site-packages/airflow/example_dags/example_setup_teardown_taskflow.py
[2023-10-17T08:03:18.068+0000] {processor.py:829} INFO - Processing file /home/airflow/.local/lib/python3.8/site-packages/airflow/example_dags/example_setup_teardown_taskflow.py for tasks to queue
[2023-10-17T08:03:18.070+0000] {logging_mixin.py:151} INFO - [2023-10-17T08:03:18.070+0000] {dagbag.py:536} INFO - Filling up the DagBag from /home/airflow/.local/lib/python3.8/site-packages/airflow/example_dags/example_setup_teardown_taskflow.py
[2023-10-17T08:03:18.079+0000] {processor.py:839} INFO - DAG(s) dict_keys(['example_setup_teardown_taskflow']) retrieved from /home/airflow/.local/lib/python3.8/site-packages/airflow/example_dags/example_setup_teardown_taskflow.py
[2023-10-17T08:03:18.096+0000] {logging_mixin.py:151} INFO - [2023-10-17T08:03:18.096+0000] {dag.py:2941} INFO - Sync 1 DAGs
[2023-10-17T08:03:18.115+0000] {logging_mixin.py:151} INFO - [2023-10-17T08:03:18.115+0000] {dag.py:3722} INFO - Setting next_dagrun for example_setup_teardown_taskflow to 2023-10-16T08:03:18.115273+00:00, run_after=2023-10-17T08:03:18.115273+00:00
[2023-10-17T08:03:18.131+0000] {processor.py:179} INFO - Processing /home/airflow/.local/lib/python3.8/site-packages/airflow/example_dags/example_setup_teardown_taskflow.py took 0.065 seconds
[2023-10-17T08:03:48.306+0000] {processor.py:157} INFO - Started process (PID=1100) to work on /home/airflow/.local/lib/python3.8/site-packages/airflow/example_dags/example_setup_teardown_taskflow.py
[2023-10-17T08:03:48.306+0000] {processor.py:829} INFO - Processing file /home/airflow/.local/lib/python3.8/site-packages/airflow/example_dags/example_setup_teardown_taskflow.py for tasks to queue
[2023-10-17T08:03:48.308+0000] {logging_mixin.py:151} INFO - [2023-10-17T08:03:48.307+0000] {dagbag.py:536} INFO - Filling up the DagBag from /home/airflow/.local/lib/python3.8/site-packages/airflow/example_dags/example_setup_teardown_taskflow.py
[2023-10-17T08:03:48.314+0000] {processor.py:839} INFO - DAG(s) dict_keys(['example_setup_teardown_taskflow']) retrieved from /home/airflow/.local/lib/python3.8/site-packages/airflow/example_dags/example_setup_teardown_taskflow.py
[2023-10-17T08:03:48.329+0000] {logging_mixin.py:151} INFO - [2023-10-17T08:03:48.328+0000] {dag.py:2941} INFO - Sync 1 DAGs
[2023-10-17T08:03:48.345+0000] {logging_mixin.py:151} INFO - [2023-10-17T08:03:48.345+0000] {dag.py:3722} INFO - Setting next_dagrun for example_setup_teardown_taskflow to 2023-10-16T08:03:48.345238+00:00, run_after=2023-10-17T08:03:48.345238+00:00
[2023-10-17T08:03:48.359+0000] {processor.py:179} INFO - Processing /home/airflow/.local/lib/python3.8/site-packages/airflow/example_dags/example_setup_teardown_taskflow.py took 0.056 seconds
[2023-10-17T08:04:18.424+0000] {processor.py:157} INFO - Started process (PID=1154) to work on /home/airflow/.local/lib/python3.8/site-packages/airflow/example_dags/example_setup_teardown_taskflow.py
[2023-10-17T08:04:18.424+0000] {processor.py:829} INFO - Processing file /home/airflow/.local/lib/python3.8/site-packages/airflow/example_dags/example_setup_teardown_taskflow.py for tasks to queue
[2023-10-17T08:04:18.426+0000] {logging_mixin.py:151} INFO - [2023-10-17T08:04:18.425+0000] {dagbag.py:536} INFO - Filling up the DagBag from /home/airflow/.local/lib/python3.8/site-packages/airflow/example_dags/example_setup_teardown_taskflow.py
[2023-10-17T08:04:18.432+0000] {processor.py:839} INFO - DAG(s) dict_keys(['example_setup_teardown_taskflow']) retrieved from /home/airflow/.local/lib/python3.8/site-packages/airflow/example_dags/example_setup_teardown_taskflow.py
[2023-10-17T08:04:18.446+0000] {logging_mixin.py:151} INFO - [2023-10-17T08:04:18.446+0000] {dag.py:2941} INFO - Sync 1 DAGs
[2023-10-17T08:04:18.461+0000] {logging_mixin.py:151} INFO - [2023-10-17T08:04:18.461+0000] {dag.py:3722} INFO - Setting next_dagrun for example_setup_teardown_taskflow to 2023-10-16T08:04:18.460881+00:00, run_after=2023-10-17T08:04:18.460881+00:00
[2023-10-17T08:04:18.476+0000] {processor.py:179} INFO - Processing /home/airflow/.local/lib/python3.8/site-packages/airflow/example_dags/example_setup_teardown_taskflow.py took 0.054 seconds
