[2023-10-17T07:39:52.697+0000] {processor.py:157} INFO - Started process (PID=138) to work on /home/airflow/.local/lib/python3.8/site-packages/airflow/example_dags/example_python_operator.py
[2023-10-17T07:39:52.698+0000] {processor.py:829} INFO - Processing file /home/airflow/.local/lib/python3.8/site-packages/airflow/example_dags/example_python_operator.py for tasks to queue
[2023-10-17T07:39:52.700+0000] {logging_mixin.py:151} INFO - [2023-10-17T07:39:52.699+0000] {dagbag.py:536} INFO - Filling up the DagBag from /home/airflow/.local/lib/python3.8/site-packages/airflow/example_dags/example_python_operator.py
[2023-10-17T07:39:52.709+0000] {processor.py:839} INFO - DAG(s) dict_keys(['example_python_operator']) retrieved from /home/airflow/.local/lib/python3.8/site-packages/airflow/example_dags/example_python_operator.py
[2023-10-17T07:39:52.865+0000] {logging_mixin.py:151} INFO - [2023-10-17T07:39:52.865+0000] {dag.py:2941} INFO - Sync 1 DAGs
[2023-10-17T07:39:52.875+0000] {logging_mixin.py:151} INFO - [2023-10-17T07:39:52.875+0000] {dag.py:3722} INFO - Setting next_dagrun for example_python_operator to None, run_after=None
[2023-10-17T07:39:52.893+0000] {processor.py:179} INFO - Processing /home/airflow/.local/lib/python3.8/site-packages/airflow/example_dags/example_python_operator.py took 0.198 seconds
[2023-10-17T07:40:23.757+0000] {processor.py:157} INFO - Started process (PID=192) to work on /home/airflow/.local/lib/python3.8/site-packages/airflow/example_dags/example_python_operator.py
[2023-10-17T07:40:23.766+0000] {processor.py:829} INFO - Processing file /home/airflow/.local/lib/python3.8/site-packages/airflow/example_dags/example_python_operator.py for tasks to queue
[2023-10-17T07:40:23.768+0000] {logging_mixin.py:151} INFO - [2023-10-17T07:40:23.768+0000] {dagbag.py:536} INFO - Filling up the DagBag from /home/airflow/.local/lib/python3.8/site-packages/airflow/example_dags/example_python_operator.py
[2023-10-17T07:40:23.776+0000] {processor.py:839} INFO - DAG(s) dict_keys(['example_python_operator']) retrieved from /home/airflow/.local/lib/python3.8/site-packages/airflow/example_dags/example_python_operator.py
[2023-10-17T07:40:23.796+0000] {logging_mixin.py:151} INFO - [2023-10-17T07:40:23.795+0000] {dag.py:2941} INFO - Sync 1 DAGs
[2023-10-17T07:40:23.807+0000] {logging_mixin.py:151} INFO - [2023-10-17T07:40:23.807+0000] {dag.py:3722} INFO - Setting next_dagrun for example_python_operator to None, run_after=None
[2023-10-17T07:40:23.823+0000] {processor.py:179} INFO - Processing /home/airflow/.local/lib/python3.8/site-packages/airflow/example_dags/example_python_operator.py took 0.068 seconds
[2023-10-17T07:44:12.017+0000] {processor.py:157} INFO - Started process (PID=48) to work on /home/airflow/.local/lib/python3.8/site-packages/airflow/example_dags/example_python_operator.py
[2023-10-17T07:44:12.017+0000] {processor.py:829} INFO - Processing file /home/airflow/.local/lib/python3.8/site-packages/airflow/example_dags/example_python_operator.py for tasks to queue
[2023-10-17T07:44:12.019+0000] {logging_mixin.py:151} INFO - [2023-10-17T07:44:12.018+0000] {dagbag.py:536} INFO - Filling up the DagBag from /home/airflow/.local/lib/python3.8/site-packages/airflow/example_dags/example_python_operator.py
[2023-10-17T07:44:12.029+0000] {processor.py:839} INFO - DAG(s) dict_keys(['example_python_operator']) retrieved from /home/airflow/.local/lib/python3.8/site-packages/airflow/example_dags/example_python_operator.py
[2023-10-17T07:44:12.038+0000] {logging_mixin.py:151} INFO - [2023-10-17T07:44:12.038+0000] {dag.py:2941} INFO - Sync 1 DAGs
[2023-10-17T07:44:12.049+0000] {logging_mixin.py:151} INFO - [2023-10-17T07:44:12.049+0000] {dag.py:3722} INFO - Setting next_dagrun for example_python_operator to None, run_after=None
[2023-10-17T07:44:12.063+0000] {processor.py:179} INFO - Processing /home/airflow/.local/lib/python3.8/site-packages/airflow/example_dags/example_python_operator.py took 0.049 seconds
[2023-10-17T07:44:42.850+0000] {processor.py:157} INFO - Started process (PID=102) to work on /home/airflow/.local/lib/python3.8/site-packages/airflow/example_dags/example_python_operator.py
[2023-10-17T07:44:42.851+0000] {processor.py:829} INFO - Processing file /home/airflow/.local/lib/python3.8/site-packages/airflow/example_dags/example_python_operator.py for tasks to queue
[2023-10-17T07:44:42.852+0000] {logging_mixin.py:151} INFO - [2023-10-17T07:44:42.852+0000] {dagbag.py:536} INFO - Filling up the DagBag from /home/airflow/.local/lib/python3.8/site-packages/airflow/example_dags/example_python_operator.py
[2023-10-17T07:44:42.859+0000] {processor.py:839} INFO - DAG(s) dict_keys(['example_python_operator']) retrieved from /home/airflow/.local/lib/python3.8/site-packages/airflow/example_dags/example_python_operator.py
[2023-10-17T07:44:42.996+0000] {logging_mixin.py:151} INFO - [2023-10-17T07:44:42.995+0000] {dag.py:2941} INFO - Sync 1 DAGs
[2023-10-17T07:44:43.003+0000] {logging_mixin.py:151} INFO - [2023-10-17T07:44:43.003+0000] {dag.py:3722} INFO - Setting next_dagrun for example_python_operator to None, run_after=None
[2023-10-17T07:44:43.018+0000] {processor.py:179} INFO - Processing /home/airflow/.local/lib/python3.8/site-packages/airflow/example_dags/example_python_operator.py took 0.169 seconds
[2023-10-17T07:45:13.243+0000] {processor.py:157} INFO - Started process (PID=157) to work on /home/airflow/.local/lib/python3.8/site-packages/airflow/example_dags/example_python_operator.py
[2023-10-17T07:45:13.243+0000] {processor.py:829} INFO - Processing file /home/airflow/.local/lib/python3.8/site-packages/airflow/example_dags/example_python_operator.py for tasks to queue
[2023-10-17T07:45:13.246+0000] {logging_mixin.py:151} INFO - [2023-10-17T07:45:13.245+0000] {dagbag.py:536} INFO - Filling up the DagBag from /home/airflow/.local/lib/python3.8/site-packages/airflow/example_dags/example_python_operator.py
[2023-10-17T07:45:13.254+0000] {processor.py:839} INFO - DAG(s) dict_keys(['example_python_operator']) retrieved from /home/airflow/.local/lib/python3.8/site-packages/airflow/example_dags/example_python_operator.py
[2023-10-17T07:45:13.274+0000] {logging_mixin.py:151} INFO - [2023-10-17T07:45:13.274+0000] {dag.py:2941} INFO - Sync 1 DAGs
[2023-10-17T07:45:13.284+0000] {logging_mixin.py:151} INFO - [2023-10-17T07:45:13.283+0000] {dag.py:3722} INFO - Setting next_dagrun for example_python_operator to None, run_after=None
[2023-10-17T07:45:13.301+0000] {processor.py:179} INFO - Processing /home/airflow/.local/lib/python3.8/site-packages/airflow/example_dags/example_python_operator.py took 0.060 seconds
[2023-10-17T07:45:43.444+0000] {processor.py:157} INFO - Started process (PID=211) to work on /home/airflow/.local/lib/python3.8/site-packages/airflow/example_dags/example_python_operator.py
[2023-10-17T07:45:43.445+0000] {processor.py:829} INFO - Processing file /home/airflow/.local/lib/python3.8/site-packages/airflow/example_dags/example_python_operator.py for tasks to queue
[2023-10-17T07:45:43.446+0000] {logging_mixin.py:151} INFO - [2023-10-17T07:45:43.446+0000] {dagbag.py:536} INFO - Filling up the DagBag from /home/airflow/.local/lib/python3.8/site-packages/airflow/example_dags/example_python_operator.py
[2023-10-17T07:45:43.453+0000] {processor.py:839} INFO - DAG(s) dict_keys(['example_python_operator']) retrieved from /home/airflow/.local/lib/python3.8/site-packages/airflow/example_dags/example_python_operator.py
[2023-10-17T07:45:43.469+0000] {logging_mixin.py:151} INFO - [2023-10-17T07:45:43.469+0000] {dag.py:2941} INFO - Sync 1 DAGs
[2023-10-17T07:45:43.478+0000] {logging_mixin.py:151} INFO - [2023-10-17T07:45:43.478+0000] {dag.py:3722} INFO - Setting next_dagrun for example_python_operator to None, run_after=None
[2023-10-17T07:45:43.489+0000] {processor.py:179} INFO - Processing /home/airflow/.local/lib/python3.8/site-packages/airflow/example_dags/example_python_operator.py took 0.047 seconds
[2023-10-17T07:46:13.670+0000] {processor.py:157} INFO - Started process (PID=265) to work on /home/airflow/.local/lib/python3.8/site-packages/airflow/example_dags/example_python_operator.py
[2023-10-17T07:46:13.670+0000] {processor.py:829} INFO - Processing file /home/airflow/.local/lib/python3.8/site-packages/airflow/example_dags/example_python_operator.py for tasks to queue
[2023-10-17T07:46:13.671+0000] {logging_mixin.py:151} INFO - [2023-10-17T07:46:13.671+0000] {dagbag.py:536} INFO - Filling up the DagBag from /home/airflow/.local/lib/python3.8/site-packages/airflow/example_dags/example_python_operator.py
[2023-10-17T07:46:13.681+0000] {processor.py:839} INFO - DAG(s) dict_keys(['example_python_operator']) retrieved from /home/airflow/.local/lib/python3.8/site-packages/airflow/example_dags/example_python_operator.py
[2023-10-17T07:46:13.698+0000] {logging_mixin.py:151} INFO - [2023-10-17T07:46:13.698+0000] {dag.py:2941} INFO - Sync 1 DAGs
[2023-10-17T07:46:13.707+0000] {logging_mixin.py:151} INFO - [2023-10-17T07:46:13.707+0000] {dag.py:3722} INFO - Setting next_dagrun for example_python_operator to None, run_after=None
[2023-10-17T07:46:13.722+0000] {processor.py:179} INFO - Processing /home/airflow/.local/lib/python3.8/site-packages/airflow/example_dags/example_python_operator.py took 0.054 seconds
[2023-10-17T07:54:07.022+0000] {processor.py:157} INFO - Started process (PID=48) to work on /home/airflow/.local/lib/python3.8/site-packages/airflow/example_dags/example_python_operator.py
[2023-10-17T07:54:07.023+0000] {processor.py:829} INFO - Processing file /home/airflow/.local/lib/python3.8/site-packages/airflow/example_dags/example_python_operator.py for tasks to queue
[2023-10-17T07:54:07.024+0000] {logging_mixin.py:151} INFO - [2023-10-17T07:54:07.024+0000] {dagbag.py:536} INFO - Filling up the DagBag from /home/airflow/.local/lib/python3.8/site-packages/airflow/example_dags/example_python_operator.py
[2023-10-17T07:54:07.034+0000] {processor.py:839} INFO - DAG(s) dict_keys(['example_python_operator']) retrieved from /home/airflow/.local/lib/python3.8/site-packages/airflow/example_dags/example_python_operator.py
[2023-10-17T07:54:07.042+0000] {logging_mixin.py:151} INFO - [2023-10-17T07:54:07.042+0000] {dag.py:2941} INFO - Sync 1 DAGs
[2023-10-17T07:54:07.053+0000] {logging_mixin.py:151} INFO - [2023-10-17T07:54:07.053+0000] {dag.py:3722} INFO - Setting next_dagrun for example_python_operator to None, run_after=None
[2023-10-17T07:54:07.069+0000] {processor.py:179} INFO - Processing /home/airflow/.local/lib/python3.8/site-packages/airflow/example_dags/example_python_operator.py took 0.049 seconds
[2023-10-17T07:54:37.907+0000] {processor.py:157} INFO - Started process (PID=102) to work on /home/airflow/.local/lib/python3.8/site-packages/airflow/example_dags/example_python_operator.py
[2023-10-17T07:54:37.907+0000] {processor.py:829} INFO - Processing file /home/airflow/.local/lib/python3.8/site-packages/airflow/example_dags/example_python_operator.py for tasks to queue
[2023-10-17T07:54:37.909+0000] {logging_mixin.py:151} INFO - [2023-10-17T07:54:37.909+0000] {dagbag.py:536} INFO - Filling up the DagBag from /home/airflow/.local/lib/python3.8/site-packages/airflow/example_dags/example_python_operator.py
[2023-10-17T07:54:37.915+0000] {processor.py:839} INFO - DAG(s) dict_keys(['example_python_operator']) retrieved from /home/airflow/.local/lib/python3.8/site-packages/airflow/example_dags/example_python_operator.py
[2023-10-17T07:54:38.044+0000] {logging_mixin.py:151} INFO - [2023-10-17T07:54:38.044+0000] {dag.py:2941} INFO - Sync 1 DAGs
[2023-10-17T07:54:38.051+0000] {logging_mixin.py:151} INFO - [2023-10-17T07:54:38.050+0000] {dag.py:3722} INFO - Setting next_dagrun for example_python_operator to None, run_after=None
[2023-10-17T07:54:38.064+0000] {processor.py:179} INFO - Processing /home/airflow/.local/lib/python3.8/site-packages/airflow/example_dags/example_python_operator.py took 0.159 seconds
[2023-10-17T07:55:08.147+0000] {processor.py:157} INFO - Started process (PID=156) to work on /home/airflow/.local/lib/python3.8/site-packages/airflow/example_dags/example_python_operator.py
[2023-10-17T07:55:08.148+0000] {processor.py:829} INFO - Processing file /home/airflow/.local/lib/python3.8/site-packages/airflow/example_dags/example_python_operator.py for tasks to queue
[2023-10-17T07:55:08.149+0000] {logging_mixin.py:151} INFO - [2023-10-17T07:55:08.149+0000] {dagbag.py:536} INFO - Filling up the DagBag from /home/airflow/.local/lib/python3.8/site-packages/airflow/example_dags/example_python_operator.py
[2023-10-17T07:55:08.155+0000] {processor.py:839} INFO - DAG(s) dict_keys(['example_python_operator']) retrieved from /home/airflow/.local/lib/python3.8/site-packages/airflow/example_dags/example_python_operator.py
[2023-10-17T07:55:08.171+0000] {logging_mixin.py:151} INFO - [2023-10-17T07:55:08.171+0000] {dag.py:2941} INFO - Sync 1 DAGs
[2023-10-17T07:55:08.178+0000] {logging_mixin.py:151} INFO - [2023-10-17T07:55:08.178+0000] {dag.py:3722} INFO - Setting next_dagrun for example_python_operator to None, run_after=None
[2023-10-17T07:55:08.191+0000] {processor.py:179} INFO - Processing /home/airflow/.local/lib/python3.8/site-packages/airflow/example_dags/example_python_operator.py took 0.045 seconds
[2023-10-17T07:55:38.222+0000] {processor.py:157} INFO - Started process (PID=210) to work on /home/airflow/.local/lib/python3.8/site-packages/airflow/example_dags/example_python_operator.py
[2023-10-17T07:55:38.223+0000] {processor.py:829} INFO - Processing file /home/airflow/.local/lib/python3.8/site-packages/airflow/example_dags/example_python_operator.py for tasks to queue
[2023-10-17T07:55:38.224+0000] {logging_mixin.py:151} INFO - [2023-10-17T07:55:38.224+0000] {dagbag.py:536} INFO - Filling up the DagBag from /home/airflow/.local/lib/python3.8/site-packages/airflow/example_dags/example_python_operator.py
[2023-10-17T07:55:38.230+0000] {processor.py:839} INFO - DAG(s) dict_keys(['example_python_operator']) retrieved from /home/airflow/.local/lib/python3.8/site-packages/airflow/example_dags/example_python_operator.py
[2023-10-17T07:55:38.245+0000] {logging_mixin.py:151} INFO - [2023-10-17T07:55:38.245+0000] {dag.py:2941} INFO - Sync 1 DAGs
[2023-10-17T07:55:38.254+0000] {logging_mixin.py:151} INFO - [2023-10-17T07:55:38.253+0000] {dag.py:3722} INFO - Setting next_dagrun for example_python_operator to None, run_after=None
[2023-10-17T07:55:38.265+0000] {processor.py:179} INFO - Processing /home/airflow/.local/lib/python3.8/site-packages/airflow/example_dags/example_python_operator.py took 0.045 seconds
[2023-10-17T07:56:08.415+0000] {processor.py:157} INFO - Started process (PID=264) to work on /home/airflow/.local/lib/python3.8/site-packages/airflow/example_dags/example_python_operator.py
[2023-10-17T07:56:08.415+0000] {processor.py:829} INFO - Processing file /home/airflow/.local/lib/python3.8/site-packages/airflow/example_dags/example_python_operator.py for tasks to queue
[2023-10-17T07:56:08.417+0000] {logging_mixin.py:151} INFO - [2023-10-17T07:56:08.417+0000] {dagbag.py:536} INFO - Filling up the DagBag from /home/airflow/.local/lib/python3.8/site-packages/airflow/example_dags/example_python_operator.py
[2023-10-17T07:56:08.423+0000] {processor.py:839} INFO - DAG(s) dict_keys(['example_python_operator']) retrieved from /home/airflow/.local/lib/python3.8/site-packages/airflow/example_dags/example_python_operator.py
[2023-10-17T07:56:08.439+0000] {logging_mixin.py:151} INFO - [2023-10-17T07:56:08.439+0000] {dag.py:2941} INFO - Sync 1 DAGs
[2023-10-17T07:56:08.447+0000] {logging_mixin.py:151} INFO - [2023-10-17T07:56:08.447+0000] {dag.py:3722} INFO - Setting next_dagrun for example_python_operator to None, run_after=None
[2023-10-17T07:56:08.459+0000] {processor.py:179} INFO - Processing /home/airflow/.local/lib/python3.8/site-packages/airflow/example_dags/example_python_operator.py took 0.046 seconds
[2023-10-17T07:56:38.735+0000] {processor.py:157} INFO - Started process (PID=318) to work on /home/airflow/.local/lib/python3.8/site-packages/airflow/example_dags/example_python_operator.py
[2023-10-17T07:56:38.736+0000] {processor.py:829} INFO - Processing file /home/airflow/.local/lib/python3.8/site-packages/airflow/example_dags/example_python_operator.py for tasks to queue
[2023-10-17T07:56:38.737+0000] {logging_mixin.py:151} INFO - [2023-10-17T07:56:38.737+0000] {dagbag.py:536} INFO - Filling up the DagBag from /home/airflow/.local/lib/python3.8/site-packages/airflow/example_dags/example_python_operator.py
[2023-10-17T07:56:38.744+0000] {processor.py:839} INFO - DAG(s) dict_keys(['example_python_operator']) retrieved from /home/airflow/.local/lib/python3.8/site-packages/airflow/example_dags/example_python_operator.py
[2023-10-17T07:56:38.758+0000] {logging_mixin.py:151} INFO - [2023-10-17T07:56:38.758+0000] {dag.py:2941} INFO - Sync 1 DAGs
[2023-10-17T07:56:38.767+0000] {logging_mixin.py:151} INFO - [2023-10-17T07:56:38.767+0000] {dag.py:3722} INFO - Setting next_dagrun for example_python_operator to None, run_after=None
[2023-10-17T07:56:38.778+0000] {processor.py:179} INFO - Processing /home/airflow/.local/lib/python3.8/site-packages/airflow/example_dags/example_python_operator.py took 0.045 seconds
[2023-10-17T07:57:09.609+0000] {processor.py:157} INFO - Started process (PID=372) to work on /home/airflow/.local/lib/python3.8/site-packages/airflow/example_dags/example_python_operator.py
[2023-10-17T07:57:09.610+0000] {processor.py:829} INFO - Processing file /home/airflow/.local/lib/python3.8/site-packages/airflow/example_dags/example_python_operator.py for tasks to queue
[2023-10-17T07:57:09.611+0000] {logging_mixin.py:151} INFO - [2023-10-17T07:57:09.611+0000] {dagbag.py:536} INFO - Filling up the DagBag from /home/airflow/.local/lib/python3.8/site-packages/airflow/example_dags/example_python_operator.py
[2023-10-17T07:57:09.617+0000] {processor.py:839} INFO - DAG(s) dict_keys(['example_python_operator']) retrieved from /home/airflow/.local/lib/python3.8/site-packages/airflow/example_dags/example_python_operator.py
[2023-10-17T07:57:09.633+0000] {logging_mixin.py:151} INFO - [2023-10-17T07:57:09.632+0000] {dag.py:2941} INFO - Sync 1 DAGs
[2023-10-17T07:57:09.641+0000] {logging_mixin.py:151} INFO - [2023-10-17T07:57:09.641+0000] {dag.py:3722} INFO - Setting next_dagrun for example_python_operator to None, run_after=None
[2023-10-17T07:57:09.653+0000] {processor.py:179} INFO - Processing /home/airflow/.local/lib/python3.8/site-packages/airflow/example_dags/example_python_operator.py took 0.046 seconds
[2023-10-17T07:57:40.494+0000] {processor.py:157} INFO - Started process (PID=426) to work on /home/airflow/.local/lib/python3.8/site-packages/airflow/example_dags/example_python_operator.py
[2023-10-17T07:57:40.494+0000] {processor.py:829} INFO - Processing file /home/airflow/.local/lib/python3.8/site-packages/airflow/example_dags/example_python_operator.py for tasks to queue
[2023-10-17T07:57:40.496+0000] {logging_mixin.py:151} INFO - [2023-10-17T07:57:40.496+0000] {dagbag.py:536} INFO - Filling up the DagBag from /home/airflow/.local/lib/python3.8/site-packages/airflow/example_dags/example_python_operator.py
[2023-10-17T07:57:40.505+0000] {processor.py:839} INFO - DAG(s) dict_keys(['example_python_operator']) retrieved from /home/airflow/.local/lib/python3.8/site-packages/airflow/example_dags/example_python_operator.py
[2023-10-17T07:57:40.521+0000] {logging_mixin.py:151} INFO - [2023-10-17T07:57:40.521+0000] {dag.py:2941} INFO - Sync 1 DAGs
[2023-10-17T07:57:40.530+0000] {logging_mixin.py:151} INFO - [2023-10-17T07:57:40.530+0000] {dag.py:3722} INFO - Setting next_dagrun for example_python_operator to None, run_after=None
[2023-10-17T07:57:40.544+0000] {processor.py:179} INFO - Processing /home/airflow/.local/lib/python3.8/site-packages/airflow/example_dags/example_python_operator.py took 0.053 seconds
[2023-10-17T07:58:10.728+0000] {processor.py:157} INFO - Started process (PID=480) to work on /home/airflow/.local/lib/python3.8/site-packages/airflow/example_dags/example_python_operator.py
[2023-10-17T07:58:10.729+0000] {processor.py:829} INFO - Processing file /home/airflow/.local/lib/python3.8/site-packages/airflow/example_dags/example_python_operator.py for tasks to queue
[2023-10-17T07:58:10.730+0000] {logging_mixin.py:151} INFO - [2023-10-17T07:58:10.730+0000] {dagbag.py:536} INFO - Filling up the DagBag from /home/airflow/.local/lib/python3.8/site-packages/airflow/example_dags/example_python_operator.py
[2023-10-17T07:58:10.738+0000] {processor.py:839} INFO - DAG(s) dict_keys(['example_python_operator']) retrieved from /home/airflow/.local/lib/python3.8/site-packages/airflow/example_dags/example_python_operator.py
[2023-10-17T07:58:10.757+0000] {logging_mixin.py:151} INFO - [2023-10-17T07:58:10.756+0000] {dag.py:2941} INFO - Sync 1 DAGs
[2023-10-17T07:58:10.766+0000] {logging_mixin.py:151} INFO - [2023-10-17T07:58:10.766+0000] {dag.py:3722} INFO - Setting next_dagrun for example_python_operator to None, run_after=None
[2023-10-17T07:58:10.783+0000] {processor.py:179} INFO - Processing /home/airflow/.local/lib/python3.8/site-packages/airflow/example_dags/example_python_operator.py took 0.058 seconds
[2023-10-17T07:58:40.940+0000] {processor.py:157} INFO - Started process (PID=534) to work on /home/airflow/.local/lib/python3.8/site-packages/airflow/example_dags/example_python_operator.py
[2023-10-17T07:58:40.941+0000] {processor.py:829} INFO - Processing file /home/airflow/.local/lib/python3.8/site-packages/airflow/example_dags/example_python_operator.py for tasks to queue
[2023-10-17T07:58:40.943+0000] {logging_mixin.py:151} INFO - [2023-10-17T07:58:40.943+0000] {dagbag.py:536} INFO - Filling up the DagBag from /home/airflow/.local/lib/python3.8/site-packages/airflow/example_dags/example_python_operator.py
[2023-10-17T07:58:40.949+0000] {processor.py:839} INFO - DAG(s) dict_keys(['example_python_operator']) retrieved from /home/airflow/.local/lib/python3.8/site-packages/airflow/example_dags/example_python_operator.py
[2023-10-17T07:58:40.966+0000] {logging_mixin.py:151} INFO - [2023-10-17T07:58:40.965+0000] {dag.py:2941} INFO - Sync 1 DAGs
[2023-10-17T07:58:40.974+0000] {logging_mixin.py:151} INFO - [2023-10-17T07:58:40.974+0000] {dag.py:3722} INFO - Setting next_dagrun for example_python_operator to None, run_after=None
[2023-10-17T07:58:40.987+0000] {processor.py:179} INFO - Processing /home/airflow/.local/lib/python3.8/site-packages/airflow/example_dags/example_python_operator.py took 0.050 seconds
[2023-10-17T07:59:11.230+0000] {processor.py:157} INFO - Started process (PID=588) to work on /home/airflow/.local/lib/python3.8/site-packages/airflow/example_dags/example_python_operator.py
[2023-10-17T07:59:11.231+0000] {processor.py:829} INFO - Processing file /home/airflow/.local/lib/python3.8/site-packages/airflow/example_dags/example_python_operator.py for tasks to queue
[2023-10-17T07:59:11.232+0000] {logging_mixin.py:151} INFO - [2023-10-17T07:59:11.232+0000] {dagbag.py:536} INFO - Filling up the DagBag from /home/airflow/.local/lib/python3.8/site-packages/airflow/example_dags/example_python_operator.py
[2023-10-17T07:59:11.239+0000] {processor.py:839} INFO - DAG(s) dict_keys(['example_python_operator']) retrieved from /home/airflow/.local/lib/python3.8/site-packages/airflow/example_dags/example_python_operator.py
[2023-10-17T07:59:11.254+0000] {logging_mixin.py:151} INFO - [2023-10-17T07:59:11.254+0000] {dag.py:2941} INFO - Sync 1 DAGs
[2023-10-17T07:59:11.263+0000] {logging_mixin.py:151} INFO - [2023-10-17T07:59:11.263+0000] {dag.py:3722} INFO - Setting next_dagrun for example_python_operator to None, run_after=None
[2023-10-17T07:59:11.277+0000] {processor.py:179} INFO - Processing /home/airflow/.local/lib/python3.8/site-packages/airflow/example_dags/example_python_operator.py took 0.049 seconds
[2023-10-17T07:59:41.417+0000] {processor.py:157} INFO - Started process (PID=642) to work on /home/airflow/.local/lib/python3.8/site-packages/airflow/example_dags/example_python_operator.py
[2023-10-17T07:59:41.418+0000] {processor.py:829} INFO - Processing file /home/airflow/.local/lib/python3.8/site-packages/airflow/example_dags/example_python_operator.py for tasks to queue
[2023-10-17T07:59:41.419+0000] {logging_mixin.py:151} INFO - [2023-10-17T07:59:41.419+0000] {dagbag.py:536} INFO - Filling up the DagBag from /home/airflow/.local/lib/python3.8/site-packages/airflow/example_dags/example_python_operator.py
[2023-10-17T07:59:41.426+0000] {processor.py:839} INFO - DAG(s) dict_keys(['example_python_operator']) retrieved from /home/airflow/.local/lib/python3.8/site-packages/airflow/example_dags/example_python_operator.py
[2023-10-17T07:59:41.442+0000] {logging_mixin.py:151} INFO - [2023-10-17T07:59:41.441+0000] {dag.py:2941} INFO - Sync 1 DAGs
[2023-10-17T07:59:41.450+0000] {logging_mixin.py:151} INFO - [2023-10-17T07:59:41.450+0000] {dag.py:3722} INFO - Setting next_dagrun for example_python_operator to None, run_after=None
[2023-10-17T07:59:41.462+0000] {processor.py:179} INFO - Processing /home/airflow/.local/lib/python3.8/site-packages/airflow/example_dags/example_python_operator.py took 0.047 seconds
[2023-10-17T08:00:12.362+0000] {processor.py:157} INFO - Started process (PID=696) to work on /home/airflow/.local/lib/python3.8/site-packages/airflow/example_dags/example_python_operator.py
[2023-10-17T08:00:12.363+0000] {processor.py:829} INFO - Processing file /home/airflow/.local/lib/python3.8/site-packages/airflow/example_dags/example_python_operator.py for tasks to queue
[2023-10-17T08:00:12.364+0000] {logging_mixin.py:151} INFO - [2023-10-17T08:00:12.364+0000] {dagbag.py:536} INFO - Filling up the DagBag from /home/airflow/.local/lib/python3.8/site-packages/airflow/example_dags/example_python_operator.py
[2023-10-17T08:00:12.371+0000] {processor.py:839} INFO - DAG(s) dict_keys(['example_python_operator']) retrieved from /home/airflow/.local/lib/python3.8/site-packages/airflow/example_dags/example_python_operator.py
[2023-10-17T08:00:12.389+0000] {logging_mixin.py:151} INFO - [2023-10-17T08:00:12.389+0000] {dag.py:2941} INFO - Sync 1 DAGs
[2023-10-17T08:00:12.398+0000] {logging_mixin.py:151} INFO - [2023-10-17T08:00:12.398+0000] {dag.py:3722} INFO - Setting next_dagrun for example_python_operator to None, run_after=None
[2023-10-17T08:00:12.411+0000] {processor.py:179} INFO - Processing /home/airflow/.local/lib/python3.8/site-packages/airflow/example_dags/example_python_operator.py took 0.053 seconds
[2023-10-17T08:00:42.558+0000] {processor.py:157} INFO - Started process (PID=750) to work on /home/airflow/.local/lib/python3.8/site-packages/airflow/example_dags/example_python_operator.py
[2023-10-17T08:00:42.559+0000] {processor.py:829} INFO - Processing file /home/airflow/.local/lib/python3.8/site-packages/airflow/example_dags/example_python_operator.py for tasks to queue
[2023-10-17T08:00:42.560+0000] {logging_mixin.py:151} INFO - [2023-10-17T08:00:42.560+0000] {dagbag.py:536} INFO - Filling up the DagBag from /home/airflow/.local/lib/python3.8/site-packages/airflow/example_dags/example_python_operator.py
[2023-10-17T08:00:42.570+0000] {processor.py:839} INFO - DAG(s) dict_keys(['example_python_operator']) retrieved from /home/airflow/.local/lib/python3.8/site-packages/airflow/example_dags/example_python_operator.py
[2023-10-17T08:00:42.587+0000] {logging_mixin.py:151} INFO - [2023-10-17T08:00:42.587+0000] {dag.py:2941} INFO - Sync 1 DAGs
[2023-10-17T08:00:42.596+0000] {logging_mixin.py:151} INFO - [2023-10-17T08:00:42.596+0000] {dag.py:3722} INFO - Setting next_dagrun for example_python_operator to None, run_after=None
[2023-10-17T08:00:42.612+0000] {processor.py:179} INFO - Processing /home/airflow/.local/lib/python3.8/site-packages/airflow/example_dags/example_python_operator.py took 0.055 seconds
[2023-10-17T08:01:12.842+0000] {processor.py:157} INFO - Started process (PID=804) to work on /home/airflow/.local/lib/python3.8/site-packages/airflow/example_dags/example_python_operator.py
[2023-10-17T08:01:12.843+0000] {processor.py:829} INFO - Processing file /home/airflow/.local/lib/python3.8/site-packages/airflow/example_dags/example_python_operator.py for tasks to queue
[2023-10-17T08:01:12.845+0000] {logging_mixin.py:151} INFO - [2023-10-17T08:01:12.844+0000] {dagbag.py:536} INFO - Filling up the DagBag from /home/airflow/.local/lib/python3.8/site-packages/airflow/example_dags/example_python_operator.py
[2023-10-17T08:01:12.852+0000] {processor.py:839} INFO - DAG(s) dict_keys(['example_python_operator']) retrieved from /home/airflow/.local/lib/python3.8/site-packages/airflow/example_dags/example_python_operator.py
[2023-10-17T08:01:12.872+0000] {logging_mixin.py:151} INFO - [2023-10-17T08:01:12.872+0000] {dag.py:2941} INFO - Sync 1 DAGs
[2023-10-17T08:01:12.883+0000] {logging_mixin.py:151} INFO - [2023-10-17T08:01:12.883+0000] {dag.py:3722} INFO - Setting next_dagrun for example_python_operator to None, run_after=None
[2023-10-17T08:01:12.901+0000] {processor.py:179} INFO - Processing /home/airflow/.local/lib/python3.8/site-packages/airflow/example_dags/example_python_operator.py took 0.061 seconds
[2023-10-17T08:01:42.951+0000] {processor.py:157} INFO - Started process (PID=858) to work on /home/airflow/.local/lib/python3.8/site-packages/airflow/example_dags/example_python_operator.py
[2023-10-17T08:01:42.952+0000] {processor.py:829} INFO - Processing file /home/airflow/.local/lib/python3.8/site-packages/airflow/example_dags/example_python_operator.py for tasks to queue
[2023-10-17T08:01:42.953+0000] {logging_mixin.py:151} INFO - [2023-10-17T08:01:42.953+0000] {dagbag.py:536} INFO - Filling up the DagBag from /home/airflow/.local/lib/python3.8/site-packages/airflow/example_dags/example_python_operator.py
[2023-10-17T08:01:42.960+0000] {processor.py:839} INFO - DAG(s) dict_keys(['example_python_operator']) retrieved from /home/airflow/.local/lib/python3.8/site-packages/airflow/example_dags/example_python_operator.py
[2023-10-17T08:01:42.975+0000] {logging_mixin.py:151} INFO - [2023-10-17T08:01:42.975+0000] {dag.py:2941} INFO - Sync 1 DAGs
[2023-10-17T08:01:42.984+0000] {logging_mixin.py:151} INFO - [2023-10-17T08:01:42.984+0000] {dag.py:3722} INFO - Setting next_dagrun for example_python_operator to None, run_after=None
[2023-10-17T08:01:42.997+0000] {processor.py:179} INFO - Processing /home/airflow/.local/lib/python3.8/site-packages/airflow/example_dags/example_python_operator.py took 0.048 seconds
[2023-10-17T08:02:13.935+0000] {processor.py:157} INFO - Started process (PID=912) to work on /home/airflow/.local/lib/python3.8/site-packages/airflow/example_dags/example_python_operator.py
[2023-10-17T08:02:13.935+0000] {processor.py:829} INFO - Processing file /home/airflow/.local/lib/python3.8/site-packages/airflow/example_dags/example_python_operator.py for tasks to queue
[2023-10-17T08:02:13.937+0000] {logging_mixin.py:151} INFO - [2023-10-17T08:02:13.937+0000] {dagbag.py:536} INFO - Filling up the DagBag from /home/airflow/.local/lib/python3.8/site-packages/airflow/example_dags/example_python_operator.py
[2023-10-17T08:02:13.944+0000] {processor.py:839} INFO - DAG(s) dict_keys(['example_python_operator']) retrieved from /home/airflow/.local/lib/python3.8/site-packages/airflow/example_dags/example_python_operator.py
[2023-10-17T08:02:13.959+0000] {logging_mixin.py:151} INFO - [2023-10-17T08:02:13.958+0000] {dag.py:2941} INFO - Sync 1 DAGs
[2023-10-17T08:02:13.968+0000] {logging_mixin.py:151} INFO - [2023-10-17T08:02:13.968+0000] {dag.py:3722} INFO - Setting next_dagrun for example_python_operator to None, run_after=None
[2023-10-17T08:02:13.980+0000] {processor.py:179} INFO - Processing /home/airflow/.local/lib/python3.8/site-packages/airflow/example_dags/example_python_operator.py took 0.047 seconds
[2023-10-17T08:02:44.327+0000] {processor.py:157} INFO - Started process (PID=966) to work on /home/airflow/.local/lib/python3.8/site-packages/airflow/example_dags/example_python_operator.py
[2023-10-17T08:02:44.328+0000] {processor.py:829} INFO - Processing file /home/airflow/.local/lib/python3.8/site-packages/airflow/example_dags/example_python_operator.py for tasks to queue
[2023-10-17T08:02:44.329+0000] {logging_mixin.py:151} INFO - [2023-10-17T08:02:44.329+0000] {dagbag.py:536} INFO - Filling up the DagBag from /home/airflow/.local/lib/python3.8/site-packages/airflow/example_dags/example_python_operator.py
[2023-10-17T08:02:44.335+0000] {processor.py:839} INFO - DAG(s) dict_keys(['example_python_operator']) retrieved from /home/airflow/.local/lib/python3.8/site-packages/airflow/example_dags/example_python_operator.py
[2023-10-17T08:02:44.349+0000] {logging_mixin.py:151} INFO - [2023-10-17T08:02:44.349+0000] {dag.py:2941} INFO - Sync 1 DAGs
[2023-10-17T08:02:44.357+0000] {logging_mixin.py:151} INFO - [2023-10-17T08:02:44.357+0000] {dag.py:3722} INFO - Setting next_dagrun for example_python_operator to None, run_after=None
[2023-10-17T08:02:44.368+0000] {processor.py:179} INFO - Processing /home/airflow/.local/lib/python3.8/site-packages/airflow/example_dags/example_python_operator.py took 0.043 seconds
[2023-10-17T08:03:15.278+0000] {processor.py:157} INFO - Started process (PID=1020) to work on /home/airflow/.local/lib/python3.8/site-packages/airflow/example_dags/example_python_operator.py
[2023-10-17T08:03:15.279+0000] {processor.py:829} INFO - Processing file /home/airflow/.local/lib/python3.8/site-packages/airflow/example_dags/example_python_operator.py for tasks to queue
[2023-10-17T08:03:15.280+0000] {logging_mixin.py:151} INFO - [2023-10-17T08:03:15.280+0000] {dagbag.py:536} INFO - Filling up the DagBag from /home/airflow/.local/lib/python3.8/site-packages/airflow/example_dags/example_python_operator.py
[2023-10-17T08:03:15.286+0000] {processor.py:839} INFO - DAG(s) dict_keys(['example_python_operator']) retrieved from /home/airflow/.local/lib/python3.8/site-packages/airflow/example_dags/example_python_operator.py
[2023-10-17T08:03:15.303+0000] {logging_mixin.py:151} INFO - [2023-10-17T08:03:15.303+0000] {dag.py:2941} INFO - Sync 1 DAGs
[2023-10-17T08:03:15.311+0000] {logging_mixin.py:151} INFO - [2023-10-17T08:03:15.311+0000] {dag.py:3722} INFO - Setting next_dagrun for example_python_operator to None, run_after=None
[2023-10-17T08:03:15.325+0000] {processor.py:179} INFO - Processing /home/airflow/.local/lib/python3.8/site-packages/airflow/example_dags/example_python_operator.py took 0.049 seconds
[2023-10-17T08:03:46.109+0000] {processor.py:157} INFO - Started process (PID=1074) to work on /home/airflow/.local/lib/python3.8/site-packages/airflow/example_dags/example_python_operator.py
[2023-10-17T08:03:46.109+0000] {processor.py:829} INFO - Processing file /home/airflow/.local/lib/python3.8/site-packages/airflow/example_dags/example_python_operator.py for tasks to queue
[2023-10-17T08:03:46.111+0000] {logging_mixin.py:151} INFO - [2023-10-17T08:03:46.111+0000] {dagbag.py:536} INFO - Filling up the DagBag from /home/airflow/.local/lib/python3.8/site-packages/airflow/example_dags/example_python_operator.py
[2023-10-17T08:03:46.118+0000] {processor.py:839} INFO - DAG(s) dict_keys(['example_python_operator']) retrieved from /home/airflow/.local/lib/python3.8/site-packages/airflow/example_dags/example_python_operator.py
[2023-10-17T08:03:46.134+0000] {logging_mixin.py:151} INFO - [2023-10-17T08:03:46.133+0000] {dag.py:2941} INFO - Sync 1 DAGs
[2023-10-17T08:03:46.142+0000] {logging_mixin.py:151} INFO - [2023-10-17T08:03:46.142+0000] {dag.py:3722} INFO - Setting next_dagrun for example_python_operator to None, run_after=None
[2023-10-17T08:03:46.154+0000] {processor.py:179} INFO - Processing /home/airflow/.local/lib/python3.8/site-packages/airflow/example_dags/example_python_operator.py took 0.048 seconds
[2023-10-17T08:04:16.316+0000] {processor.py:157} INFO - Started process (PID=1128) to work on /home/airflow/.local/lib/python3.8/site-packages/airflow/example_dags/example_python_operator.py
[2023-10-17T08:04:16.316+0000] {processor.py:829} INFO - Processing file /home/airflow/.local/lib/python3.8/site-packages/airflow/example_dags/example_python_operator.py for tasks to queue
[2023-10-17T08:04:16.318+0000] {logging_mixin.py:151} INFO - [2023-10-17T08:04:16.318+0000] {dagbag.py:536} INFO - Filling up the DagBag from /home/airflow/.local/lib/python3.8/site-packages/airflow/example_dags/example_python_operator.py
[2023-10-17T08:04:16.324+0000] {processor.py:839} INFO - DAG(s) dict_keys(['example_python_operator']) retrieved from /home/airflow/.local/lib/python3.8/site-packages/airflow/example_dags/example_python_operator.py
[2023-10-17T08:04:16.344+0000] {logging_mixin.py:151} INFO - [2023-10-17T08:04:16.344+0000] {dag.py:2941} INFO - Sync 1 DAGs
[2023-10-17T08:04:16.354+0000] {logging_mixin.py:151} INFO - [2023-10-17T08:04:16.354+0000] {dag.py:3722} INFO - Setting next_dagrun for example_python_operator to None, run_after=None
[2023-10-17T08:04:16.371+0000] {processor.py:179} INFO - Processing /home/airflow/.local/lib/python3.8/site-packages/airflow/example_dags/example_python_operator.py took 0.057 seconds
