[2023-10-17T07:39:52.045+0000] {processor.py:157} INFO - Started process (PID=125) to work on /home/airflow/.local/lib/python3.8/site-packages/airflow/example_dags/example_external_task_marker_dag.py
[2023-10-17T07:39:52.046+0000] {processor.py:829} INFO - Processing file /home/airflow/.local/lib/python3.8/site-packages/airflow/example_dags/example_external_task_marker_dag.py for tasks to queue
[2023-10-17T07:39:52.047+0000] {logging_mixin.py:151} INFO - [2023-10-17T07:39:52.047+0000] {dagbag.py:536} INFO - Filling up the DagBag from /home/airflow/.local/lib/python3.8/site-packages/airflow/example_dags/example_external_task_marker_dag.py
[2023-10-17T07:39:52.053+0000] {processor.py:839} INFO - DAG(s) dict_keys(['example_external_task_marker_child', 'example_external_task_marker_parent']) retrieved from /home/airflow/.local/lib/python3.8/site-packages/airflow/example_dags/example_external_task_marker_dag.py
[2023-10-17T07:39:52.080+0000] {logging_mixin.py:151} INFO - [2023-10-17T07:39:52.080+0000] {dag.py:2941} INFO - Sync 2 DAGs
[2023-10-17T07:39:52.089+0000] {logging_mixin.py:151} INFO - [2023-10-17T07:39:52.088+0000] {dag.py:3722} INFO - Setting next_dagrun for example_external_task_marker_child to None, run_after=None
[2023-10-17T07:39:52.091+0000] {logging_mixin.py:151} INFO - [2023-10-17T07:39:52.091+0000] {dag.py:3722} INFO - Setting next_dagrun for example_external_task_marker_parent to None, run_after=None
[2023-10-17T07:39:52.103+0000] {processor.py:179} INFO - Processing /home/airflow/.local/lib/python3.8/site-packages/airflow/example_dags/example_external_task_marker_dag.py took 0.060 seconds
[2023-10-17T07:40:22.222+0000] {processor.py:157} INFO - Started process (PID=179) to work on /home/airflow/.local/lib/python3.8/site-packages/airflow/example_dags/example_external_task_marker_dag.py
[2023-10-17T07:40:22.222+0000] {processor.py:829} INFO - Processing file /home/airflow/.local/lib/python3.8/site-packages/airflow/example_dags/example_external_task_marker_dag.py for tasks to queue
[2023-10-17T07:40:22.224+0000] {logging_mixin.py:151} INFO - [2023-10-17T07:40:22.223+0000] {dagbag.py:536} INFO - Filling up the DagBag from /home/airflow/.local/lib/python3.8/site-packages/airflow/example_dags/example_external_task_marker_dag.py
[2023-10-17T07:40:22.228+0000] {processor.py:839} INFO - DAG(s) dict_keys(['example_external_task_marker_child', 'example_external_task_marker_parent']) retrieved from /home/airflow/.local/lib/python3.8/site-packages/airflow/example_dags/example_external_task_marker_dag.py
[2023-10-17T07:40:22.243+0000] {logging_mixin.py:151} INFO - [2023-10-17T07:40:22.243+0000] {dag.py:2941} INFO - Sync 2 DAGs
[2023-10-17T07:40:22.251+0000] {logging_mixin.py:151} INFO - [2023-10-17T07:40:22.251+0000] {dag.py:3722} INFO - Setting next_dagrun for example_external_task_marker_child to None, run_after=None
[2023-10-17T07:40:22.254+0000] {logging_mixin.py:151} INFO - [2023-10-17T07:40:22.253+0000] {dag.py:3722} INFO - Setting next_dagrun for example_external_task_marker_parent to None, run_after=None
[2023-10-17T07:40:22.265+0000] {processor.py:179} INFO - Processing /home/airflow/.local/lib/python3.8/site-packages/airflow/example_dags/example_external_task_marker_dag.py took 0.045 seconds
[2023-10-17T07:44:11.377+0000] {processor.py:157} INFO - Started process (PID=35) to work on /home/airflow/.local/lib/python3.8/site-packages/airflow/example_dags/example_external_task_marker_dag.py
[2023-10-17T07:44:11.378+0000] {processor.py:829} INFO - Processing file /home/airflow/.local/lib/python3.8/site-packages/airflow/example_dags/example_external_task_marker_dag.py for tasks to queue
[2023-10-17T07:44:11.379+0000] {logging_mixin.py:151} INFO - [2023-10-17T07:44:11.379+0000] {dagbag.py:536} INFO - Filling up the DagBag from /home/airflow/.local/lib/python3.8/site-packages/airflow/example_dags/example_external_task_marker_dag.py
[2023-10-17T07:44:11.386+0000] {processor.py:839} INFO - DAG(s) dict_keys(['example_external_task_marker_parent', 'example_external_task_marker_child']) retrieved from /home/airflow/.local/lib/python3.8/site-packages/airflow/example_dags/example_external_task_marker_dag.py
[2023-10-17T07:44:11.406+0000] {logging_mixin.py:151} INFO - [2023-10-17T07:44:11.406+0000] {dag.py:2941} INFO - Sync 2 DAGs
[2023-10-17T07:44:11.415+0000] {logging_mixin.py:151} INFO - [2023-10-17T07:44:11.415+0000] {dag.py:3722} INFO - Setting next_dagrun for example_external_task_marker_child to None, run_after=None
[2023-10-17T07:44:11.418+0000] {logging_mixin.py:151} INFO - [2023-10-17T07:44:11.418+0000] {dag.py:3722} INFO - Setting next_dagrun for example_external_task_marker_parent to None, run_after=None
[2023-10-17T07:44:11.429+0000] {processor.py:179} INFO - Processing /home/airflow/.local/lib/python3.8/site-packages/airflow/example_dags/example_external_task_marker_dag.py took 0.054 seconds
[2023-10-17T07:44:42.209+0000] {processor.py:157} INFO - Started process (PID=89) to work on /home/airflow/.local/lib/python3.8/site-packages/airflow/example_dags/example_external_task_marker_dag.py
[2023-10-17T07:44:42.213+0000] {processor.py:829} INFO - Processing file /home/airflow/.local/lib/python3.8/site-packages/airflow/example_dags/example_external_task_marker_dag.py for tasks to queue
[2023-10-17T07:44:42.217+0000] {logging_mixin.py:151} INFO - [2023-10-17T07:44:42.216+0000] {dagbag.py:536} INFO - Filling up the DagBag from /home/airflow/.local/lib/python3.8/site-packages/airflow/example_dags/example_external_task_marker_dag.py
[2023-10-17T07:44:42.223+0000] {processor.py:839} INFO - DAG(s) dict_keys(['example_external_task_marker_child', 'example_external_task_marker_parent']) retrieved from /home/airflow/.local/lib/python3.8/site-packages/airflow/example_dags/example_external_task_marker_dag.py
[2023-10-17T07:44:42.239+0000] {logging_mixin.py:151} INFO - [2023-10-17T07:44:42.239+0000] {dag.py:2941} INFO - Sync 2 DAGs
[2023-10-17T07:44:42.247+0000] {logging_mixin.py:151} INFO - [2023-10-17T07:44:42.247+0000] {dag.py:3722} INFO - Setting next_dagrun for example_external_task_marker_child to None, run_after=None
[2023-10-17T07:44:42.250+0000] {logging_mixin.py:151} INFO - [2023-10-17T07:44:42.249+0000] {dag.py:3722} INFO - Setting next_dagrun for example_external_task_marker_parent to None, run_after=None
[2023-10-17T07:44:42.261+0000] {processor.py:179} INFO - Processing /home/airflow/.local/lib/python3.8/site-packages/airflow/example_dags/example_external_task_marker_dag.py took 0.054 seconds
[2023-10-17T07:45:12.485+0000] {processor.py:157} INFO - Started process (PID=144) to work on /home/airflow/.local/lib/python3.8/site-packages/airflow/example_dags/example_external_task_marker_dag.py
[2023-10-17T07:45:12.489+0000] {processor.py:829} INFO - Processing file /home/airflow/.local/lib/python3.8/site-packages/airflow/example_dags/example_external_task_marker_dag.py for tasks to queue
[2023-10-17T07:45:12.491+0000] {logging_mixin.py:151} INFO - [2023-10-17T07:45:12.491+0000] {dagbag.py:536} INFO - Filling up the DagBag from /home/airflow/.local/lib/python3.8/site-packages/airflow/example_dags/example_external_task_marker_dag.py
[2023-10-17T07:45:12.495+0000] {processor.py:839} INFO - DAG(s) dict_keys(['example_external_task_marker_parent', 'example_external_task_marker_child']) retrieved from /home/airflow/.local/lib/python3.8/site-packages/airflow/example_dags/example_external_task_marker_dag.py
[2023-10-17T07:45:12.515+0000] {logging_mixin.py:151} INFO - [2023-10-17T07:45:12.515+0000] {dag.py:2941} INFO - Sync 2 DAGs
[2023-10-17T07:45:12.526+0000] {logging_mixin.py:151} INFO - [2023-10-17T07:45:12.526+0000] {dag.py:3722} INFO - Setting next_dagrun for example_external_task_marker_child to None, run_after=None
[2023-10-17T07:45:12.530+0000] {logging_mixin.py:151} INFO - [2023-10-17T07:45:12.530+0000] {dag.py:3722} INFO - Setting next_dagrun for example_external_task_marker_parent to None, run_after=None
[2023-10-17T07:45:12.549+0000] {processor.py:179} INFO - Processing /home/airflow/.local/lib/python3.8/site-packages/airflow/example_dags/example_external_task_marker_dag.py took 0.066 seconds
[2023-10-17T07:45:42.879+0000] {processor.py:157} INFO - Started process (PID=198) to work on /home/airflow/.local/lib/python3.8/site-packages/airflow/example_dags/example_external_task_marker_dag.py
[2023-10-17T07:45:42.882+0000] {processor.py:829} INFO - Processing file /home/airflow/.local/lib/python3.8/site-packages/airflow/example_dags/example_external_task_marker_dag.py for tasks to queue
[2023-10-17T07:45:42.884+0000] {logging_mixin.py:151} INFO - [2023-10-17T07:45:42.884+0000] {dagbag.py:536} INFO - Filling up the DagBag from /home/airflow/.local/lib/python3.8/site-packages/airflow/example_dags/example_external_task_marker_dag.py
[2023-10-17T07:45:42.887+0000] {processor.py:839} INFO - DAG(s) dict_keys(['example_external_task_marker_child', 'example_external_task_marker_parent']) retrieved from /home/airflow/.local/lib/python3.8/site-packages/airflow/example_dags/example_external_task_marker_dag.py
[2023-10-17T07:45:42.907+0000] {logging_mixin.py:151} INFO - [2023-10-17T07:45:42.907+0000] {dag.py:2941} INFO - Sync 2 DAGs
[2023-10-17T07:45:42.918+0000] {logging_mixin.py:151} INFO - [2023-10-17T07:45:42.918+0000] {dag.py:3722} INFO - Setting next_dagrun for example_external_task_marker_child to None, run_after=None
[2023-10-17T07:45:42.921+0000] {logging_mixin.py:151} INFO - [2023-10-17T07:45:42.920+0000] {dag.py:3722} INFO - Setting next_dagrun for example_external_task_marker_parent to None, run_after=None
[2023-10-17T07:45:42.932+0000] {processor.py:179} INFO - Processing /home/airflow/.local/lib/python3.8/site-packages/airflow/example_dags/example_external_task_marker_dag.py took 0.055 seconds
[2023-10-17T07:46:13.012+0000] {processor.py:157} INFO - Started process (PID=252) to work on /home/airflow/.local/lib/python3.8/site-packages/airflow/example_dags/example_external_task_marker_dag.py
[2023-10-17T07:46:13.016+0000] {processor.py:829} INFO - Processing file /home/airflow/.local/lib/python3.8/site-packages/airflow/example_dags/example_external_task_marker_dag.py for tasks to queue
[2023-10-17T07:46:13.017+0000] {logging_mixin.py:151} INFO - [2023-10-17T07:46:13.017+0000] {dagbag.py:536} INFO - Filling up the DagBag from /home/airflow/.local/lib/python3.8/site-packages/airflow/example_dags/example_external_task_marker_dag.py
[2023-10-17T07:46:13.022+0000] {processor.py:839} INFO - DAG(s) dict_keys(['example_external_task_marker_parent', 'example_external_task_marker_child']) retrieved from /home/airflow/.local/lib/python3.8/site-packages/airflow/example_dags/example_external_task_marker_dag.py
[2023-10-17T07:46:13.041+0000] {logging_mixin.py:151} INFO - [2023-10-17T07:46:13.041+0000] {dag.py:2941} INFO - Sync 2 DAGs
[2023-10-17T07:46:13.049+0000] {logging_mixin.py:151} INFO - [2023-10-17T07:46:13.049+0000] {dag.py:3722} INFO - Setting next_dagrun for example_external_task_marker_child to None, run_after=None
[2023-10-17T07:46:13.052+0000] {logging_mixin.py:151} INFO - [2023-10-17T07:46:13.051+0000] {dag.py:3722} INFO - Setting next_dagrun for example_external_task_marker_parent to None, run_after=None
[2023-10-17T07:46:13.063+0000] {processor.py:179} INFO - Processing /home/airflow/.local/lib/python3.8/site-packages/airflow/example_dags/example_external_task_marker_dag.py took 0.053 seconds
[2023-10-17T07:54:06.265+0000] {processor.py:157} INFO - Started process (PID=35) to work on /home/airflow/.local/lib/python3.8/site-packages/airflow/example_dags/example_external_task_marker_dag.py
[2023-10-17T07:54:06.266+0000] {processor.py:829} INFO - Processing file /home/airflow/.local/lib/python3.8/site-packages/airflow/example_dags/example_external_task_marker_dag.py for tasks to queue
[2023-10-17T07:54:06.268+0000] {logging_mixin.py:151} INFO - [2023-10-17T07:54:06.268+0000] {dagbag.py:536} INFO - Filling up the DagBag from /home/airflow/.local/lib/python3.8/site-packages/airflow/example_dags/example_external_task_marker_dag.py
[2023-10-17T07:54:06.275+0000] {processor.py:839} INFO - DAG(s) dict_keys(['example_external_task_marker_parent', 'example_external_task_marker_child']) retrieved from /home/airflow/.local/lib/python3.8/site-packages/airflow/example_dags/example_external_task_marker_dag.py
[2023-10-17T07:54:06.304+0000] {logging_mixin.py:151} INFO - [2023-10-17T07:54:06.304+0000] {dag.py:2941} INFO - Sync 2 DAGs
[2023-10-17T07:54:06.319+0000] {logging_mixin.py:151} INFO - [2023-10-17T07:54:06.319+0000] {dag.py:3722} INFO - Setting next_dagrun for example_external_task_marker_child to None, run_after=None
[2023-10-17T07:54:06.322+0000] {logging_mixin.py:151} INFO - [2023-10-17T07:54:06.322+0000] {dag.py:3722} INFO - Setting next_dagrun for example_external_task_marker_parent to None, run_after=None
[2023-10-17T07:54:06.345+0000] {processor.py:179} INFO - Processing /home/airflow/.local/lib/python3.8/site-packages/airflow/example_dags/example_external_task_marker_dag.py took 0.085 seconds
[2023-10-17T07:54:36.414+0000] {processor.py:157} INFO - Started process (PID=89) to work on /home/airflow/.local/lib/python3.8/site-packages/airflow/example_dags/example_external_task_marker_dag.py
[2023-10-17T07:54:36.415+0000] {processor.py:829} INFO - Processing file /home/airflow/.local/lib/python3.8/site-packages/airflow/example_dags/example_external_task_marker_dag.py for tasks to queue
[2023-10-17T07:54:36.416+0000] {logging_mixin.py:151} INFO - [2023-10-17T07:54:36.416+0000] {dagbag.py:536} INFO - Filling up the DagBag from /home/airflow/.local/lib/python3.8/site-packages/airflow/example_dags/example_external_task_marker_dag.py
[2023-10-17T07:54:36.421+0000] {processor.py:839} INFO - DAG(s) dict_keys(['example_external_task_marker_parent', 'example_external_task_marker_child']) retrieved from /home/airflow/.local/lib/python3.8/site-packages/airflow/example_dags/example_external_task_marker_dag.py
[2023-10-17T07:54:36.439+0000] {logging_mixin.py:151} INFO - [2023-10-17T07:54:36.438+0000] {dag.py:2941} INFO - Sync 2 DAGs
[2023-10-17T07:54:36.448+0000] {logging_mixin.py:151} INFO - [2023-10-17T07:54:36.448+0000] {dag.py:3722} INFO - Setting next_dagrun for example_external_task_marker_child to None, run_after=None
[2023-10-17T07:54:36.450+0000] {logging_mixin.py:151} INFO - [2023-10-17T07:54:36.450+0000] {dag.py:3722} INFO - Setting next_dagrun for example_external_task_marker_parent to None, run_after=None
[2023-10-17T07:54:36.462+0000] {processor.py:179} INFO - Processing /home/airflow/.local/lib/python3.8/site-packages/airflow/example_dags/example_external_task_marker_dag.py took 0.050 seconds
[2023-10-17T07:55:06.519+0000] {processor.py:157} INFO - Started process (PID=143) to work on /home/airflow/.local/lib/python3.8/site-packages/airflow/example_dags/example_external_task_marker_dag.py
[2023-10-17T07:55:06.520+0000] {processor.py:829} INFO - Processing file /home/airflow/.local/lib/python3.8/site-packages/airflow/example_dags/example_external_task_marker_dag.py for tasks to queue
[2023-10-17T07:55:06.521+0000] {logging_mixin.py:151} INFO - [2023-10-17T07:55:06.521+0000] {dagbag.py:536} INFO - Filling up the DagBag from /home/airflow/.local/lib/python3.8/site-packages/airflow/example_dags/example_external_task_marker_dag.py
[2023-10-17T07:55:06.525+0000] {processor.py:839} INFO - DAG(s) dict_keys(['example_external_task_marker_parent', 'example_external_task_marker_child']) retrieved from /home/airflow/.local/lib/python3.8/site-packages/airflow/example_dags/example_external_task_marker_dag.py
[2023-10-17T07:55:06.541+0000] {logging_mixin.py:151} INFO - [2023-10-17T07:55:06.541+0000] {dag.py:2941} INFO - Sync 2 DAGs
[2023-10-17T07:55:06.549+0000] {logging_mixin.py:151} INFO - [2023-10-17T07:55:06.549+0000] {dag.py:3722} INFO - Setting next_dagrun for example_external_task_marker_child to None, run_after=None
[2023-10-17T07:55:06.552+0000] {logging_mixin.py:151} INFO - [2023-10-17T07:55:06.551+0000] {dag.py:3722} INFO - Setting next_dagrun for example_external_task_marker_parent to None, run_after=None
[2023-10-17T07:55:06.563+0000] {processor.py:179} INFO - Processing /home/airflow/.local/lib/python3.8/site-packages/airflow/example_dags/example_external_task_marker_dag.py took 0.046 seconds
[2023-10-17T07:55:36.718+0000] {processor.py:157} INFO - Started process (PID=197) to work on /home/airflow/.local/lib/python3.8/site-packages/airflow/example_dags/example_external_task_marker_dag.py
[2023-10-17T07:55:36.718+0000] {processor.py:829} INFO - Processing file /home/airflow/.local/lib/python3.8/site-packages/airflow/example_dags/example_external_task_marker_dag.py for tasks to queue
[2023-10-17T07:55:36.719+0000] {logging_mixin.py:151} INFO - [2023-10-17T07:55:36.719+0000] {dagbag.py:536} INFO - Filling up the DagBag from /home/airflow/.local/lib/python3.8/site-packages/airflow/example_dags/example_external_task_marker_dag.py
[2023-10-17T07:55:36.723+0000] {processor.py:839} INFO - DAG(s) dict_keys(['example_external_task_marker_parent', 'example_external_task_marker_child']) retrieved from /home/airflow/.local/lib/python3.8/site-packages/airflow/example_dags/example_external_task_marker_dag.py
[2023-10-17T07:55:36.741+0000] {logging_mixin.py:151} INFO - [2023-10-17T07:55:36.741+0000] {dag.py:2941} INFO - Sync 2 DAGs
[2023-10-17T07:55:36.749+0000] {logging_mixin.py:151} INFO - [2023-10-17T07:55:36.749+0000] {dag.py:3722} INFO - Setting next_dagrun for example_external_task_marker_child to None, run_after=None
[2023-10-17T07:55:36.752+0000] {logging_mixin.py:151} INFO - [2023-10-17T07:55:36.752+0000] {dag.py:3722} INFO - Setting next_dagrun for example_external_task_marker_parent to None, run_after=None
[2023-10-17T07:55:36.763+0000] {processor.py:179} INFO - Processing /home/airflow/.local/lib/python3.8/site-packages/airflow/example_dags/example_external_task_marker_dag.py took 0.048 seconds
[2023-10-17T07:56:06.857+0000] {processor.py:157} INFO - Started process (PID=251) to work on /home/airflow/.local/lib/python3.8/site-packages/airflow/example_dags/example_external_task_marker_dag.py
[2023-10-17T07:56:06.857+0000] {processor.py:829} INFO - Processing file /home/airflow/.local/lib/python3.8/site-packages/airflow/example_dags/example_external_task_marker_dag.py for tasks to queue
[2023-10-17T07:56:06.859+0000] {logging_mixin.py:151} INFO - [2023-10-17T07:56:06.858+0000] {dagbag.py:536} INFO - Filling up the DagBag from /home/airflow/.local/lib/python3.8/site-packages/airflow/example_dags/example_external_task_marker_dag.py
[2023-10-17T07:56:06.862+0000] {processor.py:839} INFO - DAG(s) dict_keys(['example_external_task_marker_child', 'example_external_task_marker_parent']) retrieved from /home/airflow/.local/lib/python3.8/site-packages/airflow/example_dags/example_external_task_marker_dag.py
[2023-10-17T07:56:06.878+0000] {logging_mixin.py:151} INFO - [2023-10-17T07:56:06.878+0000] {dag.py:2941} INFO - Sync 2 DAGs
[2023-10-17T07:56:06.887+0000] {logging_mixin.py:151} INFO - [2023-10-17T07:56:06.887+0000] {dag.py:3722} INFO - Setting next_dagrun for example_external_task_marker_child to None, run_after=None
[2023-10-17T07:56:06.889+0000] {logging_mixin.py:151} INFO - [2023-10-17T07:56:06.889+0000] {dag.py:3722} INFO - Setting next_dagrun for example_external_task_marker_parent to None, run_after=None
[2023-10-17T07:56:06.901+0000] {processor.py:179} INFO - Processing /home/airflow/.local/lib/python3.8/site-packages/airflow/example_dags/example_external_task_marker_dag.py took 0.046 seconds
[2023-10-17T07:56:37.001+0000] {processor.py:157} INFO - Started process (PID=305) to work on /home/airflow/.local/lib/python3.8/site-packages/airflow/example_dags/example_external_task_marker_dag.py
[2023-10-17T07:56:37.001+0000] {processor.py:829} INFO - Processing file /home/airflow/.local/lib/python3.8/site-packages/airflow/example_dags/example_external_task_marker_dag.py for tasks to queue
[2023-10-17T07:56:37.002+0000] {logging_mixin.py:151} INFO - [2023-10-17T07:56:37.002+0000] {dagbag.py:536} INFO - Filling up the DagBag from /home/airflow/.local/lib/python3.8/site-packages/airflow/example_dags/example_external_task_marker_dag.py
[2023-10-17T07:56:37.006+0000] {processor.py:839} INFO - DAG(s) dict_keys(['example_external_task_marker_parent', 'example_external_task_marker_child']) retrieved from /home/airflow/.local/lib/python3.8/site-packages/airflow/example_dags/example_external_task_marker_dag.py
[2023-10-17T07:56:37.024+0000] {logging_mixin.py:151} INFO - [2023-10-17T07:56:37.024+0000] {dag.py:2941} INFO - Sync 2 DAGs
[2023-10-17T07:56:37.034+0000] {logging_mixin.py:151} INFO - [2023-10-17T07:56:37.034+0000] {dag.py:3722} INFO - Setting next_dagrun for example_external_task_marker_child to None, run_after=None
[2023-10-17T07:56:37.036+0000] {logging_mixin.py:151} INFO - [2023-10-17T07:56:37.036+0000] {dag.py:3722} INFO - Setting next_dagrun for example_external_task_marker_parent to None, run_after=None
[2023-10-17T07:56:37.050+0000] {processor.py:179} INFO - Processing /home/airflow/.local/lib/python3.8/site-packages/airflow/example_dags/example_external_task_marker_dag.py took 0.052 seconds
[2023-10-17T07:57:07.110+0000] {processor.py:157} INFO - Started process (PID=359) to work on /home/airflow/.local/lib/python3.8/site-packages/airflow/example_dags/example_external_task_marker_dag.py
[2023-10-17T07:57:07.110+0000] {processor.py:829} INFO - Processing file /home/airflow/.local/lib/python3.8/site-packages/airflow/example_dags/example_external_task_marker_dag.py for tasks to queue
[2023-10-17T07:57:07.112+0000] {logging_mixin.py:151} INFO - [2023-10-17T07:57:07.111+0000] {dagbag.py:536} INFO - Filling up the DagBag from /home/airflow/.local/lib/python3.8/site-packages/airflow/example_dags/example_external_task_marker_dag.py
[2023-10-17T07:57:07.116+0000] {processor.py:839} INFO - DAG(s) dict_keys(['example_external_task_marker_parent', 'example_external_task_marker_child']) retrieved from /home/airflow/.local/lib/python3.8/site-packages/airflow/example_dags/example_external_task_marker_dag.py
[2023-10-17T07:57:07.138+0000] {logging_mixin.py:151} INFO - [2023-10-17T07:57:07.138+0000] {dag.py:2941} INFO - Sync 2 DAGs
[2023-10-17T07:57:07.151+0000] {logging_mixin.py:151} INFO - [2023-10-17T07:57:07.151+0000] {dag.py:3722} INFO - Setting next_dagrun for example_external_task_marker_child to None, run_after=None
[2023-10-17T07:57:07.155+0000] {logging_mixin.py:151} INFO - [2023-10-17T07:57:07.155+0000] {dag.py:3722} INFO - Setting next_dagrun for example_external_task_marker_parent to None, run_after=None
[2023-10-17T07:57:07.168+0000] {processor.py:179} INFO - Processing /home/airflow/.local/lib/python3.8/site-packages/airflow/example_dags/example_external_task_marker_dag.py took 0.061 seconds
[2023-10-17T07:57:37.876+0000] {processor.py:157} INFO - Started process (PID=413) to work on /home/airflow/.local/lib/python3.8/site-packages/airflow/example_dags/example_external_task_marker_dag.py
[2023-10-17T07:57:37.879+0000] {processor.py:829} INFO - Processing file /home/airflow/.local/lib/python3.8/site-packages/airflow/example_dags/example_external_task_marker_dag.py for tasks to queue
[2023-10-17T07:57:37.880+0000] {logging_mixin.py:151} INFO - [2023-10-17T07:57:37.880+0000] {dagbag.py:536} INFO - Filling up the DagBag from /home/airflow/.local/lib/python3.8/site-packages/airflow/example_dags/example_external_task_marker_dag.py
[2023-10-17T07:57:37.884+0000] {processor.py:839} INFO - DAG(s) dict_keys(['example_external_task_marker_child', 'example_external_task_marker_parent']) retrieved from /home/airflow/.local/lib/python3.8/site-packages/airflow/example_dags/example_external_task_marker_dag.py
[2023-10-17T07:57:37.907+0000] {logging_mixin.py:151} INFO - [2023-10-17T07:57:37.907+0000] {dag.py:2941} INFO - Sync 2 DAGs
[2023-10-17T07:57:37.920+0000] {logging_mixin.py:151} INFO - [2023-10-17T07:57:37.919+0000] {dag.py:3722} INFO - Setting next_dagrun for example_external_task_marker_child to None, run_after=None
[2023-10-17T07:57:37.923+0000] {logging_mixin.py:151} INFO - [2023-10-17T07:57:37.922+0000] {dag.py:3722} INFO - Setting next_dagrun for example_external_task_marker_parent to None, run_after=None
[2023-10-17T07:57:37.938+0000] {processor.py:179} INFO - Processing /home/airflow/.local/lib/python3.8/site-packages/airflow/example_dags/example_external_task_marker_dag.py took 0.064 seconds
[2023-10-17T07:58:08.187+0000] {processor.py:157} INFO - Started process (PID=467) to work on /home/airflow/.local/lib/python3.8/site-packages/airflow/example_dags/example_external_task_marker_dag.py
[2023-10-17T07:58:08.188+0000] {processor.py:829} INFO - Processing file /home/airflow/.local/lib/python3.8/site-packages/airflow/example_dags/example_external_task_marker_dag.py for tasks to queue
[2023-10-17T07:58:08.189+0000] {logging_mixin.py:151} INFO - [2023-10-17T07:58:08.189+0000] {dagbag.py:536} INFO - Filling up the DagBag from /home/airflow/.local/lib/python3.8/site-packages/airflow/example_dags/example_external_task_marker_dag.py
[2023-10-17T07:58:08.194+0000] {processor.py:839} INFO - DAG(s) dict_keys(['example_external_task_marker_parent', 'example_external_task_marker_child']) retrieved from /home/airflow/.local/lib/python3.8/site-packages/airflow/example_dags/example_external_task_marker_dag.py
[2023-10-17T07:58:08.214+0000] {logging_mixin.py:151} INFO - [2023-10-17T07:58:08.213+0000] {dag.py:2941} INFO - Sync 2 DAGs
[2023-10-17T07:58:08.224+0000] {logging_mixin.py:151} INFO - [2023-10-17T07:58:08.224+0000] {dag.py:3722} INFO - Setting next_dagrun for example_external_task_marker_child to None, run_after=None
[2023-10-17T07:58:08.228+0000] {logging_mixin.py:151} INFO - [2023-10-17T07:58:08.228+0000] {dag.py:3722} INFO - Setting next_dagrun for example_external_task_marker_parent to None, run_after=None
[2023-10-17T07:58:08.242+0000] {processor.py:179} INFO - Processing /home/airflow/.local/lib/python3.8/site-packages/airflow/example_dags/example_external_task_marker_dag.py took 0.058 seconds
[2023-10-17T07:58:38.456+0000] {processor.py:157} INFO - Started process (PID=521) to work on /home/airflow/.local/lib/python3.8/site-packages/airflow/example_dags/example_external_task_marker_dag.py
[2023-10-17T07:58:38.458+0000] {processor.py:829} INFO - Processing file /home/airflow/.local/lib/python3.8/site-packages/airflow/example_dags/example_external_task_marker_dag.py for tasks to queue
[2023-10-17T07:58:38.460+0000] {logging_mixin.py:151} INFO - [2023-10-17T07:58:38.459+0000] {dagbag.py:536} INFO - Filling up the DagBag from /home/airflow/.local/lib/python3.8/site-packages/airflow/example_dags/example_external_task_marker_dag.py
[2023-10-17T07:58:38.465+0000] {processor.py:839} INFO - DAG(s) dict_keys(['example_external_task_marker_parent', 'example_external_task_marker_child']) retrieved from /home/airflow/.local/lib/python3.8/site-packages/airflow/example_dags/example_external_task_marker_dag.py
[2023-10-17T07:58:38.483+0000] {logging_mixin.py:151} INFO - [2023-10-17T07:58:38.482+0000] {dag.py:2941} INFO - Sync 2 DAGs
[2023-10-17T07:58:38.491+0000] {logging_mixin.py:151} INFO - [2023-10-17T07:58:38.491+0000] {dag.py:3722} INFO - Setting next_dagrun for example_external_task_marker_child to None, run_after=None
[2023-10-17T07:58:38.494+0000] {logging_mixin.py:151} INFO - [2023-10-17T07:58:38.494+0000] {dag.py:3722} INFO - Setting next_dagrun for example_external_task_marker_parent to None, run_after=None
[2023-10-17T07:58:38.506+0000] {processor.py:179} INFO - Processing /home/airflow/.local/lib/python3.8/site-packages/airflow/example_dags/example_external_task_marker_dag.py took 0.053 seconds
[2023-10-17T07:59:08.731+0000] {processor.py:157} INFO - Started process (PID=575) to work on /home/airflow/.local/lib/python3.8/site-packages/airflow/example_dags/example_external_task_marker_dag.py
[2023-10-17T07:59:08.731+0000] {processor.py:829} INFO - Processing file /home/airflow/.local/lib/python3.8/site-packages/airflow/example_dags/example_external_task_marker_dag.py for tasks to queue
[2023-10-17T07:59:08.733+0000] {logging_mixin.py:151} INFO - [2023-10-17T07:59:08.733+0000] {dagbag.py:536} INFO - Filling up the DagBag from /home/airflow/.local/lib/python3.8/site-packages/airflow/example_dags/example_external_task_marker_dag.py
[2023-10-17T07:59:08.737+0000] {processor.py:839} INFO - DAG(s) dict_keys(['example_external_task_marker_child', 'example_external_task_marker_parent']) retrieved from /home/airflow/.local/lib/python3.8/site-packages/airflow/example_dags/example_external_task_marker_dag.py
[2023-10-17T07:59:08.756+0000] {logging_mixin.py:151} INFO - [2023-10-17T07:59:08.756+0000] {dag.py:2941} INFO - Sync 2 DAGs
[2023-10-17T07:59:08.765+0000] {logging_mixin.py:151} INFO - [2023-10-17T07:59:08.765+0000] {dag.py:3722} INFO - Setting next_dagrun for example_external_task_marker_child to None, run_after=None
[2023-10-17T07:59:08.767+0000] {logging_mixin.py:151} INFO - [2023-10-17T07:59:08.767+0000] {dag.py:3722} INFO - Setting next_dagrun for example_external_task_marker_parent to None, run_after=None
[2023-10-17T07:59:08.782+0000] {processor.py:179} INFO - Processing /home/airflow/.local/lib/python3.8/site-packages/airflow/example_dags/example_external_task_marker_dag.py took 0.053 seconds
[2023-10-17T07:59:38.902+0000] {processor.py:157} INFO - Started process (PID=629) to work on /home/airflow/.local/lib/python3.8/site-packages/airflow/example_dags/example_external_task_marker_dag.py
[2023-10-17T07:59:38.905+0000] {processor.py:829} INFO - Processing file /home/airflow/.local/lib/python3.8/site-packages/airflow/example_dags/example_external_task_marker_dag.py for tasks to queue
[2023-10-17T07:59:38.907+0000] {logging_mixin.py:151} INFO - [2023-10-17T07:59:38.907+0000] {dagbag.py:536} INFO - Filling up the DagBag from /home/airflow/.local/lib/python3.8/site-packages/airflow/example_dags/example_external_task_marker_dag.py
[2023-10-17T07:59:38.910+0000] {processor.py:839} INFO - DAG(s) dict_keys(['example_external_task_marker_parent', 'example_external_task_marker_child']) retrieved from /home/airflow/.local/lib/python3.8/site-packages/airflow/example_dags/example_external_task_marker_dag.py
[2023-10-17T07:59:38.930+0000] {logging_mixin.py:151} INFO - [2023-10-17T07:59:38.930+0000] {dag.py:2941} INFO - Sync 2 DAGs
[2023-10-17T07:59:38.941+0000] {logging_mixin.py:151} INFO - [2023-10-17T07:59:38.941+0000] {dag.py:3722} INFO - Setting next_dagrun for example_external_task_marker_child to None, run_after=None
[2023-10-17T07:59:38.944+0000] {logging_mixin.py:151} INFO - [2023-10-17T07:59:38.944+0000] {dag.py:3722} INFO - Setting next_dagrun for example_external_task_marker_parent to None, run_after=None
[2023-10-17T07:59:38.956+0000] {processor.py:179} INFO - Processing /home/airflow/.local/lib/python3.8/site-packages/airflow/example_dags/example_external_task_marker_dag.py took 0.057 seconds
[2023-10-17T08:00:09.837+0000] {processor.py:157} INFO - Started process (PID=683) to work on /home/airflow/.local/lib/python3.8/site-packages/airflow/example_dags/example_external_task_marker_dag.py
[2023-10-17T08:00:09.838+0000] {processor.py:829} INFO - Processing file /home/airflow/.local/lib/python3.8/site-packages/airflow/example_dags/example_external_task_marker_dag.py for tasks to queue
[2023-10-17T08:00:09.840+0000] {logging_mixin.py:151} INFO - [2023-10-17T08:00:09.839+0000] {dagbag.py:536} INFO - Filling up the DagBag from /home/airflow/.local/lib/python3.8/site-packages/airflow/example_dags/example_external_task_marker_dag.py
[2023-10-17T08:00:09.843+0000] {processor.py:839} INFO - DAG(s) dict_keys(['example_external_task_marker_child', 'example_external_task_marker_parent']) retrieved from /home/airflow/.local/lib/python3.8/site-packages/airflow/example_dags/example_external_task_marker_dag.py
[2023-10-17T08:00:09.862+0000] {logging_mixin.py:151} INFO - [2023-10-17T08:00:09.862+0000] {dag.py:2941} INFO - Sync 2 DAGs
[2023-10-17T08:00:09.872+0000] {logging_mixin.py:151} INFO - [2023-10-17T08:00:09.871+0000] {dag.py:3722} INFO - Setting next_dagrun for example_external_task_marker_child to None, run_after=None
[2023-10-17T08:00:09.874+0000] {logging_mixin.py:151} INFO - [2023-10-17T08:00:09.874+0000] {dag.py:3722} INFO - Setting next_dagrun for example_external_task_marker_parent to None, run_after=None
[2023-10-17T08:00:09.888+0000] {processor.py:179} INFO - Processing /home/airflow/.local/lib/python3.8/site-packages/airflow/example_dags/example_external_task_marker_dag.py took 0.054 seconds
[2023-10-17T08:00:39.936+0000] {processor.py:157} INFO - Started process (PID=737) to work on /home/airflow/.local/lib/python3.8/site-packages/airflow/example_dags/example_external_task_marker_dag.py
[2023-10-17T08:00:39.936+0000] {processor.py:829} INFO - Processing file /home/airflow/.local/lib/python3.8/site-packages/airflow/example_dags/example_external_task_marker_dag.py for tasks to queue
[2023-10-17T08:00:39.938+0000] {logging_mixin.py:151} INFO - [2023-10-17T08:00:39.938+0000] {dagbag.py:536} INFO - Filling up the DagBag from /home/airflow/.local/lib/python3.8/site-packages/airflow/example_dags/example_external_task_marker_dag.py
[2023-10-17T08:00:39.941+0000] {processor.py:839} INFO - DAG(s) dict_keys(['example_external_task_marker_child', 'example_external_task_marker_parent']) retrieved from /home/airflow/.local/lib/python3.8/site-packages/airflow/example_dags/example_external_task_marker_dag.py
[2023-10-17T08:00:39.958+0000] {logging_mixin.py:151} INFO - [2023-10-17T08:00:39.958+0000] {dag.py:2941} INFO - Sync 2 DAGs
[2023-10-17T08:00:39.969+0000] {logging_mixin.py:151} INFO - [2023-10-17T08:00:39.968+0000] {dag.py:3722} INFO - Setting next_dagrun for example_external_task_marker_child to None, run_after=None
[2023-10-17T08:00:39.971+0000] {logging_mixin.py:151} INFO - [2023-10-17T08:00:39.971+0000] {dag.py:3722} INFO - Setting next_dagrun for example_external_task_marker_parent to None, run_after=None
[2023-10-17T08:00:39.987+0000] {processor.py:179} INFO - Processing /home/airflow/.local/lib/python3.8/site-packages/airflow/example_dags/example_external_task_marker_dag.py took 0.054 seconds
[2023-10-17T08:01:10.280+0000] {processor.py:157} INFO - Started process (PID=791) to work on /home/airflow/.local/lib/python3.8/site-packages/airflow/example_dags/example_external_task_marker_dag.py
[2023-10-17T08:01:10.281+0000] {processor.py:829} INFO - Processing file /home/airflow/.local/lib/python3.8/site-packages/airflow/example_dags/example_external_task_marker_dag.py for tasks to queue
[2023-10-17T08:01:10.283+0000] {logging_mixin.py:151} INFO - [2023-10-17T08:01:10.283+0000] {dagbag.py:536} INFO - Filling up the DagBag from /home/airflow/.local/lib/python3.8/site-packages/airflow/example_dags/example_external_task_marker_dag.py
[2023-10-17T08:01:10.287+0000] {processor.py:839} INFO - DAG(s) dict_keys(['example_external_task_marker_parent', 'example_external_task_marker_child']) retrieved from /home/airflow/.local/lib/python3.8/site-packages/airflow/example_dags/example_external_task_marker_dag.py
[2023-10-17T08:01:10.306+0000] {logging_mixin.py:151} INFO - [2023-10-17T08:01:10.305+0000] {dag.py:2941} INFO - Sync 2 DAGs
[2023-10-17T08:01:10.314+0000] {logging_mixin.py:151} INFO - [2023-10-17T08:01:10.314+0000] {dag.py:3722} INFO - Setting next_dagrun for example_external_task_marker_child to None, run_after=None
[2023-10-17T08:01:10.317+0000] {logging_mixin.py:151} INFO - [2023-10-17T08:01:10.317+0000] {dag.py:3722} INFO - Setting next_dagrun for example_external_task_marker_parent to None, run_after=None
[2023-10-17T08:01:10.329+0000] {processor.py:179} INFO - Processing /home/airflow/.local/lib/python3.8/site-packages/airflow/example_dags/example_external_task_marker_dag.py took 0.052 seconds
[2023-10-17T08:01:40.406+0000] {processor.py:157} INFO - Started process (PID=845) to work on /home/airflow/.local/lib/python3.8/site-packages/airflow/example_dags/example_external_task_marker_dag.py
[2023-10-17T08:01:40.406+0000] {processor.py:829} INFO - Processing file /home/airflow/.local/lib/python3.8/site-packages/airflow/example_dags/example_external_task_marker_dag.py for tasks to queue
[2023-10-17T08:01:40.408+0000] {logging_mixin.py:151} INFO - [2023-10-17T08:01:40.408+0000] {dagbag.py:536} INFO - Filling up the DagBag from /home/airflow/.local/lib/python3.8/site-packages/airflow/example_dags/example_external_task_marker_dag.py
[2023-10-17T08:01:40.413+0000] {processor.py:839} INFO - DAG(s) dict_keys(['example_external_task_marker_child', 'example_external_task_marker_parent']) retrieved from /home/airflow/.local/lib/python3.8/site-packages/airflow/example_dags/example_external_task_marker_dag.py
[2023-10-17T08:01:40.429+0000] {logging_mixin.py:151} INFO - [2023-10-17T08:01:40.429+0000] {dag.py:2941} INFO - Sync 2 DAGs
[2023-10-17T08:01:40.438+0000] {logging_mixin.py:151} INFO - [2023-10-17T08:01:40.437+0000] {dag.py:3722} INFO - Setting next_dagrun for example_external_task_marker_child to None, run_after=None
[2023-10-17T08:01:40.440+0000] {logging_mixin.py:151} INFO - [2023-10-17T08:01:40.440+0000] {dag.py:3722} INFO - Setting next_dagrun for example_external_task_marker_parent to None, run_after=None
[2023-10-17T08:01:40.452+0000] {processor.py:179} INFO - Processing /home/airflow/.local/lib/python3.8/site-packages/airflow/example_dags/example_external_task_marker_dag.py took 0.049 seconds
[2023-10-17T08:02:11.413+0000] {processor.py:157} INFO - Started process (PID=899) to work on /home/airflow/.local/lib/python3.8/site-packages/airflow/example_dags/example_external_task_marker_dag.py
[2023-10-17T08:02:11.414+0000] {processor.py:829} INFO - Processing file /home/airflow/.local/lib/python3.8/site-packages/airflow/example_dags/example_external_task_marker_dag.py for tasks to queue
[2023-10-17T08:02:11.416+0000] {logging_mixin.py:151} INFO - [2023-10-17T08:02:11.416+0000] {dagbag.py:536} INFO - Filling up the DagBag from /home/airflow/.local/lib/python3.8/site-packages/airflow/example_dags/example_external_task_marker_dag.py
[2023-10-17T08:02:11.419+0000] {processor.py:839} INFO - DAG(s) dict_keys(['example_external_task_marker_parent', 'example_external_task_marker_child']) retrieved from /home/airflow/.local/lib/python3.8/site-packages/airflow/example_dags/example_external_task_marker_dag.py
[2023-10-17T08:02:11.438+0000] {logging_mixin.py:151} INFO - [2023-10-17T08:02:11.438+0000] {dag.py:2941} INFO - Sync 2 DAGs
[2023-10-17T08:02:11.450+0000] {logging_mixin.py:151} INFO - [2023-10-17T08:02:11.449+0000] {dag.py:3722} INFO - Setting next_dagrun for example_external_task_marker_child to None, run_after=None
[2023-10-17T08:02:11.452+0000] {logging_mixin.py:151} INFO - [2023-10-17T08:02:11.452+0000] {dag.py:3722} INFO - Setting next_dagrun for example_external_task_marker_parent to None, run_after=None
[2023-10-17T08:02:11.466+0000] {processor.py:179} INFO - Processing /home/airflow/.local/lib/python3.8/site-packages/airflow/example_dags/example_external_task_marker_dag.py took 0.056 seconds
[2023-10-17T08:02:42.360+0000] {processor.py:157} INFO - Started process (PID=953) to work on /home/airflow/.local/lib/python3.8/site-packages/airflow/example_dags/example_external_task_marker_dag.py
[2023-10-17T08:02:42.364+0000] {processor.py:829} INFO - Processing file /home/airflow/.local/lib/python3.8/site-packages/airflow/example_dags/example_external_task_marker_dag.py for tasks to queue
[2023-10-17T08:02:42.366+0000] {logging_mixin.py:151} INFO - [2023-10-17T08:02:42.366+0000] {dagbag.py:536} INFO - Filling up the DagBag from /home/airflow/.local/lib/python3.8/site-packages/airflow/example_dags/example_external_task_marker_dag.py
[2023-10-17T08:02:42.372+0000] {processor.py:839} INFO - DAG(s) dict_keys(['example_external_task_marker_parent', 'example_external_task_marker_child']) retrieved from /home/airflow/.local/lib/python3.8/site-packages/airflow/example_dags/example_external_task_marker_dag.py
[2023-10-17T08:02:42.389+0000] {logging_mixin.py:151} INFO - [2023-10-17T08:02:42.389+0000] {dag.py:2941} INFO - Sync 2 DAGs
[2023-10-17T08:02:42.397+0000] {logging_mixin.py:151} INFO - [2023-10-17T08:02:42.397+0000] {dag.py:3722} INFO - Setting next_dagrun for example_external_task_marker_child to None, run_after=None
[2023-10-17T08:02:42.399+0000] {logging_mixin.py:151} INFO - [2023-10-17T08:02:42.399+0000] {dag.py:3722} INFO - Setting next_dagrun for example_external_task_marker_parent to None, run_after=None
[2023-10-17T08:02:42.411+0000] {processor.py:179} INFO - Processing /home/airflow/.local/lib/python3.8/site-packages/airflow/example_dags/example_external_task_marker_dag.py took 0.052 seconds
[2023-10-17T08:03:12.775+0000] {processor.py:157} INFO - Started process (PID=1007) to work on /home/airflow/.local/lib/python3.8/site-packages/airflow/example_dags/example_external_task_marker_dag.py
[2023-10-17T08:03:12.778+0000] {processor.py:829} INFO - Processing file /home/airflow/.local/lib/python3.8/site-packages/airflow/example_dags/example_external_task_marker_dag.py for tasks to queue
[2023-10-17T08:03:12.780+0000] {logging_mixin.py:151} INFO - [2023-10-17T08:03:12.780+0000] {dagbag.py:536} INFO - Filling up the DagBag from /home/airflow/.local/lib/python3.8/site-packages/airflow/example_dags/example_external_task_marker_dag.py
[2023-10-17T08:03:12.783+0000] {processor.py:839} INFO - DAG(s) dict_keys(['example_external_task_marker_parent', 'example_external_task_marker_child']) retrieved from /home/airflow/.local/lib/python3.8/site-packages/airflow/example_dags/example_external_task_marker_dag.py
[2023-10-17T08:03:12.801+0000] {logging_mixin.py:151} INFO - [2023-10-17T08:03:12.800+0000] {dag.py:2941} INFO - Sync 2 DAGs
[2023-10-17T08:03:12.810+0000] {logging_mixin.py:151} INFO - [2023-10-17T08:03:12.810+0000] {dag.py:3722} INFO - Setting next_dagrun for example_external_task_marker_child to None, run_after=None
[2023-10-17T08:03:12.813+0000] {logging_mixin.py:151} INFO - [2023-10-17T08:03:12.813+0000] {dag.py:3722} INFO - Setting next_dagrun for example_external_task_marker_parent to None, run_after=None
[2023-10-17T08:03:12.826+0000] {processor.py:179} INFO - Processing /home/airflow/.local/lib/python3.8/site-packages/airflow/example_dags/example_external_task_marker_dag.py took 0.053 seconds
[2023-10-17T08:03:43.589+0000] {processor.py:157} INFO - Started process (PID=1061) to work on /home/airflow/.local/lib/python3.8/site-packages/airflow/example_dags/example_external_task_marker_dag.py
[2023-10-17T08:03:43.589+0000] {processor.py:829} INFO - Processing file /home/airflow/.local/lib/python3.8/site-packages/airflow/example_dags/example_external_task_marker_dag.py for tasks to queue
[2023-10-17T08:03:43.591+0000] {logging_mixin.py:151} INFO - [2023-10-17T08:03:43.591+0000] {dagbag.py:536} INFO - Filling up the DagBag from /home/airflow/.local/lib/python3.8/site-packages/airflow/example_dags/example_external_task_marker_dag.py
[2023-10-17T08:03:43.595+0000] {processor.py:839} INFO - DAG(s) dict_keys(['example_external_task_marker_child', 'example_external_task_marker_parent']) retrieved from /home/airflow/.local/lib/python3.8/site-packages/airflow/example_dags/example_external_task_marker_dag.py
[2023-10-17T08:03:43.611+0000] {logging_mixin.py:151} INFO - [2023-10-17T08:03:43.611+0000] {dag.py:2941} INFO - Sync 2 DAGs
[2023-10-17T08:03:43.620+0000] {logging_mixin.py:151} INFO - [2023-10-17T08:03:43.619+0000] {dag.py:3722} INFO - Setting next_dagrun for example_external_task_marker_child to None, run_after=None
[2023-10-17T08:03:43.622+0000] {logging_mixin.py:151} INFO - [2023-10-17T08:03:43.622+0000] {dag.py:3722} INFO - Setting next_dagrun for example_external_task_marker_parent to None, run_after=None
[2023-10-17T08:03:43.634+0000] {processor.py:179} INFO - Processing /home/airflow/.local/lib/python3.8/site-packages/airflow/example_dags/example_external_task_marker_dag.py took 0.047 seconds
[2023-10-17T08:04:13.846+0000] {processor.py:157} INFO - Started process (PID=1115) to work on /home/airflow/.local/lib/python3.8/site-packages/airflow/example_dags/example_external_task_marker_dag.py
[2023-10-17T08:04:13.850+0000] {processor.py:829} INFO - Processing file /home/airflow/.local/lib/python3.8/site-packages/airflow/example_dags/example_external_task_marker_dag.py for tasks to queue
[2023-10-17T08:04:13.853+0000] {logging_mixin.py:151} INFO - [2023-10-17T08:04:13.852+0000] {dagbag.py:536} INFO - Filling up the DagBag from /home/airflow/.local/lib/python3.8/site-packages/airflow/example_dags/example_external_task_marker_dag.py
[2023-10-17T08:04:13.857+0000] {processor.py:839} INFO - DAG(s) dict_keys(['example_external_task_marker_parent', 'example_external_task_marker_child']) retrieved from /home/airflow/.local/lib/python3.8/site-packages/airflow/example_dags/example_external_task_marker_dag.py
[2023-10-17T08:04:13.873+0000] {logging_mixin.py:151} INFO - [2023-10-17T08:04:13.873+0000] {dag.py:2941} INFO - Sync 2 DAGs
[2023-10-17T08:04:13.988+0000] {logging_mixin.py:151} INFO - [2023-10-17T08:04:13.988+0000] {dag.py:3722} INFO - Setting next_dagrun for example_external_task_marker_child to None, run_after=None
[2023-10-17T08:04:13.990+0000] {logging_mixin.py:151} INFO - [2023-10-17T08:04:13.990+0000] {dag.py:3722} INFO - Setting next_dagrun for example_external_task_marker_parent to None, run_after=None
[2023-10-17T08:04:14.011+0000] {processor.py:179} INFO - Processing /home/airflow/.local/lib/python3.8/site-packages/airflow/example_dags/example_external_task_marker_dag.py took 0.167 seconds
