[2023-10-17T07:39:52.707+0000] {processor.py:157} INFO - Started process (PID=139) to work on /home/airflow/.local/lib/python3.8/site-packages/airflow/example_dags/example_bash_operator.py
[2023-10-17T07:39:52.708+0000] {processor.py:829} INFO - Processing file /home/airflow/.local/lib/python3.8/site-packages/airflow/example_dags/example_bash_operator.py for tasks to queue
[2023-10-17T07:39:52.709+0000] {logging_mixin.py:151} INFO - [2023-10-17T07:39:52.709+0000] {dagbag.py:536} INFO - Filling up the DagBag from /home/airflow/.local/lib/python3.8/site-packages/airflow/example_dags/example_bash_operator.py
[2023-10-17T07:39:52.719+0000] {processor.py:839} INFO - DAG(s) dict_keys(['example_bash_operator']) retrieved from /home/airflow/.local/lib/python3.8/site-packages/airflow/example_dags/example_bash_operator.py
[2023-10-17T07:39:52.749+0000] {logging_mixin.py:151} INFO - [2023-10-17T07:39:52.748+0000] {dag.py:2941} INFO - Sync 1 DAGs
[2023-10-17T07:39:52.772+0000] {logging_mixin.py:151} INFO - [2023-10-17T07:39:52.772+0000] {dag.py:3722} INFO - Setting next_dagrun for example_bash_operator to 2023-10-16T00:00:00+00:00, run_after=2023-10-17T00:00:00+00:00
[2023-10-17T07:39:52.792+0000] {processor.py:179} INFO - Processing /home/airflow/.local/lib/python3.8/site-packages/airflow/example_dags/example_bash_operator.py took 0.087 seconds
[2023-10-17T07:40:23.762+0000] {processor.py:157} INFO - Started process (PID=193) to work on /home/airflow/.local/lib/python3.8/site-packages/airflow/example_dags/example_bash_operator.py
[2023-10-17T07:40:23.766+0000] {processor.py:829} INFO - Processing file /home/airflow/.local/lib/python3.8/site-packages/airflow/example_dags/example_bash_operator.py for tasks to queue
[2023-10-17T07:40:23.768+0000] {logging_mixin.py:151} INFO - [2023-10-17T07:40:23.768+0000] {dagbag.py:536} INFO - Filling up the DagBag from /home/airflow/.local/lib/python3.8/site-packages/airflow/example_dags/example_bash_operator.py
[2023-10-17T07:40:23.777+0000] {processor.py:839} INFO - DAG(s) dict_keys(['example_bash_operator']) retrieved from /home/airflow/.local/lib/python3.8/site-packages/airflow/example_dags/example_bash_operator.py
[2023-10-17T07:40:23.803+0000] {logging_mixin.py:151} INFO - [2023-10-17T07:40:23.802+0000] {dag.py:2941} INFO - Sync 1 DAGs
[2023-10-17T07:40:23.822+0000] {logging_mixin.py:151} INFO - [2023-10-17T07:40:23.822+0000] {dag.py:3722} INFO - Setting next_dagrun for example_bash_operator to 2023-10-16T00:00:00+00:00, run_after=2023-10-17T00:00:00+00:00
[2023-10-17T07:40:23.836+0000] {processor.py:179} INFO - Processing /home/airflow/.local/lib/python3.8/site-packages/airflow/example_dags/example_bash_operator.py took 0.077 seconds
[2023-10-17T07:44:12.053+0000] {processor.py:157} INFO - Started process (PID=49) to work on /home/airflow/.local/lib/python3.8/site-packages/airflow/example_dags/example_bash_operator.py
[2023-10-17T07:44:12.054+0000] {processor.py:829} INFO - Processing file /home/airflow/.local/lib/python3.8/site-packages/airflow/example_dags/example_bash_operator.py for tasks to queue
[2023-10-17T07:44:12.055+0000] {logging_mixin.py:151} INFO - [2023-10-17T07:44:12.055+0000] {dagbag.py:536} INFO - Filling up the DagBag from /home/airflow/.local/lib/python3.8/site-packages/airflow/example_dags/example_bash_operator.py
[2023-10-17T07:44:12.065+0000] {processor.py:839} INFO - DAG(s) dict_keys(['example_bash_operator']) retrieved from /home/airflow/.local/lib/python3.8/site-packages/airflow/example_dags/example_bash_operator.py
[2023-10-17T07:44:12.075+0000] {logging_mixin.py:151} INFO - [2023-10-17T07:44:12.074+0000] {dag.py:2941} INFO - Sync 1 DAGs
[2023-10-17T07:44:12.095+0000] {logging_mixin.py:151} INFO - [2023-10-17T07:44:12.094+0000] {dag.py:3722} INFO - Setting next_dagrun for example_bash_operator to 2023-10-16T00:00:00+00:00, run_after=2023-10-17T00:00:00+00:00
[2023-10-17T07:44:12.113+0000] {processor.py:179} INFO - Processing /home/airflow/.local/lib/python3.8/site-packages/airflow/example_dags/example_bash_operator.py took 0.062 seconds
[2023-10-17T07:44:42.866+0000] {processor.py:157} INFO - Started process (PID=103) to work on /home/airflow/.local/lib/python3.8/site-packages/airflow/example_dags/example_bash_operator.py
[2023-10-17T07:44:42.867+0000] {processor.py:829} INFO - Processing file /home/airflow/.local/lib/python3.8/site-packages/airflow/example_dags/example_bash_operator.py for tasks to queue
[2023-10-17T07:44:42.868+0000] {logging_mixin.py:151} INFO - [2023-10-17T07:44:42.868+0000] {dagbag.py:536} INFO - Filling up the DagBag from /home/airflow/.local/lib/python3.8/site-packages/airflow/example_dags/example_bash_operator.py
[2023-10-17T07:44:42.876+0000] {processor.py:839} INFO - DAG(s) dict_keys(['example_bash_operator']) retrieved from /home/airflow/.local/lib/python3.8/site-packages/airflow/example_dags/example_bash_operator.py
[2023-10-17T07:44:42.896+0000] {logging_mixin.py:151} INFO - [2023-10-17T07:44:42.895+0000] {dag.py:2941} INFO - Sync 1 DAGs
[2023-10-17T07:44:42.912+0000] {logging_mixin.py:151} INFO - [2023-10-17T07:44:42.912+0000] {dag.py:3722} INFO - Setting next_dagrun for example_bash_operator to 2023-10-16T00:00:00+00:00, run_after=2023-10-17T00:00:00+00:00
[2023-10-17T07:44:42.925+0000] {processor.py:179} INFO - Processing /home/airflow/.local/lib/python3.8/site-packages/airflow/example_dags/example_bash_operator.py took 0.061 seconds
[2023-10-17T07:45:13.264+0000] {processor.py:157} INFO - Started process (PID=158) to work on /home/airflow/.local/lib/python3.8/site-packages/airflow/example_dags/example_bash_operator.py
[2023-10-17T07:45:13.265+0000] {processor.py:829} INFO - Processing file /home/airflow/.local/lib/python3.8/site-packages/airflow/example_dags/example_bash_operator.py for tasks to queue
[2023-10-17T07:45:13.266+0000] {logging_mixin.py:151} INFO - [2023-10-17T07:45:13.266+0000] {dagbag.py:536} INFO - Filling up the DagBag from /home/airflow/.local/lib/python3.8/site-packages/airflow/example_dags/example_bash_operator.py
[2023-10-17T07:45:13.275+0000] {processor.py:839} INFO - DAG(s) dict_keys(['example_bash_operator']) retrieved from /home/airflow/.local/lib/python3.8/site-packages/airflow/example_dags/example_bash_operator.py
[2023-10-17T07:45:13.303+0000] {logging_mixin.py:151} INFO - [2023-10-17T07:45:13.302+0000] {dag.py:2941} INFO - Sync 1 DAGs
[2023-10-17T07:45:13.331+0000] {logging_mixin.py:151} INFO - [2023-10-17T07:45:13.331+0000] {dag.py:3722} INFO - Setting next_dagrun for example_bash_operator to 2023-10-16T00:00:00+00:00, run_after=2023-10-17T00:00:00+00:00
[2023-10-17T07:45:13.349+0000] {processor.py:179} INFO - Processing /home/airflow/.local/lib/python3.8/site-packages/airflow/example_dags/example_bash_operator.py took 0.088 seconds
[2023-10-17T07:45:43.503+0000] {processor.py:157} INFO - Started process (PID=212) to work on /home/airflow/.local/lib/python3.8/site-packages/airflow/example_dags/example_bash_operator.py
[2023-10-17T07:45:43.504+0000] {processor.py:829} INFO - Processing file /home/airflow/.local/lib/python3.8/site-packages/airflow/example_dags/example_bash_operator.py for tasks to queue
[2023-10-17T07:45:43.505+0000] {logging_mixin.py:151} INFO - [2023-10-17T07:45:43.505+0000] {dagbag.py:536} INFO - Filling up the DagBag from /home/airflow/.local/lib/python3.8/site-packages/airflow/example_dags/example_bash_operator.py
[2023-10-17T07:45:43.513+0000] {processor.py:839} INFO - DAG(s) dict_keys(['example_bash_operator']) retrieved from /home/airflow/.local/lib/python3.8/site-packages/airflow/example_dags/example_bash_operator.py
[2023-10-17T07:45:43.533+0000] {logging_mixin.py:151} INFO - [2023-10-17T07:45:43.533+0000] {dag.py:2941} INFO - Sync 1 DAGs
[2023-10-17T07:45:43.549+0000] {logging_mixin.py:151} INFO - [2023-10-17T07:45:43.549+0000] {dag.py:3722} INFO - Setting next_dagrun for example_bash_operator to 2023-10-16T00:00:00+00:00, run_after=2023-10-17T00:00:00+00:00
[2023-10-17T07:45:43.562+0000] {processor.py:179} INFO - Processing /home/airflow/.local/lib/python3.8/site-packages/airflow/example_dags/example_bash_operator.py took 0.061 seconds
[2023-10-17T07:46:13.676+0000] {processor.py:157} INFO - Started process (PID=266) to work on /home/airflow/.local/lib/python3.8/site-packages/airflow/example_dags/example_bash_operator.py
[2023-10-17T07:46:13.677+0000] {processor.py:829} INFO - Processing file /home/airflow/.local/lib/python3.8/site-packages/airflow/example_dags/example_bash_operator.py for tasks to queue
[2023-10-17T07:46:13.678+0000] {logging_mixin.py:151} INFO - [2023-10-17T07:46:13.678+0000] {dagbag.py:536} INFO - Filling up the DagBag from /home/airflow/.local/lib/python3.8/site-packages/airflow/example_dags/example_bash_operator.py
[2023-10-17T07:46:13.686+0000] {processor.py:839} INFO - DAG(s) dict_keys(['example_bash_operator']) retrieved from /home/airflow/.local/lib/python3.8/site-packages/airflow/example_dags/example_bash_operator.py
[2023-10-17T07:46:13.710+0000] {logging_mixin.py:151} INFO - [2023-10-17T07:46:13.710+0000] {dag.py:2941} INFO - Sync 1 DAGs
[2023-10-17T07:46:13.729+0000] {logging_mixin.py:151} INFO - [2023-10-17T07:46:13.729+0000] {dag.py:3722} INFO - Setting next_dagrun for example_bash_operator to 2023-10-16T00:00:00+00:00, run_after=2023-10-17T00:00:00+00:00
[2023-10-17T07:46:13.744+0000] {processor.py:179} INFO - Processing /home/airflow/.local/lib/python3.8/site-packages/airflow/example_dags/example_bash_operator.py took 0.071 seconds
[2023-10-17T07:54:07.075+0000] {processor.py:157} INFO - Started process (PID=49) to work on /home/airflow/.local/lib/python3.8/site-packages/airflow/example_dags/example_bash_operator.py
[2023-10-17T07:54:07.076+0000] {processor.py:829} INFO - Processing file /home/airflow/.local/lib/python3.8/site-packages/airflow/example_dags/example_bash_operator.py for tasks to queue
[2023-10-17T07:54:07.078+0000] {logging_mixin.py:151} INFO - [2023-10-17T07:54:07.078+0000] {dagbag.py:536} INFO - Filling up the DagBag from /home/airflow/.local/lib/python3.8/site-packages/airflow/example_dags/example_bash_operator.py
[2023-10-17T07:54:07.090+0000] {processor.py:839} INFO - DAG(s) dict_keys(['example_bash_operator']) retrieved from /home/airflow/.local/lib/python3.8/site-packages/airflow/example_dags/example_bash_operator.py
[2023-10-17T07:54:07.101+0000] {logging_mixin.py:151} INFO - [2023-10-17T07:54:07.100+0000] {dag.py:2941} INFO - Sync 1 DAGs
[2023-10-17T07:54:07.129+0000] {logging_mixin.py:151} INFO - [2023-10-17T07:54:07.129+0000] {dag.py:3722} INFO - Setting next_dagrun for example_bash_operator to 2023-10-16T00:00:00+00:00, run_after=2023-10-17T00:00:00+00:00
[2023-10-17T07:54:07.151+0000] {processor.py:179} INFO - Processing /home/airflow/.local/lib/python3.8/site-packages/airflow/example_dags/example_bash_operator.py took 0.079 seconds
[2023-10-17T07:54:37.917+0000] {processor.py:157} INFO - Started process (PID=103) to work on /home/airflow/.local/lib/python3.8/site-packages/airflow/example_dags/example_bash_operator.py
[2023-10-17T07:54:37.918+0000] {processor.py:829} INFO - Processing file /home/airflow/.local/lib/python3.8/site-packages/airflow/example_dags/example_bash_operator.py for tasks to queue
[2023-10-17T07:54:37.919+0000] {logging_mixin.py:151} INFO - [2023-10-17T07:54:37.919+0000] {dagbag.py:536} INFO - Filling up the DagBag from /home/airflow/.local/lib/python3.8/site-packages/airflow/example_dags/example_bash_operator.py
[2023-10-17T07:54:37.927+0000] {processor.py:839} INFO - DAG(s) dict_keys(['example_bash_operator']) retrieved from /home/airflow/.local/lib/python3.8/site-packages/airflow/example_dags/example_bash_operator.py
[2023-10-17T07:54:37.950+0000] {logging_mixin.py:151} INFO - [2023-10-17T07:54:37.950+0000] {dag.py:2941} INFO - Sync 1 DAGs
[2023-10-17T07:54:37.965+0000] {logging_mixin.py:151} INFO - [2023-10-17T07:54:37.965+0000] {dag.py:3722} INFO - Setting next_dagrun for example_bash_operator to 2023-10-16T00:00:00+00:00, run_after=2023-10-17T00:00:00+00:00
[2023-10-17T07:54:37.977+0000] {processor.py:179} INFO - Processing /home/airflow/.local/lib/python3.8/site-packages/airflow/example_dags/example_bash_operator.py took 0.062 seconds
[2023-10-17T07:55:08.153+0000] {processor.py:157} INFO - Started process (PID=157) to work on /home/airflow/.local/lib/python3.8/site-packages/airflow/example_dags/example_bash_operator.py
[2023-10-17T07:55:08.153+0000] {processor.py:829} INFO - Processing file /home/airflow/.local/lib/python3.8/site-packages/airflow/example_dags/example_bash_operator.py for tasks to queue
[2023-10-17T07:55:08.154+0000] {logging_mixin.py:151} INFO - [2023-10-17T07:55:08.154+0000] {dagbag.py:536} INFO - Filling up the DagBag from /home/airflow/.local/lib/python3.8/site-packages/airflow/example_dags/example_bash_operator.py
[2023-10-17T07:55:08.161+0000] {processor.py:839} INFO - DAG(s) dict_keys(['example_bash_operator']) retrieved from /home/airflow/.local/lib/python3.8/site-packages/airflow/example_dags/example_bash_operator.py
[2023-10-17T07:55:08.180+0000] {logging_mixin.py:151} INFO - [2023-10-17T07:55:08.180+0000] {dag.py:2941} INFO - Sync 1 DAGs
[2023-10-17T07:55:08.197+0000] {logging_mixin.py:151} INFO - [2023-10-17T07:55:08.197+0000] {dag.py:3722} INFO - Setting next_dagrun for example_bash_operator to 2023-10-16T00:00:00+00:00, run_after=2023-10-17T00:00:00+00:00
[2023-10-17T07:55:08.210+0000] {processor.py:179} INFO - Processing /home/airflow/.local/lib/python3.8/site-packages/airflow/example_dags/example_bash_operator.py took 0.059 seconds
[2023-10-17T07:55:38.233+0000] {processor.py:157} INFO - Started process (PID=211) to work on /home/airflow/.local/lib/python3.8/site-packages/airflow/example_dags/example_bash_operator.py
[2023-10-17T07:55:38.234+0000] {processor.py:829} INFO - Processing file /home/airflow/.local/lib/python3.8/site-packages/airflow/example_dags/example_bash_operator.py for tasks to queue
[2023-10-17T07:55:38.235+0000] {logging_mixin.py:151} INFO - [2023-10-17T07:55:38.235+0000] {dagbag.py:536} INFO - Filling up the DagBag from /home/airflow/.local/lib/python3.8/site-packages/airflow/example_dags/example_bash_operator.py
[2023-10-17T07:55:38.242+0000] {processor.py:839} INFO - DAG(s) dict_keys(['example_bash_operator']) retrieved from /home/airflow/.local/lib/python3.8/site-packages/airflow/example_dags/example_bash_operator.py
[2023-10-17T07:55:38.261+0000] {logging_mixin.py:151} INFO - [2023-10-17T07:55:38.261+0000] {dag.py:2941} INFO - Sync 1 DAGs
[2023-10-17T07:55:38.278+0000] {logging_mixin.py:151} INFO - [2023-10-17T07:55:38.278+0000] {dag.py:3722} INFO - Setting next_dagrun for example_bash_operator to 2023-10-16T00:00:00+00:00, run_after=2023-10-17T00:00:00+00:00
[2023-10-17T07:55:38.290+0000] {processor.py:179} INFO - Processing /home/airflow/.local/lib/python3.8/site-packages/airflow/example_dags/example_bash_operator.py took 0.059 seconds
[2023-10-17T07:56:08.430+0000] {processor.py:157} INFO - Started process (PID=265) to work on /home/airflow/.local/lib/python3.8/site-packages/airflow/example_dags/example_bash_operator.py
[2023-10-17T07:56:08.430+0000] {processor.py:829} INFO - Processing file /home/airflow/.local/lib/python3.8/site-packages/airflow/example_dags/example_bash_operator.py for tasks to queue
[2023-10-17T07:56:08.432+0000] {logging_mixin.py:151} INFO - [2023-10-17T07:56:08.431+0000] {dagbag.py:536} INFO - Filling up the DagBag from /home/airflow/.local/lib/python3.8/site-packages/airflow/example_dags/example_bash_operator.py
[2023-10-17T07:56:08.439+0000] {processor.py:839} INFO - DAG(s) dict_keys(['example_bash_operator']) retrieved from /home/airflow/.local/lib/python3.8/site-packages/airflow/example_dags/example_bash_operator.py
[2023-10-17T07:56:08.458+0000] {logging_mixin.py:151} INFO - [2023-10-17T07:56:08.458+0000] {dag.py:2941} INFO - Sync 1 DAGs
[2023-10-17T07:56:08.475+0000] {logging_mixin.py:151} INFO - [2023-10-17T07:56:08.475+0000] {dag.py:3722} INFO - Setting next_dagrun for example_bash_operator to 2023-10-16T00:00:00+00:00, run_after=2023-10-17T00:00:00+00:00
[2023-10-17T07:56:08.489+0000] {processor.py:179} INFO - Processing /home/airflow/.local/lib/python3.8/site-packages/airflow/example_dags/example_bash_operator.py took 0.061 seconds
[2023-10-17T07:56:38.748+0000] {processor.py:157} INFO - Started process (PID=319) to work on /home/airflow/.local/lib/python3.8/site-packages/airflow/example_dags/example_bash_operator.py
[2023-10-17T07:56:38.749+0000] {processor.py:829} INFO - Processing file /home/airflow/.local/lib/python3.8/site-packages/airflow/example_dags/example_bash_operator.py for tasks to queue
[2023-10-17T07:56:38.750+0000] {logging_mixin.py:151} INFO - [2023-10-17T07:56:38.750+0000] {dagbag.py:536} INFO - Filling up the DagBag from /home/airflow/.local/lib/python3.8/site-packages/airflow/example_dags/example_bash_operator.py
[2023-10-17T07:56:38.757+0000] {processor.py:839} INFO - DAG(s) dict_keys(['example_bash_operator']) retrieved from /home/airflow/.local/lib/python3.8/site-packages/airflow/example_dags/example_bash_operator.py
[2023-10-17T07:56:38.776+0000] {logging_mixin.py:151} INFO - [2023-10-17T07:56:38.776+0000] {dag.py:2941} INFO - Sync 1 DAGs
[2023-10-17T07:56:38.793+0000] {logging_mixin.py:151} INFO - [2023-10-17T07:56:38.793+0000] {dag.py:3722} INFO - Setting next_dagrun for example_bash_operator to 2023-10-16T00:00:00+00:00, run_after=2023-10-17T00:00:00+00:00
[2023-10-17T07:56:38.806+0000] {processor.py:179} INFO - Processing /home/airflow/.local/lib/python3.8/site-packages/airflow/example_dags/example_bash_operator.py took 0.060 seconds
[2023-10-17T07:57:09.618+0000] {processor.py:157} INFO - Started process (PID=373) to work on /home/airflow/.local/lib/python3.8/site-packages/airflow/example_dags/example_bash_operator.py
[2023-10-17T07:57:09.618+0000] {processor.py:829} INFO - Processing file /home/airflow/.local/lib/python3.8/site-packages/airflow/example_dags/example_bash_operator.py for tasks to queue
[2023-10-17T07:57:09.620+0000] {logging_mixin.py:151} INFO - [2023-10-17T07:57:09.620+0000] {dagbag.py:536} INFO - Filling up the DagBag from /home/airflow/.local/lib/python3.8/site-packages/airflow/example_dags/example_bash_operator.py
[2023-10-17T07:57:09.627+0000] {processor.py:839} INFO - DAG(s) dict_keys(['example_bash_operator']) retrieved from /home/airflow/.local/lib/python3.8/site-packages/airflow/example_dags/example_bash_operator.py
[2023-10-17T07:57:09.646+0000] {logging_mixin.py:151} INFO - [2023-10-17T07:57:09.646+0000] {dag.py:2941} INFO - Sync 1 DAGs
[2023-10-17T07:57:09.664+0000] {logging_mixin.py:151} INFO - [2023-10-17T07:57:09.664+0000] {dag.py:3722} INFO - Setting next_dagrun for example_bash_operator to 2023-10-16T00:00:00+00:00, run_after=2023-10-17T00:00:00+00:00
[2023-10-17T07:57:09.677+0000] {processor.py:179} INFO - Processing /home/airflow/.local/lib/python3.8/site-packages/airflow/example_dags/example_bash_operator.py took 0.061 seconds
[2023-10-17T07:57:40.508+0000] {processor.py:157} INFO - Started process (PID=427) to work on /home/airflow/.local/lib/python3.8/site-packages/airflow/example_dags/example_bash_operator.py
[2023-10-17T07:57:40.509+0000] {processor.py:829} INFO - Processing file /home/airflow/.local/lib/python3.8/site-packages/airflow/example_dags/example_bash_operator.py for tasks to queue
[2023-10-17T07:57:40.510+0000] {logging_mixin.py:151} INFO - [2023-10-17T07:57:40.510+0000] {dagbag.py:536} INFO - Filling up the DagBag from /home/airflow/.local/lib/python3.8/site-packages/airflow/example_dags/example_bash_operator.py
[2023-10-17T07:57:40.517+0000] {processor.py:839} INFO - DAG(s) dict_keys(['example_bash_operator']) retrieved from /home/airflow/.local/lib/python3.8/site-packages/airflow/example_dags/example_bash_operator.py
[2023-10-17T07:57:40.538+0000] {logging_mixin.py:151} INFO - [2023-10-17T07:57:40.538+0000] {dag.py:2941} INFO - Sync 1 DAGs
[2023-10-17T07:57:40.556+0000] {logging_mixin.py:151} INFO - [2023-10-17T07:57:40.556+0000] {dag.py:3722} INFO - Setting next_dagrun for example_bash_operator to 2023-10-16T00:00:00+00:00, run_after=2023-10-17T00:00:00+00:00
[2023-10-17T07:57:40.570+0000] {processor.py:179} INFO - Processing /home/airflow/.local/lib/python3.8/site-packages/airflow/example_dags/example_bash_operator.py took 0.064 seconds
[2023-10-17T07:58:10.750+0000] {processor.py:157} INFO - Started process (PID=481) to work on /home/airflow/.local/lib/python3.8/site-packages/airflow/example_dags/example_bash_operator.py
[2023-10-17T07:58:10.750+0000] {processor.py:829} INFO - Processing file /home/airflow/.local/lib/python3.8/site-packages/airflow/example_dags/example_bash_operator.py for tasks to queue
[2023-10-17T07:58:10.751+0000] {logging_mixin.py:151} INFO - [2023-10-17T07:58:10.751+0000] {dagbag.py:536} INFO - Filling up the DagBag from /home/airflow/.local/lib/python3.8/site-packages/airflow/example_dags/example_bash_operator.py
[2023-10-17T07:58:10.760+0000] {processor.py:839} INFO - DAG(s) dict_keys(['example_bash_operator']) retrieved from /home/airflow/.local/lib/python3.8/site-packages/airflow/example_dags/example_bash_operator.py
[2023-10-17T07:58:10.786+0000] {logging_mixin.py:151} INFO - [2023-10-17T07:58:10.785+0000] {dag.py:2941} INFO - Sync 1 DAGs
[2023-10-17T07:58:10.805+0000] {logging_mixin.py:151} INFO - [2023-10-17T07:58:10.805+0000] {dag.py:3722} INFO - Setting next_dagrun for example_bash_operator to 2023-10-16T00:00:00+00:00, run_after=2023-10-17T00:00:00+00:00
[2023-10-17T07:58:10.823+0000] {processor.py:179} INFO - Processing /home/airflow/.local/lib/python3.8/site-packages/airflow/example_dags/example_bash_operator.py took 0.075 seconds
[2023-10-17T07:58:41.003+0000] {processor.py:157} INFO - Started process (PID=535) to work on /home/airflow/.local/lib/python3.8/site-packages/airflow/example_dags/example_bash_operator.py
[2023-10-17T07:58:41.003+0000] {processor.py:829} INFO - Processing file /home/airflow/.local/lib/python3.8/site-packages/airflow/example_dags/example_bash_operator.py for tasks to queue
[2023-10-17T07:58:41.005+0000] {logging_mixin.py:151} INFO - [2023-10-17T07:58:41.004+0000] {dagbag.py:536} INFO - Filling up the DagBag from /home/airflow/.local/lib/python3.8/site-packages/airflow/example_dags/example_bash_operator.py
[2023-10-17T07:58:41.012+0000] {processor.py:839} INFO - DAG(s) dict_keys(['example_bash_operator']) retrieved from /home/airflow/.local/lib/python3.8/site-packages/airflow/example_dags/example_bash_operator.py
[2023-10-17T07:58:41.032+0000] {logging_mixin.py:151} INFO - [2023-10-17T07:58:41.031+0000] {dag.py:2941} INFO - Sync 1 DAGs
[2023-10-17T07:58:41.048+0000] {logging_mixin.py:151} INFO - [2023-10-17T07:58:41.047+0000] {dag.py:3722} INFO - Setting next_dagrun for example_bash_operator to 2023-10-16T00:00:00+00:00, run_after=2023-10-17T00:00:00+00:00
[2023-10-17T07:58:41.063+0000] {processor.py:179} INFO - Processing /home/airflow/.local/lib/python3.8/site-packages/airflow/example_dags/example_bash_operator.py took 0.062 seconds
[2023-10-17T07:59:11.239+0000] {processor.py:157} INFO - Started process (PID=589) to work on /home/airflow/.local/lib/python3.8/site-packages/airflow/example_dags/example_bash_operator.py
[2023-10-17T07:59:11.240+0000] {processor.py:829} INFO - Processing file /home/airflow/.local/lib/python3.8/site-packages/airflow/example_dags/example_bash_operator.py for tasks to queue
[2023-10-17T07:59:11.242+0000] {logging_mixin.py:151} INFO - [2023-10-17T07:59:11.241+0000] {dagbag.py:536} INFO - Filling up the DagBag from /home/airflow/.local/lib/python3.8/site-packages/airflow/example_dags/example_bash_operator.py
[2023-10-17T07:59:11.250+0000] {processor.py:839} INFO - DAG(s) dict_keys(['example_bash_operator']) retrieved from /home/airflow/.local/lib/python3.8/site-packages/airflow/example_dags/example_bash_operator.py
[2023-10-17T07:59:11.269+0000] {logging_mixin.py:151} INFO - [2023-10-17T07:59:11.269+0000] {dag.py:2941} INFO - Sync 1 DAGs
[2023-10-17T07:59:11.286+0000] {logging_mixin.py:151} INFO - [2023-10-17T07:59:11.286+0000] {dag.py:3722} INFO - Setting next_dagrun for example_bash_operator to 2023-10-16T00:00:00+00:00, run_after=2023-10-17T00:00:00+00:00
[2023-10-17T07:59:11.298+0000] {processor.py:179} INFO - Processing /home/airflow/.local/lib/python3.8/site-packages/airflow/example_dags/example_bash_operator.py took 0.061 seconds
[2023-10-17T07:59:41.426+0000] {processor.py:157} INFO - Started process (PID=643) to work on /home/airflow/.local/lib/python3.8/site-packages/airflow/example_dags/example_bash_operator.py
[2023-10-17T07:59:41.427+0000] {processor.py:829} INFO - Processing file /home/airflow/.local/lib/python3.8/site-packages/airflow/example_dags/example_bash_operator.py for tasks to queue
[2023-10-17T07:59:41.428+0000] {logging_mixin.py:151} INFO - [2023-10-17T07:59:41.428+0000] {dagbag.py:536} INFO - Filling up the DagBag from /home/airflow/.local/lib/python3.8/site-packages/airflow/example_dags/example_bash_operator.py
[2023-10-17T07:59:41.435+0000] {processor.py:839} INFO - DAG(s) dict_keys(['example_bash_operator']) retrieved from /home/airflow/.local/lib/python3.8/site-packages/airflow/example_dags/example_bash_operator.py
[2023-10-17T07:59:41.455+0000] {logging_mixin.py:151} INFO - [2023-10-17T07:59:41.455+0000] {dag.py:2941} INFO - Sync 1 DAGs
[2023-10-17T07:59:41.471+0000] {logging_mixin.py:151} INFO - [2023-10-17T07:59:41.471+0000] {dag.py:3722} INFO - Setting next_dagrun for example_bash_operator to 2023-10-16T00:00:00+00:00, run_after=2023-10-17T00:00:00+00:00
[2023-10-17T07:59:41.484+0000] {processor.py:179} INFO - Processing /home/airflow/.local/lib/python3.8/site-packages/airflow/example_dags/example_bash_operator.py took 0.060 seconds
[2023-10-17T08:00:12.377+0000] {processor.py:157} INFO - Started process (PID=697) to work on /home/airflow/.local/lib/python3.8/site-packages/airflow/example_dags/example_bash_operator.py
[2023-10-17T08:00:12.378+0000] {processor.py:829} INFO - Processing file /home/airflow/.local/lib/python3.8/site-packages/airflow/example_dags/example_bash_operator.py for tasks to queue
[2023-10-17T08:00:12.380+0000] {logging_mixin.py:151} INFO - [2023-10-17T08:00:12.380+0000] {dagbag.py:536} INFO - Filling up the DagBag from /home/airflow/.local/lib/python3.8/site-packages/airflow/example_dags/example_bash_operator.py
[2023-10-17T08:00:12.389+0000] {processor.py:839} INFO - DAG(s) dict_keys(['example_bash_operator']) retrieved from /home/airflow/.local/lib/python3.8/site-packages/airflow/example_dags/example_bash_operator.py
[2023-10-17T08:00:12.413+0000] {logging_mixin.py:151} INFO - [2023-10-17T08:00:12.413+0000] {dag.py:2941} INFO - Sync 1 DAGs
[2023-10-17T08:00:12.431+0000] {logging_mixin.py:151} INFO - [2023-10-17T08:00:12.431+0000] {dag.py:3722} INFO - Setting next_dagrun for example_bash_operator to 2023-10-16T00:00:00+00:00, run_after=2023-10-17T00:00:00+00:00
[2023-10-17T08:00:12.445+0000] {processor.py:179} INFO - Processing /home/airflow/.local/lib/python3.8/site-packages/airflow/example_dags/example_bash_operator.py took 0.071 seconds
[2023-10-17T08:00:42.628+0000] {processor.py:157} INFO - Started process (PID=751) to work on /home/airflow/.local/lib/python3.8/site-packages/airflow/example_dags/example_bash_operator.py
[2023-10-17T08:00:42.629+0000] {processor.py:829} INFO - Processing file /home/airflow/.local/lib/python3.8/site-packages/airflow/example_dags/example_bash_operator.py for tasks to queue
[2023-10-17T08:00:42.630+0000] {logging_mixin.py:151} INFO - [2023-10-17T08:00:42.630+0000] {dagbag.py:536} INFO - Filling up the DagBag from /home/airflow/.local/lib/python3.8/site-packages/airflow/example_dags/example_bash_operator.py
[2023-10-17T08:00:42.638+0000] {processor.py:839} INFO - DAG(s) dict_keys(['example_bash_operator']) retrieved from /home/airflow/.local/lib/python3.8/site-packages/airflow/example_dags/example_bash_operator.py
[2023-10-17T08:00:42.660+0000] {logging_mixin.py:151} INFO - [2023-10-17T08:00:42.660+0000] {dag.py:2941} INFO - Sync 1 DAGs
[2023-10-17T08:00:42.678+0000] {logging_mixin.py:151} INFO - [2023-10-17T08:00:42.678+0000] {dag.py:3722} INFO - Setting next_dagrun for example_bash_operator to 2023-10-16T00:00:00+00:00, run_after=2023-10-17T00:00:00+00:00
[2023-10-17T08:00:42.692+0000] {processor.py:179} INFO - Processing /home/airflow/.local/lib/python3.8/site-packages/airflow/example_dags/example_bash_operator.py took 0.066 seconds
[2023-10-17T08:01:12.856+0000] {processor.py:157} INFO - Started process (PID=805) to work on /home/airflow/.local/lib/python3.8/site-packages/airflow/example_dags/example_bash_operator.py
[2023-10-17T08:01:12.857+0000] {processor.py:829} INFO - Processing file /home/airflow/.local/lib/python3.8/site-packages/airflow/example_dags/example_bash_operator.py for tasks to queue
[2023-10-17T08:01:12.859+0000] {logging_mixin.py:151} INFO - [2023-10-17T08:01:12.859+0000] {dagbag.py:536} INFO - Filling up the DagBag from /home/airflow/.local/lib/python3.8/site-packages/airflow/example_dags/example_bash_operator.py
[2023-10-17T08:01:12.869+0000] {processor.py:839} INFO - DAG(s) dict_keys(['example_bash_operator']) retrieved from /home/airflow/.local/lib/python3.8/site-packages/airflow/example_dags/example_bash_operator.py
[2023-10-17T08:01:12.897+0000] {logging_mixin.py:151} INFO - [2023-10-17T08:01:12.896+0000] {dag.py:2941} INFO - Sync 1 DAGs
[2023-10-17T08:01:12.918+0000] {logging_mixin.py:151} INFO - [2023-10-17T08:01:12.918+0000] {dag.py:3722} INFO - Setting next_dagrun for example_bash_operator to 2023-10-16T00:00:00+00:00, run_after=2023-10-17T00:00:00+00:00
[2023-10-17T08:01:12.932+0000] {processor.py:179} INFO - Processing /home/airflow/.local/lib/python3.8/site-packages/airflow/example_dags/example_bash_operator.py took 0.078 seconds
[2023-10-17T08:01:42.960+0000] {processor.py:157} INFO - Started process (PID=859) to work on /home/airflow/.local/lib/python3.8/site-packages/airflow/example_dags/example_bash_operator.py
[2023-10-17T08:01:42.961+0000] {processor.py:829} INFO - Processing file /home/airflow/.local/lib/python3.8/site-packages/airflow/example_dags/example_bash_operator.py for tasks to queue
[2023-10-17T08:01:42.962+0000] {logging_mixin.py:151} INFO - [2023-10-17T08:01:42.962+0000] {dagbag.py:536} INFO - Filling up the DagBag from /home/airflow/.local/lib/python3.8/site-packages/airflow/example_dags/example_bash_operator.py
[2023-10-17T08:01:42.970+0000] {processor.py:839} INFO - DAG(s) dict_keys(['example_bash_operator']) retrieved from /home/airflow/.local/lib/python3.8/site-packages/airflow/example_dags/example_bash_operator.py
[2023-10-17T08:01:42.991+0000] {logging_mixin.py:151} INFO - [2023-10-17T08:01:42.991+0000] {dag.py:2941} INFO - Sync 1 DAGs
[2023-10-17T08:01:43.009+0000] {logging_mixin.py:151} INFO - [2023-10-17T08:01:43.009+0000] {dag.py:3722} INFO - Setting next_dagrun for example_bash_operator to 2023-10-16T00:00:00+00:00, run_after=2023-10-17T00:00:00+00:00
[2023-10-17T08:01:43.022+0000] {processor.py:179} INFO - Processing /home/airflow/.local/lib/python3.8/site-packages/airflow/example_dags/example_bash_operator.py took 0.065 seconds
[2023-10-17T08:02:13.945+0000] {processor.py:157} INFO - Started process (PID=913) to work on /home/airflow/.local/lib/python3.8/site-packages/airflow/example_dags/example_bash_operator.py
[2023-10-17T08:02:13.945+0000] {processor.py:829} INFO - Processing file /home/airflow/.local/lib/python3.8/site-packages/airflow/example_dags/example_bash_operator.py for tasks to queue
[2023-10-17T08:02:13.947+0000] {logging_mixin.py:151} INFO - [2023-10-17T08:02:13.947+0000] {dagbag.py:536} INFO - Filling up the DagBag from /home/airflow/.local/lib/python3.8/site-packages/airflow/example_dags/example_bash_operator.py
[2023-10-17T08:02:13.954+0000] {processor.py:839} INFO - DAG(s) dict_keys(['example_bash_operator']) retrieved from /home/airflow/.local/lib/python3.8/site-packages/airflow/example_dags/example_bash_operator.py
[2023-10-17T08:02:13.975+0000] {logging_mixin.py:151} INFO - [2023-10-17T08:02:13.975+0000] {dag.py:2941} INFO - Sync 1 DAGs
[2023-10-17T08:02:13.992+0000] {logging_mixin.py:151} INFO - [2023-10-17T08:02:13.992+0000] {dag.py:3722} INFO - Setting next_dagrun for example_bash_operator to 2023-10-16T00:00:00+00:00, run_after=2023-10-17T00:00:00+00:00
[2023-10-17T08:02:14.004+0000] {processor.py:179} INFO - Processing /home/airflow/.local/lib/python3.8/site-packages/airflow/example_dags/example_bash_operator.py took 0.062 seconds
[2023-10-17T08:02:44.383+0000] {processor.py:157} INFO - Started process (PID=967) to work on /home/airflow/.local/lib/python3.8/site-packages/airflow/example_dags/example_bash_operator.py
[2023-10-17T08:02:44.384+0000] {processor.py:829} INFO - Processing file /home/airflow/.local/lib/python3.8/site-packages/airflow/example_dags/example_bash_operator.py for tasks to queue
[2023-10-17T08:02:44.385+0000] {logging_mixin.py:151} INFO - [2023-10-17T08:02:44.385+0000] {dagbag.py:536} INFO - Filling up the DagBag from /home/airflow/.local/lib/python3.8/site-packages/airflow/example_dags/example_bash_operator.py
[2023-10-17T08:02:44.392+0000] {processor.py:839} INFO - DAG(s) dict_keys(['example_bash_operator']) retrieved from /home/airflow/.local/lib/python3.8/site-packages/airflow/example_dags/example_bash_operator.py
[2023-10-17T08:02:44.412+0000] {logging_mixin.py:151} INFO - [2023-10-17T08:02:44.412+0000] {dag.py:2941} INFO - Sync 1 DAGs
[2023-10-17T08:02:44.429+0000] {logging_mixin.py:151} INFO - [2023-10-17T08:02:44.429+0000] {dag.py:3722} INFO - Setting next_dagrun for example_bash_operator to 2023-10-16T00:00:00+00:00, run_after=2023-10-17T00:00:00+00:00
[2023-10-17T08:02:44.442+0000] {processor.py:179} INFO - Processing /home/airflow/.local/lib/python3.8/site-packages/airflow/example_dags/example_bash_operator.py took 0.061 seconds
[2023-10-17T08:03:15.341+0000] {processor.py:157} INFO - Started process (PID=1021) to work on /home/airflow/.local/lib/python3.8/site-packages/airflow/example_dags/example_bash_operator.py
[2023-10-17T08:03:15.342+0000] {processor.py:829} INFO - Processing file /home/airflow/.local/lib/python3.8/site-packages/airflow/example_dags/example_bash_operator.py for tasks to queue
[2023-10-17T08:03:15.343+0000] {logging_mixin.py:151} INFO - [2023-10-17T08:03:15.343+0000] {dagbag.py:536} INFO - Filling up the DagBag from /home/airflow/.local/lib/python3.8/site-packages/airflow/example_dags/example_bash_operator.py
[2023-10-17T08:03:15.349+0000] {processor.py:839} INFO - DAG(s) dict_keys(['example_bash_operator']) retrieved from /home/airflow/.local/lib/python3.8/site-packages/airflow/example_dags/example_bash_operator.py
[2023-10-17T08:03:15.369+0000] {logging_mixin.py:151} INFO - [2023-10-17T08:03:15.369+0000] {dag.py:2941} INFO - Sync 1 DAGs
[2023-10-17T08:03:15.386+0000] {logging_mixin.py:151} INFO - [2023-10-17T08:03:15.386+0000] {dag.py:3722} INFO - Setting next_dagrun for example_bash_operator to 2023-10-16T00:00:00+00:00, run_after=2023-10-17T00:00:00+00:00
[2023-10-17T08:03:15.506+0000] {processor.py:179} INFO - Processing /home/airflow/.local/lib/python3.8/site-packages/airflow/example_dags/example_bash_operator.py took 0.167 seconds
[2023-10-17T08:03:46.119+0000] {processor.py:157} INFO - Started process (PID=1075) to work on /home/airflow/.local/lib/python3.8/site-packages/airflow/example_dags/example_bash_operator.py
[2023-10-17T08:03:46.120+0000] {processor.py:829} INFO - Processing file /home/airflow/.local/lib/python3.8/site-packages/airflow/example_dags/example_bash_operator.py for tasks to queue
[2023-10-17T08:03:46.121+0000] {logging_mixin.py:151} INFO - [2023-10-17T08:03:46.121+0000] {dagbag.py:536} INFO - Filling up the DagBag from /home/airflow/.local/lib/python3.8/site-packages/airflow/example_dags/example_bash_operator.py
[2023-10-17T08:03:46.128+0000] {processor.py:839} INFO - DAG(s) dict_keys(['example_bash_operator']) retrieved from /home/airflow/.local/lib/python3.8/site-packages/airflow/example_dags/example_bash_operator.py
[2023-10-17T08:03:46.149+0000] {logging_mixin.py:151} INFO - [2023-10-17T08:03:46.148+0000] {dag.py:2941} INFO - Sync 1 DAGs
[2023-10-17T08:03:46.166+0000] {logging_mixin.py:151} INFO - [2023-10-17T08:03:46.166+0000] {dag.py:3722} INFO - Setting next_dagrun for example_bash_operator to 2023-10-16T00:00:00+00:00, run_after=2023-10-17T00:00:00+00:00
[2023-10-17T08:03:46.178+0000] {processor.py:179} INFO - Processing /home/airflow/.local/lib/python3.8/site-packages/airflow/example_dags/example_bash_operator.py took 0.061 seconds
[2023-10-17T08:04:16.326+0000] {processor.py:157} INFO - Started process (PID=1129) to work on /home/airflow/.local/lib/python3.8/site-packages/airflow/example_dags/example_bash_operator.py
[2023-10-17T08:04:16.327+0000] {processor.py:829} INFO - Processing file /home/airflow/.local/lib/python3.8/site-packages/airflow/example_dags/example_bash_operator.py for tasks to queue
[2023-10-17T08:04:16.329+0000] {logging_mixin.py:151} INFO - [2023-10-17T08:04:16.329+0000] {dagbag.py:536} INFO - Filling up the DagBag from /home/airflow/.local/lib/python3.8/site-packages/airflow/example_dags/example_bash_operator.py
[2023-10-17T08:04:16.339+0000] {processor.py:839} INFO - DAG(s) dict_keys(['example_bash_operator']) retrieved from /home/airflow/.local/lib/python3.8/site-packages/airflow/example_dags/example_bash_operator.py
[2023-10-17T08:04:16.365+0000] {logging_mixin.py:151} INFO - [2023-10-17T08:04:16.365+0000] {dag.py:2941} INFO - Sync 1 DAGs
[2023-10-17T08:04:16.383+0000] {logging_mixin.py:151} INFO - [2023-10-17T08:04:16.382+0000] {dag.py:3722} INFO - Setting next_dagrun for example_bash_operator to 2023-10-16T00:00:00+00:00, run_after=2023-10-17T00:00:00+00:00
[2023-10-17T08:04:16.395+0000] {processor.py:179} INFO - Processing /home/airflow/.local/lib/python3.8/site-packages/airflow/example_dags/example_bash_operator.py took 0.071 seconds
