[2023-10-17T07:39:52.535+0000] {processor.py:157} INFO - Started process (PID=134) to work on /home/airflow/.local/lib/python3.8/site-packages/airflow/example_dags/example_setup_teardown.py
[2023-10-17T07:39:52.535+0000] {processor.py:829} INFO - Processing file /home/airflow/.local/lib/python3.8/site-packages/airflow/example_dags/example_setup_teardown.py for tasks to queue
[2023-10-17T07:39:52.536+0000] {logging_mixin.py:151} INFO - [2023-10-17T07:39:52.536+0000] {dagbag.py:536} INFO - Filling up the DagBag from /home/airflow/.local/lib/python3.8/site-packages/airflow/example_dags/example_setup_teardown.py
[2023-10-17T07:39:52.543+0000] {processor.py:839} INFO - DAG(s) dict_keys(['example_setup_teardown']) retrieved from /home/airflow/.local/lib/python3.8/site-packages/airflow/example_dags/example_setup_teardown.py
[2023-10-17T07:39:52.559+0000] {logging_mixin.py:151} INFO - [2023-10-17T07:39:52.558+0000] {dag.py:2941} INFO - Sync 1 DAGs
[2023-10-17T07:39:52.575+0000] {logging_mixin.py:151} INFO - [2023-10-17T07:39:52.575+0000] {dag.py:3722} INFO - Setting next_dagrun for example_setup_teardown to 2023-10-16T07:39:52.575011+00:00, run_after=2023-10-17T07:39:52.575011+00:00
[2023-10-17T07:39:52.588+0000] {processor.py:179} INFO - Processing /home/airflow/.local/lib/python3.8/site-packages/airflow/example_dags/example_setup_teardown.py took 0.055 seconds
[2023-10-17T07:40:22.631+0000] {processor.py:157} INFO - Started process (PID=188) to work on /home/airflow/.local/lib/python3.8/site-packages/airflow/example_dags/example_setup_teardown.py
[2023-10-17T07:40:22.632+0000] {processor.py:829} INFO - Processing file /home/airflow/.local/lib/python3.8/site-packages/airflow/example_dags/example_setup_teardown.py for tasks to queue
[2023-10-17T07:40:22.633+0000] {logging_mixin.py:151} INFO - [2023-10-17T07:40:22.633+0000] {dagbag.py:536} INFO - Filling up the DagBag from /home/airflow/.local/lib/python3.8/site-packages/airflow/example_dags/example_setup_teardown.py
[2023-10-17T07:40:22.637+0000] {processor.py:839} INFO - DAG(s) dict_keys(['example_setup_teardown']) retrieved from /home/airflow/.local/lib/python3.8/site-packages/airflow/example_dags/example_setup_teardown.py
[2023-10-17T07:40:22.651+0000] {logging_mixin.py:151} INFO - [2023-10-17T07:40:22.651+0000] {dag.py:2941} INFO - Sync 1 DAGs
[2023-10-17T07:40:22.667+0000] {logging_mixin.py:151} INFO - [2023-10-17T07:40:22.667+0000] {dag.py:3722} INFO - Setting next_dagrun for example_setup_teardown to 2023-10-16T07:40:22.666919+00:00, run_after=2023-10-17T07:40:22.666919+00:00
[2023-10-17T07:40:22.680+0000] {processor.py:179} INFO - Processing /home/airflow/.local/lib/python3.8/site-packages/airflow/example_dags/example_setup_teardown.py took 0.051 seconds
[2023-10-17T07:44:11.848+0000] {processor.py:157} INFO - Started process (PID=44) to work on /home/airflow/.local/lib/python3.8/site-packages/airflow/example_dags/example_setup_teardown.py
[2023-10-17T07:44:11.849+0000] {processor.py:829} INFO - Processing file /home/airflow/.local/lib/python3.8/site-packages/airflow/example_dags/example_setup_teardown.py for tasks to queue
[2023-10-17T07:44:11.851+0000] {logging_mixin.py:151} INFO - [2023-10-17T07:44:11.850+0000] {dagbag.py:536} INFO - Filling up the DagBag from /home/airflow/.local/lib/python3.8/site-packages/airflow/example_dags/example_setup_teardown.py
[2023-10-17T07:44:11.859+0000] {processor.py:839} INFO - DAG(s) dict_keys(['example_setup_teardown']) retrieved from /home/airflow/.local/lib/python3.8/site-packages/airflow/example_dags/example_setup_teardown.py
[2023-10-17T07:44:11.871+0000] {logging_mixin.py:151} INFO - [2023-10-17T07:44:11.871+0000] {dag.py:2941} INFO - Sync 1 DAGs
[2023-10-17T07:44:11.900+0000] {logging_mixin.py:151} INFO - [2023-10-17T07:44:11.900+0000] {dag.py:3722} INFO - Setting next_dagrun for example_setup_teardown to 2023-10-16T07:44:11.900178+00:00, run_after=2023-10-17T07:44:11.900178+00:00
[2023-10-17T07:44:11.925+0000] {processor.py:179} INFO - Processing /home/airflow/.local/lib/python3.8/site-packages/airflow/example_dags/example_setup_teardown.py took 0.080 seconds
[2023-10-17T07:44:42.664+0000] {processor.py:157} INFO - Started process (PID=98) to work on /home/airflow/.local/lib/python3.8/site-packages/airflow/example_dags/example_setup_teardown.py
[2023-10-17T07:44:42.664+0000] {processor.py:829} INFO - Processing file /home/airflow/.local/lib/python3.8/site-packages/airflow/example_dags/example_setup_teardown.py for tasks to queue
[2023-10-17T07:44:42.666+0000] {logging_mixin.py:151} INFO - [2023-10-17T07:44:42.665+0000] {dagbag.py:536} INFO - Filling up the DagBag from /home/airflow/.local/lib/python3.8/site-packages/airflow/example_dags/example_setup_teardown.py
[2023-10-17T07:44:42.670+0000] {processor.py:839} INFO - DAG(s) dict_keys(['example_setup_teardown']) retrieved from /home/airflow/.local/lib/python3.8/site-packages/airflow/example_dags/example_setup_teardown.py
[2023-10-17T07:44:42.686+0000] {logging_mixin.py:151} INFO - [2023-10-17T07:44:42.686+0000] {dag.py:2941} INFO - Sync 1 DAGs
[2023-10-17T07:44:42.705+0000] {logging_mixin.py:151} INFO - [2023-10-17T07:44:42.704+0000] {dag.py:3722} INFO - Setting next_dagrun for example_setup_teardown to 2023-10-16T07:44:42.704311+00:00, run_after=2023-10-17T07:44:42.704311+00:00
[2023-10-17T07:44:42.721+0000] {processor.py:179} INFO - Processing /home/airflow/.local/lib/python3.8/site-packages/airflow/example_dags/example_setup_teardown.py took 0.059 seconds
[2023-10-17T07:45:13.025+0000] {processor.py:157} INFO - Started process (PID=153) to work on /home/airflow/.local/lib/python3.8/site-packages/airflow/example_dags/example_setup_teardown.py
[2023-10-17T07:45:13.026+0000] {processor.py:829} INFO - Processing file /home/airflow/.local/lib/python3.8/site-packages/airflow/example_dags/example_setup_teardown.py for tasks to queue
[2023-10-17T07:45:13.028+0000] {logging_mixin.py:151} INFO - [2023-10-17T07:45:13.028+0000] {dagbag.py:536} INFO - Filling up the DagBag from /home/airflow/.local/lib/python3.8/site-packages/airflow/example_dags/example_setup_teardown.py
[2023-10-17T07:45:13.033+0000] {processor.py:839} INFO - DAG(s) dict_keys(['example_setup_teardown']) retrieved from /home/airflow/.local/lib/python3.8/site-packages/airflow/example_dags/example_setup_teardown.py
[2023-10-17T07:45:13.049+0000] {logging_mixin.py:151} INFO - [2023-10-17T07:45:13.049+0000] {dag.py:2941} INFO - Sync 1 DAGs
[2023-10-17T07:45:13.067+0000] {logging_mixin.py:151} INFO - [2023-10-17T07:45:13.067+0000] {dag.py:3722} INFO - Setting next_dagrun for example_setup_teardown to 2023-10-16T07:45:13.067134+00:00, run_after=2023-10-17T07:45:13.067134+00:00
[2023-10-17T07:45:13.083+0000] {processor.py:179} INFO - Processing /home/airflow/.local/lib/python3.8/site-packages/airflow/example_dags/example_setup_teardown.py took 0.060 seconds
[2023-10-17T07:45:43.290+0000] {processor.py:157} INFO - Started process (PID=207) to work on /home/airflow/.local/lib/python3.8/site-packages/airflow/example_dags/example_setup_teardown.py
[2023-10-17T07:45:43.291+0000] {processor.py:829} INFO - Processing file /home/airflow/.local/lib/python3.8/site-packages/airflow/example_dags/example_setup_teardown.py for tasks to queue
[2023-10-17T07:45:43.292+0000] {logging_mixin.py:151} INFO - [2023-10-17T07:45:43.292+0000] {dagbag.py:536} INFO - Filling up the DagBag from /home/airflow/.local/lib/python3.8/site-packages/airflow/example_dags/example_setup_teardown.py
[2023-10-17T07:45:43.297+0000] {processor.py:839} INFO - DAG(s) dict_keys(['example_setup_teardown']) retrieved from /home/airflow/.local/lib/python3.8/site-packages/airflow/example_dags/example_setup_teardown.py
[2023-10-17T07:45:43.312+0000] {logging_mixin.py:151} INFO - [2023-10-17T07:45:43.311+0000] {dag.py:2941} INFO - Sync 1 DAGs
[2023-10-17T07:45:43.327+0000] {logging_mixin.py:151} INFO - [2023-10-17T07:45:43.327+0000] {dag.py:3722} INFO - Setting next_dagrun for example_setup_teardown to 2023-10-16T07:45:43.327526+00:00, run_after=2023-10-17T07:45:43.327526+00:00
[2023-10-17T07:45:43.343+0000] {processor.py:179} INFO - Processing /home/airflow/.local/lib/python3.8/site-packages/airflow/example_dags/example_setup_teardown.py took 0.054 seconds
[2023-10-17T07:46:13.451+0000] {processor.py:157} INFO - Started process (PID=261) to work on /home/airflow/.local/lib/python3.8/site-packages/airflow/example_dags/example_setup_teardown.py
[2023-10-17T07:46:13.452+0000] {processor.py:829} INFO - Processing file /home/airflow/.local/lib/python3.8/site-packages/airflow/example_dags/example_setup_teardown.py for tasks to queue
[2023-10-17T07:46:13.453+0000] {logging_mixin.py:151} INFO - [2023-10-17T07:46:13.453+0000] {dagbag.py:536} INFO - Filling up the DagBag from /home/airflow/.local/lib/python3.8/site-packages/airflow/example_dags/example_setup_teardown.py
[2023-10-17T07:46:13.458+0000] {processor.py:839} INFO - DAG(s) dict_keys(['example_setup_teardown']) retrieved from /home/airflow/.local/lib/python3.8/site-packages/airflow/example_dags/example_setup_teardown.py
[2023-10-17T07:46:13.471+0000] {logging_mixin.py:151} INFO - [2023-10-17T07:46:13.471+0000] {dag.py:2941} INFO - Sync 1 DAGs
[2023-10-17T07:46:13.490+0000] {logging_mixin.py:151} INFO - [2023-10-17T07:46:13.490+0000] {dag.py:3722} INFO - Setting next_dagrun for example_setup_teardown to 2023-10-16T07:46:13.490289+00:00, run_after=2023-10-17T07:46:13.490289+00:00
[2023-10-17T07:46:13.506+0000] {processor.py:179} INFO - Processing /home/airflow/.local/lib/python3.8/site-packages/airflow/example_dags/example_setup_teardown.py took 0.056 seconds
[2023-10-17T07:54:06.844+0000] {processor.py:157} INFO - Started process (PID=44) to work on /home/airflow/.local/lib/python3.8/site-packages/airflow/example_dags/example_setup_teardown.py
[2023-10-17T07:54:06.845+0000] {processor.py:829} INFO - Processing file /home/airflow/.local/lib/python3.8/site-packages/airflow/example_dags/example_setup_teardown.py for tasks to queue
[2023-10-17T07:54:06.846+0000] {logging_mixin.py:151} INFO - [2023-10-17T07:54:06.846+0000] {dagbag.py:536} INFO - Filling up the DagBag from /home/airflow/.local/lib/python3.8/site-packages/airflow/example_dags/example_setup_teardown.py
[2023-10-17T07:54:06.853+0000] {processor.py:839} INFO - DAG(s) dict_keys(['example_setup_teardown']) retrieved from /home/airflow/.local/lib/python3.8/site-packages/airflow/example_dags/example_setup_teardown.py
[2023-10-17T07:54:06.864+0000] {logging_mixin.py:151} INFO - [2023-10-17T07:54:06.864+0000] {dag.py:2941} INFO - Sync 1 DAGs
[2023-10-17T07:54:06.887+0000] {logging_mixin.py:151} INFO - [2023-10-17T07:54:06.887+0000] {dag.py:3722} INFO - Setting next_dagrun for example_setup_teardown to 2023-10-16T07:54:06.887422+00:00, run_after=2023-10-17T07:54:06.887422+00:00
[2023-10-17T07:54:06.903+0000] {processor.py:179} INFO - Processing /home/airflow/.local/lib/python3.8/site-packages/airflow/example_dags/example_setup_teardown.py took 0.061 seconds
[2023-10-17T07:54:37.768+0000] {processor.py:157} INFO - Started process (PID=98) to work on /home/airflow/.local/lib/python3.8/site-packages/airflow/example_dags/example_setup_teardown.py
[2023-10-17T07:54:37.769+0000] {processor.py:829} INFO - Processing file /home/airflow/.local/lib/python3.8/site-packages/airflow/example_dags/example_setup_teardown.py for tasks to queue
[2023-10-17T07:54:37.770+0000] {logging_mixin.py:151} INFO - [2023-10-17T07:54:37.770+0000] {dagbag.py:536} INFO - Filling up the DagBag from /home/airflow/.local/lib/python3.8/site-packages/airflow/example_dags/example_setup_teardown.py
[2023-10-17T07:54:37.774+0000] {processor.py:839} INFO - DAG(s) dict_keys(['example_setup_teardown']) retrieved from /home/airflow/.local/lib/python3.8/site-packages/airflow/example_dags/example_setup_teardown.py
[2023-10-17T07:54:37.789+0000] {logging_mixin.py:151} INFO - [2023-10-17T07:54:37.789+0000] {dag.py:2941} INFO - Sync 1 DAGs
[2023-10-17T07:54:37.804+0000] {logging_mixin.py:151} INFO - [2023-10-17T07:54:37.804+0000] {dag.py:3722} INFO - Setting next_dagrun for example_setup_teardown to 2023-10-16T07:54:37.804692+00:00, run_after=2023-10-17T07:54:37.804692+00:00
[2023-10-17T07:54:37.817+0000] {processor.py:179} INFO - Processing /home/airflow/.local/lib/python3.8/site-packages/airflow/example_dags/example_setup_teardown.py took 0.051 seconds
[2023-10-17T07:55:07.955+0000] {processor.py:157} INFO - Started process (PID=152) to work on /home/airflow/.local/lib/python3.8/site-packages/airflow/example_dags/example_setup_teardown.py
[2023-10-17T07:55:07.956+0000] {processor.py:829} INFO - Processing file /home/airflow/.local/lib/python3.8/site-packages/airflow/example_dags/example_setup_teardown.py for tasks to queue
[2023-10-17T07:55:07.957+0000] {logging_mixin.py:151} INFO - [2023-10-17T07:55:07.957+0000] {dagbag.py:536} INFO - Filling up the DagBag from /home/airflow/.local/lib/python3.8/site-packages/airflow/example_dags/example_setup_teardown.py
[2023-10-17T07:55:07.961+0000] {processor.py:839} INFO - DAG(s) dict_keys(['example_setup_teardown']) retrieved from /home/airflow/.local/lib/python3.8/site-packages/airflow/example_dags/example_setup_teardown.py
[2023-10-17T07:55:07.975+0000] {logging_mixin.py:151} INFO - [2023-10-17T07:55:07.975+0000] {dag.py:2941} INFO - Sync 1 DAGs
[2023-10-17T07:55:07.993+0000] {logging_mixin.py:151} INFO - [2023-10-17T07:55:07.993+0000] {dag.py:3722} INFO - Setting next_dagrun for example_setup_teardown to 2023-10-16T07:55:07.992932+00:00, run_after=2023-10-17T07:55:07.992932+00:00
[2023-10-17T07:55:08.012+0000] {processor.py:179} INFO - Processing /home/airflow/.local/lib/python3.8/site-packages/airflow/example_dags/example_setup_teardown.py took 0.058 seconds
[2023-10-17T07:55:38.030+0000] {processor.py:157} INFO - Started process (PID=206) to work on /home/airflow/.local/lib/python3.8/site-packages/airflow/example_dags/example_setup_teardown.py
[2023-10-17T07:55:38.030+0000] {processor.py:829} INFO - Processing file /home/airflow/.local/lib/python3.8/site-packages/airflow/example_dags/example_setup_teardown.py for tasks to queue
[2023-10-17T07:55:38.031+0000] {logging_mixin.py:151} INFO - [2023-10-17T07:55:38.031+0000] {dagbag.py:536} INFO - Filling up the DagBag from /home/airflow/.local/lib/python3.8/site-packages/airflow/example_dags/example_setup_teardown.py
[2023-10-17T07:55:38.035+0000] {processor.py:839} INFO - DAG(s) dict_keys(['example_setup_teardown']) retrieved from /home/airflow/.local/lib/python3.8/site-packages/airflow/example_dags/example_setup_teardown.py
[2023-10-17T07:55:38.048+0000] {logging_mixin.py:151} INFO - [2023-10-17T07:55:38.047+0000] {dag.py:2941} INFO - Sync 1 DAGs
[2023-10-17T07:55:38.063+0000] {logging_mixin.py:151} INFO - [2023-10-17T07:55:38.063+0000] {dag.py:3722} INFO - Setting next_dagrun for example_setup_teardown to 2023-10-16T07:55:38.063308+00:00, run_after=2023-10-17T07:55:38.063308+00:00
[2023-10-17T07:55:38.074+0000] {processor.py:179} INFO - Processing /home/airflow/.local/lib/python3.8/site-packages/airflow/example_dags/example_setup_teardown.py took 0.046 seconds
[2023-10-17T07:56:08.210+0000] {processor.py:157} INFO - Started process (PID=260) to work on /home/airflow/.local/lib/python3.8/site-packages/airflow/example_dags/example_setup_teardown.py
[2023-10-17T07:56:08.211+0000] {processor.py:829} INFO - Processing file /home/airflow/.local/lib/python3.8/site-packages/airflow/example_dags/example_setup_teardown.py for tasks to queue
[2023-10-17T07:56:08.212+0000] {logging_mixin.py:151} INFO - [2023-10-17T07:56:08.212+0000] {dagbag.py:536} INFO - Filling up the DagBag from /home/airflow/.local/lib/python3.8/site-packages/airflow/example_dags/example_setup_teardown.py
[2023-10-17T07:56:08.216+0000] {processor.py:839} INFO - DAG(s) dict_keys(['example_setup_teardown']) retrieved from /home/airflow/.local/lib/python3.8/site-packages/airflow/example_dags/example_setup_teardown.py
[2023-10-17T07:56:08.228+0000] {logging_mixin.py:151} INFO - [2023-10-17T07:56:08.228+0000] {dag.py:2941} INFO - Sync 1 DAGs
[2023-10-17T07:56:08.242+0000] {logging_mixin.py:151} INFO - [2023-10-17T07:56:08.242+0000] {dag.py:3722} INFO - Setting next_dagrun for example_setup_teardown to 2023-10-16T07:56:08.241860+00:00, run_after=2023-10-17T07:56:08.241860+00:00
[2023-10-17T07:56:08.253+0000] {processor.py:179} INFO - Processing /home/airflow/.local/lib/python3.8/site-packages/airflow/example_dags/example_setup_teardown.py took 0.044 seconds
[2023-10-17T07:56:38.492+0000] {processor.py:157} INFO - Started process (PID=314) to work on /home/airflow/.local/lib/python3.8/site-packages/airflow/example_dags/example_setup_teardown.py
[2023-10-17T07:56:38.492+0000] {processor.py:829} INFO - Processing file /home/airflow/.local/lib/python3.8/site-packages/airflow/example_dags/example_setup_teardown.py for tasks to queue
[2023-10-17T07:56:38.494+0000] {logging_mixin.py:151} INFO - [2023-10-17T07:56:38.493+0000] {dagbag.py:536} INFO - Filling up the DagBag from /home/airflow/.local/lib/python3.8/site-packages/airflow/example_dags/example_setup_teardown.py
[2023-10-17T07:56:38.499+0000] {processor.py:839} INFO - DAG(s) dict_keys(['example_setup_teardown']) retrieved from /home/airflow/.local/lib/python3.8/site-packages/airflow/example_dags/example_setup_teardown.py
[2023-10-17T07:56:38.519+0000] {logging_mixin.py:151} INFO - [2023-10-17T07:56:38.519+0000] {dag.py:2941} INFO - Sync 1 DAGs
[2023-10-17T07:56:38.542+0000] {logging_mixin.py:151} INFO - [2023-10-17T07:56:38.542+0000] {dag.py:3722} INFO - Setting next_dagrun for example_setup_teardown to 2023-10-16T07:56:38.542425+00:00, run_after=2023-10-17T07:56:38.542425+00:00
[2023-10-17T07:56:38.564+0000] {processor.py:179} INFO - Processing /home/airflow/.local/lib/python3.8/site-packages/airflow/example_dags/example_setup_teardown.py took 0.075 seconds
[2023-10-17T07:57:09.467+0000] {processor.py:157} INFO - Started process (PID=368) to work on /home/airflow/.local/lib/python3.8/site-packages/airflow/example_dags/example_setup_teardown.py
[2023-10-17T07:57:09.467+0000] {processor.py:829} INFO - Processing file /home/airflow/.local/lib/python3.8/site-packages/airflow/example_dags/example_setup_teardown.py for tasks to queue
[2023-10-17T07:57:09.469+0000] {logging_mixin.py:151} INFO - [2023-10-17T07:57:09.469+0000] {dagbag.py:536} INFO - Filling up the DagBag from /home/airflow/.local/lib/python3.8/site-packages/airflow/example_dags/example_setup_teardown.py
[2023-10-17T07:57:09.473+0000] {processor.py:839} INFO - DAG(s) dict_keys(['example_setup_teardown']) retrieved from /home/airflow/.local/lib/python3.8/site-packages/airflow/example_dags/example_setup_teardown.py
[2023-10-17T07:57:09.488+0000] {logging_mixin.py:151} INFO - [2023-10-17T07:57:09.487+0000] {dag.py:2941} INFO - Sync 1 DAGs
[2023-10-17T07:57:09.503+0000] {logging_mixin.py:151} INFO - [2023-10-17T07:57:09.502+0000] {dag.py:3722} INFO - Setting next_dagrun for example_setup_teardown to 2023-10-16T07:57:09.502724+00:00, run_after=2023-10-17T07:57:09.502724+00:00
[2023-10-17T07:57:09.515+0000] {processor.py:179} INFO - Processing /home/airflow/.local/lib/python3.8/site-packages/airflow/example_dags/example_setup_teardown.py took 0.050 seconds
[2023-10-17T07:57:40.331+0000] {processor.py:157} INFO - Started process (PID=422) to work on /home/airflow/.local/lib/python3.8/site-packages/airflow/example_dags/example_setup_teardown.py
[2023-10-17T07:57:40.332+0000] {processor.py:829} INFO - Processing file /home/airflow/.local/lib/python3.8/site-packages/airflow/example_dags/example_setup_teardown.py for tasks to queue
[2023-10-17T07:57:40.333+0000] {logging_mixin.py:151} INFO - [2023-10-17T07:57:40.333+0000] {dagbag.py:536} INFO - Filling up the DagBag from /home/airflow/.local/lib/python3.8/site-packages/airflow/example_dags/example_setup_teardown.py
[2023-10-17T07:57:40.339+0000] {processor.py:839} INFO - DAG(s) dict_keys(['example_setup_teardown']) retrieved from /home/airflow/.local/lib/python3.8/site-packages/airflow/example_dags/example_setup_teardown.py
[2023-10-17T07:57:40.355+0000] {logging_mixin.py:151} INFO - [2023-10-17T07:57:40.355+0000] {dag.py:2941} INFO - Sync 1 DAGs
[2023-10-17T07:57:40.372+0000] {logging_mixin.py:151} INFO - [2023-10-17T07:57:40.371+0000] {dag.py:3722} INFO - Setting next_dagrun for example_setup_teardown to 2023-10-16T07:57:40.371726+00:00, run_after=2023-10-17T07:57:40.371726+00:00
[2023-10-17T07:57:40.387+0000] {processor.py:179} INFO - Processing /home/airflow/.local/lib/python3.8/site-packages/airflow/example_dags/example_setup_teardown.py took 0.058 seconds
[2023-10-17T07:58:10.541+0000] {processor.py:157} INFO - Started process (PID=476) to work on /home/airflow/.local/lib/python3.8/site-packages/airflow/example_dags/example_setup_teardown.py
[2023-10-17T07:58:10.541+0000] {processor.py:829} INFO - Processing file /home/airflow/.local/lib/python3.8/site-packages/airflow/example_dags/example_setup_teardown.py for tasks to queue
[2023-10-17T07:58:10.543+0000] {logging_mixin.py:151} INFO - [2023-10-17T07:58:10.543+0000] {dagbag.py:536} INFO - Filling up the DagBag from /home/airflow/.local/lib/python3.8/site-packages/airflow/example_dags/example_setup_teardown.py
[2023-10-17T07:58:10.548+0000] {processor.py:839} INFO - DAG(s) dict_keys(['example_setup_teardown']) retrieved from /home/airflow/.local/lib/python3.8/site-packages/airflow/example_dags/example_setup_teardown.py
[2023-10-17T07:58:10.566+0000] {logging_mixin.py:151} INFO - [2023-10-17T07:58:10.566+0000] {dag.py:2941} INFO - Sync 1 DAGs
[2023-10-17T07:58:10.585+0000] {logging_mixin.py:151} INFO - [2023-10-17T07:58:10.584+0000] {dag.py:3722} INFO - Setting next_dagrun for example_setup_teardown to 2023-10-16T07:58:10.584737+00:00, run_after=2023-10-17T07:58:10.584737+00:00
[2023-10-17T07:58:10.604+0000] {processor.py:179} INFO - Processing /home/airflow/.local/lib/python3.8/site-packages/airflow/example_dags/example_setup_teardown.py took 0.068 seconds
[2023-10-17T07:58:40.777+0000] {processor.py:157} INFO - Started process (PID=530) to work on /home/airflow/.local/lib/python3.8/site-packages/airflow/example_dags/example_setup_teardown.py
[2023-10-17T07:58:40.778+0000] {processor.py:829} INFO - Processing file /home/airflow/.local/lib/python3.8/site-packages/airflow/example_dags/example_setup_teardown.py for tasks to queue
[2023-10-17T07:58:40.779+0000] {logging_mixin.py:151} INFO - [2023-10-17T07:58:40.779+0000] {dagbag.py:536} INFO - Filling up the DagBag from /home/airflow/.local/lib/python3.8/site-packages/airflow/example_dags/example_setup_teardown.py
[2023-10-17T07:58:40.784+0000] {processor.py:839} INFO - DAG(s) dict_keys(['example_setup_teardown']) retrieved from /home/airflow/.local/lib/python3.8/site-packages/airflow/example_dags/example_setup_teardown.py
[2023-10-17T07:58:40.800+0000] {logging_mixin.py:151} INFO - [2023-10-17T07:58:40.800+0000] {dag.py:2941} INFO - Sync 1 DAGs
[2023-10-17T07:58:40.818+0000] {logging_mixin.py:151} INFO - [2023-10-17T07:58:40.817+0000] {dag.py:3722} INFO - Setting next_dagrun for example_setup_teardown to 2023-10-16T07:58:40.817765+00:00, run_after=2023-10-17T07:58:40.817765+00:00
[2023-10-17T07:58:40.831+0000] {processor.py:179} INFO - Processing /home/airflow/.local/lib/python3.8/site-packages/airflow/example_dags/example_setup_teardown.py took 0.056 seconds
[2023-10-17T07:59:11.091+0000] {processor.py:157} INFO - Started process (PID=584) to work on /home/airflow/.local/lib/python3.8/site-packages/airflow/example_dags/example_setup_teardown.py
[2023-10-17T07:59:11.091+0000] {processor.py:829} INFO - Processing file /home/airflow/.local/lib/python3.8/site-packages/airflow/example_dags/example_setup_teardown.py for tasks to queue
[2023-10-17T07:59:11.093+0000] {logging_mixin.py:151} INFO - [2023-10-17T07:59:11.093+0000] {dagbag.py:536} INFO - Filling up the DagBag from /home/airflow/.local/lib/python3.8/site-packages/airflow/example_dags/example_setup_teardown.py
[2023-10-17T07:59:11.097+0000] {processor.py:839} INFO - DAG(s) dict_keys(['example_setup_teardown']) retrieved from /home/airflow/.local/lib/python3.8/site-packages/airflow/example_dags/example_setup_teardown.py
[2023-10-17T07:59:11.111+0000] {logging_mixin.py:151} INFO - [2023-10-17T07:59:11.111+0000] {dag.py:2941} INFO - Sync 1 DAGs
[2023-10-17T07:59:11.126+0000] {logging_mixin.py:151} INFO - [2023-10-17T07:59:11.126+0000] {dag.py:3722} INFO - Setting next_dagrun for example_setup_teardown to 2023-10-16T07:59:11.126313+00:00, run_after=2023-10-17T07:59:11.126313+00:00
[2023-10-17T07:59:11.139+0000] {processor.py:179} INFO - Processing /home/airflow/.local/lib/python3.8/site-packages/airflow/example_dags/example_setup_teardown.py took 0.050 seconds
[2023-10-17T07:59:41.280+0000] {processor.py:157} INFO - Started process (PID=638) to work on /home/airflow/.local/lib/python3.8/site-packages/airflow/example_dags/example_setup_teardown.py
[2023-10-17T07:59:41.281+0000] {processor.py:829} INFO - Processing file /home/airflow/.local/lib/python3.8/site-packages/airflow/example_dags/example_setup_teardown.py for tasks to queue
[2023-10-17T07:59:41.282+0000] {logging_mixin.py:151} INFO - [2023-10-17T07:59:41.282+0000] {dagbag.py:536} INFO - Filling up the DagBag from /home/airflow/.local/lib/python3.8/site-packages/airflow/example_dags/example_setup_teardown.py
[2023-10-17T07:59:41.286+0000] {processor.py:839} INFO - DAG(s) dict_keys(['example_setup_teardown']) retrieved from /home/airflow/.local/lib/python3.8/site-packages/airflow/example_dags/example_setup_teardown.py
[2023-10-17T07:59:41.300+0000] {logging_mixin.py:151} INFO - [2023-10-17T07:59:41.300+0000] {dag.py:2941} INFO - Sync 1 DAGs
[2023-10-17T07:59:41.314+0000] {logging_mixin.py:151} INFO - [2023-10-17T07:59:41.314+0000] {dag.py:3722} INFO - Setting next_dagrun for example_setup_teardown to 2023-10-16T07:59:41.314575+00:00, run_after=2023-10-17T07:59:41.314575+00:00
[2023-10-17T07:59:41.327+0000] {processor.py:179} INFO - Processing /home/airflow/.local/lib/python3.8/site-packages/airflow/example_dags/example_setup_teardown.py took 0.049 seconds
[2023-10-17T08:00:12.218+0000] {processor.py:157} INFO - Started process (PID=692) to work on /home/airflow/.local/lib/python3.8/site-packages/airflow/example_dags/example_setup_teardown.py
[2023-10-17T08:00:12.219+0000] {processor.py:829} INFO - Processing file /home/airflow/.local/lib/python3.8/site-packages/airflow/example_dags/example_setup_teardown.py for tasks to queue
[2023-10-17T08:00:12.220+0000] {logging_mixin.py:151} INFO - [2023-10-17T08:00:12.220+0000] {dagbag.py:536} INFO - Filling up the DagBag from /home/airflow/.local/lib/python3.8/site-packages/airflow/example_dags/example_setup_teardown.py
[2023-10-17T08:00:12.224+0000] {processor.py:839} INFO - DAG(s) dict_keys(['example_setup_teardown']) retrieved from /home/airflow/.local/lib/python3.8/site-packages/airflow/example_dags/example_setup_teardown.py
[2023-10-17T08:00:12.239+0000] {logging_mixin.py:151} INFO - [2023-10-17T08:00:12.239+0000] {dag.py:2941} INFO - Sync 1 DAGs
[2023-10-17T08:00:12.255+0000] {logging_mixin.py:151} INFO - [2023-10-17T08:00:12.254+0000] {dag.py:3722} INFO - Setting next_dagrun for example_setup_teardown to 2023-10-16T08:00:12.254742+00:00, run_after=2023-10-17T08:00:12.254742+00:00
[2023-10-17T08:00:12.267+0000] {processor.py:179} INFO - Processing /home/airflow/.local/lib/python3.8/site-packages/airflow/example_dags/example_setup_teardown.py took 0.051 seconds
[2023-10-17T08:00:42.389+0000] {processor.py:157} INFO - Started process (PID=746) to work on /home/airflow/.local/lib/python3.8/site-packages/airflow/example_dags/example_setup_teardown.py
[2023-10-17T08:00:42.390+0000] {processor.py:829} INFO - Processing file /home/airflow/.local/lib/python3.8/site-packages/airflow/example_dags/example_setup_teardown.py for tasks to queue
[2023-10-17T08:00:42.391+0000] {logging_mixin.py:151} INFO - [2023-10-17T08:00:42.391+0000] {dagbag.py:536} INFO - Filling up the DagBag from /home/airflow/.local/lib/python3.8/site-packages/airflow/example_dags/example_setup_teardown.py
[2023-10-17T08:00:42.398+0000] {processor.py:839} INFO - DAG(s) dict_keys(['example_setup_teardown']) retrieved from /home/airflow/.local/lib/python3.8/site-packages/airflow/example_dags/example_setup_teardown.py
[2023-10-17T08:00:42.416+0000] {logging_mixin.py:151} INFO - [2023-10-17T08:00:42.416+0000] {dag.py:2941} INFO - Sync 1 DAGs
[2023-10-17T08:00:42.435+0000] {logging_mixin.py:151} INFO - [2023-10-17T08:00:42.435+0000] {dag.py:3722} INFO - Setting next_dagrun for example_setup_teardown to 2023-10-16T08:00:42.435028+00:00, run_after=2023-10-17T08:00:42.435028+00:00
[2023-10-17T08:00:42.450+0000] {processor.py:179} INFO - Processing /home/airflow/.local/lib/python3.8/site-packages/airflow/example_dags/example_setup_teardown.py took 0.063 seconds
[2023-10-17T08:01:12.690+0000] {processor.py:157} INFO - Started process (PID=800) to work on /home/airflow/.local/lib/python3.8/site-packages/airflow/example_dags/example_setup_teardown.py
[2023-10-17T08:01:12.690+0000] {processor.py:829} INFO - Processing file /home/airflow/.local/lib/python3.8/site-packages/airflow/example_dags/example_setup_teardown.py for tasks to queue
[2023-10-17T08:01:12.692+0000] {logging_mixin.py:151} INFO - [2023-10-17T08:01:12.691+0000] {dagbag.py:536} INFO - Filling up the DagBag from /home/airflow/.local/lib/python3.8/site-packages/airflow/example_dags/example_setup_teardown.py
[2023-10-17T08:01:12.696+0000] {processor.py:839} INFO - DAG(s) dict_keys(['example_setup_teardown']) retrieved from /home/airflow/.local/lib/python3.8/site-packages/airflow/example_dags/example_setup_teardown.py
[2023-10-17T08:01:12.711+0000] {logging_mixin.py:151} INFO - [2023-10-17T08:01:12.711+0000] {dag.py:2941} INFO - Sync 1 DAGs
[2023-10-17T08:01:12.726+0000] {logging_mixin.py:151} INFO - [2023-10-17T08:01:12.726+0000] {dag.py:3722} INFO - Setting next_dagrun for example_setup_teardown to 2023-10-16T08:01:12.726441+00:00, run_after=2023-10-17T08:01:12.726441+00:00
[2023-10-17T08:01:12.740+0000] {processor.py:179} INFO - Processing /home/airflow/.local/lib/python3.8/site-packages/airflow/example_dags/example_setup_teardown.py took 0.052 seconds
[2023-10-17T08:01:42.808+0000] {processor.py:157} INFO - Started process (PID=854) to work on /home/airflow/.local/lib/python3.8/site-packages/airflow/example_dags/example_setup_teardown.py
[2023-10-17T08:01:42.808+0000] {processor.py:829} INFO - Processing file /home/airflow/.local/lib/python3.8/site-packages/airflow/example_dags/example_setup_teardown.py for tasks to queue
[2023-10-17T08:01:42.810+0000] {logging_mixin.py:151} INFO - [2023-10-17T08:01:42.809+0000] {dagbag.py:536} INFO - Filling up the DagBag from /home/airflow/.local/lib/python3.8/site-packages/airflow/example_dags/example_setup_teardown.py
[2023-10-17T08:01:42.814+0000] {processor.py:839} INFO - DAG(s) dict_keys(['example_setup_teardown']) retrieved from /home/airflow/.local/lib/python3.8/site-packages/airflow/example_dags/example_setup_teardown.py
[2023-10-17T08:01:42.829+0000] {logging_mixin.py:151} INFO - [2023-10-17T08:01:42.829+0000] {dag.py:2941} INFO - Sync 1 DAGs
[2023-10-17T08:01:42.845+0000] {logging_mixin.py:151} INFO - [2023-10-17T08:01:42.844+0000] {dag.py:3722} INFO - Setting next_dagrun for example_setup_teardown to 2023-10-16T08:01:42.844789+00:00, run_after=2023-10-17T08:01:42.844789+00:00
[2023-10-17T08:01:42.857+0000] {processor.py:179} INFO - Processing /home/airflow/.local/lib/python3.8/site-packages/airflow/example_dags/example_setup_teardown.py took 0.051 seconds
[2023-10-17T08:02:13.796+0000] {processor.py:157} INFO - Started process (PID=908) to work on /home/airflow/.local/lib/python3.8/site-packages/airflow/example_dags/example_setup_teardown.py
[2023-10-17T08:02:13.797+0000] {processor.py:829} INFO - Processing file /home/airflow/.local/lib/python3.8/site-packages/airflow/example_dags/example_setup_teardown.py for tasks to queue
[2023-10-17T08:02:13.798+0000] {logging_mixin.py:151} INFO - [2023-10-17T08:02:13.798+0000] {dagbag.py:536} INFO - Filling up the DagBag from /home/airflow/.local/lib/python3.8/site-packages/airflow/example_dags/example_setup_teardown.py
[2023-10-17T08:02:13.803+0000] {processor.py:839} INFO - DAG(s) dict_keys(['example_setup_teardown']) retrieved from /home/airflow/.local/lib/python3.8/site-packages/airflow/example_dags/example_setup_teardown.py
[2023-10-17T08:02:13.817+0000] {logging_mixin.py:151} INFO - [2023-10-17T08:02:13.817+0000] {dag.py:2941} INFO - Sync 1 DAGs
[2023-10-17T08:02:13.832+0000] {logging_mixin.py:151} INFO - [2023-10-17T08:02:13.831+0000] {dag.py:3722} INFO - Setting next_dagrun for example_setup_teardown to 2023-10-16T08:02:13.831707+00:00, run_after=2023-10-17T08:02:13.831707+00:00
[2023-10-17T08:02:13.845+0000] {processor.py:179} INFO - Processing /home/airflow/.local/lib/python3.8/site-packages/airflow/example_dags/example_setup_teardown.py took 0.050 seconds
[2023-10-17T08:02:44.074+0000] {processor.py:157} INFO - Started process (PID=962) to work on /home/airflow/.local/lib/python3.8/site-packages/airflow/example_dags/example_setup_teardown.py
[2023-10-17T08:02:44.074+0000] {processor.py:829} INFO - Processing file /home/airflow/.local/lib/python3.8/site-packages/airflow/example_dags/example_setup_teardown.py for tasks to queue
[2023-10-17T08:02:44.075+0000] {logging_mixin.py:151} INFO - [2023-10-17T08:02:44.075+0000] {dagbag.py:536} INFO - Filling up the DagBag from /home/airflow/.local/lib/python3.8/site-packages/airflow/example_dags/example_setup_teardown.py
[2023-10-17T08:02:44.080+0000] {processor.py:839} INFO - DAG(s) dict_keys(['example_setup_teardown']) retrieved from /home/airflow/.local/lib/python3.8/site-packages/airflow/example_dags/example_setup_teardown.py
[2023-10-17T08:02:44.094+0000] {logging_mixin.py:151} INFO - [2023-10-17T08:02:44.093+0000] {dag.py:2941} INFO - Sync 1 DAGs
[2023-10-17T08:02:44.110+0000] {logging_mixin.py:151} INFO - [2023-10-17T08:02:44.110+0000] {dag.py:3722} INFO - Setting next_dagrun for example_setup_teardown to 2023-10-16T08:02:44.110248+00:00, run_after=2023-10-17T08:02:44.110248+00:00
[2023-10-17T08:02:44.232+0000] {processor.py:179} INFO - Processing /home/airflow/.local/lib/python3.8/site-packages/airflow/example_dags/example_setup_teardown.py took 0.161 seconds
[2023-10-17T08:03:15.120+0000] {processor.py:157} INFO - Started process (PID=1016) to work on /home/airflow/.local/lib/python3.8/site-packages/airflow/example_dags/example_setup_teardown.py
[2023-10-17T08:03:15.128+0000] {processor.py:829} INFO - Processing file /home/airflow/.local/lib/python3.8/site-packages/airflow/example_dags/example_setup_teardown.py for tasks to queue
[2023-10-17T08:03:15.129+0000] {logging_mixin.py:151} INFO - [2023-10-17T08:03:15.129+0000] {dagbag.py:536} INFO - Filling up the DagBag from /home/airflow/.local/lib/python3.8/site-packages/airflow/example_dags/example_setup_teardown.py
[2023-10-17T08:03:15.133+0000] {processor.py:839} INFO - DAG(s) dict_keys(['example_setup_teardown']) retrieved from /home/airflow/.local/lib/python3.8/site-packages/airflow/example_dags/example_setup_teardown.py
[2023-10-17T08:03:15.149+0000] {logging_mixin.py:151} INFO - [2023-10-17T08:03:15.149+0000] {dag.py:2941} INFO - Sync 1 DAGs
[2023-10-17T08:03:15.168+0000] {logging_mixin.py:151} INFO - [2023-10-17T08:03:15.167+0000] {dag.py:3722} INFO - Setting next_dagrun for example_setup_teardown to 2023-10-16T08:03:15.167600+00:00, run_after=2023-10-17T08:03:15.167600+00:00
[2023-10-17T08:03:15.181+0000] {processor.py:179} INFO - Processing /home/airflow/.local/lib/python3.8/site-packages/airflow/example_dags/example_setup_teardown.py took 0.064 seconds
[2023-10-17T08:03:45.958+0000] {processor.py:157} INFO - Started process (PID=1070) to work on /home/airflow/.local/lib/python3.8/site-packages/airflow/example_dags/example_setup_teardown.py
[2023-10-17T08:03:45.959+0000] {processor.py:829} INFO - Processing file /home/airflow/.local/lib/python3.8/site-packages/airflow/example_dags/example_setup_teardown.py for tasks to queue
[2023-10-17T08:03:45.961+0000] {logging_mixin.py:151} INFO - [2023-10-17T08:03:45.960+0000] {dagbag.py:536} INFO - Filling up the DagBag from /home/airflow/.local/lib/python3.8/site-packages/airflow/example_dags/example_setup_teardown.py
[2023-10-17T08:03:45.965+0000] {processor.py:839} INFO - DAG(s) dict_keys(['example_setup_teardown']) retrieved from /home/airflow/.local/lib/python3.8/site-packages/airflow/example_dags/example_setup_teardown.py
[2023-10-17T08:03:45.980+0000] {logging_mixin.py:151} INFO - [2023-10-17T08:03:45.980+0000] {dag.py:2941} INFO - Sync 1 DAGs
[2023-10-17T08:03:45.995+0000] {logging_mixin.py:151} INFO - [2023-10-17T08:03:45.995+0000] {dag.py:3722} INFO - Setting next_dagrun for example_setup_teardown to 2023-10-16T08:03:45.995526+00:00, run_after=2023-10-17T08:03:45.995526+00:00
[2023-10-17T08:03:46.009+0000] {processor.py:179} INFO - Processing /home/airflow/.local/lib/python3.8/site-packages/airflow/example_dags/example_setup_teardown.py took 0.053 seconds
[2023-10-17T08:04:16.167+0000] {processor.py:157} INFO - Started process (PID=1124) to work on /home/airflow/.local/lib/python3.8/site-packages/airflow/example_dags/example_setup_teardown.py
[2023-10-17T08:04:16.167+0000] {processor.py:829} INFO - Processing file /home/airflow/.local/lib/python3.8/site-packages/airflow/example_dags/example_setup_teardown.py for tasks to queue
[2023-10-17T08:04:16.169+0000] {logging_mixin.py:151} INFO - [2023-10-17T08:04:16.168+0000] {dagbag.py:536} INFO - Filling up the DagBag from /home/airflow/.local/lib/python3.8/site-packages/airflow/example_dags/example_setup_teardown.py
[2023-10-17T08:04:16.173+0000] {processor.py:839} INFO - DAG(s) dict_keys(['example_setup_teardown']) retrieved from /home/airflow/.local/lib/python3.8/site-packages/airflow/example_dags/example_setup_teardown.py
[2023-10-17T08:04:16.190+0000] {logging_mixin.py:151} INFO - [2023-10-17T08:04:16.189+0000] {dag.py:2941} INFO - Sync 1 DAGs
[2023-10-17T08:04:16.206+0000] {logging_mixin.py:151} INFO - [2023-10-17T08:04:16.206+0000] {dag.py:3722} INFO - Setting next_dagrun for example_setup_teardown to 2023-10-16T08:04:16.206375+00:00, run_after=2023-10-17T08:04:16.206375+00:00
[2023-10-17T08:04:16.221+0000] {processor.py:179} INFO - Processing /home/airflow/.local/lib/python3.8/site-packages/airflow/example_dags/example_setup_teardown.py took 0.056 seconds
