[2023-10-17T07:39:53.092+0000] {processor.py:157} INFO - Started process (PID=146) to work on /home/airflow/.local/lib/python3.8/site-packages/airflow/example_dags/example_subdag_operator.py
[2023-10-17T07:39:53.093+0000] {processor.py:829} INFO - Processing file /home/airflow/.local/lib/python3.8/site-packages/airflow/example_dags/example_subdag_operator.py for tasks to queue
[2023-10-17T07:39:53.094+0000] {logging_mixin.py:151} INFO - [2023-10-17T07:39:53.094+0000] {dagbag.py:536} INFO - Filling up the DagBag from /home/airflow/.local/lib/python3.8/site-packages/airflow/example_dags/example_subdag_operator.py
[2023-10-17T07:39:53.116+0000] {processor.py:839} INFO - DAG(s) dict_keys(['example_subdag_operator.section-1', 'example_subdag_operator.section-2', 'example_subdag_operator']) retrieved from /home/airflow/.local/lib/python3.8/site-packages/airflow/example_dags/example_subdag_operator.py
[2023-10-17T07:39:53.129+0000] {logging_mixin.py:151} INFO - [2023-10-17T07:39:53.128+0000] {dag.py:2941} INFO - Sync 3 DAGs
[2023-10-17T07:39:53.145+0000] {logging_mixin.py:151} INFO - [2023-10-17T07:39:53.145+0000] {dag.py:3722} INFO - Setting next_dagrun for example_subdag_operator to 2022-01-01T00:00:00+00:00, run_after=2022-01-01T00:00:00+00:00
[2023-10-17T07:39:53.148+0000] {logging_mixin.py:151} INFO - [2023-10-17T07:39:53.148+0000] {dag.py:3722} INFO - Setting next_dagrun for example_subdag_operator.section-1 to None, run_after=None
[2023-10-17T07:39:53.149+0000] {logging_mixin.py:151} INFO - [2023-10-17T07:39:53.149+0000] {dag.py:3722} INFO - Setting next_dagrun for example_subdag_operator.section-2 to None, run_after=None
[2023-10-17T07:39:53.155+0000] {logging_mixin.py:151} INFO - [2023-10-17T07:39:53.154+0000] {dag.py:2941} INFO - Sync 2 DAGs
[2023-10-17T07:39:53.160+0000] {logging_mixin.py:151} INFO - [2023-10-17T07:39:53.160+0000] {dag.py:3722} INFO - Setting next_dagrun for example_subdag_operator.section-1 to None, run_after=None
[2023-10-17T07:39:53.160+0000] {logging_mixin.py:151} INFO - [2023-10-17T07:39:53.160+0000] {dag.py:3722} INFO - Setting next_dagrun for example_subdag_operator.section-2 to None, run_after=None
[2023-10-17T07:39:53.169+0000] {processor.py:179} INFO - Processing /home/airflow/.local/lib/python3.8/site-packages/airflow/example_dags/example_subdag_operator.py took 0.080 seconds
[2023-10-17T07:40:24.032+0000] {processor.py:157} INFO - Started process (PID=200) to work on /home/airflow/.local/lib/python3.8/site-packages/airflow/example_dags/example_subdag_operator.py
[2023-10-17T07:40:24.032+0000] {processor.py:829} INFO - Processing file /home/airflow/.local/lib/python3.8/site-packages/airflow/example_dags/example_subdag_operator.py for tasks to queue
[2023-10-17T07:40:24.034+0000] {logging_mixin.py:151} INFO - [2023-10-17T07:40:24.033+0000] {dagbag.py:536} INFO - Filling up the DagBag from /home/airflow/.local/lib/python3.8/site-packages/airflow/example_dags/example_subdag_operator.py
[2023-10-17T07:40:24.049+0000] {processor.py:839} INFO - DAG(s) dict_keys(['example_subdag_operator.section-1', 'example_subdag_operator.section-2', 'example_subdag_operator']) retrieved from /home/airflow/.local/lib/python3.8/site-packages/airflow/example_dags/example_subdag_operator.py
[2023-10-17T07:40:24.060+0000] {logging_mixin.py:151} INFO - [2023-10-17T07:40:24.059+0000] {dag.py:2941} INFO - Sync 3 DAGs
[2023-10-17T07:40:24.074+0000] {logging_mixin.py:151} INFO - [2023-10-17T07:40:24.074+0000] {dag.py:3722} INFO - Setting next_dagrun for example_subdag_operator to 2022-01-01T00:00:00+00:00, run_after=2022-01-01T00:00:00+00:00
[2023-10-17T07:40:24.077+0000] {logging_mixin.py:151} INFO - [2023-10-17T07:40:24.076+0000] {dag.py:3722} INFO - Setting next_dagrun for example_subdag_operator.section-1 to None, run_after=None
[2023-10-17T07:40:24.077+0000] {logging_mixin.py:151} INFO - [2023-10-17T07:40:24.077+0000] {dag.py:3722} INFO - Setting next_dagrun for example_subdag_operator.section-2 to None, run_after=None
[2023-10-17T07:40:24.082+0000] {logging_mixin.py:151} INFO - [2023-10-17T07:40:24.082+0000] {dag.py:2941} INFO - Sync 2 DAGs
[2023-10-17T07:40:24.086+0000] {logging_mixin.py:151} INFO - [2023-10-17T07:40:24.086+0000] {dag.py:3722} INFO - Setting next_dagrun for example_subdag_operator.section-1 to None, run_after=None
[2023-10-17T07:40:24.086+0000] {logging_mixin.py:151} INFO - [2023-10-17T07:40:24.086+0000] {dag.py:3722} INFO - Setting next_dagrun for example_subdag_operator.section-2 to None, run_after=None
[2023-10-17T07:40:24.093+0000] {processor.py:179} INFO - Processing /home/airflow/.local/lib/python3.8/site-packages/airflow/example_dags/example_subdag_operator.py took 0.063 seconds
[2023-10-17T07:44:12.334+0000] {processor.py:157} INFO - Started process (PID=56) to work on /home/airflow/.local/lib/python3.8/site-packages/airflow/example_dags/example_subdag_operator.py
[2023-10-17T07:44:12.334+0000] {processor.py:829} INFO - Processing file /home/airflow/.local/lib/python3.8/site-packages/airflow/example_dags/example_subdag_operator.py for tasks to queue
[2023-10-17T07:44:12.336+0000] {logging_mixin.py:151} INFO - [2023-10-17T07:44:12.336+0000] {dagbag.py:536} INFO - Filling up the DagBag from /home/airflow/.local/lib/python3.8/site-packages/airflow/example_dags/example_subdag_operator.py
[2023-10-17T07:44:12.357+0000] {processor.py:839} INFO - DAG(s) dict_keys(['example_subdag_operator.section-1', 'example_subdag_operator.section-2', 'example_subdag_operator']) retrieved from /home/airflow/.local/lib/python3.8/site-packages/airflow/example_dags/example_subdag_operator.py
[2023-10-17T07:44:12.360+0000] {logging_mixin.py:151} INFO - [2023-10-17T07:44:12.360+0000] {dag.py:2941} INFO - Sync 3 DAGs
[2023-10-17T07:44:12.387+0000] {logging_mixin.py:151} INFO - [2023-10-17T07:44:12.386+0000] {dag.py:3722} INFO - Setting next_dagrun for example_subdag_operator to 2022-01-01T00:00:00+00:00, run_after=2022-01-01T00:00:00+00:00
[2023-10-17T07:44:12.391+0000] {logging_mixin.py:151} INFO - [2023-10-17T07:44:12.390+0000] {dag.py:3722} INFO - Setting next_dagrun for example_subdag_operator.section-1 to None, run_after=None
[2023-10-17T07:44:12.392+0000] {logging_mixin.py:151} INFO - [2023-10-17T07:44:12.392+0000] {dag.py:3722} INFO - Setting next_dagrun for example_subdag_operator.section-2 to None, run_after=None
[2023-10-17T07:44:12.400+0000] {logging_mixin.py:151} INFO - [2023-10-17T07:44:12.400+0000] {dag.py:2941} INFO - Sync 2 DAGs
[2023-10-17T07:44:12.407+0000] {logging_mixin.py:151} INFO - [2023-10-17T07:44:12.407+0000] {dag.py:3722} INFO - Setting next_dagrun for example_subdag_operator.section-1 to None, run_after=None
[2023-10-17T07:44:12.408+0000] {logging_mixin.py:151} INFO - [2023-10-17T07:44:12.407+0000] {dag.py:3722} INFO - Setting next_dagrun for example_subdag_operator.section-2 to None, run_after=None
[2023-10-17T07:44:12.419+0000] {processor.py:179} INFO - Processing /home/airflow/.local/lib/python3.8/site-packages/airflow/example_dags/example_subdag_operator.py took 0.088 seconds
[2023-10-17T07:44:43.182+0000] {processor.py:157} INFO - Started process (PID=110) to work on /home/airflow/.local/lib/python3.8/site-packages/airflow/example_dags/example_subdag_operator.py
[2023-10-17T07:44:43.182+0000] {processor.py:829} INFO - Processing file /home/airflow/.local/lib/python3.8/site-packages/airflow/example_dags/example_subdag_operator.py for tasks to queue
[2023-10-17T07:44:43.184+0000] {logging_mixin.py:151} INFO - [2023-10-17T07:44:43.183+0000] {dagbag.py:536} INFO - Filling up the DagBag from /home/airflow/.local/lib/python3.8/site-packages/airflow/example_dags/example_subdag_operator.py
[2023-10-17T07:44:43.202+0000] {processor.py:839} INFO - DAG(s) dict_keys(['example_subdag_operator.section-1', 'example_subdag_operator.section-2', 'example_subdag_operator']) retrieved from /home/airflow/.local/lib/python3.8/site-packages/airflow/example_dags/example_subdag_operator.py
[2023-10-17T07:44:43.212+0000] {logging_mixin.py:151} INFO - [2023-10-17T07:44:43.212+0000] {dag.py:2941} INFO - Sync 3 DAGs
[2023-10-17T07:44:43.228+0000] {logging_mixin.py:151} INFO - [2023-10-17T07:44:43.228+0000] {dag.py:3722} INFO - Setting next_dagrun for example_subdag_operator to 2022-01-01T00:00:00+00:00, run_after=2022-01-01T00:00:00+00:00
[2023-10-17T07:44:43.230+0000] {logging_mixin.py:151} INFO - [2023-10-17T07:44:43.230+0000] {dag.py:3722} INFO - Setting next_dagrun for example_subdag_operator.section-1 to None, run_after=None
[2023-10-17T07:44:43.231+0000] {logging_mixin.py:151} INFO - [2023-10-17T07:44:43.231+0000] {dag.py:3722} INFO - Setting next_dagrun for example_subdag_operator.section-2 to None, run_after=None
[2023-10-17T07:44:43.236+0000] {logging_mixin.py:151} INFO - [2023-10-17T07:44:43.236+0000] {dag.py:2941} INFO - Sync 2 DAGs
[2023-10-17T07:44:43.240+0000] {logging_mixin.py:151} INFO - [2023-10-17T07:44:43.240+0000] {dag.py:3722} INFO - Setting next_dagrun for example_subdag_operator.section-1 to None, run_after=None
[2023-10-17T07:44:43.240+0000] {logging_mixin.py:151} INFO - [2023-10-17T07:44:43.240+0000] {dag.py:3722} INFO - Setting next_dagrun for example_subdag_operator.section-2 to None, run_after=None
[2023-10-17T07:44:43.248+0000] {processor.py:179} INFO - Processing /home/airflow/.local/lib/python3.8/site-packages/airflow/example_dags/example_subdag_operator.py took 0.069 seconds
[2023-10-17T07:45:13.601+0000] {processor.py:157} INFO - Started process (PID=165) to work on /home/airflow/.local/lib/python3.8/site-packages/airflow/example_dags/example_subdag_operator.py
[2023-10-17T07:45:13.602+0000] {processor.py:829} INFO - Processing file /home/airflow/.local/lib/python3.8/site-packages/airflow/example_dags/example_subdag_operator.py for tasks to queue
[2023-10-17T07:45:13.604+0000] {logging_mixin.py:151} INFO - [2023-10-17T07:45:13.603+0000] {dagbag.py:536} INFO - Filling up the DagBag from /home/airflow/.local/lib/python3.8/site-packages/airflow/example_dags/example_subdag_operator.py
[2023-10-17T07:45:13.626+0000] {processor.py:839} INFO - DAG(s) dict_keys(['example_subdag_operator.section-1', 'example_subdag_operator.section-2', 'example_subdag_operator']) retrieved from /home/airflow/.local/lib/python3.8/site-packages/airflow/example_dags/example_subdag_operator.py
[2023-10-17T07:45:13.640+0000] {logging_mixin.py:151} INFO - [2023-10-17T07:45:13.640+0000] {dag.py:2941} INFO - Sync 3 DAGs
[2023-10-17T07:45:13.662+0000] {logging_mixin.py:151} INFO - [2023-10-17T07:45:13.662+0000] {dag.py:3722} INFO - Setting next_dagrun for example_subdag_operator to 2022-01-01T00:00:00+00:00, run_after=2022-01-01T00:00:00+00:00
[2023-10-17T07:45:13.665+0000] {logging_mixin.py:151} INFO - [2023-10-17T07:45:13.665+0000] {dag.py:3722} INFO - Setting next_dagrun for example_subdag_operator.section-1 to None, run_after=None
[2023-10-17T07:45:13.666+0000] {logging_mixin.py:151} INFO - [2023-10-17T07:45:13.666+0000] {dag.py:3722} INFO - Setting next_dagrun for example_subdag_operator.section-2 to None, run_after=None
[2023-10-17T07:45:13.674+0000] {logging_mixin.py:151} INFO - [2023-10-17T07:45:13.673+0000] {dag.py:2941} INFO - Sync 2 DAGs
[2023-10-17T07:45:13.680+0000] {logging_mixin.py:151} INFO - [2023-10-17T07:45:13.679+0000] {dag.py:3722} INFO - Setting next_dagrun for example_subdag_operator.section-1 to None, run_after=None
[2023-10-17T07:45:13.680+0000] {logging_mixin.py:151} INFO - [2023-10-17T07:45:13.680+0000] {dag.py:3722} INFO - Setting next_dagrun for example_subdag_operator.section-2 to None, run_after=None
[2023-10-17T07:45:13.690+0000] {processor.py:179} INFO - Processing /home/airflow/.local/lib/python3.8/site-packages/airflow/example_dags/example_subdag_operator.py took 0.091 seconds
[2023-10-17T07:45:43.730+0000] {processor.py:157} INFO - Started process (PID=219) to work on /home/airflow/.local/lib/python3.8/site-packages/airflow/example_dags/example_subdag_operator.py
[2023-10-17T07:45:43.730+0000] {processor.py:829} INFO - Processing file /home/airflow/.local/lib/python3.8/site-packages/airflow/example_dags/example_subdag_operator.py for tasks to queue
[2023-10-17T07:45:43.732+0000] {logging_mixin.py:151} INFO - [2023-10-17T07:45:43.731+0000] {dagbag.py:536} INFO - Filling up the DagBag from /home/airflow/.local/lib/python3.8/site-packages/airflow/example_dags/example_subdag_operator.py
[2023-10-17T07:45:43.747+0000] {processor.py:839} INFO - DAG(s) dict_keys(['example_subdag_operator.section-1', 'example_subdag_operator.section-2', 'example_subdag_operator']) retrieved from /home/airflow/.local/lib/python3.8/site-packages/airflow/example_dags/example_subdag_operator.py
[2023-10-17T07:45:43.758+0000] {logging_mixin.py:151} INFO - [2023-10-17T07:45:43.758+0000] {dag.py:2941} INFO - Sync 3 DAGs
[2023-10-17T07:45:43.773+0000] {logging_mixin.py:151} INFO - [2023-10-17T07:45:43.773+0000] {dag.py:3722} INFO - Setting next_dagrun for example_subdag_operator to 2022-01-01T00:00:00+00:00, run_after=2022-01-01T00:00:00+00:00
[2023-10-17T07:45:43.776+0000] {logging_mixin.py:151} INFO - [2023-10-17T07:45:43.775+0000] {dag.py:3722} INFO - Setting next_dagrun for example_subdag_operator.section-1 to None, run_after=None
[2023-10-17T07:45:43.776+0000] {logging_mixin.py:151} INFO - [2023-10-17T07:45:43.776+0000] {dag.py:3722} INFO - Setting next_dagrun for example_subdag_operator.section-2 to None, run_after=None
[2023-10-17T07:45:43.781+0000] {logging_mixin.py:151} INFO - [2023-10-17T07:45:43.781+0000] {dag.py:2941} INFO - Sync 2 DAGs
[2023-10-17T07:45:43.784+0000] {logging_mixin.py:151} INFO - [2023-10-17T07:45:43.784+0000] {dag.py:3722} INFO - Setting next_dagrun for example_subdag_operator.section-1 to None, run_after=None
[2023-10-17T07:45:43.785+0000] {logging_mixin.py:151} INFO - [2023-10-17T07:45:43.785+0000] {dag.py:3722} INFO - Setting next_dagrun for example_subdag_operator.section-2 to None, run_after=None
[2023-10-17T07:45:43.794+0000] {processor.py:179} INFO - Processing /home/airflow/.local/lib/python3.8/site-packages/airflow/example_dags/example_subdag_operator.py took 0.066 seconds
[2023-10-17T07:46:14.040+0000] {processor.py:157} INFO - Started process (PID=273) to work on /home/airflow/.local/lib/python3.8/site-packages/airflow/example_dags/example_subdag_operator.py
[2023-10-17T07:46:14.041+0000] {processor.py:829} INFO - Processing file /home/airflow/.local/lib/python3.8/site-packages/airflow/example_dags/example_subdag_operator.py for tasks to queue
[2023-10-17T07:46:14.042+0000] {logging_mixin.py:151} INFO - [2023-10-17T07:46:14.042+0000] {dagbag.py:536} INFO - Filling up the DagBag from /home/airflow/.local/lib/python3.8/site-packages/airflow/example_dags/example_subdag_operator.py
[2023-10-17T07:46:14.065+0000] {processor.py:839} INFO - DAG(s) dict_keys(['example_subdag_operator.section-1', 'example_subdag_operator.section-2', 'example_subdag_operator']) retrieved from /home/airflow/.local/lib/python3.8/site-packages/airflow/example_dags/example_subdag_operator.py
[2023-10-17T07:46:14.077+0000] {logging_mixin.py:151} INFO - [2023-10-17T07:46:14.077+0000] {dag.py:2941} INFO - Sync 3 DAGs
[2023-10-17T07:46:14.095+0000] {logging_mixin.py:151} INFO - [2023-10-17T07:46:14.095+0000] {dag.py:3722} INFO - Setting next_dagrun for example_subdag_operator to 2022-01-01T00:00:00+00:00, run_after=2022-01-01T00:00:00+00:00
[2023-10-17T07:46:14.098+0000] {logging_mixin.py:151} INFO - [2023-10-17T07:46:14.098+0000] {dag.py:3722} INFO - Setting next_dagrun for example_subdag_operator.section-1 to None, run_after=None
[2023-10-17T07:46:14.100+0000] {logging_mixin.py:151} INFO - [2023-10-17T07:46:14.100+0000] {dag.py:3722} INFO - Setting next_dagrun for example_subdag_operator.section-2 to None, run_after=None
[2023-10-17T07:46:14.106+0000] {logging_mixin.py:151} INFO - [2023-10-17T07:46:14.106+0000] {dag.py:2941} INFO - Sync 2 DAGs
[2023-10-17T07:46:14.111+0000] {logging_mixin.py:151} INFO - [2023-10-17T07:46:14.111+0000] {dag.py:3722} INFO - Setting next_dagrun for example_subdag_operator.section-1 to None, run_after=None
[2023-10-17T07:46:14.111+0000] {logging_mixin.py:151} INFO - [2023-10-17T07:46:14.111+0000] {dag.py:3722} INFO - Setting next_dagrun for example_subdag_operator.section-2 to None, run_after=None
[2023-10-17T07:46:14.120+0000] {processor.py:179} INFO - Processing /home/airflow/.local/lib/python3.8/site-packages/airflow/example_dags/example_subdag_operator.py took 0.083 seconds
[2023-10-17T07:54:07.392+0000] {processor.py:157} INFO - Started process (PID=56) to work on /home/airflow/.local/lib/python3.8/site-packages/airflow/example_dags/example_subdag_operator.py
[2023-10-17T07:54:07.393+0000] {processor.py:829} INFO - Processing file /home/airflow/.local/lib/python3.8/site-packages/airflow/example_dags/example_subdag_operator.py for tasks to queue
[2023-10-17T07:54:07.395+0000] {logging_mixin.py:151} INFO - [2023-10-17T07:54:07.394+0000] {dagbag.py:536} INFO - Filling up the DagBag from /home/airflow/.local/lib/python3.8/site-packages/airflow/example_dags/example_subdag_operator.py
[2023-10-17T07:54:07.420+0000] {processor.py:839} INFO - DAG(s) dict_keys(['example_subdag_operator.section-1', 'example_subdag_operator.section-2', 'example_subdag_operator']) retrieved from /home/airflow/.local/lib/python3.8/site-packages/airflow/example_dags/example_subdag_operator.py
[2023-10-17T07:54:07.423+0000] {logging_mixin.py:151} INFO - [2023-10-17T07:54:07.423+0000] {dag.py:2941} INFO - Sync 3 DAGs
[2023-10-17T07:54:07.456+0000] {logging_mixin.py:151} INFO - [2023-10-17T07:54:07.455+0000] {dag.py:3722} INFO - Setting next_dagrun for example_subdag_operator to 2022-01-01T00:00:00+00:00, run_after=2022-01-01T00:00:00+00:00
[2023-10-17T07:54:07.460+0000] {logging_mixin.py:151} INFO - [2023-10-17T07:54:07.460+0000] {dag.py:3722} INFO - Setting next_dagrun for example_subdag_operator.section-1 to None, run_after=None
[2023-10-17T07:54:07.462+0000] {logging_mixin.py:151} INFO - [2023-10-17T07:54:07.462+0000] {dag.py:3722} INFO - Setting next_dagrun for example_subdag_operator.section-2 to None, run_after=None
[2023-10-17T07:54:07.474+0000] {logging_mixin.py:151} INFO - [2023-10-17T07:54:07.473+0000] {dag.py:2941} INFO - Sync 2 DAGs
[2023-10-17T07:54:07.481+0000] {logging_mixin.py:151} INFO - [2023-10-17T07:54:07.481+0000] {dag.py:3722} INFO - Setting next_dagrun for example_subdag_operator.section-1 to None, run_after=None
[2023-10-17T07:54:07.481+0000] {logging_mixin.py:151} INFO - [2023-10-17T07:54:07.481+0000] {dag.py:3722} INFO - Setting next_dagrun for example_subdag_operator.section-2 to None, run_after=None
[2023-10-17T07:54:07.495+0000] {processor.py:179} INFO - Processing /home/airflow/.local/lib/python3.8/site-packages/airflow/example_dags/example_subdag_operator.py took 0.106 seconds
[2023-10-17T07:54:38.234+0000] {processor.py:157} INFO - Started process (PID=110) to work on /home/airflow/.local/lib/python3.8/site-packages/airflow/example_dags/example_subdag_operator.py
[2023-10-17T07:54:38.235+0000] {processor.py:829} INFO - Processing file /home/airflow/.local/lib/python3.8/site-packages/airflow/example_dags/example_subdag_operator.py for tasks to queue
[2023-10-17T07:54:38.236+0000] {logging_mixin.py:151} INFO - [2023-10-17T07:54:38.236+0000] {dagbag.py:536} INFO - Filling up the DagBag from /home/airflow/.local/lib/python3.8/site-packages/airflow/example_dags/example_subdag_operator.py
[2023-10-17T07:54:38.253+0000] {processor.py:839} INFO - DAG(s) dict_keys(['example_subdag_operator.section-1', 'example_subdag_operator.section-2', 'example_subdag_operator']) retrieved from /home/airflow/.local/lib/python3.8/site-packages/airflow/example_dags/example_subdag_operator.py
[2023-10-17T07:54:38.264+0000] {logging_mixin.py:151} INFO - [2023-10-17T07:54:38.264+0000] {dag.py:2941} INFO - Sync 3 DAGs
[2023-10-17T07:54:38.280+0000] {logging_mixin.py:151} INFO - [2023-10-17T07:54:38.280+0000] {dag.py:3722} INFO - Setting next_dagrun for example_subdag_operator to 2022-01-01T00:00:00+00:00, run_after=2022-01-01T00:00:00+00:00
[2023-10-17T07:54:38.283+0000] {logging_mixin.py:151} INFO - [2023-10-17T07:54:38.283+0000] {dag.py:3722} INFO - Setting next_dagrun for example_subdag_operator.section-1 to None, run_after=None
[2023-10-17T07:54:38.284+0000] {logging_mixin.py:151} INFO - [2023-10-17T07:54:38.283+0000] {dag.py:3722} INFO - Setting next_dagrun for example_subdag_operator.section-2 to None, run_after=None
[2023-10-17T07:54:38.288+0000] {logging_mixin.py:151} INFO - [2023-10-17T07:54:38.288+0000] {dag.py:2941} INFO - Sync 2 DAGs
[2023-10-17T07:54:38.292+0000] {logging_mixin.py:151} INFO - [2023-10-17T07:54:38.292+0000] {dag.py:3722} INFO - Setting next_dagrun for example_subdag_operator.section-1 to None, run_after=None
[2023-10-17T07:54:38.293+0000] {logging_mixin.py:151} INFO - [2023-10-17T07:54:38.292+0000] {dag.py:3722} INFO - Setting next_dagrun for example_subdag_operator.section-2 to None, run_after=None
[2023-10-17T07:54:38.300+0000] {processor.py:179} INFO - Processing /home/airflow/.local/lib/python3.8/site-packages/airflow/example_dags/example_subdag_operator.py took 0.068 seconds
[2023-10-17T07:55:08.422+0000] {processor.py:157} INFO - Started process (PID=164) to work on /home/airflow/.local/lib/python3.8/site-packages/airflow/example_dags/example_subdag_operator.py
[2023-10-17T07:55:08.422+0000] {processor.py:829} INFO - Processing file /home/airflow/.local/lib/python3.8/site-packages/airflow/example_dags/example_subdag_operator.py for tasks to queue
[2023-10-17T07:55:08.423+0000] {logging_mixin.py:151} INFO - [2023-10-17T07:55:08.423+0000] {dagbag.py:536} INFO - Filling up the DagBag from /home/airflow/.local/lib/python3.8/site-packages/airflow/example_dags/example_subdag_operator.py
[2023-10-17T07:55:08.439+0000] {processor.py:839} INFO - DAG(s) dict_keys(['example_subdag_operator.section-1', 'example_subdag_operator.section-2', 'example_subdag_operator']) retrieved from /home/airflow/.local/lib/python3.8/site-packages/airflow/example_dags/example_subdag_operator.py
[2023-10-17T07:55:08.450+0000] {logging_mixin.py:151} INFO - [2023-10-17T07:55:08.449+0000] {dag.py:2941} INFO - Sync 3 DAGs
[2023-10-17T07:55:08.465+0000] {logging_mixin.py:151} INFO - [2023-10-17T07:55:08.464+0000] {dag.py:3722} INFO - Setting next_dagrun for example_subdag_operator to 2022-01-01T00:00:00+00:00, run_after=2022-01-01T00:00:00+00:00
[2023-10-17T07:55:08.467+0000] {logging_mixin.py:151} INFO - [2023-10-17T07:55:08.467+0000] {dag.py:3722} INFO - Setting next_dagrun for example_subdag_operator.section-1 to None, run_after=None
[2023-10-17T07:55:08.468+0000] {logging_mixin.py:151} INFO - [2023-10-17T07:55:08.468+0000] {dag.py:3722} INFO - Setting next_dagrun for example_subdag_operator.section-2 to None, run_after=None
[2023-10-17T07:55:08.473+0000] {logging_mixin.py:151} INFO - [2023-10-17T07:55:08.472+0000] {dag.py:2941} INFO - Sync 2 DAGs
[2023-10-17T07:55:08.476+0000] {logging_mixin.py:151} INFO - [2023-10-17T07:55:08.476+0000] {dag.py:3722} INFO - Setting next_dagrun for example_subdag_operator.section-1 to None, run_after=None
[2023-10-17T07:55:08.477+0000] {logging_mixin.py:151} INFO - [2023-10-17T07:55:08.477+0000] {dag.py:3722} INFO - Setting next_dagrun for example_subdag_operator.section-2 to None, run_after=None
[2023-10-17T07:55:08.484+0000] {processor.py:179} INFO - Processing /home/airflow/.local/lib/python3.8/site-packages/airflow/example_dags/example_subdag_operator.py took 0.065 seconds
[2023-10-17T07:55:38.516+0000] {processor.py:157} INFO - Started process (PID=218) to work on /home/airflow/.local/lib/python3.8/site-packages/airflow/example_dags/example_subdag_operator.py
[2023-10-17T07:55:38.516+0000] {processor.py:829} INFO - Processing file /home/airflow/.local/lib/python3.8/site-packages/airflow/example_dags/example_subdag_operator.py for tasks to queue
[2023-10-17T07:55:38.517+0000] {logging_mixin.py:151} INFO - [2023-10-17T07:55:38.517+0000] {dagbag.py:536} INFO - Filling up the DagBag from /home/airflow/.local/lib/python3.8/site-packages/airflow/example_dags/example_subdag_operator.py
[2023-10-17T07:55:38.534+0000] {processor.py:839} INFO - DAG(s) dict_keys(['example_subdag_operator.section-1', 'example_subdag_operator.section-2', 'example_subdag_operator']) retrieved from /home/airflow/.local/lib/python3.8/site-packages/airflow/example_dags/example_subdag_operator.py
[2023-10-17T07:55:38.545+0000] {logging_mixin.py:151} INFO - [2023-10-17T07:55:38.545+0000] {dag.py:2941} INFO - Sync 3 DAGs
[2023-10-17T07:55:38.560+0000] {logging_mixin.py:151} INFO - [2023-10-17T07:55:38.559+0000] {dag.py:3722} INFO - Setting next_dagrun for example_subdag_operator to 2022-01-01T00:00:00+00:00, run_after=2022-01-01T00:00:00+00:00
[2023-10-17T07:55:38.562+0000] {logging_mixin.py:151} INFO - [2023-10-17T07:55:38.562+0000] {dag.py:3722} INFO - Setting next_dagrun for example_subdag_operator.section-1 to None, run_after=None
[2023-10-17T07:55:38.563+0000] {logging_mixin.py:151} INFO - [2023-10-17T07:55:38.563+0000] {dag.py:3722} INFO - Setting next_dagrun for example_subdag_operator.section-2 to None, run_after=None
[2023-10-17T07:55:38.568+0000] {logging_mixin.py:151} INFO - [2023-10-17T07:55:38.568+0000] {dag.py:2941} INFO - Sync 2 DAGs
[2023-10-17T07:55:38.571+0000] {logging_mixin.py:151} INFO - [2023-10-17T07:55:38.571+0000] {dag.py:3722} INFO - Setting next_dagrun for example_subdag_operator.section-1 to None, run_after=None
[2023-10-17T07:55:38.572+0000] {logging_mixin.py:151} INFO - [2023-10-17T07:55:38.572+0000] {dag.py:3722} INFO - Setting next_dagrun for example_subdag_operator.section-2 to None, run_after=None
[2023-10-17T07:55:38.580+0000] {processor.py:179} INFO - Processing /home/airflow/.local/lib/python3.8/site-packages/airflow/example_dags/example_subdag_operator.py took 0.066 seconds
[2023-10-17T07:56:08.690+0000] {processor.py:157} INFO - Started process (PID=272) to work on /home/airflow/.local/lib/python3.8/site-packages/airflow/example_dags/example_subdag_operator.py
[2023-10-17T07:56:08.690+0000] {processor.py:829} INFO - Processing file /home/airflow/.local/lib/python3.8/site-packages/airflow/example_dags/example_subdag_operator.py for tasks to queue
[2023-10-17T07:56:08.692+0000] {logging_mixin.py:151} INFO - [2023-10-17T07:56:08.692+0000] {dagbag.py:536} INFO - Filling up the DagBag from /home/airflow/.local/lib/python3.8/site-packages/airflow/example_dags/example_subdag_operator.py
[2023-10-17T07:56:08.707+0000] {processor.py:839} INFO - DAG(s) dict_keys(['example_subdag_operator.section-1', 'example_subdag_operator.section-2', 'example_subdag_operator']) retrieved from /home/airflow/.local/lib/python3.8/site-packages/airflow/example_dags/example_subdag_operator.py
[2023-10-17T07:56:08.716+0000] {logging_mixin.py:151} INFO - [2023-10-17T07:56:08.716+0000] {dag.py:2941} INFO - Sync 3 DAGs
[2023-10-17T07:56:08.729+0000] {logging_mixin.py:151} INFO - [2023-10-17T07:56:08.728+0000] {dag.py:3722} INFO - Setting next_dagrun for example_subdag_operator to 2022-01-01T00:00:00+00:00, run_after=2022-01-01T00:00:00+00:00
[2023-10-17T07:56:08.731+0000] {logging_mixin.py:151} INFO - [2023-10-17T07:56:08.731+0000] {dag.py:3722} INFO - Setting next_dagrun for example_subdag_operator.section-1 to None, run_after=None
[2023-10-17T07:56:08.731+0000] {logging_mixin.py:151} INFO - [2023-10-17T07:56:08.731+0000] {dag.py:3722} INFO - Setting next_dagrun for example_subdag_operator.section-2 to None, run_after=None
[2023-10-17T07:56:08.735+0000] {logging_mixin.py:151} INFO - [2023-10-17T07:56:08.735+0000] {dag.py:2941} INFO - Sync 2 DAGs
[2023-10-17T07:56:08.739+0000] {logging_mixin.py:151} INFO - [2023-10-17T07:56:08.738+0000] {dag.py:3722} INFO - Setting next_dagrun for example_subdag_operator.section-1 to None, run_after=None
[2023-10-17T07:56:08.739+0000] {logging_mixin.py:151} INFO - [2023-10-17T07:56:08.739+0000] {dag.py:3722} INFO - Setting next_dagrun for example_subdag_operator.section-2 to None, run_after=None
[2023-10-17T07:56:08.746+0000] {processor.py:179} INFO - Processing /home/airflow/.local/lib/python3.8/site-packages/airflow/example_dags/example_subdag_operator.py took 0.058 seconds
[2023-10-17T07:56:39.019+0000] {processor.py:157} INFO - Started process (PID=326) to work on /home/airflow/.local/lib/python3.8/site-packages/airflow/example_dags/example_subdag_operator.py
[2023-10-17T07:56:39.019+0000] {processor.py:829} INFO - Processing file /home/airflow/.local/lib/python3.8/site-packages/airflow/example_dags/example_subdag_operator.py for tasks to queue
[2023-10-17T07:56:39.021+0000] {logging_mixin.py:151} INFO - [2023-10-17T07:56:39.021+0000] {dagbag.py:536} INFO - Filling up the DagBag from /home/airflow/.local/lib/python3.8/site-packages/airflow/example_dags/example_subdag_operator.py
[2023-10-17T07:56:39.039+0000] {processor.py:839} INFO - DAG(s) dict_keys(['example_subdag_operator.section-1', 'example_subdag_operator.section-2', 'example_subdag_operator']) retrieved from /home/airflow/.local/lib/python3.8/site-packages/airflow/example_dags/example_subdag_operator.py
[2023-10-17T07:56:39.051+0000] {logging_mixin.py:151} INFO - [2023-10-17T07:56:39.051+0000] {dag.py:2941} INFO - Sync 3 DAGs
[2023-10-17T07:56:39.069+0000] {logging_mixin.py:151} INFO - [2023-10-17T07:56:39.069+0000] {dag.py:3722} INFO - Setting next_dagrun for example_subdag_operator to 2022-01-01T00:00:00+00:00, run_after=2022-01-01T00:00:00+00:00
[2023-10-17T07:56:39.072+0000] {logging_mixin.py:151} INFO - [2023-10-17T07:56:39.072+0000] {dag.py:3722} INFO - Setting next_dagrun for example_subdag_operator.section-1 to None, run_after=None
[2023-10-17T07:56:39.074+0000] {logging_mixin.py:151} INFO - [2023-10-17T07:56:39.073+0000] {dag.py:3722} INFO - Setting next_dagrun for example_subdag_operator.section-2 to None, run_after=None
[2023-10-17T07:56:39.080+0000] {logging_mixin.py:151} INFO - [2023-10-17T07:56:39.080+0000] {dag.py:2941} INFO - Sync 2 DAGs
[2023-10-17T07:56:39.088+0000] {logging_mixin.py:151} INFO - [2023-10-17T07:56:39.087+0000] {dag.py:3722} INFO - Setting next_dagrun for example_subdag_operator.section-1 to None, run_after=None
[2023-10-17T07:56:39.088+0000] {logging_mixin.py:151} INFO - [2023-10-17T07:56:39.088+0000] {dag.py:3722} INFO - Setting next_dagrun for example_subdag_operator.section-2 to None, run_after=None
[2023-10-17T07:56:39.101+0000] {processor.py:179} INFO - Processing /home/airflow/.local/lib/python3.8/site-packages/airflow/example_dags/example_subdag_operator.py took 0.084 seconds
[2023-10-17T07:57:09.887+0000] {processor.py:157} INFO - Started process (PID=380) to work on /home/airflow/.local/lib/python3.8/site-packages/airflow/example_dags/example_subdag_operator.py
[2023-10-17T07:57:09.887+0000] {processor.py:829} INFO - Processing file /home/airflow/.local/lib/python3.8/site-packages/airflow/example_dags/example_subdag_operator.py for tasks to queue
[2023-10-17T07:57:09.888+0000] {logging_mixin.py:151} INFO - [2023-10-17T07:57:09.888+0000] {dagbag.py:536} INFO - Filling up the DagBag from /home/airflow/.local/lib/python3.8/site-packages/airflow/example_dags/example_subdag_operator.py
[2023-10-17T07:57:09.904+0000] {processor.py:839} INFO - DAG(s) dict_keys(['example_subdag_operator.section-1', 'example_subdag_operator.section-2', 'example_subdag_operator']) retrieved from /home/airflow/.local/lib/python3.8/site-packages/airflow/example_dags/example_subdag_operator.py
[2023-10-17T07:57:09.914+0000] {logging_mixin.py:151} INFO - [2023-10-17T07:57:09.914+0000] {dag.py:2941} INFO - Sync 3 DAGs
[2023-10-17T07:57:09.930+0000] {logging_mixin.py:151} INFO - [2023-10-17T07:57:09.929+0000] {dag.py:3722} INFO - Setting next_dagrun for example_subdag_operator to 2022-01-01T00:00:00+00:00, run_after=2022-01-01T00:00:00+00:00
[2023-10-17T07:57:09.932+0000] {logging_mixin.py:151} INFO - [2023-10-17T07:57:09.932+0000] {dag.py:3722} INFO - Setting next_dagrun for example_subdag_operator.section-1 to None, run_after=None
[2023-10-17T07:57:09.933+0000] {logging_mixin.py:151} INFO - [2023-10-17T07:57:09.933+0000] {dag.py:3722} INFO - Setting next_dagrun for example_subdag_operator.section-2 to None, run_after=None
[2023-10-17T07:57:09.938+0000] {logging_mixin.py:151} INFO - [2023-10-17T07:57:09.938+0000] {dag.py:2941} INFO - Sync 2 DAGs
[2023-10-17T07:57:09.942+0000] {logging_mixin.py:151} INFO - [2023-10-17T07:57:09.942+0000] {dag.py:3722} INFO - Setting next_dagrun for example_subdag_operator.section-1 to None, run_after=None
[2023-10-17T07:57:09.942+0000] {logging_mixin.py:151} INFO - [2023-10-17T07:57:09.942+0000] {dag.py:3722} INFO - Setting next_dagrun for example_subdag_operator.section-2 to None, run_after=None
[2023-10-17T07:57:09.950+0000] {processor.py:179} INFO - Processing /home/airflow/.local/lib/python3.8/site-packages/airflow/example_dags/example_subdag_operator.py took 0.065 seconds
[2023-10-17T07:57:40.796+0000] {processor.py:157} INFO - Started process (PID=434) to work on /home/airflow/.local/lib/python3.8/site-packages/airflow/example_dags/example_subdag_operator.py
[2023-10-17T07:57:40.797+0000] {processor.py:829} INFO - Processing file /home/airflow/.local/lib/python3.8/site-packages/airflow/example_dags/example_subdag_operator.py for tasks to queue
[2023-10-17T07:57:40.798+0000] {logging_mixin.py:151} INFO - [2023-10-17T07:57:40.798+0000] {dagbag.py:536} INFO - Filling up the DagBag from /home/airflow/.local/lib/python3.8/site-packages/airflow/example_dags/example_subdag_operator.py
[2023-10-17T07:57:40.816+0000] {processor.py:839} INFO - DAG(s) dict_keys(['example_subdag_operator.section-1', 'example_subdag_operator.section-2', 'example_subdag_operator']) retrieved from /home/airflow/.local/lib/python3.8/site-packages/airflow/example_dags/example_subdag_operator.py
[2023-10-17T07:57:40.827+0000] {logging_mixin.py:151} INFO - [2023-10-17T07:57:40.827+0000] {dag.py:2941} INFO - Sync 3 DAGs
[2023-10-17T07:57:40.843+0000] {logging_mixin.py:151} INFO - [2023-10-17T07:57:40.843+0000] {dag.py:3722} INFO - Setting next_dagrun for example_subdag_operator to 2022-01-01T00:00:00+00:00, run_after=2022-01-01T00:00:00+00:00
[2023-10-17T07:57:40.845+0000] {logging_mixin.py:151} INFO - [2023-10-17T07:57:40.845+0000] {dag.py:3722} INFO - Setting next_dagrun for example_subdag_operator.section-1 to None, run_after=None
[2023-10-17T07:57:40.846+0000] {logging_mixin.py:151} INFO - [2023-10-17T07:57:40.846+0000] {dag.py:3722} INFO - Setting next_dagrun for example_subdag_operator.section-2 to None, run_after=None
[2023-10-17T07:57:40.851+0000] {logging_mixin.py:151} INFO - [2023-10-17T07:57:40.851+0000] {dag.py:2941} INFO - Sync 2 DAGs
[2023-10-17T07:57:40.856+0000] {logging_mixin.py:151} INFO - [2023-10-17T07:57:40.856+0000] {dag.py:3722} INFO - Setting next_dagrun for example_subdag_operator.section-1 to None, run_after=None
[2023-10-17T07:57:40.857+0000] {logging_mixin.py:151} INFO - [2023-10-17T07:57:40.856+0000] {dag.py:3722} INFO - Setting next_dagrun for example_subdag_operator.section-2 to None, run_after=None
[2023-10-17T07:57:40.865+0000] {processor.py:179} INFO - Processing /home/airflow/.local/lib/python3.8/site-packages/airflow/example_dags/example_subdag_operator.py took 0.071 seconds
[2023-10-17T07:58:11.086+0000] {processor.py:157} INFO - Started process (PID=488) to work on /home/airflow/.local/lib/python3.8/site-packages/airflow/example_dags/example_subdag_operator.py
[2023-10-17T07:58:11.087+0000] {processor.py:829} INFO - Processing file /home/airflow/.local/lib/python3.8/site-packages/airflow/example_dags/example_subdag_operator.py for tasks to queue
[2023-10-17T07:58:11.089+0000] {logging_mixin.py:151} INFO - [2023-10-17T07:58:11.089+0000] {dagbag.py:536} INFO - Filling up the DagBag from /home/airflow/.local/lib/python3.8/site-packages/airflow/example_dags/example_subdag_operator.py
[2023-10-17T07:58:11.108+0000] {processor.py:839} INFO - DAG(s) dict_keys(['example_subdag_operator.section-1', 'example_subdag_operator.section-2', 'example_subdag_operator']) retrieved from /home/airflow/.local/lib/python3.8/site-packages/airflow/example_dags/example_subdag_operator.py
[2023-10-17T07:58:11.119+0000] {logging_mixin.py:151} INFO - [2023-10-17T07:58:11.119+0000] {dag.py:2941} INFO - Sync 3 DAGs
[2023-10-17T07:58:11.137+0000] {logging_mixin.py:151} INFO - [2023-10-17T07:58:11.136+0000] {dag.py:3722} INFO - Setting next_dagrun for example_subdag_operator to 2022-01-01T00:00:00+00:00, run_after=2022-01-01T00:00:00+00:00
[2023-10-17T07:58:11.142+0000] {logging_mixin.py:151} INFO - [2023-10-17T07:58:11.141+0000] {dag.py:3722} INFO - Setting next_dagrun for example_subdag_operator.section-1 to None, run_after=None
[2023-10-17T07:58:11.143+0000] {logging_mixin.py:151} INFO - [2023-10-17T07:58:11.143+0000] {dag.py:3722} INFO - Setting next_dagrun for example_subdag_operator.section-2 to None, run_after=None
[2023-10-17T07:58:11.149+0000] {logging_mixin.py:151} INFO - [2023-10-17T07:58:11.149+0000] {dag.py:2941} INFO - Sync 2 DAGs
[2023-10-17T07:58:11.153+0000] {logging_mixin.py:151} INFO - [2023-10-17T07:58:11.153+0000] {dag.py:3722} INFO - Setting next_dagrun for example_subdag_operator.section-1 to None, run_after=None
[2023-10-17T07:58:11.153+0000] {logging_mixin.py:151} INFO - [2023-10-17T07:58:11.153+0000] {dag.py:3722} INFO - Setting next_dagrun for example_subdag_operator.section-2 to None, run_after=None
[2023-10-17T07:58:11.165+0000] {processor.py:179} INFO - Processing /home/airflow/.local/lib/python3.8/site-packages/airflow/example_dags/example_subdag_operator.py took 0.080 seconds
[2023-10-17T07:58:41.391+0000] {processor.py:157} INFO - Started process (PID=542) to work on /home/airflow/.local/lib/python3.8/site-packages/airflow/example_dags/example_subdag_operator.py
[2023-10-17T07:58:41.392+0000] {processor.py:829} INFO - Processing file /home/airflow/.local/lib/python3.8/site-packages/airflow/example_dags/example_subdag_operator.py for tasks to queue
[2023-10-17T07:58:41.393+0000] {logging_mixin.py:151} INFO - [2023-10-17T07:58:41.393+0000] {dagbag.py:536} INFO - Filling up the DagBag from /home/airflow/.local/lib/python3.8/site-packages/airflow/example_dags/example_subdag_operator.py
[2023-10-17T07:58:41.412+0000] {processor.py:839} INFO - DAG(s) dict_keys(['example_subdag_operator.section-1', 'example_subdag_operator.section-2', 'example_subdag_operator']) retrieved from /home/airflow/.local/lib/python3.8/site-packages/airflow/example_dags/example_subdag_operator.py
[2023-10-17T07:58:41.429+0000] {logging_mixin.py:151} INFO - [2023-10-17T07:58:41.429+0000] {dag.py:2941} INFO - Sync 3 DAGs
[2023-10-17T07:58:41.448+0000] {logging_mixin.py:151} INFO - [2023-10-17T07:58:41.448+0000] {dag.py:3722} INFO - Setting next_dagrun for example_subdag_operator to 2022-01-01T00:00:00+00:00, run_after=2022-01-01T00:00:00+00:00
[2023-10-17T07:58:41.452+0000] {logging_mixin.py:151} INFO - [2023-10-17T07:58:41.451+0000] {dag.py:3722} INFO - Setting next_dagrun for example_subdag_operator.section-1 to None, run_after=None
[2023-10-17T07:58:41.453+0000] {logging_mixin.py:151} INFO - [2023-10-17T07:58:41.453+0000] {dag.py:3722} INFO - Setting next_dagrun for example_subdag_operator.section-2 to None, run_after=None
[2023-10-17T07:58:41.459+0000] {logging_mixin.py:151} INFO - [2023-10-17T07:58:41.459+0000] {dag.py:2941} INFO - Sync 2 DAGs
[2023-10-17T07:58:41.463+0000] {logging_mixin.py:151} INFO - [2023-10-17T07:58:41.463+0000] {dag.py:3722} INFO - Setting next_dagrun for example_subdag_operator.section-1 to None, run_after=None
[2023-10-17T07:58:41.463+0000] {logging_mixin.py:151} INFO - [2023-10-17T07:58:41.463+0000] {dag.py:3722} INFO - Setting next_dagrun for example_subdag_operator.section-2 to None, run_after=None
[2023-10-17T07:58:41.471+0000] {processor.py:179} INFO - Processing /home/airflow/.local/lib/python3.8/site-packages/airflow/example_dags/example_subdag_operator.py took 0.082 seconds
[2023-10-17T07:59:11.508+0000] {processor.py:157} INFO - Started process (PID=596) to work on /home/airflow/.local/lib/python3.8/site-packages/airflow/example_dags/example_subdag_operator.py
[2023-10-17T07:59:11.509+0000] {processor.py:829} INFO - Processing file /home/airflow/.local/lib/python3.8/site-packages/airflow/example_dags/example_subdag_operator.py for tasks to queue
[2023-10-17T07:59:11.510+0000] {logging_mixin.py:151} INFO - [2023-10-17T07:59:11.509+0000] {dagbag.py:536} INFO - Filling up the DagBag from /home/airflow/.local/lib/python3.8/site-packages/airflow/example_dags/example_subdag_operator.py
[2023-10-17T07:59:11.526+0000] {processor.py:839} INFO - DAG(s) dict_keys(['example_subdag_operator.section-1', 'example_subdag_operator.section-2', 'example_subdag_operator']) retrieved from /home/airflow/.local/lib/python3.8/site-packages/airflow/example_dags/example_subdag_operator.py
[2023-10-17T07:59:11.536+0000] {logging_mixin.py:151} INFO - [2023-10-17T07:59:11.535+0000] {dag.py:2941} INFO - Sync 3 DAGs
[2023-10-17T07:59:11.551+0000] {logging_mixin.py:151} INFO - [2023-10-17T07:59:11.551+0000] {dag.py:3722} INFO - Setting next_dagrun for example_subdag_operator to 2022-01-01T00:00:00+00:00, run_after=2022-01-01T00:00:00+00:00
[2023-10-17T07:59:11.553+0000] {logging_mixin.py:151} INFO - [2023-10-17T07:59:11.553+0000] {dag.py:3722} INFO - Setting next_dagrun for example_subdag_operator.section-1 to None, run_after=None
[2023-10-17T07:59:11.554+0000] {logging_mixin.py:151} INFO - [2023-10-17T07:59:11.554+0000] {dag.py:3722} INFO - Setting next_dagrun for example_subdag_operator.section-2 to None, run_after=None
[2023-10-17T07:59:11.560+0000] {logging_mixin.py:151} INFO - [2023-10-17T07:59:11.559+0000] {dag.py:2941} INFO - Sync 2 DAGs
[2023-10-17T07:59:11.564+0000] {logging_mixin.py:151} INFO - [2023-10-17T07:59:11.563+0000] {dag.py:3722} INFO - Setting next_dagrun for example_subdag_operator.section-1 to None, run_after=None
[2023-10-17T07:59:11.564+0000] {logging_mixin.py:151} INFO - [2023-10-17T07:59:11.564+0000] {dag.py:3722} INFO - Setting next_dagrun for example_subdag_operator.section-2 to None, run_after=None
[2023-10-17T07:59:11.573+0000] {processor.py:179} INFO - Processing /home/airflow/.local/lib/python3.8/site-packages/airflow/example_dags/example_subdag_operator.py took 0.067 seconds
[2023-10-17T07:59:41.692+0000] {processor.py:157} INFO - Started process (PID=650) to work on /home/airflow/.local/lib/python3.8/site-packages/airflow/example_dags/example_subdag_operator.py
[2023-10-17T07:59:41.693+0000] {processor.py:829} INFO - Processing file /home/airflow/.local/lib/python3.8/site-packages/airflow/example_dags/example_subdag_operator.py for tasks to queue
[2023-10-17T07:59:41.694+0000] {logging_mixin.py:151} INFO - [2023-10-17T07:59:41.694+0000] {dagbag.py:536} INFO - Filling up the DagBag from /home/airflow/.local/lib/python3.8/site-packages/airflow/example_dags/example_subdag_operator.py
[2023-10-17T07:59:41.710+0000] {processor.py:839} INFO - DAG(s) dict_keys(['example_subdag_operator.section-1', 'example_subdag_operator.section-2', 'example_subdag_operator']) retrieved from /home/airflow/.local/lib/python3.8/site-packages/airflow/example_dags/example_subdag_operator.py
[2023-10-17T07:59:41.720+0000] {logging_mixin.py:151} INFO - [2023-10-17T07:59:41.719+0000] {dag.py:2941} INFO - Sync 3 DAGs
[2023-10-17T07:59:41.738+0000] {logging_mixin.py:151} INFO - [2023-10-17T07:59:41.738+0000] {dag.py:3722} INFO - Setting next_dagrun for example_subdag_operator to 2022-01-01T00:00:00+00:00, run_after=2022-01-01T00:00:00+00:00
[2023-10-17T07:59:41.741+0000] {logging_mixin.py:151} INFO - [2023-10-17T07:59:41.741+0000] {dag.py:3722} INFO - Setting next_dagrun for example_subdag_operator.section-1 to None, run_after=None
[2023-10-17T07:59:41.742+0000] {logging_mixin.py:151} INFO - [2023-10-17T07:59:41.742+0000] {dag.py:3722} INFO - Setting next_dagrun for example_subdag_operator.section-2 to None, run_after=None
[2023-10-17T07:59:41.749+0000] {logging_mixin.py:151} INFO - [2023-10-17T07:59:41.748+0000] {dag.py:2941} INFO - Sync 2 DAGs
[2023-10-17T07:59:41.752+0000] {logging_mixin.py:151} INFO - [2023-10-17T07:59:41.752+0000] {dag.py:3722} INFO - Setting next_dagrun for example_subdag_operator.section-1 to None, run_after=None
[2023-10-17T07:59:41.753+0000] {logging_mixin.py:151} INFO - [2023-10-17T07:59:41.753+0000] {dag.py:3722} INFO - Setting next_dagrun for example_subdag_operator.section-2 to None, run_after=None
[2023-10-17T07:59:41.762+0000] {processor.py:179} INFO - Processing /home/airflow/.local/lib/python3.8/site-packages/airflow/example_dags/example_subdag_operator.py took 0.072 seconds
[2023-10-17T08:00:12.667+0000] {processor.py:157} INFO - Started process (PID=704) to work on /home/airflow/.local/lib/python3.8/site-packages/airflow/example_dags/example_subdag_operator.py
[2023-10-17T08:00:12.668+0000] {processor.py:829} INFO - Processing file /home/airflow/.local/lib/python3.8/site-packages/airflow/example_dags/example_subdag_operator.py for tasks to queue
[2023-10-17T08:00:12.669+0000] {logging_mixin.py:151} INFO - [2023-10-17T08:00:12.669+0000] {dagbag.py:536} INFO - Filling up the DagBag from /home/airflow/.local/lib/python3.8/site-packages/airflow/example_dags/example_subdag_operator.py
[2023-10-17T08:00:12.686+0000] {processor.py:839} INFO - DAG(s) dict_keys(['example_subdag_operator.section-1', 'example_subdag_operator.section-2', 'example_subdag_operator']) retrieved from /home/airflow/.local/lib/python3.8/site-packages/airflow/example_dags/example_subdag_operator.py
[2023-10-17T08:00:12.698+0000] {logging_mixin.py:151} INFO - [2023-10-17T08:00:12.698+0000] {dag.py:2941} INFO - Sync 3 DAGs
[2023-10-17T08:00:12.715+0000] {logging_mixin.py:151} INFO - [2023-10-17T08:00:12.715+0000] {dag.py:3722} INFO - Setting next_dagrun for example_subdag_operator to 2022-01-01T00:00:00+00:00, run_after=2022-01-01T00:00:00+00:00
[2023-10-17T08:00:12.717+0000] {logging_mixin.py:151} INFO - [2023-10-17T08:00:12.717+0000] {dag.py:3722} INFO - Setting next_dagrun for example_subdag_operator.section-1 to None, run_after=None
[2023-10-17T08:00:12.718+0000] {logging_mixin.py:151} INFO - [2023-10-17T08:00:12.718+0000] {dag.py:3722} INFO - Setting next_dagrun for example_subdag_operator.section-2 to None, run_after=None
[2023-10-17T08:00:12.724+0000] {logging_mixin.py:151} INFO - [2023-10-17T08:00:12.724+0000] {dag.py:2941} INFO - Sync 2 DAGs
[2023-10-17T08:00:12.728+0000] {logging_mixin.py:151} INFO - [2023-10-17T08:00:12.728+0000] {dag.py:3722} INFO - Setting next_dagrun for example_subdag_operator.section-1 to None, run_after=None
[2023-10-17T08:00:12.728+0000] {logging_mixin.py:151} INFO - [2023-10-17T08:00:12.728+0000] {dag.py:3722} INFO - Setting next_dagrun for example_subdag_operator.section-2 to None, run_after=None
[2023-10-17T08:00:12.740+0000] {processor.py:179} INFO - Processing /home/airflow/.local/lib/python3.8/site-packages/airflow/example_dags/example_subdag_operator.py took 0.074 seconds
[2023-10-17T08:00:42.930+0000] {processor.py:157} INFO - Started process (PID=758) to work on /home/airflow/.local/lib/python3.8/site-packages/airflow/example_dags/example_subdag_operator.py
[2023-10-17T08:00:42.931+0000] {processor.py:829} INFO - Processing file /home/airflow/.local/lib/python3.8/site-packages/airflow/example_dags/example_subdag_operator.py for tasks to queue
[2023-10-17T08:00:42.933+0000] {logging_mixin.py:151} INFO - [2023-10-17T08:00:42.933+0000] {dagbag.py:536} INFO - Filling up the DagBag from /home/airflow/.local/lib/python3.8/site-packages/airflow/example_dags/example_subdag_operator.py
[2023-10-17T08:00:42.952+0000] {processor.py:839} INFO - DAG(s) dict_keys(['example_subdag_operator.section-1', 'example_subdag_operator.section-2', 'example_subdag_operator']) retrieved from /home/airflow/.local/lib/python3.8/site-packages/airflow/example_dags/example_subdag_operator.py
[2023-10-17T08:00:42.966+0000] {logging_mixin.py:151} INFO - [2023-10-17T08:00:42.966+0000] {dag.py:2941} INFO - Sync 3 DAGs
[2023-10-17T08:00:42.984+0000] {logging_mixin.py:151} INFO - [2023-10-17T08:00:42.984+0000] {dag.py:3722} INFO - Setting next_dagrun for example_subdag_operator to 2022-01-01T00:00:00+00:00, run_after=2022-01-01T00:00:00+00:00
[2023-10-17T08:00:42.987+0000] {logging_mixin.py:151} INFO - [2023-10-17T08:00:42.987+0000] {dag.py:3722} INFO - Setting next_dagrun for example_subdag_operator.section-1 to None, run_after=None
[2023-10-17T08:00:42.988+0000] {logging_mixin.py:151} INFO - [2023-10-17T08:00:42.988+0000] {dag.py:3722} INFO - Setting next_dagrun for example_subdag_operator.section-2 to None, run_after=None
[2023-10-17T08:00:42.993+0000] {logging_mixin.py:151} INFO - [2023-10-17T08:00:42.993+0000] {dag.py:2941} INFO - Sync 2 DAGs
[2023-10-17T08:00:42.999+0000] {logging_mixin.py:151} INFO - [2023-10-17T08:00:42.999+0000] {dag.py:3722} INFO - Setting next_dagrun for example_subdag_operator.section-1 to None, run_after=None
[2023-10-17T08:00:42.999+0000] {logging_mixin.py:151} INFO - [2023-10-17T08:00:42.999+0000] {dag.py:3722} INFO - Setting next_dagrun for example_subdag_operator.section-2 to None, run_after=None
[2023-10-17T08:00:43.008+0000] {processor.py:179} INFO - Processing /home/airflow/.local/lib/python3.8/site-packages/airflow/example_dags/example_subdag_operator.py took 0.081 seconds
[2023-10-17T08:01:13.229+0000] {processor.py:157} INFO - Started process (PID=812) to work on /home/airflow/.local/lib/python3.8/site-packages/airflow/example_dags/example_subdag_operator.py
[2023-10-17T08:01:13.230+0000] {processor.py:829} INFO - Processing file /home/airflow/.local/lib/python3.8/site-packages/airflow/example_dags/example_subdag_operator.py for tasks to queue
[2023-10-17T08:01:13.231+0000] {logging_mixin.py:151} INFO - [2023-10-17T08:01:13.231+0000] {dagbag.py:536} INFO - Filling up the DagBag from /home/airflow/.local/lib/python3.8/site-packages/airflow/example_dags/example_subdag_operator.py
[2023-10-17T08:01:13.249+0000] {processor.py:839} INFO - DAG(s) dict_keys(['example_subdag_operator.section-1', 'example_subdag_operator.section-2', 'example_subdag_operator']) retrieved from /home/airflow/.local/lib/python3.8/site-packages/airflow/example_dags/example_subdag_operator.py
[2023-10-17T08:01:13.265+0000] {logging_mixin.py:151} INFO - [2023-10-17T08:01:13.264+0000] {dag.py:2941} INFO - Sync 3 DAGs
[2023-10-17T08:01:13.286+0000] {logging_mixin.py:151} INFO - [2023-10-17T08:01:13.286+0000] {dag.py:3722} INFO - Setting next_dagrun for example_subdag_operator to 2022-01-01T00:00:00+00:00, run_after=2022-01-01T00:00:00+00:00
[2023-10-17T08:01:13.289+0000] {logging_mixin.py:151} INFO - [2023-10-17T08:01:13.289+0000] {dag.py:3722} INFO - Setting next_dagrun for example_subdag_operator.section-1 to None, run_after=None
[2023-10-17T08:01:13.290+0000] {logging_mixin.py:151} INFO - [2023-10-17T08:01:13.290+0000] {dag.py:3722} INFO - Setting next_dagrun for example_subdag_operator.section-2 to None, run_after=None
[2023-10-17T08:01:13.297+0000] {logging_mixin.py:151} INFO - [2023-10-17T08:01:13.297+0000] {dag.py:2941} INFO - Sync 2 DAGs
[2023-10-17T08:01:13.302+0000] {logging_mixin.py:151} INFO - [2023-10-17T08:01:13.302+0000] {dag.py:3722} INFO - Setting next_dagrun for example_subdag_operator.section-1 to None, run_after=None
[2023-10-17T08:01:13.302+0000] {logging_mixin.py:151} INFO - [2023-10-17T08:01:13.302+0000] {dag.py:3722} INFO - Setting next_dagrun for example_subdag_operator.section-2 to None, run_after=None
[2023-10-17T08:01:13.312+0000] {processor.py:179} INFO - Processing /home/airflow/.local/lib/python3.8/site-packages/airflow/example_dags/example_subdag_operator.py took 0.084 seconds
[2023-10-17T08:01:44.286+0000] {processor.py:157} INFO - Started process (PID=866) to work on /home/airflow/.local/lib/python3.8/site-packages/airflow/example_dags/example_subdag_operator.py
[2023-10-17T08:01:44.295+0000] {processor.py:829} INFO - Processing file /home/airflow/.local/lib/python3.8/site-packages/airflow/example_dags/example_subdag_operator.py for tasks to queue
[2023-10-17T08:01:44.297+0000] {logging_mixin.py:151} INFO - [2023-10-17T08:01:44.297+0000] {dagbag.py:536} INFO - Filling up the DagBag from /home/airflow/.local/lib/python3.8/site-packages/airflow/example_dags/example_subdag_operator.py
[2023-10-17T08:01:44.316+0000] {processor.py:839} INFO - DAG(s) dict_keys(['example_subdag_operator.section-1', 'example_subdag_operator.section-2', 'example_subdag_operator']) retrieved from /home/airflow/.local/lib/python3.8/site-packages/airflow/example_dags/example_subdag_operator.py
[2023-10-17T08:01:44.327+0000] {logging_mixin.py:151} INFO - [2023-10-17T08:01:44.327+0000] {dag.py:2941} INFO - Sync 3 DAGs
[2023-10-17T08:01:44.342+0000] {logging_mixin.py:151} INFO - [2023-10-17T08:01:44.342+0000] {dag.py:3722} INFO - Setting next_dagrun for example_subdag_operator to 2022-01-01T00:00:00+00:00, run_after=2022-01-01T00:00:00+00:00
[2023-10-17T08:01:44.344+0000] {logging_mixin.py:151} INFO - [2023-10-17T08:01:44.344+0000] {dag.py:3722} INFO - Setting next_dagrun for example_subdag_operator.section-1 to None, run_after=None
[2023-10-17T08:01:44.345+0000] {logging_mixin.py:151} INFO - [2023-10-17T08:01:44.345+0000] {dag.py:3722} INFO - Setting next_dagrun for example_subdag_operator.section-2 to None, run_after=None
[2023-10-17T08:01:44.351+0000] {logging_mixin.py:151} INFO - [2023-10-17T08:01:44.351+0000] {dag.py:2941} INFO - Sync 2 DAGs
[2023-10-17T08:01:44.355+0000] {logging_mixin.py:151} INFO - [2023-10-17T08:01:44.355+0000] {dag.py:3722} INFO - Setting next_dagrun for example_subdag_operator.section-1 to None, run_after=None
[2023-10-17T08:01:44.355+0000] {logging_mixin.py:151} INFO - [2023-10-17T08:01:44.355+0000] {dag.py:3722} INFO - Setting next_dagrun for example_subdag_operator.section-2 to None, run_after=None
[2023-10-17T08:01:44.364+0000] {processor.py:179} INFO - Processing /home/airflow/.local/lib/python3.8/site-packages/airflow/example_dags/example_subdag_operator.py took 0.081 seconds
[2023-10-17T08:02:15.220+0000] {processor.py:157} INFO - Started process (PID=920) to work on /home/airflow/.local/lib/python3.8/site-packages/airflow/example_dags/example_subdag_operator.py
[2023-10-17T08:02:15.228+0000] {processor.py:829} INFO - Processing file /home/airflow/.local/lib/python3.8/site-packages/airflow/example_dags/example_subdag_operator.py for tasks to queue
[2023-10-17T08:02:15.229+0000] {logging_mixin.py:151} INFO - [2023-10-17T08:02:15.229+0000] {dagbag.py:536} INFO - Filling up the DagBag from /home/airflow/.local/lib/python3.8/site-packages/airflow/example_dags/example_subdag_operator.py
[2023-10-17T08:02:15.248+0000] {processor.py:839} INFO - DAG(s) dict_keys(['example_subdag_operator.section-1', 'example_subdag_operator.section-2', 'example_subdag_operator']) retrieved from /home/airflow/.local/lib/python3.8/site-packages/airflow/example_dags/example_subdag_operator.py
[2023-10-17T08:02:15.258+0000] {logging_mixin.py:151} INFO - [2023-10-17T08:02:15.258+0000] {dag.py:2941} INFO - Sync 3 DAGs
[2023-10-17T08:02:15.273+0000] {logging_mixin.py:151} INFO - [2023-10-17T08:02:15.272+0000] {dag.py:3722} INFO - Setting next_dagrun for example_subdag_operator to 2022-01-01T00:00:00+00:00, run_after=2022-01-01T00:00:00+00:00
[2023-10-17T08:02:15.275+0000] {logging_mixin.py:151} INFO - [2023-10-17T08:02:15.275+0000] {dag.py:3722} INFO - Setting next_dagrun for example_subdag_operator.section-1 to None, run_after=None
[2023-10-17T08:02:15.276+0000] {logging_mixin.py:151} INFO - [2023-10-17T08:02:15.276+0000] {dag.py:3722} INFO - Setting next_dagrun for example_subdag_operator.section-2 to None, run_after=None
[2023-10-17T08:02:15.282+0000] {logging_mixin.py:151} INFO - [2023-10-17T08:02:15.281+0000] {dag.py:2941} INFO - Sync 2 DAGs
[2023-10-17T08:02:15.285+0000] {logging_mixin.py:151} INFO - [2023-10-17T08:02:15.285+0000] {dag.py:3722} INFO - Setting next_dagrun for example_subdag_operator.section-1 to None, run_after=None
[2023-10-17T08:02:15.286+0000] {logging_mixin.py:151} INFO - [2023-10-17T08:02:15.286+0000] {dag.py:3722} INFO - Setting next_dagrun for example_subdag_operator.section-2 to None, run_after=None
[2023-10-17T08:02:15.293+0000] {processor.py:179} INFO - Processing /home/airflow/.local/lib/python3.8/site-packages/airflow/example_dags/example_subdag_operator.py took 0.076 seconds
[2023-10-17T08:02:45.655+0000] {processor.py:157} INFO - Started process (PID=974) to work on /home/airflow/.local/lib/python3.8/site-packages/airflow/example_dags/example_subdag_operator.py
[2023-10-17T08:02:45.655+0000] {processor.py:829} INFO - Processing file /home/airflow/.local/lib/python3.8/site-packages/airflow/example_dags/example_subdag_operator.py for tasks to queue
[2023-10-17T08:02:45.657+0000] {logging_mixin.py:151} INFO - [2023-10-17T08:02:45.657+0000] {dagbag.py:536} INFO - Filling up the DagBag from /home/airflow/.local/lib/python3.8/site-packages/airflow/example_dags/example_subdag_operator.py
[2023-10-17T08:02:45.675+0000] {processor.py:839} INFO - DAG(s) dict_keys(['example_subdag_operator.section-1', 'example_subdag_operator.section-2', 'example_subdag_operator']) retrieved from /home/airflow/.local/lib/python3.8/site-packages/airflow/example_dags/example_subdag_operator.py
[2023-10-17T08:02:45.690+0000] {logging_mixin.py:151} INFO - [2023-10-17T08:02:45.689+0000] {dag.py:2941} INFO - Sync 3 DAGs
[2023-10-17T08:02:45.704+0000] {logging_mixin.py:151} INFO - [2023-10-17T08:02:45.704+0000] {dag.py:3722} INFO - Setting next_dagrun for example_subdag_operator to 2022-01-01T00:00:00+00:00, run_after=2022-01-01T00:00:00+00:00
[2023-10-17T08:02:45.707+0000] {logging_mixin.py:151} INFO - [2023-10-17T08:02:45.706+0000] {dag.py:3722} INFO - Setting next_dagrun for example_subdag_operator.section-1 to None, run_after=None
[2023-10-17T08:02:45.707+0000] {logging_mixin.py:151} INFO - [2023-10-17T08:02:45.707+0000] {dag.py:3722} INFO - Setting next_dagrun for example_subdag_operator.section-2 to None, run_after=None
[2023-10-17T08:02:45.713+0000] {logging_mixin.py:151} INFO - [2023-10-17T08:02:45.713+0000] {dag.py:2941} INFO - Sync 2 DAGs
[2023-10-17T08:02:45.718+0000] {logging_mixin.py:151} INFO - [2023-10-17T08:02:45.717+0000] {dag.py:3722} INFO - Setting next_dagrun for example_subdag_operator.section-1 to None, run_after=None
[2023-10-17T08:02:45.718+0000] {logging_mixin.py:151} INFO - [2023-10-17T08:02:45.718+0000] {dag.py:3722} INFO - Setting next_dagrun for example_subdag_operator.section-2 to None, run_after=None
[2023-10-17T08:02:45.730+0000] {processor.py:179} INFO - Processing /home/airflow/.local/lib/python3.8/site-packages/airflow/example_dags/example_subdag_operator.py took 0.077 seconds
[2023-10-17T08:03:15.811+0000] {processor.py:157} INFO - Started process (PID=1028) to work on /home/airflow/.local/lib/python3.8/site-packages/airflow/example_dags/example_subdag_operator.py
[2023-10-17T08:03:15.812+0000] {processor.py:829} INFO - Processing file /home/airflow/.local/lib/python3.8/site-packages/airflow/example_dags/example_subdag_operator.py for tasks to queue
[2023-10-17T08:03:15.813+0000] {logging_mixin.py:151} INFO - [2023-10-17T08:03:15.813+0000] {dagbag.py:536} INFO - Filling up the DagBag from /home/airflow/.local/lib/python3.8/site-packages/airflow/example_dags/example_subdag_operator.py
[2023-10-17T08:03:15.828+0000] {processor.py:839} INFO - DAG(s) dict_keys(['example_subdag_operator.section-1', 'example_subdag_operator.section-2', 'example_subdag_operator']) retrieved from /home/airflow/.local/lib/python3.8/site-packages/airflow/example_dags/example_subdag_operator.py
[2023-10-17T08:03:15.838+0000] {logging_mixin.py:151} INFO - [2023-10-17T08:03:15.838+0000] {dag.py:2941} INFO - Sync 3 DAGs
[2023-10-17T08:03:15.957+0000] {logging_mixin.py:151} INFO - [2023-10-17T08:03:15.957+0000] {dag.py:3722} INFO - Setting next_dagrun for example_subdag_operator to 2022-01-01T00:00:00+00:00, run_after=2022-01-01T00:00:00+00:00
[2023-10-17T08:03:15.960+0000] {logging_mixin.py:151} INFO - [2023-10-17T08:03:15.959+0000] {dag.py:3722} INFO - Setting next_dagrun for example_subdag_operator.section-1 to None, run_after=None
[2023-10-17T08:03:15.960+0000] {logging_mixin.py:151} INFO - [2023-10-17T08:03:15.960+0000] {dag.py:3722} INFO - Setting next_dagrun for example_subdag_operator.section-2 to None, run_after=None
[2023-10-17T08:03:15.965+0000] {logging_mixin.py:151} INFO - [2023-10-17T08:03:15.965+0000] {dag.py:2941} INFO - Sync 2 DAGs
[2023-10-17T08:03:15.969+0000] {logging_mixin.py:151} INFO - [2023-10-17T08:03:15.969+0000] {dag.py:3722} INFO - Setting next_dagrun for example_subdag_operator.section-1 to None, run_after=None
[2023-10-17T08:03:15.969+0000] {logging_mixin.py:151} INFO - [2023-10-17T08:03:15.969+0000] {dag.py:3722} INFO - Setting next_dagrun for example_subdag_operator.section-2 to None, run_after=None
[2023-10-17T08:03:15.978+0000] {processor.py:179} INFO - Processing /home/airflow/.local/lib/python3.8/site-packages/airflow/example_dags/example_subdag_operator.py took 0.169 seconds
[2023-10-17T08:03:46.566+0000] {processor.py:157} INFO - Started process (PID=1082) to work on /home/airflow/.local/lib/python3.8/site-packages/airflow/example_dags/example_subdag_operator.py
[2023-10-17T08:03:46.567+0000] {processor.py:829} INFO - Processing file /home/airflow/.local/lib/python3.8/site-packages/airflow/example_dags/example_subdag_operator.py for tasks to queue
[2023-10-17T08:03:46.570+0000] {logging_mixin.py:151} INFO - [2023-10-17T08:03:46.570+0000] {dagbag.py:536} INFO - Filling up the DagBag from /home/airflow/.local/lib/python3.8/site-packages/airflow/example_dags/example_subdag_operator.py
[2023-10-17T08:03:46.590+0000] {processor.py:839} INFO - DAG(s) dict_keys(['example_subdag_operator.section-1', 'example_subdag_operator.section-2', 'example_subdag_operator']) retrieved from /home/airflow/.local/lib/python3.8/site-packages/airflow/example_dags/example_subdag_operator.py
[2023-10-17T08:03:46.603+0000] {logging_mixin.py:151} INFO - [2023-10-17T08:03:46.602+0000] {dag.py:2941} INFO - Sync 3 DAGs
[2023-10-17T08:03:46.621+0000] {logging_mixin.py:151} INFO - [2023-10-17T08:03:46.621+0000] {dag.py:3722} INFO - Setting next_dagrun for example_subdag_operator to 2022-01-01T00:00:00+00:00, run_after=2022-01-01T00:00:00+00:00
[2023-10-17T08:03:46.623+0000] {logging_mixin.py:151} INFO - [2023-10-17T08:03:46.623+0000] {dag.py:3722} INFO - Setting next_dagrun for example_subdag_operator.section-1 to None, run_after=None
[2023-10-17T08:03:46.624+0000] {logging_mixin.py:151} INFO - [2023-10-17T08:03:46.624+0000] {dag.py:3722} INFO - Setting next_dagrun for example_subdag_operator.section-2 to None, run_after=None
[2023-10-17T08:03:46.631+0000] {logging_mixin.py:151} INFO - [2023-10-17T08:03:46.631+0000] {dag.py:2941} INFO - Sync 2 DAGs
[2023-10-17T08:03:46.638+0000] {logging_mixin.py:151} INFO - [2023-10-17T08:03:46.638+0000] {dag.py:3722} INFO - Setting next_dagrun for example_subdag_operator.section-1 to None, run_after=None
[2023-10-17T08:03:46.638+0000] {logging_mixin.py:151} INFO - [2023-10-17T08:03:46.638+0000] {dag.py:3722} INFO - Setting next_dagrun for example_subdag_operator.section-2 to None, run_after=None
[2023-10-17T08:03:46.646+0000] {processor.py:179} INFO - Processing /home/airflow/.local/lib/python3.8/site-packages/airflow/example_dags/example_subdag_operator.py took 0.083 seconds
[2023-10-17T08:04:16.668+0000] {processor.py:157} INFO - Started process (PID=1136) to work on /home/airflow/.local/lib/python3.8/site-packages/airflow/example_dags/example_subdag_operator.py
[2023-10-17T08:04:16.669+0000] {processor.py:829} INFO - Processing file /home/airflow/.local/lib/python3.8/site-packages/airflow/example_dags/example_subdag_operator.py for tasks to queue
[2023-10-17T08:04:16.671+0000] {logging_mixin.py:151} INFO - [2023-10-17T08:04:16.670+0000] {dagbag.py:536} INFO - Filling up the DagBag from /home/airflow/.local/lib/python3.8/site-packages/airflow/example_dags/example_subdag_operator.py
[2023-10-17T08:04:16.687+0000] {processor.py:839} INFO - DAG(s) dict_keys(['example_subdag_operator.section-1', 'example_subdag_operator.section-2', 'example_subdag_operator']) retrieved from /home/airflow/.local/lib/python3.8/site-packages/airflow/example_dags/example_subdag_operator.py
[2023-10-17T08:04:16.698+0000] {logging_mixin.py:151} INFO - [2023-10-17T08:04:16.698+0000] {dag.py:2941} INFO - Sync 3 DAGs
[2023-10-17T08:04:16.713+0000] {logging_mixin.py:151} INFO - [2023-10-17T08:04:16.713+0000] {dag.py:3722} INFO - Setting next_dagrun for example_subdag_operator to 2022-01-01T00:00:00+00:00, run_after=2022-01-01T00:00:00+00:00
[2023-10-17T08:04:16.716+0000] {logging_mixin.py:151} INFO - [2023-10-17T08:04:16.716+0000] {dag.py:3722} INFO - Setting next_dagrun for example_subdag_operator.section-1 to None, run_after=None
[2023-10-17T08:04:16.717+0000] {logging_mixin.py:151} INFO - [2023-10-17T08:04:16.717+0000] {dag.py:3722} INFO - Setting next_dagrun for example_subdag_operator.section-2 to None, run_after=None
[2023-10-17T08:04:16.722+0000] {logging_mixin.py:151} INFO - [2023-10-17T08:04:16.722+0000] {dag.py:2941} INFO - Sync 2 DAGs
[2023-10-17T08:04:16.727+0000] {logging_mixin.py:151} INFO - [2023-10-17T08:04:16.727+0000] {dag.py:3722} INFO - Setting next_dagrun for example_subdag_operator.section-1 to None, run_after=None
[2023-10-17T08:04:16.727+0000] {logging_mixin.py:151} INFO - [2023-10-17T08:04:16.727+0000] {dag.py:3722} INFO - Setting next_dagrun for example_subdag_operator.section-2 to None, run_after=None
[2023-10-17T08:04:16.735+0000] {processor.py:179} INFO - Processing /home/airflow/.local/lib/python3.8/site-packages/airflow/example_dags/example_subdag_operator.py took 0.069 seconds
