[2023-10-17T07:39:53.370+0000] {processor.py:157} INFO - Started process (PID=153) to work on /home/airflow/.local/lib/python3.8/site-packages/airflow/example_dags/example_sla_dag.py
[2023-10-17T07:39:53.371+0000] {processor.py:829} INFO - Processing file /home/airflow/.local/lib/python3.8/site-packages/airflow/example_dags/example_sla_dag.py for tasks to queue
[2023-10-17T07:39:53.372+0000] {logging_mixin.py:151} INFO - [2023-10-17T07:39:53.372+0000] {dagbag.py:536} INFO - Filling up the DagBag from /home/airflow/.local/lib/python3.8/site-packages/airflow/example_dags/example_sla_dag.py
[2023-10-17T07:39:53.378+0000] {processor.py:839} INFO - DAG(s) dict_keys(['example_sla_dag']) retrieved from /home/airflow/.local/lib/python3.8/site-packages/airflow/example_dags/example_sla_dag.py
[2023-10-17T07:39:53.393+0000] {logging_mixin.py:151} INFO - [2023-10-17T07:39:53.393+0000] {dag.py:2941} INFO - Sync 1 DAGs
[2023-10-17T07:39:53.412+0000] {logging_mixin.py:151} INFO - [2023-10-17T07:39:53.412+0000] {dag.py:3722} INFO - Setting next_dagrun for example_sla_dag to 2023-10-17T07:36:00+00:00, run_after=2023-10-17T07:38:00+00:00
[2023-10-17T07:39:53.427+0000] {processor.py:179} INFO - Processing /home/airflow/.local/lib/python3.8/site-packages/airflow/example_dags/example_sla_dag.py took 0.060 seconds
[2023-10-17T07:40:24.291+0000] {processor.py:157} INFO - Started process (PID=207) to work on /home/airflow/.local/lib/python3.8/site-packages/airflow/example_dags/example_sla_dag.py
[2023-10-17T07:40:24.291+0000] {processor.py:829} INFO - Processing file /home/airflow/.local/lib/python3.8/site-packages/airflow/example_dags/example_sla_dag.py for tasks to queue
[2023-10-17T07:40:24.292+0000] {logging_mixin.py:151} INFO - [2023-10-17T07:40:24.292+0000] {dagbag.py:536} INFO - Filling up the DagBag from /home/airflow/.local/lib/python3.8/site-packages/airflow/example_dags/example_sla_dag.py
[2023-10-17T07:40:24.297+0000] {processor.py:839} INFO - DAG(s) dict_keys(['example_sla_dag']) retrieved from /home/airflow/.local/lib/python3.8/site-packages/airflow/example_dags/example_sla_dag.py
[2023-10-17T07:40:24.311+0000] {logging_mixin.py:151} INFO - [2023-10-17T07:40:24.310+0000] {dag.py:2941} INFO - Sync 1 DAGs
[2023-10-17T07:40:24.327+0000] {logging_mixin.py:151} INFO - [2023-10-17T07:40:24.327+0000] {dag.py:3722} INFO - Setting next_dagrun for example_sla_dag to 2023-10-17T07:38:00+00:00, run_after=2023-10-17T07:40:00+00:00
[2023-10-17T07:40:24.339+0000] {processor.py:179} INFO - Processing /home/airflow/.local/lib/python3.8/site-packages/airflow/example_dags/example_sla_dag.py took 0.050 seconds
[2023-10-17T07:44:12.654+0000] {processor.py:157} INFO - Started process (PID=63) to work on /home/airflow/.local/lib/python3.8/site-packages/airflow/example_dags/example_sla_dag.py
[2023-10-17T07:44:12.654+0000] {processor.py:829} INFO - Processing file /home/airflow/.local/lib/python3.8/site-packages/airflow/example_dags/example_sla_dag.py for tasks to queue
[2023-10-17T07:44:12.656+0000] {logging_mixin.py:151} INFO - [2023-10-17T07:44:12.656+0000] {dagbag.py:536} INFO - Filling up the DagBag from /home/airflow/.local/lib/python3.8/site-packages/airflow/example_dags/example_sla_dag.py
[2023-10-17T07:44:12.661+0000] {processor.py:839} INFO - DAG(s) dict_keys(['example_sla_dag']) retrieved from /home/airflow/.local/lib/python3.8/site-packages/airflow/example_dags/example_sla_dag.py
[2023-10-17T07:44:12.670+0000] {logging_mixin.py:151} INFO - [2023-10-17T07:44:12.670+0000] {dag.py:2941} INFO - Sync 1 DAGs
[2023-10-17T07:44:12.690+0000] {logging_mixin.py:151} INFO - [2023-10-17T07:44:12.689+0000] {dag.py:3722} INFO - Setting next_dagrun for example_sla_dag to 2023-10-17T07:42:00+00:00, run_after=2023-10-17T07:44:00+00:00
[2023-10-17T07:44:12.703+0000] {processor.py:179} INFO - Processing /home/airflow/.local/lib/python3.8/site-packages/airflow/example_dags/example_sla_dag.py took 0.051 seconds
[2023-10-17T07:44:43.411+0000] {processor.py:157} INFO - Started process (PID=117) to work on /home/airflow/.local/lib/python3.8/site-packages/airflow/example_dags/example_sla_dag.py
[2023-10-17T07:44:43.411+0000] {processor.py:829} INFO - Processing file /home/airflow/.local/lib/python3.8/site-packages/airflow/example_dags/example_sla_dag.py for tasks to queue
[2023-10-17T07:44:43.413+0000] {logging_mixin.py:151} INFO - [2023-10-17T07:44:43.412+0000] {dagbag.py:536} INFO - Filling up the DagBag from /home/airflow/.local/lib/python3.8/site-packages/airflow/example_dags/example_sla_dag.py
[2023-10-17T07:44:43.418+0000] {processor.py:839} INFO - DAG(s) dict_keys(['example_sla_dag']) retrieved from /home/airflow/.local/lib/python3.8/site-packages/airflow/example_dags/example_sla_dag.py
[2023-10-17T07:44:43.432+0000] {logging_mixin.py:151} INFO - [2023-10-17T07:44:43.432+0000] {dag.py:2941} INFO - Sync 1 DAGs
[2023-10-17T07:44:43.454+0000] {logging_mixin.py:151} INFO - [2023-10-17T07:44:43.454+0000] {dag.py:3722} INFO - Setting next_dagrun for example_sla_dag to 2023-10-17T07:42:00+00:00, run_after=2023-10-17T07:44:00+00:00
[2023-10-17T07:44:43.468+0000] {processor.py:179} INFO - Processing /home/airflow/.local/lib/python3.8/site-packages/airflow/example_dags/example_sla_dag.py took 0.059 seconds
[2023-10-17T07:45:13.970+0000] {processor.py:157} INFO - Started process (PID=172) to work on /home/airflow/.local/lib/python3.8/site-packages/airflow/example_dags/example_sla_dag.py
[2023-10-17T07:45:13.970+0000] {processor.py:829} INFO - Processing file /home/airflow/.local/lib/python3.8/site-packages/airflow/example_dags/example_sla_dag.py for tasks to queue
[2023-10-17T07:45:13.973+0000] {logging_mixin.py:151} INFO - [2023-10-17T07:45:13.972+0000] {dagbag.py:536} INFO - Filling up the DagBag from /home/airflow/.local/lib/python3.8/site-packages/airflow/example_dags/example_sla_dag.py
[2023-10-17T07:45:13.981+0000] {processor.py:839} INFO - DAG(s) dict_keys(['example_sla_dag']) retrieved from /home/airflow/.local/lib/python3.8/site-packages/airflow/example_dags/example_sla_dag.py
[2023-10-17T07:45:13.998+0000] {logging_mixin.py:151} INFO - [2023-10-17T07:45:13.997+0000] {dag.py:2941} INFO - Sync 1 DAGs
[2023-10-17T07:45:14.016+0000] {logging_mixin.py:151} INFO - [2023-10-17T07:45:14.016+0000] {dag.py:3722} INFO - Setting next_dagrun for example_sla_dag to 2023-10-17T07:42:00+00:00, run_after=2023-10-17T07:44:00+00:00
[2023-10-17T07:45:14.031+0000] {processor.py:179} INFO - Processing /home/airflow/.local/lib/python3.8/site-packages/airflow/example_dags/example_sla_dag.py took 0.064 seconds
[2023-10-17T07:45:44.970+0000] {processor.py:157} INFO - Started process (PID=226) to work on /home/airflow/.local/lib/python3.8/site-packages/airflow/example_dags/example_sla_dag.py
[2023-10-17T07:45:44.971+0000] {processor.py:829} INFO - Processing file /home/airflow/.local/lib/python3.8/site-packages/airflow/example_dags/example_sla_dag.py for tasks to queue
[2023-10-17T07:45:44.972+0000] {logging_mixin.py:151} INFO - [2023-10-17T07:45:44.972+0000] {dagbag.py:536} INFO - Filling up the DagBag from /home/airflow/.local/lib/python3.8/site-packages/airflow/example_dags/example_sla_dag.py
[2023-10-17T07:45:44.977+0000] {processor.py:839} INFO - DAG(s) dict_keys(['example_sla_dag']) retrieved from /home/airflow/.local/lib/python3.8/site-packages/airflow/example_dags/example_sla_dag.py
[2023-10-17T07:45:44.991+0000] {logging_mixin.py:151} INFO - [2023-10-17T07:45:44.991+0000] {dag.py:2941} INFO - Sync 1 DAGs
[2023-10-17T07:45:45.008+0000] {logging_mixin.py:151} INFO - [2023-10-17T07:45:45.008+0000] {dag.py:3722} INFO - Setting next_dagrun for example_sla_dag to 2023-10-17T07:42:00+00:00, run_after=2023-10-17T07:44:00+00:00
[2023-10-17T07:45:45.020+0000] {processor.py:179} INFO - Processing /home/airflow/.local/lib/python3.8/site-packages/airflow/example_dags/example_sla_dag.py took 0.052 seconds
[2023-10-17T07:46:15.315+0000] {processor.py:157} INFO - Started process (PID=280) to work on /home/airflow/.local/lib/python3.8/site-packages/airflow/example_dags/example_sla_dag.py
[2023-10-17T07:46:15.316+0000] {processor.py:829} INFO - Processing file /home/airflow/.local/lib/python3.8/site-packages/airflow/example_dags/example_sla_dag.py for tasks to queue
[2023-10-17T07:46:15.317+0000] {logging_mixin.py:151} INFO - [2023-10-17T07:46:15.317+0000] {dagbag.py:536} INFO - Filling up the DagBag from /home/airflow/.local/lib/python3.8/site-packages/airflow/example_dags/example_sla_dag.py
[2023-10-17T07:46:15.323+0000] {processor.py:839} INFO - DAG(s) dict_keys(['example_sla_dag']) retrieved from /home/airflow/.local/lib/python3.8/site-packages/airflow/example_dags/example_sla_dag.py
[2023-10-17T07:46:15.340+0000] {logging_mixin.py:151} INFO - [2023-10-17T07:46:15.340+0000] {dag.py:2941} INFO - Sync 1 DAGs
[2023-10-17T07:46:15.362+0000] {logging_mixin.py:151} INFO - [2023-10-17T07:46:15.362+0000] {dag.py:3722} INFO - Setting next_dagrun for example_sla_dag to 2023-10-17T07:44:00+00:00, run_after=2023-10-17T07:46:00+00:00
[2023-10-17T07:46:15.375+0000] {processor.py:179} INFO - Processing /home/airflow/.local/lib/python3.8/site-packages/airflow/example_dags/example_sla_dag.py took 0.062 seconds
[2023-10-17T07:54:07.705+0000] {processor.py:157} INFO - Started process (PID=63) to work on /home/airflow/.local/lib/python3.8/site-packages/airflow/example_dags/example_sla_dag.py
[2023-10-17T07:54:07.706+0000] {processor.py:829} INFO - Processing file /home/airflow/.local/lib/python3.8/site-packages/airflow/example_dags/example_sla_dag.py for tasks to queue
[2023-10-17T07:54:07.708+0000] {logging_mixin.py:151} INFO - [2023-10-17T07:54:07.708+0000] {dagbag.py:536} INFO - Filling up the DagBag from /home/airflow/.local/lib/python3.8/site-packages/airflow/example_dags/example_sla_dag.py
[2023-10-17T07:54:07.714+0000] {processor.py:839} INFO - DAG(s) dict_keys(['example_sla_dag']) retrieved from /home/airflow/.local/lib/python3.8/site-packages/airflow/example_dags/example_sla_dag.py
[2023-10-17T07:54:07.725+0000] {logging_mixin.py:151} INFO - [2023-10-17T07:54:07.725+0000] {dag.py:2941} INFO - Sync 1 DAGs
[2023-10-17T07:54:07.750+0000] {logging_mixin.py:151} INFO - [2023-10-17T07:54:07.750+0000] {dag.py:3722} INFO - Setting next_dagrun for example_sla_dag to 2023-10-17T07:52:00+00:00, run_after=2023-10-17T07:54:00+00:00
[2023-10-17T07:54:07.766+0000] {processor.py:179} INFO - Processing /home/airflow/.local/lib/python3.8/site-packages/airflow/example_dags/example_sla_dag.py took 0.063 seconds
[2023-10-17T07:54:38.461+0000] {processor.py:157} INFO - Started process (PID=117) to work on /home/airflow/.local/lib/python3.8/site-packages/airflow/example_dags/example_sla_dag.py
[2023-10-17T07:54:38.462+0000] {processor.py:829} INFO - Processing file /home/airflow/.local/lib/python3.8/site-packages/airflow/example_dags/example_sla_dag.py for tasks to queue
[2023-10-17T07:54:38.463+0000] {logging_mixin.py:151} INFO - [2023-10-17T07:54:38.463+0000] {dagbag.py:536} INFO - Filling up the DagBag from /home/airflow/.local/lib/python3.8/site-packages/airflow/example_dags/example_sla_dag.py
[2023-10-17T07:54:38.468+0000] {processor.py:839} INFO - DAG(s) dict_keys(['example_sla_dag']) retrieved from /home/airflow/.local/lib/python3.8/site-packages/airflow/example_dags/example_sla_dag.py
[2023-10-17T07:54:38.482+0000] {logging_mixin.py:151} INFO - [2023-10-17T07:54:38.482+0000] {dag.py:2941} INFO - Sync 1 DAGs
[2023-10-17T07:54:38.501+0000] {logging_mixin.py:151} INFO - [2023-10-17T07:54:38.501+0000] {dag.py:3722} INFO - Setting next_dagrun for example_sla_dag to 2023-10-17T07:52:00+00:00, run_after=2023-10-17T07:54:00+00:00
[2023-10-17T07:54:38.514+0000] {processor.py:179} INFO - Processing /home/airflow/.local/lib/python3.8/site-packages/airflow/example_dags/example_sla_dag.py took 0.055 seconds
[2023-10-17T07:55:08.738+0000] {processor.py:157} INFO - Started process (PID=171) to work on /home/airflow/.local/lib/python3.8/site-packages/airflow/example_dags/example_sla_dag.py
[2023-10-17T07:55:08.739+0000] {processor.py:829} INFO - Processing file /home/airflow/.local/lib/python3.8/site-packages/airflow/example_dags/example_sla_dag.py for tasks to queue
[2023-10-17T07:55:08.740+0000] {logging_mixin.py:151} INFO - [2023-10-17T07:55:08.740+0000] {dagbag.py:536} INFO - Filling up the DagBag from /home/airflow/.local/lib/python3.8/site-packages/airflow/example_dags/example_sla_dag.py
[2023-10-17T07:55:08.745+0000] {processor.py:839} INFO - DAG(s) dict_keys(['example_sla_dag']) retrieved from /home/airflow/.local/lib/python3.8/site-packages/airflow/example_dags/example_sla_dag.py
[2023-10-17T07:55:08.760+0000] {logging_mixin.py:151} INFO - [2023-10-17T07:55:08.760+0000] {dag.py:2941} INFO - Sync 1 DAGs
[2023-10-17T07:55:08.779+0000] {logging_mixin.py:151} INFO - [2023-10-17T07:55:08.779+0000] {dag.py:3722} INFO - Setting next_dagrun for example_sla_dag to 2023-10-17T07:52:00+00:00, run_after=2023-10-17T07:54:00+00:00
[2023-10-17T07:55:08.792+0000] {processor.py:179} INFO - Processing /home/airflow/.local/lib/python3.8/site-packages/airflow/example_dags/example_sla_dag.py took 0.055 seconds
[2023-10-17T07:55:38.840+0000] {processor.py:157} INFO - Started process (PID=225) to work on /home/airflow/.local/lib/python3.8/site-packages/airflow/example_dags/example_sla_dag.py
[2023-10-17T07:55:38.840+0000] {processor.py:829} INFO - Processing file /home/airflow/.local/lib/python3.8/site-packages/airflow/example_dags/example_sla_dag.py for tasks to queue
[2023-10-17T07:55:38.841+0000] {logging_mixin.py:151} INFO - [2023-10-17T07:55:38.841+0000] {dagbag.py:536} INFO - Filling up the DagBag from /home/airflow/.local/lib/python3.8/site-packages/airflow/example_dags/example_sla_dag.py
[2023-10-17T07:55:38.846+0000] {processor.py:839} INFO - DAG(s) dict_keys(['example_sla_dag']) retrieved from /home/airflow/.local/lib/python3.8/site-packages/airflow/example_dags/example_sla_dag.py
[2023-10-17T07:55:38.860+0000] {logging_mixin.py:151} INFO - [2023-10-17T07:55:38.859+0000] {dag.py:2941} INFO - Sync 1 DAGs
[2023-10-17T07:55:38.875+0000] {logging_mixin.py:151} INFO - [2023-10-17T07:55:38.875+0000] {dag.py:3722} INFO - Setting next_dagrun for example_sla_dag to 2023-10-17T07:52:00+00:00, run_after=2023-10-17T07:54:00+00:00
[2023-10-17T07:55:38.888+0000] {processor.py:179} INFO - Processing /home/airflow/.local/lib/python3.8/site-packages/airflow/example_dags/example_sla_dag.py took 0.050 seconds
[2023-10-17T07:56:08.956+0000] {processor.py:157} INFO - Started process (PID=279) to work on /home/airflow/.local/lib/python3.8/site-packages/airflow/example_dags/example_sla_dag.py
[2023-10-17T07:56:08.957+0000] {processor.py:829} INFO - Processing file /home/airflow/.local/lib/python3.8/site-packages/airflow/example_dags/example_sla_dag.py for tasks to queue
[2023-10-17T07:56:08.958+0000] {logging_mixin.py:151} INFO - [2023-10-17T07:56:08.958+0000] {dagbag.py:536} INFO - Filling up the DagBag from /home/airflow/.local/lib/python3.8/site-packages/airflow/example_dags/example_sla_dag.py
[2023-10-17T07:56:08.963+0000] {processor.py:839} INFO - DAG(s) dict_keys(['example_sla_dag']) retrieved from /home/airflow/.local/lib/python3.8/site-packages/airflow/example_dags/example_sla_dag.py
[2023-10-17T07:56:08.976+0000] {logging_mixin.py:151} INFO - [2023-10-17T07:56:08.976+0000] {dag.py:2941} INFO - Sync 1 DAGs
[2023-10-17T07:56:08.993+0000] {logging_mixin.py:151} INFO - [2023-10-17T07:56:08.993+0000] {dag.py:3722} INFO - Setting next_dagrun for example_sla_dag to 2023-10-17T07:54:00+00:00, run_after=2023-10-17T07:56:00+00:00
[2023-10-17T07:56:09.005+0000] {processor.py:179} INFO - Processing /home/airflow/.local/lib/python3.8/site-packages/airflow/example_dags/example_sla_dag.py took 0.051 seconds
[2023-10-17T07:56:39.387+0000] {processor.py:157} INFO - Started process (PID=333) to work on /home/airflow/.local/lib/python3.8/site-packages/airflow/example_dags/example_sla_dag.py
[2023-10-17T07:56:39.387+0000] {processor.py:829} INFO - Processing file /home/airflow/.local/lib/python3.8/site-packages/airflow/example_dags/example_sla_dag.py for tasks to queue
[2023-10-17T07:56:39.388+0000] {logging_mixin.py:151} INFO - [2023-10-17T07:56:39.388+0000] {dagbag.py:536} INFO - Filling up the DagBag from /home/airflow/.local/lib/python3.8/site-packages/airflow/example_dags/example_sla_dag.py
[2023-10-17T07:56:39.394+0000] {processor.py:839} INFO - DAG(s) dict_keys(['example_sla_dag']) retrieved from /home/airflow/.local/lib/python3.8/site-packages/airflow/example_dags/example_sla_dag.py
[2023-10-17T07:56:39.407+0000] {logging_mixin.py:151} INFO - [2023-10-17T07:56:39.407+0000] {dag.py:2941} INFO - Sync 1 DAGs
[2023-10-17T07:56:39.425+0000] {logging_mixin.py:151} INFO - [2023-10-17T07:56:39.425+0000] {dag.py:3722} INFO - Setting next_dagrun for example_sla_dag to 2023-10-17T07:54:00+00:00, run_after=2023-10-17T07:56:00+00:00
[2023-10-17T07:56:39.437+0000] {processor.py:179} INFO - Processing /home/airflow/.local/lib/python3.8/site-packages/airflow/example_dags/example_sla_dag.py took 0.053 seconds
[2023-10-17T07:57:10.141+0000] {processor.py:157} INFO - Started process (PID=387) to work on /home/airflow/.local/lib/python3.8/site-packages/airflow/example_dags/example_sla_dag.py
[2023-10-17T07:57:10.142+0000] {processor.py:829} INFO - Processing file /home/airflow/.local/lib/python3.8/site-packages/airflow/example_dags/example_sla_dag.py for tasks to queue
[2023-10-17T07:57:10.143+0000] {logging_mixin.py:151} INFO - [2023-10-17T07:57:10.143+0000] {dagbag.py:536} INFO - Filling up the DagBag from /home/airflow/.local/lib/python3.8/site-packages/airflow/example_dags/example_sla_dag.py
[2023-10-17T07:57:10.148+0000] {processor.py:839} INFO - DAG(s) dict_keys(['example_sla_dag']) retrieved from /home/airflow/.local/lib/python3.8/site-packages/airflow/example_dags/example_sla_dag.py
[2023-10-17T07:57:10.161+0000] {logging_mixin.py:151} INFO - [2023-10-17T07:57:10.161+0000] {dag.py:2941} INFO - Sync 1 DAGs
[2023-10-17T07:57:10.178+0000] {logging_mixin.py:151} INFO - [2023-10-17T07:57:10.178+0000] {dag.py:3722} INFO - Setting next_dagrun for example_sla_dag to 2023-10-17T07:54:00+00:00, run_after=2023-10-17T07:56:00+00:00
[2023-10-17T07:57:10.190+0000] {processor.py:179} INFO - Processing /home/airflow/.local/lib/python3.8/site-packages/airflow/example_dags/example_sla_dag.py took 0.051 seconds
[2023-10-17T07:57:41.085+0000] {processor.py:157} INFO - Started process (PID=441) to work on /home/airflow/.local/lib/python3.8/site-packages/airflow/example_dags/example_sla_dag.py
[2023-10-17T07:57:41.086+0000] {processor.py:829} INFO - Processing file /home/airflow/.local/lib/python3.8/site-packages/airflow/example_dags/example_sla_dag.py for tasks to queue
[2023-10-17T07:57:41.087+0000] {logging_mixin.py:151} INFO - [2023-10-17T07:57:41.087+0000] {dagbag.py:536} INFO - Filling up the DagBag from /home/airflow/.local/lib/python3.8/site-packages/airflow/example_dags/example_sla_dag.py
[2023-10-17T07:57:41.094+0000] {processor.py:839} INFO - DAG(s) dict_keys(['example_sla_dag']) retrieved from /home/airflow/.local/lib/python3.8/site-packages/airflow/example_dags/example_sla_dag.py
[2023-10-17T07:57:41.109+0000] {logging_mixin.py:151} INFO - [2023-10-17T07:57:41.108+0000] {dag.py:2941} INFO - Sync 1 DAGs
[2023-10-17T07:57:41.127+0000] {logging_mixin.py:151} INFO - [2023-10-17T07:57:41.127+0000] {dag.py:3722} INFO - Setting next_dagrun for example_sla_dag to 2023-10-17T07:54:00+00:00, run_after=2023-10-17T07:56:00+00:00
[2023-10-17T07:57:41.141+0000] {processor.py:179} INFO - Processing /home/airflow/.local/lib/python3.8/site-packages/airflow/example_dags/example_sla_dag.py took 0.058 seconds
[2023-10-17T07:58:11.411+0000] {processor.py:157} INFO - Started process (PID=495) to work on /home/airflow/.local/lib/python3.8/site-packages/airflow/example_dags/example_sla_dag.py
[2023-10-17T07:58:11.411+0000] {processor.py:829} INFO - Processing file /home/airflow/.local/lib/python3.8/site-packages/airflow/example_dags/example_sla_dag.py for tasks to queue
[2023-10-17T07:58:11.413+0000] {logging_mixin.py:151} INFO - [2023-10-17T07:58:11.413+0000] {dagbag.py:536} INFO - Filling up the DagBag from /home/airflow/.local/lib/python3.8/site-packages/airflow/example_dags/example_sla_dag.py
[2023-10-17T07:58:11.422+0000] {processor.py:839} INFO - DAG(s) dict_keys(['example_sla_dag']) retrieved from /home/airflow/.local/lib/python3.8/site-packages/airflow/example_dags/example_sla_dag.py
[2023-10-17T07:58:11.436+0000] {logging_mixin.py:151} INFO - [2023-10-17T07:58:11.436+0000] {dag.py:2941} INFO - Sync 1 DAGs
[2023-10-17T07:58:11.458+0000] {logging_mixin.py:151} INFO - [2023-10-17T07:58:11.457+0000] {dag.py:3722} INFO - Setting next_dagrun for example_sla_dag to 2023-10-17T07:56:00+00:00, run_after=2023-10-17T07:58:00+00:00
[2023-10-17T07:58:11.473+0000] {processor.py:179} INFO - Processing /home/airflow/.local/lib/python3.8/site-packages/airflow/example_dags/example_sla_dag.py took 0.065 seconds
[2023-10-17T07:58:41.650+0000] {processor.py:157} INFO - Started process (PID=549) to work on /home/airflow/.local/lib/python3.8/site-packages/airflow/example_dags/example_sla_dag.py
[2023-10-17T07:58:41.651+0000] {processor.py:829} INFO - Processing file /home/airflow/.local/lib/python3.8/site-packages/airflow/example_dags/example_sla_dag.py for tasks to queue
[2023-10-17T07:58:41.652+0000] {logging_mixin.py:151} INFO - [2023-10-17T07:58:41.652+0000] {dagbag.py:536} INFO - Filling up the DagBag from /home/airflow/.local/lib/python3.8/site-packages/airflow/example_dags/example_sla_dag.py
[2023-10-17T07:58:41.658+0000] {processor.py:839} INFO - DAG(s) dict_keys(['example_sla_dag']) retrieved from /home/airflow/.local/lib/python3.8/site-packages/airflow/example_dags/example_sla_dag.py
[2023-10-17T07:58:41.673+0000] {logging_mixin.py:151} INFO - [2023-10-17T07:58:41.672+0000] {dag.py:2941} INFO - Sync 1 DAGs
[2023-10-17T07:58:41.692+0000] {logging_mixin.py:151} INFO - [2023-10-17T07:58:41.691+0000] {dag.py:3722} INFO - Setting next_dagrun for example_sla_dag to 2023-10-17T07:56:00+00:00, run_after=2023-10-17T07:58:00+00:00
[2023-10-17T07:58:41.703+0000] {processor.py:179} INFO - Processing /home/airflow/.local/lib/python3.8/site-packages/airflow/example_dags/example_sla_dag.py took 0.055 seconds
[2023-10-17T07:59:11.763+0000] {processor.py:157} INFO - Started process (PID=603) to work on /home/airflow/.local/lib/python3.8/site-packages/airflow/example_dags/example_sla_dag.py
[2023-10-17T07:59:11.764+0000] {processor.py:829} INFO - Processing file /home/airflow/.local/lib/python3.8/site-packages/airflow/example_dags/example_sla_dag.py for tasks to queue
[2023-10-17T07:59:11.765+0000] {logging_mixin.py:151} INFO - [2023-10-17T07:59:11.765+0000] {dagbag.py:536} INFO - Filling up the DagBag from /home/airflow/.local/lib/python3.8/site-packages/airflow/example_dags/example_sla_dag.py
[2023-10-17T07:59:11.770+0000] {processor.py:839} INFO - DAG(s) dict_keys(['example_sla_dag']) retrieved from /home/airflow/.local/lib/python3.8/site-packages/airflow/example_dags/example_sla_dag.py
[2023-10-17T07:59:11.784+0000] {logging_mixin.py:151} INFO - [2023-10-17T07:59:11.784+0000] {dag.py:2941} INFO - Sync 1 DAGs
[2023-10-17T07:59:11.802+0000] {logging_mixin.py:151} INFO - [2023-10-17T07:59:11.802+0000] {dag.py:3722} INFO - Setting next_dagrun for example_sla_dag to 2023-10-17T07:56:00+00:00, run_after=2023-10-17T07:58:00+00:00
[2023-10-17T07:59:11.814+0000] {processor.py:179} INFO - Processing /home/airflow/.local/lib/python3.8/site-packages/airflow/example_dags/example_sla_dag.py took 0.053 seconds
[2023-10-17T07:59:41.959+0000] {processor.py:157} INFO - Started process (PID=657) to work on /home/airflow/.local/lib/python3.8/site-packages/airflow/example_dags/example_sla_dag.py
[2023-10-17T07:59:41.959+0000] {processor.py:829} INFO - Processing file /home/airflow/.local/lib/python3.8/site-packages/airflow/example_dags/example_sla_dag.py for tasks to queue
[2023-10-17T07:59:41.960+0000] {logging_mixin.py:151} INFO - [2023-10-17T07:59:41.960+0000] {dagbag.py:536} INFO - Filling up the DagBag from /home/airflow/.local/lib/python3.8/site-packages/airflow/example_dags/example_sla_dag.py
[2023-10-17T07:59:41.966+0000] {processor.py:839} INFO - DAG(s) dict_keys(['example_sla_dag']) retrieved from /home/airflow/.local/lib/python3.8/site-packages/airflow/example_dags/example_sla_dag.py
[2023-10-17T07:59:41.979+0000] {logging_mixin.py:151} INFO - [2023-10-17T07:59:41.979+0000] {dag.py:2941} INFO - Sync 1 DAGs
[2023-10-17T07:59:41.996+0000] {logging_mixin.py:151} INFO - [2023-10-17T07:59:41.996+0000] {dag.py:3722} INFO - Setting next_dagrun for example_sla_dag to 2023-10-17T07:56:00+00:00, run_after=2023-10-17T07:58:00+00:00
[2023-10-17T07:59:42.009+0000] {processor.py:179} INFO - Processing /home/airflow/.local/lib/python3.8/site-packages/airflow/example_dags/example_sla_dag.py took 0.052 seconds
[2023-10-17T08:00:12.958+0000] {processor.py:157} INFO - Started process (PID=711) to work on /home/airflow/.local/lib/python3.8/site-packages/airflow/example_dags/example_sla_dag.py
[2023-10-17T08:00:12.959+0000] {processor.py:829} INFO - Processing file /home/airflow/.local/lib/python3.8/site-packages/airflow/example_dags/example_sla_dag.py for tasks to queue
[2023-10-17T08:00:12.960+0000] {logging_mixin.py:151} INFO - [2023-10-17T08:00:12.960+0000] {dagbag.py:536} INFO - Filling up the DagBag from /home/airflow/.local/lib/python3.8/site-packages/airflow/example_dags/example_sla_dag.py
[2023-10-17T08:00:12.968+0000] {processor.py:839} INFO - DAG(s) dict_keys(['example_sla_dag']) retrieved from /home/airflow/.local/lib/python3.8/site-packages/airflow/example_dags/example_sla_dag.py
[2023-10-17T08:00:12.985+0000] {logging_mixin.py:151} INFO - [2023-10-17T08:00:12.985+0000] {dag.py:2941} INFO - Sync 1 DAGs
[2023-10-17T08:00:13.010+0000] {logging_mixin.py:151} INFO - [2023-10-17T08:00:13.010+0000] {dag.py:3722} INFO - Setting next_dagrun for example_sla_dag to 2023-10-17T07:58:00+00:00, run_after=2023-10-17T08:00:00+00:00
[2023-10-17T08:00:13.030+0000] {processor.py:179} INFO - Processing /home/airflow/.local/lib/python3.8/site-packages/airflow/example_dags/example_sla_dag.py took 0.074 seconds
[2023-10-17T08:00:43.206+0000] {processor.py:157} INFO - Started process (PID=765) to work on /home/airflow/.local/lib/python3.8/site-packages/airflow/example_dags/example_sla_dag.py
[2023-10-17T08:00:43.206+0000] {processor.py:829} INFO - Processing file /home/airflow/.local/lib/python3.8/site-packages/airflow/example_dags/example_sla_dag.py for tasks to queue
[2023-10-17T08:00:43.208+0000] {logging_mixin.py:151} INFO - [2023-10-17T08:00:43.208+0000] {dagbag.py:536} INFO - Filling up the DagBag from /home/airflow/.local/lib/python3.8/site-packages/airflow/example_dags/example_sla_dag.py
[2023-10-17T08:00:43.215+0000] {processor.py:839} INFO - DAG(s) dict_keys(['example_sla_dag']) retrieved from /home/airflow/.local/lib/python3.8/site-packages/airflow/example_dags/example_sla_dag.py
[2023-10-17T08:00:43.229+0000] {logging_mixin.py:151} INFO - [2023-10-17T08:00:43.229+0000] {dag.py:2941} INFO - Sync 1 DAGs
[2023-10-17T08:00:43.250+0000] {logging_mixin.py:151} INFO - [2023-10-17T08:00:43.250+0000] {dag.py:3722} INFO - Setting next_dagrun for example_sla_dag to 2023-10-17T07:58:00+00:00, run_after=2023-10-17T08:00:00+00:00
[2023-10-17T08:00:43.265+0000] {processor.py:179} INFO - Processing /home/airflow/.local/lib/python3.8/site-packages/airflow/example_dags/example_sla_dag.py took 0.062 seconds
[2023-10-17T08:01:13.489+0000] {processor.py:157} INFO - Started process (PID=819) to work on /home/airflow/.local/lib/python3.8/site-packages/airflow/example_dags/example_sla_dag.py
[2023-10-17T08:01:13.490+0000] {processor.py:829} INFO - Processing file /home/airflow/.local/lib/python3.8/site-packages/airflow/example_dags/example_sla_dag.py for tasks to queue
[2023-10-17T08:01:13.491+0000] {logging_mixin.py:151} INFO - [2023-10-17T08:01:13.491+0000] {dagbag.py:536} INFO - Filling up the DagBag from /home/airflow/.local/lib/python3.8/site-packages/airflow/example_dags/example_sla_dag.py
[2023-10-17T08:01:13.497+0000] {processor.py:839} INFO - DAG(s) dict_keys(['example_sla_dag']) retrieved from /home/airflow/.local/lib/python3.8/site-packages/airflow/example_dags/example_sla_dag.py
[2023-10-17T08:01:13.512+0000] {logging_mixin.py:151} INFO - [2023-10-17T08:01:13.511+0000] {dag.py:2941} INFO - Sync 1 DAGs
[2023-10-17T08:01:13.533+0000] {logging_mixin.py:151} INFO - [2023-10-17T08:01:13.533+0000] {dag.py:3722} INFO - Setting next_dagrun for example_sla_dag to 2023-10-17T07:58:00+00:00, run_after=2023-10-17T08:00:00+00:00
[2023-10-17T08:01:13.548+0000] {processor.py:179} INFO - Processing /home/airflow/.local/lib/python3.8/site-packages/airflow/example_dags/example_sla_dag.py took 0.061 seconds
[2023-10-17T08:01:44.520+0000] {processor.py:157} INFO - Started process (PID=873) to work on /home/airflow/.local/lib/python3.8/site-packages/airflow/example_dags/example_sla_dag.py
[2023-10-17T08:01:44.520+0000] {processor.py:829} INFO - Processing file /home/airflow/.local/lib/python3.8/site-packages/airflow/example_dags/example_sla_dag.py for tasks to queue
[2023-10-17T08:01:44.522+0000] {logging_mixin.py:151} INFO - [2023-10-17T08:01:44.521+0000] {dagbag.py:536} INFO - Filling up the DagBag from /home/airflow/.local/lib/python3.8/site-packages/airflow/example_dags/example_sla_dag.py
[2023-10-17T08:01:44.529+0000] {processor.py:839} INFO - DAG(s) dict_keys(['example_sla_dag']) retrieved from /home/airflow/.local/lib/python3.8/site-packages/airflow/example_dags/example_sla_dag.py
[2023-10-17T08:01:44.544+0000] {logging_mixin.py:151} INFO - [2023-10-17T08:01:44.544+0000] {dag.py:2941} INFO - Sync 1 DAGs
[2023-10-17T08:01:44.561+0000] {logging_mixin.py:151} INFO - [2023-10-17T08:01:44.561+0000] {dag.py:3722} INFO - Setting next_dagrun for example_sla_dag to 2023-10-17T07:58:00+00:00, run_after=2023-10-17T08:00:00+00:00
[2023-10-17T08:01:44.573+0000] {processor.py:179} INFO - Processing /home/airflow/.local/lib/python3.8/site-packages/airflow/example_dags/example_sla_dag.py took 0.056 seconds
[2023-10-17T08:02:15.454+0000] {processor.py:157} INFO - Started process (PID=927) to work on /home/airflow/.local/lib/python3.8/site-packages/airflow/example_dags/example_sla_dag.py
[2023-10-17T08:02:15.455+0000] {processor.py:829} INFO - Processing file /home/airflow/.local/lib/python3.8/site-packages/airflow/example_dags/example_sla_dag.py for tasks to queue
[2023-10-17T08:02:15.456+0000] {logging_mixin.py:151} INFO - [2023-10-17T08:02:15.456+0000] {dagbag.py:536} INFO - Filling up the DagBag from /home/airflow/.local/lib/python3.8/site-packages/airflow/example_dags/example_sla_dag.py
[2023-10-17T08:02:15.462+0000] {processor.py:839} INFO - DAG(s) dict_keys(['example_sla_dag']) retrieved from /home/airflow/.local/lib/python3.8/site-packages/airflow/example_dags/example_sla_dag.py
[2023-10-17T08:02:15.476+0000] {logging_mixin.py:151} INFO - [2023-10-17T08:02:15.476+0000] {dag.py:2941} INFO - Sync 1 DAGs
[2023-10-17T08:02:15.493+0000] {logging_mixin.py:151} INFO - [2023-10-17T08:02:15.493+0000] {dag.py:3722} INFO - Setting next_dagrun for example_sla_dag to 2023-10-17T08:00:00+00:00, run_after=2023-10-17T08:02:00+00:00
[2023-10-17T08:02:15.506+0000] {processor.py:179} INFO - Processing /home/airflow/.local/lib/python3.8/site-packages/airflow/example_dags/example_sla_dag.py took 0.054 seconds
[2023-10-17T08:02:45.888+0000] {processor.py:157} INFO - Started process (PID=981) to work on /home/airflow/.local/lib/python3.8/site-packages/airflow/example_dags/example_sla_dag.py
[2023-10-17T08:02:45.889+0000] {processor.py:829} INFO - Processing file /home/airflow/.local/lib/python3.8/site-packages/airflow/example_dags/example_sla_dag.py for tasks to queue
[2023-10-17T08:02:45.890+0000] {logging_mixin.py:151} INFO - [2023-10-17T08:02:45.890+0000] {dagbag.py:536} INFO - Filling up the DagBag from /home/airflow/.local/lib/python3.8/site-packages/airflow/example_dags/example_sla_dag.py
[2023-10-17T08:02:45.896+0000] {processor.py:839} INFO - DAG(s) dict_keys(['example_sla_dag']) retrieved from /home/airflow/.local/lib/python3.8/site-packages/airflow/example_dags/example_sla_dag.py
[2023-10-17T08:02:45.909+0000] {logging_mixin.py:151} INFO - [2023-10-17T08:02:45.909+0000] {dag.py:2941} INFO - Sync 1 DAGs
[2023-10-17T08:02:45.927+0000] {logging_mixin.py:151} INFO - [2023-10-17T08:02:45.927+0000] {dag.py:3722} INFO - Setting next_dagrun for example_sla_dag to 2023-10-17T08:00:00+00:00, run_after=2023-10-17T08:02:00+00:00
[2023-10-17T08:02:45.940+0000] {processor.py:179} INFO - Processing /home/airflow/.local/lib/python3.8/site-packages/airflow/example_dags/example_sla_dag.py took 0.054 seconds
[2023-10-17T08:03:16.378+0000] {processor.py:157} INFO - Started process (PID=1035) to work on /home/airflow/.local/lib/python3.8/site-packages/airflow/example_dags/example_sla_dag.py
[2023-10-17T08:03:16.378+0000] {processor.py:829} INFO - Processing file /home/airflow/.local/lib/python3.8/site-packages/airflow/example_dags/example_sla_dag.py for tasks to queue
[2023-10-17T08:03:16.379+0000] {logging_mixin.py:151} INFO - [2023-10-17T08:03:16.379+0000] {dagbag.py:536} INFO - Filling up the DagBag from /home/airflow/.local/lib/python3.8/site-packages/airflow/example_dags/example_sla_dag.py
[2023-10-17T08:03:16.385+0000] {processor.py:839} INFO - DAG(s) dict_keys(['example_sla_dag']) retrieved from /home/airflow/.local/lib/python3.8/site-packages/airflow/example_dags/example_sla_dag.py
[2023-10-17T08:03:16.398+0000] {logging_mixin.py:151} INFO - [2023-10-17T08:03:16.398+0000] {dag.py:2941} INFO - Sync 1 DAGs
[2023-10-17T08:03:16.416+0000] {logging_mixin.py:151} INFO - [2023-10-17T08:03:16.416+0000] {dag.py:3722} INFO - Setting next_dagrun for example_sla_dag to 2023-10-17T08:00:00+00:00, run_after=2023-10-17T08:02:00+00:00
[2023-10-17T08:03:16.546+0000] {processor.py:179} INFO - Processing /home/airflow/.local/lib/python3.8/site-packages/airflow/example_dags/example_sla_dag.py took 0.170 seconds
[2023-10-17T08:03:46.863+0000] {processor.py:157} INFO - Started process (PID=1089) to work on /home/airflow/.local/lib/python3.8/site-packages/airflow/example_dags/example_sla_dag.py
[2023-10-17T08:03:46.864+0000] {processor.py:829} INFO - Processing file /home/airflow/.local/lib/python3.8/site-packages/airflow/example_dags/example_sla_dag.py for tasks to queue
[2023-10-17T08:03:46.865+0000] {logging_mixin.py:151} INFO - [2023-10-17T08:03:46.865+0000] {dagbag.py:536} INFO - Filling up the DagBag from /home/airflow/.local/lib/python3.8/site-packages/airflow/example_dags/example_sla_dag.py
[2023-10-17T08:03:46.871+0000] {processor.py:839} INFO - DAG(s) dict_keys(['example_sla_dag']) retrieved from /home/airflow/.local/lib/python3.8/site-packages/airflow/example_dags/example_sla_dag.py
[2023-10-17T08:03:46.890+0000] {logging_mixin.py:151} INFO - [2023-10-17T08:03:46.889+0000] {dag.py:2941} INFO - Sync 1 DAGs
[2023-10-17T08:03:46.911+0000] {logging_mixin.py:151} INFO - [2023-10-17T08:03:46.911+0000] {dag.py:3722} INFO - Setting next_dagrun for example_sla_dag to 2023-10-17T08:00:00+00:00, run_after=2023-10-17T08:02:00+00:00
[2023-10-17T08:03:46.933+0000] {processor.py:179} INFO - Processing /home/airflow/.local/lib/python3.8/site-packages/airflow/example_dags/example_sla_dag.py took 0.072 seconds
[2023-10-17T08:04:16.988+0000] {processor.py:157} INFO - Started process (PID=1143) to work on /home/airflow/.local/lib/python3.8/site-packages/airflow/example_dags/example_sla_dag.py
[2023-10-17T08:04:16.989+0000] {processor.py:829} INFO - Processing file /home/airflow/.local/lib/python3.8/site-packages/airflow/example_dags/example_sla_dag.py for tasks to queue
[2023-10-17T08:04:16.990+0000] {logging_mixin.py:151} INFO - [2023-10-17T08:04:16.990+0000] {dagbag.py:536} INFO - Filling up the DagBag from /home/airflow/.local/lib/python3.8/site-packages/airflow/example_dags/example_sla_dag.py
[2023-10-17T08:04:16.995+0000] {processor.py:839} INFO - DAG(s) dict_keys(['example_sla_dag']) retrieved from /home/airflow/.local/lib/python3.8/site-packages/airflow/example_dags/example_sla_dag.py
[2023-10-17T08:04:17.007+0000] {logging_mixin.py:151} INFO - [2023-10-17T08:04:17.007+0000] {dag.py:2941} INFO - Sync 1 DAGs
[2023-10-17T08:04:17.021+0000] {logging_mixin.py:151} INFO - [2023-10-17T08:04:17.021+0000] {dag.py:3722} INFO - Setting next_dagrun for example_sla_dag to 2023-10-17T08:02:00+00:00, run_after=2023-10-17T08:04:00+00:00
[2023-10-17T08:04:17.032+0000] {processor.py:179} INFO - Processing /home/airflow/.local/lib/python3.8/site-packages/airflow/example_dags/example_sla_dag.py took 0.046 seconds
