[2023-10-17T07:39:52.907+0000] {processor.py:157} INFO - Started process (PID=142) to work on /home/airflow/.local/lib/python3.8/site-packages/airflow/example_dags/example_datasets.py
[2023-10-17T07:39:52.908+0000] {processor.py:829} INFO - Processing file /home/airflow/.local/lib/python3.8/site-packages/airflow/example_dags/example_datasets.py for tasks to queue
[2023-10-17T07:39:52.909+0000] {logging_mixin.py:151} INFO - [2023-10-17T07:39:52.909+0000] {dagbag.py:536} INFO - Filling up the DagBag from /home/airflow/.local/lib/python3.8/site-packages/airflow/example_dags/example_datasets.py
[2023-10-17T07:39:52.918+0000] {processor.py:839} INFO - DAG(s) dict_keys(['dataset_produces_1', 'dataset_consumes_1_and_2', 'dataset_consumes_unknown_never_scheduled', 'dataset_produces_2', 'dataset_consumes_1', 'dataset_consumes_1_never_scheduled']) retrieved from /home/airflow/.local/lib/python3.8/site-packages/airflow/example_dags/example_datasets.py
[2023-10-17T07:39:52.946+0000] {logging_mixin.py:151} INFO - [2023-10-17T07:39:52.946+0000] {dag.py:2941} INFO - Sync 6 DAGs
[2023-10-17T07:39:52.965+0000] {logging_mixin.py:151} INFO - [2023-10-17T07:39:52.964+0000] {dag.py:3722} INFO - Setting next_dagrun for dataset_consumes_1 to None, run_after=None
[2023-10-17T07:39:52.969+0000] {logging_mixin.py:151} INFO - [2023-10-17T07:39:52.968+0000] {dag.py:3722} INFO - Setting next_dagrun for dataset_consumes_1_and_2 to None, run_after=None
[2023-10-17T07:39:52.970+0000] {logging_mixin.py:151} INFO - [2023-10-17T07:39:52.970+0000] {dag.py:3722} INFO - Setting next_dagrun for dataset_consumes_1_never_scheduled to None, run_after=None
[2023-10-17T07:39:52.972+0000] {logging_mixin.py:151} INFO - [2023-10-17T07:39:52.971+0000] {dag.py:3722} INFO - Setting next_dagrun for dataset_consumes_unknown_never_scheduled to None, run_after=None
[2023-10-17T07:39:52.975+0000] {logging_mixin.py:151} INFO - [2023-10-17T07:39:52.975+0000] {dag.py:3722} INFO - Setting next_dagrun for dataset_produces_1 to 2023-10-16T00:00:00+00:00, run_after=2023-10-17T00:00:00+00:00
[2023-10-17T07:39:52.977+0000] {logging_mixin.py:151} INFO - [2023-10-17T07:39:52.976+0000] {dag.py:3722} INFO - Setting next_dagrun for dataset_produces_2 to None, run_after=None
[2023-10-17T07:39:53.001+0000] {processor.py:179} INFO - Processing /home/airflow/.local/lib/python3.8/site-packages/airflow/example_dags/example_datasets.py took 0.095 seconds
[2023-10-17T07:40:23.904+0000] {processor.py:157} INFO - Started process (PID=196) to work on /home/airflow/.local/lib/python3.8/site-packages/airflow/example_dags/example_datasets.py
[2023-10-17T07:40:23.904+0000] {processor.py:829} INFO - Processing file /home/airflow/.local/lib/python3.8/site-packages/airflow/example_dags/example_datasets.py for tasks to queue
[2023-10-17T07:40:23.906+0000] {logging_mixin.py:151} INFO - [2023-10-17T07:40:23.906+0000] {dagbag.py:536} INFO - Filling up the DagBag from /home/airflow/.local/lib/python3.8/site-packages/airflow/example_dags/example_datasets.py
[2023-10-17T07:40:23.912+0000] {processor.py:839} INFO - DAG(s) dict_keys(['dataset_consumes_1', 'dataset_consumes_1_and_2', 'dataset_consumes_unknown_never_scheduled', 'dataset_produces_2', 'dataset_consumes_1_never_scheduled', 'dataset_produces_1']) retrieved from /home/airflow/.local/lib/python3.8/site-packages/airflow/example_dags/example_datasets.py
[2023-10-17T07:40:23.937+0000] {logging_mixin.py:151} INFO - [2023-10-17T07:40:23.937+0000] {dag.py:2941} INFO - Sync 6 DAGs
[2023-10-17T07:40:23.952+0000] {logging_mixin.py:151} INFO - [2023-10-17T07:40:23.952+0000] {dag.py:3722} INFO - Setting next_dagrun for dataset_consumes_1 to None, run_after=None
[2023-10-17T07:40:23.955+0000] {logging_mixin.py:151} INFO - [2023-10-17T07:40:23.955+0000] {dag.py:3722} INFO - Setting next_dagrun for dataset_consumes_1_and_2 to None, run_after=None
[2023-10-17T07:40:23.956+0000] {logging_mixin.py:151} INFO - [2023-10-17T07:40:23.956+0000] {dag.py:3722} INFO - Setting next_dagrun for dataset_consumes_1_never_scheduled to None, run_after=None
[2023-10-17T07:40:23.957+0000] {logging_mixin.py:151} INFO - [2023-10-17T07:40:23.957+0000] {dag.py:3722} INFO - Setting next_dagrun for dataset_consumes_unknown_never_scheduled to None, run_after=None
[2023-10-17T07:40:23.959+0000] {logging_mixin.py:151} INFO - [2023-10-17T07:40:23.959+0000] {dag.py:3722} INFO - Setting next_dagrun for dataset_produces_1 to 2023-10-16T00:00:00+00:00, run_after=2023-10-17T00:00:00+00:00
[2023-10-17T07:40:23.960+0000] {logging_mixin.py:151} INFO - [2023-10-17T07:40:23.960+0000] {dag.py:3722} INFO - Setting next_dagrun for dataset_produces_2 to None, run_after=None
[2023-10-17T07:40:23.982+0000] {processor.py:179} INFO - Processing /home/airflow/.local/lib/python3.8/site-packages/airflow/example_dags/example_datasets.py took 0.080 seconds
[2023-10-17T07:44:12.155+0000] {processor.py:157} INFO - Started process (PID=52) to work on /home/airflow/.local/lib/python3.8/site-packages/airflow/example_dags/example_datasets.py
[2023-10-17T07:44:12.155+0000] {processor.py:829} INFO - Processing file /home/airflow/.local/lib/python3.8/site-packages/airflow/example_dags/example_datasets.py for tasks to queue
[2023-10-17T07:44:12.157+0000] {logging_mixin.py:151} INFO - [2023-10-17T07:44:12.156+0000] {dagbag.py:536} INFO - Filling up the DagBag from /home/airflow/.local/lib/python3.8/site-packages/airflow/example_dags/example_datasets.py
[2023-10-17T07:44:12.166+0000] {processor.py:839} INFO - DAG(s) dict_keys(['dataset_consumes_1', 'dataset_produces_2', 'dataset_consumes_1_and_2', 'dataset_consumes_unknown_never_scheduled', 'dataset_consumes_1_never_scheduled', 'dataset_produces_1']) retrieved from /home/airflow/.local/lib/python3.8/site-packages/airflow/example_dags/example_datasets.py
[2023-10-17T07:44:12.176+0000] {logging_mixin.py:151} INFO - [2023-10-17T07:44:12.176+0000] {dag.py:2941} INFO - Sync 6 DAGs
[2023-10-17T07:44:12.197+0000] {logging_mixin.py:151} INFO - [2023-10-17T07:44:12.197+0000] {dag.py:3722} INFO - Setting next_dagrun for dataset_consumes_1 to None, run_after=None
[2023-10-17T07:44:12.201+0000] {logging_mixin.py:151} INFO - [2023-10-17T07:44:12.201+0000] {dag.py:3722} INFO - Setting next_dagrun for dataset_consumes_1_and_2 to None, run_after=None
[2023-10-17T07:44:12.203+0000] {logging_mixin.py:151} INFO - [2023-10-17T07:44:12.203+0000] {dag.py:3722} INFO - Setting next_dagrun for dataset_consumes_1_never_scheduled to None, run_after=None
[2023-10-17T07:44:12.205+0000] {logging_mixin.py:151} INFO - [2023-10-17T07:44:12.205+0000] {dag.py:3722} INFO - Setting next_dagrun for dataset_consumes_unknown_never_scheduled to None, run_after=None
[2023-10-17T07:44:12.208+0000] {logging_mixin.py:151} INFO - [2023-10-17T07:44:12.208+0000] {dag.py:3722} INFO - Setting next_dagrun for dataset_produces_1 to 2023-10-16T00:00:00+00:00, run_after=2023-10-17T00:00:00+00:00
[2023-10-17T07:44:12.209+0000] {logging_mixin.py:151} INFO - [2023-10-17T07:44:12.209+0000] {dag.py:3722} INFO - Setting next_dagrun for dataset_produces_2 to None, run_after=None
[2023-10-17T07:44:12.245+0000] {processor.py:179} INFO - Processing /home/airflow/.local/lib/python3.8/site-packages/airflow/example_dags/example_datasets.py took 0.092 seconds
[2023-10-17T07:44:43.034+0000] {processor.py:157} INFO - Started process (PID=106) to work on /home/airflow/.local/lib/python3.8/site-packages/airflow/example_dags/example_datasets.py
[2023-10-17T07:44:43.035+0000] {processor.py:829} INFO - Processing file /home/airflow/.local/lib/python3.8/site-packages/airflow/example_dags/example_datasets.py for tasks to queue
[2023-10-17T07:44:43.036+0000] {logging_mixin.py:151} INFO - [2023-10-17T07:44:43.036+0000] {dagbag.py:536} INFO - Filling up the DagBag from /home/airflow/.local/lib/python3.8/site-packages/airflow/example_dags/example_datasets.py
[2023-10-17T07:44:43.043+0000] {processor.py:839} INFO - DAG(s) dict_keys(['dataset_consumes_1', 'dataset_produces_1', 'dataset_consumes_1_and_2', 'dataset_produces_2', 'dataset_consumes_1_never_scheduled', 'dataset_consumes_unknown_never_scheduled']) retrieved from /home/airflow/.local/lib/python3.8/site-packages/airflow/example_dags/example_datasets.py
[2023-10-17T07:44:43.069+0000] {logging_mixin.py:151} INFO - [2023-10-17T07:44:43.069+0000] {dag.py:2941} INFO - Sync 6 DAGs
[2023-10-17T07:44:43.086+0000] {logging_mixin.py:151} INFO - [2023-10-17T07:44:43.086+0000] {dag.py:3722} INFO - Setting next_dagrun for dataset_consumes_1 to None, run_after=None
[2023-10-17T07:44:43.089+0000] {logging_mixin.py:151} INFO - [2023-10-17T07:44:43.088+0000] {dag.py:3722} INFO - Setting next_dagrun for dataset_consumes_1_and_2 to None, run_after=None
[2023-10-17T07:44:43.090+0000] {logging_mixin.py:151} INFO - [2023-10-17T07:44:43.089+0000] {dag.py:3722} INFO - Setting next_dagrun for dataset_consumes_1_never_scheduled to None, run_after=None
[2023-10-17T07:44:43.090+0000] {logging_mixin.py:151} INFO - [2023-10-17T07:44:43.090+0000] {dag.py:3722} INFO - Setting next_dagrun for dataset_consumes_unknown_never_scheduled to None, run_after=None
[2023-10-17T07:44:43.092+0000] {logging_mixin.py:151} INFO - [2023-10-17T07:44:43.092+0000] {dag.py:3722} INFO - Setting next_dagrun for dataset_produces_1 to 2023-10-16T00:00:00+00:00, run_after=2023-10-17T00:00:00+00:00
[2023-10-17T07:44:43.093+0000] {logging_mixin.py:151} INFO - [2023-10-17T07:44:43.093+0000] {dag.py:3722} INFO - Setting next_dagrun for dataset_produces_2 to None, run_after=None
[2023-10-17T07:44:43.113+0000] {processor.py:179} INFO - Processing /home/airflow/.local/lib/python3.8/site-packages/airflow/example_dags/example_datasets.py took 0.081 seconds
[2023-10-17T07:45:13.413+0000] {processor.py:157} INFO - Started process (PID=161) to work on /home/airflow/.local/lib/python3.8/site-packages/airflow/example_dags/example_datasets.py
[2023-10-17T07:45:13.414+0000] {processor.py:829} INFO - Processing file /home/airflow/.local/lib/python3.8/site-packages/airflow/example_dags/example_datasets.py for tasks to queue
[2023-10-17T07:45:13.415+0000] {logging_mixin.py:151} INFO - [2023-10-17T07:45:13.415+0000] {dagbag.py:536} INFO - Filling up the DagBag from /home/airflow/.local/lib/python3.8/site-packages/airflow/example_dags/example_datasets.py
[2023-10-17T07:45:13.424+0000] {processor.py:839} INFO - DAG(s) dict_keys(['dataset_produces_2', 'dataset_consumes_1_never_scheduled', 'dataset_produces_1', 'dataset_consumes_1_and_2', 'dataset_consumes_1', 'dataset_consumes_unknown_never_scheduled']) retrieved from /home/airflow/.local/lib/python3.8/site-packages/airflow/example_dags/example_datasets.py
[2023-10-17T07:45:13.452+0000] {logging_mixin.py:151} INFO - [2023-10-17T07:45:13.452+0000] {dag.py:2941} INFO - Sync 6 DAGs
[2023-10-17T07:45:13.470+0000] {logging_mixin.py:151} INFO - [2023-10-17T07:45:13.470+0000] {dag.py:3722} INFO - Setting next_dagrun for dataset_consumes_1 to None, run_after=None
[2023-10-17T07:45:13.475+0000] {logging_mixin.py:151} INFO - [2023-10-17T07:45:13.475+0000] {dag.py:3722} INFO - Setting next_dagrun for dataset_consumes_1_and_2 to None, run_after=None
[2023-10-17T07:45:13.477+0000] {logging_mixin.py:151} INFO - [2023-10-17T07:45:13.477+0000] {dag.py:3722} INFO - Setting next_dagrun for dataset_consumes_1_never_scheduled to None, run_after=None
[2023-10-17T07:45:13.478+0000] {logging_mixin.py:151} INFO - [2023-10-17T07:45:13.478+0000] {dag.py:3722} INFO - Setting next_dagrun for dataset_consumes_unknown_never_scheduled to None, run_after=None
[2023-10-17T07:45:13.480+0000] {logging_mixin.py:151} INFO - [2023-10-17T07:45:13.480+0000] {dag.py:3722} INFO - Setting next_dagrun for dataset_produces_1 to 2023-10-16T00:00:00+00:00, run_after=2023-10-17T00:00:00+00:00
[2023-10-17T07:45:13.481+0000] {logging_mixin.py:151} INFO - [2023-10-17T07:45:13.481+0000] {dag.py:3722} INFO - Setting next_dagrun for dataset_produces_2 to None, run_after=None
[2023-10-17T07:45:13.507+0000] {processor.py:179} INFO - Processing /home/airflow/.local/lib/python3.8/site-packages/airflow/example_dags/example_datasets.py took 0.096 seconds
[2023-10-17T07:45:43.578+0000] {processor.py:157} INFO - Started process (PID=215) to work on /home/airflow/.local/lib/python3.8/site-packages/airflow/example_dags/example_datasets.py
[2023-10-17T07:45:43.579+0000] {processor.py:829} INFO - Processing file /home/airflow/.local/lib/python3.8/site-packages/airflow/example_dags/example_datasets.py for tasks to queue
[2023-10-17T07:45:43.580+0000] {logging_mixin.py:151} INFO - [2023-10-17T07:45:43.580+0000] {dagbag.py:536} INFO - Filling up the DagBag from /home/airflow/.local/lib/python3.8/site-packages/airflow/example_dags/example_datasets.py
[2023-10-17T07:45:43.587+0000] {processor.py:839} INFO - DAG(s) dict_keys(['dataset_consumes_1', 'dataset_consumes_1_never_scheduled', 'dataset_produces_2', 'dataset_consumes_unknown_never_scheduled', 'dataset_produces_1', 'dataset_consumes_1_and_2']) retrieved from /home/airflow/.local/lib/python3.8/site-packages/airflow/example_dags/example_datasets.py
[2023-10-17T07:45:43.614+0000] {logging_mixin.py:151} INFO - [2023-10-17T07:45:43.614+0000] {dag.py:2941} INFO - Sync 6 DAGs
[2023-10-17T07:45:43.631+0000] {logging_mixin.py:151} INFO - [2023-10-17T07:45:43.630+0000] {dag.py:3722} INFO - Setting next_dagrun for dataset_consumes_1 to None, run_after=None
[2023-10-17T07:45:43.633+0000] {logging_mixin.py:151} INFO - [2023-10-17T07:45:43.633+0000] {dag.py:3722} INFO - Setting next_dagrun for dataset_consumes_1_and_2 to None, run_after=None
[2023-10-17T07:45:43.634+0000] {logging_mixin.py:151} INFO - [2023-10-17T07:45:43.634+0000] {dag.py:3722} INFO - Setting next_dagrun for dataset_consumes_1_never_scheduled to None, run_after=None
[2023-10-17T07:45:43.635+0000] {logging_mixin.py:151} INFO - [2023-10-17T07:45:43.635+0000] {dag.py:3722} INFO - Setting next_dagrun for dataset_consumes_unknown_never_scheduled to None, run_after=None
[2023-10-17T07:45:43.637+0000] {logging_mixin.py:151} INFO - [2023-10-17T07:45:43.637+0000] {dag.py:3722} INFO - Setting next_dagrun for dataset_produces_1 to 2023-10-16T00:00:00+00:00, run_after=2023-10-17T00:00:00+00:00
[2023-10-17T07:45:43.638+0000] {logging_mixin.py:151} INFO - [2023-10-17T07:45:43.638+0000] {dag.py:3722} INFO - Setting next_dagrun for dataset_produces_2 to None, run_after=None
[2023-10-17T07:45:43.658+0000] {processor.py:179} INFO - Processing /home/airflow/.local/lib/python3.8/site-packages/airflow/example_dags/example_datasets.py took 0.081 seconds
[2023-10-17T07:46:13.818+0000] {processor.py:157} INFO - Started process (PID=269) to work on /home/airflow/.local/lib/python3.8/site-packages/airflow/example_dags/example_datasets.py
[2023-10-17T07:46:13.819+0000] {processor.py:829} INFO - Processing file /home/airflow/.local/lib/python3.8/site-packages/airflow/example_dags/example_datasets.py for tasks to queue
[2023-10-17T07:46:13.821+0000] {logging_mixin.py:151} INFO - [2023-10-17T07:46:13.821+0000] {dagbag.py:536} INFO - Filling up the DagBag from /home/airflow/.local/lib/python3.8/site-packages/airflow/example_dags/example_datasets.py
[2023-10-17T07:46:13.832+0000] {processor.py:839} INFO - DAG(s) dict_keys(['dataset_consumes_unknown_never_scheduled', 'dataset_consumes_1_and_2', 'dataset_consumes_1_never_scheduled', 'dataset_consumes_1', 'dataset_produces_1', 'dataset_produces_2']) retrieved from /home/airflow/.local/lib/python3.8/site-packages/airflow/example_dags/example_datasets.py
[2023-10-17T07:46:13.876+0000] {logging_mixin.py:151} INFO - [2023-10-17T07:46:13.876+0000] {dag.py:2941} INFO - Sync 6 DAGs
[2023-10-17T07:46:13.902+0000] {logging_mixin.py:151} INFO - [2023-10-17T07:46:13.902+0000] {dag.py:3722} INFO - Setting next_dagrun for dataset_consumes_1 to None, run_after=None
[2023-10-17T07:46:13.907+0000] {logging_mixin.py:151} INFO - [2023-10-17T07:46:13.906+0000] {dag.py:3722} INFO - Setting next_dagrun for dataset_consumes_1_and_2 to None, run_after=None
[2023-10-17T07:46:13.909+0000] {logging_mixin.py:151} INFO - [2023-10-17T07:46:13.909+0000] {dag.py:3722} INFO - Setting next_dagrun for dataset_consumes_1_never_scheduled to None, run_after=None
[2023-10-17T07:46:13.911+0000] {logging_mixin.py:151} INFO - [2023-10-17T07:46:13.911+0000] {dag.py:3722} INFO - Setting next_dagrun for dataset_consumes_unknown_never_scheduled to None, run_after=None
[2023-10-17T07:46:13.915+0000] {logging_mixin.py:151} INFO - [2023-10-17T07:46:13.914+0000] {dag.py:3722} INFO - Setting next_dagrun for dataset_produces_1 to 2023-10-16T00:00:00+00:00, run_after=2023-10-17T00:00:00+00:00
[2023-10-17T07:46:13.916+0000] {logging_mixin.py:151} INFO - [2023-10-17T07:46:13.916+0000] {dag.py:3722} INFO - Setting next_dagrun for dataset_produces_2 to None, run_after=None
[2023-10-17T07:46:13.957+0000] {processor.py:179} INFO - Processing /home/airflow/.local/lib/python3.8/site-packages/airflow/example_dags/example_datasets.py took 0.141 seconds
[2023-10-17T07:54:07.174+0000] {processor.py:157} INFO - Started process (PID=52) to work on /home/airflow/.local/lib/python3.8/site-packages/airflow/example_dags/example_datasets.py
[2023-10-17T07:54:07.175+0000] {processor.py:829} INFO - Processing file /home/airflow/.local/lib/python3.8/site-packages/airflow/example_dags/example_datasets.py for tasks to queue
[2023-10-17T07:54:07.177+0000] {logging_mixin.py:151} INFO - [2023-10-17T07:54:07.177+0000] {dagbag.py:536} INFO - Filling up the DagBag from /home/airflow/.local/lib/python3.8/site-packages/airflow/example_dags/example_datasets.py
[2023-10-17T07:54:07.189+0000] {processor.py:839} INFO - DAG(s) dict_keys(['dataset_consumes_1', 'dataset_produces_1', 'dataset_produces_2', 'dataset_consumes_1_and_2', 'dataset_consumes_1_never_scheduled', 'dataset_consumes_unknown_never_scheduled']) retrieved from /home/airflow/.local/lib/python3.8/site-packages/airflow/example_dags/example_datasets.py
[2023-10-17T07:54:07.205+0000] {logging_mixin.py:151} INFO - [2023-10-17T07:54:07.204+0000] {dag.py:2941} INFO - Sync 6 DAGs
[2023-10-17T07:54:07.226+0000] {logging_mixin.py:151} INFO - [2023-10-17T07:54:07.226+0000] {dag.py:3722} INFO - Setting next_dagrun for dataset_consumes_1 to None, run_after=None
[2023-10-17T07:54:07.230+0000] {logging_mixin.py:151} INFO - [2023-10-17T07:54:07.229+0000] {dag.py:3722} INFO - Setting next_dagrun for dataset_consumes_1_and_2 to None, run_after=None
[2023-10-17T07:54:07.232+0000] {logging_mixin.py:151} INFO - [2023-10-17T07:54:07.232+0000] {dag.py:3722} INFO - Setting next_dagrun for dataset_consumes_1_never_scheduled to None, run_after=None
[2023-10-17T07:54:07.234+0000] {logging_mixin.py:151} INFO - [2023-10-17T07:54:07.234+0000] {dag.py:3722} INFO - Setting next_dagrun for dataset_consumes_unknown_never_scheduled to None, run_after=None
[2023-10-17T07:54:07.238+0000] {logging_mixin.py:151} INFO - [2023-10-17T07:54:07.238+0000] {dag.py:3722} INFO - Setting next_dagrun for dataset_produces_1 to 2023-10-16T00:00:00+00:00, run_after=2023-10-17T00:00:00+00:00
[2023-10-17T07:54:07.240+0000] {logging_mixin.py:151} INFO - [2023-10-17T07:54:07.240+0000] {dag.py:3722} INFO - Setting next_dagrun for dataset_produces_2 to None, run_after=None
[2023-10-17T07:54:07.278+0000] {processor.py:179} INFO - Processing /home/airflow/.local/lib/python3.8/site-packages/airflow/example_dags/example_datasets.py took 0.107 seconds
[2023-10-17T07:54:38.081+0000] {processor.py:157} INFO - Started process (PID=106) to work on /home/airflow/.local/lib/python3.8/site-packages/airflow/example_dags/example_datasets.py
[2023-10-17T07:54:38.081+0000] {processor.py:829} INFO - Processing file /home/airflow/.local/lib/python3.8/site-packages/airflow/example_dags/example_datasets.py for tasks to queue
[2023-10-17T07:54:38.083+0000] {logging_mixin.py:151} INFO - [2023-10-17T07:54:38.082+0000] {dagbag.py:536} INFO - Filling up the DagBag from /home/airflow/.local/lib/python3.8/site-packages/airflow/example_dags/example_datasets.py
[2023-10-17T07:54:38.089+0000] {processor.py:839} INFO - DAG(s) dict_keys(['dataset_consumes_1_never_scheduled', 'dataset_produces_2', 'dataset_produces_1', 'dataset_consumes_unknown_never_scheduled', 'dataset_consumes_1_and_2', 'dataset_consumes_1']) retrieved from /home/airflow/.local/lib/python3.8/site-packages/airflow/example_dags/example_datasets.py
[2023-10-17T07:54:38.119+0000] {logging_mixin.py:151} INFO - [2023-10-17T07:54:38.119+0000] {dag.py:2941} INFO - Sync 6 DAGs
[2023-10-17T07:54:38.136+0000] {logging_mixin.py:151} INFO - [2023-10-17T07:54:38.135+0000] {dag.py:3722} INFO - Setting next_dagrun for dataset_consumes_1 to None, run_after=None
[2023-10-17T07:54:38.138+0000] {logging_mixin.py:151} INFO - [2023-10-17T07:54:38.138+0000] {dag.py:3722} INFO - Setting next_dagrun for dataset_consumes_1_and_2 to None, run_after=None
[2023-10-17T07:54:38.139+0000] {logging_mixin.py:151} INFO - [2023-10-17T07:54:38.139+0000] {dag.py:3722} INFO - Setting next_dagrun for dataset_consumes_1_never_scheduled to None, run_after=None
[2023-10-17T07:54:38.140+0000] {logging_mixin.py:151} INFO - [2023-10-17T07:54:38.140+0000] {dag.py:3722} INFO - Setting next_dagrun for dataset_consumes_unknown_never_scheduled to None, run_after=None
[2023-10-17T07:54:38.142+0000] {logging_mixin.py:151} INFO - [2023-10-17T07:54:38.142+0000] {dag.py:3722} INFO - Setting next_dagrun for dataset_produces_1 to 2023-10-16T00:00:00+00:00, run_after=2023-10-17T00:00:00+00:00
[2023-10-17T07:54:38.143+0000] {logging_mixin.py:151} INFO - [2023-10-17T07:54:38.143+0000] {dag.py:3722} INFO - Setting next_dagrun for dataset_produces_2 to None, run_after=None
[2023-10-17T07:54:38.162+0000] {processor.py:179} INFO - Processing /home/airflow/.local/lib/python3.8/site-packages/airflow/example_dags/example_datasets.py took 0.083 seconds
[2023-10-17T07:55:08.278+0000] {processor.py:157} INFO - Started process (PID=160) to work on /home/airflow/.local/lib/python3.8/site-packages/airflow/example_dags/example_datasets.py
[2023-10-17T07:55:08.279+0000] {processor.py:829} INFO - Processing file /home/airflow/.local/lib/python3.8/site-packages/airflow/example_dags/example_datasets.py for tasks to queue
[2023-10-17T07:55:08.280+0000] {logging_mixin.py:151} INFO - [2023-10-17T07:55:08.280+0000] {dagbag.py:536} INFO - Filling up the DagBag from /home/airflow/.local/lib/python3.8/site-packages/airflow/example_dags/example_datasets.py
[2023-10-17T07:55:08.288+0000] {processor.py:839} INFO - DAG(s) dict_keys(['dataset_consumes_unknown_never_scheduled', 'dataset_consumes_1_never_scheduled', 'dataset_produces_1', 'dataset_produces_2', 'dataset_consumes_1_and_2', 'dataset_consumes_1']) retrieved from /home/airflow/.local/lib/python3.8/site-packages/airflow/example_dags/example_datasets.py
[2023-10-17T07:55:08.313+0000] {logging_mixin.py:151} INFO - [2023-10-17T07:55:08.313+0000] {dag.py:2941} INFO - Sync 6 DAGs
[2023-10-17T07:55:08.329+0000] {logging_mixin.py:151} INFO - [2023-10-17T07:55:08.329+0000] {dag.py:3722} INFO - Setting next_dagrun for dataset_consumes_1 to None, run_after=None
[2023-10-17T07:55:08.331+0000] {logging_mixin.py:151} INFO - [2023-10-17T07:55:08.331+0000] {dag.py:3722} INFO - Setting next_dagrun for dataset_consumes_1_and_2 to None, run_after=None
[2023-10-17T07:55:08.332+0000] {logging_mixin.py:151} INFO - [2023-10-17T07:55:08.332+0000] {dag.py:3722} INFO - Setting next_dagrun for dataset_consumes_1_never_scheduled to None, run_after=None
[2023-10-17T07:55:08.333+0000] {logging_mixin.py:151} INFO - [2023-10-17T07:55:08.333+0000] {dag.py:3722} INFO - Setting next_dagrun for dataset_consumes_unknown_never_scheduled to None, run_after=None
[2023-10-17T07:55:08.335+0000] {logging_mixin.py:151} INFO - [2023-10-17T07:55:08.335+0000] {dag.py:3722} INFO - Setting next_dagrun for dataset_produces_1 to 2023-10-16T00:00:00+00:00, run_after=2023-10-17T00:00:00+00:00
[2023-10-17T07:55:08.336+0000] {logging_mixin.py:151} INFO - [2023-10-17T07:55:08.336+0000] {dag.py:3722} INFO - Setting next_dagrun for dataset_produces_2 to None, run_after=None
[2023-10-17T07:55:08.359+0000] {processor.py:179} INFO - Processing /home/airflow/.local/lib/python3.8/site-packages/airflow/example_dags/example_datasets.py took 0.083 seconds
[2023-10-17T07:55:38.424+0000] {processor.py:157} INFO - Started process (PID=215) to work on /home/airflow/.local/lib/python3.8/site-packages/airflow/example_dags/example_datasets.py
[2023-10-17T07:55:38.425+0000] {processor.py:829} INFO - Processing file /home/airflow/.local/lib/python3.8/site-packages/airflow/example_dags/example_datasets.py for tasks to queue
[2023-10-17T07:55:38.426+0000] {logging_mixin.py:151} INFO - [2023-10-17T07:55:38.426+0000] {dagbag.py:536} INFO - Filling up the DagBag from /home/airflow/.local/lib/python3.8/site-packages/airflow/example_dags/example_datasets.py
[2023-10-17T07:55:38.431+0000] {processor.py:839} INFO - DAG(s) dict_keys(['dataset_consumes_1', 'dataset_produces_2', 'dataset_consumes_1_and_2', 'dataset_consumes_1_never_scheduled', 'dataset_consumes_unknown_never_scheduled', 'dataset_produces_1']) retrieved from /home/airflow/.local/lib/python3.8/site-packages/airflow/example_dags/example_datasets.py
[2023-10-17T07:55:38.456+0000] {logging_mixin.py:151} INFO - [2023-10-17T07:55:38.456+0000] {dag.py:2941} INFO - Sync 6 DAGs
[2023-10-17T07:55:38.471+0000] {logging_mixin.py:151} INFO - [2023-10-17T07:55:38.471+0000] {dag.py:3722} INFO - Setting next_dagrun for dataset_consumes_1 to None, run_after=None
[2023-10-17T07:55:38.474+0000] {logging_mixin.py:151} INFO - [2023-10-17T07:55:38.474+0000] {dag.py:3722} INFO - Setting next_dagrun for dataset_consumes_1_and_2 to None, run_after=None
[2023-10-17T07:55:38.475+0000] {logging_mixin.py:151} INFO - [2023-10-17T07:55:38.475+0000] {dag.py:3722} INFO - Setting next_dagrun for dataset_consumes_1_never_scheduled to None, run_after=None
[2023-10-17T07:55:38.475+0000] {logging_mixin.py:151} INFO - [2023-10-17T07:55:38.475+0000] {dag.py:3722} INFO - Setting next_dagrun for dataset_consumes_unknown_never_scheduled to None, run_after=None
[2023-10-17T07:55:38.477+0000] {logging_mixin.py:151} INFO - [2023-10-17T07:55:38.477+0000] {dag.py:3722} INFO - Setting next_dagrun for dataset_produces_1 to 2023-10-16T00:00:00+00:00, run_after=2023-10-17T00:00:00+00:00
[2023-10-17T07:55:38.478+0000] {logging_mixin.py:151} INFO - [2023-10-17T07:55:38.478+0000] {dag.py:3722} INFO - Setting next_dagrun for dataset_produces_2 to None, run_after=None
[2023-10-17T07:55:38.499+0000] {processor.py:179} INFO - Processing /home/airflow/.local/lib/python3.8/site-packages/airflow/example_dags/example_datasets.py took 0.076 seconds
[2023-10-17T07:56:08.606+0000] {processor.py:157} INFO - Started process (PID=270) to work on /home/airflow/.local/lib/python3.8/site-packages/airflow/example_dags/example_datasets.py
[2023-10-17T07:56:08.606+0000] {processor.py:829} INFO - Processing file /home/airflow/.local/lib/python3.8/site-packages/airflow/example_dags/example_datasets.py for tasks to queue
[2023-10-17T07:56:08.608+0000] {logging_mixin.py:151} INFO - [2023-10-17T07:56:08.607+0000] {dagbag.py:536} INFO - Filling up the DagBag from /home/airflow/.local/lib/python3.8/site-packages/airflow/example_dags/example_datasets.py
[2023-10-17T07:56:08.614+0000] {processor.py:839} INFO - DAG(s) dict_keys(['dataset_consumes_1', 'dataset_consumes_1_and_2', 'dataset_consumes_unknown_never_scheduled', 'dataset_consumes_1_never_scheduled', 'dataset_produces_1', 'dataset_produces_2']) retrieved from /home/airflow/.local/lib/python3.8/site-packages/airflow/example_dags/example_datasets.py
[2023-10-17T07:56:08.638+0000] {logging_mixin.py:151} INFO - [2023-10-17T07:56:08.638+0000] {dag.py:2941} INFO - Sync 6 DAGs
[2023-10-17T07:56:08.653+0000] {logging_mixin.py:151} INFO - [2023-10-17T07:56:08.653+0000] {dag.py:3722} INFO - Setting next_dagrun for dataset_consumes_1 to None, run_after=None
[2023-10-17T07:56:08.656+0000] {logging_mixin.py:151} INFO - [2023-10-17T07:56:08.655+0000] {dag.py:3722} INFO - Setting next_dagrun for dataset_consumes_1_and_2 to None, run_after=None
[2023-10-17T07:56:08.657+0000] {logging_mixin.py:151} INFO - [2023-10-17T07:56:08.656+0000] {dag.py:3722} INFO - Setting next_dagrun for dataset_consumes_1_never_scheduled to None, run_after=None
[2023-10-17T07:56:08.657+0000] {logging_mixin.py:151} INFO - [2023-10-17T07:56:08.657+0000] {dag.py:3722} INFO - Setting next_dagrun for dataset_consumes_unknown_never_scheduled to None, run_after=None
[2023-10-17T07:56:08.659+0000] {logging_mixin.py:151} INFO - [2023-10-17T07:56:08.659+0000] {dag.py:3722} INFO - Setting next_dagrun for dataset_produces_1 to 2023-10-16T00:00:00+00:00, run_after=2023-10-17T00:00:00+00:00
[2023-10-17T07:56:08.660+0000] {logging_mixin.py:151} INFO - [2023-10-17T07:56:08.660+0000] {dag.py:3722} INFO - Setting next_dagrun for dataset_produces_2 to None, run_after=None
[2023-10-17T07:56:08.680+0000] {processor.py:179} INFO - Processing /home/airflow/.local/lib/python3.8/site-packages/airflow/example_dags/example_datasets.py took 0.076 seconds
[2023-10-17T07:56:38.928+0000] {processor.py:157} INFO - Started process (PID=324) to work on /home/airflow/.local/lib/python3.8/site-packages/airflow/example_dags/example_datasets.py
[2023-10-17T07:56:38.930+0000] {processor.py:829} INFO - Processing file /home/airflow/.local/lib/python3.8/site-packages/airflow/example_dags/example_datasets.py for tasks to queue
[2023-10-17T07:56:38.932+0000] {logging_mixin.py:151} INFO - [2023-10-17T07:56:38.931+0000] {dagbag.py:536} INFO - Filling up the DagBag from /home/airflow/.local/lib/python3.8/site-packages/airflow/example_dags/example_datasets.py
[2023-10-17T07:56:38.938+0000] {processor.py:839} INFO - DAG(s) dict_keys(['dataset_consumes_1_and_2', 'dataset_produces_1', 'dataset_consumes_unknown_never_scheduled', 'dataset_produces_2', 'dataset_consumes_1', 'dataset_consumes_1_never_scheduled']) retrieved from /home/airflow/.local/lib/python3.8/site-packages/airflow/example_dags/example_datasets.py
[2023-10-17T07:56:38.966+0000] {logging_mixin.py:151} INFO - [2023-10-17T07:56:38.966+0000] {dag.py:2941} INFO - Sync 6 DAGs
[2023-10-17T07:56:38.984+0000] {logging_mixin.py:151} INFO - [2023-10-17T07:56:38.983+0000] {dag.py:3722} INFO - Setting next_dagrun for dataset_consumes_1 to None, run_after=None
[2023-10-17T07:56:38.986+0000] {logging_mixin.py:151} INFO - [2023-10-17T07:56:38.986+0000] {dag.py:3722} INFO - Setting next_dagrun for dataset_consumes_1_and_2 to None, run_after=None
[2023-10-17T07:56:38.987+0000] {logging_mixin.py:151} INFO - [2023-10-17T07:56:38.987+0000] {dag.py:3722} INFO - Setting next_dagrun for dataset_consumes_1_never_scheduled to None, run_after=None
[2023-10-17T07:56:38.988+0000] {logging_mixin.py:151} INFO - [2023-10-17T07:56:38.988+0000] {dag.py:3722} INFO - Setting next_dagrun for dataset_consumes_unknown_never_scheduled to None, run_after=None
[2023-10-17T07:56:38.990+0000] {logging_mixin.py:151} INFO - [2023-10-17T07:56:38.990+0000] {dag.py:3722} INFO - Setting next_dagrun for dataset_produces_1 to 2023-10-16T00:00:00+00:00, run_after=2023-10-17T00:00:00+00:00
[2023-10-17T07:56:38.991+0000] {logging_mixin.py:151} INFO - [2023-10-17T07:56:38.990+0000] {dag.py:3722} INFO - Setting next_dagrun for dataset_produces_2 to None, run_after=None
[2023-10-17T07:56:39.018+0000] {processor.py:179} INFO - Processing /home/airflow/.local/lib/python3.8/site-packages/airflow/example_dags/example_datasets.py took 0.092 seconds
[2023-10-17T07:57:09.738+0000] {processor.py:157} INFO - Started process (PID=376) to work on /home/airflow/.local/lib/python3.8/site-packages/airflow/example_dags/example_datasets.py
[2023-10-17T07:57:09.738+0000] {processor.py:829} INFO - Processing file /home/airflow/.local/lib/python3.8/site-packages/airflow/example_dags/example_datasets.py for tasks to queue
[2023-10-17T07:57:09.740+0000] {logging_mixin.py:151} INFO - [2023-10-17T07:57:09.740+0000] {dagbag.py:536} INFO - Filling up the DagBag from /home/airflow/.local/lib/python3.8/site-packages/airflow/example_dags/example_datasets.py
[2023-10-17T07:57:09.746+0000] {processor.py:839} INFO - DAG(s) dict_keys(['dataset_consumes_unknown_never_scheduled', 'dataset_consumes_1_never_scheduled', 'dataset_produces_1', 'dataset_produces_2', 'dataset_consumes_1_and_2', 'dataset_consumes_1']) retrieved from /home/airflow/.local/lib/python3.8/site-packages/airflow/example_dags/example_datasets.py
[2023-10-17T07:57:09.773+0000] {logging_mixin.py:151} INFO - [2023-10-17T07:57:09.773+0000] {dag.py:2941} INFO - Sync 6 DAGs
[2023-10-17T07:57:09.794+0000] {logging_mixin.py:151} INFO - [2023-10-17T07:57:09.793+0000] {dag.py:3722} INFO - Setting next_dagrun for dataset_consumes_1 to None, run_after=None
[2023-10-17T07:57:09.796+0000] {logging_mixin.py:151} INFO - [2023-10-17T07:57:09.796+0000] {dag.py:3722} INFO - Setting next_dagrun for dataset_consumes_1_and_2 to None, run_after=None
[2023-10-17T07:57:09.797+0000] {logging_mixin.py:151} INFO - [2023-10-17T07:57:09.797+0000] {dag.py:3722} INFO - Setting next_dagrun for dataset_consumes_1_never_scheduled to None, run_after=None
[2023-10-17T07:57:09.798+0000] {logging_mixin.py:151} INFO - [2023-10-17T07:57:09.798+0000] {dag.py:3722} INFO - Setting next_dagrun for dataset_consumes_unknown_never_scheduled to None, run_after=None
[2023-10-17T07:57:09.800+0000] {logging_mixin.py:151} INFO - [2023-10-17T07:57:09.800+0000] {dag.py:3722} INFO - Setting next_dagrun for dataset_produces_1 to 2023-10-16T00:00:00+00:00, run_after=2023-10-17T00:00:00+00:00
[2023-10-17T07:57:09.801+0000] {logging_mixin.py:151} INFO - [2023-10-17T07:57:09.801+0000] {dag.py:3722} INFO - Setting next_dagrun for dataset_produces_2 to None, run_after=None
[2023-10-17T07:57:09.820+0000] {processor.py:179} INFO - Processing /home/airflow/.local/lib/python3.8/site-packages/airflow/example_dags/example_datasets.py took 0.084 seconds
[2023-10-17T07:57:40.636+0000] {processor.py:157} INFO - Started process (PID=430) to work on /home/airflow/.local/lib/python3.8/site-packages/airflow/example_dags/example_datasets.py
[2023-10-17T07:57:40.637+0000] {processor.py:829} INFO - Processing file /home/airflow/.local/lib/python3.8/site-packages/airflow/example_dags/example_datasets.py for tasks to queue
[2023-10-17T07:57:40.639+0000] {logging_mixin.py:151} INFO - [2023-10-17T07:57:40.638+0000] {dagbag.py:536} INFO - Filling up the DagBag from /home/airflow/.local/lib/python3.8/site-packages/airflow/example_dags/example_datasets.py
[2023-10-17T07:57:40.645+0000] {processor.py:839} INFO - DAG(s) dict_keys(['dataset_consumes_1_never_scheduled', 'dataset_produces_1', 'dataset_consumes_1_and_2', 'dataset_consumes_unknown_never_scheduled', 'dataset_produces_2', 'dataset_consumes_1']) retrieved from /home/airflow/.local/lib/python3.8/site-packages/airflow/example_dags/example_datasets.py
[2023-10-17T07:57:40.674+0000] {logging_mixin.py:151} INFO - [2023-10-17T07:57:40.674+0000] {dag.py:2941} INFO - Sync 6 DAGs
[2023-10-17T07:57:40.692+0000] {logging_mixin.py:151} INFO - [2023-10-17T07:57:40.691+0000] {dag.py:3722} INFO - Setting next_dagrun for dataset_consumes_1 to None, run_after=None
[2023-10-17T07:57:40.694+0000] {logging_mixin.py:151} INFO - [2023-10-17T07:57:40.694+0000] {dag.py:3722} INFO - Setting next_dagrun for dataset_consumes_1_and_2 to None, run_after=None
[2023-10-17T07:57:40.695+0000] {logging_mixin.py:151} INFO - [2023-10-17T07:57:40.695+0000] {dag.py:3722} INFO - Setting next_dagrun for dataset_consumes_1_never_scheduled to None, run_after=None
[2023-10-17T07:57:40.696+0000] {logging_mixin.py:151} INFO - [2023-10-17T07:57:40.696+0000] {dag.py:3722} INFO - Setting next_dagrun for dataset_consumes_unknown_never_scheduled to None, run_after=None
[2023-10-17T07:57:40.698+0000] {logging_mixin.py:151} INFO - [2023-10-17T07:57:40.698+0000] {dag.py:3722} INFO - Setting next_dagrun for dataset_produces_1 to 2023-10-16T00:00:00+00:00, run_after=2023-10-17T00:00:00+00:00
[2023-10-17T07:57:40.699+0000] {logging_mixin.py:151} INFO - [2023-10-17T07:57:40.699+0000] {dag.py:3722} INFO - Setting next_dagrun for dataset_produces_2 to None, run_after=None
[2023-10-17T07:57:40.725+0000] {processor.py:179} INFO - Processing /home/airflow/.local/lib/python3.8/site-packages/airflow/example_dags/example_datasets.py took 0.092 seconds
[2023-10-17T07:58:10.886+0000] {processor.py:157} INFO - Started process (PID=484) to work on /home/airflow/.local/lib/python3.8/site-packages/airflow/example_dags/example_datasets.py
[2023-10-17T07:58:10.886+0000] {processor.py:829} INFO - Processing file /home/airflow/.local/lib/python3.8/site-packages/airflow/example_dags/example_datasets.py for tasks to queue
[2023-10-17T07:58:10.888+0000] {logging_mixin.py:151} INFO - [2023-10-17T07:58:10.888+0000] {dagbag.py:536} INFO - Filling up the DagBag from /home/airflow/.local/lib/python3.8/site-packages/airflow/example_dags/example_datasets.py
[2023-10-17T07:58:10.898+0000] {processor.py:839} INFO - DAG(s) dict_keys(['dataset_produces_1', 'dataset_consumes_1_and_2', 'dataset_consumes_1_never_scheduled', 'dataset_consumes_1', 'dataset_produces_2', 'dataset_consumes_unknown_never_scheduled']) retrieved from /home/airflow/.local/lib/python3.8/site-packages/airflow/example_dags/example_datasets.py
[2023-10-17T07:58:10.934+0000] {logging_mixin.py:151} INFO - [2023-10-17T07:58:10.934+0000] {dag.py:2941} INFO - Sync 6 DAGs
[2023-10-17T07:58:10.953+0000] {logging_mixin.py:151} INFO - [2023-10-17T07:58:10.953+0000] {dag.py:3722} INFO - Setting next_dagrun for dataset_consumes_1 to None, run_after=None
[2023-10-17T07:58:10.957+0000] {logging_mixin.py:151} INFO - [2023-10-17T07:58:10.957+0000] {dag.py:3722} INFO - Setting next_dagrun for dataset_consumes_1_and_2 to None, run_after=None
[2023-10-17T07:58:10.958+0000] {logging_mixin.py:151} INFO - [2023-10-17T07:58:10.958+0000] {dag.py:3722} INFO - Setting next_dagrun for dataset_consumes_1_never_scheduled to None, run_after=None
[2023-10-17T07:58:10.959+0000] {logging_mixin.py:151} INFO - [2023-10-17T07:58:10.959+0000] {dag.py:3722} INFO - Setting next_dagrun for dataset_consumes_unknown_never_scheduled to None, run_after=None
[2023-10-17T07:58:10.961+0000] {logging_mixin.py:151} INFO - [2023-10-17T07:58:10.961+0000] {dag.py:3722} INFO - Setting next_dagrun for dataset_produces_1 to 2023-10-16T00:00:00+00:00, run_after=2023-10-17T00:00:00+00:00
[2023-10-17T07:58:10.962+0000] {logging_mixin.py:151} INFO - [2023-10-17T07:58:10.962+0000] {dag.py:3722} INFO - Setting next_dagrun for dataset_produces_2 to None, run_after=None
[2023-10-17T07:58:10.990+0000] {processor.py:179} INFO - Processing /home/airflow/.local/lib/python3.8/site-packages/airflow/example_dags/example_datasets.py took 0.106 seconds
[2023-10-17T07:58:41.159+0000] {processor.py:157} INFO - Started process (PID=538) to work on /home/airflow/.local/lib/python3.8/site-packages/airflow/example_dags/example_datasets.py
[2023-10-17T07:58:41.159+0000] {processor.py:829} INFO - Processing file /home/airflow/.local/lib/python3.8/site-packages/airflow/example_dags/example_datasets.py for tasks to queue
[2023-10-17T07:58:41.161+0000] {logging_mixin.py:151} INFO - [2023-10-17T07:58:41.160+0000] {dagbag.py:536} INFO - Filling up the DagBag from /home/airflow/.local/lib/python3.8/site-packages/airflow/example_dags/example_datasets.py
[2023-10-17T07:58:41.166+0000] {processor.py:839} INFO - DAG(s) dict_keys(['dataset_consumes_unknown_never_scheduled', 'dataset_consumes_1_and_2', 'dataset_consumes_1', 'dataset_consumes_1_never_scheduled', 'dataset_produces_2', 'dataset_produces_1']) retrieved from /home/airflow/.local/lib/python3.8/site-packages/airflow/example_dags/example_datasets.py
[2023-10-17T07:58:41.190+0000] {logging_mixin.py:151} INFO - [2023-10-17T07:58:41.190+0000] {dag.py:2941} INFO - Sync 6 DAGs
[2023-10-17T07:58:41.206+0000] {logging_mixin.py:151} INFO - [2023-10-17T07:58:41.205+0000] {dag.py:3722} INFO - Setting next_dagrun for dataset_consumes_1 to None, run_after=None
[2023-10-17T07:58:41.208+0000] {logging_mixin.py:151} INFO - [2023-10-17T07:58:41.208+0000] {dag.py:3722} INFO - Setting next_dagrun for dataset_consumes_1_and_2 to None, run_after=None
[2023-10-17T07:58:41.209+0000] {logging_mixin.py:151} INFO - [2023-10-17T07:58:41.208+0000] {dag.py:3722} INFO - Setting next_dagrun for dataset_consumes_1_never_scheduled to None, run_after=None
[2023-10-17T07:58:41.209+0000] {logging_mixin.py:151} INFO - [2023-10-17T07:58:41.209+0000] {dag.py:3722} INFO - Setting next_dagrun for dataset_consumes_unknown_never_scheduled to None, run_after=None
[2023-10-17T07:58:41.211+0000] {logging_mixin.py:151} INFO - [2023-10-17T07:58:41.211+0000] {dag.py:3722} INFO - Setting next_dagrun for dataset_produces_1 to 2023-10-16T00:00:00+00:00, run_after=2023-10-17T00:00:00+00:00
[2023-10-17T07:58:41.212+0000] {logging_mixin.py:151} INFO - [2023-10-17T07:58:41.211+0000] {dag.py:3722} INFO - Setting next_dagrun for dataset_produces_2 to None, run_after=None
[2023-10-17T07:58:41.230+0000] {processor.py:179} INFO - Processing /home/airflow/.local/lib/python3.8/site-packages/airflow/example_dags/example_datasets.py took 0.073 seconds
[2023-10-17T07:59:11.363+0000] {processor.py:157} INFO - Started process (PID=592) to work on /home/airflow/.local/lib/python3.8/site-packages/airflow/example_dags/example_datasets.py
[2023-10-17T07:59:11.363+0000] {processor.py:829} INFO - Processing file /home/airflow/.local/lib/python3.8/site-packages/airflow/example_dags/example_datasets.py for tasks to queue
[2023-10-17T07:59:11.365+0000] {logging_mixin.py:151} INFO - [2023-10-17T07:59:11.365+0000] {dagbag.py:536} INFO - Filling up the DagBag from /home/airflow/.local/lib/python3.8/site-packages/airflow/example_dags/example_datasets.py
[2023-10-17T07:59:11.371+0000] {processor.py:839} INFO - DAG(s) dict_keys(['dataset_produces_2', 'dataset_consumes_1', 'dataset_produces_1', 'dataset_consumes_1_never_scheduled', 'dataset_consumes_unknown_never_scheduled', 'dataset_consumes_1_and_2']) retrieved from /home/airflow/.local/lib/python3.8/site-packages/airflow/example_dags/example_datasets.py
[2023-10-17T07:59:11.397+0000] {logging_mixin.py:151} INFO - [2023-10-17T07:59:11.397+0000] {dag.py:2941} INFO - Sync 6 DAGs
[2023-10-17T07:59:11.413+0000] {logging_mixin.py:151} INFO - [2023-10-17T07:59:11.412+0000] {dag.py:3722} INFO - Setting next_dagrun for dataset_consumes_1 to None, run_after=None
[2023-10-17T07:59:11.415+0000] {logging_mixin.py:151} INFO - [2023-10-17T07:59:11.415+0000] {dag.py:3722} INFO - Setting next_dagrun for dataset_consumes_1_and_2 to None, run_after=None
[2023-10-17T07:59:11.416+0000] {logging_mixin.py:151} INFO - [2023-10-17T07:59:11.416+0000] {dag.py:3722} INFO - Setting next_dagrun for dataset_consumes_1_never_scheduled to None, run_after=None
[2023-10-17T07:59:11.417+0000] {logging_mixin.py:151} INFO - [2023-10-17T07:59:11.417+0000] {dag.py:3722} INFO - Setting next_dagrun for dataset_consumes_unknown_never_scheduled to None, run_after=None
[2023-10-17T07:59:11.419+0000] {logging_mixin.py:151} INFO - [2023-10-17T07:59:11.419+0000] {dag.py:3722} INFO - Setting next_dagrun for dataset_produces_1 to 2023-10-16T00:00:00+00:00, run_after=2023-10-17T00:00:00+00:00
[2023-10-17T07:59:11.419+0000] {logging_mixin.py:151} INFO - [2023-10-17T07:59:11.419+0000] {dag.py:3722} INFO - Setting next_dagrun for dataset_produces_2 to None, run_after=None
[2023-10-17T07:59:11.439+0000] {processor.py:179} INFO - Processing /home/airflow/.local/lib/python3.8/site-packages/airflow/example_dags/example_datasets.py took 0.078 seconds
[2023-10-17T07:59:41.551+0000] {processor.py:157} INFO - Started process (PID=646) to work on /home/airflow/.local/lib/python3.8/site-packages/airflow/example_dags/example_datasets.py
[2023-10-17T07:59:41.552+0000] {processor.py:829} INFO - Processing file /home/airflow/.local/lib/python3.8/site-packages/airflow/example_dags/example_datasets.py for tasks to queue
[2023-10-17T07:59:41.553+0000] {logging_mixin.py:151} INFO - [2023-10-17T07:59:41.553+0000] {dagbag.py:536} INFO - Filling up the DagBag from /home/airflow/.local/lib/python3.8/site-packages/airflow/example_dags/example_datasets.py
[2023-10-17T07:59:41.559+0000] {processor.py:839} INFO - DAG(s) dict_keys(['dataset_consumes_1', 'dataset_consumes_1_never_scheduled', 'dataset_consumes_unknown_never_scheduled', 'dataset_produces_1', 'dataset_consumes_1_and_2', 'dataset_produces_2']) retrieved from /home/airflow/.local/lib/python3.8/site-packages/airflow/example_dags/example_datasets.py
[2023-10-17T07:59:41.587+0000] {logging_mixin.py:151} INFO - [2023-10-17T07:59:41.587+0000] {dag.py:2941} INFO - Sync 6 DAGs
[2023-10-17T07:59:41.602+0000] {logging_mixin.py:151} INFO - [2023-10-17T07:59:41.602+0000] {dag.py:3722} INFO - Setting next_dagrun for dataset_consumes_1 to None, run_after=None
[2023-10-17T07:59:41.605+0000] {logging_mixin.py:151} INFO - [2023-10-17T07:59:41.605+0000] {dag.py:3722} INFO - Setting next_dagrun for dataset_consumes_1_and_2 to None, run_after=None
[2023-10-17T07:59:41.606+0000] {logging_mixin.py:151} INFO - [2023-10-17T07:59:41.606+0000] {dag.py:3722} INFO - Setting next_dagrun for dataset_consumes_1_never_scheduled to None, run_after=None
[2023-10-17T07:59:41.607+0000] {logging_mixin.py:151} INFO - [2023-10-17T07:59:41.606+0000] {dag.py:3722} INFO - Setting next_dagrun for dataset_consumes_unknown_never_scheduled to None, run_after=None
[2023-10-17T07:59:41.608+0000] {logging_mixin.py:151} INFO - [2023-10-17T07:59:41.608+0000] {dag.py:3722} INFO - Setting next_dagrun for dataset_produces_1 to 2023-10-16T00:00:00+00:00, run_after=2023-10-17T00:00:00+00:00
[2023-10-17T07:59:41.609+0000] {logging_mixin.py:151} INFO - [2023-10-17T07:59:41.609+0000] {dag.py:3722} INFO - Setting next_dagrun for dataset_produces_2 to None, run_after=None
[2023-10-17T07:59:41.629+0000] {processor.py:179} INFO - Processing /home/airflow/.local/lib/python3.8/site-packages/airflow/example_dags/example_datasets.py took 0.080 seconds
[2023-10-17T08:00:12.504+0000] {processor.py:157} INFO - Started process (PID=700) to work on /home/airflow/.local/lib/python3.8/site-packages/airflow/example_dags/example_datasets.py
[2023-10-17T08:00:12.505+0000] {processor.py:829} INFO - Processing file /home/airflow/.local/lib/python3.8/site-packages/airflow/example_dags/example_datasets.py for tasks to queue
[2023-10-17T08:00:12.506+0000] {logging_mixin.py:151} INFO - [2023-10-17T08:00:12.506+0000] {dagbag.py:536} INFO - Filling up the DagBag from /home/airflow/.local/lib/python3.8/site-packages/airflow/example_dags/example_datasets.py
[2023-10-17T08:00:12.514+0000] {processor.py:839} INFO - DAG(s) dict_keys(['dataset_consumes_unknown_never_scheduled', 'dataset_consumes_1_and_2', 'dataset_consumes_1', 'dataset_consumes_1_never_scheduled', 'dataset_produces_1', 'dataset_produces_2']) retrieved from /home/airflow/.local/lib/python3.8/site-packages/airflow/example_dags/example_datasets.py
[2023-10-17T08:00:12.542+0000] {logging_mixin.py:151} INFO - [2023-10-17T08:00:12.541+0000] {dag.py:2941} INFO - Sync 6 DAGs
[2023-10-17T08:00:12.558+0000] {logging_mixin.py:151} INFO - [2023-10-17T08:00:12.558+0000] {dag.py:3722} INFO - Setting next_dagrun for dataset_consumes_1 to None, run_after=None
[2023-10-17T08:00:12.562+0000] {logging_mixin.py:151} INFO - [2023-10-17T08:00:12.562+0000] {dag.py:3722} INFO - Setting next_dagrun for dataset_consumes_1_and_2 to None, run_after=None
[2023-10-17T08:00:12.563+0000] {logging_mixin.py:151} INFO - [2023-10-17T08:00:12.563+0000] {dag.py:3722} INFO - Setting next_dagrun for dataset_consumes_1_never_scheduled to None, run_after=None
[2023-10-17T08:00:12.565+0000] {logging_mixin.py:151} INFO - [2023-10-17T08:00:12.564+0000] {dag.py:3722} INFO - Setting next_dagrun for dataset_consumes_unknown_never_scheduled to None, run_after=None
[2023-10-17T08:00:12.566+0000] {logging_mixin.py:151} INFO - [2023-10-17T08:00:12.566+0000] {dag.py:3722} INFO - Setting next_dagrun for dataset_produces_1 to 2023-10-16T00:00:00+00:00, run_after=2023-10-17T00:00:00+00:00
[2023-10-17T08:00:12.567+0000] {logging_mixin.py:151} INFO - [2023-10-17T08:00:12.567+0000] {dag.py:3722} INFO - Setting next_dagrun for dataset_produces_2 to None, run_after=None
[2023-10-17T08:00:12.588+0000] {processor.py:179} INFO - Processing /home/airflow/.local/lib/python3.8/site-packages/airflow/example_dags/example_datasets.py took 0.086 seconds
[2023-10-17T08:00:42.773+0000] {processor.py:157} INFO - Started process (PID=754) to work on /home/airflow/.local/lib/python3.8/site-packages/airflow/example_dags/example_datasets.py
[2023-10-17T08:00:42.774+0000] {processor.py:829} INFO - Processing file /home/airflow/.local/lib/python3.8/site-packages/airflow/example_dags/example_datasets.py for tasks to queue
[2023-10-17T08:00:42.775+0000] {logging_mixin.py:151} INFO - [2023-10-17T08:00:42.775+0000] {dagbag.py:536} INFO - Filling up the DagBag from /home/airflow/.local/lib/python3.8/site-packages/airflow/example_dags/example_datasets.py
[2023-10-17T08:00:42.782+0000] {processor.py:839} INFO - DAG(s) dict_keys(['dataset_produces_1', 'dataset_produces_2', 'dataset_consumes_unknown_never_scheduled', 'dataset_consumes_1', 'dataset_consumes_1_never_scheduled', 'dataset_consumes_1_and_2']) retrieved from /home/airflow/.local/lib/python3.8/site-packages/airflow/example_dags/example_datasets.py
[2023-10-17T08:00:42.811+0000] {logging_mixin.py:151} INFO - [2023-10-17T08:00:42.810+0000] {dag.py:2941} INFO - Sync 6 DAGs
[2023-10-17T08:00:42.833+0000] {logging_mixin.py:151} INFO - [2023-10-17T08:00:42.833+0000] {dag.py:3722} INFO - Setting next_dagrun for dataset_consumes_1 to None, run_after=None
[2023-10-17T08:00:42.836+0000] {logging_mixin.py:151} INFO - [2023-10-17T08:00:42.836+0000] {dag.py:3722} INFO - Setting next_dagrun for dataset_consumes_1_and_2 to None, run_after=None
[2023-10-17T08:00:42.837+0000] {logging_mixin.py:151} INFO - [2023-10-17T08:00:42.837+0000] {dag.py:3722} INFO - Setting next_dagrun for dataset_consumes_1_never_scheduled to None, run_after=None
[2023-10-17T08:00:42.838+0000] {logging_mixin.py:151} INFO - [2023-10-17T08:00:42.838+0000] {dag.py:3722} INFO - Setting next_dagrun for dataset_consumes_unknown_never_scheduled to None, run_after=None
[2023-10-17T08:00:42.840+0000] {logging_mixin.py:151} INFO - [2023-10-17T08:00:42.840+0000] {dag.py:3722} INFO - Setting next_dagrun for dataset_produces_1 to 2023-10-16T00:00:00+00:00, run_after=2023-10-17T00:00:00+00:00
[2023-10-17T08:00:42.841+0000] {logging_mixin.py:151} INFO - [2023-10-17T08:00:42.841+0000] {dag.py:3722} INFO - Setting next_dagrun for dataset_produces_2 to None, run_after=None
[2023-10-17T08:00:42.867+0000] {processor.py:179} INFO - Processing /home/airflow/.local/lib/python3.8/site-packages/airflow/example_dags/example_datasets.py took 0.096 seconds
[2023-10-17T08:01:12.998+0000] {processor.py:157} INFO - Started process (PID=808) to work on /home/airflow/.local/lib/python3.8/site-packages/airflow/example_dags/example_datasets.py
[2023-10-17T08:01:12.998+0000] {processor.py:829} INFO - Processing file /home/airflow/.local/lib/python3.8/site-packages/airflow/example_dags/example_datasets.py for tasks to queue
[2023-10-17T08:01:13.000+0000] {logging_mixin.py:151} INFO - [2023-10-17T08:01:13.000+0000] {dagbag.py:536} INFO - Filling up the DagBag from /home/airflow/.local/lib/python3.8/site-packages/airflow/example_dags/example_datasets.py
[2023-10-17T08:01:13.007+0000] {processor.py:839} INFO - DAG(s) dict_keys(['dataset_produces_2', 'dataset_consumes_1_and_2', 'dataset_consumes_unknown_never_scheduled', 'dataset_produces_1', 'dataset_consumes_1_never_scheduled', 'dataset_consumes_1']) retrieved from /home/airflow/.local/lib/python3.8/site-packages/airflow/example_dags/example_datasets.py
[2023-10-17T08:01:13.034+0000] {logging_mixin.py:151} INFO - [2023-10-17T08:01:13.034+0000] {dag.py:2941} INFO - Sync 6 DAGs
[2023-10-17T08:01:13.054+0000] {logging_mixin.py:151} INFO - [2023-10-17T08:01:13.054+0000] {dag.py:3722} INFO - Setting next_dagrun for dataset_consumes_1 to None, run_after=None
[2023-10-17T08:01:13.057+0000] {logging_mixin.py:151} INFO - [2023-10-17T08:01:13.057+0000] {dag.py:3722} INFO - Setting next_dagrun for dataset_consumes_1_and_2 to None, run_after=None
[2023-10-17T08:01:13.059+0000] {logging_mixin.py:151} INFO - [2023-10-17T08:01:13.059+0000] {dag.py:3722} INFO - Setting next_dagrun for dataset_consumes_1_never_scheduled to None, run_after=None
[2023-10-17T08:01:13.060+0000] {logging_mixin.py:151} INFO - [2023-10-17T08:01:13.060+0000] {dag.py:3722} INFO - Setting next_dagrun for dataset_consumes_unknown_never_scheduled to None, run_after=None
[2023-10-17T08:01:13.062+0000] {logging_mixin.py:151} INFO - [2023-10-17T08:01:13.062+0000] {dag.py:3722} INFO - Setting next_dagrun for dataset_produces_1 to 2023-10-16T00:00:00+00:00, run_after=2023-10-17T00:00:00+00:00
[2023-10-17T08:01:13.063+0000] {logging_mixin.py:151} INFO - [2023-10-17T08:01:13.063+0000] {dag.py:3722} INFO - Setting next_dagrun for dataset_produces_2 to None, run_after=None
[2023-10-17T08:01:13.088+0000] {processor.py:179} INFO - Processing /home/airflow/.local/lib/python3.8/site-packages/airflow/example_dags/example_datasets.py took 0.092 seconds
[2023-10-17T08:01:43.167+0000] {processor.py:157} INFO - Started process (PID=863) to work on /home/airflow/.local/lib/python3.8/site-packages/airflow/example_dags/example_datasets.py
[2023-10-17T08:01:43.168+0000] {processor.py:829} INFO - Processing file /home/airflow/.local/lib/python3.8/site-packages/airflow/example_dags/example_datasets.py for tasks to queue
[2023-10-17T08:01:43.169+0000] {logging_mixin.py:151} INFO - [2023-10-17T08:01:43.169+0000] {dagbag.py:536} INFO - Filling up the DagBag from /home/airflow/.local/lib/python3.8/site-packages/airflow/example_dags/example_datasets.py
[2023-10-17T08:01:43.175+0000] {processor.py:839} INFO - DAG(s) dict_keys(['dataset_consumes_1_and_2', 'dataset_consumes_1', 'dataset_produces_1', 'dataset_consumes_unknown_never_scheduled', 'dataset_consumes_1_never_scheduled', 'dataset_produces_2']) retrieved from /home/airflow/.local/lib/python3.8/site-packages/airflow/example_dags/example_datasets.py
[2023-10-17T08:01:43.206+0000] {logging_mixin.py:151} INFO - [2023-10-17T08:01:43.206+0000] {dag.py:2941} INFO - Sync 6 DAGs
[2023-10-17T08:01:43.227+0000] {logging_mixin.py:151} INFO - [2023-10-17T08:01:43.227+0000] {dag.py:3722} INFO - Setting next_dagrun for dataset_consumes_1 to None, run_after=None
[2023-10-17T08:01:43.230+0000] {logging_mixin.py:151} INFO - [2023-10-17T08:01:43.230+0000] {dag.py:3722} INFO - Setting next_dagrun for dataset_consumes_1_and_2 to None, run_after=None
[2023-10-17T08:01:43.231+0000] {logging_mixin.py:151} INFO - [2023-10-17T08:01:43.231+0000] {dag.py:3722} INFO - Setting next_dagrun for dataset_consumes_1_never_scheduled to None, run_after=None
[2023-10-17T08:01:43.232+0000] {logging_mixin.py:151} INFO - [2023-10-17T08:01:43.232+0000] {dag.py:3722} INFO - Setting next_dagrun for dataset_consumes_unknown_never_scheduled to None, run_after=None
[2023-10-17T08:01:43.234+0000] {logging_mixin.py:151} INFO - [2023-10-17T08:01:43.234+0000] {dag.py:3722} INFO - Setting next_dagrun for dataset_produces_1 to 2023-10-16T00:00:00+00:00, run_after=2023-10-17T00:00:00+00:00
[2023-10-17T08:01:43.235+0000] {logging_mixin.py:151} INFO - [2023-10-17T08:01:43.235+0000] {dag.py:3722} INFO - Setting next_dagrun for dataset_produces_2 to None, run_after=None
[2023-10-17T08:01:43.256+0000] {processor.py:179} INFO - Processing /home/airflow/.local/lib/python3.8/site-packages/airflow/example_dags/example_datasets.py took 0.090 seconds
[2023-10-17T08:02:14.065+0000] {processor.py:157} INFO - Started process (PID=916) to work on /home/airflow/.local/lib/python3.8/site-packages/airflow/example_dags/example_datasets.py
[2023-10-17T08:02:14.066+0000] {processor.py:829} INFO - Processing file /home/airflow/.local/lib/python3.8/site-packages/airflow/example_dags/example_datasets.py for tasks to queue
[2023-10-17T08:02:14.067+0000] {logging_mixin.py:151} INFO - [2023-10-17T08:02:14.067+0000] {dagbag.py:536} INFO - Filling up the DagBag from /home/airflow/.local/lib/python3.8/site-packages/airflow/example_dags/example_datasets.py
[2023-10-17T08:02:14.073+0000] {processor.py:839} INFO - DAG(s) dict_keys(['dataset_consumes_1_never_scheduled', 'dataset_consumes_1_and_2', 'dataset_consumes_1', 'dataset_produces_2', 'dataset_produces_1', 'dataset_consumes_unknown_never_scheduled']) retrieved from /home/airflow/.local/lib/python3.8/site-packages/airflow/example_dags/example_datasets.py
[2023-10-17T08:02:14.098+0000] {logging_mixin.py:151} INFO - [2023-10-17T08:02:14.098+0000] {dag.py:2941} INFO - Sync 6 DAGs
[2023-10-17T08:02:14.113+0000] {logging_mixin.py:151} INFO - [2023-10-17T08:02:14.113+0000] {dag.py:3722} INFO - Setting next_dagrun for dataset_consumes_1 to None, run_after=None
[2023-10-17T08:02:14.116+0000] {logging_mixin.py:151} INFO - [2023-10-17T08:02:14.116+0000] {dag.py:3722} INFO - Setting next_dagrun for dataset_consumes_1_and_2 to None, run_after=None
[2023-10-17T08:02:14.117+0000] {logging_mixin.py:151} INFO - [2023-10-17T08:02:14.117+0000] {dag.py:3722} INFO - Setting next_dagrun for dataset_consumes_1_never_scheduled to None, run_after=None
[2023-10-17T08:02:14.118+0000] {logging_mixin.py:151} INFO - [2023-10-17T08:02:14.118+0000] {dag.py:3722} INFO - Setting next_dagrun for dataset_consumes_unknown_never_scheduled to None, run_after=None
[2023-10-17T08:02:14.119+0000] {logging_mixin.py:151} INFO - [2023-10-17T08:02:14.119+0000] {dag.py:3722} INFO - Setting next_dagrun for dataset_produces_1 to 2023-10-16T00:00:00+00:00, run_after=2023-10-17T00:00:00+00:00
[2023-10-17T08:02:14.120+0000] {logging_mixin.py:151} INFO - [2023-10-17T08:02:14.120+0000] {dag.py:3722} INFO - Setting next_dagrun for dataset_produces_2 to None, run_after=None
[2023-10-17T08:02:14.141+0000] {processor.py:179} INFO - Processing /home/airflow/.local/lib/python3.8/site-packages/airflow/example_dags/example_datasets.py took 0.077 seconds
[2023-10-17T08:02:44.517+0000] {processor.py:157} INFO - Started process (PID=970) to work on /home/airflow/.local/lib/python3.8/site-packages/airflow/example_dags/example_datasets.py
[2023-10-17T08:02:44.518+0000] {processor.py:829} INFO - Processing file /home/airflow/.local/lib/python3.8/site-packages/airflow/example_dags/example_datasets.py for tasks to queue
[2023-10-17T08:02:44.519+0000] {logging_mixin.py:151} INFO - [2023-10-17T08:02:44.519+0000] {dagbag.py:536} INFO - Filling up the DagBag from /home/airflow/.local/lib/python3.8/site-packages/airflow/example_dags/example_datasets.py
[2023-10-17T08:02:44.524+0000] {processor.py:839} INFO - DAG(s) dict_keys(['dataset_consumes_1_never_scheduled', 'dataset_produces_1', 'dataset_produces_2', 'dataset_consumes_unknown_never_scheduled', 'dataset_consumes_1_and_2', 'dataset_consumes_1']) retrieved from /home/airflow/.local/lib/python3.8/site-packages/airflow/example_dags/example_datasets.py
[2023-10-17T08:02:44.549+0000] {logging_mixin.py:151} INFO - [2023-10-17T08:02:44.549+0000] {dag.py:2941} INFO - Sync 6 DAGs
[2023-10-17T08:02:44.565+0000] {logging_mixin.py:151} INFO - [2023-10-17T08:02:44.564+0000] {dag.py:3722} INFO - Setting next_dagrun for dataset_consumes_1 to None, run_after=None
[2023-10-17T08:02:44.567+0000] {logging_mixin.py:151} INFO - [2023-10-17T08:02:44.567+0000] {dag.py:3722} INFO - Setting next_dagrun for dataset_consumes_1_and_2 to None, run_after=None
[2023-10-17T08:02:44.568+0000] {logging_mixin.py:151} INFO - [2023-10-17T08:02:44.568+0000] {dag.py:3722} INFO - Setting next_dagrun for dataset_consumes_1_never_scheduled to None, run_after=None
[2023-10-17T08:02:44.569+0000] {logging_mixin.py:151} INFO - [2023-10-17T08:02:44.569+0000] {dag.py:3722} INFO - Setting next_dagrun for dataset_consumes_unknown_never_scheduled to None, run_after=None
[2023-10-17T08:02:44.571+0000] {logging_mixin.py:151} INFO - [2023-10-17T08:02:44.571+0000] {dag.py:3722} INFO - Setting next_dagrun for dataset_produces_1 to 2023-10-16T00:00:00+00:00, run_after=2023-10-17T00:00:00+00:00
[2023-10-17T08:02:44.572+0000] {logging_mixin.py:151} INFO - [2023-10-17T08:02:44.572+0000] {dag.py:3722} INFO - Setting next_dagrun for dataset_produces_2 to None, run_after=None
[2023-10-17T08:02:44.592+0000] {processor.py:179} INFO - Processing /home/airflow/.local/lib/python3.8/site-packages/airflow/example_dags/example_datasets.py took 0.077 seconds
[2023-10-17T08:03:15.525+0000] {processor.py:157} INFO - Started process (PID=1024) to work on /home/airflow/.local/lib/python3.8/site-packages/airflow/example_dags/example_datasets.py
[2023-10-17T08:03:15.526+0000] {processor.py:829} INFO - Processing file /home/airflow/.local/lib/python3.8/site-packages/airflow/example_dags/example_datasets.py for tasks to queue
[2023-10-17T08:03:15.527+0000] {logging_mixin.py:151} INFO - [2023-10-17T08:03:15.527+0000] {dagbag.py:536} INFO - Filling up the DagBag from /home/airflow/.local/lib/python3.8/site-packages/airflow/example_dags/example_datasets.py
[2023-10-17T08:03:15.533+0000] {processor.py:839} INFO - DAG(s) dict_keys(['dataset_consumes_unknown_never_scheduled', 'dataset_produces_1', 'dataset_consumes_1', 'dataset_produces_2', 'dataset_consumes_1_never_scheduled', 'dataset_consumes_1_and_2']) retrieved from /home/airflow/.local/lib/python3.8/site-packages/airflow/example_dags/example_datasets.py
[2023-10-17T08:03:15.558+0000] {logging_mixin.py:151} INFO - [2023-10-17T08:03:15.558+0000] {dag.py:2941} INFO - Sync 6 DAGs
[2023-10-17T08:03:15.574+0000] {logging_mixin.py:151} INFO - [2023-10-17T08:03:15.574+0000] {dag.py:3722} INFO - Setting next_dagrun for dataset_consumes_1 to None, run_after=None
[2023-10-17T08:03:15.683+0000] {logging_mixin.py:151} INFO - [2023-10-17T08:03:15.683+0000] {dag.py:3722} INFO - Setting next_dagrun for dataset_consumes_1_and_2 to None, run_after=None
[2023-10-17T08:03:15.685+0000] {logging_mixin.py:151} INFO - [2023-10-17T08:03:15.684+0000] {dag.py:3722} INFO - Setting next_dagrun for dataset_consumes_1_never_scheduled to None, run_after=None
[2023-10-17T08:03:15.685+0000] {logging_mixin.py:151} INFO - [2023-10-17T08:03:15.685+0000] {dag.py:3722} INFO - Setting next_dagrun for dataset_consumes_unknown_never_scheduled to None, run_after=None
[2023-10-17T08:03:15.687+0000] {logging_mixin.py:151} INFO - [2023-10-17T08:03:15.687+0000] {dag.py:3722} INFO - Setting next_dagrun for dataset_produces_1 to 2023-10-16T00:00:00+00:00, run_after=2023-10-17T00:00:00+00:00
[2023-10-17T08:03:15.688+0000] {logging_mixin.py:151} INFO - [2023-10-17T08:03:15.688+0000] {dag.py:3722} INFO - Setting next_dagrun for dataset_produces_2 to None, run_after=None
[2023-10-17T08:03:15.708+0000] {processor.py:179} INFO - Processing /home/airflow/.local/lib/python3.8/site-packages/airflow/example_dags/example_datasets.py took 0.185 seconds
[2023-10-17T08:03:46.275+0000] {processor.py:157} INFO - Started process (PID=1078) to work on /home/airflow/.local/lib/python3.8/site-packages/airflow/example_dags/example_datasets.py
[2023-10-17T08:03:46.275+0000] {processor.py:829} INFO - Processing file /home/airflow/.local/lib/python3.8/site-packages/airflow/example_dags/example_datasets.py for tasks to queue
[2023-10-17T08:03:46.277+0000] {logging_mixin.py:151} INFO - [2023-10-17T08:03:46.277+0000] {dagbag.py:536} INFO - Filling up the DagBag from /home/airflow/.local/lib/python3.8/site-packages/airflow/example_dags/example_datasets.py
[2023-10-17T08:03:46.284+0000] {processor.py:839} INFO - DAG(s) dict_keys(['dataset_consumes_1_never_scheduled', 'dataset_consumes_1', 'dataset_consumes_unknown_never_scheduled', 'dataset_produces_1', 'dataset_produces_2', 'dataset_consumes_1_and_2']) retrieved from /home/airflow/.local/lib/python3.8/site-packages/airflow/example_dags/example_datasets.py
[2023-10-17T08:03:46.315+0000] {logging_mixin.py:151} INFO - [2023-10-17T08:03:46.315+0000] {dag.py:2941} INFO - Sync 6 DAGs
[2023-10-17T08:03:46.340+0000] {logging_mixin.py:151} INFO - [2023-10-17T08:03:46.340+0000] {dag.py:3722} INFO - Setting next_dagrun for dataset_consumes_1 to None, run_after=None
[2023-10-17T08:03:46.343+0000] {logging_mixin.py:151} INFO - [2023-10-17T08:03:46.343+0000] {dag.py:3722} INFO - Setting next_dagrun for dataset_consumes_1_and_2 to None, run_after=None
[2023-10-17T08:03:46.344+0000] {logging_mixin.py:151} INFO - [2023-10-17T08:03:46.344+0000] {dag.py:3722} INFO - Setting next_dagrun for dataset_consumes_1_never_scheduled to None, run_after=None
[2023-10-17T08:03:46.346+0000] {logging_mixin.py:151} INFO - [2023-10-17T08:03:46.345+0000] {dag.py:3722} INFO - Setting next_dagrun for dataset_consumes_unknown_never_scheduled to None, run_after=None
[2023-10-17T08:03:46.347+0000] {logging_mixin.py:151} INFO - [2023-10-17T08:03:46.347+0000] {dag.py:3722} INFO - Setting next_dagrun for dataset_produces_1 to 2023-10-16T00:00:00+00:00, run_after=2023-10-17T00:00:00+00:00
[2023-10-17T08:03:46.349+0000] {logging_mixin.py:151} INFO - [2023-10-17T08:03:46.348+0000] {dag.py:3722} INFO - Setting next_dagrun for dataset_produces_2 to None, run_after=None
[2023-10-17T08:03:46.374+0000] {processor.py:179} INFO - Processing /home/airflow/.local/lib/python3.8/site-packages/airflow/example_dags/example_datasets.py took 0.102 seconds
[2023-10-17T08:04:16.459+0000] {processor.py:157} INFO - Started process (PID=1132) to work on /home/airflow/.local/lib/python3.8/site-packages/airflow/example_dags/example_datasets.py
[2023-10-17T08:04:16.459+0000] {processor.py:829} INFO - Processing file /home/airflow/.local/lib/python3.8/site-packages/airflow/example_dags/example_datasets.py for tasks to queue
[2023-10-17T08:04:16.461+0000] {logging_mixin.py:151} INFO - [2023-10-17T08:04:16.460+0000] {dagbag.py:536} INFO - Filling up the DagBag from /home/airflow/.local/lib/python3.8/site-packages/airflow/example_dags/example_datasets.py
[2023-10-17T08:04:16.467+0000] {processor.py:839} INFO - DAG(s) dict_keys(['dataset_consumes_1_never_scheduled', 'dataset_produces_2', 'dataset_produces_1', 'dataset_consumes_1_and_2', 'dataset_consumes_unknown_never_scheduled', 'dataset_consumes_1']) retrieved from /home/airflow/.local/lib/python3.8/site-packages/airflow/example_dags/example_datasets.py
[2023-10-17T08:04:16.494+0000] {logging_mixin.py:151} INFO - [2023-10-17T08:04:16.494+0000] {dag.py:2941} INFO - Sync 6 DAGs
[2023-10-17T08:04:16.510+0000] {logging_mixin.py:151} INFO - [2023-10-17T08:04:16.509+0000] {dag.py:3722} INFO - Setting next_dagrun for dataset_consumes_1 to None, run_after=None
[2023-10-17T08:04:16.512+0000] {logging_mixin.py:151} INFO - [2023-10-17T08:04:16.512+0000] {dag.py:3722} INFO - Setting next_dagrun for dataset_consumes_1_and_2 to None, run_after=None
[2023-10-17T08:04:16.513+0000] {logging_mixin.py:151} INFO - [2023-10-17T08:04:16.513+0000] {dag.py:3722} INFO - Setting next_dagrun for dataset_consumes_1_never_scheduled to None, run_after=None
[2023-10-17T08:04:16.514+0000] {logging_mixin.py:151} INFO - [2023-10-17T08:04:16.514+0000] {dag.py:3722} INFO - Setting next_dagrun for dataset_consumes_unknown_never_scheduled to None, run_after=None
[2023-10-17T08:04:16.515+0000] {logging_mixin.py:151} INFO - [2023-10-17T08:04:16.515+0000] {dag.py:3722} INFO - Setting next_dagrun for dataset_produces_1 to 2023-10-16T00:00:00+00:00, run_after=2023-10-17T00:00:00+00:00
[2023-10-17T08:04:16.516+0000] {logging_mixin.py:151} INFO - [2023-10-17T08:04:16.516+0000] {dag.py:3722} INFO - Setting next_dagrun for dataset_produces_2 to None, run_after=None
[2023-10-17T08:04:16.536+0000] {processor.py:179} INFO - Processing /home/airflow/.local/lib/python3.8/site-packages/airflow/example_dags/example_datasets.py took 0.079 seconds
