[2023-10-17T07:39:52.877+0000] {processor.py:157} INFO - Started process (PID=141) to work on /home/airflow/.local/lib/python3.8/site-packages/airflow/example_dags/example_branch_labels.py
[2023-10-17T07:39:52.878+0000] {processor.py:829} INFO - Processing file /home/airflow/.local/lib/python3.8/site-packages/airflow/example_dags/example_branch_labels.py for tasks to queue
[2023-10-17T07:39:52.879+0000] {logging_mixin.py:151} INFO - [2023-10-17T07:39:52.879+0000] {dagbag.py:536} INFO - Filling up the DagBag from /home/airflow/.local/lib/python3.8/site-packages/airflow/example_dags/example_branch_labels.py
[2023-10-17T07:39:52.887+0000] {processor.py:839} INFO - DAG(s) dict_keys(['example_branch_labels']) retrieved from /home/airflow/.local/lib/python3.8/site-packages/airflow/example_dags/example_branch_labels.py
[2023-10-17T07:39:52.908+0000] {logging_mixin.py:151} INFO - [2023-10-17T07:39:52.908+0000] {dag.py:2941} INFO - Sync 1 DAGs
[2023-10-17T07:39:52.931+0000] {logging_mixin.py:151} INFO - [2023-10-17T07:39:52.931+0000] {dag.py:3722} INFO - Setting next_dagrun for example_branch_labels to 2023-10-16T00:00:00+00:00, run_after=2023-10-17T00:00:00+00:00
[2023-10-17T07:39:52.949+0000] {processor.py:179} INFO - Processing /home/airflow/.local/lib/python3.8/site-packages/airflow/example_dags/example_branch_labels.py took 0.074 seconds
[2023-10-17T07:40:23.851+0000] {processor.py:157} INFO - Started process (PID=195) to work on /home/airflow/.local/lib/python3.8/site-packages/airflow/example_dags/example_branch_labels.py
[2023-10-17T07:40:23.851+0000] {processor.py:829} INFO - Processing file /home/airflow/.local/lib/python3.8/site-packages/airflow/example_dags/example_branch_labels.py for tasks to queue
[2023-10-17T07:40:23.853+0000] {logging_mixin.py:151} INFO - [2023-10-17T07:40:23.852+0000] {dagbag.py:536} INFO - Filling up the DagBag from /home/airflow/.local/lib/python3.8/site-packages/airflow/example_dags/example_branch_labels.py
[2023-10-17T07:40:23.857+0000] {processor.py:839} INFO - DAG(s) dict_keys(['example_branch_labels']) retrieved from /home/airflow/.local/lib/python3.8/site-packages/airflow/example_dags/example_branch_labels.py
[2023-10-17T07:40:23.871+0000] {logging_mixin.py:151} INFO - [2023-10-17T07:40:23.871+0000] {dag.py:2941} INFO - Sync 1 DAGs
[2023-10-17T07:40:23.887+0000] {logging_mixin.py:151} INFO - [2023-10-17T07:40:23.886+0000] {dag.py:3722} INFO - Setting next_dagrun for example_branch_labels to 2023-10-16T00:00:00+00:00, run_after=2023-10-17T00:00:00+00:00
[2023-10-17T07:40:23.900+0000] {processor.py:179} INFO - Processing /home/airflow/.local/lib/python3.8/site-packages/airflow/example_dags/example_branch_labels.py took 0.051 seconds
[2023-10-17T07:44:12.132+0000] {processor.py:157} INFO - Started process (PID=51) to work on /home/airflow/.local/lib/python3.8/site-packages/airflow/example_dags/example_branch_labels.py
[2023-10-17T07:44:12.132+0000] {processor.py:829} INFO - Processing file /home/airflow/.local/lib/python3.8/site-packages/airflow/example_dags/example_branch_labels.py for tasks to queue
[2023-10-17T07:44:12.135+0000] {logging_mixin.py:151} INFO - [2023-10-17T07:44:12.134+0000] {dagbag.py:536} INFO - Filling up the DagBag from /home/airflow/.local/lib/python3.8/site-packages/airflow/example_dags/example_branch_labels.py
[2023-10-17T07:44:12.145+0000] {processor.py:839} INFO - DAG(s) dict_keys(['example_branch_labels']) retrieved from /home/airflow/.local/lib/python3.8/site-packages/airflow/example_dags/example_branch_labels.py
[2023-10-17T07:44:12.155+0000] {logging_mixin.py:151} INFO - [2023-10-17T07:44:12.155+0000] {dag.py:2941} INFO - Sync 1 DAGs
[2023-10-17T07:44:12.179+0000] {logging_mixin.py:151} INFO - [2023-10-17T07:44:12.178+0000] {dag.py:3722} INFO - Setting next_dagrun for example_branch_labels to 2023-10-16T00:00:00+00:00, run_after=2023-10-17T00:00:00+00:00
[2023-10-17T07:44:12.197+0000] {processor.py:179} INFO - Processing /home/airflow/.local/lib/python3.8/site-packages/airflow/example_dags/example_branch_labels.py took 0.068 seconds
[2023-10-17T07:44:43.007+0000] {processor.py:157} INFO - Started process (PID=105) to work on /home/airflow/.local/lib/python3.8/site-packages/airflow/example_dags/example_branch_labels.py
[2023-10-17T07:44:43.008+0000] {processor.py:829} INFO - Processing file /home/airflow/.local/lib/python3.8/site-packages/airflow/example_dags/example_branch_labels.py for tasks to queue
[2023-10-17T07:44:43.009+0000] {logging_mixin.py:151} INFO - [2023-10-17T07:44:43.009+0000] {dagbag.py:536} INFO - Filling up the DagBag from /home/airflow/.local/lib/python3.8/site-packages/airflow/example_dags/example_branch_labels.py
[2023-10-17T07:44:43.014+0000] {processor.py:839} INFO - DAG(s) dict_keys(['example_branch_labels']) retrieved from /home/airflow/.local/lib/python3.8/site-packages/airflow/example_dags/example_branch_labels.py
[2023-10-17T07:44:43.031+0000] {logging_mixin.py:151} INFO - [2023-10-17T07:44:43.031+0000] {dag.py:2941} INFO - Sync 1 DAGs
[2023-10-17T07:44:43.048+0000] {logging_mixin.py:151} INFO - [2023-10-17T07:44:43.047+0000] {dag.py:3722} INFO - Setting next_dagrun for example_branch_labels to 2023-10-16T00:00:00+00:00, run_after=2023-10-17T00:00:00+00:00
[2023-10-17T07:44:43.060+0000] {processor.py:179} INFO - Processing /home/airflow/.local/lib/python3.8/site-packages/airflow/example_dags/example_branch_labels.py took 0.055 seconds
[2023-10-17T07:45:13.368+0000] {processor.py:157} INFO - Started process (PID=160) to work on /home/airflow/.local/lib/python3.8/site-packages/airflow/example_dags/example_branch_labels.py
[2023-10-17T07:45:13.369+0000] {processor.py:829} INFO - Processing file /home/airflow/.local/lib/python3.8/site-packages/airflow/example_dags/example_branch_labels.py for tasks to queue
[2023-10-17T07:45:13.371+0000] {logging_mixin.py:151} INFO - [2023-10-17T07:45:13.371+0000] {dagbag.py:536} INFO - Filling up the DagBag from /home/airflow/.local/lib/python3.8/site-packages/airflow/example_dags/example_branch_labels.py
[2023-10-17T07:45:13.379+0000] {processor.py:839} INFO - DAG(s) dict_keys(['example_branch_labels']) retrieved from /home/airflow/.local/lib/python3.8/site-packages/airflow/example_dags/example_branch_labels.py
[2023-10-17T07:45:13.396+0000] {logging_mixin.py:151} INFO - [2023-10-17T07:45:13.396+0000] {dag.py:2941} INFO - Sync 1 DAGs
[2023-10-17T07:45:13.415+0000] {logging_mixin.py:151} INFO - [2023-10-17T07:45:13.415+0000] {dag.py:3722} INFO - Setting next_dagrun for example_branch_labels to 2023-10-16T00:00:00+00:00, run_after=2023-10-17T00:00:00+00:00
[2023-10-17T07:45:13.430+0000] {processor.py:179} INFO - Processing /home/airflow/.local/lib/python3.8/site-packages/airflow/example_dags/example_branch_labels.py took 0.064 seconds
[2023-10-17T07:45:43.570+0000] {processor.py:157} INFO - Started process (PID=214) to work on /home/airflow/.local/lib/python3.8/site-packages/airflow/example_dags/example_branch_labels.py
[2023-10-17T07:45:43.570+0000] {processor.py:829} INFO - Processing file /home/airflow/.local/lib/python3.8/site-packages/airflow/example_dags/example_branch_labels.py for tasks to queue
[2023-10-17T07:45:43.571+0000] {logging_mixin.py:151} INFO - [2023-10-17T07:45:43.571+0000] {dagbag.py:536} INFO - Filling up the DagBag from /home/airflow/.local/lib/python3.8/site-packages/airflow/example_dags/example_branch_labels.py
[2023-10-17T07:45:43.577+0000] {processor.py:839} INFO - DAG(s) dict_keys(['example_branch_labels']) retrieved from /home/airflow/.local/lib/python3.8/site-packages/airflow/example_dags/example_branch_labels.py
[2023-10-17T07:45:43.590+0000] {logging_mixin.py:151} INFO - [2023-10-17T07:45:43.590+0000] {dag.py:2941} INFO - Sync 1 DAGs
[2023-10-17T07:45:43.607+0000] {logging_mixin.py:151} INFO - [2023-10-17T07:45:43.607+0000] {dag.py:3722} INFO - Setting next_dagrun for example_branch_labels to 2023-10-16T00:00:00+00:00, run_after=2023-10-17T00:00:00+00:00
[2023-10-17T07:45:43.620+0000] {processor.py:179} INFO - Processing /home/airflow/.local/lib/python3.8/site-packages/airflow/example_dags/example_branch_labels.py took 0.052 seconds
[2023-10-17T07:46:13.761+0000] {processor.py:157} INFO - Started process (PID=268) to work on /home/airflow/.local/lib/python3.8/site-packages/airflow/example_dags/example_branch_labels.py
[2023-10-17T07:46:13.762+0000] {processor.py:829} INFO - Processing file /home/airflow/.local/lib/python3.8/site-packages/airflow/example_dags/example_branch_labels.py for tasks to queue
[2023-10-17T07:46:13.764+0000] {logging_mixin.py:151} INFO - [2023-10-17T07:46:13.764+0000] {dagbag.py:536} INFO - Filling up the DagBag from /home/airflow/.local/lib/python3.8/site-packages/airflow/example_dags/example_branch_labels.py
[2023-10-17T07:46:13.770+0000] {processor.py:839} INFO - DAG(s) dict_keys(['example_branch_labels']) retrieved from /home/airflow/.local/lib/python3.8/site-packages/airflow/example_dags/example_branch_labels.py
[2023-10-17T07:46:13.785+0000] {logging_mixin.py:151} INFO - [2023-10-17T07:46:13.785+0000] {dag.py:2941} INFO - Sync 1 DAGs
[2023-10-17T07:46:13.802+0000] {logging_mixin.py:151} INFO - [2023-10-17T07:46:13.802+0000] {dag.py:3722} INFO - Setting next_dagrun for example_branch_labels to 2023-10-16T00:00:00+00:00, run_after=2023-10-17T00:00:00+00:00
[2023-10-17T07:46:13.820+0000] {processor.py:179} INFO - Processing /home/airflow/.local/lib/python3.8/site-packages/airflow/example_dags/example_branch_labels.py took 0.061 seconds
[2023-10-17T07:54:07.161+0000] {processor.py:157} INFO - Started process (PID=51) to work on /home/airflow/.local/lib/python3.8/site-packages/airflow/example_dags/example_branch_labels.py
[2023-10-17T07:54:07.162+0000] {processor.py:829} INFO - Processing file /home/airflow/.local/lib/python3.8/site-packages/airflow/example_dags/example_branch_labels.py for tasks to queue
[2023-10-17T07:54:07.163+0000] {logging_mixin.py:151} INFO - [2023-10-17T07:54:07.163+0000] {dagbag.py:536} INFO - Filling up the DagBag from /home/airflow/.local/lib/python3.8/site-packages/airflow/example_dags/example_branch_labels.py
[2023-10-17T07:54:07.173+0000] {processor.py:839} INFO - DAG(s) dict_keys(['example_branch_labels']) retrieved from /home/airflow/.local/lib/python3.8/site-packages/airflow/example_dags/example_branch_labels.py
[2023-10-17T07:54:07.184+0000] {logging_mixin.py:151} INFO - [2023-10-17T07:54:07.184+0000] {dag.py:2941} INFO - Sync 1 DAGs
[2023-10-17T07:54:07.209+0000] {logging_mixin.py:151} INFO - [2023-10-17T07:54:07.209+0000] {dag.py:3722} INFO - Setting next_dagrun for example_branch_labels to 2023-10-16T00:00:00+00:00, run_after=2023-10-17T00:00:00+00:00
[2023-10-17T07:54:07.230+0000] {processor.py:179} INFO - Processing /home/airflow/.local/lib/python3.8/site-packages/airflow/example_dags/example_branch_labels.py took 0.071 seconds
[2023-10-17T07:54:38.058+0000] {processor.py:157} INFO - Started process (PID=105) to work on /home/airflow/.local/lib/python3.8/site-packages/airflow/example_dags/example_branch_labels.py
[2023-10-17T07:54:38.059+0000] {processor.py:829} INFO - Processing file /home/airflow/.local/lib/python3.8/site-packages/airflow/example_dags/example_branch_labels.py for tasks to queue
[2023-10-17T07:54:38.060+0000] {logging_mixin.py:151} INFO - [2023-10-17T07:54:38.060+0000] {dagbag.py:536} INFO - Filling up the DagBag from /home/airflow/.local/lib/python3.8/site-packages/airflow/example_dags/example_branch_labels.py
[2023-10-17T07:54:38.065+0000] {processor.py:839} INFO - DAG(s) dict_keys(['example_branch_labels']) retrieved from /home/airflow/.local/lib/python3.8/site-packages/airflow/example_dags/example_branch_labels.py
[2023-10-17T07:54:38.080+0000] {logging_mixin.py:151} INFO - [2023-10-17T07:54:38.080+0000] {dag.py:2941} INFO - Sync 1 DAGs
[2023-10-17T07:54:38.099+0000] {logging_mixin.py:151} INFO - [2023-10-17T07:54:38.098+0000] {dag.py:3722} INFO - Setting next_dagrun for example_branch_labels to 2023-10-16T00:00:00+00:00, run_after=2023-10-17T00:00:00+00:00
[2023-10-17T07:54:38.114+0000] {processor.py:179} INFO - Processing /home/airflow/.local/lib/python3.8/site-packages/airflow/example_dags/example_branch_labels.py took 0.058 seconds
[2023-10-17T07:55:08.226+0000] {processor.py:157} INFO - Started process (PID=159) to work on /home/airflow/.local/lib/python3.8/site-packages/airflow/example_dags/example_branch_labels.py
[2023-10-17T07:55:08.226+0000] {processor.py:829} INFO - Processing file /home/airflow/.local/lib/python3.8/site-packages/airflow/example_dags/example_branch_labels.py for tasks to queue
[2023-10-17T07:55:08.228+0000] {logging_mixin.py:151} INFO - [2023-10-17T07:55:08.228+0000] {dagbag.py:536} INFO - Filling up the DagBag from /home/airflow/.local/lib/python3.8/site-packages/airflow/example_dags/example_branch_labels.py
[2023-10-17T07:55:08.234+0000] {processor.py:839} INFO - DAG(s) dict_keys(['example_branch_labels']) retrieved from /home/airflow/.local/lib/python3.8/site-packages/airflow/example_dags/example_branch_labels.py
[2023-10-17T07:55:08.248+0000] {logging_mixin.py:151} INFO - [2023-10-17T07:55:08.248+0000] {dag.py:2941} INFO - Sync 1 DAGs
[2023-10-17T07:55:08.266+0000] {logging_mixin.py:151} INFO - [2023-10-17T07:55:08.266+0000] {dag.py:3722} INFO - Setting next_dagrun for example_branch_labels to 2023-10-16T00:00:00+00:00, run_after=2023-10-17T00:00:00+00:00
[2023-10-17T07:55:08.282+0000] {processor.py:179} INFO - Processing /home/airflow/.local/lib/python3.8/site-packages/airflow/example_dags/example_branch_labels.py took 0.058 seconds
[2023-10-17T07:55:38.307+0000] {processor.py:157} INFO - Started process (PID=213) to work on /home/airflow/.local/lib/python3.8/site-packages/airflow/example_dags/example_branch_labels.py
[2023-10-17T07:55:38.307+0000] {processor.py:829} INFO - Processing file /home/airflow/.local/lib/python3.8/site-packages/airflow/example_dags/example_branch_labels.py for tasks to queue
[2023-10-17T07:55:38.308+0000] {logging_mixin.py:151} INFO - [2023-10-17T07:55:38.308+0000] {dagbag.py:536} INFO - Filling up the DagBag from /home/airflow/.local/lib/python3.8/site-packages/airflow/example_dags/example_branch_labels.py
[2023-10-17T07:55:38.313+0000] {processor.py:839} INFO - DAG(s) dict_keys(['example_branch_labels']) retrieved from /home/airflow/.local/lib/python3.8/site-packages/airflow/example_dags/example_branch_labels.py
[2023-10-17T07:55:38.327+0000] {logging_mixin.py:151} INFO - [2023-10-17T07:55:38.327+0000] {dag.py:2941} INFO - Sync 1 DAGs
[2023-10-17T07:55:38.344+0000] {logging_mixin.py:151} INFO - [2023-10-17T07:55:38.343+0000] {dag.py:3722} INFO - Setting next_dagrun for example_branch_labels to 2023-10-16T00:00:00+00:00, run_after=2023-10-17T00:00:00+00:00
[2023-10-17T07:55:38.354+0000] {processor.py:179} INFO - Processing /home/airflow/.local/lib/python3.8/site-packages/airflow/example_dags/example_branch_labels.py took 0.049 seconds
[2023-10-17T07:56:08.506+0000] {processor.py:157} INFO - Started process (PID=267) to work on /home/airflow/.local/lib/python3.8/site-packages/airflow/example_dags/example_branch_labels.py
[2023-10-17T07:56:08.506+0000] {processor.py:829} INFO - Processing file /home/airflow/.local/lib/python3.8/site-packages/airflow/example_dags/example_branch_labels.py for tasks to queue
[2023-10-17T07:56:08.507+0000] {logging_mixin.py:151} INFO - [2023-10-17T07:56:08.507+0000] {dagbag.py:536} INFO - Filling up the DagBag from /home/airflow/.local/lib/python3.8/site-packages/airflow/example_dags/example_branch_labels.py
[2023-10-17T07:56:08.512+0000] {processor.py:839} INFO - DAG(s) dict_keys(['example_branch_labels']) retrieved from /home/airflow/.local/lib/python3.8/site-packages/airflow/example_dags/example_branch_labels.py
[2023-10-17T07:56:08.527+0000] {logging_mixin.py:151} INFO - [2023-10-17T07:56:08.526+0000] {dag.py:2941} INFO - Sync 1 DAGs
[2023-10-17T07:56:08.543+0000] {logging_mixin.py:151} INFO - [2023-10-17T07:56:08.543+0000] {dag.py:3722} INFO - Setting next_dagrun for example_branch_labels to 2023-10-16T00:00:00+00:00, run_after=2023-10-17T00:00:00+00:00
[2023-10-17T07:56:08.555+0000] {processor.py:179} INFO - Processing /home/airflow/.local/lib/python3.8/site-packages/airflow/example_dags/example_branch_labels.py took 0.052 seconds
[2023-10-17T07:56:38.822+0000] {processor.py:157} INFO - Started process (PID=321) to work on /home/airflow/.local/lib/python3.8/site-packages/airflow/example_dags/example_branch_labels.py
[2023-10-17T07:56:38.822+0000] {processor.py:829} INFO - Processing file /home/airflow/.local/lib/python3.8/site-packages/airflow/example_dags/example_branch_labels.py for tasks to queue
[2023-10-17T07:56:38.824+0000] {logging_mixin.py:151} INFO - [2023-10-17T07:56:38.823+0000] {dagbag.py:536} INFO - Filling up the DagBag from /home/airflow/.local/lib/python3.8/site-packages/airflow/example_dags/example_branch_labels.py
[2023-10-17T07:56:38.828+0000] {processor.py:839} INFO - DAG(s) dict_keys(['example_branch_labels']) retrieved from /home/airflow/.local/lib/python3.8/site-packages/airflow/example_dags/example_branch_labels.py
[2023-10-17T07:56:38.842+0000] {logging_mixin.py:151} INFO - [2023-10-17T07:56:38.842+0000] {dag.py:2941} INFO - Sync 1 DAGs
[2023-10-17T07:56:38.858+0000] {logging_mixin.py:151} INFO - [2023-10-17T07:56:38.858+0000] {dag.py:3722} INFO - Setting next_dagrun for example_branch_labels to 2023-10-16T00:00:00+00:00, run_after=2023-10-17T00:00:00+00:00
[2023-10-17T07:56:38.869+0000] {processor.py:179} INFO - Processing /home/airflow/.local/lib/python3.8/site-packages/airflow/example_dags/example_branch_labels.py took 0.049 seconds
[2023-10-17T07:57:09.694+0000] {processor.py:157} INFO - Started process (PID=375) to work on /home/airflow/.local/lib/python3.8/site-packages/airflow/example_dags/example_branch_labels.py
[2023-10-17T07:57:09.695+0000] {processor.py:829} INFO - Processing file /home/airflow/.local/lib/python3.8/site-packages/airflow/example_dags/example_branch_labels.py for tasks to queue
[2023-10-17T07:57:09.696+0000] {logging_mixin.py:151} INFO - [2023-10-17T07:57:09.696+0000] {dagbag.py:536} INFO - Filling up the DagBag from /home/airflow/.local/lib/python3.8/site-packages/airflow/example_dags/example_branch_labels.py
[2023-10-17T07:57:09.701+0000] {processor.py:839} INFO - DAG(s) dict_keys(['example_branch_labels']) retrieved from /home/airflow/.local/lib/python3.8/site-packages/airflow/example_dags/example_branch_labels.py
[2023-10-17T07:57:09.716+0000] {logging_mixin.py:151} INFO - [2023-10-17T07:57:09.716+0000] {dag.py:2941} INFO - Sync 1 DAGs
[2023-10-17T07:57:09.732+0000] {logging_mixin.py:151} INFO - [2023-10-17T07:57:09.732+0000] {dag.py:3722} INFO - Setting next_dagrun for example_branch_labels to 2023-10-16T00:00:00+00:00, run_after=2023-10-17T00:00:00+00:00
[2023-10-17T07:57:09.745+0000] {processor.py:179} INFO - Processing /home/airflow/.local/lib/python3.8/site-packages/airflow/example_dags/example_branch_labels.py took 0.052 seconds
[2023-10-17T07:57:40.589+0000] {processor.py:157} INFO - Started process (PID=429) to work on /home/airflow/.local/lib/python3.8/site-packages/airflow/example_dags/example_branch_labels.py
[2023-10-17T07:57:40.589+0000] {processor.py:829} INFO - Processing file /home/airflow/.local/lib/python3.8/site-packages/airflow/example_dags/example_branch_labels.py for tasks to queue
[2023-10-17T07:57:40.591+0000] {logging_mixin.py:151} INFO - [2023-10-17T07:57:40.590+0000] {dagbag.py:536} INFO - Filling up the DagBag from /home/airflow/.local/lib/python3.8/site-packages/airflow/example_dags/example_branch_labels.py
[2023-10-17T07:57:40.596+0000] {processor.py:839} INFO - DAG(s) dict_keys(['example_branch_labels']) retrieved from /home/airflow/.local/lib/python3.8/site-packages/airflow/example_dags/example_branch_labels.py
[2023-10-17T07:57:40.612+0000] {logging_mixin.py:151} INFO - [2023-10-17T07:57:40.611+0000] {dag.py:2941} INFO - Sync 1 DAGs
[2023-10-17T07:57:40.630+0000] {logging_mixin.py:151} INFO - [2023-10-17T07:57:40.629+0000] {dag.py:3722} INFO - Setting next_dagrun for example_branch_labels to 2023-10-16T00:00:00+00:00, run_after=2023-10-17T00:00:00+00:00
[2023-10-17T07:57:40.644+0000] {processor.py:179} INFO - Processing /home/airflow/.local/lib/python3.8/site-packages/airflow/example_dags/example_branch_labels.py took 0.058 seconds
[2023-10-17T07:58:10.844+0000] {processor.py:157} INFO - Started process (PID=483) to work on /home/airflow/.local/lib/python3.8/site-packages/airflow/example_dags/example_branch_labels.py
[2023-10-17T07:58:10.845+0000] {processor.py:829} INFO - Processing file /home/airflow/.local/lib/python3.8/site-packages/airflow/example_dags/example_branch_labels.py for tasks to queue
[2023-10-17T07:58:10.846+0000] {logging_mixin.py:151} INFO - [2023-10-17T07:58:10.846+0000] {dagbag.py:536} INFO - Filling up the DagBag from /home/airflow/.local/lib/python3.8/site-packages/airflow/example_dags/example_branch_labels.py
[2023-10-17T07:58:10.851+0000] {processor.py:839} INFO - DAG(s) dict_keys(['example_branch_labels']) retrieved from /home/airflow/.local/lib/python3.8/site-packages/airflow/example_dags/example_branch_labels.py
[2023-10-17T07:58:10.868+0000] {logging_mixin.py:151} INFO - [2023-10-17T07:58:10.868+0000] {dag.py:2941} INFO - Sync 1 DAGs
[2023-10-17T07:58:10.889+0000] {logging_mixin.py:151} INFO - [2023-10-17T07:58:10.888+0000] {dag.py:3722} INFO - Setting next_dagrun for example_branch_labels to 2023-10-16T00:00:00+00:00, run_after=2023-10-17T00:00:00+00:00
[2023-10-17T07:58:10.906+0000] {processor.py:179} INFO - Processing /home/airflow/.local/lib/python3.8/site-packages/airflow/example_dags/example_branch_labels.py took 0.064 seconds
[2023-10-17T07:58:41.087+0000] {processor.py:157} INFO - Started process (PID=537) to work on /home/airflow/.local/lib/python3.8/site-packages/airflow/example_dags/example_branch_labels.py
[2023-10-17T07:58:41.088+0000] {processor.py:829} INFO - Processing file /home/airflow/.local/lib/python3.8/site-packages/airflow/example_dags/example_branch_labels.py for tasks to queue
[2023-10-17T07:58:41.089+0000] {logging_mixin.py:151} INFO - [2023-10-17T07:58:41.089+0000] {dagbag.py:536} INFO - Filling up the DagBag from /home/airflow/.local/lib/python3.8/site-packages/airflow/example_dags/example_branch_labels.py
[2023-10-17T07:58:41.096+0000] {processor.py:839} INFO - DAG(s) dict_keys(['example_branch_labels']) retrieved from /home/airflow/.local/lib/python3.8/site-packages/airflow/example_dags/example_branch_labels.py
[2023-10-17T07:58:41.111+0000] {logging_mixin.py:151} INFO - [2023-10-17T07:58:41.110+0000] {dag.py:2941} INFO - Sync 1 DAGs
[2023-10-17T07:58:41.127+0000] {logging_mixin.py:151} INFO - [2023-10-17T07:58:41.127+0000] {dag.py:3722} INFO - Setting next_dagrun for example_branch_labels to 2023-10-16T00:00:00+00:00, run_after=2023-10-17T00:00:00+00:00
[2023-10-17T07:58:41.142+0000] {processor.py:179} INFO - Processing /home/airflow/.local/lib/python3.8/site-packages/airflow/example_dags/example_branch_labels.py took 0.056 seconds
[2023-10-17T07:59:11.316+0000] {processor.py:157} INFO - Started process (PID=591) to work on /home/airflow/.local/lib/python3.8/site-packages/airflow/example_dags/example_branch_labels.py
[2023-10-17T07:59:11.316+0000] {processor.py:829} INFO - Processing file /home/airflow/.local/lib/python3.8/site-packages/airflow/example_dags/example_branch_labels.py for tasks to queue
[2023-10-17T07:59:11.318+0000] {logging_mixin.py:151} INFO - [2023-10-17T07:59:11.317+0000] {dagbag.py:536} INFO - Filling up the DagBag from /home/airflow/.local/lib/python3.8/site-packages/airflow/example_dags/example_branch_labels.py
[2023-10-17T07:59:11.323+0000] {processor.py:839} INFO - DAG(s) dict_keys(['example_branch_labels']) retrieved from /home/airflow/.local/lib/python3.8/site-packages/airflow/example_dags/example_branch_labels.py
[2023-10-17T07:59:11.337+0000] {logging_mixin.py:151} INFO - [2023-10-17T07:59:11.337+0000] {dag.py:2941} INFO - Sync 1 DAGs
[2023-10-17T07:59:11.354+0000] {logging_mixin.py:151} INFO - [2023-10-17T07:59:11.353+0000] {dag.py:3722} INFO - Setting next_dagrun for example_branch_labels to 2023-10-16T00:00:00+00:00, run_after=2023-10-17T00:00:00+00:00
[2023-10-17T07:59:11.367+0000] {processor.py:179} INFO - Processing /home/airflow/.local/lib/python3.8/site-packages/airflow/example_dags/example_branch_labels.py took 0.053 seconds
[2023-10-17T07:59:41.501+0000] {processor.py:157} INFO - Started process (PID=645) to work on /home/airflow/.local/lib/python3.8/site-packages/airflow/example_dags/example_branch_labels.py
[2023-10-17T07:59:41.502+0000] {processor.py:829} INFO - Processing file /home/airflow/.local/lib/python3.8/site-packages/airflow/example_dags/example_branch_labels.py for tasks to queue
[2023-10-17T07:59:41.503+0000] {logging_mixin.py:151} INFO - [2023-10-17T07:59:41.503+0000] {dagbag.py:536} INFO - Filling up the DagBag from /home/airflow/.local/lib/python3.8/site-packages/airflow/example_dags/example_branch_labels.py
[2023-10-17T07:59:41.508+0000] {processor.py:839} INFO - DAG(s) dict_keys(['example_branch_labels']) retrieved from /home/airflow/.local/lib/python3.8/site-packages/airflow/example_dags/example_branch_labels.py
[2023-10-17T07:59:41.523+0000] {logging_mixin.py:151} INFO - [2023-10-17T07:59:41.523+0000] {dag.py:2941} INFO - Sync 1 DAGs
[2023-10-17T07:59:41.544+0000] {logging_mixin.py:151} INFO - [2023-10-17T07:59:41.543+0000] {dag.py:3722} INFO - Setting next_dagrun for example_branch_labels to 2023-10-16T00:00:00+00:00, run_after=2023-10-17T00:00:00+00:00
[2023-10-17T07:59:41.555+0000] {processor.py:179} INFO - Processing /home/airflow/.local/lib/python3.8/site-packages/airflow/example_dags/example_branch_labels.py took 0.057 seconds
[2023-10-17T08:00:12.465+0000] {processor.py:157} INFO - Started process (PID=699) to work on /home/airflow/.local/lib/python3.8/site-packages/airflow/example_dags/example_branch_labels.py
[2023-10-17T08:00:12.465+0000] {processor.py:829} INFO - Processing file /home/airflow/.local/lib/python3.8/site-packages/airflow/example_dags/example_branch_labels.py for tasks to queue
[2023-10-17T08:00:12.466+0000] {logging_mixin.py:151} INFO - [2023-10-17T08:00:12.466+0000] {dagbag.py:536} INFO - Filling up the DagBag from /home/airflow/.local/lib/python3.8/site-packages/airflow/example_dags/example_branch_labels.py
[2023-10-17T08:00:12.472+0000] {processor.py:839} INFO - DAG(s) dict_keys(['example_branch_labels']) retrieved from /home/airflow/.local/lib/python3.8/site-packages/airflow/example_dags/example_branch_labels.py
[2023-10-17T08:00:12.488+0000] {logging_mixin.py:151} INFO - [2023-10-17T08:00:12.487+0000] {dag.py:2941} INFO - Sync 1 DAGs
[2023-10-17T08:00:12.505+0000] {logging_mixin.py:151} INFO - [2023-10-17T08:00:12.505+0000] {dag.py:3722} INFO - Setting next_dagrun for example_branch_labels to 2023-10-16T00:00:00+00:00, run_after=2023-10-17T00:00:00+00:00
[2023-10-17T08:00:12.519+0000] {processor.py:179} INFO - Processing /home/airflow/.local/lib/python3.8/site-packages/airflow/example_dags/example_branch_labels.py took 0.057 seconds
[2023-10-17T08:00:42.707+0000] {processor.py:157} INFO - Started process (PID=753) to work on /home/airflow/.local/lib/python3.8/site-packages/airflow/example_dags/example_branch_labels.py
[2023-10-17T08:00:42.708+0000] {processor.py:829} INFO - Processing file /home/airflow/.local/lib/python3.8/site-packages/airflow/example_dags/example_branch_labels.py for tasks to queue
[2023-10-17T08:00:42.709+0000] {logging_mixin.py:151} INFO - [2023-10-17T08:00:42.709+0000] {dagbag.py:536} INFO - Filling up the DagBag from /home/airflow/.local/lib/python3.8/site-packages/airflow/example_dags/example_branch_labels.py
[2023-10-17T08:00:42.714+0000] {processor.py:839} INFO - DAG(s) dict_keys(['example_branch_labels']) retrieved from /home/airflow/.local/lib/python3.8/site-packages/airflow/example_dags/example_branch_labels.py
[2023-10-17T08:00:42.729+0000] {logging_mixin.py:151} INFO - [2023-10-17T08:00:42.729+0000] {dag.py:2941} INFO - Sync 1 DAGs
[2023-10-17T08:00:42.744+0000] {logging_mixin.py:151} INFO - [2023-10-17T08:00:42.744+0000] {dag.py:3722} INFO - Setting next_dagrun for example_branch_labels to 2023-10-16T00:00:00+00:00, run_after=2023-10-17T00:00:00+00:00
[2023-10-17T08:00:42.757+0000] {processor.py:179} INFO - Processing /home/airflow/.local/lib/python3.8/site-packages/airflow/example_dags/example_branch_labels.py took 0.051 seconds
[2023-10-17T08:01:12.949+0000] {processor.py:157} INFO - Started process (PID=807) to work on /home/airflow/.local/lib/python3.8/site-packages/airflow/example_dags/example_branch_labels.py
[2023-10-17T08:01:12.950+0000] {processor.py:829} INFO - Processing file /home/airflow/.local/lib/python3.8/site-packages/airflow/example_dags/example_branch_labels.py for tasks to queue
[2023-10-17T08:01:12.952+0000] {logging_mixin.py:151} INFO - [2023-10-17T08:01:12.951+0000] {dagbag.py:536} INFO - Filling up the DagBag from /home/airflow/.local/lib/python3.8/site-packages/airflow/example_dags/example_branch_labels.py
[2023-10-17T08:01:12.957+0000] {processor.py:839} INFO - DAG(s) dict_keys(['example_branch_labels']) retrieved from /home/airflow/.local/lib/python3.8/site-packages/airflow/example_dags/example_branch_labels.py
[2023-10-17T08:01:12.971+0000] {logging_mixin.py:151} INFO - [2023-10-17T08:01:12.971+0000] {dag.py:2941} INFO - Sync 1 DAGs
[2023-10-17T08:01:12.989+0000] {logging_mixin.py:151} INFO - [2023-10-17T08:01:12.989+0000] {dag.py:3722} INFO - Setting next_dagrun for example_branch_labels to 2023-10-16T00:00:00+00:00, run_after=2023-10-17T00:00:00+00:00
[2023-10-17T08:01:13.004+0000] {processor.py:179} INFO - Processing /home/airflow/.local/lib/python3.8/site-packages/airflow/example_dags/example_branch_labels.py took 0.057 seconds
[2023-10-17T08:01:43.040+0000] {processor.py:157} INFO - Started process (PID=861) to work on /home/airflow/.local/lib/python3.8/site-packages/airflow/example_dags/example_branch_labels.py
[2023-10-17T08:01:43.041+0000] {processor.py:829} INFO - Processing file /home/airflow/.local/lib/python3.8/site-packages/airflow/example_dags/example_branch_labels.py for tasks to queue
[2023-10-17T08:01:43.043+0000] {logging_mixin.py:151} INFO - [2023-10-17T08:01:43.042+0000] {dagbag.py:536} INFO - Filling up the DagBag from /home/airflow/.local/lib/python3.8/site-packages/airflow/example_dags/example_branch_labels.py
[2023-10-17T08:01:43.048+0000] {processor.py:839} INFO - DAG(s) dict_keys(['example_branch_labels']) retrieved from /home/airflow/.local/lib/python3.8/site-packages/airflow/example_dags/example_branch_labels.py
[2023-10-17T08:01:43.064+0000] {logging_mixin.py:151} INFO - [2023-10-17T08:01:43.063+0000] {dag.py:2941} INFO - Sync 1 DAGs
[2023-10-17T08:01:43.081+0000] {logging_mixin.py:151} INFO - [2023-10-17T08:01:43.081+0000] {dag.py:3722} INFO - Setting next_dagrun for example_branch_labels to 2023-10-16T00:00:00+00:00, run_after=2023-10-17T00:00:00+00:00
[2023-10-17T08:01:43.092+0000] {processor.py:179} INFO - Processing /home/airflow/.local/lib/python3.8/site-packages/airflow/example_dags/example_branch_labels.py took 0.054 seconds
[2023-10-17T08:02:14.021+0000] {processor.py:157} INFO - Started process (PID=915) to work on /home/airflow/.local/lib/python3.8/site-packages/airflow/example_dags/example_branch_labels.py
[2023-10-17T08:02:14.021+0000] {processor.py:829} INFO - Processing file /home/airflow/.local/lib/python3.8/site-packages/airflow/example_dags/example_branch_labels.py for tasks to queue
[2023-10-17T08:02:14.023+0000] {logging_mixin.py:151} INFO - [2023-10-17T08:02:14.022+0000] {dagbag.py:536} INFO - Filling up the DagBag from /home/airflow/.local/lib/python3.8/site-packages/airflow/example_dags/example_branch_labels.py
[2023-10-17T08:02:14.028+0000] {processor.py:839} INFO - DAG(s) dict_keys(['example_branch_labels']) retrieved from /home/airflow/.local/lib/python3.8/site-packages/airflow/example_dags/example_branch_labels.py
[2023-10-17T08:02:14.042+0000] {logging_mixin.py:151} INFO - [2023-10-17T08:02:14.042+0000] {dag.py:2941} INFO - Sync 1 DAGs
[2023-10-17T08:02:14.058+0000] {logging_mixin.py:151} INFO - [2023-10-17T08:02:14.058+0000] {dag.py:3722} INFO - Setting next_dagrun for example_branch_labels to 2023-10-16T00:00:00+00:00, run_after=2023-10-17T00:00:00+00:00
[2023-10-17T08:02:14.071+0000] {processor.py:179} INFO - Processing /home/airflow/.local/lib/python3.8/site-packages/airflow/example_dags/example_branch_labels.py took 0.052 seconds
[2023-10-17T08:02:44.454+0000] {processor.py:157} INFO - Started process (PID=969) to work on /home/airflow/.local/lib/python3.8/site-packages/airflow/example_dags/example_branch_labels.py
[2023-10-17T08:02:44.455+0000] {processor.py:829} INFO - Processing file /home/airflow/.local/lib/python3.8/site-packages/airflow/example_dags/example_branch_labels.py for tasks to queue
[2023-10-17T08:02:44.456+0000] {logging_mixin.py:151} INFO - [2023-10-17T08:02:44.456+0000] {dagbag.py:536} INFO - Filling up the DagBag from /home/airflow/.local/lib/python3.8/site-packages/airflow/example_dags/example_branch_labels.py
[2023-10-17T08:02:44.460+0000] {processor.py:839} INFO - DAG(s) dict_keys(['example_branch_labels']) retrieved from /home/airflow/.local/lib/python3.8/site-packages/airflow/example_dags/example_branch_labels.py
[2023-10-17T08:02:44.474+0000] {logging_mixin.py:151} INFO - [2023-10-17T08:02:44.474+0000] {dag.py:2941} INFO - Sync 1 DAGs
[2023-10-17T08:02:44.490+0000] {logging_mixin.py:151} INFO - [2023-10-17T08:02:44.490+0000] {dag.py:3722} INFO - Setting next_dagrun for example_branch_labels to 2023-10-16T00:00:00+00:00, run_after=2023-10-17T00:00:00+00:00
[2023-10-17T08:02:44.501+0000] {processor.py:179} INFO - Processing /home/airflow/.local/lib/python3.8/site-packages/airflow/example_dags/example_branch_labels.py took 0.049 seconds
[2023-10-17T08:03:15.453+0000] {processor.py:157} INFO - Started process (PID=1023) to work on /home/airflow/.local/lib/python3.8/site-packages/airflow/example_dags/example_branch_labels.py
[2023-10-17T08:03:15.454+0000] {processor.py:829} INFO - Processing file /home/airflow/.local/lib/python3.8/site-packages/airflow/example_dags/example_branch_labels.py for tasks to queue
[2023-10-17T08:03:15.455+0000] {logging_mixin.py:151} INFO - [2023-10-17T08:03:15.455+0000] {dagbag.py:536} INFO - Filling up the DagBag from /home/airflow/.local/lib/python3.8/site-packages/airflow/example_dags/example_branch_labels.py
[2023-10-17T08:03:15.461+0000] {processor.py:839} INFO - DAG(s) dict_keys(['example_branch_labels']) retrieved from /home/airflow/.local/lib/python3.8/site-packages/airflow/example_dags/example_branch_labels.py
[2023-10-17T08:03:15.475+0000] {logging_mixin.py:151} INFO - [2023-10-17T08:03:15.475+0000] {dag.py:2941} INFO - Sync 1 DAGs
[2023-10-17T08:03:15.491+0000] {logging_mixin.py:151} INFO - [2023-10-17T08:03:15.491+0000] {dag.py:3722} INFO - Setting next_dagrun for example_branch_labels to 2023-10-16T00:00:00+00:00, run_after=2023-10-17T00:00:00+00:00
[2023-10-17T08:03:15.610+0000] {processor.py:179} INFO - Processing /home/airflow/.local/lib/python3.8/site-packages/airflow/example_dags/example_branch_labels.py took 0.158 seconds
[2023-10-17T08:03:46.199+0000] {processor.py:157} INFO - Started process (PID=1077) to work on /home/airflow/.local/lib/python3.8/site-packages/airflow/example_dags/example_branch_labels.py
[2023-10-17T08:03:46.199+0000] {processor.py:829} INFO - Processing file /home/airflow/.local/lib/python3.8/site-packages/airflow/example_dags/example_branch_labels.py for tasks to queue
[2023-10-17T08:03:46.201+0000] {logging_mixin.py:151} INFO - [2023-10-17T08:03:46.201+0000] {dagbag.py:536} INFO - Filling up the DagBag from /home/airflow/.local/lib/python3.8/site-packages/airflow/example_dags/example_branch_labels.py
[2023-10-17T08:03:46.210+0000] {processor.py:839} INFO - DAG(s) dict_keys(['example_branch_labels']) retrieved from /home/airflow/.local/lib/python3.8/site-packages/airflow/example_dags/example_branch_labels.py
[2023-10-17T08:03:46.225+0000] {logging_mixin.py:151} INFO - [2023-10-17T08:03:46.224+0000] {dag.py:2941} INFO - Sync 1 DAGs
[2023-10-17T08:03:46.241+0000] {logging_mixin.py:151} INFO - [2023-10-17T08:03:46.241+0000] {dag.py:3722} INFO - Setting next_dagrun for example_branch_labels to 2023-10-16T00:00:00+00:00, run_after=2023-10-17T00:00:00+00:00
[2023-10-17T08:03:46.254+0000] {processor.py:179} INFO - Processing /home/airflow/.local/lib/python3.8/site-packages/airflow/example_dags/example_branch_labels.py took 0.057 seconds
[2023-10-17T08:04:16.412+0000] {processor.py:157} INFO - Started process (PID=1131) to work on /home/airflow/.local/lib/python3.8/site-packages/airflow/example_dags/example_branch_labels.py
[2023-10-17T08:04:16.412+0000] {processor.py:829} INFO - Processing file /home/airflow/.local/lib/python3.8/site-packages/airflow/example_dags/example_branch_labels.py for tasks to queue
[2023-10-17T08:04:16.414+0000] {logging_mixin.py:151} INFO - [2023-10-17T08:04:16.413+0000] {dagbag.py:536} INFO - Filling up the DagBag from /home/airflow/.local/lib/python3.8/site-packages/airflow/example_dags/example_branch_labels.py
[2023-10-17T08:04:16.418+0000] {processor.py:839} INFO - DAG(s) dict_keys(['example_branch_labels']) retrieved from /home/airflow/.local/lib/python3.8/site-packages/airflow/example_dags/example_branch_labels.py
[2023-10-17T08:04:16.434+0000] {logging_mixin.py:151} INFO - [2023-10-17T08:04:16.434+0000] {dag.py:2941} INFO - Sync 1 DAGs
[2023-10-17T08:04:16.452+0000] {logging_mixin.py:151} INFO - [2023-10-17T08:04:16.452+0000] {dag.py:3722} INFO - Setting next_dagrun for example_branch_labels to 2023-10-16T00:00:00+00:00, run_after=2023-10-17T00:00:00+00:00
[2023-10-17T08:04:16.468+0000] {processor.py:179} INFO - Processing /home/airflow/.local/lib/python3.8/site-packages/airflow/example_dags/example_branch_labels.py took 0.059 seconds
