[2023-10-17T07:39:52.471+0000] {processor.py:157} INFO - Started process (PID=133) to work on /home/airflow/.local/lib/python3.8/site-packages/airflow/example_dags/example_dynamic_task_mapping_with_no_taskflow_operators.py
[2023-10-17T07:39:52.471+0000] {processor.py:829} INFO - Processing file /home/airflow/.local/lib/python3.8/site-packages/airflow/example_dags/example_dynamic_task_mapping_with_no_taskflow_operators.py for tasks to queue
[2023-10-17T07:39:52.473+0000] {logging_mixin.py:151} INFO - [2023-10-17T07:39:52.472+0000] {dagbag.py:536} INFO - Filling up the DagBag from /home/airflow/.local/lib/python3.8/site-packages/airflow/example_dags/example_dynamic_task_mapping_with_no_taskflow_operators.py
[2023-10-17T07:39:52.478+0000] {processor.py:839} INFO - DAG(s) dict_keys(['example_dynamic_task_mapping_with_no_taskflow_operators']) retrieved from /home/airflow/.local/lib/python3.8/site-packages/airflow/example_dags/example_dynamic_task_mapping_with_no_taskflow_operators.py
[2023-10-17T07:39:52.494+0000] {logging_mixin.py:151} INFO - [2023-10-17T07:39:52.494+0000] {dag.py:2941} INFO - Sync 1 DAGs
[2023-10-17T07:39:52.511+0000] {logging_mixin.py:151} INFO - [2023-10-17T07:39:52.511+0000] {dag.py:3722} INFO - Setting next_dagrun for example_dynamic_task_mapping_with_no_taskflow_operators to 2023-10-16T07:39:52.511497+00:00, run_after=2023-10-17T07:39:52.511497+00:00
[2023-10-17T07:39:52.527+0000] {processor.py:179} INFO - Processing /home/airflow/.local/lib/python3.8/site-packages/airflow/example_dags/example_dynamic_task_mapping_with_no_taskflow_operators.py took 0.058 seconds
[2023-10-17T07:40:22.606+0000] {processor.py:157} INFO - Started process (PID=187) to work on /home/airflow/.local/lib/python3.8/site-packages/airflow/example_dags/example_dynamic_task_mapping_with_no_taskflow_operators.py
[2023-10-17T07:40:22.607+0000] {processor.py:829} INFO - Processing file /home/airflow/.local/lib/python3.8/site-packages/airflow/example_dags/example_dynamic_task_mapping_with_no_taskflow_operators.py for tasks to queue
[2023-10-17T07:40:22.608+0000] {logging_mixin.py:151} INFO - [2023-10-17T07:40:22.608+0000] {dagbag.py:536} INFO - Filling up the DagBag from /home/airflow/.local/lib/python3.8/site-packages/airflow/example_dags/example_dynamic_task_mapping_with_no_taskflow_operators.py
[2023-10-17T07:40:22.612+0000] {processor.py:839} INFO - DAG(s) dict_keys(['example_dynamic_task_mapping_with_no_taskflow_operators']) retrieved from /home/airflow/.local/lib/python3.8/site-packages/airflow/example_dags/example_dynamic_task_mapping_with_no_taskflow_operators.py
[2023-10-17T07:40:22.626+0000] {logging_mixin.py:151} INFO - [2023-10-17T07:40:22.626+0000] {dag.py:2941} INFO - Sync 1 DAGs
[2023-10-17T07:40:22.642+0000] {logging_mixin.py:151} INFO - [2023-10-17T07:40:22.642+0000] {dag.py:3722} INFO - Setting next_dagrun for example_dynamic_task_mapping_with_no_taskflow_operators to 2023-10-16T07:40:22.642455+00:00, run_after=2023-10-17T07:40:22.642455+00:00
[2023-10-17T07:40:22.654+0000] {processor.py:179} INFO - Processing /home/airflow/.local/lib/python3.8/site-packages/airflow/example_dags/example_dynamic_task_mapping_with_no_taskflow_operators.py took 0.050 seconds
[2023-10-17T07:44:11.840+0000] {processor.py:157} INFO - Started process (PID=43) to work on /home/airflow/.local/lib/python3.8/site-packages/airflow/example_dags/example_dynamic_task_mapping_with_no_taskflow_operators.py
[2023-10-17T07:44:11.841+0000] {processor.py:829} INFO - Processing file /home/airflow/.local/lib/python3.8/site-packages/airflow/example_dags/example_dynamic_task_mapping_with_no_taskflow_operators.py for tasks to queue
[2023-10-17T07:44:11.842+0000] {logging_mixin.py:151} INFO - [2023-10-17T07:44:11.842+0000] {dagbag.py:536} INFO - Filling up the DagBag from /home/airflow/.local/lib/python3.8/site-packages/airflow/example_dags/example_dynamic_task_mapping_with_no_taskflow_operators.py
[2023-10-17T07:44:11.851+0000] {processor.py:839} INFO - DAG(s) dict_keys(['example_dynamic_task_mapping_with_no_taskflow_operators']) retrieved from /home/airflow/.local/lib/python3.8/site-packages/airflow/example_dags/example_dynamic_task_mapping_with_no_taskflow_operators.py
[2023-10-17T07:44:11.863+0000] {logging_mixin.py:151} INFO - [2023-10-17T07:44:11.863+0000] {dag.py:2941} INFO - Sync 1 DAGs
[2023-10-17T07:44:11.885+0000] {logging_mixin.py:151} INFO - [2023-10-17T07:44:11.885+0000] {dag.py:3722} INFO - Setting next_dagrun for example_dynamic_task_mapping_with_no_taskflow_operators to 2023-10-16T07:44:11.885059+00:00, run_after=2023-10-17T07:44:11.885059+00:00
[2023-10-17T07:44:11.902+0000] {processor.py:179} INFO - Processing /home/airflow/.local/lib/python3.8/site-packages/airflow/example_dags/example_dynamic_task_mapping_with_no_taskflow_operators.py took 0.064 seconds
[2023-10-17T07:44:42.660+0000] {processor.py:157} INFO - Started process (PID=97) to work on /home/airflow/.local/lib/python3.8/site-packages/airflow/example_dags/example_dynamic_task_mapping_with_no_taskflow_operators.py
[2023-10-17T07:44:42.660+0000] {processor.py:829} INFO - Processing file /home/airflow/.local/lib/python3.8/site-packages/airflow/example_dags/example_dynamic_task_mapping_with_no_taskflow_operators.py for tasks to queue
[2023-10-17T07:44:42.662+0000] {logging_mixin.py:151} INFO - [2023-10-17T07:44:42.661+0000] {dagbag.py:536} INFO - Filling up the DagBag from /home/airflow/.local/lib/python3.8/site-packages/airflow/example_dags/example_dynamic_task_mapping_with_no_taskflow_operators.py
[2023-10-17T07:44:42.666+0000] {processor.py:839} INFO - DAG(s) dict_keys(['example_dynamic_task_mapping_with_no_taskflow_operators']) retrieved from /home/airflow/.local/lib/python3.8/site-packages/airflow/example_dags/example_dynamic_task_mapping_with_no_taskflow_operators.py
[2023-10-17T07:44:42.681+0000] {logging_mixin.py:151} INFO - [2023-10-17T07:44:42.681+0000] {dag.py:2941} INFO - Sync 1 DAGs
[2023-10-17T07:44:42.700+0000] {logging_mixin.py:151} INFO - [2023-10-17T07:44:42.700+0000] {dag.py:3722} INFO - Setting next_dagrun for example_dynamic_task_mapping_with_no_taskflow_operators to 2023-10-16T07:44:42.699889+00:00, run_after=2023-10-17T07:44:42.699889+00:00
[2023-10-17T07:44:42.714+0000] {processor.py:179} INFO - Processing /home/airflow/.local/lib/python3.8/site-packages/airflow/example_dags/example_dynamic_task_mapping_with_no_taskflow_operators.py took 0.056 seconds
[2023-10-17T07:45:13.019+0000] {processor.py:157} INFO - Started process (PID=152) to work on /home/airflow/.local/lib/python3.8/site-packages/airflow/example_dags/example_dynamic_task_mapping_with_no_taskflow_operators.py
[2023-10-17T07:45:13.020+0000] {processor.py:829} INFO - Processing file /home/airflow/.local/lib/python3.8/site-packages/airflow/example_dags/example_dynamic_task_mapping_with_no_taskflow_operators.py for tasks to queue
[2023-10-17T07:45:13.022+0000] {logging_mixin.py:151} INFO - [2023-10-17T07:45:13.022+0000] {dagbag.py:536} INFO - Filling up the DagBag from /home/airflow/.local/lib/python3.8/site-packages/airflow/example_dags/example_dynamic_task_mapping_with_no_taskflow_operators.py
[2023-10-17T07:45:13.028+0000] {processor.py:839} INFO - DAG(s) dict_keys(['example_dynamic_task_mapping_with_no_taskflow_operators']) retrieved from /home/airflow/.local/lib/python3.8/site-packages/airflow/example_dags/example_dynamic_task_mapping_with_no_taskflow_operators.py
[2023-10-17T07:45:13.043+0000] {logging_mixin.py:151} INFO - [2023-10-17T07:45:13.043+0000] {dag.py:2941} INFO - Sync 1 DAGs
[2023-10-17T07:45:13.061+0000] {logging_mixin.py:151} INFO - [2023-10-17T07:45:13.061+0000] {dag.py:3722} INFO - Setting next_dagrun for example_dynamic_task_mapping_with_no_taskflow_operators to 2023-10-16T07:45:13.060725+00:00, run_after=2023-10-17T07:45:13.060725+00:00
[2023-10-17T07:45:13.077+0000] {processor.py:179} INFO - Processing /home/airflow/.local/lib/python3.8/site-packages/airflow/example_dags/example_dynamic_task_mapping_with_no_taskflow_operators.py took 0.060 seconds
[2023-10-17T07:45:43.247+0000] {processor.py:157} INFO - Started process (PID=206) to work on /home/airflow/.local/lib/python3.8/site-packages/airflow/example_dags/example_dynamic_task_mapping_with_no_taskflow_operators.py
[2023-10-17T07:45:43.248+0000] {processor.py:829} INFO - Processing file /home/airflow/.local/lib/python3.8/site-packages/airflow/example_dags/example_dynamic_task_mapping_with_no_taskflow_operators.py for tasks to queue
[2023-10-17T07:45:43.249+0000] {logging_mixin.py:151} INFO - [2023-10-17T07:45:43.249+0000] {dagbag.py:536} INFO - Filling up the DagBag from /home/airflow/.local/lib/python3.8/site-packages/airflow/example_dags/example_dynamic_task_mapping_with_no_taskflow_operators.py
[2023-10-17T07:45:43.253+0000] {processor.py:839} INFO - DAG(s) dict_keys(['example_dynamic_task_mapping_with_no_taskflow_operators']) retrieved from /home/airflow/.local/lib/python3.8/site-packages/airflow/example_dags/example_dynamic_task_mapping_with_no_taskflow_operators.py
[2023-10-17T07:45:43.267+0000] {logging_mixin.py:151} INFO - [2023-10-17T07:45:43.266+0000] {dag.py:2941} INFO - Sync 1 DAGs
[2023-10-17T07:45:43.282+0000] {logging_mixin.py:151} INFO - [2023-10-17T07:45:43.282+0000] {dag.py:3722} INFO - Setting next_dagrun for example_dynamic_task_mapping_with_no_taskflow_operators to 2023-10-16T07:45:43.282601+00:00, run_after=2023-10-17T07:45:43.282601+00:00
[2023-10-17T07:45:43.295+0000] {processor.py:179} INFO - Processing /home/airflow/.local/lib/python3.8/site-packages/airflow/example_dags/example_dynamic_task_mapping_with_no_taskflow_operators.py took 0.050 seconds
[2023-10-17T07:46:13.447+0000] {processor.py:157} INFO - Started process (PID=260) to work on /home/airflow/.local/lib/python3.8/site-packages/airflow/example_dags/example_dynamic_task_mapping_with_no_taskflow_operators.py
[2023-10-17T07:46:13.448+0000] {processor.py:829} INFO - Processing file /home/airflow/.local/lib/python3.8/site-packages/airflow/example_dags/example_dynamic_task_mapping_with_no_taskflow_operators.py for tasks to queue
[2023-10-17T07:46:13.449+0000] {logging_mixin.py:151} INFO - [2023-10-17T07:46:13.449+0000] {dagbag.py:536} INFO - Filling up the DagBag from /home/airflow/.local/lib/python3.8/site-packages/airflow/example_dags/example_dynamic_task_mapping_with_no_taskflow_operators.py
[2023-10-17T07:46:13.453+0000] {processor.py:839} INFO - DAG(s) dict_keys(['example_dynamic_task_mapping_with_no_taskflow_operators']) retrieved from /home/airflow/.local/lib/python3.8/site-packages/airflow/example_dags/example_dynamic_task_mapping_with_no_taskflow_operators.py
[2023-10-17T07:46:13.466+0000] {logging_mixin.py:151} INFO - [2023-10-17T07:46:13.466+0000] {dag.py:2941} INFO - Sync 1 DAGs
[2023-10-17T07:46:13.486+0000] {logging_mixin.py:151} INFO - [2023-10-17T07:46:13.485+0000] {dag.py:3722} INFO - Setting next_dagrun for example_dynamic_task_mapping_with_no_taskflow_operators to 2023-10-16T07:46:13.485814+00:00, run_after=2023-10-17T07:46:13.485814+00:00
[2023-10-17T07:46:13.499+0000] {processor.py:179} INFO - Processing /home/airflow/.local/lib/python3.8/site-packages/airflow/example_dags/example_dynamic_task_mapping_with_no_taskflow_operators.py took 0.054 seconds
[2023-10-17T07:54:06.769+0000] {processor.py:157} INFO - Started process (PID=43) to work on /home/airflow/.local/lib/python3.8/site-packages/airflow/example_dags/example_dynamic_task_mapping_with_no_taskflow_operators.py
[2023-10-17T07:54:06.770+0000] {processor.py:829} INFO - Processing file /home/airflow/.local/lib/python3.8/site-packages/airflow/example_dags/example_dynamic_task_mapping_with_no_taskflow_operators.py for tasks to queue
[2023-10-17T07:54:06.771+0000] {logging_mixin.py:151} INFO - [2023-10-17T07:54:06.771+0000] {dagbag.py:536} INFO - Filling up the DagBag from /home/airflow/.local/lib/python3.8/site-packages/airflow/example_dags/example_dynamic_task_mapping_with_no_taskflow_operators.py
[2023-10-17T07:54:06.778+0000] {processor.py:839} INFO - DAG(s) dict_keys(['example_dynamic_task_mapping_with_no_taskflow_operators']) retrieved from /home/airflow/.local/lib/python3.8/site-packages/airflow/example_dags/example_dynamic_task_mapping_with_no_taskflow_operators.py
[2023-10-17T07:54:06.786+0000] {logging_mixin.py:151} INFO - [2023-10-17T07:54:06.786+0000] {dag.py:2941} INFO - Sync 1 DAGs
[2023-10-17T07:54:06.804+0000] {logging_mixin.py:151} INFO - [2023-10-17T07:54:06.803+0000] {dag.py:3722} INFO - Setting next_dagrun for example_dynamic_task_mapping_with_no_taskflow_operators to 2023-10-16T07:54:06.803693+00:00, run_after=2023-10-17T07:54:06.803693+00:00
[2023-10-17T07:54:06.819+0000] {processor.py:179} INFO - Processing /home/airflow/.local/lib/python3.8/site-packages/airflow/example_dags/example_dynamic_task_mapping_with_no_taskflow_operators.py took 0.052 seconds
[2023-10-17T07:54:37.692+0000] {processor.py:157} INFO - Started process (PID=97) to work on /home/airflow/.local/lib/python3.8/site-packages/airflow/example_dags/example_dynamic_task_mapping_with_no_taskflow_operators.py
[2023-10-17T07:54:37.693+0000] {processor.py:829} INFO - Processing file /home/airflow/.local/lib/python3.8/site-packages/airflow/example_dags/example_dynamic_task_mapping_with_no_taskflow_operators.py for tasks to queue
[2023-10-17T07:54:37.695+0000] {logging_mixin.py:151} INFO - [2023-10-17T07:54:37.695+0000] {dagbag.py:536} INFO - Filling up the DagBag from /home/airflow/.local/lib/python3.8/site-packages/airflow/example_dags/example_dynamic_task_mapping_with_no_taskflow_operators.py
[2023-10-17T07:54:37.700+0000] {processor.py:839} INFO - DAG(s) dict_keys(['example_dynamic_task_mapping_with_no_taskflow_operators']) retrieved from /home/airflow/.local/lib/python3.8/site-packages/airflow/example_dags/example_dynamic_task_mapping_with_no_taskflow_operators.py
[2023-10-17T07:54:37.715+0000] {logging_mixin.py:151} INFO - [2023-10-17T07:54:37.715+0000] {dag.py:2941} INFO - Sync 1 DAGs
[2023-10-17T07:54:37.733+0000] {logging_mixin.py:151} INFO - [2023-10-17T07:54:37.733+0000] {dag.py:3722} INFO - Setting next_dagrun for example_dynamic_task_mapping_with_no_taskflow_operators to 2023-10-16T07:54:37.733212+00:00, run_after=2023-10-17T07:54:37.733212+00:00
[2023-10-17T07:54:37.749+0000] {processor.py:179} INFO - Processing /home/airflow/.local/lib/python3.8/site-packages/airflow/example_dags/example_dynamic_task_mapping_with_no_taskflow_operators.py took 0.059 seconds
[2023-10-17T07:55:07.899+0000] {processor.py:157} INFO - Started process (PID=151) to work on /home/airflow/.local/lib/python3.8/site-packages/airflow/example_dags/example_dynamic_task_mapping_with_no_taskflow_operators.py
[2023-10-17T07:55:07.900+0000] {processor.py:829} INFO - Processing file /home/airflow/.local/lib/python3.8/site-packages/airflow/example_dags/example_dynamic_task_mapping_with_no_taskflow_operators.py for tasks to queue
[2023-10-17T07:55:07.901+0000] {logging_mixin.py:151} INFO - [2023-10-17T07:55:07.901+0000] {dagbag.py:536} INFO - Filling up the DagBag from /home/airflow/.local/lib/python3.8/site-packages/airflow/example_dags/example_dynamic_task_mapping_with_no_taskflow_operators.py
[2023-10-17T07:55:07.905+0000] {processor.py:839} INFO - DAG(s) dict_keys(['example_dynamic_task_mapping_with_no_taskflow_operators']) retrieved from /home/airflow/.local/lib/python3.8/site-packages/airflow/example_dags/example_dynamic_task_mapping_with_no_taskflow_operators.py
[2023-10-17T07:55:07.917+0000] {logging_mixin.py:151} INFO - [2023-10-17T07:55:07.917+0000] {dag.py:2941} INFO - Sync 1 DAGs
[2023-10-17T07:55:07.930+0000] {logging_mixin.py:151} INFO - [2023-10-17T07:55:07.930+0000] {dag.py:3722} INFO - Setting next_dagrun for example_dynamic_task_mapping_with_no_taskflow_operators to 2023-10-16T07:55:07.930027+00:00, run_after=2023-10-17T07:55:07.930027+00:00
[2023-10-17T07:55:07.940+0000] {processor.py:179} INFO - Processing /home/airflow/.local/lib/python3.8/site-packages/airflow/example_dags/example_dynamic_task_mapping_with_no_taskflow_operators.py took 0.043 seconds
[2023-10-17T07:55:37.971+0000] {processor.py:157} INFO - Started process (PID=205) to work on /home/airflow/.local/lib/python3.8/site-packages/airflow/example_dags/example_dynamic_task_mapping_with_no_taskflow_operators.py
[2023-10-17T07:55:37.971+0000] {processor.py:829} INFO - Processing file /home/airflow/.local/lib/python3.8/site-packages/airflow/example_dags/example_dynamic_task_mapping_with_no_taskflow_operators.py for tasks to queue
[2023-10-17T07:55:37.973+0000] {logging_mixin.py:151} INFO - [2023-10-17T07:55:37.972+0000] {dagbag.py:536} INFO - Filling up the DagBag from /home/airflow/.local/lib/python3.8/site-packages/airflow/example_dags/example_dynamic_task_mapping_with_no_taskflow_operators.py
[2023-10-17T07:55:37.976+0000] {processor.py:839} INFO - DAG(s) dict_keys(['example_dynamic_task_mapping_with_no_taskflow_operators']) retrieved from /home/airflow/.local/lib/python3.8/site-packages/airflow/example_dags/example_dynamic_task_mapping_with_no_taskflow_operators.py
[2023-10-17T07:55:37.988+0000] {logging_mixin.py:151} INFO - [2023-10-17T07:55:37.988+0000] {dag.py:2941} INFO - Sync 1 DAGs
[2023-10-17T07:55:38.001+0000] {logging_mixin.py:151} INFO - [2023-10-17T07:55:38.001+0000] {dag.py:3722} INFO - Setting next_dagrun for example_dynamic_task_mapping_with_no_taskflow_operators to 2023-10-16T07:55:38.001539+00:00, run_after=2023-10-17T07:55:38.001539+00:00
[2023-10-17T07:55:38.013+0000] {processor.py:179} INFO - Processing /home/airflow/.local/lib/python3.8/site-packages/airflow/example_dags/example_dynamic_task_mapping_with_no_taskflow_operators.py took 0.044 seconds
[2023-10-17T07:56:08.150+0000] {processor.py:157} INFO - Started process (PID=259) to work on /home/airflow/.local/lib/python3.8/site-packages/airflow/example_dags/example_dynamic_task_mapping_with_no_taskflow_operators.py
[2023-10-17T07:56:08.151+0000] {processor.py:829} INFO - Processing file /home/airflow/.local/lib/python3.8/site-packages/airflow/example_dags/example_dynamic_task_mapping_with_no_taskflow_operators.py for tasks to queue
[2023-10-17T07:56:08.152+0000] {logging_mixin.py:151} INFO - [2023-10-17T07:56:08.152+0000] {dagbag.py:536} INFO - Filling up the DagBag from /home/airflow/.local/lib/python3.8/site-packages/airflow/example_dags/example_dynamic_task_mapping_with_no_taskflow_operators.py
[2023-10-17T07:56:08.156+0000] {processor.py:839} INFO - DAG(s) dict_keys(['example_dynamic_task_mapping_with_no_taskflow_operators']) retrieved from /home/airflow/.local/lib/python3.8/site-packages/airflow/example_dags/example_dynamic_task_mapping_with_no_taskflow_operators.py
[2023-10-17T07:56:08.168+0000] {logging_mixin.py:151} INFO - [2023-10-17T07:56:08.168+0000] {dag.py:2941} INFO - Sync 1 DAGs
[2023-10-17T07:56:08.182+0000] {logging_mixin.py:151} INFO - [2023-10-17T07:56:08.182+0000] {dag.py:3722} INFO - Setting next_dagrun for example_dynamic_task_mapping_with_no_taskflow_operators to 2023-10-16T07:56:08.182258+00:00, run_after=2023-10-17T07:56:08.182258+00:00
[2023-10-17T07:56:08.194+0000] {processor.py:179} INFO - Processing /home/airflow/.local/lib/python3.8/site-packages/airflow/example_dags/example_dynamic_task_mapping_with_no_taskflow_operators.py took 0.046 seconds
[2023-10-17T07:56:38.485+0000] {processor.py:157} INFO - Started process (PID=313) to work on /home/airflow/.local/lib/python3.8/site-packages/airflow/example_dags/example_dynamic_task_mapping_with_no_taskflow_operators.py
[2023-10-17T07:56:38.486+0000] {processor.py:829} INFO - Processing file /home/airflow/.local/lib/python3.8/site-packages/airflow/example_dags/example_dynamic_task_mapping_with_no_taskflow_operators.py for tasks to queue
[2023-10-17T07:56:38.488+0000] {logging_mixin.py:151} INFO - [2023-10-17T07:56:38.488+0000] {dagbag.py:536} INFO - Filling up the DagBag from /home/airflow/.local/lib/python3.8/site-packages/airflow/example_dags/example_dynamic_task_mapping_with_no_taskflow_operators.py
[2023-10-17T07:56:38.492+0000] {processor.py:839} INFO - DAG(s) dict_keys(['example_dynamic_task_mapping_with_no_taskflow_operators']) retrieved from /home/airflow/.local/lib/python3.8/site-packages/airflow/example_dags/example_dynamic_task_mapping_with_no_taskflow_operators.py
[2023-10-17T07:56:38.510+0000] {logging_mixin.py:151} INFO - [2023-10-17T07:56:38.509+0000] {dag.py:2941} INFO - Sync 1 DAGs
[2023-10-17T07:56:38.533+0000] {logging_mixin.py:151} INFO - [2023-10-17T07:56:38.533+0000] {dag.py:3722} INFO - Setting next_dagrun for example_dynamic_task_mapping_with_no_taskflow_operators to 2023-10-16T07:56:38.532935+00:00, run_after=2023-10-17T07:56:38.532935+00:00
[2023-10-17T07:56:38.552+0000] {processor.py:179} INFO - Processing /home/airflow/.local/lib/python3.8/site-packages/airflow/example_dags/example_dynamic_task_mapping_with_no_taskflow_operators.py took 0.069 seconds
[2023-10-17T07:57:09.402+0000] {processor.py:157} INFO - Started process (PID=367) to work on /home/airflow/.local/lib/python3.8/site-packages/airflow/example_dags/example_dynamic_task_mapping_with_no_taskflow_operators.py
[2023-10-17T07:57:09.405+0000] {processor.py:829} INFO - Processing file /home/airflow/.local/lib/python3.8/site-packages/airflow/example_dags/example_dynamic_task_mapping_with_no_taskflow_operators.py for tasks to queue
[2023-10-17T07:57:09.407+0000] {logging_mixin.py:151} INFO - [2023-10-17T07:57:09.406+0000] {dagbag.py:536} INFO - Filling up the DagBag from /home/airflow/.local/lib/python3.8/site-packages/airflow/example_dags/example_dynamic_task_mapping_with_no_taskflow_operators.py
[2023-10-17T07:57:09.413+0000] {processor.py:839} INFO - DAG(s) dict_keys(['example_dynamic_task_mapping_with_no_taskflow_operators']) retrieved from /home/airflow/.local/lib/python3.8/site-packages/airflow/example_dags/example_dynamic_task_mapping_with_no_taskflow_operators.py
[2023-10-17T07:57:09.426+0000] {logging_mixin.py:151} INFO - [2023-10-17T07:57:09.426+0000] {dag.py:2941} INFO - Sync 1 DAGs
[2023-10-17T07:57:09.440+0000] {logging_mixin.py:151} INFO - [2023-10-17T07:57:09.440+0000] {dag.py:3722} INFO - Setting next_dagrun for example_dynamic_task_mapping_with_no_taskflow_operators to 2023-10-16T07:57:09.440175+00:00, run_after=2023-10-17T07:57:09.440175+00:00
[2023-10-17T07:57:09.452+0000] {processor.py:179} INFO - Processing /home/airflow/.local/lib/python3.8/site-packages/airflow/example_dags/example_dynamic_task_mapping_with_no_taskflow_operators.py took 0.052 seconds
[2023-10-17T07:57:40.257+0000] {processor.py:157} INFO - Started process (PID=421) to work on /home/airflow/.local/lib/python3.8/site-packages/airflow/example_dags/example_dynamic_task_mapping_with_no_taskflow_operators.py
[2023-10-17T07:57:40.259+0000] {processor.py:829} INFO - Processing file /home/airflow/.local/lib/python3.8/site-packages/airflow/example_dags/example_dynamic_task_mapping_with_no_taskflow_operators.py for tasks to queue
[2023-10-17T07:57:40.261+0000] {logging_mixin.py:151} INFO - [2023-10-17T07:57:40.260+0000] {dagbag.py:536} INFO - Filling up the DagBag from /home/airflow/.local/lib/python3.8/site-packages/airflow/example_dags/example_dynamic_task_mapping_with_no_taskflow_operators.py
[2023-10-17T07:57:40.264+0000] {processor.py:839} INFO - DAG(s) dict_keys(['example_dynamic_task_mapping_with_no_taskflow_operators']) retrieved from /home/airflow/.local/lib/python3.8/site-packages/airflow/example_dags/example_dynamic_task_mapping_with_no_taskflow_operators.py
[2023-10-17T07:57:40.279+0000] {logging_mixin.py:151} INFO - [2023-10-17T07:57:40.278+0000] {dag.py:2941} INFO - Sync 1 DAGs
[2023-10-17T07:57:40.295+0000] {logging_mixin.py:151} INFO - [2023-10-17T07:57:40.295+0000] {dag.py:3722} INFO - Setting next_dagrun for example_dynamic_task_mapping_with_no_taskflow_operators to 2023-10-16T07:57:40.294905+00:00, run_after=2023-10-17T07:57:40.294905+00:00
[2023-10-17T07:57:40.310+0000] {processor.py:179} INFO - Processing /home/airflow/.local/lib/python3.8/site-packages/airflow/example_dags/example_dynamic_task_mapping_with_no_taskflow_operators.py took 0.056 seconds
[2023-10-17T07:58:10.452+0000] {processor.py:157} INFO - Started process (PID=475) to work on /home/airflow/.local/lib/python3.8/site-packages/airflow/example_dags/example_dynamic_task_mapping_with_no_taskflow_operators.py
[2023-10-17T07:58:10.453+0000] {processor.py:829} INFO - Processing file /home/airflow/.local/lib/python3.8/site-packages/airflow/example_dags/example_dynamic_task_mapping_with_no_taskflow_operators.py for tasks to queue
[2023-10-17T07:58:10.455+0000] {logging_mixin.py:151} INFO - [2023-10-17T07:58:10.455+0000] {dagbag.py:536} INFO - Filling up the DagBag from /home/airflow/.local/lib/python3.8/site-packages/airflow/example_dags/example_dynamic_task_mapping_with_no_taskflow_operators.py
[2023-10-17T07:58:10.459+0000] {processor.py:839} INFO - DAG(s) dict_keys(['example_dynamic_task_mapping_with_no_taskflow_operators']) retrieved from /home/airflow/.local/lib/python3.8/site-packages/airflow/example_dags/example_dynamic_task_mapping_with_no_taskflow_operators.py
[2023-10-17T07:58:10.475+0000] {logging_mixin.py:151} INFO - [2023-10-17T07:58:10.474+0000] {dag.py:2941} INFO - Sync 1 DAGs
[2023-10-17T07:58:10.497+0000] {logging_mixin.py:151} INFO - [2023-10-17T07:58:10.497+0000] {dag.py:3722} INFO - Setting next_dagrun for example_dynamic_task_mapping_with_no_taskflow_operators to 2023-10-16T07:58:10.497211+00:00, run_after=2023-10-17T07:58:10.497211+00:00
[2023-10-17T07:58:10.519+0000] {processor.py:179} INFO - Processing /home/airflow/.local/lib/python3.8/site-packages/airflow/example_dags/example_dynamic_task_mapping_with_no_taskflow_operators.py took 0.068 seconds
[2023-10-17T07:58:40.710+0000] {processor.py:157} INFO - Started process (PID=529) to work on /home/airflow/.local/lib/python3.8/site-packages/airflow/example_dags/example_dynamic_task_mapping_with_no_taskflow_operators.py
[2023-10-17T07:58:40.713+0000] {processor.py:829} INFO - Processing file /home/airflow/.local/lib/python3.8/site-packages/airflow/example_dags/example_dynamic_task_mapping_with_no_taskflow_operators.py for tasks to queue
[2023-10-17T07:58:40.715+0000] {logging_mixin.py:151} INFO - [2023-10-17T07:58:40.715+0000] {dagbag.py:536} INFO - Filling up the DagBag from /home/airflow/.local/lib/python3.8/site-packages/airflow/example_dags/example_dynamic_task_mapping_with_no_taskflow_operators.py
[2023-10-17T07:58:40.719+0000] {processor.py:839} INFO - DAG(s) dict_keys(['example_dynamic_task_mapping_with_no_taskflow_operators']) retrieved from /home/airflow/.local/lib/python3.8/site-packages/airflow/example_dags/example_dynamic_task_mapping_with_no_taskflow_operators.py
[2023-10-17T07:58:40.732+0000] {logging_mixin.py:151} INFO - [2023-10-17T07:58:40.732+0000] {dag.py:2941} INFO - Sync 1 DAGs
[2023-10-17T07:58:40.749+0000] {logging_mixin.py:151} INFO - [2023-10-17T07:58:40.748+0000] {dag.py:3722} INFO - Setting next_dagrun for example_dynamic_task_mapping_with_no_taskflow_operators to 2023-10-16T07:58:40.748792+00:00, run_after=2023-10-17T07:58:40.748792+00:00
[2023-10-17T07:58:40.761+0000] {processor.py:179} INFO - Processing /home/airflow/.local/lib/python3.8/site-packages/airflow/example_dags/example_dynamic_task_mapping_with_no_taskflow_operators.py took 0.053 seconds
[2023-10-17T07:59:11.030+0000] {processor.py:157} INFO - Started process (PID=583) to work on /home/airflow/.local/lib/python3.8/site-packages/airflow/example_dags/example_dynamic_task_mapping_with_no_taskflow_operators.py
[2023-10-17T07:59:11.030+0000] {processor.py:829} INFO - Processing file /home/airflow/.local/lib/python3.8/site-packages/airflow/example_dags/example_dynamic_task_mapping_with_no_taskflow_operators.py for tasks to queue
[2023-10-17T07:59:11.031+0000] {logging_mixin.py:151} INFO - [2023-10-17T07:59:11.031+0000] {dagbag.py:536} INFO - Filling up the DagBag from /home/airflow/.local/lib/python3.8/site-packages/airflow/example_dags/example_dynamic_task_mapping_with_no_taskflow_operators.py
[2023-10-17T07:59:11.035+0000] {processor.py:839} INFO - DAG(s) dict_keys(['example_dynamic_task_mapping_with_no_taskflow_operators']) retrieved from /home/airflow/.local/lib/python3.8/site-packages/airflow/example_dags/example_dynamic_task_mapping_with_no_taskflow_operators.py
[2023-10-17T07:59:11.048+0000] {logging_mixin.py:151} INFO - [2023-10-17T07:59:11.048+0000] {dag.py:2941} INFO - Sync 1 DAGs
[2023-10-17T07:59:11.063+0000] {logging_mixin.py:151} INFO - [2023-10-17T07:59:11.063+0000] {dag.py:3722} INFO - Setting next_dagrun for example_dynamic_task_mapping_with_no_taskflow_operators to 2023-10-16T07:59:11.062989+00:00, run_after=2023-10-17T07:59:11.062989+00:00
[2023-10-17T07:59:11.075+0000] {processor.py:179} INFO - Processing /home/airflow/.local/lib/python3.8/site-packages/airflow/example_dags/example_dynamic_task_mapping_with_no_taskflow_operators.py took 0.048 seconds
[2023-10-17T07:59:41.212+0000] {processor.py:157} INFO - Started process (PID=637) to work on /home/airflow/.local/lib/python3.8/site-packages/airflow/example_dags/example_dynamic_task_mapping_with_no_taskflow_operators.py
[2023-10-17T07:59:41.216+0000] {processor.py:829} INFO - Processing file /home/airflow/.local/lib/python3.8/site-packages/airflow/example_dags/example_dynamic_task_mapping_with_no_taskflow_operators.py for tasks to queue
[2023-10-17T07:59:41.217+0000] {logging_mixin.py:151} INFO - [2023-10-17T07:59:41.217+0000] {dagbag.py:536} INFO - Filling up the DagBag from /home/airflow/.local/lib/python3.8/site-packages/airflow/example_dags/example_dynamic_task_mapping_with_no_taskflow_operators.py
[2023-10-17T07:59:41.222+0000] {processor.py:839} INFO - DAG(s) dict_keys(['example_dynamic_task_mapping_with_no_taskflow_operators']) retrieved from /home/airflow/.local/lib/python3.8/site-packages/airflow/example_dags/example_dynamic_task_mapping_with_no_taskflow_operators.py
[2023-10-17T07:59:41.237+0000] {logging_mixin.py:151} INFO - [2023-10-17T07:59:41.237+0000] {dag.py:2941} INFO - Sync 1 DAGs
[2023-10-17T07:59:41.251+0000] {logging_mixin.py:151} INFO - [2023-10-17T07:59:41.251+0000] {dag.py:3722} INFO - Setting next_dagrun for example_dynamic_task_mapping_with_no_taskflow_operators to 2023-10-16T07:59:41.250911+00:00, run_after=2023-10-17T07:59:41.250911+00:00
[2023-10-17T07:59:41.263+0000] {processor.py:179} INFO - Processing /home/airflow/.local/lib/python3.8/site-packages/airflow/example_dags/example_dynamic_task_mapping_with_no_taskflow_operators.py took 0.052 seconds
[2023-10-17T08:00:12.152+0000] {processor.py:157} INFO - Started process (PID=691) to work on /home/airflow/.local/lib/python3.8/site-packages/airflow/example_dags/example_dynamic_task_mapping_with_no_taskflow_operators.py
[2023-10-17T08:00:12.155+0000] {processor.py:829} INFO - Processing file /home/airflow/.local/lib/python3.8/site-packages/airflow/example_dags/example_dynamic_task_mapping_with_no_taskflow_operators.py for tasks to queue
[2023-10-17T08:00:12.157+0000] {logging_mixin.py:151} INFO - [2023-10-17T08:00:12.156+0000] {dagbag.py:536} INFO - Filling up the DagBag from /home/airflow/.local/lib/python3.8/site-packages/airflow/example_dags/example_dynamic_task_mapping_with_no_taskflow_operators.py
[2023-10-17T08:00:12.161+0000] {processor.py:839} INFO - DAG(s) dict_keys(['example_dynamic_task_mapping_with_no_taskflow_operators']) retrieved from /home/airflow/.local/lib/python3.8/site-packages/airflow/example_dags/example_dynamic_task_mapping_with_no_taskflow_operators.py
[2023-10-17T08:00:12.175+0000] {logging_mixin.py:151} INFO - [2023-10-17T08:00:12.175+0000] {dag.py:2941} INFO - Sync 1 DAGs
[2023-10-17T08:00:12.190+0000] {logging_mixin.py:151} INFO - [2023-10-17T08:00:12.190+0000] {dag.py:3722} INFO - Setting next_dagrun for example_dynamic_task_mapping_with_no_taskflow_operators to 2023-10-16T08:00:12.190085+00:00, run_after=2023-10-17T08:00:12.190085+00:00
[2023-10-17T08:00:12.202+0000] {processor.py:179} INFO - Processing /home/airflow/.local/lib/python3.8/site-packages/airflow/example_dags/example_dynamic_task_mapping_with_no_taskflow_operators.py took 0.052 seconds
[2023-10-17T08:00:42.305+0000] {processor.py:157} INFO - Started process (PID=745) to work on /home/airflow/.local/lib/python3.8/site-packages/airflow/example_dags/example_dynamic_task_mapping_with_no_taskflow_operators.py
[2023-10-17T08:00:42.306+0000] {processor.py:829} INFO - Processing file /home/airflow/.local/lib/python3.8/site-packages/airflow/example_dags/example_dynamic_task_mapping_with_no_taskflow_operators.py for tasks to queue
[2023-10-17T08:00:42.307+0000] {logging_mixin.py:151} INFO - [2023-10-17T08:00:42.307+0000] {dagbag.py:536} INFO - Filling up the DagBag from /home/airflow/.local/lib/python3.8/site-packages/airflow/example_dags/example_dynamic_task_mapping_with_no_taskflow_operators.py
[2023-10-17T08:00:42.313+0000] {processor.py:839} INFO - DAG(s) dict_keys(['example_dynamic_task_mapping_with_no_taskflow_operators']) retrieved from /home/airflow/.local/lib/python3.8/site-packages/airflow/example_dags/example_dynamic_task_mapping_with_no_taskflow_operators.py
[2023-10-17T08:00:42.331+0000] {logging_mixin.py:151} INFO - [2023-10-17T08:00:42.330+0000] {dag.py:2941} INFO - Sync 1 DAGs
[2023-10-17T08:00:42.351+0000] {logging_mixin.py:151} INFO - [2023-10-17T08:00:42.351+0000] {dag.py:3722} INFO - Setting next_dagrun for example_dynamic_task_mapping_with_no_taskflow_operators to 2023-10-16T08:00:42.350868+00:00, run_after=2023-10-17T08:00:42.350868+00:00
[2023-10-17T08:00:42.368+0000] {processor.py:179} INFO - Processing /home/airflow/.local/lib/python3.8/site-packages/airflow/example_dags/example_dynamic_task_mapping_with_no_taskflow_operators.py took 0.066 seconds
[2023-10-17T08:01:12.622+0000] {processor.py:157} INFO - Started process (PID=799) to work on /home/airflow/.local/lib/python3.8/site-packages/airflow/example_dags/example_dynamic_task_mapping_with_no_taskflow_operators.py
[2023-10-17T08:01:12.626+0000] {processor.py:829} INFO - Processing file /home/airflow/.local/lib/python3.8/site-packages/airflow/example_dags/example_dynamic_task_mapping_with_no_taskflow_operators.py for tasks to queue
[2023-10-17T08:01:12.627+0000] {logging_mixin.py:151} INFO - [2023-10-17T08:01:12.627+0000] {dagbag.py:536} INFO - Filling up the DagBag from /home/airflow/.local/lib/python3.8/site-packages/airflow/example_dags/example_dynamic_task_mapping_with_no_taskflow_operators.py
[2023-10-17T08:01:12.631+0000] {processor.py:839} INFO - DAG(s) dict_keys(['example_dynamic_task_mapping_with_no_taskflow_operators']) retrieved from /home/airflow/.local/lib/python3.8/site-packages/airflow/example_dags/example_dynamic_task_mapping_with_no_taskflow_operators.py
[2023-10-17T08:01:12.645+0000] {logging_mixin.py:151} INFO - [2023-10-17T08:01:12.644+0000] {dag.py:2941} INFO - Sync 1 DAGs
[2023-10-17T08:01:12.660+0000] {logging_mixin.py:151} INFO - [2023-10-17T08:01:12.660+0000] {dag.py:3722} INFO - Setting next_dagrun for example_dynamic_task_mapping_with_no_taskflow_operators to 2023-10-16T08:01:12.660375+00:00, run_after=2023-10-17T08:01:12.660375+00:00
[2023-10-17T08:01:12.673+0000] {processor.py:179} INFO - Processing /home/airflow/.local/lib/python3.8/site-packages/airflow/example_dags/example_dynamic_task_mapping_with_no_taskflow_operators.py took 0.053 seconds
[2023-10-17T08:01:42.740+0000] {processor.py:157} INFO - Started process (PID=853) to work on /home/airflow/.local/lib/python3.8/site-packages/airflow/example_dags/example_dynamic_task_mapping_with_no_taskflow_operators.py
[2023-10-17T08:01:42.744+0000] {processor.py:829} INFO - Processing file /home/airflow/.local/lib/python3.8/site-packages/airflow/example_dags/example_dynamic_task_mapping_with_no_taskflow_operators.py for tasks to queue
[2023-10-17T08:01:42.745+0000] {logging_mixin.py:151} INFO - [2023-10-17T08:01:42.745+0000] {dagbag.py:536} INFO - Filling up the DagBag from /home/airflow/.local/lib/python3.8/site-packages/airflow/example_dags/example_dynamic_task_mapping_with_no_taskflow_operators.py
[2023-10-17T08:01:42.749+0000] {processor.py:839} INFO - DAG(s) dict_keys(['example_dynamic_task_mapping_with_no_taskflow_operators']) retrieved from /home/airflow/.local/lib/python3.8/site-packages/airflow/example_dags/example_dynamic_task_mapping_with_no_taskflow_operators.py
[2023-10-17T08:01:42.764+0000] {logging_mixin.py:151} INFO - [2023-10-17T08:01:42.763+0000] {dag.py:2941} INFO - Sync 1 DAGs
[2023-10-17T08:01:42.779+0000] {logging_mixin.py:151} INFO - [2023-10-17T08:01:42.778+0000] {dag.py:3722} INFO - Setting next_dagrun for example_dynamic_task_mapping_with_no_taskflow_operators to 2023-10-16T08:01:42.778725+00:00, run_after=2023-10-17T08:01:42.778725+00:00
[2023-10-17T08:01:42.790+0000] {processor.py:179} INFO - Processing /home/airflow/.local/lib/python3.8/site-packages/airflow/example_dags/example_dynamic_task_mapping_with_no_taskflow_operators.py took 0.052 seconds
[2023-10-17T08:02:13.723+0000] {processor.py:157} INFO - Started process (PID=907) to work on /home/airflow/.local/lib/python3.8/site-packages/airflow/example_dags/example_dynamic_task_mapping_with_no_taskflow_operators.py
[2023-10-17T08:02:13.723+0000] {processor.py:829} INFO - Processing file /home/airflow/.local/lib/python3.8/site-packages/airflow/example_dags/example_dynamic_task_mapping_with_no_taskflow_operators.py for tasks to queue
[2023-10-17T08:02:13.725+0000] {logging_mixin.py:151} INFO - [2023-10-17T08:02:13.725+0000] {dagbag.py:536} INFO - Filling up the DagBag from /home/airflow/.local/lib/python3.8/site-packages/airflow/example_dags/example_dynamic_task_mapping_with_no_taskflow_operators.py
[2023-10-17T08:02:13.728+0000] {processor.py:839} INFO - DAG(s) dict_keys(['example_dynamic_task_mapping_with_no_taskflow_operators']) retrieved from /home/airflow/.local/lib/python3.8/site-packages/airflow/example_dags/example_dynamic_task_mapping_with_no_taskflow_operators.py
[2023-10-17T08:02:13.744+0000] {logging_mixin.py:151} INFO - [2023-10-17T08:02:13.744+0000] {dag.py:2941} INFO - Sync 1 DAGs
[2023-10-17T08:02:13.765+0000] {logging_mixin.py:151} INFO - [2023-10-17T08:02:13.765+0000] {dag.py:3722} INFO - Setting next_dagrun for example_dynamic_task_mapping_with_no_taskflow_operators to 2023-10-16T08:02:13.765432+00:00, run_after=2023-10-17T08:02:13.765432+00:00
[2023-10-17T08:02:13.780+0000] {processor.py:179} INFO - Processing /home/airflow/.local/lib/python3.8/site-packages/airflow/example_dags/example_dynamic_task_mapping_with_no_taskflow_operators.py took 0.059 seconds
[2023-10-17T08:02:43.907+0000] {processor.py:157} INFO - Started process (PID=961) to work on /home/airflow/.local/lib/python3.8/site-packages/airflow/example_dags/example_dynamic_task_mapping_with_no_taskflow_operators.py
[2023-10-17T08:02:43.908+0000] {processor.py:829} INFO - Processing file /home/airflow/.local/lib/python3.8/site-packages/airflow/example_dags/example_dynamic_task_mapping_with_no_taskflow_operators.py for tasks to queue
[2023-10-17T08:02:43.909+0000] {logging_mixin.py:151} INFO - [2023-10-17T08:02:43.909+0000] {dagbag.py:536} INFO - Filling up the DagBag from /home/airflow/.local/lib/python3.8/site-packages/airflow/example_dags/example_dynamic_task_mapping_with_no_taskflow_operators.py
[2023-10-17T08:02:43.913+0000] {processor.py:839} INFO - DAG(s) dict_keys(['example_dynamic_task_mapping_with_no_taskflow_operators']) retrieved from /home/airflow/.local/lib/python3.8/site-packages/airflow/example_dags/example_dynamic_task_mapping_with_no_taskflow_operators.py
[2023-10-17T08:02:43.927+0000] {logging_mixin.py:151} INFO - [2023-10-17T08:02:43.926+0000] {dag.py:2941} INFO - Sync 1 DAGs
[2023-10-17T08:02:43.942+0000] {logging_mixin.py:151} INFO - [2023-10-17T08:02:43.942+0000] {dag.py:3722} INFO - Setting next_dagrun for example_dynamic_task_mapping_with_no_taskflow_operators to 2023-10-16T08:02:43.942480+00:00, run_after=2023-10-17T08:02:43.942480+00:00
[2023-10-17T08:02:44.066+0000] {processor.py:179} INFO - Processing /home/airflow/.local/lib/python3.8/site-packages/airflow/example_dags/example_dynamic_task_mapping_with_no_taskflow_operators.py took 0.161 seconds
[2023-10-17T08:03:15.056+0000] {processor.py:157} INFO - Started process (PID=1015) to work on /home/airflow/.local/lib/python3.8/site-packages/airflow/example_dags/example_dynamic_task_mapping_with_no_taskflow_operators.py
[2023-10-17T08:03:15.060+0000] {processor.py:829} INFO - Processing file /home/airflow/.local/lib/python3.8/site-packages/airflow/example_dags/example_dynamic_task_mapping_with_no_taskflow_operators.py for tasks to queue
[2023-10-17T08:03:15.061+0000] {logging_mixin.py:151} INFO - [2023-10-17T08:03:15.061+0000] {dagbag.py:536} INFO - Filling up the DagBag from /home/airflow/.local/lib/python3.8/site-packages/airflow/example_dags/example_dynamic_task_mapping_with_no_taskflow_operators.py
[2023-10-17T08:03:15.065+0000] {processor.py:839} INFO - DAG(s) dict_keys(['example_dynamic_task_mapping_with_no_taskflow_operators']) retrieved from /home/airflow/.local/lib/python3.8/site-packages/airflow/example_dags/example_dynamic_task_mapping_with_no_taskflow_operators.py
[2023-10-17T08:03:15.078+0000] {logging_mixin.py:151} INFO - [2023-10-17T08:03:15.078+0000] {dag.py:2941} INFO - Sync 1 DAGs
[2023-10-17T08:03:15.092+0000] {logging_mixin.py:151} INFO - [2023-10-17T08:03:15.092+0000] {dag.py:3722} INFO - Setting next_dagrun for example_dynamic_task_mapping_with_no_taskflow_operators to 2023-10-16T08:03:15.091835+00:00, run_after=2023-10-17T08:03:15.091835+00:00
[2023-10-17T08:03:15.105+0000] {processor.py:179} INFO - Processing /home/airflow/.local/lib/python3.8/site-packages/airflow/example_dags/example_dynamic_task_mapping_with_no_taskflow_operators.py took 0.050 seconds
[2023-10-17T08:03:45.887+0000] {processor.py:157} INFO - Started process (PID=1069) to work on /home/airflow/.local/lib/python3.8/site-packages/airflow/example_dags/example_dynamic_task_mapping_with_no_taskflow_operators.py
[2023-10-17T08:03:45.888+0000] {processor.py:829} INFO - Processing file /home/airflow/.local/lib/python3.8/site-packages/airflow/example_dags/example_dynamic_task_mapping_with_no_taskflow_operators.py for tasks to queue
[2023-10-17T08:03:45.890+0000] {logging_mixin.py:151} INFO - [2023-10-17T08:03:45.889+0000] {dagbag.py:536} INFO - Filling up the DagBag from /home/airflow/.local/lib/python3.8/site-packages/airflow/example_dags/example_dynamic_task_mapping_with_no_taskflow_operators.py
[2023-10-17T08:03:45.895+0000] {processor.py:839} INFO - DAG(s) dict_keys(['example_dynamic_task_mapping_with_no_taskflow_operators']) retrieved from /home/airflow/.local/lib/python3.8/site-packages/airflow/example_dags/example_dynamic_task_mapping_with_no_taskflow_operators.py
[2023-10-17T08:03:45.912+0000] {logging_mixin.py:151} INFO - [2023-10-17T08:03:45.912+0000] {dag.py:2941} INFO - Sync 1 DAGs
[2023-10-17T08:03:45.929+0000] {logging_mixin.py:151} INFO - [2023-10-17T08:03:45.928+0000] {dag.py:3722} INFO - Setting next_dagrun for example_dynamic_task_mapping_with_no_taskflow_operators to 2023-10-16T08:03:45.928723+00:00, run_after=2023-10-17T08:03:45.928723+00:00
[2023-10-17T08:03:45.942+0000] {processor.py:179} INFO - Processing /home/airflow/.local/lib/python3.8/site-packages/airflow/example_dags/example_dynamic_task_mapping_with_no_taskflow_operators.py took 0.057 seconds
[2023-10-17T08:04:16.099+0000] {processor.py:157} INFO - Started process (PID=1123) to work on /home/airflow/.local/lib/python3.8/site-packages/airflow/example_dags/example_dynamic_task_mapping_with_no_taskflow_operators.py
[2023-10-17T08:04:16.103+0000] {processor.py:829} INFO - Processing file /home/airflow/.local/lib/python3.8/site-packages/airflow/example_dags/example_dynamic_task_mapping_with_no_taskflow_operators.py for tasks to queue
[2023-10-17T08:04:16.104+0000] {logging_mixin.py:151} INFO - [2023-10-17T08:04:16.104+0000] {dagbag.py:536} INFO - Filling up the DagBag from /home/airflow/.local/lib/python3.8/site-packages/airflow/example_dags/example_dynamic_task_mapping_with_no_taskflow_operators.py
[2023-10-17T08:04:16.109+0000] {processor.py:839} INFO - DAG(s) dict_keys(['example_dynamic_task_mapping_with_no_taskflow_operators']) retrieved from /home/airflow/.local/lib/python3.8/site-packages/airflow/example_dags/example_dynamic_task_mapping_with_no_taskflow_operators.py
[2023-10-17T08:04:16.123+0000] {logging_mixin.py:151} INFO - [2023-10-17T08:04:16.123+0000] {dag.py:2941} INFO - Sync 1 DAGs
[2023-10-17T08:04:16.138+0000] {logging_mixin.py:151} INFO - [2023-10-17T08:04:16.138+0000] {dag.py:3722} INFO - Setting next_dagrun for example_dynamic_task_mapping_with_no_taskflow_operators to 2023-10-16T08:04:16.138526+00:00, run_after=2023-10-17T08:04:16.138526+00:00
[2023-10-17T08:04:16.151+0000] {processor.py:179} INFO - Processing /home/airflow/.local/lib/python3.8/site-packages/airflow/example_dags/example_dynamic_task_mapping_with_no_taskflow_operators.py took 0.054 seconds
