[2023-10-17T07:39:52.239+0000] {processor.py:157} INFO - Started process (PID=127) to work on /home/airflow/.local/lib/python3.8/site-packages/airflow/example_dags/example_branch_operator_decorator.py
[2023-10-17T07:39:52.240+0000] {processor.py:829} INFO - Processing file /home/airflow/.local/lib/python3.8/site-packages/airflow/example_dags/example_branch_operator_decorator.py for tasks to queue
[2023-10-17T07:39:52.242+0000] {logging_mixin.py:151} INFO - [2023-10-17T07:39:52.241+0000] {dagbag.py:536} INFO - Filling up the DagBag from /home/airflow/.local/lib/python3.8/site-packages/airflow/example_dags/example_branch_operator_decorator.py
[2023-10-17T07:39:52.251+0000] {processor.py:839} INFO - DAG(s) dict_keys(['example_branch_python_operator_decorator']) retrieved from /home/airflow/.local/lib/python3.8/site-packages/airflow/example_dags/example_branch_operator_decorator.py
[2023-10-17T07:39:52.274+0000] {logging_mixin.py:151} INFO - [2023-10-17T07:39:52.273+0000] {dag.py:2941} INFO - Sync 1 DAGs
[2023-10-17T07:39:52.299+0000] {logging_mixin.py:151} INFO - [2023-10-17T07:39:52.298+0000] {dag.py:3722} INFO - Setting next_dagrun for example_branch_python_operator_decorator to 2023-10-16T00:00:00+00:00, run_after=2023-10-17T00:00:00+00:00
[2023-10-17T07:39:52.317+0000] {processor.py:179} INFO - Processing /home/airflow/.local/lib/python3.8/site-packages/airflow/example_dags/example_branch_operator_decorator.py took 0.080 seconds
[2023-10-17T07:40:22.366+0000] {processor.py:157} INFO - Started process (PID=181) to work on /home/airflow/.local/lib/python3.8/site-packages/airflow/example_dags/example_branch_operator_decorator.py
[2023-10-17T07:40:22.366+0000] {processor.py:829} INFO - Processing file /home/airflow/.local/lib/python3.8/site-packages/airflow/example_dags/example_branch_operator_decorator.py for tasks to queue
[2023-10-17T07:40:22.368+0000] {logging_mixin.py:151} INFO - [2023-10-17T07:40:22.368+0000] {dagbag.py:536} INFO - Filling up the DagBag from /home/airflow/.local/lib/python3.8/site-packages/airflow/example_dags/example_branch_operator_decorator.py
[2023-10-17T07:40:22.374+0000] {processor.py:839} INFO - DAG(s) dict_keys(['example_branch_python_operator_decorator']) retrieved from /home/airflow/.local/lib/python3.8/site-packages/airflow/example_dags/example_branch_operator_decorator.py
[2023-10-17T07:40:22.389+0000] {logging_mixin.py:151} INFO - [2023-10-17T07:40:22.389+0000] {dag.py:2941} INFO - Sync 1 DAGs
[2023-10-17T07:40:22.405+0000] {logging_mixin.py:151} INFO - [2023-10-17T07:40:22.405+0000] {dag.py:3722} INFO - Setting next_dagrun for example_branch_python_operator_decorator to 2023-10-16T00:00:00+00:00, run_after=2023-10-17T00:00:00+00:00
[2023-10-17T07:40:22.418+0000] {processor.py:179} INFO - Processing /home/airflow/.local/lib/python3.8/site-packages/airflow/example_dags/example_branch_operator_decorator.py took 0.054 seconds
[2023-10-17T07:44:11.536+0000] {processor.py:157} INFO - Started process (PID=37) to work on /home/airflow/.local/lib/python3.8/site-packages/airflow/example_dags/example_branch_operator_decorator.py
[2023-10-17T07:44:11.537+0000] {processor.py:829} INFO - Processing file /home/airflow/.local/lib/python3.8/site-packages/airflow/example_dags/example_branch_operator_decorator.py for tasks to queue
[2023-10-17T07:44:11.539+0000] {logging_mixin.py:151} INFO - [2023-10-17T07:44:11.539+0000] {dagbag.py:536} INFO - Filling up the DagBag from /home/airflow/.local/lib/python3.8/site-packages/airflow/example_dags/example_branch_operator_decorator.py
[2023-10-17T07:44:11.551+0000] {processor.py:839} INFO - DAG(s) dict_keys(['example_branch_python_operator_decorator']) retrieved from /home/airflow/.local/lib/python3.8/site-packages/airflow/example_dags/example_branch_operator_decorator.py
[2023-10-17T07:44:11.561+0000] {logging_mixin.py:151} INFO - [2023-10-17T07:44:11.560+0000] {dag.py:2941} INFO - Sync 1 DAGs
[2023-10-17T07:44:11.584+0000] {logging_mixin.py:151} INFO - [2023-10-17T07:44:11.584+0000] {dag.py:3722} INFO - Setting next_dagrun for example_branch_python_operator_decorator to 2023-10-16T00:00:00+00:00, run_after=2023-10-17T00:00:00+00:00
[2023-10-17T07:44:11.610+0000] {processor.py:179} INFO - Processing /home/airflow/.local/lib/python3.8/site-packages/airflow/example_dags/example_branch_operator_decorator.py took 0.076 seconds
[2023-10-17T07:44:42.383+0000] {processor.py:157} INFO - Started process (PID=91) to work on /home/airflow/.local/lib/python3.8/site-packages/airflow/example_dags/example_branch_operator_decorator.py
[2023-10-17T07:44:42.383+0000] {processor.py:829} INFO - Processing file /home/airflow/.local/lib/python3.8/site-packages/airflow/example_dags/example_branch_operator_decorator.py for tasks to queue
[2023-10-17T07:44:42.385+0000] {logging_mixin.py:151} INFO - [2023-10-17T07:44:42.385+0000] {dagbag.py:536} INFO - Filling up the DagBag from /home/airflow/.local/lib/python3.8/site-packages/airflow/example_dags/example_branch_operator_decorator.py
[2023-10-17T07:44:42.392+0000] {processor.py:839} INFO - DAG(s) dict_keys(['example_branch_python_operator_decorator']) retrieved from /home/airflow/.local/lib/python3.8/site-packages/airflow/example_dags/example_branch_operator_decorator.py
[2023-10-17T07:44:42.406+0000] {logging_mixin.py:151} INFO - [2023-10-17T07:44:42.406+0000] {dag.py:2941} INFO - Sync 1 DAGs
[2023-10-17T07:44:42.425+0000] {logging_mixin.py:151} INFO - [2023-10-17T07:44:42.425+0000] {dag.py:3722} INFO - Setting next_dagrun for example_branch_python_operator_decorator to 2023-10-16T00:00:00+00:00, run_after=2023-10-17T00:00:00+00:00
[2023-10-17T07:44:42.444+0000] {processor.py:179} INFO - Processing /home/airflow/.local/lib/python3.8/site-packages/airflow/example_dags/example_branch_operator_decorator.py took 0.064 seconds
[2023-10-17T07:45:12.691+0000] {processor.py:157} INFO - Started process (PID=146) to work on /home/airflow/.local/lib/python3.8/site-packages/airflow/example_dags/example_branch_operator_decorator.py
[2023-10-17T07:45:12.691+0000] {processor.py:829} INFO - Processing file /home/airflow/.local/lib/python3.8/site-packages/airflow/example_dags/example_branch_operator_decorator.py for tasks to queue
[2023-10-17T07:45:12.693+0000] {logging_mixin.py:151} INFO - [2023-10-17T07:45:12.693+0000] {dagbag.py:536} INFO - Filling up the DagBag from /home/airflow/.local/lib/python3.8/site-packages/airflow/example_dags/example_branch_operator_decorator.py
[2023-10-17T07:45:12.701+0000] {processor.py:839} INFO - DAG(s) dict_keys(['example_branch_python_operator_decorator']) retrieved from /home/airflow/.local/lib/python3.8/site-packages/airflow/example_dags/example_branch_operator_decorator.py
[2023-10-17T07:45:12.724+0000] {logging_mixin.py:151} INFO - [2023-10-17T07:45:12.724+0000] {dag.py:2941} INFO - Sync 1 DAGs
[2023-10-17T07:45:12.746+0000] {logging_mixin.py:151} INFO - [2023-10-17T07:45:12.746+0000] {dag.py:3722} INFO - Setting next_dagrun for example_branch_python_operator_decorator to 2023-10-16T00:00:00+00:00, run_after=2023-10-17T00:00:00+00:00
[2023-10-17T07:45:12.760+0000] {processor.py:179} INFO - Processing /home/airflow/.local/lib/python3.8/site-packages/airflow/example_dags/example_branch_operator_decorator.py took 0.073 seconds
[2023-10-17T07:45:43.038+0000] {processor.py:157} INFO - Started process (PID=200) to work on /home/airflow/.local/lib/python3.8/site-packages/airflow/example_dags/example_branch_operator_decorator.py
[2023-10-17T07:45:43.039+0000] {processor.py:829} INFO - Processing file /home/airflow/.local/lib/python3.8/site-packages/airflow/example_dags/example_branch_operator_decorator.py for tasks to queue
[2023-10-17T07:45:43.040+0000] {logging_mixin.py:151} INFO - [2023-10-17T07:45:43.040+0000] {dagbag.py:536} INFO - Filling up the DagBag from /home/airflow/.local/lib/python3.8/site-packages/airflow/example_dags/example_branch_operator_decorator.py
[2023-10-17T07:45:43.047+0000] {processor.py:839} INFO - DAG(s) dict_keys(['example_branch_python_operator_decorator']) retrieved from /home/airflow/.local/lib/python3.8/site-packages/airflow/example_dags/example_branch_operator_decorator.py
[2023-10-17T07:45:43.063+0000] {logging_mixin.py:151} INFO - [2023-10-17T07:45:43.063+0000] {dag.py:2941} INFO - Sync 1 DAGs
[2023-10-17T07:45:43.081+0000] {logging_mixin.py:151} INFO - [2023-10-17T07:45:43.081+0000] {dag.py:3722} INFO - Setting next_dagrun for example_branch_python_operator_decorator to 2023-10-16T00:00:00+00:00, run_after=2023-10-17T00:00:00+00:00
[2023-10-17T07:45:43.095+0000] {processor.py:179} INFO - Processing /home/airflow/.local/lib/python3.8/site-packages/airflow/example_dags/example_branch_operator_decorator.py took 0.058 seconds
[2023-10-17T07:46:13.175+0000] {processor.py:157} INFO - Started process (PID=254) to work on /home/airflow/.local/lib/python3.8/site-packages/airflow/example_dags/example_branch_operator_decorator.py
[2023-10-17T07:46:13.176+0000] {processor.py:829} INFO - Processing file /home/airflow/.local/lib/python3.8/site-packages/airflow/example_dags/example_branch_operator_decorator.py for tasks to queue
[2023-10-17T07:46:13.177+0000] {logging_mixin.py:151} INFO - [2023-10-17T07:46:13.177+0000] {dagbag.py:536} INFO - Filling up the DagBag from /home/airflow/.local/lib/python3.8/site-packages/airflow/example_dags/example_branch_operator_decorator.py
[2023-10-17T07:46:13.184+0000] {processor.py:839} INFO - DAG(s) dict_keys(['example_branch_python_operator_decorator']) retrieved from /home/airflow/.local/lib/python3.8/site-packages/airflow/example_dags/example_branch_operator_decorator.py
[2023-10-17T07:46:13.199+0000] {logging_mixin.py:151} INFO - [2023-10-17T07:46:13.199+0000] {dag.py:2941} INFO - Sync 1 DAGs
[2023-10-17T07:46:13.216+0000] {logging_mixin.py:151} INFO - [2023-10-17T07:46:13.216+0000] {dag.py:3722} INFO - Setting next_dagrun for example_branch_python_operator_decorator to 2023-10-16T00:00:00+00:00, run_after=2023-10-17T00:00:00+00:00
[2023-10-17T07:46:13.228+0000] {processor.py:179} INFO - Processing /home/airflow/.local/lib/python3.8/site-packages/airflow/example_dags/example_branch_operator_decorator.py took 0.055 seconds
[2023-10-17T07:54:06.511+0000] {processor.py:157} INFO - Started process (PID=37) to work on /home/airflow/.local/lib/python3.8/site-packages/airflow/example_dags/example_branch_operator_decorator.py
[2023-10-17T07:54:06.511+0000] {processor.py:829} INFO - Processing file /home/airflow/.local/lib/python3.8/site-packages/airflow/example_dags/example_branch_operator_decorator.py for tasks to queue
[2023-10-17T07:54:06.513+0000] {logging_mixin.py:151} INFO - [2023-10-17T07:54:06.512+0000] {dagbag.py:536} INFO - Filling up the DagBag from /home/airflow/.local/lib/python3.8/site-packages/airflow/example_dags/example_branch_operator_decorator.py
[2023-10-17T07:54:06.525+0000] {processor.py:839} INFO - DAG(s) dict_keys(['example_branch_python_operator_decorator']) retrieved from /home/airflow/.local/lib/python3.8/site-packages/airflow/example_dags/example_branch_operator_decorator.py
[2023-10-17T07:54:06.538+0000] {logging_mixin.py:151} INFO - [2023-10-17T07:54:06.538+0000] {dag.py:2941} INFO - Sync 1 DAGs
[2023-10-17T07:54:06.563+0000] {logging_mixin.py:151} INFO - [2023-10-17T07:54:06.562+0000] {dag.py:3722} INFO - Setting next_dagrun for example_branch_python_operator_decorator to 2023-10-16T00:00:00+00:00, run_after=2023-10-17T00:00:00+00:00
[2023-10-17T07:54:06.588+0000] {processor.py:179} INFO - Processing /home/airflow/.local/lib/python3.8/site-packages/airflow/example_dags/example_branch_operator_decorator.py took 0.080 seconds
[2023-10-17T07:54:37.438+0000] {processor.py:157} INFO - Started process (PID=91) to work on /home/airflow/.local/lib/python3.8/site-packages/airflow/example_dags/example_branch_operator_decorator.py
[2023-10-17T07:54:37.438+0000] {processor.py:829} INFO - Processing file /home/airflow/.local/lib/python3.8/site-packages/airflow/example_dags/example_branch_operator_decorator.py for tasks to queue
[2023-10-17T07:54:37.440+0000] {logging_mixin.py:151} INFO - [2023-10-17T07:54:37.440+0000] {dagbag.py:536} INFO - Filling up the DagBag from /home/airflow/.local/lib/python3.8/site-packages/airflow/example_dags/example_branch_operator_decorator.py
[2023-10-17T07:54:37.450+0000] {processor.py:839} INFO - DAG(s) dict_keys(['example_branch_python_operator_decorator']) retrieved from /home/airflow/.local/lib/python3.8/site-packages/airflow/example_dags/example_branch_operator_decorator.py
[2023-10-17T07:54:37.466+0000] {logging_mixin.py:151} INFO - [2023-10-17T07:54:37.466+0000] {dag.py:2941} INFO - Sync 1 DAGs
[2023-10-17T07:54:37.482+0000] {logging_mixin.py:151} INFO - [2023-10-17T07:54:37.482+0000] {dag.py:3722} INFO - Setting next_dagrun for example_branch_python_operator_decorator to 2023-10-16T00:00:00+00:00, run_after=2023-10-17T00:00:00+00:00
[2023-10-17T07:54:37.494+0000] {processor.py:179} INFO - Processing /home/airflow/.local/lib/python3.8/site-packages/airflow/example_dags/example_branch_operator_decorator.py took 0.058 seconds
[2023-10-17T07:55:07.537+0000] {processor.py:157} INFO - Started process (PID=144) to work on /home/airflow/.local/lib/python3.8/site-packages/airflow/example_dags/example_branch_operator_decorator.py
[2023-10-17T07:55:07.546+0000] {processor.py:829} INFO - Processing file /home/airflow/.local/lib/python3.8/site-packages/airflow/example_dags/example_branch_operator_decorator.py for tasks to queue
[2023-10-17T07:55:07.548+0000] {logging_mixin.py:151} INFO - [2023-10-17T07:55:07.548+0000] {dagbag.py:536} INFO - Filling up the DagBag from /home/airflow/.local/lib/python3.8/site-packages/airflow/example_dags/example_branch_operator_decorator.py
[2023-10-17T07:55:07.561+0000] {processor.py:839} INFO - DAG(s) dict_keys(['example_branch_python_operator_decorator']) retrieved from /home/airflow/.local/lib/python3.8/site-packages/airflow/example_dags/example_branch_operator_decorator.py
[2023-10-17T07:55:07.575+0000] {logging_mixin.py:151} INFO - [2023-10-17T07:55:07.575+0000] {dag.py:2941} INFO - Sync 1 DAGs
[2023-10-17T07:55:07.592+0000] {logging_mixin.py:151} INFO - [2023-10-17T07:55:07.592+0000] {dag.py:3722} INFO - Setting next_dagrun for example_branch_python_operator_decorator to 2023-10-16T00:00:00+00:00, run_after=2023-10-17T00:00:00+00:00
[2023-10-17T07:55:07.603+0000] {processor.py:179} INFO - Processing /home/airflow/.local/lib/python3.8/site-packages/airflow/example_dags/example_branch_operator_decorator.py took 0.068 seconds
[2023-10-17T07:55:37.746+0000] {processor.py:157} INFO - Started process (PID=199) to work on /home/airflow/.local/lib/python3.8/site-packages/airflow/example_dags/example_branch_operator_decorator.py
[2023-10-17T07:55:37.747+0000] {processor.py:829} INFO - Processing file /home/airflow/.local/lib/python3.8/site-packages/airflow/example_dags/example_branch_operator_decorator.py for tasks to queue
[2023-10-17T07:55:37.749+0000] {logging_mixin.py:151} INFO - [2023-10-17T07:55:37.748+0000] {dagbag.py:536} INFO - Filling up the DagBag from /home/airflow/.local/lib/python3.8/site-packages/airflow/example_dags/example_branch_operator_decorator.py
[2023-10-17T07:55:37.755+0000] {processor.py:839} INFO - DAG(s) dict_keys(['example_branch_python_operator_decorator']) retrieved from /home/airflow/.local/lib/python3.8/site-packages/airflow/example_dags/example_branch_operator_decorator.py
[2023-10-17T07:55:37.770+0000] {logging_mixin.py:151} INFO - [2023-10-17T07:55:37.770+0000] {dag.py:2941} INFO - Sync 1 DAGs
[2023-10-17T07:55:37.785+0000] {logging_mixin.py:151} INFO - [2023-10-17T07:55:37.785+0000] {dag.py:3722} INFO - Setting next_dagrun for example_branch_python_operator_decorator to 2023-10-16T00:00:00+00:00, run_after=2023-10-17T00:00:00+00:00
[2023-10-17T07:55:37.796+0000] {processor.py:179} INFO - Processing /home/airflow/.local/lib/python3.8/site-packages/airflow/example_dags/example_branch_operator_decorator.py took 0.052 seconds
[2023-10-17T07:56:07.925+0000] {processor.py:157} INFO - Started process (PID=253) to work on /home/airflow/.local/lib/python3.8/site-packages/airflow/example_dags/example_branch_operator_decorator.py
[2023-10-17T07:56:07.928+0000] {processor.py:829} INFO - Processing file /home/airflow/.local/lib/python3.8/site-packages/airflow/example_dags/example_branch_operator_decorator.py for tasks to queue
[2023-10-17T07:56:07.929+0000] {logging_mixin.py:151} INFO - [2023-10-17T07:56:07.929+0000] {dagbag.py:536} INFO - Filling up the DagBag from /home/airflow/.local/lib/python3.8/site-packages/airflow/example_dags/example_branch_operator_decorator.py
[2023-10-17T07:56:07.936+0000] {processor.py:839} INFO - DAG(s) dict_keys(['example_branch_python_operator_decorator']) retrieved from /home/airflow/.local/lib/python3.8/site-packages/airflow/example_dags/example_branch_operator_decorator.py
[2023-10-17T07:56:07.951+0000] {logging_mixin.py:151} INFO - [2023-10-17T07:56:07.951+0000] {dag.py:2941} INFO - Sync 1 DAGs
[2023-10-17T07:56:07.966+0000] {logging_mixin.py:151} INFO - [2023-10-17T07:56:07.966+0000] {dag.py:3722} INFO - Setting next_dagrun for example_branch_python_operator_decorator to 2023-10-16T00:00:00+00:00, run_after=2023-10-17T00:00:00+00:00
[2023-10-17T07:56:07.978+0000] {processor.py:179} INFO - Processing /home/airflow/.local/lib/python3.8/site-packages/airflow/example_dags/example_branch_operator_decorator.py took 0.055 seconds
[2023-10-17T07:56:38.018+0000] {processor.py:157} INFO - Started process (PID=306) to work on /home/airflow/.local/lib/python3.8/site-packages/airflow/example_dags/example_branch_operator_decorator.py
[2023-10-17T07:56:38.018+0000] {processor.py:829} INFO - Processing file /home/airflow/.local/lib/python3.8/site-packages/airflow/example_dags/example_branch_operator_decorator.py for tasks to queue
[2023-10-17T07:56:38.020+0000] {logging_mixin.py:151} INFO - [2023-10-17T07:56:38.020+0000] {dagbag.py:536} INFO - Filling up the DagBag from /home/airflow/.local/lib/python3.8/site-packages/airflow/example_dags/example_branch_operator_decorator.py
[2023-10-17T07:56:38.030+0000] {processor.py:839} INFO - DAG(s) dict_keys(['example_branch_python_operator_decorator']) retrieved from /home/airflow/.local/lib/python3.8/site-packages/airflow/example_dags/example_branch_operator_decorator.py
[2023-10-17T07:56:38.051+0000] {logging_mixin.py:151} INFO - [2023-10-17T07:56:38.050+0000] {dag.py:2941} INFO - Sync 1 DAGs
[2023-10-17T07:56:38.075+0000] {logging_mixin.py:151} INFO - [2023-10-17T07:56:38.075+0000] {dag.py:3722} INFO - Setting next_dagrun for example_branch_python_operator_decorator to 2023-10-16T00:00:00+00:00, run_after=2023-10-17T00:00:00+00:00
[2023-10-17T07:56:38.096+0000] {processor.py:179} INFO - Processing /home/airflow/.local/lib/python3.8/site-packages/airflow/example_dags/example_branch_operator_decorator.py took 0.081 seconds
[2023-10-17T07:57:08.179+0000] {processor.py:157} INFO - Started process (PID=360) to work on /home/airflow/.local/lib/python3.8/site-packages/airflow/example_dags/example_branch_operator_decorator.py
[2023-10-17T07:57:08.188+0000] {processor.py:829} INFO - Processing file /home/airflow/.local/lib/python3.8/site-packages/airflow/example_dags/example_branch_operator_decorator.py for tasks to queue
[2023-10-17T07:57:08.190+0000] {logging_mixin.py:151} INFO - [2023-10-17T07:57:08.190+0000] {dagbag.py:536} INFO - Filling up the DagBag from /home/airflow/.local/lib/python3.8/site-packages/airflow/example_dags/example_branch_operator_decorator.py
[2023-10-17T07:57:08.203+0000] {processor.py:839} INFO - DAG(s) dict_keys(['example_branch_python_operator_decorator']) retrieved from /home/airflow/.local/lib/python3.8/site-packages/airflow/example_dags/example_branch_operator_decorator.py
[2023-10-17T07:57:08.217+0000] {logging_mixin.py:151} INFO - [2023-10-17T07:57:08.217+0000] {dag.py:2941} INFO - Sync 1 DAGs
[2023-10-17T07:57:08.232+0000] {logging_mixin.py:151} INFO - [2023-10-17T07:57:08.232+0000] {dag.py:3722} INFO - Setting next_dagrun for example_branch_python_operator_decorator to 2023-10-16T00:00:00+00:00, run_after=2023-10-17T00:00:00+00:00
[2023-10-17T07:57:08.242+0000] {processor.py:179} INFO - Processing /home/airflow/.local/lib/python3.8/site-packages/airflow/example_dags/example_branch_operator_decorator.py took 0.066 seconds
[2023-10-17T07:57:38.971+0000] {processor.py:157} INFO - Started process (PID=415) to work on /home/airflow/.local/lib/python3.8/site-packages/airflow/example_dags/example_branch_operator_decorator.py
[2023-10-17T07:57:38.972+0000] {processor.py:829} INFO - Processing file /home/airflow/.local/lib/python3.8/site-packages/airflow/example_dags/example_branch_operator_decorator.py for tasks to queue
[2023-10-17T07:57:38.973+0000] {logging_mixin.py:151} INFO - [2023-10-17T07:57:38.973+0000] {dagbag.py:536} INFO - Filling up the DagBag from /home/airflow/.local/lib/python3.8/site-packages/airflow/example_dags/example_branch_operator_decorator.py
[2023-10-17T07:57:38.980+0000] {processor.py:839} INFO - DAG(s) dict_keys(['example_branch_python_operator_decorator']) retrieved from /home/airflow/.local/lib/python3.8/site-packages/airflow/example_dags/example_branch_operator_decorator.py
[2023-10-17T07:57:38.999+0000] {logging_mixin.py:151} INFO - [2023-10-17T07:57:38.998+0000] {dag.py:2941} INFO - Sync 1 DAGs
[2023-10-17T07:57:39.023+0000] {logging_mixin.py:151} INFO - [2023-10-17T07:57:39.023+0000] {dag.py:3722} INFO - Setting next_dagrun for example_branch_python_operator_decorator to 2023-10-16T00:00:00+00:00, run_after=2023-10-17T00:00:00+00:00
[2023-10-17T07:57:39.040+0000] {processor.py:179} INFO - Processing /home/airflow/.local/lib/python3.8/site-packages/airflow/example_dags/example_branch_operator_decorator.py took 0.073 seconds
[2023-10-17T07:58:09.207+0000] {processor.py:157} INFO - Started process (PID=469) to work on /home/airflow/.local/lib/python3.8/site-packages/airflow/example_dags/example_branch_operator_decorator.py
[2023-10-17T07:58:09.207+0000] {processor.py:829} INFO - Processing file /home/airflow/.local/lib/python3.8/site-packages/airflow/example_dags/example_branch_operator_decorator.py for tasks to queue
[2023-10-17T07:58:09.209+0000] {logging_mixin.py:151} INFO - [2023-10-17T07:58:09.208+0000] {dagbag.py:536} INFO - Filling up the DagBag from /home/airflow/.local/lib/python3.8/site-packages/airflow/example_dags/example_branch_operator_decorator.py
[2023-10-17T07:58:09.215+0000] {processor.py:839} INFO - DAG(s) dict_keys(['example_branch_python_operator_decorator']) retrieved from /home/airflow/.local/lib/python3.8/site-packages/airflow/example_dags/example_branch_operator_decorator.py
[2023-10-17T07:58:09.232+0000] {logging_mixin.py:151} INFO - [2023-10-17T07:58:09.231+0000] {dag.py:2941} INFO - Sync 1 DAGs
[2023-10-17T07:58:09.249+0000] {logging_mixin.py:151} INFO - [2023-10-17T07:58:09.249+0000] {dag.py:3722} INFO - Setting next_dagrun for example_branch_python_operator_decorator to 2023-10-16T00:00:00+00:00, run_after=2023-10-17T00:00:00+00:00
[2023-10-17T07:58:09.263+0000] {processor.py:179} INFO - Processing /home/airflow/.local/lib/python3.8/site-packages/airflow/example_dags/example_branch_operator_decorator.py took 0.058 seconds
[2023-10-17T07:58:39.481+0000] {processor.py:157} INFO - Started process (PID=523) to work on /home/airflow/.local/lib/python3.8/site-packages/airflow/example_dags/example_branch_operator_decorator.py
[2023-10-17T07:58:39.481+0000] {processor.py:829} INFO - Processing file /home/airflow/.local/lib/python3.8/site-packages/airflow/example_dags/example_branch_operator_decorator.py for tasks to queue
[2023-10-17T07:58:39.483+0000] {logging_mixin.py:151} INFO - [2023-10-17T07:58:39.482+0000] {dagbag.py:536} INFO - Filling up the DagBag from /home/airflow/.local/lib/python3.8/site-packages/airflow/example_dags/example_branch_operator_decorator.py
[2023-10-17T07:58:39.489+0000] {processor.py:839} INFO - DAG(s) dict_keys(['example_branch_python_operator_decorator']) retrieved from /home/airflow/.local/lib/python3.8/site-packages/airflow/example_dags/example_branch_operator_decorator.py
[2023-10-17T07:58:39.506+0000] {logging_mixin.py:151} INFO - [2023-10-17T07:58:39.505+0000] {dag.py:2941} INFO - Sync 1 DAGs
[2023-10-17T07:58:39.524+0000] {logging_mixin.py:151} INFO - [2023-10-17T07:58:39.524+0000] {dag.py:3722} INFO - Setting next_dagrun for example_branch_python_operator_decorator to 2023-10-16T00:00:00+00:00, run_after=2023-10-17T00:00:00+00:00
[2023-10-17T07:58:39.537+0000] {processor.py:179} INFO - Processing /home/airflow/.local/lib/python3.8/site-packages/airflow/example_dags/example_branch_operator_decorator.py took 0.058 seconds
[2023-10-17T07:59:09.806+0000] {processor.py:157} INFO - Started process (PID=577) to work on /home/airflow/.local/lib/python3.8/site-packages/airflow/example_dags/example_branch_operator_decorator.py
[2023-10-17T07:59:09.807+0000] {processor.py:829} INFO - Processing file /home/airflow/.local/lib/python3.8/site-packages/airflow/example_dags/example_branch_operator_decorator.py for tasks to queue
[2023-10-17T07:59:09.808+0000] {logging_mixin.py:151} INFO - [2023-10-17T07:59:09.808+0000] {dagbag.py:536} INFO - Filling up the DagBag from /home/airflow/.local/lib/python3.8/site-packages/airflow/example_dags/example_branch_operator_decorator.py
[2023-10-17T07:59:09.814+0000] {processor.py:839} INFO - DAG(s) dict_keys(['example_branch_python_operator_decorator']) retrieved from /home/airflow/.local/lib/python3.8/site-packages/airflow/example_dags/example_branch_operator_decorator.py
[2023-10-17T07:59:09.830+0000] {logging_mixin.py:151} INFO - [2023-10-17T07:59:09.830+0000] {dag.py:2941} INFO - Sync 1 DAGs
[2023-10-17T07:59:09.847+0000] {logging_mixin.py:151} INFO - [2023-10-17T07:59:09.847+0000] {dag.py:3722} INFO - Setting next_dagrun for example_branch_python_operator_decorator to 2023-10-16T00:00:00+00:00, run_after=2023-10-17T00:00:00+00:00
[2023-10-17T07:59:09.858+0000] {processor.py:179} INFO - Processing /home/airflow/.local/lib/python3.8/site-packages/airflow/example_dags/example_branch_operator_decorator.py took 0.054 seconds
[2023-10-17T07:59:39.986+0000] {processor.py:157} INFO - Started process (PID=631) to work on /home/airflow/.local/lib/python3.8/site-packages/airflow/example_dags/example_branch_operator_decorator.py
[2023-10-17T07:59:39.990+0000] {processor.py:829} INFO - Processing file /home/airflow/.local/lib/python3.8/site-packages/airflow/example_dags/example_branch_operator_decorator.py for tasks to queue
[2023-10-17T07:59:39.991+0000] {logging_mixin.py:151} INFO - [2023-10-17T07:59:39.991+0000] {dagbag.py:536} INFO - Filling up the DagBag from /home/airflow/.local/lib/python3.8/site-packages/airflow/example_dags/example_branch_operator_decorator.py
[2023-10-17T07:59:39.998+0000] {processor.py:839} INFO - DAG(s) dict_keys(['example_branch_python_operator_decorator']) retrieved from /home/airflow/.local/lib/python3.8/site-packages/airflow/example_dags/example_branch_operator_decorator.py
[2023-10-17T07:59:40.014+0000] {logging_mixin.py:151} INFO - [2023-10-17T07:59:40.014+0000] {dag.py:2941} INFO - Sync 1 DAGs
[2023-10-17T07:59:40.029+0000] {logging_mixin.py:151} INFO - [2023-10-17T07:59:40.029+0000] {dag.py:3722} INFO - Setting next_dagrun for example_branch_python_operator_decorator to 2023-10-16T00:00:00+00:00, run_after=2023-10-17T00:00:00+00:00
[2023-10-17T07:59:40.041+0000] {processor.py:179} INFO - Processing /home/airflow/.local/lib/python3.8/site-packages/airflow/example_dags/example_branch_operator_decorator.py took 0.056 seconds
[2023-10-17T08:00:10.921+0000] {processor.py:157} INFO - Started process (PID=685) to work on /home/airflow/.local/lib/python3.8/site-packages/airflow/example_dags/example_branch_operator_decorator.py
[2023-10-17T08:00:10.924+0000] {processor.py:829} INFO - Processing file /home/airflow/.local/lib/python3.8/site-packages/airflow/example_dags/example_branch_operator_decorator.py for tasks to queue
[2023-10-17T08:00:10.926+0000] {logging_mixin.py:151} INFO - [2023-10-17T08:00:10.926+0000] {dagbag.py:536} INFO - Filling up the DagBag from /home/airflow/.local/lib/python3.8/site-packages/airflow/example_dags/example_branch_operator_decorator.py
[2023-10-17T08:00:10.932+0000] {processor.py:839} INFO - DAG(s) dict_keys(['example_branch_python_operator_decorator']) retrieved from /home/airflow/.local/lib/python3.8/site-packages/airflow/example_dags/example_branch_operator_decorator.py
[2023-10-17T08:00:10.949+0000] {logging_mixin.py:151} INFO - [2023-10-17T08:00:10.949+0000] {dag.py:2941} INFO - Sync 1 DAGs
[2023-10-17T08:00:10.966+0000] {logging_mixin.py:151} INFO - [2023-10-17T08:00:10.965+0000] {dag.py:3722} INFO - Setting next_dagrun for example_branch_python_operator_decorator to 2023-10-16T00:00:00+00:00, run_after=2023-10-17T00:00:00+00:00
[2023-10-17T08:00:10.978+0000] {processor.py:179} INFO - Processing /home/airflow/.local/lib/python3.8/site-packages/airflow/example_dags/example_branch_operator_decorator.py took 0.059 seconds
[2023-10-17T08:00:41.008+0000] {processor.py:157} INFO - Started process (PID=738) to work on /home/airflow/.local/lib/python3.8/site-packages/airflow/example_dags/example_branch_operator_decorator.py
[2023-10-17T08:00:41.008+0000] {processor.py:829} INFO - Processing file /home/airflow/.local/lib/python3.8/site-packages/airflow/example_dags/example_branch_operator_decorator.py for tasks to queue
[2023-10-17T08:00:41.009+0000] {logging_mixin.py:151} INFO - [2023-10-17T08:00:41.009+0000] {dagbag.py:536} INFO - Filling up the DagBag from /home/airflow/.local/lib/python3.8/site-packages/airflow/example_dags/example_branch_operator_decorator.py
[2023-10-17T08:00:41.016+0000] {processor.py:839} INFO - DAG(s) dict_keys(['example_branch_python_operator_decorator']) retrieved from /home/airflow/.local/lib/python3.8/site-packages/airflow/example_dags/example_branch_operator_decorator.py
[2023-10-17T08:00:41.032+0000] {logging_mixin.py:151} INFO - [2023-10-17T08:00:41.032+0000] {dag.py:2941} INFO - Sync 1 DAGs
[2023-10-17T08:00:41.048+0000] {logging_mixin.py:151} INFO - [2023-10-17T08:00:41.048+0000] {dag.py:3722} INFO - Setting next_dagrun for example_branch_python_operator_decorator to 2023-10-16T00:00:00+00:00, run_after=2023-10-17T00:00:00+00:00
[2023-10-17T08:00:41.060+0000] {processor.py:179} INFO - Processing /home/airflow/.local/lib/python3.8/site-packages/airflow/example_dags/example_branch_operator_decorator.py took 0.055 seconds
[2023-10-17T08:01:11.367+0000] {processor.py:157} INFO - Started process (PID=793) to work on /home/airflow/.local/lib/python3.8/site-packages/airflow/example_dags/example_branch_operator_decorator.py
[2023-10-17T08:01:11.367+0000] {processor.py:829} INFO - Processing file /home/airflow/.local/lib/python3.8/site-packages/airflow/example_dags/example_branch_operator_decorator.py for tasks to queue
[2023-10-17T08:01:11.369+0000] {logging_mixin.py:151} INFO - [2023-10-17T08:01:11.369+0000] {dagbag.py:536} INFO - Filling up the DagBag from /home/airflow/.local/lib/python3.8/site-packages/airflow/example_dags/example_branch_operator_decorator.py
[2023-10-17T08:01:11.377+0000] {processor.py:839} INFO - DAG(s) dict_keys(['example_branch_python_operator_decorator']) retrieved from /home/airflow/.local/lib/python3.8/site-packages/airflow/example_dags/example_branch_operator_decorator.py
[2023-10-17T08:01:11.392+0000] {logging_mixin.py:151} INFO - [2023-10-17T08:01:11.392+0000] {dag.py:2941} INFO - Sync 1 DAGs
[2023-10-17T08:01:11.412+0000] {logging_mixin.py:151} INFO - [2023-10-17T08:01:11.411+0000] {dag.py:3722} INFO - Setting next_dagrun for example_branch_python_operator_decorator to 2023-10-16T00:00:00+00:00, run_after=2023-10-17T00:00:00+00:00
[2023-10-17T08:01:11.429+0000] {processor.py:179} INFO - Processing /home/airflow/.local/lib/python3.8/site-packages/airflow/example_dags/example_branch_operator_decorator.py took 0.065 seconds
[2023-10-17T08:01:41.468+0000] {processor.py:157} INFO - Started process (PID=846) to work on /home/airflow/.local/lib/python3.8/site-packages/airflow/example_dags/example_branch_operator_decorator.py
[2023-10-17T08:01:41.476+0000] {processor.py:829} INFO - Processing file /home/airflow/.local/lib/python3.8/site-packages/airflow/example_dags/example_branch_operator_decorator.py for tasks to queue
[2023-10-17T08:01:41.479+0000] {logging_mixin.py:151} INFO - [2023-10-17T08:01:41.478+0000] {dagbag.py:536} INFO - Filling up the DagBag from /home/airflow/.local/lib/python3.8/site-packages/airflow/example_dags/example_branch_operator_decorator.py
[2023-10-17T08:01:41.485+0000] {processor.py:839} INFO - DAG(s) dict_keys(['example_branch_python_operator_decorator']) retrieved from /home/airflow/.local/lib/python3.8/site-packages/airflow/example_dags/example_branch_operator_decorator.py
[2023-10-17T08:01:41.501+0000] {logging_mixin.py:151} INFO - [2023-10-17T08:01:41.500+0000] {dag.py:2941} INFO - Sync 1 DAGs
[2023-10-17T08:01:41.515+0000] {logging_mixin.py:151} INFO - [2023-10-17T08:01:41.515+0000] {dag.py:3722} INFO - Setting next_dagrun for example_branch_python_operator_decorator to 2023-10-16T00:00:00+00:00, run_after=2023-10-17T00:00:00+00:00
[2023-10-17T08:01:41.526+0000] {processor.py:179} INFO - Processing /home/airflow/.local/lib/python3.8/site-packages/airflow/example_dags/example_branch_operator_decorator.py took 0.061 seconds
[2023-10-17T08:02:12.476+0000] {processor.py:157} INFO - Started process (PID=901) to work on /home/airflow/.local/lib/python3.8/site-packages/airflow/example_dags/example_branch_operator_decorator.py
[2023-10-17T08:02:12.479+0000] {processor.py:829} INFO - Processing file /home/airflow/.local/lib/python3.8/site-packages/airflow/example_dags/example_branch_operator_decorator.py for tasks to queue
[2023-10-17T08:02:12.480+0000] {logging_mixin.py:151} INFO - [2023-10-17T08:02:12.480+0000] {dagbag.py:536} INFO - Filling up the DagBag from /home/airflow/.local/lib/python3.8/site-packages/airflow/example_dags/example_branch_operator_decorator.py
[2023-10-17T08:02:12.488+0000] {processor.py:839} INFO - DAG(s) dict_keys(['example_branch_python_operator_decorator']) retrieved from /home/airflow/.local/lib/python3.8/site-packages/airflow/example_dags/example_branch_operator_decorator.py
[2023-10-17T08:02:12.504+0000] {logging_mixin.py:151} INFO - [2023-10-17T08:02:12.504+0000] {dag.py:2941} INFO - Sync 1 DAGs
[2023-10-17T08:02:12.520+0000] {logging_mixin.py:151} INFO - [2023-10-17T08:02:12.520+0000] {dag.py:3722} INFO - Setting next_dagrun for example_branch_python_operator_decorator to 2023-10-16T00:00:00+00:00, run_after=2023-10-17T00:00:00+00:00
[2023-10-17T08:02:12.533+0000] {processor.py:179} INFO - Processing /home/airflow/.local/lib/python3.8/site-packages/airflow/example_dags/example_branch_operator_decorator.py took 0.059 seconds
[2023-10-17T08:02:43.413+0000] {processor.py:157} INFO - Started process (PID=955) to work on /home/airflow/.local/lib/python3.8/site-packages/airflow/example_dags/example_branch_operator_decorator.py
[2023-10-17T08:02:43.416+0000] {processor.py:829} INFO - Processing file /home/airflow/.local/lib/python3.8/site-packages/airflow/example_dags/example_branch_operator_decorator.py for tasks to queue
[2023-10-17T08:02:43.417+0000] {logging_mixin.py:151} INFO - [2023-10-17T08:02:43.417+0000] {dagbag.py:536} INFO - Filling up the DagBag from /home/airflow/.local/lib/python3.8/site-packages/airflow/example_dags/example_branch_operator_decorator.py
[2023-10-17T08:02:43.424+0000] {processor.py:839} INFO - DAG(s) dict_keys(['example_branch_python_operator_decorator']) retrieved from /home/airflow/.local/lib/python3.8/site-packages/airflow/example_dags/example_branch_operator_decorator.py
[2023-10-17T08:02:43.439+0000] {logging_mixin.py:151} INFO - [2023-10-17T08:02:43.439+0000] {dag.py:2941} INFO - Sync 1 DAGs
[2023-10-17T08:02:43.455+0000] {logging_mixin.py:151} INFO - [2023-10-17T08:02:43.455+0000] {dag.py:3722} INFO - Setting next_dagrun for example_branch_python_operator_decorator to 2023-10-16T00:00:00+00:00, run_after=2023-10-17T00:00:00+00:00
[2023-10-17T08:02:43.578+0000] {processor.py:179} INFO - Processing /home/airflow/.local/lib/python3.8/site-packages/airflow/example_dags/example_branch_operator_decorator.py took 0.167 seconds
[2023-10-17T08:03:13.806+0000] {processor.py:157} INFO - Started process (PID=1009) to work on /home/airflow/.local/lib/python3.8/site-packages/airflow/example_dags/example_branch_operator_decorator.py
[2023-10-17T08:03:13.810+0000] {processor.py:829} INFO - Processing file /home/airflow/.local/lib/python3.8/site-packages/airflow/example_dags/example_branch_operator_decorator.py for tasks to queue
[2023-10-17T08:03:13.811+0000] {logging_mixin.py:151} INFO - [2023-10-17T08:03:13.811+0000] {dagbag.py:536} INFO - Filling up the DagBag from /home/airflow/.local/lib/python3.8/site-packages/airflow/example_dags/example_branch_operator_decorator.py
[2023-10-17T08:03:13.819+0000] {processor.py:839} INFO - DAG(s) dict_keys(['example_branch_python_operator_decorator']) retrieved from /home/airflow/.local/lib/python3.8/site-packages/airflow/example_dags/example_branch_operator_decorator.py
[2023-10-17T08:03:13.836+0000] {logging_mixin.py:151} INFO - [2023-10-17T08:03:13.836+0000] {dag.py:2941} INFO - Sync 1 DAGs
[2023-10-17T08:03:13.853+0000] {logging_mixin.py:151} INFO - [2023-10-17T08:03:13.853+0000] {dag.py:3722} INFO - Setting next_dagrun for example_branch_python_operator_decorator to 2023-10-16T00:00:00+00:00, run_after=2023-10-17T00:00:00+00:00
[2023-10-17T08:03:13.867+0000] {processor.py:179} INFO - Processing /home/airflow/.local/lib/python3.8/site-packages/airflow/example_dags/example_branch_operator_decorator.py took 0.063 seconds
[2023-10-17T08:03:44.656+0000] {processor.py:157} INFO - Started process (PID=1063) to work on /home/airflow/.local/lib/python3.8/site-packages/airflow/example_dags/example_branch_operator_decorator.py
[2023-10-17T08:03:44.660+0000] {processor.py:829} INFO - Processing file /home/airflow/.local/lib/python3.8/site-packages/airflow/example_dags/example_branch_operator_decorator.py for tasks to queue
[2023-10-17T08:03:44.661+0000] {logging_mixin.py:151} INFO - [2023-10-17T08:03:44.661+0000] {dagbag.py:536} INFO - Filling up the DagBag from /home/airflow/.local/lib/python3.8/site-packages/airflow/example_dags/example_branch_operator_decorator.py
[2023-10-17T08:03:44.669+0000] {processor.py:839} INFO - DAG(s) dict_keys(['example_branch_python_operator_decorator']) retrieved from /home/airflow/.local/lib/python3.8/site-packages/airflow/example_dags/example_branch_operator_decorator.py
[2023-10-17T08:03:44.684+0000] {logging_mixin.py:151} INFO - [2023-10-17T08:03:44.684+0000] {dag.py:2941} INFO - Sync 1 DAGs
[2023-10-17T08:03:44.702+0000] {logging_mixin.py:151} INFO - [2023-10-17T08:03:44.701+0000] {dag.py:3722} INFO - Setting next_dagrun for example_branch_python_operator_decorator to 2023-10-16T00:00:00+00:00, run_after=2023-10-17T00:00:00+00:00
[2023-10-17T08:03:44.713+0000] {processor.py:179} INFO - Processing /home/airflow/.local/lib/python3.8/site-packages/airflow/example_dags/example_branch_operator_decorator.py took 0.059 seconds
[2023-10-17T08:04:14.866+0000] {processor.py:157} INFO - Started process (PID=1117) to work on /home/airflow/.local/lib/python3.8/site-packages/airflow/example_dags/example_branch_operator_decorator.py
[2023-10-17T08:04:14.869+0000] {processor.py:829} INFO - Processing file /home/airflow/.local/lib/python3.8/site-packages/airflow/example_dags/example_branch_operator_decorator.py for tasks to queue
[2023-10-17T08:04:14.871+0000] {logging_mixin.py:151} INFO - [2023-10-17T08:04:14.871+0000] {dagbag.py:536} INFO - Filling up the DagBag from /home/airflow/.local/lib/python3.8/site-packages/airflow/example_dags/example_branch_operator_decorator.py
[2023-10-17T08:04:14.879+0000] {processor.py:839} INFO - DAG(s) dict_keys(['example_branch_python_operator_decorator']) retrieved from /home/airflow/.local/lib/python3.8/site-packages/airflow/example_dags/example_branch_operator_decorator.py
[2023-10-17T08:04:14.897+0000] {logging_mixin.py:151} INFO - [2023-10-17T08:04:14.897+0000] {dag.py:2941} INFO - Sync 1 DAGs
[2023-10-17T08:04:14.915+0000] {logging_mixin.py:151} INFO - [2023-10-17T08:04:14.915+0000] {dag.py:3722} INFO - Setting next_dagrun for example_branch_python_operator_decorator to 2023-10-16T00:00:00+00:00, run_after=2023-10-17T00:00:00+00:00
[2023-10-17T08:04:14.927+0000] {processor.py:179} INFO - Processing /home/airflow/.local/lib/python3.8/site-packages/airflow/example_dags/example_branch_operator_decorator.py took 0.063 seconds
