[2023-10-17T07:39:53.185+0000] {processor.py:157} INFO - Started process (PID=148) to work on /home/airflow/.local/lib/python3.8/site-packages/airflow/example_dags/tutorial.py
[2023-10-17T07:39:53.186+0000] {processor.py:829} INFO - Processing file /home/airflow/.local/lib/python3.8/site-packages/airflow/example_dags/tutorial.py for tasks to queue
[2023-10-17T07:39:53.187+0000] {logging_mixin.py:151} INFO - [2023-10-17T07:39:53.187+0000] {dagbag.py:536} INFO - Filling up the DagBag from /home/airflow/.local/lib/python3.8/site-packages/airflow/example_dags/tutorial.py
[2023-10-17T07:39:53.192+0000] {processor.py:839} INFO - DAG(s) dict_keys(['tutorial']) retrieved from /home/airflow/.local/lib/python3.8/site-packages/airflow/example_dags/tutorial.py
[2023-10-17T07:39:53.213+0000] {logging_mixin.py:151} INFO - [2023-10-17T07:39:53.213+0000] {dag.py:2941} INFO - Sync 1 DAGs
[2023-10-17T07:39:53.235+0000] {logging_mixin.py:151} INFO - [2023-10-17T07:39:53.234+0000] {dag.py:3722} INFO - Setting next_dagrun for tutorial to 2023-10-16T07:39:53.234613+00:00, run_after=2023-10-17T07:39:53.234613+00:00
[2023-10-17T07:39:53.252+0000] {processor.py:179} INFO - Processing /home/airflow/.local/lib/python3.8/site-packages/airflow/example_dags/tutorial.py took 0.069 seconds
[2023-10-17T07:40:24.106+0000] {processor.py:157} INFO - Started process (PID=202) to work on /home/airflow/.local/lib/python3.8/site-packages/airflow/example_dags/tutorial.py
[2023-10-17T07:40:24.107+0000] {processor.py:829} INFO - Processing file /home/airflow/.local/lib/python3.8/site-packages/airflow/example_dags/tutorial.py for tasks to queue
[2023-10-17T07:40:24.108+0000] {logging_mixin.py:151} INFO - [2023-10-17T07:40:24.108+0000] {dagbag.py:536} INFO - Filling up the DagBag from /home/airflow/.local/lib/python3.8/site-packages/airflow/example_dags/tutorial.py
[2023-10-17T07:40:24.111+0000] {processor.py:839} INFO - DAG(s) dict_keys(['tutorial']) retrieved from /home/airflow/.local/lib/python3.8/site-packages/airflow/example_dags/tutorial.py
[2023-10-17T07:40:24.124+0000] {logging_mixin.py:151} INFO - [2023-10-17T07:40:24.124+0000] {dag.py:2941} INFO - Sync 1 DAGs
[2023-10-17T07:40:24.137+0000] {logging_mixin.py:151} INFO - [2023-10-17T07:40:24.137+0000] {dag.py:3722} INFO - Setting next_dagrun for tutorial to 2023-10-16T07:40:24.137199+00:00, run_after=2023-10-17T07:40:24.137199+00:00
[2023-10-17T07:40:24.147+0000] {processor.py:179} INFO - Processing /home/airflow/.local/lib/python3.8/site-packages/airflow/example_dags/tutorial.py took 0.043 seconds
[2023-10-17T07:44:12.434+0000] {processor.py:157} INFO - Started process (PID=58) to work on /home/airflow/.local/lib/python3.8/site-packages/airflow/example_dags/tutorial.py
[2023-10-17T07:44:12.435+0000] {processor.py:829} INFO - Processing file /home/airflow/.local/lib/python3.8/site-packages/airflow/example_dags/tutorial.py for tasks to queue
[2023-10-17T07:44:12.437+0000] {logging_mixin.py:151} INFO - [2023-10-17T07:44:12.436+0000] {dagbag.py:536} INFO - Filling up the DagBag from /home/airflow/.local/lib/python3.8/site-packages/airflow/example_dags/tutorial.py
[2023-10-17T07:44:12.441+0000] {processor.py:839} INFO - DAG(s) dict_keys(['tutorial']) retrieved from /home/airflow/.local/lib/python3.8/site-packages/airflow/example_dags/tutorial.py
[2023-10-17T07:44:12.450+0000] {logging_mixin.py:151} INFO - [2023-10-17T07:44:12.449+0000] {dag.py:2941} INFO - Sync 1 DAGs
[2023-10-17T07:44:12.474+0000] {logging_mixin.py:151} INFO - [2023-10-17T07:44:12.474+0000] {dag.py:3722} INFO - Setting next_dagrun for tutorial to 2023-10-16T07:44:12.473814+00:00, run_after=2023-10-17T07:44:12.473814+00:00
[2023-10-17T07:44:12.493+0000] {processor.py:179} INFO - Processing /home/airflow/.local/lib/python3.8/site-packages/airflow/example_dags/tutorial.py took 0.060 seconds
[2023-10-17T07:44:43.253+0000] {processor.py:157} INFO - Started process (PID=112) to work on /home/airflow/.local/lib/python3.8/site-packages/airflow/example_dags/tutorial.py
[2023-10-17T07:44:43.254+0000] {processor.py:829} INFO - Processing file /home/airflow/.local/lib/python3.8/site-packages/airflow/example_dags/tutorial.py for tasks to queue
[2023-10-17T07:44:43.255+0000] {logging_mixin.py:151} INFO - [2023-10-17T07:44:43.255+0000] {dagbag.py:536} INFO - Filling up the DagBag from /home/airflow/.local/lib/python3.8/site-packages/airflow/example_dags/tutorial.py
[2023-10-17T07:44:43.259+0000] {processor.py:839} INFO - DAG(s) dict_keys(['tutorial']) retrieved from /home/airflow/.local/lib/python3.8/site-packages/airflow/example_dags/tutorial.py
[2023-10-17T07:44:43.272+0000] {logging_mixin.py:151} INFO - [2023-10-17T07:44:43.272+0000] {dag.py:2941} INFO - Sync 1 DAGs
[2023-10-17T07:44:43.288+0000] {logging_mixin.py:151} INFO - [2023-10-17T07:44:43.288+0000] {dag.py:3722} INFO - Setting next_dagrun for tutorial to 2023-10-16T07:44:43.288016+00:00, run_after=2023-10-17T07:44:43.288016+00:00
[2023-10-17T07:44:43.303+0000] {processor.py:179} INFO - Processing /home/airflow/.local/lib/python3.8/site-packages/airflow/example_dags/tutorial.py took 0.053 seconds
[2023-10-17T07:45:13.710+0000] {processor.py:157} INFO - Started process (PID=167) to work on /home/airflow/.local/lib/python3.8/site-packages/airflow/example_dags/tutorial.py
[2023-10-17T07:45:13.711+0000] {processor.py:829} INFO - Processing file /home/airflow/.local/lib/python3.8/site-packages/airflow/example_dags/tutorial.py for tasks to queue
[2023-10-17T07:45:13.713+0000] {logging_mixin.py:151} INFO - [2023-10-17T07:45:13.713+0000] {dagbag.py:536} INFO - Filling up the DagBag from /home/airflow/.local/lib/python3.8/site-packages/airflow/example_dags/tutorial.py
[2023-10-17T07:45:13.718+0000] {processor.py:839} INFO - DAG(s) dict_keys(['tutorial']) retrieved from /home/airflow/.local/lib/python3.8/site-packages/airflow/example_dags/tutorial.py
[2023-10-17T07:45:13.736+0000] {logging_mixin.py:151} INFO - [2023-10-17T07:45:13.736+0000] {dag.py:2941} INFO - Sync 1 DAGs
[2023-10-17T07:45:13.757+0000] {logging_mixin.py:151} INFO - [2023-10-17T07:45:13.757+0000] {dag.py:3722} INFO - Setting next_dagrun for tutorial to 2023-10-16T07:45:13.757549+00:00, run_after=2023-10-17T07:45:13.757549+00:00
[2023-10-17T07:45:13.778+0000] {processor.py:179} INFO - Processing /home/airflow/.local/lib/python3.8/site-packages/airflow/example_dags/tutorial.py took 0.071 seconds
[2023-10-17T07:45:43.809+0000] {processor.py:157} INFO - Started process (PID=221) to work on /home/airflow/.local/lib/python3.8/site-packages/airflow/example_dags/tutorial.py
[2023-10-17T07:45:43.810+0000] {processor.py:829} INFO - Processing file /home/airflow/.local/lib/python3.8/site-packages/airflow/example_dags/tutorial.py for tasks to queue
[2023-10-17T07:45:43.811+0000] {logging_mixin.py:151} INFO - [2023-10-17T07:45:43.811+0000] {dagbag.py:536} INFO - Filling up the DagBag from /home/airflow/.local/lib/python3.8/site-packages/airflow/example_dags/tutorial.py
[2023-10-17T07:45:43.814+0000] {processor.py:839} INFO - DAG(s) dict_keys(['tutorial']) retrieved from /home/airflow/.local/lib/python3.8/site-packages/airflow/example_dags/tutorial.py
[2023-10-17T07:45:43.826+0000] {logging_mixin.py:151} INFO - [2023-10-17T07:45:43.826+0000] {dag.py:2941} INFO - Sync 1 DAGs
[2023-10-17T07:45:43.840+0000] {logging_mixin.py:151} INFO - [2023-10-17T07:45:43.840+0000] {dag.py:3722} INFO - Setting next_dagrun for tutorial to 2023-10-16T07:45:43.840128+00:00, run_after=2023-10-17T07:45:43.840128+00:00
[2023-10-17T07:45:43.851+0000] {processor.py:179} INFO - Processing /home/airflow/.local/lib/python3.8/site-packages/airflow/example_dags/tutorial.py took 0.044 seconds
[2023-10-17T07:46:14.139+0000] {processor.py:157} INFO - Started process (PID=275) to work on /home/airflow/.local/lib/python3.8/site-packages/airflow/example_dags/tutorial.py
[2023-10-17T07:46:14.140+0000] {processor.py:829} INFO - Processing file /home/airflow/.local/lib/python3.8/site-packages/airflow/example_dags/tutorial.py for tasks to queue
[2023-10-17T07:46:14.143+0000] {logging_mixin.py:151} INFO - [2023-10-17T07:46:14.142+0000] {dagbag.py:536} INFO - Filling up the DagBag from /home/airflow/.local/lib/python3.8/site-packages/airflow/example_dags/tutorial.py
[2023-10-17T07:46:14.149+0000] {processor.py:839} INFO - DAG(s) dict_keys(['tutorial']) retrieved from /home/airflow/.local/lib/python3.8/site-packages/airflow/example_dags/tutorial.py
[2023-10-17T07:46:14.173+0000] {logging_mixin.py:151} INFO - [2023-10-17T07:46:14.173+0000] {dag.py:2941} INFO - Sync 1 DAGs
[2023-10-17T07:46:14.191+0000] {logging_mixin.py:151} INFO - [2023-10-17T07:46:14.190+0000] {dag.py:3722} INFO - Setting next_dagrun for tutorial to 2023-10-16T07:46:14.190413+00:00, run_after=2023-10-17T07:46:14.190413+00:00
[2023-10-17T07:46:14.212+0000] {processor.py:179} INFO - Processing /home/airflow/.local/lib/python3.8/site-packages/airflow/example_dags/tutorial.py took 0.075 seconds
[2023-10-17T07:54:07.519+0000] {processor.py:157} INFO - Started process (PID=58) to work on /home/airflow/.local/lib/python3.8/site-packages/airflow/example_dags/tutorial.py
[2023-10-17T07:54:07.519+0000] {processor.py:829} INFO - Processing file /home/airflow/.local/lib/python3.8/site-packages/airflow/example_dags/tutorial.py for tasks to queue
[2023-10-17T07:54:07.522+0000] {logging_mixin.py:151} INFO - [2023-10-17T07:54:07.521+0000] {dagbag.py:536} INFO - Filling up the DagBag from /home/airflow/.local/lib/python3.8/site-packages/airflow/example_dags/tutorial.py
[2023-10-17T07:54:07.526+0000] {processor.py:839} INFO - DAG(s) dict_keys(['tutorial']) retrieved from /home/airflow/.local/lib/python3.8/site-packages/airflow/example_dags/tutorial.py
[2023-10-17T07:54:07.536+0000] {logging_mixin.py:151} INFO - [2023-10-17T07:54:07.536+0000] {dag.py:2941} INFO - Sync 1 DAGs
[2023-10-17T07:54:07.564+0000] {logging_mixin.py:151} INFO - [2023-10-17T07:54:07.563+0000] {dag.py:3722} INFO - Setting next_dagrun for tutorial to 2023-10-16T07:54:07.563665+00:00, run_after=2023-10-17T07:54:07.563665+00:00
[2023-10-17T07:54:07.584+0000] {processor.py:179} INFO - Processing /home/airflow/.local/lib/python3.8/site-packages/airflow/example_dags/tutorial.py took 0.068 seconds
[2023-10-17T07:54:38.317+0000] {processor.py:157} INFO - Started process (PID=112) to work on /home/airflow/.local/lib/python3.8/site-packages/airflow/example_dags/tutorial.py
[2023-10-17T07:54:38.317+0000] {processor.py:829} INFO - Processing file /home/airflow/.local/lib/python3.8/site-packages/airflow/example_dags/tutorial.py for tasks to queue
[2023-10-17T07:54:38.319+0000] {logging_mixin.py:151} INFO - [2023-10-17T07:54:38.319+0000] {dagbag.py:536} INFO - Filling up the DagBag from /home/airflow/.local/lib/python3.8/site-packages/airflow/example_dags/tutorial.py
[2023-10-17T07:54:38.323+0000] {processor.py:839} INFO - DAG(s) dict_keys(['tutorial']) retrieved from /home/airflow/.local/lib/python3.8/site-packages/airflow/example_dags/tutorial.py
[2023-10-17T07:54:38.337+0000] {logging_mixin.py:151} INFO - [2023-10-17T07:54:38.336+0000] {dag.py:2941} INFO - Sync 1 DAGs
[2023-10-17T07:54:38.351+0000] {logging_mixin.py:151} INFO - [2023-10-17T07:54:38.351+0000] {dag.py:3722} INFO - Setting next_dagrun for tutorial to 2023-10-16T07:54:38.351119+00:00, run_after=2023-10-17T07:54:38.351119+00:00
[2023-10-17T07:54:38.363+0000] {processor.py:179} INFO - Processing /home/airflow/.local/lib/python3.8/site-packages/airflow/example_dags/tutorial.py took 0.049 seconds
[2023-10-17T07:55:08.493+0000] {processor.py:157} INFO - Started process (PID=166) to work on /home/airflow/.local/lib/python3.8/site-packages/airflow/example_dags/tutorial.py
[2023-10-17T07:55:08.494+0000] {processor.py:829} INFO - Processing file /home/airflow/.local/lib/python3.8/site-packages/airflow/example_dags/tutorial.py for tasks to queue
[2023-10-17T07:55:08.495+0000] {logging_mixin.py:151} INFO - [2023-10-17T07:55:08.495+0000] {dagbag.py:536} INFO - Filling up the DagBag from /home/airflow/.local/lib/python3.8/site-packages/airflow/example_dags/tutorial.py
[2023-10-17T07:55:08.498+0000] {processor.py:839} INFO - DAG(s) dict_keys(['tutorial']) retrieved from /home/airflow/.local/lib/python3.8/site-packages/airflow/example_dags/tutorial.py
[2023-10-17T07:55:08.512+0000] {logging_mixin.py:151} INFO - [2023-10-17T07:55:08.511+0000] {dag.py:2941} INFO - Sync 1 DAGs
[2023-10-17T07:55:08.525+0000] {logging_mixin.py:151} INFO - [2023-10-17T07:55:08.525+0000] {dag.py:3722} INFO - Setting next_dagrun for tutorial to 2023-10-16T07:55:08.525373+00:00, run_after=2023-10-17T07:55:08.525373+00:00
[2023-10-17T07:55:08.536+0000] {processor.py:179} INFO - Processing /home/airflow/.local/lib/python3.8/site-packages/airflow/example_dags/tutorial.py took 0.044 seconds
[2023-10-17T07:55:38.596+0000] {processor.py:157} INFO - Started process (PID=220) to work on /home/airflow/.local/lib/python3.8/site-packages/airflow/example_dags/tutorial.py
[2023-10-17T07:55:38.596+0000] {processor.py:829} INFO - Processing file /home/airflow/.local/lib/python3.8/site-packages/airflow/example_dags/tutorial.py for tasks to queue
[2023-10-17T07:55:38.597+0000] {logging_mixin.py:151} INFO - [2023-10-17T07:55:38.597+0000] {dagbag.py:536} INFO - Filling up the DagBag from /home/airflow/.local/lib/python3.8/site-packages/airflow/example_dags/tutorial.py
[2023-10-17T07:55:38.601+0000] {processor.py:839} INFO - DAG(s) dict_keys(['tutorial']) retrieved from /home/airflow/.local/lib/python3.8/site-packages/airflow/example_dags/tutorial.py
[2023-10-17T07:55:38.613+0000] {logging_mixin.py:151} INFO - [2023-10-17T07:55:38.613+0000] {dag.py:2941} INFO - Sync 1 DAGs
[2023-10-17T07:55:38.626+0000] {logging_mixin.py:151} INFO - [2023-10-17T07:55:38.626+0000] {dag.py:3722} INFO - Setting next_dagrun for tutorial to 2023-10-16T07:55:38.626157+00:00, run_after=2023-10-17T07:55:38.626157+00:00
[2023-10-17T07:55:38.636+0000] {processor.py:179} INFO - Processing /home/airflow/.local/lib/python3.8/site-packages/airflow/example_dags/tutorial.py took 0.042 seconds
[2023-10-17T07:56:08.812+0000] {processor.py:157} INFO - Started process (PID=274) to work on /home/airflow/.local/lib/python3.8/site-packages/airflow/example_dags/tutorial.py
[2023-10-17T07:56:08.813+0000] {processor.py:829} INFO - Processing file /home/airflow/.local/lib/python3.8/site-packages/airflow/example_dags/tutorial.py for tasks to queue
[2023-10-17T07:56:08.814+0000] {logging_mixin.py:151} INFO - [2023-10-17T07:56:08.814+0000] {dagbag.py:536} INFO - Filling up the DagBag from /home/airflow/.local/lib/python3.8/site-packages/airflow/example_dags/tutorial.py
[2023-10-17T07:56:08.817+0000] {processor.py:839} INFO - DAG(s) dict_keys(['tutorial']) retrieved from /home/airflow/.local/lib/python3.8/site-packages/airflow/example_dags/tutorial.py
[2023-10-17T07:56:08.831+0000] {logging_mixin.py:151} INFO - [2023-10-17T07:56:08.830+0000] {dag.py:2941} INFO - Sync 1 DAGs
[2023-10-17T07:56:08.846+0000] {logging_mixin.py:151} INFO - [2023-10-17T07:56:08.845+0000] {dag.py:3722} INFO - Setting next_dagrun for tutorial to 2023-10-16T07:56:08.845720+00:00, run_after=2023-10-17T07:56:08.845720+00:00
[2023-10-17T07:56:08.858+0000] {processor.py:179} INFO - Processing /home/airflow/.local/lib/python3.8/site-packages/airflow/example_dags/tutorial.py took 0.048 seconds
[2023-10-17T07:56:39.115+0000] {processor.py:157} INFO - Started process (PID=328) to work on /home/airflow/.local/lib/python3.8/site-packages/airflow/example_dags/tutorial.py
[2023-10-17T07:56:39.115+0000] {processor.py:829} INFO - Processing file /home/airflow/.local/lib/python3.8/site-packages/airflow/example_dags/tutorial.py for tasks to queue
[2023-10-17T07:56:39.117+0000] {logging_mixin.py:151} INFO - [2023-10-17T07:56:39.117+0000] {dagbag.py:536} INFO - Filling up the DagBag from /home/airflow/.local/lib/python3.8/site-packages/airflow/example_dags/tutorial.py
[2023-10-17T07:56:39.121+0000] {processor.py:839} INFO - DAG(s) dict_keys(['tutorial']) retrieved from /home/airflow/.local/lib/python3.8/site-packages/airflow/example_dags/tutorial.py
[2023-10-17T07:56:39.135+0000] {logging_mixin.py:151} INFO - [2023-10-17T07:56:39.135+0000] {dag.py:2941} INFO - Sync 1 DAGs
[2023-10-17T07:56:39.155+0000] {logging_mixin.py:151} INFO - [2023-10-17T07:56:39.154+0000] {dag.py:3722} INFO - Setting next_dagrun for tutorial to 2023-10-16T07:56:39.154515+00:00, run_after=2023-10-17T07:56:39.154515+00:00
[2023-10-17T07:56:39.174+0000] {processor.py:179} INFO - Processing /home/airflow/.local/lib/python3.8/site-packages/airflow/example_dags/tutorial.py took 0.063 seconds
[2023-10-17T07:57:09.966+0000] {processor.py:157} INFO - Started process (PID=382) to work on /home/airflow/.local/lib/python3.8/site-packages/airflow/example_dags/tutorial.py
[2023-10-17T07:57:09.967+0000] {processor.py:829} INFO - Processing file /home/airflow/.local/lib/python3.8/site-packages/airflow/example_dags/tutorial.py for tasks to queue
[2023-10-17T07:57:09.968+0000] {logging_mixin.py:151} INFO - [2023-10-17T07:57:09.968+0000] {dagbag.py:536} INFO - Filling up the DagBag from /home/airflow/.local/lib/python3.8/site-packages/airflow/example_dags/tutorial.py
[2023-10-17T07:57:09.972+0000] {processor.py:839} INFO - DAG(s) dict_keys(['tutorial']) retrieved from /home/airflow/.local/lib/python3.8/site-packages/airflow/example_dags/tutorial.py
[2023-10-17T07:57:09.986+0000] {logging_mixin.py:151} INFO - [2023-10-17T07:57:09.985+0000] {dag.py:2941} INFO - Sync 1 DAGs
[2023-10-17T07:57:10.001+0000] {logging_mixin.py:151} INFO - [2023-10-17T07:57:10.001+0000] {dag.py:3722} INFO - Setting next_dagrun for tutorial to 2023-10-16T07:57:10.001241+00:00, run_after=2023-10-17T07:57:10.001241+00:00
[2023-10-17T07:57:10.013+0000] {processor.py:179} INFO - Processing /home/airflow/.local/lib/python3.8/site-packages/airflow/example_dags/tutorial.py took 0.049 seconds
[2023-10-17T07:57:40.878+0000] {processor.py:157} INFO - Started process (PID=436) to work on /home/airflow/.local/lib/python3.8/site-packages/airflow/example_dags/tutorial.py
[2023-10-17T07:57:40.878+0000] {processor.py:829} INFO - Processing file /home/airflow/.local/lib/python3.8/site-packages/airflow/example_dags/tutorial.py for tasks to queue
[2023-10-17T07:57:40.879+0000] {logging_mixin.py:151} INFO - [2023-10-17T07:57:40.879+0000] {dagbag.py:536} INFO - Filling up the DagBag from /home/airflow/.local/lib/python3.8/site-packages/airflow/example_dags/tutorial.py
[2023-10-17T07:57:40.883+0000] {processor.py:839} INFO - DAG(s) dict_keys(['tutorial']) retrieved from /home/airflow/.local/lib/python3.8/site-packages/airflow/example_dags/tutorial.py
[2023-10-17T07:57:40.897+0000] {logging_mixin.py:151} INFO - [2023-10-17T07:57:40.897+0000] {dag.py:2941} INFO - Sync 1 DAGs
[2023-10-17T07:57:40.913+0000] {logging_mixin.py:151} INFO - [2023-10-17T07:57:40.913+0000] {dag.py:3722} INFO - Setting next_dagrun for tutorial to 2023-10-16T07:57:40.912969+00:00, run_after=2023-10-17T07:57:40.912969+00:00
[2023-10-17T07:57:40.926+0000] {processor.py:179} INFO - Processing /home/airflow/.local/lib/python3.8/site-packages/airflow/example_dags/tutorial.py took 0.051 seconds
[2023-10-17T07:58:11.184+0000] {processor.py:157} INFO - Started process (PID=490) to work on /home/airflow/.local/lib/python3.8/site-packages/airflow/example_dags/tutorial.py
[2023-10-17T07:58:11.184+0000] {processor.py:829} INFO - Processing file /home/airflow/.local/lib/python3.8/site-packages/airflow/example_dags/tutorial.py for tasks to queue
[2023-10-17T07:58:11.186+0000] {logging_mixin.py:151} INFO - [2023-10-17T07:58:11.186+0000] {dagbag.py:536} INFO - Filling up the DagBag from /home/airflow/.local/lib/python3.8/site-packages/airflow/example_dags/tutorial.py
[2023-10-17T07:58:11.192+0000] {processor.py:839} INFO - DAG(s) dict_keys(['tutorial']) retrieved from /home/airflow/.local/lib/python3.8/site-packages/airflow/example_dags/tutorial.py
[2023-10-17T07:58:11.209+0000] {logging_mixin.py:151} INFO - [2023-10-17T07:58:11.208+0000] {dag.py:2941} INFO - Sync 1 DAGs
[2023-10-17T07:58:11.227+0000] {logging_mixin.py:151} INFO - [2023-10-17T07:58:11.227+0000] {dag.py:3722} INFO - Setting next_dagrun for tutorial to 2023-10-16T07:58:11.227420+00:00, run_after=2023-10-17T07:58:11.227420+00:00
[2023-10-17T07:58:11.246+0000] {processor.py:179} INFO - Processing /home/airflow/.local/lib/python3.8/site-packages/airflow/example_dags/tutorial.py took 0.064 seconds
[2023-10-17T07:58:41.467+0000] {processor.py:157} INFO - Started process (PID=544) to work on /home/airflow/.local/lib/python3.8/site-packages/airflow/example_dags/tutorial.py
[2023-10-17T07:58:41.468+0000] {processor.py:829} INFO - Processing file /home/airflow/.local/lib/python3.8/site-packages/airflow/example_dags/tutorial.py for tasks to queue
[2023-10-17T07:58:41.469+0000] {logging_mixin.py:151} INFO - [2023-10-17T07:58:41.469+0000] {dagbag.py:536} INFO - Filling up the DagBag from /home/airflow/.local/lib/python3.8/site-packages/airflow/example_dags/tutorial.py
[2023-10-17T07:58:41.473+0000] {processor.py:839} INFO - DAG(s) dict_keys(['tutorial']) retrieved from /home/airflow/.local/lib/python3.8/site-packages/airflow/example_dags/tutorial.py
[2023-10-17T07:58:41.488+0000] {logging_mixin.py:151} INFO - [2023-10-17T07:58:41.488+0000] {dag.py:2941} INFO - Sync 1 DAGs
[2023-10-17T07:58:41.504+0000] {logging_mixin.py:151} INFO - [2023-10-17T07:58:41.504+0000] {dag.py:3722} INFO - Setting next_dagrun for tutorial to 2023-10-16T07:58:41.504123+00:00, run_after=2023-10-17T07:58:41.504123+00:00
[2023-10-17T07:58:41.517+0000] {processor.py:179} INFO - Processing /home/airflow/.local/lib/python3.8/site-packages/airflow/example_dags/tutorial.py took 0.051 seconds
[2023-10-17T07:59:11.591+0000] {processor.py:157} INFO - Started process (PID=598) to work on /home/airflow/.local/lib/python3.8/site-packages/airflow/example_dags/tutorial.py
[2023-10-17T07:59:11.591+0000] {processor.py:829} INFO - Processing file /home/airflow/.local/lib/python3.8/site-packages/airflow/example_dags/tutorial.py for tasks to queue
[2023-10-17T07:59:11.593+0000] {logging_mixin.py:151} INFO - [2023-10-17T07:59:11.592+0000] {dagbag.py:536} INFO - Filling up the DagBag from /home/airflow/.local/lib/python3.8/site-packages/airflow/example_dags/tutorial.py
[2023-10-17T07:59:11.596+0000] {processor.py:839} INFO - DAG(s) dict_keys(['tutorial']) retrieved from /home/airflow/.local/lib/python3.8/site-packages/airflow/example_dags/tutorial.py
[2023-10-17T07:59:11.610+0000] {logging_mixin.py:151} INFO - [2023-10-17T07:59:11.610+0000] {dag.py:2941} INFO - Sync 1 DAGs
[2023-10-17T07:59:11.625+0000] {logging_mixin.py:151} INFO - [2023-10-17T07:59:11.625+0000] {dag.py:3722} INFO - Setting next_dagrun for tutorial to 2023-10-16T07:59:11.625246+00:00, run_after=2023-10-17T07:59:11.625246+00:00
[2023-10-17T07:59:11.638+0000] {processor.py:179} INFO - Processing /home/airflow/.local/lib/python3.8/site-packages/airflow/example_dags/tutorial.py took 0.049 seconds
[2023-10-17T07:59:41.773+0000] {processor.py:157} INFO - Started process (PID=652) to work on /home/airflow/.local/lib/python3.8/site-packages/airflow/example_dags/tutorial.py
[2023-10-17T07:59:41.774+0000] {processor.py:829} INFO - Processing file /home/airflow/.local/lib/python3.8/site-packages/airflow/example_dags/tutorial.py for tasks to queue
[2023-10-17T07:59:41.775+0000] {logging_mixin.py:151} INFO - [2023-10-17T07:59:41.775+0000] {dagbag.py:536} INFO - Filling up the DagBag from /home/airflow/.local/lib/python3.8/site-packages/airflow/example_dags/tutorial.py
[2023-10-17T07:59:41.779+0000] {processor.py:839} INFO - DAG(s) dict_keys(['tutorial']) retrieved from /home/airflow/.local/lib/python3.8/site-packages/airflow/example_dags/tutorial.py
[2023-10-17T07:59:41.791+0000] {logging_mixin.py:151} INFO - [2023-10-17T07:59:41.791+0000] {dag.py:2941} INFO - Sync 1 DAGs
[2023-10-17T07:59:41.804+0000] {logging_mixin.py:151} INFO - [2023-10-17T07:59:41.804+0000] {dag.py:3722} INFO - Setting next_dagrun for tutorial to 2023-10-16T07:59:41.804556+00:00, run_after=2023-10-17T07:59:41.804556+00:00
[2023-10-17T07:59:41.815+0000] {processor.py:179} INFO - Processing /home/airflow/.local/lib/python3.8/site-packages/airflow/example_dags/tutorial.py took 0.044 seconds
[2023-10-17T08:00:12.758+0000] {processor.py:157} INFO - Started process (PID=706) to work on /home/airflow/.local/lib/python3.8/site-packages/airflow/example_dags/tutorial.py
[2023-10-17T08:00:12.759+0000] {processor.py:829} INFO - Processing file /home/airflow/.local/lib/python3.8/site-packages/airflow/example_dags/tutorial.py for tasks to queue
[2023-10-17T08:00:12.761+0000] {logging_mixin.py:151} INFO - [2023-10-17T08:00:12.760+0000] {dagbag.py:536} INFO - Filling up the DagBag from /home/airflow/.local/lib/python3.8/site-packages/airflow/example_dags/tutorial.py
[2023-10-17T08:00:12.766+0000] {processor.py:839} INFO - DAG(s) dict_keys(['tutorial']) retrieved from /home/airflow/.local/lib/python3.8/site-packages/airflow/example_dags/tutorial.py
[2023-10-17T08:00:12.781+0000] {logging_mixin.py:151} INFO - [2023-10-17T08:00:12.781+0000] {dag.py:2941} INFO - Sync 1 DAGs
[2023-10-17T08:00:12.797+0000] {logging_mixin.py:151} INFO - [2023-10-17T08:00:12.797+0000] {dag.py:3722} INFO - Setting next_dagrun for tutorial to 2023-10-16T08:00:12.797539+00:00, run_after=2023-10-17T08:00:12.797539+00:00
[2023-10-17T08:00:12.812+0000] {processor.py:179} INFO - Processing /home/airflow/.local/lib/python3.8/site-packages/airflow/example_dags/tutorial.py took 0.056 seconds
[2023-10-17T08:00:43.027+0000] {processor.py:157} INFO - Started process (PID=760) to work on /home/airflow/.local/lib/python3.8/site-packages/airflow/example_dags/tutorial.py
[2023-10-17T08:00:43.027+0000] {processor.py:829} INFO - Processing file /home/airflow/.local/lib/python3.8/site-packages/airflow/example_dags/tutorial.py for tasks to queue
[2023-10-17T08:00:43.029+0000] {logging_mixin.py:151} INFO - [2023-10-17T08:00:43.028+0000] {dagbag.py:536} INFO - Filling up the DagBag from /home/airflow/.local/lib/python3.8/site-packages/airflow/example_dags/tutorial.py
[2023-10-17T08:00:43.033+0000] {processor.py:839} INFO - DAG(s) dict_keys(['tutorial']) retrieved from /home/airflow/.local/lib/python3.8/site-packages/airflow/example_dags/tutorial.py
[2023-10-17T08:00:43.049+0000] {logging_mixin.py:151} INFO - [2023-10-17T08:00:43.049+0000] {dag.py:2941} INFO - Sync 1 DAGs
[2023-10-17T08:00:43.066+0000] {logging_mixin.py:151} INFO - [2023-10-17T08:00:43.066+0000] {dag.py:3722} INFO - Setting next_dagrun for tutorial to 2023-10-16T08:00:43.066179+00:00, run_after=2023-10-17T08:00:43.066179+00:00
[2023-10-17T08:00:43.082+0000] {processor.py:179} INFO - Processing /home/airflow/.local/lib/python3.8/site-packages/airflow/example_dags/tutorial.py took 0.058 seconds
[2023-10-17T08:01:13.311+0000] {processor.py:157} INFO - Started process (PID=814) to work on /home/airflow/.local/lib/python3.8/site-packages/airflow/example_dags/tutorial.py
[2023-10-17T08:01:13.312+0000] {processor.py:829} INFO - Processing file /home/airflow/.local/lib/python3.8/site-packages/airflow/example_dags/tutorial.py for tasks to queue
[2023-10-17T08:01:13.314+0000] {logging_mixin.py:151} INFO - [2023-10-17T08:01:13.313+0000] {dagbag.py:536} INFO - Filling up the DagBag from /home/airflow/.local/lib/python3.8/site-packages/airflow/example_dags/tutorial.py
[2023-10-17T08:01:13.319+0000] {processor.py:839} INFO - DAG(s) dict_keys(['tutorial']) retrieved from /home/airflow/.local/lib/python3.8/site-packages/airflow/example_dags/tutorial.py
[2023-10-17T08:01:13.335+0000] {logging_mixin.py:151} INFO - [2023-10-17T08:01:13.335+0000] {dag.py:2941} INFO - Sync 1 DAGs
[2023-10-17T08:01:13.353+0000] {logging_mixin.py:151} INFO - [2023-10-17T08:01:13.352+0000] {dag.py:3722} INFO - Setting next_dagrun for tutorial to 2023-10-16T08:01:13.352647+00:00, run_after=2023-10-17T08:01:13.352647+00:00
[2023-10-17T08:01:13.365+0000] {processor.py:179} INFO - Processing /home/airflow/.local/lib/python3.8/site-packages/airflow/example_dags/tutorial.py took 0.056 seconds
[2023-10-17T08:01:44.354+0000] {processor.py:157} INFO - Started process (PID=868) to work on /home/airflow/.local/lib/python3.8/site-packages/airflow/example_dags/tutorial.py
[2023-10-17T08:01:44.354+0000] {processor.py:829} INFO - Processing file /home/airflow/.local/lib/python3.8/site-packages/airflow/example_dags/tutorial.py for tasks to queue
[2023-10-17T08:01:44.356+0000] {logging_mixin.py:151} INFO - [2023-10-17T08:01:44.355+0000] {dagbag.py:536} INFO - Filling up the DagBag from /home/airflow/.local/lib/python3.8/site-packages/airflow/example_dags/tutorial.py
[2023-10-17T08:01:44.359+0000] {processor.py:839} INFO - DAG(s) dict_keys(['tutorial']) retrieved from /home/airflow/.local/lib/python3.8/site-packages/airflow/example_dags/tutorial.py
[2023-10-17T08:01:44.373+0000] {logging_mixin.py:151} INFO - [2023-10-17T08:01:44.373+0000] {dag.py:2941} INFO - Sync 1 DAGs
[2023-10-17T08:01:44.387+0000] {logging_mixin.py:151} INFO - [2023-10-17T08:01:44.387+0000] {dag.py:3722} INFO - Setting next_dagrun for tutorial to 2023-10-16T08:01:44.387446+00:00, run_after=2023-10-17T08:01:44.387446+00:00
[2023-10-17T08:01:44.399+0000] {processor.py:179} INFO - Processing /home/airflow/.local/lib/python3.8/site-packages/airflow/example_dags/tutorial.py took 0.048 seconds
[2023-10-17T08:02:15.285+0000] {processor.py:157} INFO - Started process (PID=922) to work on /home/airflow/.local/lib/python3.8/site-packages/airflow/example_dags/tutorial.py
[2023-10-17T08:02:15.286+0000] {processor.py:829} INFO - Processing file /home/airflow/.local/lib/python3.8/site-packages/airflow/example_dags/tutorial.py for tasks to queue
[2023-10-17T08:02:15.287+0000] {logging_mixin.py:151} INFO - [2023-10-17T08:02:15.287+0000] {dagbag.py:536} INFO - Filling up the DagBag from /home/airflow/.local/lib/python3.8/site-packages/airflow/example_dags/tutorial.py
[2023-10-17T08:02:15.291+0000] {processor.py:839} INFO - DAG(s) dict_keys(['tutorial']) retrieved from /home/airflow/.local/lib/python3.8/site-packages/airflow/example_dags/tutorial.py
[2023-10-17T08:02:15.307+0000] {logging_mixin.py:151} INFO - [2023-10-17T08:02:15.307+0000] {dag.py:2941} INFO - Sync 1 DAGs
[2023-10-17T08:02:15.322+0000] {logging_mixin.py:151} INFO - [2023-10-17T08:02:15.322+0000] {dag.py:3722} INFO - Setting next_dagrun for tutorial to 2023-10-16T08:02:15.321970+00:00, run_after=2023-10-17T08:02:15.321970+00:00
[2023-10-17T08:02:15.335+0000] {processor.py:179} INFO - Processing /home/airflow/.local/lib/python3.8/site-packages/airflow/example_dags/tutorial.py took 0.052 seconds
[2023-10-17T08:02:45.723+0000] {processor.py:157} INFO - Started process (PID=976) to work on /home/airflow/.local/lib/python3.8/site-packages/airflow/example_dags/tutorial.py
[2023-10-17T08:02:45.723+0000] {processor.py:829} INFO - Processing file /home/airflow/.local/lib/python3.8/site-packages/airflow/example_dags/tutorial.py for tasks to queue
[2023-10-17T08:02:45.724+0000] {logging_mixin.py:151} INFO - [2023-10-17T08:02:45.724+0000] {dagbag.py:536} INFO - Filling up the DagBag from /home/airflow/.local/lib/python3.8/site-packages/airflow/example_dags/tutorial.py
[2023-10-17T08:02:45.728+0000] {processor.py:839} INFO - DAG(s) dict_keys(['tutorial']) retrieved from /home/airflow/.local/lib/python3.8/site-packages/airflow/example_dags/tutorial.py
[2023-10-17T08:02:45.743+0000] {logging_mixin.py:151} INFO - [2023-10-17T08:02:45.743+0000] {dag.py:2941} INFO - Sync 1 DAGs
[2023-10-17T08:02:45.758+0000] {logging_mixin.py:151} INFO - [2023-10-17T08:02:45.757+0000] {dag.py:3722} INFO - Setting next_dagrun for tutorial to 2023-10-16T08:02:45.757680+00:00, run_after=2023-10-17T08:02:45.757680+00:00
[2023-10-17T08:02:45.770+0000] {processor.py:179} INFO - Processing /home/airflow/.local/lib/python3.8/site-packages/airflow/example_dags/tutorial.py took 0.049 seconds
[2023-10-17T08:03:15.996+0000] {processor.py:157} INFO - Started process (PID=1030) to work on /home/airflow/.local/lib/python3.8/site-packages/airflow/example_dags/tutorial.py
[2023-10-17T08:03:15.996+0000] {processor.py:829} INFO - Processing file /home/airflow/.local/lib/python3.8/site-packages/airflow/example_dags/tutorial.py for tasks to queue
[2023-10-17T08:03:15.997+0000] {logging_mixin.py:151} INFO - [2023-10-17T08:03:15.997+0000] {dagbag.py:536} INFO - Filling up the DagBag from /home/airflow/.local/lib/python3.8/site-packages/airflow/example_dags/tutorial.py
[2023-10-17T08:03:16.001+0000] {processor.py:839} INFO - DAG(s) dict_keys(['tutorial']) retrieved from /home/airflow/.local/lib/python3.8/site-packages/airflow/example_dags/tutorial.py
[2023-10-17T08:03:16.015+0000] {logging_mixin.py:151} INFO - [2023-10-17T08:03:16.015+0000] {dag.py:2941} INFO - Sync 1 DAGs
[2023-10-17T08:03:16.137+0000] {logging_mixin.py:151} INFO - [2023-10-17T08:03:16.137+0000] {dag.py:3722} INFO - Setting next_dagrun for tutorial to 2023-10-16T08:03:16.137547+00:00, run_after=2023-10-17T08:03:16.137547+00:00
[2023-10-17T08:03:16.152+0000] {processor.py:179} INFO - Processing /home/airflow/.local/lib/python3.8/site-packages/airflow/example_dags/tutorial.py took 0.158 seconds
[2023-10-17T08:03:46.653+0000] {processor.py:157} INFO - Started process (PID=1084) to work on /home/airflow/.local/lib/python3.8/site-packages/airflow/example_dags/tutorial.py
[2023-10-17T08:03:46.654+0000] {processor.py:829} INFO - Processing file /home/airflow/.local/lib/python3.8/site-packages/airflow/example_dags/tutorial.py for tasks to queue
[2023-10-17T08:03:46.655+0000] {logging_mixin.py:151} INFO - [2023-10-17T08:03:46.655+0000] {dagbag.py:536} INFO - Filling up the DagBag from /home/airflow/.local/lib/python3.8/site-packages/airflow/example_dags/tutorial.py
[2023-10-17T08:03:46.659+0000] {processor.py:839} INFO - DAG(s) dict_keys(['tutorial']) retrieved from /home/airflow/.local/lib/python3.8/site-packages/airflow/example_dags/tutorial.py
[2023-10-17T08:03:46.675+0000] {logging_mixin.py:151} INFO - [2023-10-17T08:03:46.674+0000] {dag.py:2941} INFO - Sync 1 DAGs
[2023-10-17T08:03:46.696+0000] {logging_mixin.py:151} INFO - [2023-10-17T08:03:46.696+0000] {dag.py:3722} INFO - Setting next_dagrun for tutorial to 2023-10-16T08:03:46.696410+00:00, run_after=2023-10-17T08:03:46.696410+00:00
[2023-10-17T08:03:46.713+0000] {processor.py:179} INFO - Processing /home/airflow/.local/lib/python3.8/site-packages/airflow/example_dags/tutorial.py took 0.063 seconds
[2023-10-17T08:04:16.734+0000] {processor.py:157} INFO - Started process (PID=1138) to work on /home/airflow/.local/lib/python3.8/site-packages/airflow/example_dags/tutorial.py
[2023-10-17T08:04:16.735+0000] {processor.py:829} INFO - Processing file /home/airflow/.local/lib/python3.8/site-packages/airflow/example_dags/tutorial.py for tasks to queue
[2023-10-17T08:04:16.736+0000] {logging_mixin.py:151} INFO - [2023-10-17T08:04:16.736+0000] {dagbag.py:536} INFO - Filling up the DagBag from /home/airflow/.local/lib/python3.8/site-packages/airflow/example_dags/tutorial.py
[2023-10-17T08:04:16.740+0000] {processor.py:839} INFO - DAG(s) dict_keys(['tutorial']) retrieved from /home/airflow/.local/lib/python3.8/site-packages/airflow/example_dags/tutorial.py
[2023-10-17T08:04:16.753+0000] {logging_mixin.py:151} INFO - [2023-10-17T08:04:16.753+0000] {dag.py:2941} INFO - Sync 1 DAGs
[2023-10-17T08:04:16.766+0000] {logging_mixin.py:151} INFO - [2023-10-17T08:04:16.766+0000] {dag.py:3722} INFO - Setting next_dagrun for tutorial to 2023-10-16T08:04:16.766574+00:00, run_after=2023-10-17T08:04:16.766574+00:00
[2023-10-17T08:04:16.778+0000] {processor.py:179} INFO - Processing /home/airflow/.local/lib/python3.8/site-packages/airflow/example_dags/tutorial.py took 0.045 seconds
