[2023-10-17T07:39:52.315+0000] {processor.py:157} INFO - Started process (PID=129) to work on /home/airflow/.local/lib/python3.8/site-packages/airflow/example_dags/tutorial_dag.py
[2023-10-17T07:39:52.315+0000] {processor.py:829} INFO - Processing file /home/airflow/.local/lib/python3.8/site-packages/airflow/example_dags/tutorial_dag.py for tasks to queue
[2023-10-17T07:39:52.317+0000] {logging_mixin.py:151} INFO - [2023-10-17T07:39:52.316+0000] {dagbag.py:536} INFO - Filling up the DagBag from /home/airflow/.local/lib/python3.8/site-packages/airflow/example_dags/tutorial_dag.py
[2023-10-17T07:39:52.322+0000] {processor.py:839} INFO - DAG(s) dict_keys(['tutorial_dag']) retrieved from /home/airflow/.local/lib/python3.8/site-packages/airflow/example_dags/tutorial_dag.py
[2023-10-17T07:39:52.339+0000] {logging_mixin.py:151} INFO - [2023-10-17T07:39:52.338+0000] {dag.py:2941} INFO - Sync 1 DAGs
[2023-10-17T07:39:52.347+0000] {logging_mixin.py:151} INFO - [2023-10-17T07:39:52.347+0000] {dag.py:3722} INFO - Setting next_dagrun for tutorial_dag to None, run_after=None
[2023-10-17T07:39:52.364+0000] {processor.py:179} INFO - Processing /home/airflow/.local/lib/python3.8/site-packages/airflow/example_dags/tutorial_dag.py took 0.051 seconds
[2023-10-17T07:40:22.432+0000] {processor.py:157} INFO - Started process (PID=183) to work on /home/airflow/.local/lib/python3.8/site-packages/airflow/example_dags/tutorial_dag.py
[2023-10-17T07:40:22.432+0000] {processor.py:829} INFO - Processing file /home/airflow/.local/lib/python3.8/site-packages/airflow/example_dags/tutorial_dag.py for tasks to queue
[2023-10-17T07:40:22.433+0000] {logging_mixin.py:151} INFO - [2023-10-17T07:40:22.433+0000] {dagbag.py:536} INFO - Filling up the DagBag from /home/airflow/.local/lib/python3.8/site-packages/airflow/example_dags/tutorial_dag.py
[2023-10-17T07:40:22.436+0000] {processor.py:839} INFO - DAG(s) dict_keys(['tutorial_dag']) retrieved from /home/airflow/.local/lib/python3.8/site-packages/airflow/example_dags/tutorial_dag.py
[2023-10-17T07:40:22.449+0000] {logging_mixin.py:151} INFO - [2023-10-17T07:40:22.449+0000] {dag.py:2941} INFO - Sync 1 DAGs
[2023-10-17T07:40:22.456+0000] {logging_mixin.py:151} INFO - [2023-10-17T07:40:22.456+0000] {dag.py:3722} INFO - Setting next_dagrun for tutorial_dag to None, run_after=None
[2023-10-17T07:40:22.467+0000] {processor.py:179} INFO - Processing /home/airflow/.local/lib/python3.8/site-packages/airflow/example_dags/tutorial_dag.py took 0.037 seconds
[2023-10-17T07:44:11.622+0000] {processor.py:157} INFO - Started process (PID=39) to work on /home/airflow/.local/lib/python3.8/site-packages/airflow/example_dags/tutorial_dag.py
[2023-10-17T07:44:11.623+0000] {processor.py:829} INFO - Processing file /home/airflow/.local/lib/python3.8/site-packages/airflow/example_dags/tutorial_dag.py for tasks to queue
[2023-10-17T07:44:11.624+0000] {logging_mixin.py:151} INFO - [2023-10-17T07:44:11.624+0000] {dagbag.py:536} INFO - Filling up the DagBag from /home/airflow/.local/lib/python3.8/site-packages/airflow/example_dags/tutorial_dag.py
[2023-10-17T07:44:11.630+0000] {processor.py:839} INFO - DAG(s) dict_keys(['tutorial_dag']) retrieved from /home/airflow/.local/lib/python3.8/site-packages/airflow/example_dags/tutorial_dag.py
[2023-10-17T07:44:11.638+0000] {logging_mixin.py:151} INFO - [2023-10-17T07:44:11.638+0000] {dag.py:2941} INFO - Sync 1 DAGs
[2023-10-17T07:44:11.647+0000] {logging_mixin.py:151} INFO - [2023-10-17T07:44:11.647+0000] {dag.py:3722} INFO - Setting next_dagrun for tutorial_dag to None, run_after=None
[2023-10-17T07:44:11.661+0000] {processor.py:179} INFO - Processing /home/airflow/.local/lib/python3.8/site-packages/airflow/example_dags/tutorial_dag.py took 0.041 seconds
[2023-10-17T07:44:42.460+0000] {processor.py:157} INFO - Started process (PID=93) to work on /home/airflow/.local/lib/python3.8/site-packages/airflow/example_dags/tutorial_dag.py
[2023-10-17T07:44:42.461+0000] {processor.py:829} INFO - Processing file /home/airflow/.local/lib/python3.8/site-packages/airflow/example_dags/tutorial_dag.py for tasks to queue
[2023-10-17T07:44:42.463+0000] {logging_mixin.py:151} INFO - [2023-10-17T07:44:42.462+0000] {dagbag.py:536} INFO - Filling up the DagBag from /home/airflow/.local/lib/python3.8/site-packages/airflow/example_dags/tutorial_dag.py
[2023-10-17T07:44:42.466+0000] {processor.py:839} INFO - DAG(s) dict_keys(['tutorial_dag']) retrieved from /home/airflow/.local/lib/python3.8/site-packages/airflow/example_dags/tutorial_dag.py
[2023-10-17T07:44:42.480+0000] {logging_mixin.py:151} INFO - [2023-10-17T07:44:42.480+0000] {dag.py:2941} INFO - Sync 1 DAGs
[2023-10-17T07:44:42.488+0000] {logging_mixin.py:151} INFO - [2023-10-17T07:44:42.488+0000] {dag.py:3722} INFO - Setting next_dagrun for tutorial_dag to None, run_after=None
[2023-10-17T07:44:42.502+0000] {processor.py:179} INFO - Processing /home/airflow/.local/lib/python3.8/site-packages/airflow/example_dags/tutorial_dag.py took 0.044 seconds
[2023-10-17T07:45:12.782+0000] {processor.py:157} INFO - Started process (PID=148) to work on /home/airflow/.local/lib/python3.8/site-packages/airflow/example_dags/tutorial_dag.py
[2023-10-17T07:45:12.783+0000] {processor.py:829} INFO - Processing file /home/airflow/.local/lib/python3.8/site-packages/airflow/example_dags/tutorial_dag.py for tasks to queue
[2023-10-17T07:45:12.784+0000] {logging_mixin.py:151} INFO - [2023-10-17T07:45:12.784+0000] {dagbag.py:536} INFO - Filling up the DagBag from /home/airflow/.local/lib/python3.8/site-packages/airflow/example_dags/tutorial_dag.py
[2023-10-17T07:45:12.788+0000] {processor.py:839} INFO - DAG(s) dict_keys(['tutorial_dag']) retrieved from /home/airflow/.local/lib/python3.8/site-packages/airflow/example_dags/tutorial_dag.py
[2023-10-17T07:45:12.804+0000] {logging_mixin.py:151} INFO - [2023-10-17T07:45:12.803+0000] {dag.py:2941} INFO - Sync 1 DAGs
[2023-10-17T07:45:12.815+0000] {logging_mixin.py:151} INFO - [2023-10-17T07:45:12.814+0000] {dag.py:3722} INFO - Setting next_dagrun for tutorial_dag to None, run_after=None
[2023-10-17T07:45:12.829+0000] {processor.py:179} INFO - Processing /home/airflow/.local/lib/python3.8/site-packages/airflow/example_dags/tutorial_dag.py took 0.050 seconds
[2023-10-17T07:45:43.112+0000] {processor.py:157} INFO - Started process (PID=202) to work on /home/airflow/.local/lib/python3.8/site-packages/airflow/example_dags/tutorial_dag.py
[2023-10-17T07:45:43.112+0000] {processor.py:829} INFO - Processing file /home/airflow/.local/lib/python3.8/site-packages/airflow/example_dags/tutorial_dag.py for tasks to queue
[2023-10-17T07:45:43.114+0000] {logging_mixin.py:151} INFO - [2023-10-17T07:45:43.113+0000] {dagbag.py:536} INFO - Filling up the DagBag from /home/airflow/.local/lib/python3.8/site-packages/airflow/example_dags/tutorial_dag.py
[2023-10-17T07:45:43.117+0000] {processor.py:839} INFO - DAG(s) dict_keys(['tutorial_dag']) retrieved from /home/airflow/.local/lib/python3.8/site-packages/airflow/example_dags/tutorial_dag.py
[2023-10-17T07:45:43.135+0000] {logging_mixin.py:151} INFO - [2023-10-17T07:45:43.135+0000] {dag.py:2941} INFO - Sync 1 DAGs
[2023-10-17T07:45:43.145+0000] {logging_mixin.py:151} INFO - [2023-10-17T07:45:43.145+0000] {dag.py:3722} INFO - Setting next_dagrun for tutorial_dag to None, run_after=None
[2023-10-17T07:45:43.159+0000] {processor.py:179} INFO - Processing /home/airflow/.local/lib/python3.8/site-packages/airflow/example_dags/tutorial_dag.py took 0.050 seconds
[2023-10-17T07:46:13.243+0000] {processor.py:157} INFO - Started process (PID=256) to work on /home/airflow/.local/lib/python3.8/site-packages/airflow/example_dags/tutorial_dag.py
[2023-10-17T07:46:13.243+0000] {processor.py:829} INFO - Processing file /home/airflow/.local/lib/python3.8/site-packages/airflow/example_dags/tutorial_dag.py for tasks to queue
[2023-10-17T07:46:13.244+0000] {logging_mixin.py:151} INFO - [2023-10-17T07:46:13.244+0000] {dagbag.py:536} INFO - Filling up the DagBag from /home/airflow/.local/lib/python3.8/site-packages/airflow/example_dags/tutorial_dag.py
[2023-10-17T07:46:13.247+0000] {processor.py:839} INFO - DAG(s) dict_keys(['tutorial_dag']) retrieved from /home/airflow/.local/lib/python3.8/site-packages/airflow/example_dags/tutorial_dag.py
[2023-10-17T07:46:13.263+0000] {logging_mixin.py:151} INFO - [2023-10-17T07:46:13.263+0000] {dag.py:2941} INFO - Sync 1 DAGs
[2023-10-17T07:46:13.272+0000] {logging_mixin.py:151} INFO - [2023-10-17T07:46:13.272+0000] {dag.py:3722} INFO - Setting next_dagrun for tutorial_dag to None, run_after=None
[2023-10-17T07:46:13.284+0000] {processor.py:179} INFO - Processing /home/airflow/.local/lib/python3.8/site-packages/airflow/example_dags/tutorial_dag.py took 0.044 seconds
[2023-10-17T07:54:06.607+0000] {processor.py:157} INFO - Started process (PID=39) to work on /home/airflow/.local/lib/python3.8/site-packages/airflow/example_dags/tutorial_dag.py
[2023-10-17T07:54:06.608+0000] {processor.py:829} INFO - Processing file /home/airflow/.local/lib/python3.8/site-packages/airflow/example_dags/tutorial_dag.py for tasks to queue
[2023-10-17T07:54:06.609+0000] {logging_mixin.py:151} INFO - [2023-10-17T07:54:06.609+0000] {dagbag.py:536} INFO - Filling up the DagBag from /home/airflow/.local/lib/python3.8/site-packages/airflow/example_dags/tutorial_dag.py
[2023-10-17T07:54:06.616+0000] {processor.py:839} INFO - DAG(s) dict_keys(['tutorial_dag']) retrieved from /home/airflow/.local/lib/python3.8/site-packages/airflow/example_dags/tutorial_dag.py
[2023-10-17T07:54:06.626+0000] {logging_mixin.py:151} INFO - [2023-10-17T07:54:06.626+0000] {dag.py:2941} INFO - Sync 1 DAGs
[2023-10-17T07:54:06.637+0000] {logging_mixin.py:151} INFO - [2023-10-17T07:54:06.637+0000] {dag.py:3722} INFO - Setting next_dagrun for tutorial_dag to None, run_after=None
[2023-10-17T07:54:06.650+0000] {processor.py:179} INFO - Processing /home/airflow/.local/lib/python3.8/site-packages/airflow/example_dags/tutorial_dag.py took 0.045 seconds
[2023-10-17T07:54:37.544+0000] {processor.py:157} INFO - Started process (PID=93) to work on /home/airflow/.local/lib/python3.8/site-packages/airflow/example_dags/tutorial_dag.py
[2023-10-17T07:54:37.544+0000] {processor.py:829} INFO - Processing file /home/airflow/.local/lib/python3.8/site-packages/airflow/example_dags/tutorial_dag.py for tasks to queue
[2023-10-17T07:54:37.545+0000] {logging_mixin.py:151} INFO - [2023-10-17T07:54:37.545+0000] {dagbag.py:536} INFO - Filling up the DagBag from /home/airflow/.local/lib/python3.8/site-packages/airflow/example_dags/tutorial_dag.py
[2023-10-17T07:54:37.549+0000] {processor.py:839} INFO - DAG(s) dict_keys(['tutorial_dag']) retrieved from /home/airflow/.local/lib/python3.8/site-packages/airflow/example_dags/tutorial_dag.py
[2023-10-17T07:54:37.565+0000] {logging_mixin.py:151} INFO - [2023-10-17T07:54:37.565+0000] {dag.py:2941} INFO - Sync 1 DAGs
[2023-10-17T07:54:37.577+0000] {logging_mixin.py:151} INFO - [2023-10-17T07:54:37.576+0000] {dag.py:3722} INFO - Setting next_dagrun for tutorial_dag to None, run_after=None
[2023-10-17T07:54:37.591+0000] {processor.py:179} INFO - Processing /home/airflow/.local/lib/python3.8/site-packages/airflow/example_dags/tutorial_dag.py took 0.050 seconds
[2023-10-17T07:55:07.687+0000] {processor.py:157} INFO - Started process (PID=147) to work on /home/airflow/.local/lib/python3.8/site-packages/airflow/example_dags/tutorial_dag.py
[2023-10-17T07:55:07.687+0000] {processor.py:829} INFO - Processing file /home/airflow/.local/lib/python3.8/site-packages/airflow/example_dags/tutorial_dag.py for tasks to queue
[2023-10-17T07:55:07.688+0000] {logging_mixin.py:151} INFO - [2023-10-17T07:55:07.688+0000] {dagbag.py:536} INFO - Filling up the DagBag from /home/airflow/.local/lib/python3.8/site-packages/airflow/example_dags/tutorial_dag.py
[2023-10-17T07:55:07.691+0000] {processor.py:839} INFO - DAG(s) dict_keys(['tutorial_dag']) retrieved from /home/airflow/.local/lib/python3.8/site-packages/airflow/example_dags/tutorial_dag.py
[2023-10-17T07:55:07.704+0000] {logging_mixin.py:151} INFO - [2023-10-17T07:55:07.704+0000] {dag.py:2941} INFO - Sync 1 DAGs
[2023-10-17T07:55:07.711+0000] {logging_mixin.py:151} INFO - [2023-10-17T07:55:07.711+0000] {dag.py:3722} INFO - Setting next_dagrun for tutorial_dag to None, run_after=None
[2023-10-17T07:55:07.722+0000] {processor.py:179} INFO - Processing /home/airflow/.local/lib/python3.8/site-packages/airflow/example_dags/tutorial_dag.py took 0.037 seconds
[2023-10-17T07:55:37.845+0000] {processor.py:157} INFO - Started process (PID=201) to work on /home/airflow/.local/lib/python3.8/site-packages/airflow/example_dags/tutorial_dag.py
[2023-10-17T07:55:37.846+0000] {processor.py:829} INFO - Processing file /home/airflow/.local/lib/python3.8/site-packages/airflow/example_dags/tutorial_dag.py for tasks to queue
[2023-10-17T07:55:37.847+0000] {logging_mixin.py:151} INFO - [2023-10-17T07:55:37.847+0000] {dagbag.py:536} INFO - Filling up the DagBag from /home/airflow/.local/lib/python3.8/site-packages/airflow/example_dags/tutorial_dag.py
[2023-10-17T07:55:37.850+0000] {processor.py:839} INFO - DAG(s) dict_keys(['tutorial_dag']) retrieved from /home/airflow/.local/lib/python3.8/site-packages/airflow/example_dags/tutorial_dag.py
[2023-10-17T07:55:37.865+0000] {logging_mixin.py:151} INFO - [2023-10-17T07:55:37.865+0000] {dag.py:2941} INFO - Sync 1 DAGs
[2023-10-17T07:55:37.874+0000] {logging_mixin.py:151} INFO - [2023-10-17T07:55:37.874+0000] {dag.py:3722} INFO - Setting next_dagrun for tutorial_dag to None, run_after=None
[2023-10-17T07:55:37.886+0000] {processor.py:179} INFO - Processing /home/airflow/.local/lib/python3.8/site-packages/airflow/example_dags/tutorial_dag.py took 0.043 seconds
[2023-10-17T07:56:08.026+0000] {processor.py:157} INFO - Started process (PID=255) to work on /home/airflow/.local/lib/python3.8/site-packages/airflow/example_dags/tutorial_dag.py
[2023-10-17T07:56:08.026+0000] {processor.py:829} INFO - Processing file /home/airflow/.local/lib/python3.8/site-packages/airflow/example_dags/tutorial_dag.py for tasks to queue
[2023-10-17T07:56:08.027+0000] {logging_mixin.py:151} INFO - [2023-10-17T07:56:08.027+0000] {dagbag.py:536} INFO - Filling up the DagBag from /home/airflow/.local/lib/python3.8/site-packages/airflow/example_dags/tutorial_dag.py
[2023-10-17T07:56:08.031+0000] {processor.py:839} INFO - DAG(s) dict_keys(['tutorial_dag']) retrieved from /home/airflow/.local/lib/python3.8/site-packages/airflow/example_dags/tutorial_dag.py
[2023-10-17T07:56:08.045+0000] {logging_mixin.py:151} INFO - [2023-10-17T07:56:08.044+0000] {dag.py:2941} INFO - Sync 1 DAGs
[2023-10-17T07:56:08.053+0000] {logging_mixin.py:151} INFO - [2023-10-17T07:56:08.053+0000] {dag.py:3722} INFO - Setting next_dagrun for tutorial_dag to None, run_after=None
[2023-10-17T07:56:08.066+0000] {processor.py:179} INFO - Processing /home/airflow/.local/lib/python3.8/site-packages/airflow/example_dags/tutorial_dag.py took 0.042 seconds
[2023-10-17T07:56:38.201+0000] {processor.py:157} INFO - Started process (PID=309) to work on /home/airflow/.local/lib/python3.8/site-packages/airflow/example_dags/tutorial_dag.py
[2023-10-17T07:56:38.201+0000] {processor.py:829} INFO - Processing file /home/airflow/.local/lib/python3.8/site-packages/airflow/example_dags/tutorial_dag.py for tasks to queue
[2023-10-17T07:56:38.203+0000] {logging_mixin.py:151} INFO - [2023-10-17T07:56:38.202+0000] {dagbag.py:536} INFO - Filling up the DagBag from /home/airflow/.local/lib/python3.8/site-packages/airflow/example_dags/tutorial_dag.py
[2023-10-17T07:56:38.206+0000] {processor.py:839} INFO - DAG(s) dict_keys(['tutorial_dag']) retrieved from /home/airflow/.local/lib/python3.8/site-packages/airflow/example_dags/tutorial_dag.py
[2023-10-17T07:56:38.224+0000] {logging_mixin.py:151} INFO - [2023-10-17T07:56:38.224+0000] {dag.py:2941} INFO - Sync 1 DAGs
[2023-10-17T07:56:38.236+0000] {logging_mixin.py:151} INFO - [2023-10-17T07:56:38.236+0000] {dag.py:3722} INFO - Setting next_dagrun for tutorial_dag to None, run_after=None
[2023-10-17T07:56:38.255+0000] {processor.py:179} INFO - Processing /home/airflow/.local/lib/python3.8/site-packages/airflow/example_dags/tutorial_dag.py took 0.057 seconds
[2023-10-17T07:57:08.326+0000] {processor.py:157} INFO - Started process (PID=363) to work on /home/airflow/.local/lib/python3.8/site-packages/airflow/example_dags/tutorial_dag.py
[2023-10-17T07:57:08.327+0000] {processor.py:829} INFO - Processing file /home/airflow/.local/lib/python3.8/site-packages/airflow/example_dags/tutorial_dag.py for tasks to queue
[2023-10-17T07:57:08.328+0000] {logging_mixin.py:151} INFO - [2023-10-17T07:57:08.328+0000] {dagbag.py:536} INFO - Filling up the DagBag from /home/airflow/.local/lib/python3.8/site-packages/airflow/example_dags/tutorial_dag.py
[2023-10-17T07:57:08.331+0000] {processor.py:839} INFO - DAG(s) dict_keys(['tutorial_dag']) retrieved from /home/airflow/.local/lib/python3.8/site-packages/airflow/example_dags/tutorial_dag.py
[2023-10-17T07:57:08.346+0000] {logging_mixin.py:151} INFO - [2023-10-17T07:57:08.345+0000] {dag.py:2941} INFO - Sync 1 DAGs
[2023-10-17T07:57:08.353+0000] {logging_mixin.py:151} INFO - [2023-10-17T07:57:08.353+0000] {dag.py:3722} INFO - Setting next_dagrun for tutorial_dag to None, run_after=None
[2023-10-17T07:57:08.365+0000] {processor.py:179} INFO - Processing /home/airflow/.local/lib/python3.8/site-packages/airflow/example_dags/tutorial_dag.py took 0.041 seconds
[2023-10-17T07:57:39.089+0000] {processor.py:157} INFO - Started process (PID=417) to work on /home/airflow/.local/lib/python3.8/site-packages/airflow/example_dags/tutorial_dag.py
[2023-10-17T07:57:39.090+0000] {processor.py:829} INFO - Processing file /home/airflow/.local/lib/python3.8/site-packages/airflow/example_dags/tutorial_dag.py for tasks to queue
[2023-10-17T07:57:39.091+0000] {logging_mixin.py:151} INFO - [2023-10-17T07:57:39.091+0000] {dagbag.py:536} INFO - Filling up the DagBag from /home/airflow/.local/lib/python3.8/site-packages/airflow/example_dags/tutorial_dag.py
[2023-10-17T07:57:39.095+0000] {processor.py:839} INFO - DAG(s) dict_keys(['tutorial_dag']) retrieved from /home/airflow/.local/lib/python3.8/site-packages/airflow/example_dags/tutorial_dag.py
[2023-10-17T07:57:39.111+0000] {logging_mixin.py:151} INFO - [2023-10-17T07:57:39.110+0000] {dag.py:2941} INFO - Sync 1 DAGs
[2023-10-17T07:57:39.121+0000] {logging_mixin.py:151} INFO - [2023-10-17T07:57:39.121+0000] {dag.py:3722} INFO - Setting next_dagrun for tutorial_dag to None, run_after=None
[2023-10-17T07:57:39.138+0000] {processor.py:179} INFO - Processing /home/airflow/.local/lib/python3.8/site-packages/airflow/example_dags/tutorial_dag.py took 0.051 seconds
[2023-10-17T07:58:09.334+0000] {processor.py:157} INFO - Started process (PID=471) to work on /home/airflow/.local/lib/python3.8/site-packages/airflow/example_dags/tutorial_dag.py
[2023-10-17T07:58:09.335+0000] {processor.py:829} INFO - Processing file /home/airflow/.local/lib/python3.8/site-packages/airflow/example_dags/tutorial_dag.py for tasks to queue
[2023-10-17T07:58:09.336+0000] {logging_mixin.py:151} INFO - [2023-10-17T07:58:09.336+0000] {dagbag.py:536} INFO - Filling up the DagBag from /home/airflow/.local/lib/python3.8/site-packages/airflow/example_dags/tutorial_dag.py
[2023-10-17T07:58:09.341+0000] {processor.py:839} INFO - DAG(s) dict_keys(['tutorial_dag']) retrieved from /home/airflow/.local/lib/python3.8/site-packages/airflow/example_dags/tutorial_dag.py
[2023-10-17T07:58:09.355+0000] {logging_mixin.py:151} INFO - [2023-10-17T07:58:09.355+0000] {dag.py:2941} INFO - Sync 1 DAGs
[2023-10-17T07:58:09.364+0000] {logging_mixin.py:151} INFO - [2023-10-17T07:58:09.364+0000] {dag.py:3722} INFO - Setting next_dagrun for tutorial_dag to None, run_after=None
[2023-10-17T07:58:09.380+0000] {processor.py:179} INFO - Processing /home/airflow/.local/lib/python3.8/site-packages/airflow/example_dags/tutorial_dag.py took 0.048 seconds
[2023-10-17T07:58:39.585+0000] {processor.py:157} INFO - Started process (PID=525) to work on /home/airflow/.local/lib/python3.8/site-packages/airflow/example_dags/tutorial_dag.py
[2023-10-17T07:58:39.586+0000] {processor.py:829} INFO - Processing file /home/airflow/.local/lib/python3.8/site-packages/airflow/example_dags/tutorial_dag.py for tasks to queue
[2023-10-17T07:58:39.587+0000] {logging_mixin.py:151} INFO - [2023-10-17T07:58:39.587+0000] {dagbag.py:536} INFO - Filling up the DagBag from /home/airflow/.local/lib/python3.8/site-packages/airflow/example_dags/tutorial_dag.py
[2023-10-17T07:58:39.592+0000] {processor.py:839} INFO - DAG(s) dict_keys(['tutorial_dag']) retrieved from /home/airflow/.local/lib/python3.8/site-packages/airflow/example_dags/tutorial_dag.py
[2023-10-17T07:58:39.606+0000] {logging_mixin.py:151} INFO - [2023-10-17T07:58:39.606+0000] {dag.py:2941} INFO - Sync 1 DAGs
[2023-10-17T07:58:39.616+0000] {logging_mixin.py:151} INFO - [2023-10-17T07:58:39.616+0000] {dag.py:3722} INFO - Setting next_dagrun for tutorial_dag to None, run_after=None
[2023-10-17T07:58:39.629+0000] {processor.py:179} INFO - Processing /home/airflow/.local/lib/python3.8/site-packages/airflow/example_dags/tutorial_dag.py took 0.046 seconds
[2023-10-17T07:59:09.901+0000] {processor.py:157} INFO - Started process (PID=579) to work on /home/airflow/.local/lib/python3.8/site-packages/airflow/example_dags/tutorial_dag.py
[2023-10-17T07:59:09.902+0000] {processor.py:829} INFO - Processing file /home/airflow/.local/lib/python3.8/site-packages/airflow/example_dags/tutorial_dag.py for tasks to queue
[2023-10-17T07:59:09.903+0000] {logging_mixin.py:151} INFO - [2023-10-17T07:59:09.903+0000] {dagbag.py:536} INFO - Filling up the DagBag from /home/airflow/.local/lib/python3.8/site-packages/airflow/example_dags/tutorial_dag.py
[2023-10-17T07:59:09.906+0000] {processor.py:839} INFO - DAG(s) dict_keys(['tutorial_dag']) retrieved from /home/airflow/.local/lib/python3.8/site-packages/airflow/example_dags/tutorial_dag.py
[2023-10-17T07:59:09.920+0000] {logging_mixin.py:151} INFO - [2023-10-17T07:59:09.919+0000] {dag.py:2941} INFO - Sync 1 DAGs
[2023-10-17T07:59:09.929+0000] {logging_mixin.py:151} INFO - [2023-10-17T07:59:09.928+0000] {dag.py:3722} INFO - Setting next_dagrun for tutorial_dag to None, run_after=None
[2023-10-17T07:59:09.943+0000] {processor.py:179} INFO - Processing /home/airflow/.local/lib/python3.8/site-packages/airflow/example_dags/tutorial_dag.py took 0.043 seconds
[2023-10-17T07:59:40.090+0000] {processor.py:157} INFO - Started process (PID=633) to work on /home/airflow/.local/lib/python3.8/site-packages/airflow/example_dags/tutorial_dag.py
[2023-10-17T07:59:40.090+0000] {processor.py:829} INFO - Processing file /home/airflow/.local/lib/python3.8/site-packages/airflow/example_dags/tutorial_dag.py for tasks to queue
[2023-10-17T07:59:40.092+0000] {logging_mixin.py:151} INFO - [2023-10-17T07:59:40.091+0000] {dagbag.py:536} INFO - Filling up the DagBag from /home/airflow/.local/lib/python3.8/site-packages/airflow/example_dags/tutorial_dag.py
[2023-10-17T07:59:40.095+0000] {processor.py:839} INFO - DAG(s) dict_keys(['tutorial_dag']) retrieved from /home/airflow/.local/lib/python3.8/site-packages/airflow/example_dags/tutorial_dag.py
[2023-10-17T07:59:40.109+0000] {logging_mixin.py:151} INFO - [2023-10-17T07:59:40.109+0000] {dag.py:2941} INFO - Sync 1 DAGs
[2023-10-17T07:59:40.119+0000] {logging_mixin.py:151} INFO - [2023-10-17T07:59:40.119+0000] {dag.py:3722} INFO - Setting next_dagrun for tutorial_dag to None, run_after=None
[2023-10-17T07:59:40.133+0000] {processor.py:179} INFO - Processing /home/airflow/.local/lib/python3.8/site-packages/airflow/example_dags/tutorial_dag.py took 0.045 seconds
[2023-10-17T08:00:11.028+0000] {processor.py:157} INFO - Started process (PID=687) to work on /home/airflow/.local/lib/python3.8/site-packages/airflow/example_dags/tutorial_dag.py
[2023-10-17T08:00:11.029+0000] {processor.py:829} INFO - Processing file /home/airflow/.local/lib/python3.8/site-packages/airflow/example_dags/tutorial_dag.py for tasks to queue
[2023-10-17T08:00:11.030+0000] {logging_mixin.py:151} INFO - [2023-10-17T08:00:11.030+0000] {dagbag.py:536} INFO - Filling up the DagBag from /home/airflow/.local/lib/python3.8/site-packages/airflow/example_dags/tutorial_dag.py
[2023-10-17T08:00:11.033+0000] {processor.py:839} INFO - DAG(s) dict_keys(['tutorial_dag']) retrieved from /home/airflow/.local/lib/python3.8/site-packages/airflow/example_dags/tutorial_dag.py
[2023-10-17T08:00:11.047+0000] {logging_mixin.py:151} INFO - [2023-10-17T08:00:11.047+0000] {dag.py:2941} INFO - Sync 1 DAGs
[2023-10-17T08:00:11.057+0000] {logging_mixin.py:151} INFO - [2023-10-17T08:00:11.056+0000] {dag.py:3722} INFO - Setting next_dagrun for tutorial_dag to None, run_after=None
[2023-10-17T08:00:11.070+0000] {processor.py:179} INFO - Processing /home/airflow/.local/lib/python3.8/site-packages/airflow/example_dags/tutorial_dag.py took 0.044 seconds
[2023-10-17T08:00:41.158+0000] {processor.py:157} INFO - Started process (PID=741) to work on /home/airflow/.local/lib/python3.8/site-packages/airflow/example_dags/tutorial_dag.py
[2023-10-17T08:00:41.159+0000] {processor.py:829} INFO - Processing file /home/airflow/.local/lib/python3.8/site-packages/airflow/example_dags/tutorial_dag.py for tasks to queue
[2023-10-17T08:00:41.161+0000] {logging_mixin.py:151} INFO - [2023-10-17T08:00:41.160+0000] {dagbag.py:536} INFO - Filling up the DagBag from /home/airflow/.local/lib/python3.8/site-packages/airflow/example_dags/tutorial_dag.py
[2023-10-17T08:00:41.165+0000] {processor.py:839} INFO - DAG(s) dict_keys(['tutorial_dag']) retrieved from /home/airflow/.local/lib/python3.8/site-packages/airflow/example_dags/tutorial_dag.py
[2023-10-17T08:00:41.182+0000] {logging_mixin.py:151} INFO - [2023-10-17T08:00:41.182+0000] {dag.py:2941} INFO - Sync 1 DAGs
[2023-10-17T08:00:41.195+0000] {logging_mixin.py:151} INFO - [2023-10-17T08:00:41.194+0000] {dag.py:3722} INFO - Setting next_dagrun for tutorial_dag to None, run_after=None
[2023-10-17T08:00:41.209+0000] {processor.py:179} INFO - Processing /home/airflow/.local/lib/python3.8/site-packages/airflow/example_dags/tutorial_dag.py took 0.053 seconds
[2023-10-17T08:01:11.481+0000] {processor.py:157} INFO - Started process (PID=795) to work on /home/airflow/.local/lib/python3.8/site-packages/airflow/example_dags/tutorial_dag.py
[2023-10-17T08:01:11.481+0000] {processor.py:829} INFO - Processing file /home/airflow/.local/lib/python3.8/site-packages/airflow/example_dags/tutorial_dag.py for tasks to queue
[2023-10-17T08:01:11.483+0000] {logging_mixin.py:151} INFO - [2023-10-17T08:01:11.482+0000] {dagbag.py:536} INFO - Filling up the DagBag from /home/airflow/.local/lib/python3.8/site-packages/airflow/example_dags/tutorial_dag.py
[2023-10-17T08:01:11.486+0000] {processor.py:839} INFO - DAG(s) dict_keys(['tutorial_dag']) retrieved from /home/airflow/.local/lib/python3.8/site-packages/airflow/example_dags/tutorial_dag.py
[2023-10-17T08:01:11.500+0000] {logging_mixin.py:151} INFO - [2023-10-17T08:01:11.499+0000] {dag.py:2941} INFO - Sync 1 DAGs
[2023-10-17T08:01:11.510+0000] {logging_mixin.py:151} INFO - [2023-10-17T08:01:11.510+0000] {dag.py:3722} INFO - Setting next_dagrun for tutorial_dag to None, run_after=None
[2023-10-17T08:01:11.523+0000] {processor.py:179} INFO - Processing /home/airflow/.local/lib/python3.8/site-packages/airflow/example_dags/tutorial_dag.py took 0.044 seconds
[2023-10-17T08:01:41.613+0000] {processor.py:157} INFO - Started process (PID=849) to work on /home/airflow/.local/lib/python3.8/site-packages/airflow/example_dags/tutorial_dag.py
[2023-10-17T08:01:41.614+0000] {processor.py:829} INFO - Processing file /home/airflow/.local/lib/python3.8/site-packages/airflow/example_dags/tutorial_dag.py for tasks to queue
[2023-10-17T08:01:41.615+0000] {logging_mixin.py:151} INFO - [2023-10-17T08:01:41.615+0000] {dagbag.py:536} INFO - Filling up the DagBag from /home/airflow/.local/lib/python3.8/site-packages/airflow/example_dags/tutorial_dag.py
[2023-10-17T08:01:41.619+0000] {processor.py:839} INFO - DAG(s) dict_keys(['tutorial_dag']) retrieved from /home/airflow/.local/lib/python3.8/site-packages/airflow/example_dags/tutorial_dag.py
[2023-10-17T08:01:41.633+0000] {logging_mixin.py:151} INFO - [2023-10-17T08:01:41.633+0000] {dag.py:2941} INFO - Sync 1 DAGs
[2023-10-17T08:01:41.641+0000] {logging_mixin.py:151} INFO - [2023-10-17T08:01:41.641+0000] {dag.py:3722} INFO - Setting next_dagrun for tutorial_dag to None, run_after=None
[2023-10-17T08:01:41.654+0000] {processor.py:179} INFO - Processing /home/airflow/.local/lib/python3.8/site-packages/airflow/example_dags/tutorial_dag.py took 0.043 seconds
[2023-10-17T08:02:12.591+0000] {processor.py:157} INFO - Started process (PID=903) to work on /home/airflow/.local/lib/python3.8/site-packages/airflow/example_dags/tutorial_dag.py
[2023-10-17T08:02:12.591+0000] {processor.py:829} INFO - Processing file /home/airflow/.local/lib/python3.8/site-packages/airflow/example_dags/tutorial_dag.py for tasks to queue
[2023-10-17T08:02:12.593+0000] {logging_mixin.py:151} INFO - [2023-10-17T08:02:12.593+0000] {dagbag.py:536} INFO - Filling up the DagBag from /home/airflow/.local/lib/python3.8/site-packages/airflow/example_dags/tutorial_dag.py
[2023-10-17T08:02:12.596+0000] {processor.py:839} INFO - DAG(s) dict_keys(['tutorial_dag']) retrieved from /home/airflow/.local/lib/python3.8/site-packages/airflow/example_dags/tutorial_dag.py
[2023-10-17T08:02:12.630+0000] {logging_mixin.py:151} INFO - [2023-10-17T08:02:12.630+0000] {dag.py:2941} INFO - Sync 1 DAGs
[2023-10-17T08:02:12.645+0000] {logging_mixin.py:151} INFO - [2023-10-17T08:02:12.644+0000] {dag.py:3722} INFO - Setting next_dagrun for tutorial_dag to None, run_after=None
[2023-10-17T08:02:12.663+0000] {processor.py:179} INFO - Processing /home/airflow/.local/lib/python3.8/site-packages/airflow/example_dags/tutorial_dag.py took 0.074 seconds
[2023-10-17T08:02:43.599+0000] {processor.py:157} INFO - Started process (PID=957) to work on /home/airflow/.local/lib/python3.8/site-packages/airflow/example_dags/tutorial_dag.py
[2023-10-17T08:02:43.600+0000] {processor.py:829} INFO - Processing file /home/airflow/.local/lib/python3.8/site-packages/airflow/example_dags/tutorial_dag.py for tasks to queue
[2023-10-17T08:02:43.601+0000] {logging_mixin.py:151} INFO - [2023-10-17T08:02:43.601+0000] {dagbag.py:536} INFO - Filling up the DagBag from /home/airflow/.local/lib/python3.8/site-packages/airflow/example_dags/tutorial_dag.py
[2023-10-17T08:02:43.604+0000] {processor.py:839} INFO - DAG(s) dict_keys(['tutorial_dag']) retrieved from /home/airflow/.local/lib/python3.8/site-packages/airflow/example_dags/tutorial_dag.py
[2023-10-17T08:02:43.620+0000] {logging_mixin.py:151} INFO - [2023-10-17T08:02:43.619+0000] {dag.py:2941} INFO - Sync 1 DAGs
[2023-10-17T08:02:43.629+0000] {logging_mixin.py:151} INFO - [2023-10-17T08:02:43.629+0000] {dag.py:3722} INFO - Setting next_dagrun for tutorial_dag to None, run_after=None
[2023-10-17T08:02:43.643+0000] {processor.py:179} INFO - Processing /home/airflow/.local/lib/python3.8/site-packages/airflow/example_dags/tutorial_dag.py took 0.046 seconds
[2023-10-17T08:03:13.919+0000] {processor.py:157} INFO - Started process (PID=1011) to work on /home/airflow/.local/lib/python3.8/site-packages/airflow/example_dags/tutorial_dag.py
[2023-10-17T08:03:13.920+0000] {processor.py:829} INFO - Processing file /home/airflow/.local/lib/python3.8/site-packages/airflow/example_dags/tutorial_dag.py for tasks to queue
[2023-10-17T08:03:13.921+0000] {logging_mixin.py:151} INFO - [2023-10-17T08:03:13.921+0000] {dagbag.py:536} INFO - Filling up the DagBag from /home/airflow/.local/lib/python3.8/site-packages/airflow/example_dags/tutorial_dag.py
[2023-10-17T08:03:13.925+0000] {processor.py:839} INFO - DAG(s) dict_keys(['tutorial_dag']) retrieved from /home/airflow/.local/lib/python3.8/site-packages/airflow/example_dags/tutorial_dag.py
[2023-10-17T08:03:13.940+0000] {logging_mixin.py:151} INFO - [2023-10-17T08:03:13.940+0000] {dag.py:2941} INFO - Sync 1 DAGs
[2023-10-17T08:03:13.953+0000] {logging_mixin.py:151} INFO - [2023-10-17T08:03:13.953+0000] {dag.py:3722} INFO - Setting next_dagrun for tutorial_dag to None, run_after=None
[2023-10-17T08:03:13.967+0000] {processor.py:179} INFO - Processing /home/airflow/.local/lib/python3.8/site-packages/airflow/example_dags/tutorial_dag.py took 0.049 seconds
[2023-10-17T08:03:44.763+0000] {processor.py:157} INFO - Started process (PID=1065) to work on /home/airflow/.local/lib/python3.8/site-packages/airflow/example_dags/tutorial_dag.py
[2023-10-17T08:03:44.763+0000] {processor.py:829} INFO - Processing file /home/airflow/.local/lib/python3.8/site-packages/airflow/example_dags/tutorial_dag.py for tasks to queue
[2023-10-17T08:03:44.764+0000] {logging_mixin.py:151} INFO - [2023-10-17T08:03:44.764+0000] {dagbag.py:536} INFO - Filling up the DagBag from /home/airflow/.local/lib/python3.8/site-packages/airflow/example_dags/tutorial_dag.py
[2023-10-17T08:03:44.768+0000] {processor.py:839} INFO - DAG(s) dict_keys(['tutorial_dag']) retrieved from /home/airflow/.local/lib/python3.8/site-packages/airflow/example_dags/tutorial_dag.py
[2023-10-17T08:03:44.781+0000] {logging_mixin.py:151} INFO - [2023-10-17T08:03:44.781+0000] {dag.py:2941} INFO - Sync 1 DAGs
[2023-10-17T08:03:44.789+0000] {logging_mixin.py:151} INFO - [2023-10-17T08:03:44.789+0000] {dag.py:3722} INFO - Setting next_dagrun for tutorial_dag to None, run_after=None
[2023-10-17T08:03:44.803+0000] {processor.py:179} INFO - Processing /home/airflow/.local/lib/python3.8/site-packages/airflow/example_dags/tutorial_dag.py took 0.042 seconds
[2023-10-17T08:04:14.976+0000] {processor.py:157} INFO - Started process (PID=1119) to work on /home/airflow/.local/lib/python3.8/site-packages/airflow/example_dags/tutorial_dag.py
[2023-10-17T08:04:14.977+0000] {processor.py:829} INFO - Processing file /home/airflow/.local/lib/python3.8/site-packages/airflow/example_dags/tutorial_dag.py for tasks to queue
[2023-10-17T08:04:14.978+0000] {logging_mixin.py:151} INFO - [2023-10-17T08:04:14.978+0000] {dagbag.py:536} INFO - Filling up the DagBag from /home/airflow/.local/lib/python3.8/site-packages/airflow/example_dags/tutorial_dag.py
[2023-10-17T08:04:14.981+0000] {processor.py:839} INFO - DAG(s) dict_keys(['tutorial_dag']) retrieved from /home/airflow/.local/lib/python3.8/site-packages/airflow/example_dags/tutorial_dag.py
[2023-10-17T08:04:14.994+0000] {logging_mixin.py:151} INFO - [2023-10-17T08:04:14.994+0000] {dag.py:2941} INFO - Sync 1 DAGs
[2023-10-17T08:04:15.005+0000] {logging_mixin.py:151} INFO - [2023-10-17T08:04:15.004+0000] {dag.py:3722} INFO - Setting next_dagrun for tutorial_dag to None, run_after=None
[2023-10-17T08:04:15.017+0000] {processor.py:179} INFO - Processing /home/airflow/.local/lib/python3.8/site-packages/airflow/example_dags/tutorial_dag.py took 0.044 seconds
