[2023-10-17T11:25:34.885+0000] {taskinstance.py:1159} INFO - Dependencies all met for dep_context=non-requeueable deps ti=<TaskInstance: copy_tranform_to_mongo.waiting_for_data scheduled__2023-04-11T00:00:00+00:00 [queued]>
[2023-10-17T11:25:34.893+0000] {taskinstance.py:1159} INFO - Dependencies all met for dep_context=requeueable deps ti=<TaskInstance: copy_tranform_to_mongo.waiting_for_data scheduled__2023-04-11T00:00:00+00:00 [queued]>
[2023-10-17T11:25:34.893+0000] {taskinstance.py:1361} INFO - Starting attempt 1 of 1
[2023-10-17T11:25:34.905+0000] {taskinstance.py:1382} INFO - Executing <Task(FileSensor): waiting_for_data> on 2023-04-11 00:00:00+00:00
[2023-10-17T11:25:34.910+0000] {standard_task_runner.py:57} INFO - Started process 2181 to run task
[2023-10-17T11:25:34.912+0000] {standard_task_runner.py:84} INFO - Running: ['***', 'tasks', 'run', 'copy_tranform_to_mongo', 'waiting_for_data', 'scheduled__2023-04-11T00:00:00+00:00', '--job-id', '835', '--raw', '--subdir', 'DAGS_FOLDER/file_***-mongo.py', '--cfg-path', '/tmp/tmpe6i9sai4']
[2023-10-17T11:25:34.913+0000] {standard_task_runner.py:85} INFO - Job 835: Subtask waiting_for_data
[2023-10-17T11:25:34.949+0000] {task_command.py:416} INFO - Running <TaskInstance: copy_tranform_to_mongo.waiting_for_data scheduled__2023-04-11T00:00:00+00:00 [running]> on host 238c1d4ff767
[2023-10-17T11:25:35.013+0000] {taskinstance.py:1662} INFO - Exporting env vars: AIRFLOW_CTX_DAG_OWNER='***' AIRFLOW_CTX_DAG_ID='copy_tranform_to_mongo' AIRFLOW_CTX_TASK_ID='waiting_for_data' AIRFLOW_CTX_EXECUTION_DATE='2023-04-11T00:00:00+00:00' AIRFLOW_CTX_TRY_NUMBER='1' AIRFLOW_CTX_DAG_RUN_ID='scheduled__2023-04-11T00:00:00+00:00'
[2023-10-17T11:25:35.019+0000] {base.py:73} INFO - Using connection ID 'fs_default' for task execution.
[2023-10-17T11:25:35.020+0000] {filesystem.py:64} INFO - Poking for file /opt/in/tiktok_google_play_reviews.csv
[2023-10-17T11:25:35.020+0000] {filesystem.py:69} INFO - Found File /opt/in/tiktok_google_play_reviews.csv last modified: 20220405221612
[2023-10-17T11:25:35.020+0000] {base.py:287} INFO - Success criteria met. Exiting.
[2023-10-17T11:25:35.026+0000] {taskinstance.py:1400} INFO - Marking task as SUCCESS. dag_id=copy_tranform_to_mongo, task_id=waiting_for_data, execution_date=20230411T000000, start_date=20231017T112534, end_date=20231017T112535
[2023-10-17T11:25:35.044+0000] {local_task_job_runner.py:228} INFO - Task exited with return code 0
[2023-10-17T11:25:35.056+0000] {taskinstance.py:2778} INFO - 0 downstream tasks scheduled from follow-on schedule check
[2023-10-18T11:50:59.680+0000] {taskinstance.py:1159} INFO - Dependencies all met for dep_context=non-requeueable deps ti=<TaskInstance: copy_tranform_to_mongo.waiting_for_data scheduled__2023-04-11T00:00:00+00:00 [queued]>
[2023-10-18T11:50:59.694+0000] {taskinstance.py:1159} INFO - Dependencies all met for dep_context=requeueable deps ti=<TaskInstance: copy_tranform_to_mongo.waiting_for_data scheduled__2023-04-11T00:00:00+00:00 [queued]>
[2023-10-18T11:50:59.695+0000] {taskinstance.py:1361} INFO - Starting attempt 1 of 1
[2023-10-18T11:50:59.713+0000] {taskinstance.py:1382} INFO - Executing <Task(FileSensor): waiting_for_data> on 2023-04-11 00:00:00+00:00
[2023-10-18T11:50:59.722+0000] {standard_task_runner.py:57} INFO - Started process 3899 to run task
[2023-10-18T11:50:59.725+0000] {standard_task_runner.py:84} INFO - Running: ['***', 'tasks', 'run', 'copy_tranform_to_mongo', 'waiting_for_data', 'scheduled__2023-04-11T00:00:00+00:00', '--job-id', '1626', '--raw', '--subdir', 'DAGS_FOLDER/file_***-mongo.py', '--cfg-path', '/tmp/tmpcxdwkeeh']
[2023-10-18T11:50:59.726+0000] {standard_task_runner.py:85} INFO - Job 1626: Subtask waiting_for_data
[2023-10-18T11:50:59.792+0000] {task_command.py:416} INFO - Running <TaskInstance: copy_tranform_to_mongo.waiting_for_data scheduled__2023-04-11T00:00:00+00:00 [running]> on host 0e68aa52dfc7
[2023-10-18T11:50:59.899+0000] {taskinstance.py:1662} INFO - Exporting env vars: AIRFLOW_CTX_DAG_OWNER='***' AIRFLOW_CTX_DAG_ID='copy_tranform_to_mongo' AIRFLOW_CTX_TASK_ID='waiting_for_data' AIRFLOW_CTX_EXECUTION_DATE='2023-04-11T00:00:00+00:00' AIRFLOW_CTX_TRY_NUMBER='1' AIRFLOW_CTX_DAG_RUN_ID='scheduled__2023-04-11T00:00:00+00:00'
[2023-10-18T11:50:59.913+0000] {base.py:73} INFO - Using connection ID 'fs_default' for task execution.
[2023-10-18T11:50:59.914+0000] {filesystem.py:64} INFO - Poking for file /opt/in/tiktok_google_play_reviews.csv
[2023-10-18T11:50:59.915+0000] {filesystem.py:69} INFO - Found File /opt/in/tiktok_google_play_reviews.csv last modified: 20220405221612
[2023-10-18T11:50:59.915+0000] {base.py:287} INFO - Success criteria met. Exiting.
[2023-10-18T11:50:59.931+0000] {taskinstance.py:1400} INFO - Marking task as SUCCESS. dag_id=copy_tranform_to_mongo, task_id=waiting_for_data, execution_date=20230411T000000, start_date=20231018T115059, end_date=20231018T115059
[2023-10-18T11:50:59.981+0000] {local_task_job_runner.py:228} INFO - Task exited with return code 0
[2023-10-18T11:51:00.009+0000] {taskinstance.py:2778} INFO - 0 downstream tasks scheduled from follow-on schedule check
