[2023-10-17T11:21:41.092+0000] {taskinstance.py:1159} INFO - Dependencies all met for dep_context=non-requeueable deps ti=<TaskInstance: copy_tranform_to_mongo.waiting_for_data scheduled__2022-01-03T00:00:00+00:00 [queued]>
[2023-10-17T11:21:41.099+0000] {taskinstance.py:1159} INFO - Dependencies all met for dep_context=requeueable deps ti=<TaskInstance: copy_tranform_to_mongo.waiting_for_data scheduled__2022-01-03T00:00:00+00:00 [queued]>
[2023-10-17T11:21:41.100+0000] {taskinstance.py:1361} INFO - Starting attempt 1 of 1
[2023-10-17T11:21:41.112+0000] {taskinstance.py:1382} INFO - Executing <Task(FileSensor): waiting_for_data> on 2022-01-03 00:00:00+00:00
[2023-10-17T11:21:41.118+0000] {standard_task_runner.py:57} INFO - Started process 1200 to run task
[2023-10-17T11:21:41.120+0000] {standard_task_runner.py:84} INFO - Running: ['***', 'tasks', 'run', 'copy_tranform_to_mongo', 'waiting_for_data', 'scheduled__2022-01-03T00:00:00+00:00', '--job-id', '372', '--raw', '--subdir', 'DAGS_FOLDER/file_***-mongo.py', '--cfg-path', '/tmp/tmp8yjgfzhm']
[2023-10-17T11:21:41.121+0000] {standard_task_runner.py:85} INFO - Job 372: Subtask waiting_for_data
[2023-10-17T11:21:41.157+0000] {task_command.py:416} INFO - Running <TaskInstance: copy_tranform_to_mongo.waiting_for_data scheduled__2022-01-03T00:00:00+00:00 [running]> on host 238c1d4ff767
[2023-10-17T11:21:41.224+0000] {taskinstance.py:1662} INFO - Exporting env vars: AIRFLOW_CTX_DAG_OWNER='***' AIRFLOW_CTX_DAG_ID='copy_tranform_to_mongo' AIRFLOW_CTX_TASK_ID='waiting_for_data' AIRFLOW_CTX_EXECUTION_DATE='2022-01-03T00:00:00+00:00' AIRFLOW_CTX_TRY_NUMBER='1' AIRFLOW_CTX_DAG_RUN_ID='scheduled__2022-01-03T00:00:00+00:00'
[2023-10-17T11:21:41.231+0000] {base.py:73} INFO - Using connection ID 'fs_default' for task execution.
[2023-10-17T11:21:41.231+0000] {filesystem.py:64} INFO - Poking for file /opt/in/tiktok_google_play_reviews.csv
[2023-10-17T11:21:41.231+0000] {filesystem.py:69} INFO - Found File /opt/in/tiktok_google_play_reviews.csv last modified: 20220405221612
[2023-10-17T11:21:41.231+0000] {base.py:287} INFO - Success criteria met. Exiting.
[2023-10-17T11:21:41.238+0000] {taskinstance.py:1400} INFO - Marking task as SUCCESS. dag_id=copy_tranform_to_mongo, task_id=waiting_for_data, execution_date=20220103T000000, start_date=20231017T112141, end_date=20231017T112141
[2023-10-17T11:21:41.292+0000] {local_task_job_runner.py:228} INFO - Task exited with return code 0
[2023-10-17T11:21:41.304+0000] {taskinstance.py:2778} INFO - 0 downstream tasks scheduled from follow-on schedule check
[2023-10-18T11:45:52.470+0000] {taskinstance.py:1159} INFO - Dependencies all met for dep_context=non-requeueable deps ti=<TaskInstance: copy_tranform_to_mongo.waiting_for_data scheduled__2022-01-03T00:00:00+00:00 [queued]>
[2023-10-18T11:45:52.482+0000] {taskinstance.py:1159} INFO - Dependencies all met for dep_context=requeueable deps ti=<TaskInstance: copy_tranform_to_mongo.waiting_for_data scheduled__2022-01-03T00:00:00+00:00 [queued]>
[2023-10-18T11:45:52.482+0000] {taskinstance.py:1361} INFO - Starting attempt 1 of 1
[2023-10-18T11:45:52.495+0000] {taskinstance.py:1382} INFO - Executing <Task(FileSensor): waiting_for_data> on 2022-01-03 00:00:00+00:00
[2023-10-18T11:45:52.502+0000] {standard_task_runner.py:57} INFO - Started process 1959 to run task
[2023-10-18T11:45:52.505+0000] {standard_task_runner.py:84} INFO - Running: ['***', 'tasks', 'run', 'copy_tranform_to_mongo', 'waiting_for_data', 'scheduled__2022-01-03T00:00:00+00:00', '--job-id', '697', '--raw', '--subdir', 'DAGS_FOLDER/file_***-mongo.py', '--cfg-path', '/tmp/tmpp932gkni']
[2023-10-18T11:45:52.506+0000] {standard_task_runner.py:85} INFO - Job 697: Subtask waiting_for_data
[2023-10-18T11:45:52.550+0000] {task_command.py:416} INFO - Running <TaskInstance: copy_tranform_to_mongo.waiting_for_data scheduled__2022-01-03T00:00:00+00:00 [running]> on host 0e68aa52dfc7
[2023-10-18T11:45:52.617+0000] {taskinstance.py:1662} INFO - Exporting env vars: AIRFLOW_CTX_DAG_OWNER='***' AIRFLOW_CTX_DAG_ID='copy_tranform_to_mongo' AIRFLOW_CTX_TASK_ID='waiting_for_data' AIRFLOW_CTX_EXECUTION_DATE='2022-01-03T00:00:00+00:00' AIRFLOW_CTX_TRY_NUMBER='1' AIRFLOW_CTX_DAG_RUN_ID='scheduled__2022-01-03T00:00:00+00:00'
[2023-10-18T11:45:52.624+0000] {base.py:73} INFO - Using connection ID 'fs_default' for task execution.
[2023-10-18T11:45:52.625+0000] {filesystem.py:64} INFO - Poking for file /opt/in/tiktok_google_play_reviews.csv
[2023-10-18T11:45:52.625+0000] {filesystem.py:69} INFO - Found File /opt/in/tiktok_google_play_reviews.csv last modified: 20220405221612
[2023-10-18T11:45:52.625+0000] {base.py:287} INFO - Success criteria met. Exiting.
[2023-10-18T11:45:52.633+0000] {taskinstance.py:1400} INFO - Marking task as SUCCESS. dag_id=copy_tranform_to_mongo, task_id=waiting_for_data, execution_date=20220103T000000, start_date=20231018T114552, end_date=20231018T114552
[2023-10-18T11:45:52.677+0000] {local_task_job_runner.py:228} INFO - Task exited with return code 0
[2023-10-18T11:45:52.704+0000] {taskinstance.py:2778} INFO - 1 downstream tasks scheduled from follow-on schedule check
