[2023-10-19T13:47:41.472+0000] {taskinstance.py:1159} INFO - Dependencies all met for dep_context=non-requeueable deps ti=<TaskInstance: copy_tranform_to_mongo.transform_data_by_pandas manual__2023-10-19T13:47:39.519696+00:00 [queued]>
[2023-10-19T13:47:41.479+0000] {taskinstance.py:1159} INFO - Dependencies all met for dep_context=requeueable deps ti=<TaskInstance: copy_tranform_to_mongo.transform_data_by_pandas manual__2023-10-19T13:47:39.519696+00:00 [queued]>
[2023-10-19T13:47:41.480+0000] {taskinstance.py:1361} INFO - Starting attempt 1 of 1
[2023-10-19T13:47:41.492+0000] {taskinstance.py:1382} INFO - Executing <Task(DockerOperator): transform_data_by_pandas> on 2023-10-19 13:47:39.519696+00:00
[2023-10-19T13:47:41.496+0000] {standard_task_runner.py:57} INFO - Started process 982 to run task
[2023-10-19T13:47:41.498+0000] {standard_task_runner.py:84} INFO - Running: ['***', 'tasks', 'run', 'copy_tranform_to_mongo', 'transform_data_by_pandas', 'manual__2023-10-19T13:47:39.519696+00:00', '--job-id', '103', '--raw', '--subdir', 'DAGS_FOLDER/file_***-mongo.py', '--cfg-path', '/tmp/tmppfh1eg0b']
[2023-10-19T13:47:41.499+0000] {standard_task_runner.py:85} INFO - Job 103: Subtask transform_data_by_pandas
[2023-10-19T13:47:41.530+0000] {task_command.py:416} INFO - Running <TaskInstance: copy_tranform_to_mongo.transform_data_by_pandas manual__2023-10-19T13:47:39.519696+00:00 [running]> on host f2b9ba520501
[2023-10-19T13:47:41.579+0000] {taskinstance.py:1662} INFO - Exporting env vars: AIRFLOW_CTX_DAG_OWNER='***' AIRFLOW_CTX_DAG_ID='copy_tranform_to_mongo' AIRFLOW_CTX_TASK_ID='transform_data_by_pandas' AIRFLOW_CTX_EXECUTION_DATE='2023-10-19T13:47:39.519696+00:00' AIRFLOW_CTX_TRY_NUMBER='1' AIRFLOW_CTX_DAG_RUN_ID='manual__2023-10-19T13:47:39.519696+00:00'
[2023-10-19T13:47:41.591+0000] {docker.py:337} INFO - Starting docker container from image python/pandas:1.0.0
[2023-10-19T13:47:42.065+0000] {docker.py:406} INFO - Input Notebook:  /opt/pandasapp/notebooks/tiktok_google_reviews.ipynb
Output Notebook: /opt/pandasapp/notebooks/tiktok_google_reviews.ipynb
[2023-10-19T13:47:42.103+0000] {docker.py:406} INFO - Executing:   0%|          | 0/27 [00:00<?, ?cell/s]
[2023-10-19T13:47:42.807+0000] {docker.py:406} INFO - Executing notebook with kernel: python3
[2023-10-19T13:47:42.815+0000] {docker.py:406} INFO - Executing:   4%|▎         | 1/27 [00:00<00:18,  1.40cell/s]
[2023-10-19T13:47:43.466+0000] {docker.py:406} INFO - Executing:  15%|█▍        | 4/27 [00:01<00:07,  3.22cell/s]
[2023-10-19T13:47:44.830+0000] {docker.py:406} INFO - Executing:  22%|██▏       | 6/27 [00:02<00:09,  2.12cell/s]
[2023-10-19T13:47:44.972+0000] {docker.py:406} INFO - Executing:  44%|████▍     | 12/27 [00:02<00:02,  5.55cell/s]
[2023-10-19T13:47:45.112+0000] {docker.py:406} INFO - Executing:  59%|█████▉    | 16/27 [00:03<00:01,  8.03cell/s]
[2023-10-19T13:47:45.518+0000] {docker.py:406} INFO - Executing:  70%|███████   | 19/27 [00:03<00:01,  7.83cell/s]
[2023-10-19T13:47:45.846+0000] {docker.py:406} INFO - Executing:  78%|███████▊  | 21/27 [00:03<00:00,  7.38cell/s]
[2023-10-19T13:47:46.218+0000] {docker.py:406} INFO - Executing:  85%|████████▌ | 23/27 [00:04<00:00,  6.78cell/s]
[2023-10-19T13:47:46.860+0000] {docker.py:406} INFO - Executing:  96%|█████████▋| 26/27 [00:04<00:00,  5.88cell/s]
[2023-10-19T13:47:47.291+0000] {docker.py:406} INFO - Executing: 100%|██████████| 27/27 [00:05<00:00,  5.20cell/s]
[2023-10-19T13:47:47.692+0000] {taskinstance.py:1400} INFO - Marking task as SUCCESS. dag_id=copy_tranform_to_mongo, task_id=transform_data_by_pandas, execution_date=20231019T134739, start_date=20231019T134741, end_date=20231019T134747
[2023-10-19T13:47:47.720+0000] {local_task_job_runner.py:228} INFO - Task exited with return code 0
[2023-10-19T13:47:47.746+0000] {taskinstance.py:2778} INFO - 1 downstream tasks scheduled from follow-on schedule check
