[2023-10-17T11:27:13.658+0000] {taskinstance.py:1159} INFO - Dependencies all met for dep_context=non-requeueable deps ti=<TaskInstance: copy_tranform_to_mongo.waiting_for_data scheduled__2023-09-02T00:00:00+00:00 [queued]>
[2023-10-17T11:27:13.668+0000] {taskinstance.py:1159} INFO - Dependencies all met for dep_context=requeueable deps ti=<TaskInstance: copy_tranform_to_mongo.waiting_for_data scheduled__2023-09-02T00:00:00+00:00 [queued]>
[2023-10-17T11:27:13.669+0000] {taskinstance.py:1361} INFO - Starting attempt 1 of 1
[2023-10-17T11:27:13.702+0000] {taskinstance.py:1382} INFO - Executing <Task(FileSensor): waiting_for_data> on 2023-09-02 00:00:00+00:00
[2023-10-17T11:27:13.710+0000] {standard_task_runner.py:57} INFO - Started process 2502 to run task
[2023-10-17T11:27:13.713+0000] {standard_task_runner.py:84} INFO - Running: ['***', 'tasks', 'run', 'copy_tranform_to_mongo', 'waiting_for_data', 'scheduled__2023-09-02T00:00:00+00:00', '--job-id', '979', '--raw', '--subdir', 'DAGS_FOLDER/file_***-mongo.py', '--cfg-path', '/tmp/tmp0ujmycu3']
[2023-10-17T11:27:13.715+0000] {standard_task_runner.py:85} INFO - Job 979: Subtask waiting_for_data
[2023-10-17T11:27:13.756+0000] {task_command.py:416} INFO - Running <TaskInstance: copy_tranform_to_mongo.waiting_for_data scheduled__2023-09-02T00:00:00+00:00 [running]> on host 238c1d4ff767
[2023-10-17T11:27:13.831+0000] {taskinstance.py:1662} INFO - Exporting env vars: AIRFLOW_CTX_DAG_OWNER='***' AIRFLOW_CTX_DAG_ID='copy_tranform_to_mongo' AIRFLOW_CTX_TASK_ID='waiting_for_data' AIRFLOW_CTX_EXECUTION_DATE='2023-09-02T00:00:00+00:00' AIRFLOW_CTX_TRY_NUMBER='1' AIRFLOW_CTX_DAG_RUN_ID='scheduled__2023-09-02T00:00:00+00:00'
[2023-10-17T11:27:13.841+0000] {base.py:73} INFO - Using connection ID 'fs_default' for task execution.
[2023-10-17T11:27:13.841+0000] {filesystem.py:64} INFO - Poking for file /opt/in/tiktok_google_play_reviews.csv
[2023-10-17T11:27:13.842+0000] {filesystem.py:69} INFO - Found File /opt/in/tiktok_google_play_reviews.csv last modified: 20220405221612
[2023-10-17T11:27:13.842+0000] {base.py:287} INFO - Success criteria met. Exiting.
[2023-10-17T11:27:13.852+0000] {taskinstance.py:1400} INFO - Marking task as SUCCESS. dag_id=copy_tranform_to_mongo, task_id=waiting_for_data, execution_date=20230902T000000, start_date=20231017T112713, end_date=20231017T112713
[2023-10-17T11:27:13.885+0000] {local_task_job_runner.py:228} INFO - Task exited with return code 0
[2023-10-17T11:27:13.902+0000] {taskinstance.py:2778} INFO - 0 downstream tasks scheduled from follow-on schedule check
[2023-10-18T11:52:25.640+0000] {taskinstance.py:1159} INFO - Dependencies all met for dep_context=non-requeueable deps ti=<TaskInstance: copy_tranform_to_mongo.waiting_for_data scheduled__2023-09-02T00:00:00+00:00 [queued]>
[2023-10-18T11:52:25.650+0000] {taskinstance.py:1159} INFO - Dependencies all met for dep_context=requeueable deps ti=<TaskInstance: copy_tranform_to_mongo.waiting_for_data scheduled__2023-09-02T00:00:00+00:00 [queued]>
[2023-10-18T11:52:25.650+0000] {taskinstance.py:1361} INFO - Starting attempt 1 of 1
[2023-10-18T11:52:25.665+0000] {taskinstance.py:1382} INFO - Executing <Task(FileSensor): waiting_for_data> on 2023-09-02 00:00:00+00:00
[2023-10-18T11:52:25.673+0000] {standard_task_runner.py:57} INFO - Started process 4494 to run task
[2023-10-18T11:52:25.676+0000] {standard_task_runner.py:84} INFO - Running: ['***', 'tasks', 'run', 'copy_tranform_to_mongo', 'waiting_for_data', 'scheduled__2023-09-02T00:00:00+00:00', '--job-id', '1912', '--raw', '--subdir', 'DAGS_FOLDER/file_***-mongo.py', '--cfg-path', '/tmp/tmp5fowws78']
[2023-10-18T11:52:25.677+0000] {standard_task_runner.py:85} INFO - Job 1912: Subtask waiting_for_data
[2023-10-18T11:52:25.724+0000] {task_command.py:416} INFO - Running <TaskInstance: copy_tranform_to_mongo.waiting_for_data scheduled__2023-09-02T00:00:00+00:00 [running]> on host 0e68aa52dfc7
[2023-10-18T11:52:25.801+0000] {taskinstance.py:1662} INFO - Exporting env vars: AIRFLOW_CTX_DAG_OWNER='***' AIRFLOW_CTX_DAG_ID='copy_tranform_to_mongo' AIRFLOW_CTX_TASK_ID='waiting_for_data' AIRFLOW_CTX_EXECUTION_DATE='2023-09-02T00:00:00+00:00' AIRFLOW_CTX_TRY_NUMBER='1' AIRFLOW_CTX_DAG_RUN_ID='scheduled__2023-09-02T00:00:00+00:00'
[2023-10-18T11:52:25.811+0000] {base.py:73} INFO - Using connection ID 'fs_default' for task execution.
[2023-10-18T11:52:25.811+0000] {filesystem.py:64} INFO - Poking for file /opt/in/tiktok_google_play_reviews.csv
[2023-10-18T11:52:25.811+0000] {filesystem.py:69} INFO - Found File /opt/in/tiktok_google_play_reviews.csv last modified: 20220405221612
[2023-10-18T11:52:25.812+0000] {base.py:287} INFO - Success criteria met. Exiting.
[2023-10-18T11:52:25.822+0000] {taskinstance.py:1400} INFO - Marking task as SUCCESS. dag_id=copy_tranform_to_mongo, task_id=waiting_for_data, execution_date=20230902T000000, start_date=20231018T115225, end_date=20231018T115225
[2023-10-18T11:52:25.850+0000] {local_task_job_runner.py:228} INFO - Task exited with return code 0
[2023-10-18T11:52:25.888+0000] {taskinstance.py:2778} INFO - 0 downstream tasks scheduled from follow-on schedule check
