[2023-10-17T11:19:33.282+0000] {taskinstance.py:1159} INFO - Dependencies all met for dep_context=non-requeueable deps ti=<TaskInstance: copy_tranform_to_mongo.waiting_for_data scheduled__2021-05-06T00:00:00+00:00 [queued]>
[2023-10-17T11:19:33.290+0000] {taskinstance.py:1159} INFO - Dependencies all met for dep_context=requeueable deps ti=<TaskInstance: copy_tranform_to_mongo.waiting_for_data scheduled__2021-05-06T00:00:00+00:00 [queued]>
[2023-10-17T11:19:33.290+0000] {taskinstance.py:1361} INFO - Starting attempt 1 of 1
[2023-10-17T11:19:33.303+0000] {taskinstance.py:1382} INFO - Executing <Task(FileSensor): waiting_for_data> on 2021-05-06 00:00:00+00:00
[2023-10-17T11:19:33.310+0000] {standard_task_runner.py:57} INFO - Started process 684 to run task
[2023-10-17T11:19:33.313+0000] {standard_task_runner.py:84} INFO - Running: ['***', 'tasks', 'run', 'copy_tranform_to_mongo', 'waiting_for_data', 'scheduled__2021-05-06T00:00:00+00:00', '--job-id', '130', '--raw', '--subdir', 'DAGS_FOLDER/file_***-mongo.py', '--cfg-path', '/tmp/tmpl4ayi5j2']
[2023-10-17T11:19:33.314+0000] {standard_task_runner.py:85} INFO - Job 130: Subtask waiting_for_data
[2023-10-17T11:19:33.352+0000] {task_command.py:416} INFO - Running <TaskInstance: copy_tranform_to_mongo.waiting_for_data scheduled__2021-05-06T00:00:00+00:00 [running]> on host 238c1d4ff767
[2023-10-17T11:19:33.419+0000] {taskinstance.py:1662} INFO - Exporting env vars: AIRFLOW_CTX_DAG_OWNER='***' AIRFLOW_CTX_DAG_ID='copy_tranform_to_mongo' AIRFLOW_CTX_TASK_ID='waiting_for_data' AIRFLOW_CTX_EXECUTION_DATE='2021-05-06T00:00:00+00:00' AIRFLOW_CTX_TRY_NUMBER='1' AIRFLOW_CTX_DAG_RUN_ID='scheduled__2021-05-06T00:00:00+00:00'
[2023-10-17T11:19:33.425+0000] {base.py:73} INFO - Using connection ID 'fs_default' for task execution.
[2023-10-17T11:19:33.426+0000] {filesystem.py:64} INFO - Poking for file /opt/in/tiktok_google_play_reviews.csv
[2023-10-17T11:19:33.426+0000] {filesystem.py:69} INFO - Found File /opt/in/tiktok_google_play_reviews.csv last modified: 20220405221612
[2023-10-17T11:19:33.426+0000] {base.py:287} INFO - Success criteria met. Exiting.
[2023-10-17T11:19:33.433+0000] {taskinstance.py:1400} INFO - Marking task as SUCCESS. dag_id=copy_tranform_to_mongo, task_id=waiting_for_data, execution_date=20210506T000000, start_date=20231017T111933, end_date=20231017T111933
[2023-10-17T11:19:33.485+0000] {local_task_job_runner.py:228} INFO - Task exited with return code 0
[2023-10-17T11:19:33.497+0000] {taskinstance.py:2778} INFO - 0 downstream tasks scheduled from follow-on schedule check
[2023-10-18T10:43:07.209+0000] {taskinstance.py:1159} INFO - Dependencies all met for dep_context=non-requeueable deps ti=<TaskInstance: copy_tranform_to_mongo.waiting_for_data scheduled__2021-05-06T00:00:00+00:00 [queued]>
[2023-10-18T10:43:07.222+0000] {taskinstance.py:1159} INFO - Dependencies all met for dep_context=requeueable deps ti=<TaskInstance: copy_tranform_to_mongo.waiting_for_data scheduled__2021-05-06T00:00:00+00:00 [queued]>
[2023-10-18T10:43:07.222+0000] {taskinstance.py:1361} INFO - Starting attempt 1 of 1
[2023-10-18T10:43:07.239+0000] {taskinstance.py:1382} INFO - Executing <Task(FileSensor): waiting_for_data> on 2021-05-06 00:00:00+00:00
[2023-10-18T10:43:07.245+0000] {standard_task_runner.py:57} INFO - Started process 1647 to run task
[2023-10-18T10:43:07.248+0000] {standard_task_runner.py:84} INFO - Running: ['***', 'tasks', 'run', 'copy_tranform_to_mongo', 'waiting_for_data', 'scheduled__2021-05-06T00:00:00+00:00', '--job-id', '129', '--raw', '--subdir', 'DAGS_FOLDER/file_***-mongo.py', '--cfg-path', '/tmp/tmpm8j309a8']
[2023-10-18T10:43:07.249+0000] {standard_task_runner.py:85} INFO - Job 129: Subtask waiting_for_data
[2023-10-18T10:43:07.293+0000] {task_command.py:416} INFO - Running <TaskInstance: copy_tranform_to_mongo.waiting_for_data scheduled__2021-05-06T00:00:00+00:00 [running]> on host 2473b23ba069
[2023-10-18T10:43:07.351+0000] {taskinstance.py:1662} INFO - Exporting env vars: AIRFLOW_CTX_DAG_OWNER='***' AIRFLOW_CTX_DAG_ID='copy_tranform_to_mongo' AIRFLOW_CTX_TASK_ID='waiting_for_data' AIRFLOW_CTX_EXECUTION_DATE='2021-05-06T00:00:00+00:00' AIRFLOW_CTX_TRY_NUMBER='1' AIRFLOW_CTX_DAG_RUN_ID='scheduled__2021-05-06T00:00:00+00:00'
[2023-10-18T10:43:07.365+0000] {taskinstance.py:1937} ERROR - Task failed with exception
Traceback (most recent call last):
  File "/home/airflow/.local/lib/python3.8/site-packages/airflow/sensors/base.py", line 257, in execute
    raise e
  File "/home/airflow/.local/lib/python3.8/site-packages/airflow/sensors/base.py", line 239, in execute
    poke_return = self.poke(context)
  File "/home/airflow/.local/lib/python3.8/site-packages/airflow/sensors/filesystem.py", line 61, in poke
    hook = FSHook(self.fs_conn_id)
  File "/home/airflow/.local/lib/python3.8/site-packages/airflow/hooks/filesystem.py", line 38, in __init__
    conn = self.get_connection(conn_id)
  File "/home/airflow/.local/lib/python3.8/site-packages/airflow/hooks/base.py", line 72, in get_connection
    conn = Connection.get_connection_from_secrets(conn_id)
  File "/home/airflow/.local/lib/python3.8/site-packages/airflow/models/connection.py", line 477, in get_connection_from_secrets
    raise AirflowNotFoundException(f"The conn_id `{conn_id}` isn't defined")
airflow.exceptions.AirflowNotFoundException: The conn_id `fs_default` isn't defined
[2023-10-18T10:43:07.368+0000] {taskinstance.py:1400} INFO - Marking task as FAILED. dag_id=copy_tranform_to_mongo, task_id=waiting_for_data, execution_date=20210506T000000, start_date=20231018T104307, end_date=20231018T104307
[2023-10-18T10:43:07.381+0000] {standard_task_runner.py:104} ERROR - Failed to execute job 129 for task waiting_for_data (The conn_id `fs_default` isn't defined; 1647)
[2023-10-18T10:43:07.421+0000] {local_task_job_runner.py:228} INFO - Task exited with return code 1
[2023-10-18T10:43:07.456+0000] {taskinstance.py:2778} INFO - 0 downstream tasks scheduled from follow-on schedule check
[2023-10-18T11:17:42.994+0000] {taskinstance.py:1159} INFO - Dependencies all met for dep_context=non-requeueable deps ti=<TaskInstance: copy_tranform_to_mongo.waiting_for_data scheduled__2021-05-06T00:00:00+00:00 [queued]>
[2023-10-18T11:17:43.009+0000] {taskinstance.py:1159} INFO - Dependencies all met for dep_context=requeueable deps ti=<TaskInstance: copy_tranform_to_mongo.waiting_for_data scheduled__2021-05-06T00:00:00+00:00 [queued]>
[2023-10-18T11:17:43.009+0000] {taskinstance.py:1361} INFO - Starting attempt 1 of 1
[2023-10-18T11:17:43.027+0000] {taskinstance.py:1382} INFO - Executing <Task(FileSensor): waiting_for_data> on 2021-05-06 00:00:00+00:00
[2023-10-18T11:17:43.033+0000] {standard_task_runner.py:57} INFO - Started process 565 to run task
[2023-10-18T11:17:43.038+0000] {standard_task_runner.py:84} INFO - Running: ['***', 'tasks', 'run', 'copy_tranform_to_mongo', 'waiting_for_data', 'scheduled__2021-05-06T00:00:00+00:00', '--job-id', '212', '--raw', '--subdir', 'DAGS_FOLDER/file_***-mongo.py', '--cfg-path', '/tmp/tmposfx61te']
[2023-10-18T11:17:43.039+0000] {standard_task_runner.py:85} INFO - Job 212: Subtask waiting_for_data
[2023-10-18T11:17:43.091+0000] {task_command.py:416} INFO - Running <TaskInstance: copy_tranform_to_mongo.waiting_for_data scheduled__2021-05-06T00:00:00+00:00 [running]> on host 0e68aa52dfc7
[2023-10-18T11:17:43.181+0000] {taskinstance.py:1662} INFO - Exporting env vars: AIRFLOW_CTX_DAG_OWNER='***' AIRFLOW_CTX_DAG_ID='copy_tranform_to_mongo' AIRFLOW_CTX_TASK_ID='waiting_for_data' AIRFLOW_CTX_EXECUTION_DATE='2021-05-06T00:00:00+00:00' AIRFLOW_CTX_TRY_NUMBER='1' AIRFLOW_CTX_DAG_RUN_ID='scheduled__2021-05-06T00:00:00+00:00'
[2023-10-18T11:17:43.193+0000] {base.py:73} INFO - Using connection ID 'fs_default' for task execution.
[2023-10-18T11:17:43.194+0000] {filesystem.py:64} INFO - Poking for file /opt/in/tiktok_google_play_reviews.csv
[2023-10-18T11:17:43.195+0000] {filesystem.py:69} INFO - Found File /opt/in/tiktok_google_play_reviews.csv last modified: 20220405221612
[2023-10-18T11:17:43.195+0000] {base.py:287} INFO - Success criteria met. Exiting.
[2023-10-18T11:17:43.205+0000] {taskinstance.py:1400} INFO - Marking task as SUCCESS. dag_id=copy_tranform_to_mongo, task_id=waiting_for_data, execution_date=20210506T000000, start_date=20231018T111742, end_date=20231018T111743
[2023-10-18T11:17:43.252+0000] {local_task_job_runner.py:228} INFO - Task exited with return code 0
[2023-10-18T11:17:43.278+0000] {taskinstance.py:2778} INFO - 1 downstream tasks scheduled from follow-on schedule check
[2023-10-19T12:43:08.231+0000] {taskinstance.py:1159} INFO - Dependencies all met for dep_context=non-requeueable deps ti=<TaskInstance: copy_tranform_to_mongo.waiting_for_data scheduled__2021-05-06T00:00:00+00:00 [queued]>
[2023-10-19T12:43:08.310+0000] {taskinstance.py:1159} INFO - Dependencies all met for dep_context=requeueable deps ti=<TaskInstance: copy_tranform_to_mongo.waiting_for_data scheduled__2021-05-06T00:00:00+00:00 [queued]>
[2023-10-19T12:43:08.310+0000] {taskinstance.py:1361} INFO - Starting attempt 1 of 1
[2023-10-19T12:43:08.386+0000] {taskinstance.py:1382} INFO - Executing <Task(FileSensor): waiting_for_data> on 2021-05-06 00:00:00+00:00
[2023-10-19T12:43:08.424+0000] {standard_task_runner.py:57} INFO - Started process 1118 to run task
[2023-10-19T12:43:08.437+0000] {standard_task_runner.py:84} INFO - Running: ['***', 'tasks', 'run', 'copy_tranform_to_mongo', 'waiting_for_data', 'scheduled__2021-05-06T00:00:00+00:00', '--job-id', '231', '--raw', '--subdir', 'DAGS_FOLDER/file_***-mongo.py', '--cfg-path', '/tmp/tmpuvfdqvdy']
[2023-10-19T12:43:08.438+0000] {standard_task_runner.py:85} INFO - Job 231: Subtask waiting_for_data
[2023-10-19T12:43:08.715+0000] {task_command.py:416} INFO - Running <TaskInstance: copy_tranform_to_mongo.waiting_for_data scheduled__2021-05-06T00:00:00+00:00 [running]> on host 6f5df7fea6fd
[2023-10-19T12:43:08.985+0000] {taskinstance.py:1662} INFO - Exporting env vars: AIRFLOW_CTX_DAG_OWNER='***' AIRFLOW_CTX_DAG_ID='copy_tranform_to_mongo' AIRFLOW_CTX_TASK_ID='waiting_for_data' AIRFLOW_CTX_EXECUTION_DATE='2021-05-06T00:00:00+00:00' AIRFLOW_CTX_TRY_NUMBER='1' AIRFLOW_CTX_DAG_RUN_ID='scheduled__2021-05-06T00:00:00+00:00'
[2023-10-19T12:43:09.008+0000] {base.py:73} INFO - Using connection ID 'fs_default' for task execution.
[2023-10-19T12:43:09.009+0000] {filesystem.py:64} INFO - Poking for file /opt/in/tiktok_google_play_reviews.csv
[2023-10-19T12:43:09.009+0000] {filesystem.py:69} INFO - Found File /opt/in/tiktok_google_play_reviews.csv last modified: 20220405221612
[2023-10-19T12:43:09.016+0000] {base.py:287} INFO - Success criteria met. Exiting.
[2023-10-19T12:43:09.047+0000] {taskinstance.py:1400} INFO - Marking task as SUCCESS. dag_id=copy_tranform_to_mongo, task_id=waiting_for_data, execution_date=20210506T000000, start_date=20231019T124308, end_date=20231019T124309
[2023-10-19T12:43:09.196+0000] {local_task_job_runner.py:228} INFO - Task exited with return code 0
[2023-10-19T12:43:09.350+0000] {taskinstance.py:2778} INFO - 1 downstream tasks scheduled from follow-on schedule check
