[2023-10-17T11:22:18.812+0000] {taskinstance.py:1159} INFO - Dependencies all met for dep_context=non-requeueable deps ti=<TaskInstance: copy_tranform_to_mongo.waiting_for_data scheduled__2022-04-06T00:00:00+00:00 [queued]>
[2023-10-17T11:22:18.820+0000] {taskinstance.py:1159} INFO - Dependencies all met for dep_context=requeueable deps ti=<TaskInstance: copy_tranform_to_mongo.waiting_for_data scheduled__2022-04-06T00:00:00+00:00 [queued]>
[2023-10-17T11:22:18.820+0000] {taskinstance.py:1361} INFO - Starting attempt 1 of 1
[2023-10-17T11:22:18.832+0000] {taskinstance.py:1382} INFO - Executing <Task(FileSensor): waiting_for_data> on 2022-04-06 00:00:00+00:00
[2023-10-17T11:22:18.837+0000] {standard_task_runner.py:57} INFO - Started process 1392 to run task
[2023-10-17T11:22:18.839+0000] {standard_task_runner.py:84} INFO - Running: ['***', 'tasks', 'run', 'copy_tranform_to_mongo', 'waiting_for_data', 'scheduled__2022-04-06T00:00:00+00:00', '--job-id', '465', '--raw', '--subdir', 'DAGS_FOLDER/file_***-mongo.py', '--cfg-path', '/tmp/tmptbh57gn0']
[2023-10-17T11:22:18.839+0000] {standard_task_runner.py:85} INFO - Job 465: Subtask waiting_for_data
[2023-10-17T11:22:18.874+0000] {task_command.py:416} INFO - Running <TaskInstance: copy_tranform_to_mongo.waiting_for_data scheduled__2022-04-06T00:00:00+00:00 [running]> on host 238c1d4ff767
[2023-10-17T11:22:18.931+0000] {taskinstance.py:1662} INFO - Exporting env vars: AIRFLOW_CTX_DAG_OWNER='***' AIRFLOW_CTX_DAG_ID='copy_tranform_to_mongo' AIRFLOW_CTX_TASK_ID='waiting_for_data' AIRFLOW_CTX_EXECUTION_DATE='2022-04-06T00:00:00+00:00' AIRFLOW_CTX_TRY_NUMBER='1' AIRFLOW_CTX_DAG_RUN_ID='scheduled__2022-04-06T00:00:00+00:00'
[2023-10-17T11:22:18.937+0000] {base.py:73} INFO - Using connection ID 'fs_default' for task execution.
[2023-10-17T11:22:18.937+0000] {filesystem.py:64} INFO - Poking for file /opt/in/tiktok_google_play_reviews.csv
[2023-10-17T11:22:18.938+0000] {filesystem.py:69} INFO - Found File /opt/in/tiktok_google_play_reviews.csv last modified: 20220405221612
[2023-10-17T11:22:18.938+0000] {base.py:287} INFO - Success criteria met. Exiting.
[2023-10-17T11:22:18.944+0000] {taskinstance.py:1400} INFO - Marking task as SUCCESS. dag_id=copy_tranform_to_mongo, task_id=waiting_for_data, execution_date=20220406T000000, start_date=20231017T112218, end_date=20231017T112218
[2023-10-17T11:22:18.971+0000] {local_task_job_runner.py:228} INFO - Task exited with return code 0
[2023-10-17T11:22:18.986+0000] {taskinstance.py:2778} INFO - 0 downstream tasks scheduled from follow-on schedule check
[2023-10-18T11:46:53.257+0000] {taskinstance.py:1159} INFO - Dependencies all met for dep_context=non-requeueable deps ti=<TaskInstance: copy_tranform_to_mongo.waiting_for_data scheduled__2022-04-06T00:00:00+00:00 [queued]>
[2023-10-18T11:46:53.270+0000] {taskinstance.py:1159} INFO - Dependencies all met for dep_context=requeueable deps ti=<TaskInstance: copy_tranform_to_mongo.waiting_for_data scheduled__2022-04-06T00:00:00+00:00 [queued]>
[2023-10-18T11:46:53.270+0000] {taskinstance.py:1361} INFO - Starting attempt 1 of 1
[2023-10-18T11:46:53.285+0000] {taskinstance.py:1382} INFO - Executing <Task(FileSensor): waiting_for_data> on 2022-04-06 00:00:00+00:00
[2023-10-18T11:46:53.291+0000] {standard_task_runner.py:57} INFO - Started process 2349 to run task
[2023-10-18T11:46:53.295+0000] {standard_task_runner.py:84} INFO - Running: ['***', 'tasks', 'run', 'copy_tranform_to_mongo', 'waiting_for_data', 'scheduled__2022-04-06T00:00:00+00:00', '--job-id', '883', '--raw', '--subdir', 'DAGS_FOLDER/file_***-mongo.py', '--cfg-path', '/tmp/tmpga08v2kl']
[2023-10-18T11:46:53.297+0000] {standard_task_runner.py:85} INFO - Job 883: Subtask waiting_for_data
[2023-10-18T11:46:53.347+0000] {task_command.py:416} INFO - Running <TaskInstance: copy_tranform_to_mongo.waiting_for_data scheduled__2022-04-06T00:00:00+00:00 [running]> on host 0e68aa52dfc7
[2023-10-18T11:46:53.421+0000] {taskinstance.py:1662} INFO - Exporting env vars: AIRFLOW_CTX_DAG_OWNER='***' AIRFLOW_CTX_DAG_ID='copy_tranform_to_mongo' AIRFLOW_CTX_TASK_ID='waiting_for_data' AIRFLOW_CTX_EXECUTION_DATE='2022-04-06T00:00:00+00:00' AIRFLOW_CTX_TRY_NUMBER='1' AIRFLOW_CTX_DAG_RUN_ID='scheduled__2022-04-06T00:00:00+00:00'
[2023-10-18T11:46:53.433+0000] {base.py:73} INFO - Using connection ID 'fs_default' for task execution.
[2023-10-18T11:46:53.433+0000] {filesystem.py:64} INFO - Poking for file /opt/in/tiktok_google_play_reviews.csv
[2023-10-18T11:46:53.434+0000] {filesystem.py:69} INFO - Found File /opt/in/tiktok_google_play_reviews.csv last modified: 20220405221612
[2023-10-18T11:46:53.434+0000] {base.py:287} INFO - Success criteria met. Exiting.
[2023-10-18T11:46:53.457+0000] {taskinstance.py:1400} INFO - Marking task as SUCCESS. dag_id=copy_tranform_to_mongo, task_id=waiting_for_data, execution_date=20220406T000000, start_date=20231018T114653, end_date=20231018T114653
[2023-10-18T11:46:53.514+0000] {local_task_job_runner.py:228} INFO - Task exited with return code 0
[2023-10-18T11:46:53.548+0000] {taskinstance.py:2778} INFO - 1 downstream tasks scheduled from follow-on schedule check
