[2023-10-17T11:22:03.248+0000] {taskinstance.py:1159} INFO - Dependencies all met for dep_context=non-requeueable deps ti=<TaskInstance: copy_tranform_to_mongo.waiting_for_data scheduled__2022-02-26T00:00:00+00:00 [queued]>
[2023-10-17T11:22:03.258+0000] {taskinstance.py:1159} INFO - Dependencies all met for dep_context=requeueable deps ti=<TaskInstance: copy_tranform_to_mongo.waiting_for_data scheduled__2022-02-26T00:00:00+00:00 [queued]>
[2023-10-17T11:22:03.258+0000] {taskinstance.py:1361} INFO - Starting attempt 1 of 1
[2023-10-17T11:22:03.309+0000] {taskinstance.py:1382} INFO - Executing <Task(FileSensor): waiting_for_data> on 2022-02-26 00:00:00+00:00
[2023-10-17T11:22:03.316+0000] {standard_task_runner.py:57} INFO - Started process 1316 to run task
[2023-10-17T11:22:03.318+0000] {standard_task_runner.py:84} INFO - Running: ['***', 'tasks', 'run', 'copy_tranform_to_mongo', 'waiting_for_data', 'scheduled__2022-02-26T00:00:00+00:00', '--job-id', '426', '--raw', '--subdir', 'DAGS_FOLDER/file_***-mongo.py', '--cfg-path', '/tmp/tmpwxzj5b9g']
[2023-10-17T11:22:03.319+0000] {standard_task_runner.py:85} INFO - Job 426: Subtask waiting_for_data
[2023-10-17T11:22:03.364+0000] {task_command.py:416} INFO - Running <TaskInstance: copy_tranform_to_mongo.waiting_for_data scheduled__2022-02-26T00:00:00+00:00 [running]> on host 238c1d4ff767
[2023-10-17T11:22:03.443+0000] {taskinstance.py:1662} INFO - Exporting env vars: AIRFLOW_CTX_DAG_OWNER='***' AIRFLOW_CTX_DAG_ID='copy_tranform_to_mongo' AIRFLOW_CTX_TASK_ID='waiting_for_data' AIRFLOW_CTX_EXECUTION_DATE='2022-02-26T00:00:00+00:00' AIRFLOW_CTX_TRY_NUMBER='1' AIRFLOW_CTX_DAG_RUN_ID='scheduled__2022-02-26T00:00:00+00:00'
[2023-10-17T11:22:03.452+0000] {base.py:73} INFO - Using connection ID 'fs_default' for task execution.
[2023-10-17T11:22:03.453+0000] {filesystem.py:64} INFO - Poking for file /opt/in/tiktok_google_play_reviews.csv
[2023-10-17T11:22:03.453+0000] {filesystem.py:69} INFO - Found File /opt/in/tiktok_google_play_reviews.csv last modified: 20220405221612
[2023-10-17T11:22:03.453+0000] {base.py:287} INFO - Success criteria met. Exiting.
[2023-10-17T11:22:03.462+0000] {taskinstance.py:1400} INFO - Marking task as SUCCESS. dag_id=copy_tranform_to_mongo, task_id=waiting_for_data, execution_date=20220226T000000, start_date=20231017T112203, end_date=20231017T112203
[2023-10-17T11:22:03.491+0000] {local_task_job_runner.py:228} INFO - Task exited with return code 0
[2023-10-17T11:22:03.507+0000] {taskinstance.py:2778} INFO - 0 downstream tasks scheduled from follow-on schedule check
[2023-10-18T11:46:28.877+0000] {taskinstance.py:1159} INFO - Dependencies all met for dep_context=non-requeueable deps ti=<TaskInstance: copy_tranform_to_mongo.waiting_for_data scheduled__2022-02-26T00:00:00+00:00 [queued]>
[2023-10-18T11:46:28.890+0000] {taskinstance.py:1159} INFO - Dependencies all met for dep_context=requeueable deps ti=<TaskInstance: copy_tranform_to_mongo.waiting_for_data scheduled__2022-02-26T00:00:00+00:00 [queued]>
[2023-10-18T11:46:28.890+0000] {taskinstance.py:1361} INFO - Starting attempt 1 of 1
[2023-10-18T11:46:28.907+0000] {taskinstance.py:1382} INFO - Executing <Task(FileSensor): waiting_for_data> on 2022-02-26 00:00:00+00:00
[2023-10-18T11:46:28.918+0000] {standard_task_runner.py:57} INFO - Started process 2185 to run task
[2023-10-18T11:46:28.921+0000] {standard_task_runner.py:84} INFO - Running: ['***', 'tasks', 'run', 'copy_tranform_to_mongo', 'waiting_for_data', 'scheduled__2022-02-26T00:00:00+00:00', '--job-id', '805', '--raw', '--subdir', 'DAGS_FOLDER/file_***-mongo.py', '--cfg-path', '/tmp/tmpp8qz2bve']
[2023-10-18T11:46:28.922+0000] {standard_task_runner.py:85} INFO - Job 805: Subtask waiting_for_data
[2023-10-18T11:46:28.976+0000] {task_command.py:416} INFO - Running <TaskInstance: copy_tranform_to_mongo.waiting_for_data scheduled__2022-02-26T00:00:00+00:00 [running]> on host 0e68aa52dfc7
[2023-10-18T11:46:29.060+0000] {taskinstance.py:1662} INFO - Exporting env vars: AIRFLOW_CTX_DAG_OWNER='***' AIRFLOW_CTX_DAG_ID='copy_tranform_to_mongo' AIRFLOW_CTX_TASK_ID='waiting_for_data' AIRFLOW_CTX_EXECUTION_DATE='2022-02-26T00:00:00+00:00' AIRFLOW_CTX_TRY_NUMBER='1' AIRFLOW_CTX_DAG_RUN_ID='scheduled__2022-02-26T00:00:00+00:00'
[2023-10-18T11:46:29.073+0000] {base.py:73} INFO - Using connection ID 'fs_default' for task execution.
[2023-10-18T11:46:29.074+0000] {filesystem.py:64} INFO - Poking for file /opt/in/tiktok_google_play_reviews.csv
[2023-10-18T11:46:29.074+0000] {filesystem.py:69} INFO - Found File /opt/in/tiktok_google_play_reviews.csv last modified: 20220405221612
[2023-10-18T11:46:29.074+0000] {base.py:287} INFO - Success criteria met. Exiting.
[2023-10-18T11:46:29.085+0000] {taskinstance.py:1400} INFO - Marking task as SUCCESS. dag_id=copy_tranform_to_mongo, task_id=waiting_for_data, execution_date=20220226T000000, start_date=20231018T114628, end_date=20231018T114629
[2023-10-18T11:46:29.137+0000] {local_task_job_runner.py:228} INFO - Task exited with return code 0
[2023-10-18T11:46:29.182+0000] {taskinstance.py:2778} INFO - 1 downstream tasks scheduled from follow-on schedule check
