[2023-10-17T11:20:01.122+0000] {taskinstance.py:1159} INFO - Dependencies all met for dep_context=non-requeueable deps ti=<TaskInstance: copy_tranform_to_mongo.waiting_for_data scheduled__2021-07-15T00:00:00+00:00 [queued]>
[2023-10-17T11:20:01.129+0000] {taskinstance.py:1159} INFO - Dependencies all met for dep_context=requeueable deps ti=<TaskInstance: copy_tranform_to_mongo.waiting_for_data scheduled__2021-07-15T00:00:00+00:00 [queued]>
[2023-10-17T11:20:01.129+0000] {taskinstance.py:1361} INFO - Starting attempt 1 of 1
[2023-10-17T11:20:01.139+0000] {taskinstance.py:1382} INFO - Executing <Task(FileSensor): waiting_for_data> on 2021-07-15 00:00:00+00:00
[2023-10-17T11:20:01.145+0000] {standard_task_runner.py:57} INFO - Started process 832 to run task
[2023-10-17T11:20:01.147+0000] {standard_task_runner.py:84} INFO - Running: ['***', 'tasks', 'run', 'copy_tranform_to_mongo', 'waiting_for_data', 'scheduled__2021-07-15T00:00:00+00:00', '--job-id', '200', '--raw', '--subdir', 'DAGS_FOLDER/file_***-mongo.py', '--cfg-path', '/tmp/tmp8_ha8361']
[2023-10-17T11:20:01.148+0000] {standard_task_runner.py:85} INFO - Job 200: Subtask waiting_for_data
[2023-10-17T11:20:01.188+0000] {task_command.py:416} INFO - Running <TaskInstance: copy_tranform_to_mongo.waiting_for_data scheduled__2021-07-15T00:00:00+00:00 [running]> on host 238c1d4ff767
[2023-10-17T11:20:01.250+0000] {taskinstance.py:1662} INFO - Exporting env vars: AIRFLOW_CTX_DAG_OWNER='***' AIRFLOW_CTX_DAG_ID='copy_tranform_to_mongo' AIRFLOW_CTX_TASK_ID='waiting_for_data' AIRFLOW_CTX_EXECUTION_DATE='2021-07-15T00:00:00+00:00' AIRFLOW_CTX_TRY_NUMBER='1' AIRFLOW_CTX_DAG_RUN_ID='scheduled__2021-07-15T00:00:00+00:00'
[2023-10-17T11:20:01.256+0000] {base.py:73} INFO - Using connection ID 'fs_default' for task execution.
[2023-10-17T11:20:01.256+0000] {filesystem.py:64} INFO - Poking for file /opt/in/tiktok_google_play_reviews.csv
[2023-10-17T11:20:01.256+0000] {filesystem.py:69} INFO - Found File /opt/in/tiktok_google_play_reviews.csv last modified: 20220405221612
[2023-10-17T11:20:01.256+0000] {base.py:287} INFO - Success criteria met. Exiting.
[2023-10-17T11:20:01.264+0000] {taskinstance.py:1400} INFO - Marking task as SUCCESS. dag_id=copy_tranform_to_mongo, task_id=waiting_for_data, execution_date=20210715T000000, start_date=20231017T112001, end_date=20231017T112001
[2023-10-17T11:20:01.319+0000] {local_task_job_runner.py:228} INFO - Task exited with return code 0
[2023-10-17T11:20:01.335+0000] {taskinstance.py:2778} INFO - 0 downstream tasks scheduled from follow-on schedule check
[2023-10-18T10:43:46.786+0000] {taskinstance.py:1159} INFO - Dependencies all met for dep_context=non-requeueable deps ti=<TaskInstance: copy_tranform_to_mongo.waiting_for_data scheduled__2021-07-15T00:00:00+00:00 [queued]>
[2023-10-18T10:43:46.798+0000] {taskinstance.py:1159} INFO - Dependencies all met for dep_context=requeueable deps ti=<TaskInstance: copy_tranform_to_mongo.waiting_for_data scheduled__2021-07-15T00:00:00+00:00 [queued]>
[2023-10-18T10:43:46.798+0000] {taskinstance.py:1361} INFO - Starting attempt 1 of 1
[2023-10-18T10:43:46.867+0000] {taskinstance.py:1382} INFO - Executing <Task(FileSensor): waiting_for_data> on 2021-07-15 00:00:00+00:00
[2023-10-18T10:43:46.874+0000] {standard_task_runner.py:57} INFO - Started process 1804 to run task
[2023-10-18T10:43:46.880+0000] {standard_task_runner.py:84} INFO - Running: ['***', 'tasks', 'run', 'copy_tranform_to_mongo', 'waiting_for_data', 'scheduled__2021-07-15T00:00:00+00:00', '--job-id', '199', '--raw', '--subdir', 'DAGS_FOLDER/file_***-mongo.py', '--cfg-path', '/tmp/tmp94dnwcmt']
[2023-10-18T10:43:46.882+0000] {standard_task_runner.py:85} INFO - Job 199: Subtask waiting_for_data
[2023-10-18T10:43:46.928+0000] {task_command.py:416} INFO - Running <TaskInstance: copy_tranform_to_mongo.waiting_for_data scheduled__2021-07-15T00:00:00+00:00 [running]> on host 2473b23ba069
[2023-10-18T10:43:46.989+0000] {taskinstance.py:1662} INFO - Exporting env vars: AIRFLOW_CTX_DAG_OWNER='***' AIRFLOW_CTX_DAG_ID='copy_tranform_to_mongo' AIRFLOW_CTX_TASK_ID='waiting_for_data' AIRFLOW_CTX_EXECUTION_DATE='2021-07-15T00:00:00+00:00' AIRFLOW_CTX_TRY_NUMBER='1' AIRFLOW_CTX_DAG_RUN_ID='scheduled__2021-07-15T00:00:00+00:00'
[2023-10-18T10:43:47.006+0000] {taskinstance.py:1937} ERROR - Task failed with exception
Traceback (most recent call last):
  File "/home/airflow/.local/lib/python3.8/site-packages/airflow/sensors/base.py", line 257, in execute
    raise e
  File "/home/airflow/.local/lib/python3.8/site-packages/airflow/sensors/base.py", line 239, in execute
    poke_return = self.poke(context)
  File "/home/airflow/.local/lib/python3.8/site-packages/airflow/sensors/filesystem.py", line 61, in poke
    hook = FSHook(self.fs_conn_id)
  File "/home/airflow/.local/lib/python3.8/site-packages/airflow/hooks/filesystem.py", line 38, in __init__
    conn = self.get_connection(conn_id)
  File "/home/airflow/.local/lib/python3.8/site-packages/airflow/hooks/base.py", line 72, in get_connection
    conn = Connection.get_connection_from_secrets(conn_id)
  File "/home/airflow/.local/lib/python3.8/site-packages/airflow/models/connection.py", line 477, in get_connection_from_secrets
    raise AirflowNotFoundException(f"The conn_id `{conn_id}` isn't defined")
airflow.exceptions.AirflowNotFoundException: The conn_id `fs_default` isn't defined
[2023-10-18T10:43:47.008+0000] {taskinstance.py:1400} INFO - Marking task as FAILED. dag_id=copy_tranform_to_mongo, task_id=waiting_for_data, execution_date=20210715T000000, start_date=20231018T104346, end_date=20231018T104347
[2023-10-18T10:43:47.019+0000] {standard_task_runner.py:104} ERROR - Failed to execute job 199 for task waiting_for_data (The conn_id `fs_default` isn't defined; 1804)
[2023-10-18T10:43:47.049+0000] {local_task_job_runner.py:228} INFO - Task exited with return code 1
[2023-10-18T10:43:47.072+0000] {taskinstance.py:2778} INFO - 0 downstream tasks scheduled from follow-on schedule check
[2023-10-18T11:44:16.036+0000] {taskinstance.py:1159} INFO - Dependencies all met for dep_context=non-requeueable deps ti=<TaskInstance: copy_tranform_to_mongo.waiting_for_data scheduled__2021-07-15T00:00:00+00:00 [queued]>
[2023-10-18T11:44:16.045+0000] {taskinstance.py:1159} INFO - Dependencies all met for dep_context=requeueable deps ti=<TaskInstance: copy_tranform_to_mongo.waiting_for_data scheduled__2021-07-15T00:00:00+00:00 [queued]>
[2023-10-18T11:44:16.045+0000] {taskinstance.py:1361} INFO - Starting attempt 1 of 1
[2023-10-18T11:44:16.062+0000] {taskinstance.py:1382} INFO - Executing <Task(FileSensor): waiting_for_data> on 2021-07-15 00:00:00+00:00
[2023-10-18T11:44:16.070+0000] {standard_task_runner.py:57} INFO - Started process 1254 to run task
[2023-10-18T11:44:16.073+0000] {standard_task_runner.py:84} INFO - Running: ['***', 'tasks', 'run', 'copy_tranform_to_mongo', 'waiting_for_data', 'scheduled__2021-07-15T00:00:00+00:00', '--job-id', '356', '--raw', '--subdir', 'DAGS_FOLDER/file_***-mongo.py', '--cfg-path', '/tmp/tmpd_xr_bop']
[2023-10-18T11:44:16.074+0000] {standard_task_runner.py:85} INFO - Job 356: Subtask waiting_for_data
[2023-10-18T11:44:16.124+0000] {task_command.py:416} INFO - Running <TaskInstance: copy_tranform_to_mongo.waiting_for_data scheduled__2021-07-15T00:00:00+00:00 [running]> on host 0e68aa52dfc7
[2023-10-18T11:44:16.209+0000] {taskinstance.py:1662} INFO - Exporting env vars: AIRFLOW_CTX_DAG_OWNER='***' AIRFLOW_CTX_DAG_ID='copy_tranform_to_mongo' AIRFLOW_CTX_TASK_ID='waiting_for_data' AIRFLOW_CTX_EXECUTION_DATE='2021-07-15T00:00:00+00:00' AIRFLOW_CTX_TRY_NUMBER='1' AIRFLOW_CTX_DAG_RUN_ID='scheduled__2021-07-15T00:00:00+00:00'
[2023-10-18T11:44:16.220+0000] {base.py:73} INFO - Using connection ID 'fs_default' for task execution.
[2023-10-18T11:44:16.221+0000] {filesystem.py:64} INFO - Poking for file /opt/in/tiktok_google_play_reviews.csv
[2023-10-18T11:44:16.222+0000] {filesystem.py:69} INFO - Found File /opt/in/tiktok_google_play_reviews.csv last modified: 20220405221612
[2023-10-18T11:44:16.222+0000] {base.py:287} INFO - Success criteria met. Exiting.
[2023-10-18T11:44:16.235+0000] {taskinstance.py:1400} INFO - Marking task as SUCCESS. dag_id=copy_tranform_to_mongo, task_id=waiting_for_data, execution_date=20210715T000000, start_date=20231018T114416, end_date=20231018T114416
[2023-10-18T11:44:16.285+0000] {local_task_job_runner.py:228} INFO - Task exited with return code 0
[2023-10-18T11:44:16.345+0000] {taskinstance.py:2778} INFO - 0 downstream tasks scheduled from follow-on schedule check
