[2023-10-17T11:19:27.395+0000] {taskinstance.py:1159} INFO - Dependencies all met for dep_context=non-requeueable deps ti=<TaskInstance: copy_tranform_to_mongo.waiting_for_data scheduled__2021-04-22T00:00:00+00:00 [queued]>
[2023-10-17T11:19:27.405+0000] {taskinstance.py:1159} INFO - Dependencies all met for dep_context=requeueable deps ti=<TaskInstance: copy_tranform_to_mongo.waiting_for_data scheduled__2021-04-22T00:00:00+00:00 [queued]>
[2023-10-17T11:19:27.406+0000] {taskinstance.py:1361} INFO - Starting attempt 1 of 1
[2023-10-17T11:19:27.445+0000] {taskinstance.py:1382} INFO - Executing <Task(FileSensor): waiting_for_data> on 2021-04-22 00:00:00+00:00
[2023-10-17T11:19:27.454+0000] {standard_task_runner.py:57} INFO - Started process 657 to run task
[2023-10-17T11:19:27.459+0000] {standard_task_runner.py:84} INFO - Running: ['***', 'tasks', 'run', 'copy_tranform_to_mongo', 'waiting_for_data', 'scheduled__2021-04-22T00:00:00+00:00', '--job-id', '116', '--raw', '--subdir', 'DAGS_FOLDER/file_***-mongo.py', '--cfg-path', '/tmp/tmpso0t_vlj']
[2023-10-17T11:19:27.460+0000] {standard_task_runner.py:85} INFO - Job 116: Subtask waiting_for_data
[2023-10-17T11:19:27.511+0000] {task_command.py:416} INFO - Running <TaskInstance: copy_tranform_to_mongo.waiting_for_data scheduled__2021-04-22T00:00:00+00:00 [running]> on host 238c1d4ff767
[2023-10-17T11:19:27.594+0000] {taskinstance.py:1662} INFO - Exporting env vars: AIRFLOW_CTX_DAG_OWNER='***' AIRFLOW_CTX_DAG_ID='copy_tranform_to_mongo' AIRFLOW_CTX_TASK_ID='waiting_for_data' AIRFLOW_CTX_EXECUTION_DATE='2021-04-22T00:00:00+00:00' AIRFLOW_CTX_TRY_NUMBER='1' AIRFLOW_CTX_DAG_RUN_ID='scheduled__2021-04-22T00:00:00+00:00'
[2023-10-17T11:19:27.603+0000] {base.py:73} INFO - Using connection ID 'fs_default' for task execution.
[2023-10-17T11:19:27.603+0000] {filesystem.py:64} INFO - Poking for file /opt/in/tiktok_google_play_reviews.csv
[2023-10-17T11:19:27.603+0000] {filesystem.py:69} INFO - Found File /opt/in/tiktok_google_play_reviews.csv last modified: 20220405221612
[2023-10-17T11:19:27.603+0000] {base.py:287} INFO - Success criteria met. Exiting.
[2023-10-17T11:19:27.611+0000] {taskinstance.py:1400} INFO - Marking task as SUCCESS. dag_id=copy_tranform_to_mongo, task_id=waiting_for_data, execution_date=20210422T000000, start_date=20231017T111927, end_date=20231017T111927
[2023-10-17T11:19:27.634+0000] {local_task_job_runner.py:228} INFO - Task exited with return code 0
[2023-10-17T11:19:27.649+0000] {taskinstance.py:2778} INFO - 0 downstream tasks scheduled from follow-on schedule check
[2023-10-18T10:42:58.154+0000] {taskinstance.py:1159} INFO - Dependencies all met for dep_context=non-requeueable deps ti=<TaskInstance: copy_tranform_to_mongo.waiting_for_data scheduled__2021-04-22T00:00:00+00:00 [queued]>
[2023-10-18T10:42:58.161+0000] {taskinstance.py:1159} INFO - Dependencies all met for dep_context=requeueable deps ti=<TaskInstance: copy_tranform_to_mongo.waiting_for_data scheduled__2021-04-22T00:00:00+00:00 [queued]>
[2023-10-18T10:42:58.161+0000] {taskinstance.py:1361} INFO - Starting attempt 1 of 1
[2023-10-18T10:42:58.175+0000] {taskinstance.py:1382} INFO - Executing <Task(FileSensor): waiting_for_data> on 2021-04-22 00:00:00+00:00
[2023-10-18T10:42:58.181+0000] {standard_task_runner.py:57} INFO - Started process 1619 to run task
[2023-10-18T10:42:58.185+0000] {standard_task_runner.py:84} INFO - Running: ['***', 'tasks', 'run', 'copy_tranform_to_mongo', 'waiting_for_data', 'scheduled__2021-04-22T00:00:00+00:00', '--job-id', '115', '--raw', '--subdir', 'DAGS_FOLDER/file_***-mongo.py', '--cfg-path', '/tmp/tmps4conyun']
[2023-10-18T10:42:58.186+0000] {standard_task_runner.py:85} INFO - Job 115: Subtask waiting_for_data
[2023-10-18T10:42:58.224+0000] {task_command.py:416} INFO - Running <TaskInstance: copy_tranform_to_mongo.waiting_for_data scheduled__2021-04-22T00:00:00+00:00 [running]> on host 2473b23ba069
[2023-10-18T10:42:58.284+0000] {taskinstance.py:1662} INFO - Exporting env vars: AIRFLOW_CTX_DAG_OWNER='***' AIRFLOW_CTX_DAG_ID='copy_tranform_to_mongo' AIRFLOW_CTX_TASK_ID='waiting_for_data' AIRFLOW_CTX_EXECUTION_DATE='2021-04-22T00:00:00+00:00' AIRFLOW_CTX_TRY_NUMBER='1' AIRFLOW_CTX_DAG_RUN_ID='scheduled__2021-04-22T00:00:00+00:00'
[2023-10-18T10:42:58.297+0000] {taskinstance.py:1937} ERROR - Task failed with exception
Traceback (most recent call last):
  File "/home/airflow/.local/lib/python3.8/site-packages/airflow/sensors/base.py", line 257, in execute
    raise e
  File "/home/airflow/.local/lib/python3.8/site-packages/airflow/sensors/base.py", line 239, in execute
    poke_return = self.poke(context)
  File "/home/airflow/.local/lib/python3.8/site-packages/airflow/sensors/filesystem.py", line 61, in poke
    hook = FSHook(self.fs_conn_id)
  File "/home/airflow/.local/lib/python3.8/site-packages/airflow/hooks/filesystem.py", line 38, in __init__
    conn = self.get_connection(conn_id)
  File "/home/airflow/.local/lib/python3.8/site-packages/airflow/hooks/base.py", line 72, in get_connection
    conn = Connection.get_connection_from_secrets(conn_id)
  File "/home/airflow/.local/lib/python3.8/site-packages/airflow/models/connection.py", line 477, in get_connection_from_secrets
    raise AirflowNotFoundException(f"The conn_id `{conn_id}` isn't defined")
airflow.exceptions.AirflowNotFoundException: The conn_id `fs_default` isn't defined
[2023-10-18T10:42:58.301+0000] {taskinstance.py:1400} INFO - Marking task as FAILED. dag_id=copy_tranform_to_mongo, task_id=waiting_for_data, execution_date=20210422T000000, start_date=20231018T104258, end_date=20231018T104258
[2023-10-18T10:42:58.310+0000] {standard_task_runner.py:104} ERROR - Failed to execute job 115 for task waiting_for_data (The conn_id `fs_default` isn't defined; 1619)
[2023-10-18T10:42:58.357+0000] {local_task_job_runner.py:228} INFO - Task exited with return code 1
[2023-10-18T10:42:58.385+0000] {taskinstance.py:2778} INFO - 0 downstream tasks scheduled from follow-on schedule check
[2023-10-18T11:17:36.359+0000] {taskinstance.py:1159} INFO - Dependencies all met for dep_context=non-requeueable deps ti=<TaskInstance: copy_tranform_to_mongo.waiting_for_data scheduled__2021-04-22T00:00:00+00:00 [queued]>
[2023-10-18T11:17:36.370+0000] {taskinstance.py:1159} INFO - Dependencies all met for dep_context=requeueable deps ti=<TaskInstance: copy_tranform_to_mongo.waiting_for_data scheduled__2021-04-22T00:00:00+00:00 [queued]>
[2023-10-18T11:17:36.370+0000] {taskinstance.py:1361} INFO - Starting attempt 1 of 1
[2023-10-18T11:17:36.383+0000] {taskinstance.py:1382} INFO - Executing <Task(FileSensor): waiting_for_data> on 2021-04-22 00:00:00+00:00
[2023-10-18T11:17:36.391+0000] {standard_task_runner.py:57} INFO - Started process 505 to run task
[2023-10-18T11:17:36.394+0000] {standard_task_runner.py:84} INFO - Running: ['***', 'tasks', 'run', 'copy_tranform_to_mongo', 'waiting_for_data', 'scheduled__2021-04-22T00:00:00+00:00', '--job-id', '187', '--raw', '--subdir', 'DAGS_FOLDER/file_***-mongo.py', '--cfg-path', '/tmp/tmpe4ltcqu6']
[2023-10-18T11:17:36.396+0000] {standard_task_runner.py:85} INFO - Job 187: Subtask waiting_for_data
[2023-10-18T11:17:36.442+0000] {task_command.py:416} INFO - Running <TaskInstance: copy_tranform_to_mongo.waiting_for_data scheduled__2021-04-22T00:00:00+00:00 [running]> on host 0e68aa52dfc7
[2023-10-18T11:17:36.534+0000] {taskinstance.py:1662} INFO - Exporting env vars: AIRFLOW_CTX_DAG_OWNER='***' AIRFLOW_CTX_DAG_ID='copy_tranform_to_mongo' AIRFLOW_CTX_TASK_ID='waiting_for_data' AIRFLOW_CTX_EXECUTION_DATE='2021-04-22T00:00:00+00:00' AIRFLOW_CTX_TRY_NUMBER='1' AIRFLOW_CTX_DAG_RUN_ID='scheduled__2021-04-22T00:00:00+00:00'
[2023-10-18T11:17:36.545+0000] {base.py:73} INFO - Using connection ID 'fs_default' for task execution.
[2023-10-18T11:17:36.548+0000] {filesystem.py:64} INFO - Poking for file /opt/in/tiktok_google_play_reviews.csv
[2023-10-18T11:17:36.549+0000] {filesystem.py:69} INFO - Found File /opt/in/tiktok_google_play_reviews.csv last modified: 20220405221612
[2023-10-18T11:17:36.549+0000] {base.py:287} INFO - Success criteria met. Exiting.
[2023-10-18T11:17:36.564+0000] {taskinstance.py:1400} INFO - Marking task as SUCCESS. dag_id=copy_tranform_to_mongo, task_id=waiting_for_data, execution_date=20210422T000000, start_date=20231018T111736, end_date=20231018T111736
[2023-10-18T11:17:36.610+0000] {local_task_job_runner.py:228} INFO - Task exited with return code 0
[2023-10-18T11:17:36.648+0000] {taskinstance.py:2778} INFO - 1 downstream tasks scheduled from follow-on schedule check
[2023-10-19T12:42:55.157+0000] {taskinstance.py:1159} INFO - Dependencies all met for dep_context=non-requeueable deps ti=<TaskInstance: copy_tranform_to_mongo.waiting_for_data scheduled__2021-04-22T00:00:00+00:00 [queued]>
[2023-10-19T12:42:55.166+0000] {taskinstance.py:1159} INFO - Dependencies all met for dep_context=requeueable deps ti=<TaskInstance: copy_tranform_to_mongo.waiting_for_data scheduled__2021-04-22T00:00:00+00:00 [queued]>
[2023-10-19T12:42:55.166+0000] {taskinstance.py:1361} INFO - Starting attempt 1 of 1
[2023-10-19T12:42:55.184+0000] {taskinstance.py:1382} INFO - Executing <Task(FileSensor): waiting_for_data> on 2021-04-22 00:00:00+00:00
[2023-10-19T12:42:55.194+0000] {standard_task_runner.py:57} INFO - Started process 1067 to run task
[2023-10-19T12:42:55.197+0000] {standard_task_runner.py:84} INFO - Running: ['***', 'tasks', 'run', 'copy_tranform_to_mongo', 'waiting_for_data', 'scheduled__2021-04-22T00:00:00+00:00', '--job-id', '204', '--raw', '--subdir', 'DAGS_FOLDER/file_***-mongo.py', '--cfg-path', '/tmp/tmp0_pol3l_']
[2023-10-19T12:42:55.198+0000] {standard_task_runner.py:85} INFO - Job 204: Subtask waiting_for_data
[2023-10-19T12:42:55.246+0000] {task_command.py:416} INFO - Running <TaskInstance: copy_tranform_to_mongo.waiting_for_data scheduled__2021-04-22T00:00:00+00:00 [running]> on host 6f5df7fea6fd
[2023-10-19T12:42:55.321+0000] {taskinstance.py:1662} INFO - Exporting env vars: AIRFLOW_CTX_DAG_OWNER='***' AIRFLOW_CTX_DAG_ID='copy_tranform_to_mongo' AIRFLOW_CTX_TASK_ID='waiting_for_data' AIRFLOW_CTX_EXECUTION_DATE='2021-04-22T00:00:00+00:00' AIRFLOW_CTX_TRY_NUMBER='1' AIRFLOW_CTX_DAG_RUN_ID='scheduled__2021-04-22T00:00:00+00:00'
[2023-10-19T12:42:55.331+0000] {base.py:73} INFO - Using connection ID 'fs_default' for task execution.
[2023-10-19T12:42:55.332+0000] {filesystem.py:64} INFO - Poking for file /opt/in/tiktok_google_play_reviews.csv
[2023-10-19T12:42:55.334+0000] {filesystem.py:69} INFO - Found File /opt/in/tiktok_google_play_reviews.csv last modified: 20220405221612
[2023-10-19T12:42:55.335+0000] {base.py:287} INFO - Success criteria met. Exiting.
[2023-10-19T12:42:55.344+0000] {taskinstance.py:1400} INFO - Marking task as SUCCESS. dag_id=copy_tranform_to_mongo, task_id=waiting_for_data, execution_date=20210422T000000, start_date=20231019T124255, end_date=20231019T124255
[2023-10-19T12:42:55.413+0000] {local_task_job_runner.py:228} INFO - Task exited with return code 0
[2023-10-19T12:42:55.447+0000] {taskinstance.py:2778} INFO - 1 downstream tasks scheduled from follow-on schedule check
