[2023-10-17T11:26:41.407+0000] {taskinstance.py:1159} INFO - Dependencies all met for dep_context=non-requeueable deps ti=<TaskInstance: copy_tranform_to_mongo.waiting_for_data scheduled__2023-07-09T00:00:00+00:00 [queued]>
[2023-10-17T11:26:41.416+0000] {taskinstance.py:1159} INFO - Dependencies all met for dep_context=requeueable deps ti=<TaskInstance: copy_tranform_to_mongo.waiting_for_data scheduled__2023-07-09T00:00:00+00:00 [queued]>
[2023-10-17T11:26:41.416+0000] {taskinstance.py:1361} INFO - Starting attempt 1 of 1
[2023-10-17T11:26:41.431+0000] {taskinstance.py:1382} INFO - Executing <Task(FileSensor): waiting_for_data> on 2023-07-09 00:00:00+00:00
[2023-10-17T11:26:41.436+0000] {standard_task_runner.py:57} INFO - Started process 2383 to run task
[2023-10-17T11:26:41.439+0000] {standard_task_runner.py:84} INFO - Running: ['***', 'tasks', 'run', 'copy_tranform_to_mongo', 'waiting_for_data', 'scheduled__2023-07-09T00:00:00+00:00', '--job-id', '924', '--raw', '--subdir', 'DAGS_FOLDER/file_***-mongo.py', '--cfg-path', '/tmp/tmpg1a9d9u4']
[2023-10-17T11:26:41.440+0000] {standard_task_runner.py:85} INFO - Job 924: Subtask waiting_for_data
[2023-10-17T11:26:41.480+0000] {task_command.py:416} INFO - Running <TaskInstance: copy_tranform_to_mongo.waiting_for_data scheduled__2023-07-09T00:00:00+00:00 [running]> on host 238c1d4ff767
[2023-10-17T11:26:41.538+0000] {taskinstance.py:1662} INFO - Exporting env vars: AIRFLOW_CTX_DAG_OWNER='***' AIRFLOW_CTX_DAG_ID='copy_tranform_to_mongo' AIRFLOW_CTX_TASK_ID='waiting_for_data' AIRFLOW_CTX_EXECUTION_DATE='2023-07-09T00:00:00+00:00' AIRFLOW_CTX_TRY_NUMBER='1' AIRFLOW_CTX_DAG_RUN_ID='scheduled__2023-07-09T00:00:00+00:00'
[2023-10-17T11:26:41.546+0000] {base.py:73} INFO - Using connection ID 'fs_default' for task execution.
[2023-10-17T11:26:41.546+0000] {filesystem.py:64} INFO - Poking for file /opt/in/tiktok_google_play_reviews.csv
[2023-10-17T11:26:41.546+0000] {filesystem.py:69} INFO - Found File /opt/in/tiktok_google_play_reviews.csv last modified: 20220405221612
[2023-10-17T11:26:41.546+0000] {base.py:287} INFO - Success criteria met. Exiting.
[2023-10-17T11:26:41.554+0000] {taskinstance.py:1400} INFO - Marking task as SUCCESS. dag_id=copy_tranform_to_mongo, task_id=waiting_for_data, execution_date=20230709T000000, start_date=20231017T112641, end_date=20231017T112641
[2023-10-17T11:26:41.571+0000] {local_task_job_runner.py:228} INFO - Task exited with return code 0
[2023-10-17T11:26:41.583+0000] {taskinstance.py:2778} INFO - 0 downstream tasks scheduled from follow-on schedule check
[2023-10-18T11:51:51.949+0000] {taskinstance.py:1159} INFO - Dependencies all met for dep_context=non-requeueable deps ti=<TaskInstance: copy_tranform_to_mongo.waiting_for_data scheduled__2023-07-09T00:00:00+00:00 [queued]>
[2023-10-18T11:51:51.961+0000] {taskinstance.py:1159} INFO - Dependencies all met for dep_context=requeueable deps ti=<TaskInstance: copy_tranform_to_mongo.waiting_for_data scheduled__2023-07-09T00:00:00+00:00 [queued]>
[2023-10-18T11:51:51.961+0000] {taskinstance.py:1361} INFO - Starting attempt 1 of 1
[2023-10-18T11:51:51.978+0000] {taskinstance.py:1382} INFO - Executing <Task(FileSensor): waiting_for_data> on 2023-07-09 00:00:00+00:00
[2023-10-18T11:51:51.985+0000] {standard_task_runner.py:57} INFO - Started process 4265 to run task
[2023-10-18T11:51:51.989+0000] {standard_task_runner.py:84} INFO - Running: ['***', 'tasks', 'run', 'copy_tranform_to_mongo', 'waiting_for_data', 'scheduled__2023-07-09T00:00:00+00:00', '--job-id', '1802', '--raw', '--subdir', 'DAGS_FOLDER/file_***-mongo.py', '--cfg-path', '/tmp/tmp7t99brha']
[2023-10-18T11:51:51.990+0000] {standard_task_runner.py:85} INFO - Job 1802: Subtask waiting_for_data
[2023-10-18T11:51:52.033+0000] {task_command.py:416} INFO - Running <TaskInstance: copy_tranform_to_mongo.waiting_for_data scheduled__2023-07-09T00:00:00+00:00 [running]> on host 0e68aa52dfc7
[2023-10-18T11:51:52.090+0000] {taskinstance.py:1662} INFO - Exporting env vars: AIRFLOW_CTX_DAG_OWNER='***' AIRFLOW_CTX_DAG_ID='copy_tranform_to_mongo' AIRFLOW_CTX_TASK_ID='waiting_for_data' AIRFLOW_CTX_EXECUTION_DATE='2023-07-09T00:00:00+00:00' AIRFLOW_CTX_TRY_NUMBER='1' AIRFLOW_CTX_DAG_RUN_ID='scheduled__2023-07-09T00:00:00+00:00'
[2023-10-18T11:51:52.098+0000] {base.py:73} INFO - Using connection ID 'fs_default' for task execution.
[2023-10-18T11:51:52.098+0000] {filesystem.py:64} INFO - Poking for file /opt/in/tiktok_google_play_reviews.csv
[2023-10-18T11:51:52.099+0000] {filesystem.py:69} INFO - Found File /opt/in/tiktok_google_play_reviews.csv last modified: 20220405221612
[2023-10-18T11:51:52.099+0000] {base.py:287} INFO - Success criteria met. Exiting.
[2023-10-18T11:51:52.107+0000] {taskinstance.py:1400} INFO - Marking task as SUCCESS. dag_id=copy_tranform_to_mongo, task_id=waiting_for_data, execution_date=20230709T000000, start_date=20231018T115151, end_date=20231018T115152
[2023-10-18T11:51:52.161+0000] {local_task_job_runner.py:228} INFO - Task exited with return code 0
[2023-10-18T11:51:52.183+0000] {taskinstance.py:2778} INFO - 1 downstream tasks scheduled from follow-on schedule check
