[2023-10-17T11:20:21.175+0000] {taskinstance.py:1159} INFO - Dependencies all met for dep_context=non-requeueable deps ti=<TaskInstance: copy_tranform_to_mongo.waiting_for_data scheduled__2021-08-30T00:00:00+00:00 [queued]>
[2023-10-17T11:20:21.182+0000] {taskinstance.py:1159} INFO - Dependencies all met for dep_context=requeueable deps ti=<TaskInstance: copy_tranform_to_mongo.waiting_for_data scheduled__2021-08-30T00:00:00+00:00 [queued]>
[2023-10-17T11:20:21.183+0000] {taskinstance.py:1361} INFO - Starting attempt 1 of 1
[2023-10-17T11:20:21.206+0000] {taskinstance.py:1382} INFO - Executing <Task(FileSensor): waiting_for_data> on 2021-08-30 00:00:00+00:00
[2023-10-17T11:20:21.214+0000] {standard_task_runner.py:57} INFO - Started process 933 to run task
[2023-10-17T11:20:21.217+0000] {standard_task_runner.py:84} INFO - Running: ['***', 'tasks', 'run', 'copy_tranform_to_mongo', 'waiting_for_data', 'scheduled__2021-08-30T00:00:00+00:00', '--job-id', '246', '--raw', '--subdir', 'DAGS_FOLDER/file_***-mongo.py', '--cfg-path', '/tmp/tmpocb_skh9']
[2023-10-17T11:20:21.218+0000] {standard_task_runner.py:85} INFO - Job 246: Subtask waiting_for_data
[2023-10-17T11:20:21.267+0000] {task_command.py:416} INFO - Running <TaskInstance: copy_tranform_to_mongo.waiting_for_data scheduled__2021-08-30T00:00:00+00:00 [running]> on host 238c1d4ff767
[2023-10-17T11:20:21.343+0000] {taskinstance.py:1662} INFO - Exporting env vars: AIRFLOW_CTX_DAG_OWNER='***' AIRFLOW_CTX_DAG_ID='copy_tranform_to_mongo' AIRFLOW_CTX_TASK_ID='waiting_for_data' AIRFLOW_CTX_EXECUTION_DATE='2021-08-30T00:00:00+00:00' AIRFLOW_CTX_TRY_NUMBER='1' AIRFLOW_CTX_DAG_RUN_ID='scheduled__2021-08-30T00:00:00+00:00'
[2023-10-17T11:20:21.353+0000] {base.py:73} INFO - Using connection ID 'fs_default' for task execution.
[2023-10-17T11:20:21.353+0000] {filesystem.py:64} INFO - Poking for file /opt/in/tiktok_google_play_reviews.csv
[2023-10-17T11:20:21.354+0000] {filesystem.py:69} INFO - Found File /opt/in/tiktok_google_play_reviews.csv last modified: 20220405221612
[2023-10-17T11:20:21.354+0000] {base.py:287} INFO - Success criteria met. Exiting.
[2023-10-17T11:20:21.365+0000] {taskinstance.py:1400} INFO - Marking task as SUCCESS. dag_id=copy_tranform_to_mongo, task_id=waiting_for_data, execution_date=20210830T000000, start_date=20231017T112021, end_date=20231017T112021
[2023-10-17T11:20:21.429+0000] {local_task_job_runner.py:228} INFO - Task exited with return code 0
[2023-10-17T11:20:21.479+0000] {taskinstance.py:2778} INFO - 0 downstream tasks scheduled from follow-on schedule check
[2023-10-18T10:48:07.484+0000] {taskinstance.py:1159} INFO - Dependencies all met for dep_context=non-requeueable deps ti=<TaskInstance: copy_tranform_to_mongo.waiting_for_data scheduled__2021-08-30T00:00:00+00:00 [queued]>
[2023-10-18T10:48:07.494+0000] {taskinstance.py:1159} INFO - Dependencies all met for dep_context=requeueable deps ti=<TaskInstance: copy_tranform_to_mongo.waiting_for_data scheduled__2021-08-30T00:00:00+00:00 [queued]>
[2023-10-18T10:48:07.495+0000] {taskinstance.py:1361} INFO - Starting attempt 1 of 1
[2023-10-18T10:48:07.512+0000] {taskinstance.py:1382} INFO - Executing <Task(FileSensor): waiting_for_data> on 2021-08-30 00:00:00+00:00
[2023-10-18T10:48:07.519+0000] {standard_task_runner.py:57} INFO - Started process 2042 to run task
[2023-10-18T10:48:07.522+0000] {standard_task_runner.py:84} INFO - Running: ['***', 'tasks', 'run', 'copy_tranform_to_mongo', 'waiting_for_data', 'scheduled__2021-08-30T00:00:00+00:00', '--job-id', '285', '--raw', '--subdir', 'DAGS_FOLDER/file_***-mongo.py', '--cfg-path', '/tmp/tmpn2ekq6bl']
[2023-10-18T10:48:07.523+0000] {standard_task_runner.py:85} INFO - Job 285: Subtask waiting_for_data
[2023-10-18T10:48:07.571+0000] {task_command.py:416} INFO - Running <TaskInstance: copy_tranform_to_mongo.waiting_for_data scheduled__2021-08-30T00:00:00+00:00 [running]> on host 2473b23ba069
[2023-10-18T10:48:07.637+0000] {taskinstance.py:1662} INFO - Exporting env vars: AIRFLOW_CTX_DAG_OWNER='***' AIRFLOW_CTX_DAG_ID='copy_tranform_to_mongo' AIRFLOW_CTX_TASK_ID='waiting_for_data' AIRFLOW_CTX_EXECUTION_DATE='2021-08-30T00:00:00+00:00' AIRFLOW_CTX_TRY_NUMBER='1' AIRFLOW_CTX_DAG_RUN_ID='scheduled__2021-08-30T00:00:00+00:00'
[2023-10-18T10:48:07.647+0000] {base.py:73} INFO - Using connection ID 'fs_default' for task execution.
[2023-10-18T10:48:07.648+0000] {filesystem.py:64} INFO - Poking for file /opt/in/tiktok_google_play_reviews.csv
[2023-10-18T10:48:07.648+0000] {filesystem.py:69} INFO - Found File /opt/in/tiktok_google_play_reviews.csv last modified: 20220405221612
[2023-10-18T10:48:07.648+0000] {base.py:287} INFO - Success criteria met. Exiting.
[2023-10-18T10:48:07.658+0000] {taskinstance.py:1400} INFO - Marking task as SUCCESS. dag_id=copy_tranform_to_mongo, task_id=waiting_for_data, execution_date=20210830T000000, start_date=20231018T104807, end_date=20231018T104807
[2023-10-18T10:48:07.699+0000] {local_task_job_runner.py:228} INFO - Task exited with return code 0
[2023-10-18T10:48:07.737+0000] {taskinstance.py:2778} INFO - 1 downstream tasks scheduled from follow-on schedule check
[2023-10-18T11:44:40.167+0000] {taskinstance.py:1159} INFO - Dependencies all met for dep_context=non-requeueable deps ti=<TaskInstance: copy_tranform_to_mongo.waiting_for_data scheduled__2021-08-30T00:00:00+00:00 [queued]>
[2023-10-18T11:44:40.179+0000] {taskinstance.py:1159} INFO - Dependencies all met for dep_context=requeueable deps ti=<TaskInstance: copy_tranform_to_mongo.waiting_for_data scheduled__2021-08-30T00:00:00+00:00 [queued]>
[2023-10-18T11:44:40.180+0000] {taskinstance.py:1361} INFO - Starting attempt 1 of 1
[2023-10-18T11:44:40.198+0000] {taskinstance.py:1382} INFO - Executing <Task(FileSensor): waiting_for_data> on 2021-08-30 00:00:00+00:00
[2023-10-18T11:44:40.207+0000] {standard_task_runner.py:57} INFO - Started process 1440 to run task
[2023-10-18T11:44:40.210+0000] {standard_task_runner.py:84} INFO - Running: ['***', 'tasks', 'run', 'copy_tranform_to_mongo', 'waiting_for_data', 'scheduled__2021-08-30T00:00:00+00:00', '--job-id', '445', '--raw', '--subdir', 'DAGS_FOLDER/file_***-mongo.py', '--cfg-path', '/tmp/tmp66zmgrzj']
[2023-10-18T11:44:40.212+0000] {standard_task_runner.py:85} INFO - Job 445: Subtask waiting_for_data
[2023-10-18T11:44:40.266+0000] {task_command.py:416} INFO - Running <TaskInstance: copy_tranform_to_mongo.waiting_for_data scheduled__2021-08-30T00:00:00+00:00 [running]> on host 0e68aa52dfc7
[2023-10-18T11:44:40.334+0000] {taskinstance.py:1662} INFO - Exporting env vars: AIRFLOW_CTX_DAG_OWNER='***' AIRFLOW_CTX_DAG_ID='copy_tranform_to_mongo' AIRFLOW_CTX_TASK_ID='waiting_for_data' AIRFLOW_CTX_EXECUTION_DATE='2021-08-30T00:00:00+00:00' AIRFLOW_CTX_TRY_NUMBER='1' AIRFLOW_CTX_DAG_RUN_ID='scheduled__2021-08-30T00:00:00+00:00'
[2023-10-18T11:44:40.344+0000] {base.py:73} INFO - Using connection ID 'fs_default' for task execution.
[2023-10-18T11:44:40.345+0000] {filesystem.py:64} INFO - Poking for file /opt/in/tiktok_google_play_reviews.csv
[2023-10-18T11:44:40.345+0000] {filesystem.py:69} INFO - Found File /opt/in/tiktok_google_play_reviews.csv last modified: 20220405221612
[2023-10-18T11:44:40.346+0000] {base.py:287} INFO - Success criteria met. Exiting.
[2023-10-18T11:44:40.354+0000] {taskinstance.py:1400} INFO - Marking task as SUCCESS. dag_id=copy_tranform_to_mongo, task_id=waiting_for_data, execution_date=20210830T000000, start_date=20231018T114440, end_date=20231018T114440
[2023-10-18T11:44:40.388+0000] {local_task_job_runner.py:228} INFO - Task exited with return code 0
[2023-10-18T11:44:40.424+0000] {taskinstance.py:2778} INFO - 1 downstream tasks scheduled from follow-on schedule check
