[2023-10-17T11:27:21.604+0000] {taskinstance.py:1159} INFO - Dependencies all met for dep_context=non-requeueable deps ti=<TaskInstance: copy_tranform_to_mongo.waiting_for_data scheduled__2023-09-21T00:00:00+00:00 [queued]>
[2023-10-17T11:27:21.610+0000] {taskinstance.py:1159} INFO - Dependencies all met for dep_context=requeueable deps ti=<TaskInstance: copy_tranform_to_mongo.waiting_for_data scheduled__2023-09-21T00:00:00+00:00 [queued]>
[2023-10-17T11:27:21.610+0000] {taskinstance.py:1361} INFO - Starting attempt 1 of 1
[2023-10-17T11:27:21.619+0000] {taskinstance.py:1382} INFO - Executing <Task(FileSensor): waiting_for_data> on 2023-09-21 00:00:00+00:00
[2023-10-17T11:27:21.623+0000] {standard_task_runner.py:57} INFO - Started process 2538 to run task
[2023-10-17T11:27:21.625+0000] {standard_task_runner.py:84} INFO - Running: ['***', 'tasks', 'run', 'copy_tranform_to_mongo', 'waiting_for_data', 'scheduled__2023-09-21T00:00:00+00:00', '--job-id', '998', '--raw', '--subdir', 'DAGS_FOLDER/file_***-mongo.py', '--cfg-path', '/tmp/tmpsai_hxkz']
[2023-10-17T11:27:21.626+0000] {standard_task_runner.py:85} INFO - Job 998: Subtask waiting_for_data
[2023-10-17T11:27:21.656+0000] {task_command.py:416} INFO - Running <TaskInstance: copy_tranform_to_mongo.waiting_for_data scheduled__2023-09-21T00:00:00+00:00 [running]> on host 238c1d4ff767
[2023-10-17T11:27:21.708+0000] {taskinstance.py:1662} INFO - Exporting env vars: AIRFLOW_CTX_DAG_OWNER='***' AIRFLOW_CTX_DAG_ID='copy_tranform_to_mongo' AIRFLOW_CTX_TASK_ID='waiting_for_data' AIRFLOW_CTX_EXECUTION_DATE='2023-09-21T00:00:00+00:00' AIRFLOW_CTX_TRY_NUMBER='1' AIRFLOW_CTX_DAG_RUN_ID='scheduled__2023-09-21T00:00:00+00:00'
[2023-10-17T11:27:21.714+0000] {base.py:73} INFO - Using connection ID 'fs_default' for task execution.
[2023-10-17T11:27:21.714+0000] {filesystem.py:64} INFO - Poking for file /opt/in/tiktok_google_play_reviews.csv
[2023-10-17T11:27:21.714+0000] {filesystem.py:69} INFO - Found File /opt/in/tiktok_google_play_reviews.csv last modified: 20220405221612
[2023-10-17T11:27:21.714+0000] {base.py:287} INFO - Success criteria met. Exiting.
[2023-10-17T11:27:21.720+0000] {taskinstance.py:1400} INFO - Marking task as SUCCESS. dag_id=copy_tranform_to_mongo, task_id=waiting_for_data, execution_date=20230921T000000, start_date=20231017T112721, end_date=20231017T112721
[2023-10-17T11:27:21.757+0000] {local_task_job_runner.py:228} INFO - Task exited with return code 0
[2023-10-17T11:27:21.780+0000] {taskinstance.py:2778} INFO - 0 downstream tasks scheduled from follow-on schedule check
[2023-10-18T11:52:35.710+0000] {taskinstance.py:1159} INFO - Dependencies all met for dep_context=non-requeueable deps ti=<TaskInstance: copy_tranform_to_mongo.waiting_for_data scheduled__2023-09-21T00:00:00+00:00 [queued]>
[2023-10-18T11:52:35.722+0000] {taskinstance.py:1159} INFO - Dependencies all met for dep_context=requeueable deps ti=<TaskInstance: copy_tranform_to_mongo.waiting_for_data scheduled__2023-09-21T00:00:00+00:00 [queued]>
[2023-10-18T11:52:35.722+0000] {taskinstance.py:1361} INFO - Starting attempt 1 of 1
[2023-10-18T11:52:35.738+0000] {taskinstance.py:1382} INFO - Executing <Task(FileSensor): waiting_for_data> on 2023-09-21 00:00:00+00:00
[2023-10-18T11:52:35.745+0000] {standard_task_runner.py:57} INFO - Started process 4572 to run task
[2023-10-18T11:52:35.748+0000] {standard_task_runner.py:84} INFO - Running: ['***', 'tasks', 'run', 'copy_tranform_to_mongo', 'waiting_for_data', 'scheduled__2023-09-21T00:00:00+00:00', '--job-id', '1951', '--raw', '--subdir', 'DAGS_FOLDER/file_***-mongo.py', '--cfg-path', '/tmp/tmp8du7m45s']
[2023-10-18T11:52:35.749+0000] {standard_task_runner.py:85} INFO - Job 1951: Subtask waiting_for_data
[2023-10-18T11:52:35.804+0000] {task_command.py:416} INFO - Running <TaskInstance: copy_tranform_to_mongo.waiting_for_data scheduled__2023-09-21T00:00:00+00:00 [running]> on host 0e68aa52dfc7
[2023-10-18T11:52:35.889+0000] {taskinstance.py:1662} INFO - Exporting env vars: AIRFLOW_CTX_DAG_OWNER='***' AIRFLOW_CTX_DAG_ID='copy_tranform_to_mongo' AIRFLOW_CTX_TASK_ID='waiting_for_data' AIRFLOW_CTX_EXECUTION_DATE='2023-09-21T00:00:00+00:00' AIRFLOW_CTX_TRY_NUMBER='1' AIRFLOW_CTX_DAG_RUN_ID='scheduled__2023-09-21T00:00:00+00:00'
[2023-10-18T11:52:35.902+0000] {base.py:73} INFO - Using connection ID 'fs_default' for task execution.
[2023-10-18T11:52:35.903+0000] {filesystem.py:64} INFO - Poking for file /opt/in/tiktok_google_play_reviews.csv
[2023-10-18T11:52:35.904+0000] {filesystem.py:69} INFO - Found File /opt/in/tiktok_google_play_reviews.csv last modified: 20220405221612
[2023-10-18T11:52:35.904+0000] {base.py:287} INFO - Success criteria met. Exiting.
[2023-10-18T11:52:35.913+0000] {taskinstance.py:1400} INFO - Marking task as SUCCESS. dag_id=copy_tranform_to_mongo, task_id=waiting_for_data, execution_date=20230921T000000, start_date=20231018T115235, end_date=20231018T115235
[2023-10-18T11:52:35.962+0000] {local_task_job_runner.py:228} INFO - Task exited with return code 0
[2023-10-18T11:52:36.012+0000] {taskinstance.py:2778} INFO - 1 downstream tasks scheduled from follow-on schedule check
