[2023-10-17T11:19:53.635+0000] {taskinstance.py:1159} INFO - Dependencies all met for dep_context=non-requeueable deps ti=<TaskInstance: copy_tranform_to_mongo.waiting_for_data scheduled__2021-06-25T00:00:00+00:00 [queued]>
[2023-10-17T11:19:53.645+0000] {taskinstance.py:1159} INFO - Dependencies all met for dep_context=requeueable deps ti=<TaskInstance: copy_tranform_to_mongo.waiting_for_data scheduled__2021-06-25T00:00:00+00:00 [queued]>
[2023-10-17T11:19:53.646+0000] {taskinstance.py:1361} INFO - Starting attempt 1 of 1
[2023-10-17T11:19:53.690+0000] {taskinstance.py:1382} INFO - Executing <Task(FileSensor): waiting_for_data> on 2021-06-25 00:00:00+00:00
[2023-10-17T11:19:53.699+0000] {standard_task_runner.py:57} INFO - Started process 793 to run task
[2023-10-17T11:19:53.701+0000] {standard_task_runner.py:84} INFO - Running: ['***', 'tasks', 'run', 'copy_tranform_to_mongo', 'waiting_for_data', 'scheduled__2021-06-25T00:00:00+00:00', '--job-id', '180', '--raw', '--subdir', 'DAGS_FOLDER/file_***-mongo.py', '--cfg-path', '/tmp/tmp645kpr5v']
[2023-10-17T11:19:53.702+0000] {standard_task_runner.py:85} INFO - Job 180: Subtask waiting_for_data
[2023-10-17T11:19:53.751+0000] {task_command.py:416} INFO - Running <TaskInstance: copy_tranform_to_mongo.waiting_for_data scheduled__2021-06-25T00:00:00+00:00 [running]> on host 238c1d4ff767
[2023-10-17T11:19:53.839+0000] {taskinstance.py:1662} INFO - Exporting env vars: AIRFLOW_CTX_DAG_OWNER='***' AIRFLOW_CTX_DAG_ID='copy_tranform_to_mongo' AIRFLOW_CTX_TASK_ID='waiting_for_data' AIRFLOW_CTX_EXECUTION_DATE='2021-06-25T00:00:00+00:00' AIRFLOW_CTX_TRY_NUMBER='1' AIRFLOW_CTX_DAG_RUN_ID='scheduled__2021-06-25T00:00:00+00:00'
[2023-10-17T11:19:53.849+0000] {base.py:73} INFO - Using connection ID 'fs_default' for task execution.
[2023-10-17T11:19:53.850+0000] {filesystem.py:64} INFO - Poking for file /opt/in/tiktok_google_play_reviews.csv
[2023-10-17T11:19:53.850+0000] {filesystem.py:69} INFO - Found File /opt/in/tiktok_google_play_reviews.csv last modified: 20220405221612
[2023-10-17T11:19:53.850+0000] {base.py:287} INFO - Success criteria met. Exiting.
[2023-10-17T11:19:53.857+0000] {taskinstance.py:1400} INFO - Marking task as SUCCESS. dag_id=copy_tranform_to_mongo, task_id=waiting_for_data, execution_date=20210625T000000, start_date=20231017T111953, end_date=20231017T111953
[2023-10-17T11:19:53.914+0000] {local_task_job_runner.py:228} INFO - Task exited with return code 0
[2023-10-17T11:19:53.927+0000] {taskinstance.py:2778} INFO - 0 downstream tasks scheduled from follow-on schedule check
[2023-10-18T10:43:37.770+0000] {taskinstance.py:1159} INFO - Dependencies all met for dep_context=non-requeueable deps ti=<TaskInstance: copy_tranform_to_mongo.waiting_for_data scheduled__2021-06-25T00:00:00+00:00 [queued]>
[2023-10-18T10:43:37.778+0000] {taskinstance.py:1159} INFO - Dependencies all met for dep_context=requeueable deps ti=<TaskInstance: copy_tranform_to_mongo.waiting_for_data scheduled__2021-06-25T00:00:00+00:00 [queued]>
[2023-10-18T10:43:37.778+0000] {taskinstance.py:1361} INFO - Starting attempt 1 of 1
[2023-10-18T10:43:37.792+0000] {taskinstance.py:1382} INFO - Executing <Task(FileSensor): waiting_for_data> on 2021-06-25 00:00:00+00:00
[2023-10-18T10:43:37.797+0000] {standard_task_runner.py:57} INFO - Started process 1755 to run task
[2023-10-18T10:43:37.799+0000] {standard_task_runner.py:84} INFO - Running: ['***', 'tasks', 'run', 'copy_tranform_to_mongo', 'waiting_for_data', 'scheduled__2021-06-25T00:00:00+00:00', '--job-id', '179', '--raw', '--subdir', 'DAGS_FOLDER/file_***-mongo.py', '--cfg-path', '/tmp/tmpbb7vbpiv']
[2023-10-18T10:43:37.800+0000] {standard_task_runner.py:85} INFO - Job 179: Subtask waiting_for_data
[2023-10-18T10:43:37.835+0000] {task_command.py:416} INFO - Running <TaskInstance: copy_tranform_to_mongo.waiting_for_data scheduled__2021-06-25T00:00:00+00:00 [running]> on host 2473b23ba069
[2023-10-18T10:43:37.888+0000] {taskinstance.py:1662} INFO - Exporting env vars: AIRFLOW_CTX_DAG_OWNER='***' AIRFLOW_CTX_DAG_ID='copy_tranform_to_mongo' AIRFLOW_CTX_TASK_ID='waiting_for_data' AIRFLOW_CTX_EXECUTION_DATE='2021-06-25T00:00:00+00:00' AIRFLOW_CTX_TRY_NUMBER='1' AIRFLOW_CTX_DAG_RUN_ID='scheduled__2021-06-25T00:00:00+00:00'
[2023-10-18T10:43:37.903+0000] {taskinstance.py:1937} ERROR - Task failed with exception
Traceback (most recent call last):
  File "/home/airflow/.local/lib/python3.8/site-packages/airflow/sensors/base.py", line 257, in execute
    raise e
  File "/home/airflow/.local/lib/python3.8/site-packages/airflow/sensors/base.py", line 239, in execute
    poke_return = self.poke(context)
  File "/home/airflow/.local/lib/python3.8/site-packages/airflow/sensors/filesystem.py", line 61, in poke
    hook = FSHook(self.fs_conn_id)
  File "/home/airflow/.local/lib/python3.8/site-packages/airflow/hooks/filesystem.py", line 38, in __init__
    conn = self.get_connection(conn_id)
  File "/home/airflow/.local/lib/python3.8/site-packages/airflow/hooks/base.py", line 72, in get_connection
    conn = Connection.get_connection_from_secrets(conn_id)
  File "/home/airflow/.local/lib/python3.8/site-packages/airflow/models/connection.py", line 477, in get_connection_from_secrets
    raise AirflowNotFoundException(f"The conn_id `{conn_id}` isn't defined")
airflow.exceptions.AirflowNotFoundException: The conn_id `fs_default` isn't defined
[2023-10-18T10:43:37.907+0000] {taskinstance.py:1400} INFO - Marking task as FAILED. dag_id=copy_tranform_to_mongo, task_id=waiting_for_data, execution_date=20210625T000000, start_date=20231018T104337, end_date=20231018T104337
[2023-10-18T10:43:37.916+0000] {standard_task_runner.py:104} ERROR - Failed to execute job 179 for task waiting_for_data (The conn_id `fs_default` isn't defined; 1755)
[2023-10-18T10:43:37.931+0000] {local_task_job_runner.py:228} INFO - Task exited with return code 1
[2023-10-18T10:43:37.954+0000] {taskinstance.py:2778} INFO - 0 downstream tasks scheduled from follow-on schedule check
[2023-10-18T11:43:59.378+0000] {taskinstance.py:1159} INFO - Dependencies all met for dep_context=non-requeueable deps ti=<TaskInstance: copy_tranform_to_mongo.waiting_for_data scheduled__2021-06-25T00:00:00+00:00 [queued]>
[2023-10-18T11:43:59.395+0000] {taskinstance.py:1159} INFO - Dependencies all met for dep_context=requeueable deps ti=<TaskInstance: copy_tranform_to_mongo.waiting_for_data scheduled__2021-06-25T00:00:00+00:00 [queued]>
[2023-10-18T11:43:59.395+0000] {taskinstance.py:1361} INFO - Starting attempt 1 of 1
[2023-10-18T11:43:59.414+0000] {taskinstance.py:1382} INFO - Executing <Task(FileSensor): waiting_for_data> on 2021-06-25 00:00:00+00:00
[2023-10-18T11:43:59.426+0000] {standard_task_runner.py:57} INFO - Started process 1167 to run task
[2023-10-18T11:43:59.432+0000] {standard_task_runner.py:84} INFO - Running: ['***', 'tasks', 'run', 'copy_tranform_to_mongo', 'waiting_for_data', 'scheduled__2021-06-25T00:00:00+00:00', '--job-id', '313', '--raw', '--subdir', 'DAGS_FOLDER/file_***-mongo.py', '--cfg-path', '/tmp/tmpsvi2qt1l']
[2023-10-18T11:43:59.433+0000] {standard_task_runner.py:85} INFO - Job 313: Subtask waiting_for_data
[2023-10-18T11:43:59.494+0000] {task_command.py:416} INFO - Running <TaskInstance: copy_tranform_to_mongo.waiting_for_data scheduled__2021-06-25T00:00:00+00:00 [running]> on host 0e68aa52dfc7
[2023-10-18T11:43:59.622+0000] {taskinstance.py:1662} INFO - Exporting env vars: AIRFLOW_CTX_DAG_OWNER='***' AIRFLOW_CTX_DAG_ID='copy_tranform_to_mongo' AIRFLOW_CTX_TASK_ID='waiting_for_data' AIRFLOW_CTX_EXECUTION_DATE='2021-06-25T00:00:00+00:00' AIRFLOW_CTX_TRY_NUMBER='1' AIRFLOW_CTX_DAG_RUN_ID='scheduled__2021-06-25T00:00:00+00:00'
[2023-10-18T11:43:59.637+0000] {base.py:73} INFO - Using connection ID 'fs_default' for task execution.
[2023-10-18T11:43:59.638+0000] {filesystem.py:64} INFO - Poking for file /opt/in/tiktok_google_play_reviews.csv
[2023-10-18T11:43:59.638+0000] {filesystem.py:69} INFO - Found File /opt/in/tiktok_google_play_reviews.csv last modified: 20220405221612
[2023-10-18T11:43:59.638+0000] {base.py:287} INFO - Success criteria met. Exiting.
[2023-10-18T11:43:59.649+0000] {taskinstance.py:1400} INFO - Marking task as SUCCESS. dag_id=copy_tranform_to_mongo, task_id=waiting_for_data, execution_date=20210625T000000, start_date=20231018T114359, end_date=20231018T114359
[2023-10-18T11:43:59.688+0000] {local_task_job_runner.py:228} INFO - Task exited with return code 0
[2023-10-18T11:43:59.723+0000] {taskinstance.py:2778} INFO - 1 downstream tasks scheduled from follow-on schedule check
