[2023-10-17T11:19:04.685+0000] {taskinstance.py:1159} INFO - Dependencies all met for dep_context=non-requeueable deps ti=<TaskInstance: copy_tranform_to_mongo.waiting_for_data scheduled__2021-02-23T00:00:00+00:00 [queued]>
[2023-10-17T11:19:04.693+0000] {taskinstance.py:1159} INFO - Dependencies all met for dep_context=requeueable deps ti=<TaskInstance: copy_tranform_to_mongo.waiting_for_data scheduled__2021-02-23T00:00:00+00:00 [queued]>
[2023-10-17T11:19:04.693+0000] {taskinstance.py:1361} INFO - Starting attempt 1 of 1
[2023-10-17T11:19:04.714+0000] {taskinstance.py:1382} INFO - Executing <Task(FileSensor): waiting_for_data> on 2021-02-23 00:00:00+00:00
[2023-10-17T11:19:04.723+0000] {standard_task_runner.py:57} INFO - Started process 533 to run task
[2023-10-17T11:19:04.726+0000] {standard_task_runner.py:84} INFO - Running: ['***', 'tasks', 'run', 'copy_tranform_to_mongo', 'waiting_for_data', 'scheduled__2021-02-23T00:00:00+00:00', '--job-id', '58', '--raw', '--subdir', 'DAGS_FOLDER/file_***-mongo.py', '--cfg-path', '/tmp/tmp4crlzlw1']
[2023-10-17T11:19:04.727+0000] {standard_task_runner.py:85} INFO - Job 58: Subtask waiting_for_data
[2023-10-17T11:19:04.772+0000] {task_command.py:416} INFO - Running <TaskInstance: copy_tranform_to_mongo.waiting_for_data scheduled__2021-02-23T00:00:00+00:00 [running]> on host 238c1d4ff767
[2023-10-17T11:19:04.849+0000] {taskinstance.py:1662} INFO - Exporting env vars: AIRFLOW_CTX_DAG_OWNER='***' AIRFLOW_CTX_DAG_ID='copy_tranform_to_mongo' AIRFLOW_CTX_TASK_ID='waiting_for_data' AIRFLOW_CTX_EXECUTION_DATE='2021-02-23T00:00:00+00:00' AIRFLOW_CTX_TRY_NUMBER='1' AIRFLOW_CTX_DAG_RUN_ID='scheduled__2021-02-23T00:00:00+00:00'
[2023-10-17T11:19:04.858+0000] {base.py:73} INFO - Using connection ID 'fs_default' for task execution.
[2023-10-17T11:19:04.859+0000] {filesystem.py:64} INFO - Poking for file /opt/in/tiktok_google_play_reviews.csv
[2023-10-17T11:19:04.860+0000] {filesystem.py:69} INFO - Found File /opt/in/tiktok_google_play_reviews.csv last modified: 20220405221612
[2023-10-17T11:19:04.860+0000] {base.py:287} INFO - Success criteria met. Exiting.
[2023-10-17T11:19:04.869+0000] {taskinstance.py:1400} INFO - Marking task as SUCCESS. dag_id=copy_tranform_to_mongo, task_id=waiting_for_data, execution_date=20210223T000000, start_date=20231017T111904, end_date=20231017T111904
[2023-10-17T11:19:04.899+0000] {local_task_job_runner.py:228} INFO - Task exited with return code 0
[2023-10-17T11:19:04.917+0000] {taskinstance.py:2778} INFO - 0 downstream tasks scheduled from follow-on schedule check
[2023-10-18T10:42:32.342+0000] {taskinstance.py:1159} INFO - Dependencies all met for dep_context=non-requeueable deps ti=<TaskInstance: copy_tranform_to_mongo.waiting_for_data scheduled__2021-02-23T00:00:00+00:00 [queued]>
[2023-10-18T10:42:32.352+0000] {taskinstance.py:1159} INFO - Dependencies all met for dep_context=requeueable deps ti=<TaskInstance: copy_tranform_to_mongo.waiting_for_data scheduled__2021-02-23T00:00:00+00:00 [queued]>
[2023-10-18T10:42:32.353+0000] {taskinstance.py:1361} INFO - Starting attempt 1 of 1
[2023-10-18T10:42:32.423+0000] {taskinstance.py:1382} INFO - Executing <Task(FileSensor): waiting_for_data> on 2021-02-23 00:00:00+00:00
[2023-10-18T10:42:32.428+0000] {standard_task_runner.py:57} INFO - Started process 1496 to run task
[2023-10-18T10:42:32.431+0000] {standard_task_runner.py:84} INFO - Running: ['***', 'tasks', 'run', 'copy_tranform_to_mongo', 'waiting_for_data', 'scheduled__2021-02-23T00:00:00+00:00', '--job-id', '57', '--raw', '--subdir', 'DAGS_FOLDER/file_***-mongo.py', '--cfg-path', '/tmp/tmp1wui3jij']
[2023-10-18T10:42:32.432+0000] {standard_task_runner.py:85} INFO - Job 57: Subtask waiting_for_data
[2023-10-18T10:42:32.497+0000] {task_command.py:416} INFO - Running <TaskInstance: copy_tranform_to_mongo.waiting_for_data scheduled__2021-02-23T00:00:00+00:00 [running]> on host 2473b23ba069
[2023-10-18T10:42:32.578+0000] {taskinstance.py:1662} INFO - Exporting env vars: AIRFLOW_CTX_DAG_OWNER='***' AIRFLOW_CTX_DAG_ID='copy_tranform_to_mongo' AIRFLOW_CTX_TASK_ID='waiting_for_data' AIRFLOW_CTX_EXECUTION_DATE='2021-02-23T00:00:00+00:00' AIRFLOW_CTX_TRY_NUMBER='1' AIRFLOW_CTX_DAG_RUN_ID='scheduled__2021-02-23T00:00:00+00:00'
[2023-10-18T10:42:32.594+0000] {taskinstance.py:1937} ERROR - Task failed with exception
Traceback (most recent call last):
  File "/home/airflow/.local/lib/python3.8/site-packages/airflow/sensors/base.py", line 257, in execute
    raise e
  File "/home/airflow/.local/lib/python3.8/site-packages/airflow/sensors/base.py", line 239, in execute
    poke_return = self.poke(context)
  File "/home/airflow/.local/lib/python3.8/site-packages/airflow/sensors/filesystem.py", line 61, in poke
    hook = FSHook(self.fs_conn_id)
  File "/home/airflow/.local/lib/python3.8/site-packages/airflow/hooks/filesystem.py", line 38, in __init__
    conn = self.get_connection(conn_id)
  File "/home/airflow/.local/lib/python3.8/site-packages/airflow/hooks/base.py", line 72, in get_connection
    conn = Connection.get_connection_from_secrets(conn_id)
  File "/home/airflow/.local/lib/python3.8/site-packages/airflow/models/connection.py", line 477, in get_connection_from_secrets
    raise AirflowNotFoundException(f"The conn_id `{conn_id}` isn't defined")
airflow.exceptions.AirflowNotFoundException: The conn_id `fs_default` isn't defined
[2023-10-18T10:42:32.599+0000] {taskinstance.py:1400} INFO - Marking task as FAILED. dag_id=copy_tranform_to_mongo, task_id=waiting_for_data, execution_date=20210223T000000, start_date=20231018T104232, end_date=20231018T104232
[2023-10-18T10:42:32.617+0000] {standard_task_runner.py:104} ERROR - Failed to execute job 57 for task waiting_for_data (The conn_id `fs_default` isn't defined; 1496)
[2023-10-18T10:42:32.644+0000] {local_task_job_runner.py:228} INFO - Task exited with return code 1
[2023-10-18T10:42:32.677+0000] {taskinstance.py:2778} INFO - 0 downstream tasks scheduled from follow-on schedule check
[2023-10-18T11:17:00.989+0000] {taskinstance.py:1159} INFO - Dependencies all met for dep_context=non-requeueable deps ti=<TaskInstance: copy_tranform_to_mongo.waiting_for_data scheduled__2021-02-23T00:00:00+00:00 [queued]>
[2023-10-18T11:17:01.010+0000] {taskinstance.py:1159} INFO - Dependencies all met for dep_context=requeueable deps ti=<TaskInstance: copy_tranform_to_mongo.waiting_for_data scheduled__2021-02-23T00:00:00+00:00 [queued]>
[2023-10-18T11:17:01.011+0000] {taskinstance.py:1361} INFO - Starting attempt 1 of 1
[2023-10-18T11:17:01.025+0000] {taskinstance.py:1382} INFO - Executing <Task(FileSensor): waiting_for_data> on 2021-02-23 00:00:00+00:00
[2023-10-18T11:17:01.031+0000] {standard_task_runner.py:57} INFO - Started process 261 to run task
[2023-10-18T11:17:01.033+0000] {standard_task_runner.py:84} INFO - Running: ['***', 'tasks', 'run', 'copy_tranform_to_mongo', 'waiting_for_data', 'scheduled__2021-02-23T00:00:00+00:00', '--job-id', '68', '--raw', '--subdir', 'DAGS_FOLDER/file_***-mongo.py', '--cfg-path', '/tmp/tmpl17gm8sd']
[2023-10-18T11:17:01.035+0000] {standard_task_runner.py:85} INFO - Job 68: Subtask waiting_for_data
[2023-10-18T11:17:01.076+0000] {task_command.py:416} INFO - Running <TaskInstance: copy_tranform_to_mongo.waiting_for_data scheduled__2021-02-23T00:00:00+00:00 [running]> on host 0e68aa52dfc7
[2023-10-18T11:17:01.159+0000] {taskinstance.py:1662} INFO - Exporting env vars: AIRFLOW_CTX_DAG_OWNER='***' AIRFLOW_CTX_DAG_ID='copy_tranform_to_mongo' AIRFLOW_CTX_TASK_ID='waiting_for_data' AIRFLOW_CTX_EXECUTION_DATE='2021-02-23T00:00:00+00:00' AIRFLOW_CTX_TRY_NUMBER='1' AIRFLOW_CTX_DAG_RUN_ID='scheduled__2021-02-23T00:00:00+00:00'
[2023-10-18T11:17:01.169+0000] {base.py:73} INFO - Using connection ID 'fs_default' for task execution.
[2023-10-18T11:17:01.172+0000] {filesystem.py:64} INFO - Poking for file /opt/in/tiktok_google_play_reviews.csv
[2023-10-18T11:17:01.173+0000] {filesystem.py:69} INFO - Found File /opt/in/tiktok_google_play_reviews.csv last modified: 20220405221612
[2023-10-18T11:17:01.173+0000] {base.py:287} INFO - Success criteria met. Exiting.
[2023-10-18T11:17:01.184+0000] {taskinstance.py:1400} INFO - Marking task as SUCCESS. dag_id=copy_tranform_to_mongo, task_id=waiting_for_data, execution_date=20210223T000000, start_date=20231018T111700, end_date=20231018T111701
[2023-10-18T11:17:01.248+0000] {local_task_job_runner.py:228} INFO - Task exited with return code 0
[2023-10-18T11:17:01.279+0000] {taskinstance.py:2778} INFO - 1 downstream tasks scheduled from follow-on schedule check
[2023-10-19T12:11:39.689+0000] {taskinstance.py:1159} INFO - Dependencies all met for dep_context=non-requeueable deps ti=<TaskInstance: copy_tranform_to_mongo.waiting_for_data scheduled__2021-02-23T00:00:00+00:00 [queued]>
[2023-10-19T12:11:39.700+0000] {taskinstance.py:1159} INFO - Dependencies all met for dep_context=requeueable deps ti=<TaskInstance: copy_tranform_to_mongo.waiting_for_data scheduled__2021-02-23T00:00:00+00:00 [queued]>
[2023-10-19T12:11:39.701+0000] {taskinstance.py:1361} INFO - Starting attempt 1 of 1
[2023-10-19T12:11:39.717+0000] {taskinstance.py:1382} INFO - Executing <Task(FileSensor): waiting_for_data> on 2021-02-23 00:00:00+00:00
[2023-10-19T12:11:39.724+0000] {standard_task_runner.py:57} INFO - Started process 318 to run task
[2023-10-19T12:11:39.727+0000] {standard_task_runner.py:84} INFO - Running: ['***', 'tasks', 'run', 'copy_tranform_to_mongo', 'waiting_for_data', 'scheduled__2021-02-23T00:00:00+00:00', '--job-id', '66', '--raw', '--subdir', 'DAGS_FOLDER/file_***-mongo.py', '--cfg-path', '/tmp/tmpz30_1bsb']
[2023-10-19T12:11:39.728+0000] {standard_task_runner.py:85} INFO - Job 66: Subtask waiting_for_data
[2023-10-19T12:11:39.777+0000] {task_command.py:416} INFO - Running <TaskInstance: copy_tranform_to_mongo.waiting_for_data scheduled__2021-02-23T00:00:00+00:00 [running]> on host 6f5df7fea6fd
[2023-10-19T12:11:39.847+0000] {taskinstance.py:1662} INFO - Exporting env vars: AIRFLOW_CTX_DAG_OWNER='***' AIRFLOW_CTX_DAG_ID='copy_tranform_to_mongo' AIRFLOW_CTX_TASK_ID='waiting_for_data' AIRFLOW_CTX_EXECUTION_DATE='2021-02-23T00:00:00+00:00' AIRFLOW_CTX_TRY_NUMBER='1' AIRFLOW_CTX_DAG_RUN_ID='scheduled__2021-02-23T00:00:00+00:00'
[2023-10-19T12:11:39.858+0000] {base.py:73} INFO - Using connection ID 'fs_default' for task execution.
[2023-10-19T12:11:39.859+0000] {filesystem.py:64} INFO - Poking for file /opt/in/tiktok_google_play_reviews.csv
[2023-10-19T12:11:39.859+0000] {filesystem.py:69} INFO - Found File /opt/in/tiktok_google_play_reviews.csv last modified: 20220405221612
[2023-10-19T12:11:39.859+0000] {base.py:287} INFO - Success criteria met. Exiting.
[2023-10-19T12:11:39.868+0000] {taskinstance.py:1400} INFO - Marking task as SUCCESS. dag_id=copy_tranform_to_mongo, task_id=waiting_for_data, execution_date=20210223T000000, start_date=20231019T121139, end_date=20231019T121139
[2023-10-19T12:11:39.900+0000] {local_task_job_runner.py:228} INFO - Task exited with return code 0
[2023-10-19T12:11:39.949+0000] {taskinstance.py:2778} INFO - 1 downstream tasks scheduled from follow-on schedule check
