[2023-10-17T11:25:16.430+0000] {taskinstance.py:1159} INFO - Dependencies all met for dep_context=non-requeueable deps ti=<TaskInstance: copy_tranform_to_mongo.waiting_for_data scheduled__2023-02-24T00:00:00+00:00 [queued]>
[2023-10-17T11:25:16.438+0000] {taskinstance.py:1159} INFO - Dependencies all met for dep_context=requeueable deps ti=<TaskInstance: copy_tranform_to_mongo.waiting_for_data scheduled__2023-02-24T00:00:00+00:00 [queued]>
[2023-10-17T11:25:16.438+0000] {taskinstance.py:1361} INFO - Starting attempt 1 of 1
[2023-10-17T11:25:16.471+0000] {taskinstance.py:1382} INFO - Executing <Task(FileSensor): waiting_for_data> on 2023-02-24 00:00:00+00:00
[2023-10-17T11:25:16.479+0000] {standard_task_runner.py:57} INFO - Started process 2090 to run task
[2023-10-17T11:25:16.481+0000] {standard_task_runner.py:84} INFO - Running: ['***', 'tasks', 'run', 'copy_tranform_to_mongo', 'waiting_for_data', 'scheduled__2023-02-24T00:00:00+00:00', '--job-id', '789', '--raw', '--subdir', 'DAGS_FOLDER/file_***-mongo.py', '--cfg-path', '/tmp/tmpngw5mmlm']
[2023-10-17T11:25:16.482+0000] {standard_task_runner.py:85} INFO - Job 789: Subtask waiting_for_data
[2023-10-17T11:25:16.525+0000] {task_command.py:416} INFO - Running <TaskInstance: copy_tranform_to_mongo.waiting_for_data scheduled__2023-02-24T00:00:00+00:00 [running]> on host 238c1d4ff767
[2023-10-17T11:25:16.605+0000] {taskinstance.py:1662} INFO - Exporting env vars: AIRFLOW_CTX_DAG_OWNER='***' AIRFLOW_CTX_DAG_ID='copy_tranform_to_mongo' AIRFLOW_CTX_TASK_ID='waiting_for_data' AIRFLOW_CTX_EXECUTION_DATE='2023-02-24T00:00:00+00:00' AIRFLOW_CTX_TRY_NUMBER='1' AIRFLOW_CTX_DAG_RUN_ID='scheduled__2023-02-24T00:00:00+00:00'
[2023-10-17T11:25:16.615+0000] {base.py:73} INFO - Using connection ID 'fs_default' for task execution.
[2023-10-17T11:25:16.616+0000] {filesystem.py:64} INFO - Poking for file /opt/in/tiktok_google_play_reviews.csv
[2023-10-17T11:25:16.616+0000] {filesystem.py:69} INFO - Found File /opt/in/tiktok_google_play_reviews.csv last modified: 20220405221612
[2023-10-17T11:25:16.616+0000] {base.py:287} INFO - Success criteria met. Exiting.
[2023-10-17T11:25:16.626+0000] {taskinstance.py:1400} INFO - Marking task as SUCCESS. dag_id=copy_tranform_to_mongo, task_id=waiting_for_data, execution_date=20230224T000000, start_date=20231017T112516, end_date=20231017T112516
[2023-10-17T11:25:16.653+0000] {local_task_job_runner.py:228} INFO - Task exited with return code 0
[2023-10-17T11:25:16.669+0000] {taskinstance.py:2778} INFO - 0 downstream tasks scheduled from follow-on schedule check
[2023-10-18T11:50:30.453+0000] {taskinstance.py:1159} INFO - Dependencies all met for dep_context=non-requeueable deps ti=<TaskInstance: copy_tranform_to_mongo.waiting_for_data scheduled__2023-02-24T00:00:00+00:00 [queued]>
[2023-10-18T11:50:30.471+0000] {taskinstance.py:1159} INFO - Dependencies all met for dep_context=requeueable deps ti=<TaskInstance: copy_tranform_to_mongo.waiting_for_data scheduled__2023-02-24T00:00:00+00:00 [queued]>
[2023-10-18T11:50:30.471+0000] {taskinstance.py:1361} INFO - Starting attempt 1 of 1
[2023-10-18T11:50:30.484+0000] {taskinstance.py:1382} INFO - Executing <Task(FileSensor): waiting_for_data> on 2023-02-24 00:00:00+00:00
[2023-10-18T11:50:30.491+0000] {standard_task_runner.py:57} INFO - Started process 3700 to run task
[2023-10-18T11:50:30.494+0000] {standard_task_runner.py:84} INFO - Running: ['***', 'tasks', 'run', 'copy_tranform_to_mongo', 'waiting_for_data', 'scheduled__2023-02-24T00:00:00+00:00', '--job-id', '1531', '--raw', '--subdir', 'DAGS_FOLDER/file_***-mongo.py', '--cfg-path', '/tmp/tmph_b7e2oo']
[2023-10-18T11:50:30.495+0000] {standard_task_runner.py:85} INFO - Job 1531: Subtask waiting_for_data
[2023-10-18T11:50:30.550+0000] {task_command.py:416} INFO - Running <TaskInstance: copy_tranform_to_mongo.waiting_for_data scheduled__2023-02-24T00:00:00+00:00 [running]> on host 0e68aa52dfc7
[2023-10-18T11:50:30.633+0000] {taskinstance.py:1662} INFO - Exporting env vars: AIRFLOW_CTX_DAG_OWNER='***' AIRFLOW_CTX_DAG_ID='copy_tranform_to_mongo' AIRFLOW_CTX_TASK_ID='waiting_for_data' AIRFLOW_CTX_EXECUTION_DATE='2023-02-24T00:00:00+00:00' AIRFLOW_CTX_TRY_NUMBER='1' AIRFLOW_CTX_DAG_RUN_ID='scheduled__2023-02-24T00:00:00+00:00'
[2023-10-18T11:50:30.644+0000] {base.py:73} INFO - Using connection ID 'fs_default' for task execution.
[2023-10-18T11:50:30.644+0000] {filesystem.py:64} INFO - Poking for file /opt/in/tiktok_google_play_reviews.csv
[2023-10-18T11:50:30.644+0000] {filesystem.py:69} INFO - Found File /opt/in/tiktok_google_play_reviews.csv last modified: 20220405221612
[2023-10-18T11:50:30.644+0000] {base.py:287} INFO - Success criteria met. Exiting.
[2023-10-18T11:50:30.658+0000] {taskinstance.py:1400} INFO - Marking task as SUCCESS. dag_id=copy_tranform_to_mongo, task_id=waiting_for_data, execution_date=20230224T000000, start_date=20231018T115030, end_date=20231018T115030
[2023-10-18T11:50:30.708+0000] {local_task_job_runner.py:228} INFO - Task exited with return code 0
[2023-10-18T11:50:30.735+0000] {taskinstance.py:2778} INFO - 0 downstream tasks scheduled from follow-on schedule check
