[2023-10-19T13:16:45.315+0000] {taskinstance.py:1159} INFO - Dependencies all met for dep_context=non-requeueable deps ti=<TaskInstance: copy_tranform_to_mongo.load_data_to_mongo scheduled__2021-01-20T00:00:00+00:00 [queued]>
[2023-10-19T13:16:45.328+0000] {taskinstance.py:1159} INFO - Dependencies all met for dep_context=requeueable deps ti=<TaskInstance: copy_tranform_to_mongo.load_data_to_mongo scheduled__2021-01-20T00:00:00+00:00 [queued]>
[2023-10-19T13:16:45.328+0000] {taskinstance.py:1361} INFO - Starting attempt 1 of 1
[2023-10-19T13:16:45.350+0000] {taskinstance.py:1382} INFO - Executing <Task(DockerOperator): load_data_to_mongo> on 2021-01-20 00:00:00+00:00
[2023-10-19T13:16:45.378+0000] {standard_task_runner.py:57} INFO - Started process 471 to run task
[2023-10-19T13:16:45.403+0000] {standard_task_runner.py:84} INFO - Running: ['***', 'tasks', 'run', 'copy_tranform_to_mongo', 'load_data_to_mongo', 'scheduled__2021-01-20T00:00:00+00:00', '--job-id', '82', '--raw', '--subdir', 'DAGS_FOLDER/file_***-mongo.py', '--cfg-path', '/tmp/tmpe8r9lesa']
[2023-10-19T13:16:45.409+0000] {standard_task_runner.py:85} INFO - Job 82: Subtask load_data_to_mongo
[2023-10-19T13:16:45.560+0000] {task_command.py:416} INFO - Running <TaskInstance: copy_tranform_to_mongo.load_data_to_mongo scheduled__2021-01-20T00:00:00+00:00 [running]> on host f2b9ba520501
[2023-10-19T13:16:45.769+0000] {taskinstance.py:1662} INFO - Exporting env vars: AIRFLOW_CTX_DAG_OWNER='***' AIRFLOW_CTX_DAG_ID='copy_tranform_to_mongo' AIRFLOW_CTX_TASK_ID='load_data_to_mongo' AIRFLOW_CTX_EXECUTION_DATE='2021-01-20T00:00:00+00:00' AIRFLOW_CTX_TRY_NUMBER='1' AIRFLOW_CTX_DAG_RUN_ID='scheduled__2021-01-20T00:00:00+00:00'
[2023-10-19T13:16:45.827+0000] {docker.py:337} INFO - Starting docker container from image python/pandas:1.0.0
[2023-10-19T13:16:46.743+0000] {docker.py:406} INFO - Traceback (most recent call last):
  File "/opt/pandasapp/script/load_to_mongo.py", line 21, in <module>
[2023-10-19T13:16:46.744+0000] {docker.py:406} INFO - with open(file_name_list[0]) as f:
IndexError: list index out of range
[2023-10-19T13:16:48.143+0000] {taskinstance.py:1937} ERROR - Task failed with exception
Traceback (most recent call last):
  File "/home/airflow/.local/lib/python3.8/site-packages/airflow/providers/docker/operators/docker.py", line 479, in execute
    return self._run_image()
  File "/home/airflow/.local/lib/python3.8/site-packages/airflow/providers/docker/operators/docker.py", line 354, in _run_image
    return self._run_image_with_mounts(self.mounts, add_tmp_variable=False)
  File "/home/airflow/.local/lib/python3.8/site-packages/airflow/providers/docker/operators/docker.py", line 414, in _run_image_with_mounts
    raise DockerContainerFailedException(f"Docker container failed: {result!r}", logs=log_lines)
airflow.providers.docker.exceptions.DockerContainerFailedException: Docker container failed: {'StatusCode': 1}
[2023-10-19T13:16:48.148+0000] {taskinstance.py:1400} INFO - Marking task as FAILED. dag_id=copy_tranform_to_mongo, task_id=load_data_to_mongo, execution_date=20210120T000000, start_date=20231019T131645, end_date=20231019T131648
[2023-10-19T13:16:48.236+0000] {standard_task_runner.py:104} ERROR - Failed to execute job 82 for task load_data_to_mongo (Docker container failed: {'StatusCode': 1}; 471)
[2023-10-19T13:16:48.268+0000] {local_task_job_runner.py:228} INFO - Task exited with return code 1
[2023-10-19T13:16:48.305+0000] {taskinstance.py:2778} INFO - 0 downstream tasks scheduled from follow-on schedule check
