[2023-10-17T11:24:36.426+0000] {taskinstance.py:1159} INFO - Dependencies all met for dep_context=non-requeueable deps ti=<TaskInstance: copy_tranform_to_mongo.waiting_for_data scheduled__2022-11-26T00:00:00+00:00 [queued]>
[2023-10-17T11:24:36.432+0000] {taskinstance.py:1159} INFO - Dependencies all met for dep_context=requeueable deps ti=<TaskInstance: copy_tranform_to_mongo.waiting_for_data scheduled__2022-11-26T00:00:00+00:00 [queued]>
[2023-10-17T11:24:36.432+0000] {taskinstance.py:1361} INFO - Starting attempt 1 of 1
[2023-10-17T11:24:36.444+0000] {taskinstance.py:1382} INFO - Executing <Task(FileSensor): waiting_for_data> on 2022-11-26 00:00:00+00:00
[2023-10-17T11:24:36.449+0000] {standard_task_runner.py:57} INFO - Started process 1900 to run task
[2023-10-17T11:24:36.451+0000] {standard_task_runner.py:84} INFO - Running: ['***', 'tasks', 'run', 'copy_tranform_to_mongo', 'waiting_for_data', 'scheduled__2022-11-26T00:00:00+00:00', '--job-id', '699', '--raw', '--subdir', 'DAGS_FOLDER/file_***-mongo.py', '--cfg-path', '/tmp/tmpa51yzums']
[2023-10-17T11:24:36.452+0000] {standard_task_runner.py:85} INFO - Job 699: Subtask waiting_for_data
[2023-10-17T11:24:36.493+0000] {task_command.py:416} INFO - Running <TaskInstance: copy_tranform_to_mongo.waiting_for_data scheduled__2022-11-26T00:00:00+00:00 [running]> on host 238c1d4ff767
[2023-10-17T11:24:36.555+0000] {taskinstance.py:1662} INFO - Exporting env vars: AIRFLOW_CTX_DAG_OWNER='***' AIRFLOW_CTX_DAG_ID='copy_tranform_to_mongo' AIRFLOW_CTX_TASK_ID='waiting_for_data' AIRFLOW_CTX_EXECUTION_DATE='2022-11-26T00:00:00+00:00' AIRFLOW_CTX_TRY_NUMBER='1' AIRFLOW_CTX_DAG_RUN_ID='scheduled__2022-11-26T00:00:00+00:00'
[2023-10-17T11:24:36.562+0000] {base.py:73} INFO - Using connection ID 'fs_default' for task execution.
[2023-10-17T11:24:36.562+0000] {filesystem.py:64} INFO - Poking for file /opt/in/tiktok_google_play_reviews.csv
[2023-10-17T11:24:36.563+0000] {filesystem.py:69} INFO - Found File /opt/in/tiktok_google_play_reviews.csv last modified: 20220405221612
[2023-10-17T11:24:36.563+0000] {base.py:287} INFO - Success criteria met. Exiting.
[2023-10-17T11:24:36.569+0000] {taskinstance.py:1400} INFO - Marking task as SUCCESS. dag_id=copy_tranform_to_mongo, task_id=waiting_for_data, execution_date=20221126T000000, start_date=20231017T112436, end_date=20231017T112436
[2023-10-17T11:24:36.583+0000] {local_task_job_runner.py:228} INFO - Task exited with return code 0
[2023-10-17T11:24:36.596+0000] {taskinstance.py:2778} INFO - 0 downstream tasks scheduled from follow-on schedule check
[2023-10-18T11:49:16.797+0000] {taskinstance.py:1159} INFO - Dependencies all met for dep_context=non-requeueable deps ti=<TaskInstance: copy_tranform_to_mongo.waiting_for_data scheduled__2022-11-26T00:00:00+00:00 [queued]>
[2023-10-18T11:49:16.808+0000] {taskinstance.py:1159} INFO - Dependencies all met for dep_context=requeueable deps ti=<TaskInstance: copy_tranform_to_mongo.waiting_for_data scheduled__2022-11-26T00:00:00+00:00 [queued]>
[2023-10-18T11:49:16.808+0000] {taskinstance.py:1361} INFO - Starting attempt 1 of 1
[2023-10-18T11:49:16.821+0000] {taskinstance.py:1382} INFO - Executing <Task(FileSensor): waiting_for_data> on 2022-11-26 00:00:00+00:00
[2023-10-18T11:49:16.827+0000] {standard_task_runner.py:57} INFO - Started process 3325 to run task
[2023-10-18T11:49:16.831+0000] {standard_task_runner.py:84} INFO - Running: ['***', 'tasks', 'run', 'copy_tranform_to_mongo', 'waiting_for_data', 'scheduled__2022-11-26T00:00:00+00:00', '--job-id', '1351', '--raw', '--subdir', 'DAGS_FOLDER/file_***-mongo.py', '--cfg-path', '/tmp/tmpjm8o60_h']
[2023-10-18T11:49:16.833+0000] {standard_task_runner.py:85} INFO - Job 1351: Subtask waiting_for_data
[2023-10-18T11:49:16.886+0000] {task_command.py:416} INFO - Running <TaskInstance: copy_tranform_to_mongo.waiting_for_data scheduled__2022-11-26T00:00:00+00:00 [running]> on host 0e68aa52dfc7
[2023-10-18T11:49:16.991+0000] {taskinstance.py:1662} INFO - Exporting env vars: AIRFLOW_CTX_DAG_OWNER='***' AIRFLOW_CTX_DAG_ID='copy_tranform_to_mongo' AIRFLOW_CTX_TASK_ID='waiting_for_data' AIRFLOW_CTX_EXECUTION_DATE='2022-11-26T00:00:00+00:00' AIRFLOW_CTX_TRY_NUMBER='1' AIRFLOW_CTX_DAG_RUN_ID='scheduled__2022-11-26T00:00:00+00:00'
[2023-10-18T11:49:17.002+0000] {base.py:73} INFO - Using connection ID 'fs_default' for task execution.
[2023-10-18T11:49:17.002+0000] {filesystem.py:64} INFO - Poking for file /opt/in/tiktok_google_play_reviews.csv
[2023-10-18T11:49:17.003+0000] {filesystem.py:69} INFO - Found File /opt/in/tiktok_google_play_reviews.csv last modified: 20220405221612
[2023-10-18T11:49:17.003+0000] {base.py:287} INFO - Success criteria met. Exiting.
[2023-10-18T11:49:17.014+0000] {taskinstance.py:1400} INFO - Marking task as SUCCESS. dag_id=copy_tranform_to_mongo, task_id=waiting_for_data, execution_date=20221126T000000, start_date=20231018T114916, end_date=20231018T114917
[2023-10-18T11:49:17.045+0000] {local_task_job_runner.py:228} INFO - Task exited with return code 0
[2023-10-18T11:49:17.081+0000] {taskinstance.py:2778} INFO - 1 downstream tasks scheduled from follow-on schedule check
