[2023-10-17T11:23:28.554+0000] {taskinstance.py:1159} INFO - Dependencies all met for dep_context=non-requeueable deps ti=<TaskInstance: copy_tranform_to_mongo.waiting_for_data scheduled__2022-07-28T00:00:00+00:00 [queued]>
[2023-10-17T11:23:28.564+0000] {taskinstance.py:1159} INFO - Dependencies all met for dep_context=requeueable deps ti=<TaskInstance: copy_tranform_to_mongo.waiting_for_data scheduled__2022-07-28T00:00:00+00:00 [queued]>
[2023-10-17T11:23:28.564+0000] {taskinstance.py:1361} INFO - Starting attempt 1 of 1
[2023-10-17T11:23:28.579+0000] {taskinstance.py:1382} INFO - Executing <Task(FileSensor): waiting_for_data> on 2022-07-28 00:00:00+00:00
[2023-10-17T11:23:28.586+0000] {standard_task_runner.py:57} INFO - Started process 1637 to run task
[2023-10-17T11:23:28.589+0000] {standard_task_runner.py:84} INFO - Running: ['***', 'tasks', 'run', 'copy_tranform_to_mongo', 'waiting_for_data', 'scheduled__2022-07-28T00:00:00+00:00', '--job-id', '578', '--raw', '--subdir', 'DAGS_FOLDER/file_***-mongo.py', '--cfg-path', '/tmp/tmpibcv5_88']
[2023-10-17T11:23:28.591+0000] {standard_task_runner.py:85} INFO - Job 578: Subtask waiting_for_data
[2023-10-17T11:23:28.630+0000] {task_command.py:416} INFO - Running <TaskInstance: copy_tranform_to_mongo.waiting_for_data scheduled__2022-07-28T00:00:00+00:00 [running]> on host 238c1d4ff767
[2023-10-17T11:23:28.699+0000] {taskinstance.py:1662} INFO - Exporting env vars: AIRFLOW_CTX_DAG_OWNER='***' AIRFLOW_CTX_DAG_ID='copy_tranform_to_mongo' AIRFLOW_CTX_TASK_ID='waiting_for_data' AIRFLOW_CTX_EXECUTION_DATE='2022-07-28T00:00:00+00:00' AIRFLOW_CTX_TRY_NUMBER='1' AIRFLOW_CTX_DAG_RUN_ID='scheduled__2022-07-28T00:00:00+00:00'
[2023-10-17T11:23:28.710+0000] {base.py:73} INFO - Using connection ID 'fs_default' for task execution.
[2023-10-17T11:23:28.710+0000] {filesystem.py:64} INFO - Poking for file /opt/in/tiktok_google_play_reviews.csv
[2023-10-17T11:23:28.710+0000] {filesystem.py:69} INFO - Found File /opt/in/tiktok_google_play_reviews.csv last modified: 20220405221612
[2023-10-17T11:23:28.710+0000] {base.py:287} INFO - Success criteria met. Exiting.
[2023-10-17T11:23:28.719+0000] {taskinstance.py:1400} INFO - Marking task as SUCCESS. dag_id=copy_tranform_to_mongo, task_id=waiting_for_data, execution_date=20220728T000000, start_date=20231017T112328, end_date=20231017T112328
[2023-10-17T11:23:28.762+0000] {local_task_job_runner.py:228} INFO - Task exited with return code 0
[2023-10-17T11:23:28.818+0000] {taskinstance.py:2778} INFO - 0 downstream tasks scheduled from follow-on schedule check
[2023-10-18T11:48:05.623+0000] {taskinstance.py:1159} INFO - Dependencies all met for dep_context=non-requeueable deps ti=<TaskInstance: copy_tranform_to_mongo.waiting_for_data scheduled__2022-07-28T00:00:00+00:00 [queued]>
[2023-10-18T11:48:05.634+0000] {taskinstance.py:1159} INFO - Dependencies all met for dep_context=requeueable deps ti=<TaskInstance: copy_tranform_to_mongo.waiting_for_data scheduled__2022-07-28T00:00:00+00:00 [queued]>
[2023-10-18T11:48:05.634+0000] {taskinstance.py:1361} INFO - Starting attempt 1 of 1
[2023-10-18T11:48:05.649+0000] {taskinstance.py:1382} INFO - Executing <Task(FileSensor): waiting_for_data> on 2022-07-28 00:00:00+00:00
[2023-10-18T11:48:05.658+0000] {standard_task_runner.py:57} INFO - Started process 2818 to run task
[2023-10-18T11:48:05.661+0000] {standard_task_runner.py:84} INFO - Running: ['***', 'tasks', 'run', 'copy_tranform_to_mongo', 'waiting_for_data', 'scheduled__2022-07-28T00:00:00+00:00', '--job-id', '1110', '--raw', '--subdir', 'DAGS_FOLDER/file_***-mongo.py', '--cfg-path', '/tmp/tmp6e4h3801']
[2023-10-18T11:48:05.662+0000] {standard_task_runner.py:85} INFO - Job 1110: Subtask waiting_for_data
[2023-10-18T11:48:05.715+0000] {task_command.py:416} INFO - Running <TaskInstance: copy_tranform_to_mongo.waiting_for_data scheduled__2022-07-28T00:00:00+00:00 [running]> on host 0e68aa52dfc7
[2023-10-18T11:48:05.833+0000] {taskinstance.py:1662} INFO - Exporting env vars: AIRFLOW_CTX_DAG_OWNER='***' AIRFLOW_CTX_DAG_ID='copy_tranform_to_mongo' AIRFLOW_CTX_TASK_ID='waiting_for_data' AIRFLOW_CTX_EXECUTION_DATE='2022-07-28T00:00:00+00:00' AIRFLOW_CTX_TRY_NUMBER='1' AIRFLOW_CTX_DAG_RUN_ID='scheduled__2022-07-28T00:00:00+00:00'
[2023-10-18T11:48:05.849+0000] {base.py:73} INFO - Using connection ID 'fs_default' for task execution.
[2023-10-18T11:48:05.849+0000] {filesystem.py:64} INFO - Poking for file /opt/in/tiktok_google_play_reviews.csv
[2023-10-18T11:48:05.849+0000] {filesystem.py:69} INFO - Found File /opt/in/tiktok_google_play_reviews.csv last modified: 20220405221612
[2023-10-18T11:48:05.850+0000] {base.py:287} INFO - Success criteria met. Exiting.
[2023-10-18T11:48:05.861+0000] {taskinstance.py:1400} INFO - Marking task as SUCCESS. dag_id=copy_tranform_to_mongo, task_id=waiting_for_data, execution_date=20220728T000000, start_date=20231018T114805, end_date=20231018T114805
[2023-10-18T11:48:05.918+0000] {local_task_job_runner.py:228} INFO - Task exited with return code 0
[2023-10-18T11:48:05.978+0000] {taskinstance.py:2778} INFO - 0 downstream tasks scheduled from follow-on schedule check
