[2023-10-17T11:27:26.096+0000] {taskinstance.py:1159} INFO - Dependencies all met for dep_context=non-requeueable deps ti=<TaskInstance: copy_tranform_to_mongo.waiting_for_data scheduled__2023-09-25T00:00:00+00:00 [queued]>
[2023-10-17T11:27:26.103+0000] {taskinstance.py:1159} INFO - Dependencies all met for dep_context=requeueable deps ti=<TaskInstance: copy_tranform_to_mongo.waiting_for_data scheduled__2023-09-25T00:00:00+00:00 [queued]>
[2023-10-17T11:27:26.103+0000] {taskinstance.py:1361} INFO - Starting attempt 1 of 1
[2023-10-17T11:27:26.112+0000] {taskinstance.py:1382} INFO - Executing <Task(FileSensor): waiting_for_data> on 2023-09-25 00:00:00+00:00
[2023-10-17T11:27:26.116+0000] {standard_task_runner.py:57} INFO - Started process 2546 to run task
[2023-10-17T11:27:26.118+0000] {standard_task_runner.py:84} INFO - Running: ['***', 'tasks', 'run', 'copy_tranform_to_mongo', 'waiting_for_data', 'scheduled__2023-09-25T00:00:00+00:00', '--job-id', '1002', '--raw', '--subdir', 'DAGS_FOLDER/file_***-mongo.py', '--cfg-path', '/tmp/tmpxwdrfdk2']
[2023-10-17T11:27:26.119+0000] {standard_task_runner.py:85} INFO - Job 1002: Subtask waiting_for_data
[2023-10-17T11:27:26.150+0000] {task_command.py:416} INFO - Running <TaskInstance: copy_tranform_to_mongo.waiting_for_data scheduled__2023-09-25T00:00:00+00:00 [running]> on host 238c1d4ff767
[2023-10-17T11:27:26.205+0000] {taskinstance.py:1662} INFO - Exporting env vars: AIRFLOW_CTX_DAG_OWNER='***' AIRFLOW_CTX_DAG_ID='copy_tranform_to_mongo' AIRFLOW_CTX_TASK_ID='waiting_for_data' AIRFLOW_CTX_EXECUTION_DATE='2023-09-25T00:00:00+00:00' AIRFLOW_CTX_TRY_NUMBER='1' AIRFLOW_CTX_DAG_RUN_ID='scheduled__2023-09-25T00:00:00+00:00'
[2023-10-17T11:27:26.211+0000] {base.py:73} INFO - Using connection ID 'fs_default' for task execution.
[2023-10-17T11:27:26.212+0000] {filesystem.py:64} INFO - Poking for file /opt/in/tiktok_google_play_reviews.csv
[2023-10-17T11:27:26.212+0000] {filesystem.py:69} INFO - Found File /opt/in/tiktok_google_play_reviews.csv last modified: 20220405221612
[2023-10-17T11:27:26.212+0000] {base.py:287} INFO - Success criteria met. Exiting.
[2023-10-17T11:27:26.218+0000] {taskinstance.py:1400} INFO - Marking task as SUCCESS. dag_id=copy_tranform_to_mongo, task_id=waiting_for_data, execution_date=20230925T000000, start_date=20231017T112726, end_date=20231017T112726
[2023-10-17T11:27:26.250+0000] {local_task_job_runner.py:228} INFO - Task exited with return code 0
[2023-10-17T11:27:26.276+0000] {taskinstance.py:2778} INFO - 0 downstream tasks scheduled from follow-on schedule check
[2023-10-18T11:52:36.436+0000] {taskinstance.py:1159} INFO - Dependencies all met for dep_context=non-requeueable deps ti=<TaskInstance: copy_tranform_to_mongo.waiting_for_data scheduled__2023-09-25T00:00:00+00:00 [queued]>
[2023-10-18T11:52:36.449+0000] {taskinstance.py:1159} INFO - Dependencies all met for dep_context=requeueable deps ti=<TaskInstance: copy_tranform_to_mongo.waiting_for_data scheduled__2023-09-25T00:00:00+00:00 [queued]>
[2023-10-18T11:52:36.449+0000] {taskinstance.py:1361} INFO - Starting attempt 1 of 1
[2023-10-18T11:52:36.470+0000] {taskinstance.py:1382} INFO - Executing <Task(FileSensor): waiting_for_data> on 2023-09-25 00:00:00+00:00
[2023-10-18T11:52:36.491+0000] {standard_task_runner.py:57} INFO - Started process 4583 to run task
[2023-10-18T11:52:36.490+0000] {standard_task_runner.py:84} INFO - Running: ['***', 'tasks', 'run', 'copy_tranform_to_mongo', 'waiting_for_data', 'scheduled__2023-09-25T00:00:00+00:00', '--job-id', '1956', '--raw', '--subdir', 'DAGS_FOLDER/file_***-mongo.py', '--cfg-path', '/tmp/tmp6rnp1gb3']
[2023-10-18T11:52:36.492+0000] {standard_task_runner.py:85} INFO - Job 1956: Subtask waiting_for_data
[2023-10-18T11:52:36.564+0000] {task_command.py:416} INFO - Running <TaskInstance: copy_tranform_to_mongo.waiting_for_data scheduled__2023-09-25T00:00:00+00:00 [running]> on host 0e68aa52dfc7
[2023-10-18T11:52:36.678+0000] {taskinstance.py:1662} INFO - Exporting env vars: AIRFLOW_CTX_DAG_OWNER='***' AIRFLOW_CTX_DAG_ID='copy_tranform_to_mongo' AIRFLOW_CTX_TASK_ID='waiting_for_data' AIRFLOW_CTX_EXECUTION_DATE='2023-09-25T00:00:00+00:00' AIRFLOW_CTX_TRY_NUMBER='1' AIRFLOW_CTX_DAG_RUN_ID='scheduled__2023-09-25T00:00:00+00:00'
[2023-10-18T11:52:36.690+0000] {base.py:73} INFO - Using connection ID 'fs_default' for task execution.
[2023-10-18T11:52:36.691+0000] {filesystem.py:64} INFO - Poking for file /opt/in/tiktok_google_play_reviews.csv
[2023-10-18T11:52:36.692+0000] {filesystem.py:69} INFO - Found File /opt/in/tiktok_google_play_reviews.csv last modified: 20220405221612
[2023-10-18T11:52:36.693+0000] {base.py:287} INFO - Success criteria met. Exiting.
[2023-10-18T11:52:36.706+0000] {taskinstance.py:1400} INFO - Marking task as SUCCESS. dag_id=copy_tranform_to_mongo, task_id=waiting_for_data, execution_date=20230925T000000, start_date=20231018T115236, end_date=20231018T115236
[2023-10-18T11:52:36.755+0000] {local_task_job_runner.py:228} INFO - Task exited with return code 0
[2023-10-18T11:52:36.799+0000] {taskinstance.py:2778} INFO - 1 downstream tasks scheduled from follow-on schedule check
