[2023-10-17T11:19:48.630+0000] {taskinstance.py:1159} INFO - Dependencies all met for dep_context=non-requeueable deps ti=<TaskInstance: copy_tranform_to_mongo.waiting_for_data scheduled__2021-06-15T00:00:00+00:00 [queued]>
[2023-10-17T11:19:48.637+0000] {taskinstance.py:1159} INFO - Dependencies all met for dep_context=requeueable deps ti=<TaskInstance: copy_tranform_to_mongo.waiting_for_data scheduled__2021-06-15T00:00:00+00:00 [queued]>
[2023-10-17T11:19:48.638+0000] {taskinstance.py:1361} INFO - Starting attempt 1 of 1
[2023-10-17T11:19:48.646+0000] {taskinstance.py:1382} INFO - Executing <Task(FileSensor): waiting_for_data> on 2021-06-15 00:00:00+00:00
[2023-10-17T11:19:48.652+0000] {standard_task_runner.py:57} INFO - Started process 771 to run task
[2023-10-17T11:19:48.654+0000] {standard_task_runner.py:84} INFO - Running: ['***', 'tasks', 'run', 'copy_tranform_to_mongo', 'waiting_for_data', 'scheduled__2021-06-15T00:00:00+00:00', '--job-id', '170', '--raw', '--subdir', 'DAGS_FOLDER/file_***-mongo.py', '--cfg-path', '/tmp/tmptyhamtw2']
[2023-10-17T11:19:48.655+0000] {standard_task_runner.py:85} INFO - Job 170: Subtask waiting_for_data
[2023-10-17T11:19:48.687+0000] {task_command.py:416} INFO - Running <TaskInstance: copy_tranform_to_mongo.waiting_for_data scheduled__2021-06-15T00:00:00+00:00 [running]> on host 238c1d4ff767
[2023-10-17T11:19:48.742+0000] {taskinstance.py:1662} INFO - Exporting env vars: AIRFLOW_CTX_DAG_OWNER='***' AIRFLOW_CTX_DAG_ID='copy_tranform_to_mongo' AIRFLOW_CTX_TASK_ID='waiting_for_data' AIRFLOW_CTX_EXECUTION_DATE='2021-06-15T00:00:00+00:00' AIRFLOW_CTX_TRY_NUMBER='1' AIRFLOW_CTX_DAG_RUN_ID='scheduled__2021-06-15T00:00:00+00:00'
[2023-10-17T11:19:48.748+0000] {base.py:73} INFO - Using connection ID 'fs_default' for task execution.
[2023-10-17T11:19:48.748+0000] {filesystem.py:64} INFO - Poking for file /opt/in/tiktok_google_play_reviews.csv
[2023-10-17T11:19:48.748+0000] {filesystem.py:69} INFO - Found File /opt/in/tiktok_google_play_reviews.csv last modified: 20220405221612
[2023-10-17T11:19:48.748+0000] {base.py:287} INFO - Success criteria met. Exiting.
[2023-10-17T11:19:48.754+0000] {taskinstance.py:1400} INFO - Marking task as SUCCESS. dag_id=copy_tranform_to_mongo, task_id=waiting_for_data, execution_date=20210615T000000, start_date=20231017T111948, end_date=20231017T111948
[2023-10-17T11:19:48.786+0000] {local_task_job_runner.py:228} INFO - Task exited with return code 0
[2023-10-17T11:19:48.807+0000] {taskinstance.py:2778} INFO - 0 downstream tasks scheduled from follow-on schedule check
[2023-10-18T10:43:33.909+0000] {taskinstance.py:1159} INFO - Dependencies all met for dep_context=non-requeueable deps ti=<TaskInstance: copy_tranform_to_mongo.waiting_for_data scheduled__2021-06-15T00:00:00+00:00 [queued]>
[2023-10-18T10:43:33.919+0000] {taskinstance.py:1159} INFO - Dependencies all met for dep_context=requeueable deps ti=<TaskInstance: copy_tranform_to_mongo.waiting_for_data scheduled__2021-06-15T00:00:00+00:00 [queued]>
[2023-10-18T10:43:33.920+0000] {taskinstance.py:1361} INFO - Starting attempt 1 of 1
[2023-10-18T10:43:33.982+0000] {taskinstance.py:1382} INFO - Executing <Task(FileSensor): waiting_for_data> on 2021-06-15 00:00:00+00:00
[2023-10-18T10:43:33.990+0000] {standard_task_runner.py:57} INFO - Started process 1736 to run task
[2023-10-18T10:43:33.994+0000] {standard_task_runner.py:84} INFO - Running: ['***', 'tasks', 'run', 'copy_tranform_to_mongo', 'waiting_for_data', 'scheduled__2021-06-15T00:00:00+00:00', '--job-id', '169', '--raw', '--subdir', 'DAGS_FOLDER/file_***-mongo.py', '--cfg-path', '/tmp/tmph_bpaz74']
[2023-10-18T10:43:33.996+0000] {standard_task_runner.py:85} INFO - Job 169: Subtask waiting_for_data
[2023-10-18T10:43:34.043+0000] {task_command.py:416} INFO - Running <TaskInstance: copy_tranform_to_mongo.waiting_for_data scheduled__2021-06-15T00:00:00+00:00 [running]> on host 2473b23ba069
[2023-10-18T10:43:34.108+0000] {taskinstance.py:1662} INFO - Exporting env vars: AIRFLOW_CTX_DAG_OWNER='***' AIRFLOW_CTX_DAG_ID='copy_tranform_to_mongo' AIRFLOW_CTX_TASK_ID='waiting_for_data' AIRFLOW_CTX_EXECUTION_DATE='2021-06-15T00:00:00+00:00' AIRFLOW_CTX_TRY_NUMBER='1' AIRFLOW_CTX_DAG_RUN_ID='scheduled__2021-06-15T00:00:00+00:00'
[2023-10-18T10:43:34.123+0000] {taskinstance.py:1937} ERROR - Task failed with exception
Traceback (most recent call last):
  File "/home/airflow/.local/lib/python3.8/site-packages/airflow/sensors/base.py", line 257, in execute
    raise e
  File "/home/airflow/.local/lib/python3.8/site-packages/airflow/sensors/base.py", line 239, in execute
    poke_return = self.poke(context)
  File "/home/airflow/.local/lib/python3.8/site-packages/airflow/sensors/filesystem.py", line 61, in poke
    hook = FSHook(self.fs_conn_id)
  File "/home/airflow/.local/lib/python3.8/site-packages/airflow/hooks/filesystem.py", line 38, in __init__
    conn = self.get_connection(conn_id)
  File "/home/airflow/.local/lib/python3.8/site-packages/airflow/hooks/base.py", line 72, in get_connection
    conn = Connection.get_connection_from_secrets(conn_id)
  File "/home/airflow/.local/lib/python3.8/site-packages/airflow/models/connection.py", line 477, in get_connection_from_secrets
    raise AirflowNotFoundException(f"The conn_id `{conn_id}` isn't defined")
airflow.exceptions.AirflowNotFoundException: The conn_id `fs_default` isn't defined
[2023-10-18T10:43:34.126+0000] {taskinstance.py:1400} INFO - Marking task as FAILED. dag_id=copy_tranform_to_mongo, task_id=waiting_for_data, execution_date=20210615T000000, start_date=20231018T104333, end_date=20231018T104334
[2023-10-18T10:43:34.136+0000] {standard_task_runner.py:104} ERROR - Failed to execute job 169 for task waiting_for_data (The conn_id `fs_default` isn't defined; 1736)
[2023-10-18T10:43:34.169+0000] {local_task_job_runner.py:228} INFO - Task exited with return code 1
[2023-10-18T10:43:34.198+0000] {taskinstance.py:2778} INFO - 0 downstream tasks scheduled from follow-on schedule check
[2023-10-18T11:43:53.029+0000] {taskinstance.py:1159} INFO - Dependencies all met for dep_context=non-requeueable deps ti=<TaskInstance: copy_tranform_to_mongo.waiting_for_data scheduled__2021-06-15T00:00:00+00:00 [queued]>
[2023-10-18T11:43:53.040+0000] {taskinstance.py:1159} INFO - Dependencies all met for dep_context=requeueable deps ti=<TaskInstance: copy_tranform_to_mongo.waiting_for_data scheduled__2021-06-15T00:00:00+00:00 [queued]>
[2023-10-18T11:43:53.040+0000] {taskinstance.py:1361} INFO - Starting attempt 1 of 1
[2023-10-18T11:43:53.055+0000] {taskinstance.py:1382} INFO - Executing <Task(FileSensor): waiting_for_data> on 2021-06-15 00:00:00+00:00
[2023-10-18T11:43:53.072+0000] {standard_task_runner.py:57} INFO - Started process 1131 to run task
[2023-10-18T11:43:53.074+0000] {standard_task_runner.py:84} INFO - Running: ['***', 'tasks', 'run', 'copy_tranform_to_mongo', 'waiting_for_data', 'scheduled__2021-06-15T00:00:00+00:00', '--job-id', '295', '--raw', '--subdir', 'DAGS_FOLDER/file_***-mongo.py', '--cfg-path', '/tmp/tmpnzg5jxrm']
[2023-10-18T11:43:53.076+0000] {standard_task_runner.py:85} INFO - Job 295: Subtask waiting_for_data
[2023-10-18T11:43:53.116+0000] {task_command.py:416} INFO - Running <TaskInstance: copy_tranform_to_mongo.waiting_for_data scheduled__2021-06-15T00:00:00+00:00 [running]> on host 0e68aa52dfc7
[2023-10-18T11:43:53.183+0000] {taskinstance.py:1662} INFO - Exporting env vars: AIRFLOW_CTX_DAG_OWNER='***' AIRFLOW_CTX_DAG_ID='copy_tranform_to_mongo' AIRFLOW_CTX_TASK_ID='waiting_for_data' AIRFLOW_CTX_EXECUTION_DATE='2021-06-15T00:00:00+00:00' AIRFLOW_CTX_TRY_NUMBER='1' AIRFLOW_CTX_DAG_RUN_ID='scheduled__2021-06-15T00:00:00+00:00'
[2023-10-18T11:43:53.193+0000] {base.py:73} INFO - Using connection ID 'fs_default' for task execution.
[2023-10-18T11:43:53.193+0000] {filesystem.py:64} INFO - Poking for file /opt/in/tiktok_google_play_reviews.csv
[2023-10-18T11:43:53.193+0000] {filesystem.py:69} INFO - Found File /opt/in/tiktok_google_play_reviews.csv last modified: 20220405221612
[2023-10-18T11:43:53.193+0000] {base.py:287} INFO - Success criteria met. Exiting.
[2023-10-18T11:43:53.202+0000] {taskinstance.py:1400} INFO - Marking task as SUCCESS. dag_id=copy_tranform_to_mongo, task_id=waiting_for_data, execution_date=20210615T000000, start_date=20231018T114353, end_date=20231018T114353
[2023-10-18T11:43:53.246+0000] {local_task_job_runner.py:228} INFO - Task exited with return code 0
[2023-10-18T11:43:53.269+0000] {taskinstance.py:2778} INFO - 1 downstream tasks scheduled from follow-on schedule check
