[2023-10-17T11:27:08.757+0000] {taskinstance.py:1159} INFO - Dependencies all met for dep_context=non-requeueable deps ti=<TaskInstance: copy_tranform_to_mongo.waiting_for_data scheduled__2023-08-23T00:00:00+00:00 [queued]>
[2023-10-17T11:27:08.766+0000] {taskinstance.py:1159} INFO - Dependencies all met for dep_context=requeueable deps ti=<TaskInstance: copy_tranform_to_mongo.waiting_for_data scheduled__2023-08-23T00:00:00+00:00 [queued]>
[2023-10-17T11:27:08.766+0000] {taskinstance.py:1361} INFO - Starting attempt 1 of 1
[2023-10-17T11:27:08.779+0000] {taskinstance.py:1382} INFO - Executing <Task(FileSensor): waiting_for_data> on 2023-08-23 00:00:00+00:00
[2023-10-17T11:27:08.786+0000] {standard_task_runner.py:57} INFO - Started process 2474 to run task
[2023-10-17T11:27:08.789+0000] {standard_task_runner.py:84} INFO - Running: ['***', 'tasks', 'run', 'copy_tranform_to_mongo', 'waiting_for_data', 'scheduled__2023-08-23T00:00:00+00:00', '--job-id', '969', '--raw', '--subdir', 'DAGS_FOLDER/file_***-mongo.py', '--cfg-path', '/tmp/tmpojy0vv2d']
[2023-10-17T11:27:08.790+0000] {standard_task_runner.py:85} INFO - Job 969: Subtask waiting_for_data
[2023-10-17T11:27:08.832+0000] {task_command.py:416} INFO - Running <TaskInstance: copy_tranform_to_mongo.waiting_for_data scheduled__2023-08-23T00:00:00+00:00 [running]> on host 238c1d4ff767
[2023-10-17T11:27:08.910+0000] {taskinstance.py:1662} INFO - Exporting env vars: AIRFLOW_CTX_DAG_OWNER='***' AIRFLOW_CTX_DAG_ID='copy_tranform_to_mongo' AIRFLOW_CTX_TASK_ID='waiting_for_data' AIRFLOW_CTX_EXECUTION_DATE='2023-08-23T00:00:00+00:00' AIRFLOW_CTX_TRY_NUMBER='1' AIRFLOW_CTX_DAG_RUN_ID='scheduled__2023-08-23T00:00:00+00:00'
[2023-10-17T11:27:08.919+0000] {base.py:73} INFO - Using connection ID 'fs_default' for task execution.
[2023-10-17T11:27:08.920+0000] {filesystem.py:64} INFO - Poking for file /opt/in/tiktok_google_play_reviews.csv
[2023-10-17T11:27:08.920+0000] {filesystem.py:69} INFO - Found File /opt/in/tiktok_google_play_reviews.csv last modified: 20220405221612
[2023-10-17T11:27:08.920+0000] {base.py:287} INFO - Success criteria met. Exiting.
[2023-10-17T11:27:08.927+0000] {taskinstance.py:1400} INFO - Marking task as SUCCESS. dag_id=copy_tranform_to_mongo, task_id=waiting_for_data, execution_date=20230823T000000, start_date=20231017T112708, end_date=20231017T112708
[2023-10-17T11:27:08.964+0000] {local_task_job_runner.py:228} INFO - Task exited with return code 0
[2023-10-17T11:27:08.976+0000] {taskinstance.py:2778} INFO - 0 downstream tasks scheduled from follow-on schedule check
[2023-10-18T11:52:20.337+0000] {taskinstance.py:1159} INFO - Dependencies all met for dep_context=non-requeueable deps ti=<TaskInstance: copy_tranform_to_mongo.waiting_for_data scheduled__2023-08-23T00:00:00+00:00 [queued]>
[2023-10-18T11:52:20.346+0000] {taskinstance.py:1159} INFO - Dependencies all met for dep_context=requeueable deps ti=<TaskInstance: copy_tranform_to_mongo.waiting_for_data scheduled__2023-08-23T00:00:00+00:00 [queued]>
[2023-10-18T11:52:20.346+0000] {taskinstance.py:1361} INFO - Starting attempt 1 of 1
[2023-10-18T11:52:20.361+0000] {taskinstance.py:1382} INFO - Executing <Task(FileSensor): waiting_for_data> on 2023-08-23 00:00:00+00:00
[2023-10-18T11:52:20.369+0000] {standard_task_runner.py:57} INFO - Started process 4449 to run task
[2023-10-18T11:52:20.371+0000] {standard_task_runner.py:84} INFO - Running: ['***', 'tasks', 'run', 'copy_tranform_to_mongo', 'waiting_for_data', 'scheduled__2023-08-23T00:00:00+00:00', '--job-id', '1893', '--raw', '--subdir', 'DAGS_FOLDER/file_***-mongo.py', '--cfg-path', '/tmp/tmp382l0e8p']
[2023-10-18T11:52:20.372+0000] {standard_task_runner.py:85} INFO - Job 1893: Subtask waiting_for_data
[2023-10-18T11:52:20.418+0000] {task_command.py:416} INFO - Running <TaskInstance: copy_tranform_to_mongo.waiting_for_data scheduled__2023-08-23T00:00:00+00:00 [running]> on host 0e68aa52dfc7
[2023-10-18T11:52:20.488+0000] {taskinstance.py:1662} INFO - Exporting env vars: AIRFLOW_CTX_DAG_OWNER='***' AIRFLOW_CTX_DAG_ID='copy_tranform_to_mongo' AIRFLOW_CTX_TASK_ID='waiting_for_data' AIRFLOW_CTX_EXECUTION_DATE='2023-08-23T00:00:00+00:00' AIRFLOW_CTX_TRY_NUMBER='1' AIRFLOW_CTX_DAG_RUN_ID='scheduled__2023-08-23T00:00:00+00:00'
[2023-10-18T11:52:20.497+0000] {base.py:73} INFO - Using connection ID 'fs_default' for task execution.
[2023-10-18T11:52:20.498+0000] {filesystem.py:64} INFO - Poking for file /opt/in/tiktok_google_play_reviews.csv
[2023-10-18T11:52:20.499+0000] {filesystem.py:69} INFO - Found File /opt/in/tiktok_google_play_reviews.csv last modified: 20220405221612
[2023-10-18T11:52:20.499+0000] {base.py:287} INFO - Success criteria met. Exiting.
[2023-10-18T11:52:20.509+0000] {taskinstance.py:1400} INFO - Marking task as SUCCESS. dag_id=copy_tranform_to_mongo, task_id=waiting_for_data, execution_date=20230823T000000, start_date=20231018T115220, end_date=20231018T115220
[2023-10-18T11:52:20.550+0000] {local_task_job_runner.py:228} INFO - Task exited with return code 0
[2023-10-18T11:52:20.579+0000] {taskinstance.py:2778} INFO - 1 downstream tasks scheduled from follow-on schedule check
