[2023-10-17T11:25:06.474+0000] {taskinstance.py:1159} INFO - Dependencies all met for dep_context=non-requeueable deps ti=<TaskInstance: copy_tranform_to_mongo.waiting_for_data scheduled__2023-02-01T00:00:00+00:00 [queued]>
[2023-10-17T11:25:06.484+0000] {taskinstance.py:1159} INFO - Dependencies all met for dep_context=requeueable deps ti=<TaskInstance: copy_tranform_to_mongo.waiting_for_data scheduled__2023-02-01T00:00:00+00:00 [queued]>
[2023-10-17T11:25:06.484+0000] {taskinstance.py:1361} INFO - Starting attempt 1 of 1
[2023-10-17T11:25:06.541+0000] {taskinstance.py:1382} INFO - Executing <Task(FileSensor): waiting_for_data> on 2023-02-01 00:00:00+00:00
[2023-10-17T11:25:06.550+0000] {standard_task_runner.py:57} INFO - Started process 2044 to run task
[2023-10-17T11:25:06.553+0000] {standard_task_runner.py:84} INFO - Running: ['***', 'tasks', 'run', 'copy_tranform_to_mongo', 'waiting_for_data', 'scheduled__2023-02-01T00:00:00+00:00', '--job-id', '766', '--raw', '--subdir', 'DAGS_FOLDER/file_***-mongo.py', '--cfg-path', '/tmp/tmptqg0qzjo']
[2023-10-17T11:25:06.554+0000] {standard_task_runner.py:85} INFO - Job 766: Subtask waiting_for_data
[2023-10-17T11:25:06.603+0000] {task_command.py:416} INFO - Running <TaskInstance: copy_tranform_to_mongo.waiting_for_data scheduled__2023-02-01T00:00:00+00:00 [running]> on host 238c1d4ff767
[2023-10-17T11:25:06.700+0000] {taskinstance.py:1662} INFO - Exporting env vars: AIRFLOW_CTX_DAG_OWNER='***' AIRFLOW_CTX_DAG_ID='copy_tranform_to_mongo' AIRFLOW_CTX_TASK_ID='waiting_for_data' AIRFLOW_CTX_EXECUTION_DATE='2023-02-01T00:00:00+00:00' AIRFLOW_CTX_TRY_NUMBER='1' AIRFLOW_CTX_DAG_RUN_ID='scheduled__2023-02-01T00:00:00+00:00'
[2023-10-17T11:25:06.708+0000] {base.py:73} INFO - Using connection ID 'fs_default' for task execution.
[2023-10-17T11:25:06.708+0000] {filesystem.py:64} INFO - Poking for file /opt/in/tiktok_google_play_reviews.csv
[2023-10-17T11:25:06.709+0000] {filesystem.py:69} INFO - Found File /opt/in/tiktok_google_play_reviews.csv last modified: 20220405221612
[2023-10-17T11:25:06.709+0000] {base.py:287} INFO - Success criteria met. Exiting.
[2023-10-17T11:25:06.716+0000] {taskinstance.py:1400} INFO - Marking task as SUCCESS. dag_id=copy_tranform_to_mongo, task_id=waiting_for_data, execution_date=20230201T000000, start_date=20231017T112506, end_date=20231017T112506
[2023-10-17T11:25:06.767+0000] {local_task_job_runner.py:228} INFO - Task exited with return code 0
[2023-10-17T11:25:06.779+0000] {taskinstance.py:2778} INFO - 0 downstream tasks scheduled from follow-on schedule check
[2023-10-18T11:50:19.269+0000] {taskinstance.py:1159} INFO - Dependencies all met for dep_context=non-requeueable deps ti=<TaskInstance: copy_tranform_to_mongo.waiting_for_data scheduled__2023-02-01T00:00:00+00:00 [queued]>
[2023-10-18T11:50:19.282+0000] {taskinstance.py:1159} INFO - Dependencies all met for dep_context=requeueable deps ti=<TaskInstance: copy_tranform_to_mongo.waiting_for_data scheduled__2023-02-01T00:00:00+00:00 [queued]>
[2023-10-18T11:50:19.283+0000] {taskinstance.py:1361} INFO - Starting attempt 1 of 1
[2023-10-18T11:50:19.334+0000] {taskinstance.py:1382} INFO - Executing <Task(FileSensor): waiting_for_data> on 2023-02-01 00:00:00+00:00
[2023-10-18T11:50:19.343+0000] {standard_task_runner.py:57} INFO - Started process 3610 to run task
[2023-10-18T11:50:19.345+0000] {standard_task_runner.py:84} INFO - Running: ['***', 'tasks', 'run', 'copy_tranform_to_mongo', 'waiting_for_data', 'scheduled__2023-02-01T00:00:00+00:00', '--job-id', '1486', '--raw', '--subdir', 'DAGS_FOLDER/file_***-mongo.py', '--cfg-path', '/tmp/tmp7laf0mmc']
[2023-10-18T11:50:19.346+0000] {standard_task_runner.py:85} INFO - Job 1486: Subtask waiting_for_data
[2023-10-18T11:50:19.396+0000] {task_command.py:416} INFO - Running <TaskInstance: copy_tranform_to_mongo.waiting_for_data scheduled__2023-02-01T00:00:00+00:00 [running]> on host 0e68aa52dfc7
[2023-10-18T11:50:19.484+0000] {taskinstance.py:1662} INFO - Exporting env vars: AIRFLOW_CTX_DAG_OWNER='***' AIRFLOW_CTX_DAG_ID='copy_tranform_to_mongo' AIRFLOW_CTX_TASK_ID='waiting_for_data' AIRFLOW_CTX_EXECUTION_DATE='2023-02-01T00:00:00+00:00' AIRFLOW_CTX_TRY_NUMBER='1' AIRFLOW_CTX_DAG_RUN_ID='scheduled__2023-02-01T00:00:00+00:00'
[2023-10-18T11:50:19.496+0000] {base.py:73} INFO - Using connection ID 'fs_default' for task execution.
[2023-10-18T11:50:19.496+0000] {filesystem.py:64} INFO - Poking for file /opt/in/tiktok_google_play_reviews.csv
[2023-10-18T11:50:19.496+0000] {filesystem.py:69} INFO - Found File /opt/in/tiktok_google_play_reviews.csv last modified: 20220405221612
[2023-10-18T11:50:19.497+0000] {base.py:287} INFO - Success criteria met. Exiting.
[2023-10-18T11:50:19.508+0000] {taskinstance.py:1400} INFO - Marking task as SUCCESS. dag_id=copy_tranform_to_mongo, task_id=waiting_for_data, execution_date=20230201T000000, start_date=20231018T115019, end_date=20231018T115019
[2023-10-18T11:50:19.558+0000] {local_task_job_runner.py:228} INFO - Task exited with return code 0
[2023-10-18T11:50:19.591+0000] {taskinstance.py:2778} INFO - 1 downstream tasks scheduled from follow-on schedule check
