[2023-10-17T11:22:46.726+0000] {taskinstance.py:1159} INFO - Dependencies all met for dep_context=non-requeueable deps ti=<TaskInstance: copy_tranform_to_mongo.waiting_for_data scheduled__2022-06-11T00:00:00+00:00 [queued]>
[2023-10-17T11:22:46.736+0000] {taskinstance.py:1159} INFO - Dependencies all met for dep_context=requeueable deps ti=<TaskInstance: copy_tranform_to_mongo.waiting_for_data scheduled__2022-06-11T00:00:00+00:00 [queued]>
[2023-10-17T11:22:46.736+0000] {taskinstance.py:1361} INFO - Starting attempt 1 of 1
[2023-10-17T11:22:46.757+0000] {taskinstance.py:1382} INFO - Executing <Task(FileSensor): waiting_for_data> on 2022-06-11 00:00:00+00:00
[2023-10-17T11:22:46.765+0000] {standard_task_runner.py:57} INFO - Started process 1534 to run task
[2023-10-17T11:22:46.768+0000] {standard_task_runner.py:84} INFO - Running: ['***', 'tasks', 'run', 'copy_tranform_to_mongo', 'waiting_for_data', 'scheduled__2022-06-11T00:00:00+00:00', '--job-id', '531', '--raw', '--subdir', 'DAGS_FOLDER/file_***-mongo.py', '--cfg-path', '/tmp/tmp__rnfabv']
[2023-10-17T11:22:46.769+0000] {standard_task_runner.py:85} INFO - Job 531: Subtask waiting_for_data
[2023-10-17T11:22:46.817+0000] {task_command.py:416} INFO - Running <TaskInstance: copy_tranform_to_mongo.waiting_for_data scheduled__2022-06-11T00:00:00+00:00 [running]> on host 238c1d4ff767
[2023-10-17T11:22:46.892+0000] {taskinstance.py:1662} INFO - Exporting env vars: AIRFLOW_CTX_DAG_OWNER='***' AIRFLOW_CTX_DAG_ID='copy_tranform_to_mongo' AIRFLOW_CTX_TASK_ID='waiting_for_data' AIRFLOW_CTX_EXECUTION_DATE='2022-06-11T00:00:00+00:00' AIRFLOW_CTX_TRY_NUMBER='1' AIRFLOW_CTX_DAG_RUN_ID='scheduled__2022-06-11T00:00:00+00:00'
[2023-10-17T11:22:46.901+0000] {base.py:73} INFO - Using connection ID 'fs_default' for task execution.
[2023-10-17T11:22:46.901+0000] {filesystem.py:64} INFO - Poking for file /opt/in/tiktok_google_play_reviews.csv
[2023-10-17T11:22:46.901+0000] {filesystem.py:69} INFO - Found File /opt/in/tiktok_google_play_reviews.csv last modified: 20220405221612
[2023-10-17T11:22:46.901+0000] {base.py:287} INFO - Success criteria met. Exiting.
[2023-10-17T11:22:46.910+0000] {taskinstance.py:1400} INFO - Marking task as SUCCESS. dag_id=copy_tranform_to_mongo, task_id=waiting_for_data, execution_date=20220611T000000, start_date=20231017T112246, end_date=20231017T112246
[2023-10-17T11:22:46.944+0000] {local_task_job_runner.py:228} INFO - Task exited with return code 0
[2023-10-17T11:22:46.958+0000] {taskinstance.py:2778} INFO - 0 downstream tasks scheduled from follow-on schedule check
[2023-10-18T11:47:32.880+0000] {taskinstance.py:1159} INFO - Dependencies all met for dep_context=non-requeueable deps ti=<TaskInstance: copy_tranform_to_mongo.waiting_for_data scheduled__2022-06-11T00:00:00+00:00 [queued]>
[2023-10-18T11:47:32.890+0000] {taskinstance.py:1159} INFO - Dependencies all met for dep_context=requeueable deps ti=<TaskInstance: copy_tranform_to_mongo.waiting_for_data scheduled__2022-06-11T00:00:00+00:00 [queued]>
[2023-10-18T11:47:32.891+0000] {taskinstance.py:1361} INFO - Starting attempt 1 of 1
[2023-10-18T11:47:32.903+0000] {taskinstance.py:1382} INFO - Executing <Task(FileSensor): waiting_for_data> on 2022-06-11 00:00:00+00:00
[2023-10-18T11:47:32.911+0000] {standard_task_runner.py:57} INFO - Started process 2619 to run task
[2023-10-18T11:47:32.913+0000] {standard_task_runner.py:84} INFO - Running: ['***', 'tasks', 'run', 'copy_tranform_to_mongo', 'waiting_for_data', 'scheduled__2022-06-11T00:00:00+00:00', '--job-id', '1014', '--raw', '--subdir', 'DAGS_FOLDER/file_***-mongo.py', '--cfg-path', '/tmp/tmps5qij8og']
[2023-10-18T11:47:32.915+0000] {standard_task_runner.py:85} INFO - Job 1014: Subtask waiting_for_data
[2023-10-18T11:47:32.974+0000] {task_command.py:416} INFO - Running <TaskInstance: copy_tranform_to_mongo.waiting_for_data scheduled__2022-06-11T00:00:00+00:00 [running]> on host 0e68aa52dfc7
[2023-10-18T11:47:33.137+0000] {taskinstance.py:1662} INFO - Exporting env vars: AIRFLOW_CTX_DAG_OWNER='***' AIRFLOW_CTX_DAG_ID='copy_tranform_to_mongo' AIRFLOW_CTX_TASK_ID='waiting_for_data' AIRFLOW_CTX_EXECUTION_DATE='2022-06-11T00:00:00+00:00' AIRFLOW_CTX_TRY_NUMBER='1' AIRFLOW_CTX_DAG_RUN_ID='scheduled__2022-06-11T00:00:00+00:00'
[2023-10-18T11:47:33.165+0000] {base.py:73} INFO - Using connection ID 'fs_default' for task execution.
[2023-10-18T11:47:33.168+0000] {filesystem.py:64} INFO - Poking for file /opt/in/tiktok_google_play_reviews.csv
[2023-10-18T11:47:33.168+0000] {filesystem.py:69} INFO - Found File /opt/in/tiktok_google_play_reviews.csv last modified: 20220405221612
[2023-10-18T11:47:33.169+0000] {base.py:287} INFO - Success criteria met. Exiting.
[2023-10-18T11:47:33.181+0000] {taskinstance.py:1400} INFO - Marking task as SUCCESS. dag_id=copy_tranform_to_mongo, task_id=waiting_for_data, execution_date=20220611T000000, start_date=20231018T114732, end_date=20231018T114733
[2023-10-18T11:47:33.256+0000] {local_task_job_runner.py:228} INFO - Task exited with return code 0
[2023-10-18T11:47:33.305+0000] {taskinstance.py:2778} INFO - 0 downstream tasks scheduled from follow-on schedule check
