[2023-10-17T11:27:33.340+0000] {taskinstance.py:1159} INFO - Dependencies all met for dep_context=non-requeueable deps ti=<TaskInstance: copy_tranform_to_mongo.waiting_for_data scheduled__2023-10-02T00:00:00+00:00 [queued]>
[2023-10-17T11:27:33.345+0000] {taskinstance.py:1159} INFO - Dependencies all met for dep_context=requeueable deps ti=<TaskInstance: copy_tranform_to_mongo.waiting_for_data scheduled__2023-10-02T00:00:00+00:00 [queued]>
[2023-10-17T11:27:33.345+0000] {taskinstance.py:1361} INFO - Starting attempt 1 of 1
[2023-10-17T11:27:33.361+0000] {taskinstance.py:1382} INFO - Executing <Task(FileSensor): waiting_for_data> on 2023-10-02 00:00:00+00:00
[2023-10-17T11:27:33.366+0000] {standard_task_runner.py:57} INFO - Started process 2560 to run task
[2023-10-17T11:27:33.368+0000] {standard_task_runner.py:84} INFO - Running: ['***', 'tasks', 'run', 'copy_tranform_to_mongo', 'waiting_for_data', 'scheduled__2023-10-02T00:00:00+00:00', '--job-id', '1009', '--raw', '--subdir', 'DAGS_FOLDER/file_***-mongo.py', '--cfg-path', '/tmp/tmpvqvdi148']
[2023-10-17T11:27:33.369+0000] {standard_task_runner.py:85} INFO - Job 1009: Subtask waiting_for_data
[2023-10-17T11:27:33.404+0000] {task_command.py:416} INFO - Running <TaskInstance: copy_tranform_to_mongo.waiting_for_data scheduled__2023-10-02T00:00:00+00:00 [running]> on host 238c1d4ff767
[2023-10-17T11:27:33.455+0000] {taskinstance.py:1662} INFO - Exporting env vars: AIRFLOW_CTX_DAG_OWNER='***' AIRFLOW_CTX_DAG_ID='copy_tranform_to_mongo' AIRFLOW_CTX_TASK_ID='waiting_for_data' AIRFLOW_CTX_EXECUTION_DATE='2023-10-02T00:00:00+00:00' AIRFLOW_CTX_TRY_NUMBER='1' AIRFLOW_CTX_DAG_RUN_ID='scheduled__2023-10-02T00:00:00+00:00'
[2023-10-17T11:27:33.461+0000] {base.py:73} INFO - Using connection ID 'fs_default' for task execution.
[2023-10-17T11:27:33.461+0000] {filesystem.py:64} INFO - Poking for file /opt/in/tiktok_google_play_reviews.csv
[2023-10-17T11:27:33.461+0000] {filesystem.py:69} INFO - Found File /opt/in/tiktok_google_play_reviews.csv last modified: 20220405221612
[2023-10-17T11:27:33.461+0000] {base.py:287} INFO - Success criteria met. Exiting.
[2023-10-17T11:27:33.467+0000] {taskinstance.py:1400} INFO - Marking task as SUCCESS. dag_id=copy_tranform_to_mongo, task_id=waiting_for_data, execution_date=20231002T000000, start_date=20231017T112733, end_date=20231017T112733
[2023-10-17T11:27:33.500+0000] {local_task_job_runner.py:228} INFO - Task exited with return code 0
[2023-10-17T11:27:33.524+0000] {taskinstance.py:2778} INFO - 0 downstream tasks scheduled from follow-on schedule check
[2023-10-18T11:52:41.021+0000] {taskinstance.py:1159} INFO - Dependencies all met for dep_context=non-requeueable deps ti=<TaskInstance: copy_tranform_to_mongo.waiting_for_data scheduled__2023-10-02T00:00:00+00:00 [queued]>
[2023-10-18T11:52:41.032+0000] {taskinstance.py:1159} INFO - Dependencies all met for dep_context=requeueable deps ti=<TaskInstance: copy_tranform_to_mongo.waiting_for_data scheduled__2023-10-02T00:00:00+00:00 [queued]>
[2023-10-18T11:52:41.032+0000] {taskinstance.py:1361} INFO - Starting attempt 1 of 1
[2023-10-18T11:52:41.047+0000] {taskinstance.py:1382} INFO - Executing <Task(FileSensor): waiting_for_data> on 2023-10-02 00:00:00+00:00
[2023-10-18T11:52:41.054+0000] {standard_task_runner.py:57} INFO - Started process 4613 to run task
[2023-10-18T11:52:41.056+0000] {standard_task_runner.py:84} INFO - Running: ['***', 'tasks', 'run', 'copy_tranform_to_mongo', 'waiting_for_data', 'scheduled__2023-10-02T00:00:00+00:00', '--job-id', '1971', '--raw', '--subdir', 'DAGS_FOLDER/file_***-mongo.py', '--cfg-path', '/tmp/tmp2ue6hu75']
[2023-10-18T11:52:41.057+0000] {standard_task_runner.py:85} INFO - Job 1971: Subtask waiting_for_data
[2023-10-18T11:52:41.107+0000] {task_command.py:416} INFO - Running <TaskInstance: copy_tranform_to_mongo.waiting_for_data scheduled__2023-10-02T00:00:00+00:00 [running]> on host 0e68aa52dfc7
[2023-10-18T11:52:41.185+0000] {taskinstance.py:1662} INFO - Exporting env vars: AIRFLOW_CTX_DAG_OWNER='***' AIRFLOW_CTX_DAG_ID='copy_tranform_to_mongo' AIRFLOW_CTX_TASK_ID='waiting_for_data' AIRFLOW_CTX_EXECUTION_DATE='2023-10-02T00:00:00+00:00' AIRFLOW_CTX_TRY_NUMBER='1' AIRFLOW_CTX_DAG_RUN_ID='scheduled__2023-10-02T00:00:00+00:00'
[2023-10-18T11:52:41.194+0000] {base.py:73} INFO - Using connection ID 'fs_default' for task execution.
[2023-10-18T11:52:41.195+0000] {filesystem.py:64} INFO - Poking for file /opt/in/tiktok_google_play_reviews.csv
[2023-10-18T11:52:41.195+0000] {filesystem.py:69} INFO - Found File /opt/in/tiktok_google_play_reviews.csv last modified: 20220405221612
[2023-10-18T11:52:41.195+0000] {base.py:287} INFO - Success criteria met. Exiting.
[2023-10-18T11:52:41.205+0000] {taskinstance.py:1400} INFO - Marking task as SUCCESS. dag_id=copy_tranform_to_mongo, task_id=waiting_for_data, execution_date=20231002T000000, start_date=20231018T115241, end_date=20231018T115241
[2023-10-18T11:52:41.272+0000] {local_task_job_runner.py:228} INFO - Task exited with return code 0
[2023-10-18T11:52:41.302+0000] {taskinstance.py:2778} INFO - 1 downstream tasks scheduled from follow-on schedule check
