[2023-10-17T11:20:15.805+0000] {taskinstance.py:1159} INFO - Dependencies all met for dep_context=non-requeueable deps ti=<TaskInstance: copy_tranform_to_mongo.waiting_for_data scheduled__2021-08-20T00:00:00+00:00 [queued]>
[2023-10-17T11:20:15.815+0000] {taskinstance.py:1159} INFO - Dependencies all met for dep_context=requeueable deps ti=<TaskInstance: copy_tranform_to_mongo.waiting_for_data scheduled__2021-08-20T00:00:00+00:00 [queued]>
[2023-10-17T11:20:15.815+0000] {taskinstance.py:1361} INFO - Starting attempt 1 of 1
[2023-10-17T11:20:15.830+0000] {taskinstance.py:1382} INFO - Executing <Task(FileSensor): waiting_for_data> on 2021-08-20 00:00:00+00:00
[2023-10-17T11:20:15.836+0000] {standard_task_runner.py:57} INFO - Started process 904 to run task
[2023-10-17T11:20:15.838+0000] {standard_task_runner.py:84} INFO - Running: ['***', 'tasks', 'run', 'copy_tranform_to_mongo', 'waiting_for_data', 'scheduled__2021-08-20T00:00:00+00:00', '--job-id', '236', '--raw', '--subdir', 'DAGS_FOLDER/file_***-mongo.py', '--cfg-path', '/tmp/tmpfs179csr']
[2023-10-17T11:20:15.840+0000] {standard_task_runner.py:85} INFO - Job 236: Subtask waiting_for_data
[2023-10-17T11:20:15.875+0000] {task_command.py:416} INFO - Running <TaskInstance: copy_tranform_to_mongo.waiting_for_data scheduled__2021-08-20T00:00:00+00:00 [running]> on host 238c1d4ff767
[2023-10-17T11:20:15.935+0000] {taskinstance.py:1662} INFO - Exporting env vars: AIRFLOW_CTX_DAG_OWNER='***' AIRFLOW_CTX_DAG_ID='copy_tranform_to_mongo' AIRFLOW_CTX_TASK_ID='waiting_for_data' AIRFLOW_CTX_EXECUTION_DATE='2021-08-20T00:00:00+00:00' AIRFLOW_CTX_TRY_NUMBER='1' AIRFLOW_CTX_DAG_RUN_ID='scheduled__2021-08-20T00:00:00+00:00'
[2023-10-17T11:20:15.941+0000] {base.py:73} INFO - Using connection ID 'fs_default' for task execution.
[2023-10-17T11:20:15.941+0000] {filesystem.py:64} INFO - Poking for file /opt/in/tiktok_google_play_reviews.csv
[2023-10-17T11:20:15.942+0000] {filesystem.py:69} INFO - Found File /opt/in/tiktok_google_play_reviews.csv last modified: 20220405221612
[2023-10-17T11:20:15.942+0000] {base.py:287} INFO - Success criteria met. Exiting.
[2023-10-17T11:20:15.948+0000] {taskinstance.py:1400} INFO - Marking task as SUCCESS. dag_id=copy_tranform_to_mongo, task_id=waiting_for_data, execution_date=20210820T000000, start_date=20231017T112015, end_date=20231017T112015
[2023-10-17T11:20:15.970+0000] {local_task_job_runner.py:228} INFO - Task exited with return code 0
[2023-10-17T11:20:15.987+0000] {taskinstance.py:2778} INFO - 0 downstream tasks scheduled from follow-on schedule check
[2023-10-18T10:48:02.055+0000] {taskinstance.py:1159} INFO - Dependencies all met for dep_context=non-requeueable deps ti=<TaskInstance: copy_tranform_to_mongo.waiting_for_data scheduled__2021-08-20T00:00:00+00:00 [queued]>
[2023-10-18T10:48:02.063+0000] {taskinstance.py:1159} INFO - Dependencies all met for dep_context=requeueable deps ti=<TaskInstance: copy_tranform_to_mongo.waiting_for_data scheduled__2021-08-20T00:00:00+00:00 [queued]>
[2023-10-18T10:48:02.064+0000] {taskinstance.py:1361} INFO - Starting attempt 1 of 1
[2023-10-18T10:48:02.076+0000] {taskinstance.py:1382} INFO - Executing <Task(FileSensor): waiting_for_data> on 2021-08-20 00:00:00+00:00
[2023-10-18T10:48:02.081+0000] {standard_task_runner.py:57} INFO - Started process 2003 to run task
[2023-10-18T10:48:02.084+0000] {standard_task_runner.py:84} INFO - Running: ['***', 'tasks', 'run', 'copy_tranform_to_mongo', 'waiting_for_data', 'scheduled__2021-08-20T00:00:00+00:00', '--job-id', '266', '--raw', '--subdir', 'DAGS_FOLDER/file_***-mongo.py', '--cfg-path', '/tmp/tmpmyum4qge']
[2023-10-18T10:48:02.084+0000] {standard_task_runner.py:85} INFO - Job 266: Subtask waiting_for_data
[2023-10-18T10:48:02.127+0000] {task_command.py:416} INFO - Running <TaskInstance: copy_tranform_to_mongo.waiting_for_data scheduled__2021-08-20T00:00:00+00:00 [running]> on host 2473b23ba069
[2023-10-18T10:48:02.199+0000] {taskinstance.py:1662} INFO - Exporting env vars: AIRFLOW_CTX_DAG_OWNER='***' AIRFLOW_CTX_DAG_ID='copy_tranform_to_mongo' AIRFLOW_CTX_TASK_ID='waiting_for_data' AIRFLOW_CTX_EXECUTION_DATE='2021-08-20T00:00:00+00:00' AIRFLOW_CTX_TRY_NUMBER='1' AIRFLOW_CTX_DAG_RUN_ID='scheduled__2021-08-20T00:00:00+00:00'
[2023-10-18T10:48:02.208+0000] {base.py:73} INFO - Using connection ID 'fs_default' for task execution.
[2023-10-18T10:48:02.209+0000] {filesystem.py:64} INFO - Poking for file /opt/in/tiktok_google_play_reviews.csv
[2023-10-18T10:48:02.210+0000] {filesystem.py:69} INFO - Found File /opt/in/tiktok_google_play_reviews.csv last modified: 20220405221612
[2023-10-18T10:48:02.210+0000] {base.py:287} INFO - Success criteria met. Exiting.
[2023-10-18T10:48:02.220+0000] {taskinstance.py:1400} INFO - Marking task as SUCCESS. dag_id=copy_tranform_to_mongo, task_id=waiting_for_data, execution_date=20210820T000000, start_date=20231018T104802, end_date=20231018T104802
[2023-10-18T10:48:02.255+0000] {local_task_job_runner.py:228} INFO - Task exited with return code 0
[2023-10-18T10:48:02.286+0000] {taskinstance.py:2778} INFO - 1 downstream tasks scheduled from follow-on schedule check
[2023-10-18T11:44:35.388+0000] {taskinstance.py:1159} INFO - Dependencies all met for dep_context=non-requeueable deps ti=<TaskInstance: copy_tranform_to_mongo.waiting_for_data scheduled__2021-08-20T00:00:00+00:00 [queued]>
[2023-10-18T11:44:35.397+0000] {taskinstance.py:1159} INFO - Dependencies all met for dep_context=requeueable deps ti=<TaskInstance: copy_tranform_to_mongo.waiting_for_data scheduled__2021-08-20T00:00:00+00:00 [queued]>
[2023-10-18T11:44:35.397+0000] {taskinstance.py:1361} INFO - Starting attempt 1 of 1
[2023-10-18T11:44:35.406+0000] {taskinstance.py:1382} INFO - Executing <Task(FileSensor): waiting_for_data> on 2021-08-20 00:00:00+00:00
[2023-10-18T11:44:35.413+0000] {standard_task_runner.py:57} INFO - Started process 1401 to run task
[2023-10-18T11:44:35.416+0000] {standard_task_runner.py:84} INFO - Running: ['***', 'tasks', 'run', 'copy_tranform_to_mongo', 'waiting_for_data', 'scheduled__2021-08-20T00:00:00+00:00', '--job-id', '427', '--raw', '--subdir', 'DAGS_FOLDER/file_***-mongo.py', '--cfg-path', '/tmp/tmpz2rznguc']
[2023-10-18T11:44:35.417+0000] {standard_task_runner.py:85} INFO - Job 427: Subtask waiting_for_data
[2023-10-18T11:44:35.456+0000] {task_command.py:416} INFO - Running <TaskInstance: copy_tranform_to_mongo.waiting_for_data scheduled__2021-08-20T00:00:00+00:00 [running]> on host 0e68aa52dfc7
[2023-10-18T11:44:35.507+0000] {taskinstance.py:1662} INFO - Exporting env vars: AIRFLOW_CTX_DAG_OWNER='***' AIRFLOW_CTX_DAG_ID='copy_tranform_to_mongo' AIRFLOW_CTX_TASK_ID='waiting_for_data' AIRFLOW_CTX_EXECUTION_DATE='2021-08-20T00:00:00+00:00' AIRFLOW_CTX_TRY_NUMBER='1' AIRFLOW_CTX_DAG_RUN_ID='scheduled__2021-08-20T00:00:00+00:00'
[2023-10-18T11:44:35.515+0000] {base.py:73} INFO - Using connection ID 'fs_default' for task execution.
[2023-10-18T11:44:35.515+0000] {filesystem.py:64} INFO - Poking for file /opt/in/tiktok_google_play_reviews.csv
[2023-10-18T11:44:35.515+0000] {filesystem.py:69} INFO - Found File /opt/in/tiktok_google_play_reviews.csv last modified: 20220405221612
[2023-10-18T11:44:35.516+0000] {base.py:287} INFO - Success criteria met. Exiting.
[2023-10-18T11:44:35.522+0000] {taskinstance.py:1400} INFO - Marking task as SUCCESS. dag_id=copy_tranform_to_mongo, task_id=waiting_for_data, execution_date=20210820T000000, start_date=20231018T114435, end_date=20231018T114435
[2023-10-18T11:44:35.547+0000] {local_task_job_runner.py:228} INFO - Task exited with return code 0
[2023-10-18T11:44:35.567+0000] {taskinstance.py:2778} INFO - 1 downstream tasks scheduled from follow-on schedule check
