[2023-10-17T11:20:13.524+0000] {taskinstance.py:1159} INFO - Dependencies all met for dep_context=non-requeueable deps ti=<TaskInstance: copy_tranform_to_mongo.waiting_for_data scheduled__2021-08-10T00:00:00+00:00 [queued]>
[2023-10-17T11:20:13.531+0000] {taskinstance.py:1159} INFO - Dependencies all met for dep_context=requeueable deps ti=<TaskInstance: copy_tranform_to_mongo.waiting_for_data scheduled__2021-08-10T00:00:00+00:00 [queued]>
[2023-10-17T11:20:13.531+0000] {taskinstance.py:1361} INFO - Starting attempt 1 of 1
[2023-10-17T11:20:13.554+0000] {taskinstance.py:1382} INFO - Executing <Task(FileSensor): waiting_for_data> on 2021-08-10 00:00:00+00:00
[2023-10-17T11:20:13.560+0000] {standard_task_runner.py:57} INFO - Started process 885 to run task
[2023-10-17T11:20:13.562+0000] {standard_task_runner.py:84} INFO - Running: ['***', 'tasks', 'run', 'copy_tranform_to_mongo', 'waiting_for_data', 'scheduled__2021-08-10T00:00:00+00:00', '--job-id', '226', '--raw', '--subdir', 'DAGS_FOLDER/file_***-mongo.py', '--cfg-path', '/tmp/tmpffnonju6']
[2023-10-17T11:20:13.564+0000] {standard_task_runner.py:85} INFO - Job 226: Subtask waiting_for_data
[2023-10-17T11:20:13.608+0000] {task_command.py:416} INFO - Running <TaskInstance: copy_tranform_to_mongo.waiting_for_data scheduled__2021-08-10T00:00:00+00:00 [running]> on host 238c1d4ff767
[2023-10-17T11:20:13.686+0000] {taskinstance.py:1662} INFO - Exporting env vars: AIRFLOW_CTX_DAG_OWNER='***' AIRFLOW_CTX_DAG_ID='copy_tranform_to_mongo' AIRFLOW_CTX_TASK_ID='waiting_for_data' AIRFLOW_CTX_EXECUTION_DATE='2021-08-10T00:00:00+00:00' AIRFLOW_CTX_TRY_NUMBER='1' AIRFLOW_CTX_DAG_RUN_ID='scheduled__2021-08-10T00:00:00+00:00'
[2023-10-17T11:20:13.695+0000] {base.py:73} INFO - Using connection ID 'fs_default' for task execution.
[2023-10-17T11:20:13.696+0000] {filesystem.py:64} INFO - Poking for file /opt/in/tiktok_google_play_reviews.csv
[2023-10-17T11:20:13.696+0000] {filesystem.py:69} INFO - Found File /opt/in/tiktok_google_play_reviews.csv last modified: 20220405221612
[2023-10-17T11:20:13.697+0000] {base.py:287} INFO - Success criteria met. Exiting.
[2023-10-17T11:20:13.706+0000] {taskinstance.py:1400} INFO - Marking task as SUCCESS. dag_id=copy_tranform_to_mongo, task_id=waiting_for_data, execution_date=20210810T000000, start_date=20231017T112013, end_date=20231017T112013
[2023-10-17T11:20:13.734+0000] {local_task_job_runner.py:228} INFO - Task exited with return code 0
[2023-10-17T11:20:13.752+0000] {taskinstance.py:2778} INFO - 0 downstream tasks scheduled from follow-on schedule check
[2023-10-18T10:43:54.453+0000] {taskinstance.py:1159} INFO - Dependencies all met for dep_context=non-requeueable deps ti=<TaskInstance: copy_tranform_to_mongo.waiting_for_data scheduled__2021-08-10T00:00:00+00:00 [queued]>
[2023-10-18T10:43:54.461+0000] {taskinstance.py:1159} INFO - Dependencies all met for dep_context=requeueable deps ti=<TaskInstance: copy_tranform_to_mongo.waiting_for_data scheduled__2021-08-10T00:00:00+00:00 [queued]>
[2023-10-18T10:43:54.461+0000] {taskinstance.py:1361} INFO - Starting attempt 1 of 1
[2023-10-18T10:43:54.472+0000] {taskinstance.py:1382} INFO - Executing <Task(FileSensor): waiting_for_data> on 2021-08-10 00:00:00+00:00
[2023-10-18T10:43:54.508+0000] {standard_task_runner.py:57} INFO - Started process 1854 to run task
[2023-10-18T10:43:54.510+0000] {standard_task_runner.py:84} INFO - Running: ['***', 'tasks', 'run', 'copy_tranform_to_mongo', 'waiting_for_data', 'scheduled__2021-08-10T00:00:00+00:00', '--job-id', '225', '--raw', '--subdir', 'DAGS_FOLDER/file_***-mongo.py', '--cfg-path', '/tmp/tmpr6a8juux']
[2023-10-18T10:43:54.511+0000] {standard_task_runner.py:85} INFO - Job 225: Subtask waiting_for_data
[2023-10-18T10:43:54.551+0000] {task_command.py:416} INFO - Running <TaskInstance: copy_tranform_to_mongo.waiting_for_data scheduled__2021-08-10T00:00:00+00:00 [running]> on host 2473b23ba069
[2023-10-18T10:43:54.611+0000] {taskinstance.py:1662} INFO - Exporting env vars: AIRFLOW_CTX_DAG_OWNER='***' AIRFLOW_CTX_DAG_ID='copy_tranform_to_mongo' AIRFLOW_CTX_TASK_ID='waiting_for_data' AIRFLOW_CTX_EXECUTION_DATE='2021-08-10T00:00:00+00:00' AIRFLOW_CTX_TRY_NUMBER='1' AIRFLOW_CTX_DAG_RUN_ID='scheduled__2021-08-10T00:00:00+00:00'
[2023-10-18T10:43:54.620+0000] {base.py:73} INFO - Using connection ID 'fs_default' for task execution.
[2023-10-18T10:43:54.621+0000] {filesystem.py:64} INFO - Poking for file in/tiktok_google_play_reviews.csv
[2023-10-18T10:44:54.690+0000] {base.py:73} INFO - Using connection ID 'fs_default' for task execution.
[2023-10-18T10:44:54.691+0000] {filesystem.py:64} INFO - Poking for file in/tiktok_google_play_reviews.csv
[2023-10-18T10:45:54.758+0000] {base.py:73} INFO - Using connection ID 'fs_default' for task execution.
[2023-10-18T10:45:54.758+0000] {filesystem.py:64} INFO - Poking for file in/tiktok_google_play_reviews.csv
[2023-10-18T10:46:54.823+0000] {base.py:73} INFO - Using connection ID 'fs_default' for task execution.
[2023-10-18T10:46:54.823+0000] {filesystem.py:64} INFO - Poking for file in/tiktok_google_play_reviews.csv
[2023-10-18T10:47:54.888+0000] {base.py:73} INFO - Using connection ID 'fs_default' for task execution.
[2023-10-18T10:47:54.889+0000] {filesystem.py:64} INFO - Poking for file /opt/in/tiktok_google_play_reviews.csv
[2023-10-18T10:47:54.890+0000] {filesystem.py:69} INFO - Found File /opt/in/tiktok_google_play_reviews.csv last modified: 20220405221612
[2023-10-18T10:47:54.890+0000] {base.py:287} INFO - Success criteria met. Exiting.
[2023-10-18T10:47:54.902+0000] {taskinstance.py:1400} INFO - Marking task as SUCCESS. dag_id=copy_tranform_to_mongo, task_id=waiting_for_data, execution_date=20210810T000000, start_date=20231018T104354, end_date=20231018T104754
[2023-10-18T10:47:54.969+0000] {local_task_job_runner.py:228} INFO - Task exited with return code 0
[2023-10-18T10:47:55.007+0000] {taskinstance.py:2778} INFO - 1 downstream tasks scheduled from follow-on schedule check
[2023-10-18T11:44:31.357+0000] {taskinstance.py:1159} INFO - Dependencies all met for dep_context=non-requeueable deps ti=<TaskInstance: copy_tranform_to_mongo.waiting_for_data scheduled__2021-08-10T00:00:00+00:00 [queued]>
[2023-10-18T11:44:31.366+0000] {taskinstance.py:1159} INFO - Dependencies all met for dep_context=requeueable deps ti=<TaskInstance: copy_tranform_to_mongo.waiting_for_data scheduled__2021-08-10T00:00:00+00:00 [queued]>
[2023-10-18T11:44:31.366+0000] {taskinstance.py:1361} INFO - Starting attempt 1 of 1
[2023-10-18T11:44:31.381+0000] {taskinstance.py:1382} INFO - Executing <Task(FileSensor): waiting_for_data> on 2021-08-10 00:00:00+00:00
[2023-10-18T11:44:31.387+0000] {standard_task_runner.py:57} INFO - Started process 1365 to run task
[2023-10-18T11:44:31.391+0000] {standard_task_runner.py:84} INFO - Running: ['***', 'tasks', 'run', 'copy_tranform_to_mongo', 'waiting_for_data', 'scheduled__2021-08-10T00:00:00+00:00', '--job-id', '408', '--raw', '--subdir', 'DAGS_FOLDER/file_***-mongo.py', '--cfg-path', '/tmp/tmpew7e_akc']
[2023-10-18T11:44:31.393+0000] {standard_task_runner.py:85} INFO - Job 408: Subtask waiting_for_data
[2023-10-18T11:44:31.440+0000] {task_command.py:416} INFO - Running <TaskInstance: copy_tranform_to_mongo.waiting_for_data scheduled__2021-08-10T00:00:00+00:00 [running]> on host 0e68aa52dfc7
[2023-10-18T11:44:31.512+0000] {taskinstance.py:1662} INFO - Exporting env vars: AIRFLOW_CTX_DAG_OWNER='***' AIRFLOW_CTX_DAG_ID='copy_tranform_to_mongo' AIRFLOW_CTX_TASK_ID='waiting_for_data' AIRFLOW_CTX_EXECUTION_DATE='2021-08-10T00:00:00+00:00' AIRFLOW_CTX_TRY_NUMBER='1' AIRFLOW_CTX_DAG_RUN_ID='scheduled__2021-08-10T00:00:00+00:00'
[2023-10-18T11:44:31.522+0000] {base.py:73} INFO - Using connection ID 'fs_default' for task execution.
[2023-10-18T11:44:31.522+0000] {filesystem.py:64} INFO - Poking for file /opt/in/tiktok_google_play_reviews.csv
[2023-10-18T11:44:31.522+0000] {filesystem.py:69} INFO - Found File /opt/in/tiktok_google_play_reviews.csv last modified: 20220405221612
[2023-10-18T11:44:31.523+0000] {base.py:287} INFO - Success criteria met. Exiting.
[2023-10-18T11:44:31.532+0000] {taskinstance.py:1400} INFO - Marking task as SUCCESS. dag_id=copy_tranform_to_mongo, task_id=waiting_for_data, execution_date=20210810T000000, start_date=20231018T114431, end_date=20231018T114431
[2023-10-18T11:44:31.564+0000] {local_task_job_runner.py:228} INFO - Task exited with return code 0
[2023-10-18T11:44:31.594+0000] {taskinstance.py:2778} INFO - 1 downstream tasks scheduled from follow-on schedule check
