[2023-10-17T11:24:24.953+0000] {taskinstance.py:1159} INFO - Dependencies all met for dep_context=non-requeueable deps ti=<TaskInstance: copy_tranform_to_mongo.waiting_for_data scheduled__2022-11-14T00:00:00+00:00 [queued]>
[2023-10-17T11:24:24.959+0000] {taskinstance.py:1159} INFO - Dependencies all met for dep_context=requeueable deps ti=<TaskInstance: copy_tranform_to_mongo.waiting_for_data scheduled__2022-11-14T00:00:00+00:00 [queued]>
[2023-10-17T11:24:24.959+0000] {taskinstance.py:1361} INFO - Starting attempt 1 of 1
[2023-10-17T11:24:24.968+0000] {taskinstance.py:1382} INFO - Executing <Task(FileSensor): waiting_for_data> on 2022-11-14 00:00:00+00:00
[2023-10-17T11:24:24.972+0000] {standard_task_runner.py:57} INFO - Started process 1868 to run task
[2023-10-17T11:24:24.975+0000] {standard_task_runner.py:84} INFO - Running: ['***', 'tasks', 'run', 'copy_tranform_to_mongo', 'waiting_for_data', 'scheduled__2022-11-14T00:00:00+00:00', '--job-id', '687', '--raw', '--subdir', 'DAGS_FOLDER/file_***-mongo.py', '--cfg-path', '/tmp/tmpvz78vix4']
[2023-10-17T11:24:24.976+0000] {standard_task_runner.py:85} INFO - Job 687: Subtask waiting_for_data
[2023-10-17T11:24:25.005+0000] {task_command.py:416} INFO - Running <TaskInstance: copy_tranform_to_mongo.waiting_for_data scheduled__2022-11-14T00:00:00+00:00 [running]> on host 238c1d4ff767
[2023-10-17T11:24:25.058+0000] {taskinstance.py:1662} INFO - Exporting env vars: AIRFLOW_CTX_DAG_OWNER='***' AIRFLOW_CTX_DAG_ID='copy_tranform_to_mongo' AIRFLOW_CTX_TASK_ID='waiting_for_data' AIRFLOW_CTX_EXECUTION_DATE='2022-11-14T00:00:00+00:00' AIRFLOW_CTX_TRY_NUMBER='1' AIRFLOW_CTX_DAG_RUN_ID='scheduled__2022-11-14T00:00:00+00:00'
[2023-10-17T11:24:25.064+0000] {base.py:73} INFO - Using connection ID 'fs_default' for task execution.
[2023-10-17T11:24:25.064+0000] {filesystem.py:64} INFO - Poking for file /opt/in/tiktok_google_play_reviews.csv
[2023-10-17T11:24:25.064+0000] {filesystem.py:69} INFO - Found File /opt/in/tiktok_google_play_reviews.csv last modified: 20220405221612
[2023-10-17T11:24:25.064+0000] {base.py:287} INFO - Success criteria met. Exiting.
[2023-10-17T11:24:25.070+0000] {taskinstance.py:1400} INFO - Marking task as SUCCESS. dag_id=copy_tranform_to_mongo, task_id=waiting_for_data, execution_date=20221114T000000, start_date=20231017T112424, end_date=20231017T112425
[2023-10-17T11:24:25.107+0000] {local_task_job_runner.py:228} INFO - Task exited with return code 0
[2023-10-17T11:24:25.118+0000] {taskinstance.py:2778} INFO - 0 downstream tasks scheduled from follow-on schedule check
[2023-10-18T11:49:11.289+0000] {taskinstance.py:1159} INFO - Dependencies all met for dep_context=non-requeueable deps ti=<TaskInstance: copy_tranform_to_mongo.waiting_for_data scheduled__2022-11-14T00:00:00+00:00 [queued]>
[2023-10-18T11:49:11.299+0000] {taskinstance.py:1159} INFO - Dependencies all met for dep_context=requeueable deps ti=<TaskInstance: copy_tranform_to_mongo.waiting_for_data scheduled__2022-11-14T00:00:00+00:00 [queued]>
[2023-10-18T11:49:11.299+0000] {taskinstance.py:1361} INFO - Starting attempt 1 of 1
[2023-10-18T11:49:11.312+0000] {taskinstance.py:1382} INFO - Executing <Task(FileSensor): waiting_for_data> on 2022-11-14 00:00:00+00:00
[2023-10-18T11:49:11.321+0000] {standard_task_runner.py:57} INFO - Started process 3282 to run task
[2023-10-18T11:49:11.324+0000] {standard_task_runner.py:84} INFO - Running: ['***', 'tasks', 'run', 'copy_tranform_to_mongo', 'waiting_for_data', 'scheduled__2022-11-14T00:00:00+00:00', '--job-id', '1330', '--raw', '--subdir', 'DAGS_FOLDER/file_***-mongo.py', '--cfg-path', '/tmp/tmpxxah45r2']
[2023-10-18T11:49:11.325+0000] {standard_task_runner.py:85} INFO - Job 1330: Subtask waiting_for_data
[2023-10-18T11:49:11.385+0000] {task_command.py:416} INFO - Running <TaskInstance: copy_tranform_to_mongo.waiting_for_data scheduled__2022-11-14T00:00:00+00:00 [running]> on host 0e68aa52dfc7
[2023-10-18T11:49:11.456+0000] {taskinstance.py:1662} INFO - Exporting env vars: AIRFLOW_CTX_DAG_OWNER='***' AIRFLOW_CTX_DAG_ID='copy_tranform_to_mongo' AIRFLOW_CTX_TASK_ID='waiting_for_data' AIRFLOW_CTX_EXECUTION_DATE='2022-11-14T00:00:00+00:00' AIRFLOW_CTX_TRY_NUMBER='1' AIRFLOW_CTX_DAG_RUN_ID='scheduled__2022-11-14T00:00:00+00:00'
[2023-10-18T11:49:11.467+0000] {base.py:73} INFO - Using connection ID 'fs_default' for task execution.
[2023-10-18T11:49:11.468+0000] {filesystem.py:64} INFO - Poking for file /opt/in/tiktok_google_play_reviews.csv
[2023-10-18T11:49:11.469+0000] {filesystem.py:69} INFO - Found File /opt/in/tiktok_google_play_reviews.csv last modified: 20220405221612
[2023-10-18T11:49:11.469+0000] {base.py:287} INFO - Success criteria met. Exiting.
[2023-10-18T11:49:11.482+0000] {taskinstance.py:1400} INFO - Marking task as SUCCESS. dag_id=copy_tranform_to_mongo, task_id=waiting_for_data, execution_date=20221114T000000, start_date=20231018T114911, end_date=20231018T114911
[2023-10-18T11:49:11.537+0000] {local_task_job_runner.py:228} INFO - Task exited with return code 0
[2023-10-18T11:49:11.570+0000] {taskinstance.py:2778} INFO - 1 downstream tasks scheduled from follow-on schedule check
