[2023-10-17T11:19:08.139+0000] {taskinstance.py:1159} INFO - Dependencies all met for dep_context=non-requeueable deps ti=<TaskInstance: copy_tranform_to_mongo.waiting_for_data scheduled__2021-03-06T00:00:00+00:00 [queued]>
[2023-10-17T11:19:08.147+0000] {taskinstance.py:1159} INFO - Dependencies all met for dep_context=requeueable deps ti=<TaskInstance: copy_tranform_to_mongo.waiting_for_data scheduled__2021-03-06T00:00:00+00:00 [queued]>
[2023-10-17T11:19:08.147+0000] {taskinstance.py:1361} INFO - Starting attempt 1 of 1
[2023-10-17T11:19:08.159+0000] {taskinstance.py:1382} INFO - Executing <Task(FileSensor): waiting_for_data> on 2021-03-06 00:00:00+00:00
[2023-10-17T11:19:08.167+0000] {standard_task_runner.py:57} INFO - Started process 553 to run task
[2023-10-17T11:19:08.170+0000] {standard_task_runner.py:84} INFO - Running: ['***', 'tasks', 'run', 'copy_tranform_to_mongo', 'waiting_for_data', 'scheduled__2021-03-06T00:00:00+00:00', '--job-id', '69', '--raw', '--subdir', 'DAGS_FOLDER/file_***-mongo.py', '--cfg-path', '/tmp/tmpgji1nvvh']
[2023-10-17T11:19:08.170+0000] {standard_task_runner.py:85} INFO - Job 69: Subtask waiting_for_data
[2023-10-17T11:19:08.205+0000] {task_command.py:416} INFO - Running <TaskInstance: copy_tranform_to_mongo.waiting_for_data scheduled__2021-03-06T00:00:00+00:00 [running]> on host 238c1d4ff767
[2023-10-17T11:19:08.274+0000] {taskinstance.py:1662} INFO - Exporting env vars: AIRFLOW_CTX_DAG_OWNER='***' AIRFLOW_CTX_DAG_ID='copy_tranform_to_mongo' AIRFLOW_CTX_TASK_ID='waiting_for_data' AIRFLOW_CTX_EXECUTION_DATE='2021-03-06T00:00:00+00:00' AIRFLOW_CTX_TRY_NUMBER='1' AIRFLOW_CTX_DAG_RUN_ID='scheduled__2021-03-06T00:00:00+00:00'
[2023-10-17T11:19:08.280+0000] {base.py:73} INFO - Using connection ID 'fs_default' for task execution.
[2023-10-17T11:19:08.280+0000] {filesystem.py:64} INFO - Poking for file /opt/in/tiktok_google_play_reviews.csv
[2023-10-17T11:19:08.281+0000] {filesystem.py:69} INFO - Found File /opt/in/tiktok_google_play_reviews.csv last modified: 20220405221612
[2023-10-17T11:19:08.281+0000] {base.py:287} INFO - Success criteria met. Exiting.
[2023-10-17T11:19:08.287+0000] {taskinstance.py:1400} INFO - Marking task as SUCCESS. dag_id=copy_tranform_to_mongo, task_id=waiting_for_data, execution_date=20210306T000000, start_date=20231017T111908, end_date=20231017T111908
[2023-10-17T11:19:08.301+0000] {local_task_job_runner.py:228} INFO - Task exited with return code 0
[2023-10-17T11:19:08.314+0000] {taskinstance.py:2778} INFO - 0 downstream tasks scheduled from follow-on schedule check
[2023-10-18T10:42:35.922+0000] {taskinstance.py:1159} INFO - Dependencies all met for dep_context=non-requeueable deps ti=<TaskInstance: copy_tranform_to_mongo.waiting_for_data scheduled__2021-03-06T00:00:00+00:00 [queued]>
[2023-10-18T10:42:35.929+0000] {taskinstance.py:1159} INFO - Dependencies all met for dep_context=requeueable deps ti=<TaskInstance: copy_tranform_to_mongo.waiting_for_data scheduled__2021-03-06T00:00:00+00:00 [queued]>
[2023-10-18T10:42:35.930+0000] {taskinstance.py:1361} INFO - Starting attempt 1 of 1
[2023-10-18T10:42:35.942+0000] {taskinstance.py:1382} INFO - Executing <Task(FileSensor): waiting_for_data> on 2021-03-06 00:00:00+00:00
[2023-10-18T10:42:35.948+0000] {standard_task_runner.py:57} INFO - Started process 1516 to run task
[2023-10-18T10:42:35.950+0000] {standard_task_runner.py:84} INFO - Running: ['***', 'tasks', 'run', 'copy_tranform_to_mongo', 'waiting_for_data', 'scheduled__2021-03-06T00:00:00+00:00', '--job-id', '68', '--raw', '--subdir', 'DAGS_FOLDER/file_***-mongo.py', '--cfg-path', '/tmp/tmp6zrkncq4']
[2023-10-18T10:42:35.952+0000] {standard_task_runner.py:85} INFO - Job 68: Subtask waiting_for_data
[2023-10-18T10:42:35.995+0000] {task_command.py:416} INFO - Running <TaskInstance: copy_tranform_to_mongo.waiting_for_data scheduled__2021-03-06T00:00:00+00:00 [running]> on host 2473b23ba069
[2023-10-18T10:42:36.075+0000] {taskinstance.py:1662} INFO - Exporting env vars: AIRFLOW_CTX_DAG_OWNER='***' AIRFLOW_CTX_DAG_ID='copy_tranform_to_mongo' AIRFLOW_CTX_TASK_ID='waiting_for_data' AIRFLOW_CTX_EXECUTION_DATE='2021-03-06T00:00:00+00:00' AIRFLOW_CTX_TRY_NUMBER='1' AIRFLOW_CTX_DAG_RUN_ID='scheduled__2021-03-06T00:00:00+00:00'
[2023-10-18T10:42:36.098+0000] {taskinstance.py:1937} ERROR - Task failed with exception
Traceback (most recent call last):
  File "/home/airflow/.local/lib/python3.8/site-packages/airflow/sensors/base.py", line 257, in execute
    raise e
  File "/home/airflow/.local/lib/python3.8/site-packages/airflow/sensors/base.py", line 239, in execute
    poke_return = self.poke(context)
  File "/home/airflow/.local/lib/python3.8/site-packages/airflow/sensors/filesystem.py", line 61, in poke
    hook = FSHook(self.fs_conn_id)
  File "/home/airflow/.local/lib/python3.8/site-packages/airflow/hooks/filesystem.py", line 38, in __init__
    conn = self.get_connection(conn_id)
  File "/home/airflow/.local/lib/python3.8/site-packages/airflow/hooks/base.py", line 72, in get_connection
    conn = Connection.get_connection_from_secrets(conn_id)
  File "/home/airflow/.local/lib/python3.8/site-packages/airflow/models/connection.py", line 477, in get_connection_from_secrets
    raise AirflowNotFoundException(f"The conn_id `{conn_id}` isn't defined")
airflow.exceptions.AirflowNotFoundException: The conn_id `fs_default` isn't defined
[2023-10-18T10:42:36.104+0000] {taskinstance.py:1400} INFO - Marking task as FAILED. dag_id=copy_tranform_to_mongo, task_id=waiting_for_data, execution_date=20210306T000000, start_date=20231018T104235, end_date=20231018T104236
[2023-10-18T10:42:36.114+0000] {standard_task_runner.py:104} ERROR - Failed to execute job 68 for task waiting_for_data (The conn_id `fs_default` isn't defined; 1516)
[2023-10-18T10:42:36.122+0000] {local_task_job_runner.py:228} INFO - Task exited with return code 1
[2023-10-18T10:42:36.142+0000] {taskinstance.py:2778} INFO - 0 downstream tasks scheduled from follow-on schedule check
[2023-10-18T11:17:06.113+0000] {taskinstance.py:1159} INFO - Dependencies all met for dep_context=non-requeueable deps ti=<TaskInstance: copy_tranform_to_mongo.waiting_for_data scheduled__2021-03-06T00:00:00+00:00 [queued]>
[2023-10-18T11:17:06.133+0000] {taskinstance.py:1159} INFO - Dependencies all met for dep_context=requeueable deps ti=<TaskInstance: copy_tranform_to_mongo.waiting_for_data scheduled__2021-03-06T00:00:00+00:00 [queued]>
[2023-10-18T11:17:06.133+0000] {taskinstance.py:1361} INFO - Starting attempt 1 of 1
[2023-10-18T11:17:06.167+0000] {taskinstance.py:1382} INFO - Executing <Task(FileSensor): waiting_for_data> on 2021-03-06 00:00:00+00:00
[2023-10-18T11:17:06.176+0000] {standard_task_runner.py:57} INFO - Started process 312 to run task
[2023-10-18T11:17:06.180+0000] {standard_task_runner.py:84} INFO - Running: ['***', 'tasks', 'run', 'copy_tranform_to_mongo', 'waiting_for_data', 'scheduled__2021-03-06T00:00:00+00:00', '--job-id', '91', '--raw', '--subdir', 'DAGS_FOLDER/file_***-mongo.py', '--cfg-path', '/tmp/tmp6ktuiksp']
[2023-10-18T11:17:06.181+0000] {standard_task_runner.py:85} INFO - Job 91: Subtask waiting_for_data
[2023-10-18T11:17:06.243+0000] {task_command.py:416} INFO - Running <TaskInstance: copy_tranform_to_mongo.waiting_for_data scheduled__2021-03-06T00:00:00+00:00 [running]> on host 0e68aa52dfc7
[2023-10-18T11:17:06.315+0000] {taskinstance.py:1662} INFO - Exporting env vars: AIRFLOW_CTX_DAG_OWNER='***' AIRFLOW_CTX_DAG_ID='copy_tranform_to_mongo' AIRFLOW_CTX_TASK_ID='waiting_for_data' AIRFLOW_CTX_EXECUTION_DATE='2021-03-06T00:00:00+00:00' AIRFLOW_CTX_TRY_NUMBER='1' AIRFLOW_CTX_DAG_RUN_ID='scheduled__2021-03-06T00:00:00+00:00'
[2023-10-18T11:17:06.322+0000] {base.py:73} INFO - Using connection ID 'fs_default' for task execution.
[2023-10-18T11:17:06.323+0000] {filesystem.py:64} INFO - Poking for file /opt/in/tiktok_google_play_reviews.csv
[2023-10-18T11:17:06.323+0000] {filesystem.py:69} INFO - Found File /opt/in/tiktok_google_play_reviews.csv last modified: 20220405221612
[2023-10-18T11:17:06.324+0000] {base.py:287} INFO - Success criteria met. Exiting.
[2023-10-18T11:17:06.331+0000] {taskinstance.py:1400} INFO - Marking task as SUCCESS. dag_id=copy_tranform_to_mongo, task_id=waiting_for_data, execution_date=20210306T000000, start_date=20231018T111706, end_date=20231018T111706
[2023-10-18T11:17:06.355+0000] {local_task_job_runner.py:228} INFO - Task exited with return code 0
[2023-10-18T11:17:06.381+0000] {taskinstance.py:2778} INFO - 1 downstream tasks scheduled from follow-on schedule check
[2023-10-19T12:11:44.859+0000] {taskinstance.py:1159} INFO - Dependencies all met for dep_context=non-requeueable deps ti=<TaskInstance: copy_tranform_to_mongo.waiting_for_data scheduled__2021-03-06T00:00:00+00:00 [queued]>
[2023-10-19T12:11:44.870+0000] {taskinstance.py:1159} INFO - Dependencies all met for dep_context=requeueable deps ti=<TaskInstance: copy_tranform_to_mongo.waiting_for_data scheduled__2021-03-06T00:00:00+00:00 [queued]>
[2023-10-19T12:11:44.871+0000] {taskinstance.py:1361} INFO - Starting attempt 1 of 1
[2023-10-19T12:11:44.886+0000] {taskinstance.py:1382} INFO - Executing <Task(FileSensor): waiting_for_data> on 2021-03-06 00:00:00+00:00
[2023-10-19T12:11:44.897+0000] {standard_task_runner.py:57} INFO - Started process 361 to run task
[2023-10-19T12:11:44.901+0000] {standard_task_runner.py:84} INFO - Running: ['***', 'tasks', 'run', 'copy_tranform_to_mongo', 'waiting_for_data', 'scheduled__2021-03-06T00:00:00+00:00', '--job-id', '88', '--raw', '--subdir', 'DAGS_FOLDER/file_***-mongo.py', '--cfg-path', '/tmp/tmp0gms7l_9']
[2023-10-19T12:11:44.902+0000] {standard_task_runner.py:85} INFO - Job 88: Subtask waiting_for_data
[2023-10-19T12:11:44.957+0000] {task_command.py:416} INFO - Running <TaskInstance: copy_tranform_to_mongo.waiting_for_data scheduled__2021-03-06T00:00:00+00:00 [running]> on host 6f5df7fea6fd
[2023-10-19T12:11:45.042+0000] {taskinstance.py:1662} INFO - Exporting env vars: AIRFLOW_CTX_DAG_OWNER='***' AIRFLOW_CTX_DAG_ID='copy_tranform_to_mongo' AIRFLOW_CTX_TASK_ID='waiting_for_data' AIRFLOW_CTX_EXECUTION_DATE='2021-03-06T00:00:00+00:00' AIRFLOW_CTX_TRY_NUMBER='1' AIRFLOW_CTX_DAG_RUN_ID='scheduled__2021-03-06T00:00:00+00:00'
[2023-10-19T12:11:45.051+0000] {base.py:73} INFO - Using connection ID 'fs_default' for task execution.
[2023-10-19T12:11:45.052+0000] {filesystem.py:64} INFO - Poking for file /opt/in/tiktok_google_play_reviews.csv
[2023-10-19T12:11:45.052+0000] {filesystem.py:69} INFO - Found File /opt/in/tiktok_google_play_reviews.csv last modified: 20220405221612
[2023-10-19T12:11:45.052+0000] {base.py:287} INFO - Success criteria met. Exiting.
[2023-10-19T12:11:45.062+0000] {taskinstance.py:1400} INFO - Marking task as SUCCESS. dag_id=copy_tranform_to_mongo, task_id=waiting_for_data, execution_date=20210306T000000, start_date=20231019T121144, end_date=20231019T121145
[2023-10-19T12:11:45.124+0000] {local_task_job_runner.py:228} INFO - Task exited with return code 0
[2023-10-19T12:11:45.244+0000] {taskinstance.py:2778} INFO - 0 downstream tasks scheduled from follow-on schedule check
