[2023-10-17T11:19:58.933+0000] {taskinstance.py:1159} INFO - Dependencies all met for dep_context=non-requeueable deps ti=<TaskInstance: copy_tranform_to_mongo.waiting_for_data scheduled__2021-07-09T00:00:00+00:00 [queued]>
[2023-10-17T11:19:58.942+0000] {taskinstance.py:1159} INFO - Dependencies all met for dep_context=requeueable deps ti=<TaskInstance: copy_tranform_to_mongo.waiting_for_data scheduled__2021-07-09T00:00:00+00:00 [queued]>
[2023-10-17T11:19:58.943+0000] {taskinstance.py:1361} INFO - Starting attempt 1 of 1
[2023-10-17T11:19:58.957+0000] {taskinstance.py:1382} INFO - Executing <Task(FileSensor): waiting_for_data> on 2021-07-09 00:00:00+00:00
[2023-10-17T11:19:58.966+0000] {standard_task_runner.py:57} INFO - Started process 820 to run task
[2023-10-17T11:19:58.969+0000] {standard_task_runner.py:84} INFO - Running: ['***', 'tasks', 'run', 'copy_tranform_to_mongo', 'waiting_for_data', 'scheduled__2021-07-09T00:00:00+00:00', '--job-id', '194', '--raw', '--subdir', 'DAGS_FOLDER/file_***-mongo.py', '--cfg-path', '/tmp/tmpzunu4sed']
[2023-10-17T11:19:58.970+0000] {standard_task_runner.py:85} INFO - Job 194: Subtask waiting_for_data
[2023-10-17T11:19:59.019+0000] {task_command.py:416} INFO - Running <TaskInstance: copy_tranform_to_mongo.waiting_for_data scheduled__2021-07-09T00:00:00+00:00 [running]> on host 238c1d4ff767
[2023-10-17T11:19:59.090+0000] {taskinstance.py:1662} INFO - Exporting env vars: AIRFLOW_CTX_DAG_OWNER='***' AIRFLOW_CTX_DAG_ID='copy_tranform_to_mongo' AIRFLOW_CTX_TASK_ID='waiting_for_data' AIRFLOW_CTX_EXECUTION_DATE='2021-07-09T00:00:00+00:00' AIRFLOW_CTX_TRY_NUMBER='1' AIRFLOW_CTX_DAG_RUN_ID='scheduled__2021-07-09T00:00:00+00:00'
[2023-10-17T11:19:59.097+0000] {base.py:73} INFO - Using connection ID 'fs_default' for task execution.
[2023-10-17T11:19:59.097+0000] {filesystem.py:64} INFO - Poking for file /opt/in/tiktok_google_play_reviews.csv
[2023-10-17T11:19:59.098+0000] {filesystem.py:69} INFO - Found File /opt/in/tiktok_google_play_reviews.csv last modified: 20220405221612
[2023-10-17T11:19:59.098+0000] {base.py:287} INFO - Success criteria met. Exiting.
[2023-10-17T11:19:59.104+0000] {taskinstance.py:1400} INFO - Marking task as SUCCESS. dag_id=copy_tranform_to_mongo, task_id=waiting_for_data, execution_date=20210709T000000, start_date=20231017T111958, end_date=20231017T111959
[2023-10-17T11:19:59.141+0000] {local_task_job_runner.py:228} INFO - Task exited with return code 0
[2023-10-17T11:19:59.156+0000] {taskinstance.py:2778} INFO - 0 downstream tasks scheduled from follow-on schedule check
[2023-10-18T10:43:43.386+0000] {taskinstance.py:1159} INFO - Dependencies all met for dep_context=non-requeueable deps ti=<TaskInstance: copy_tranform_to_mongo.waiting_for_data scheduled__2021-07-09T00:00:00+00:00 [queued]>
[2023-10-18T10:43:43.395+0000] {taskinstance.py:1159} INFO - Dependencies all met for dep_context=requeueable deps ti=<TaskInstance: copy_tranform_to_mongo.waiting_for_data scheduled__2021-07-09T00:00:00+00:00 [queued]>
[2023-10-18T10:43:43.395+0000] {taskinstance.py:1361} INFO - Starting attempt 1 of 1
[2023-10-18T10:43:43.406+0000] {taskinstance.py:1382} INFO - Executing <Task(FileSensor): waiting_for_data> on 2021-07-09 00:00:00+00:00
[2023-10-18T10:43:43.413+0000] {standard_task_runner.py:57} INFO - Started process 1783 to run task
[2023-10-18T10:43:43.415+0000] {standard_task_runner.py:84} INFO - Running: ['***', 'tasks', 'run', 'copy_tranform_to_mongo', 'waiting_for_data', 'scheduled__2021-07-09T00:00:00+00:00', '--job-id', '193', '--raw', '--subdir', 'DAGS_FOLDER/file_***-mongo.py', '--cfg-path', '/tmp/tmpq58yatjf']
[2023-10-18T10:43:43.416+0000] {standard_task_runner.py:85} INFO - Job 193: Subtask waiting_for_data
[2023-10-18T10:43:43.455+0000] {task_command.py:416} INFO - Running <TaskInstance: copy_tranform_to_mongo.waiting_for_data scheduled__2021-07-09T00:00:00+00:00 [running]> on host 2473b23ba069
[2023-10-18T10:43:43.515+0000] {taskinstance.py:1662} INFO - Exporting env vars: AIRFLOW_CTX_DAG_OWNER='***' AIRFLOW_CTX_DAG_ID='copy_tranform_to_mongo' AIRFLOW_CTX_TASK_ID='waiting_for_data' AIRFLOW_CTX_EXECUTION_DATE='2021-07-09T00:00:00+00:00' AIRFLOW_CTX_TRY_NUMBER='1' AIRFLOW_CTX_DAG_RUN_ID='scheduled__2021-07-09T00:00:00+00:00'
[2023-10-18T10:43:43.529+0000] {taskinstance.py:1937} ERROR - Task failed with exception
Traceback (most recent call last):
  File "/home/airflow/.local/lib/python3.8/site-packages/airflow/sensors/base.py", line 257, in execute
    raise e
  File "/home/airflow/.local/lib/python3.8/site-packages/airflow/sensors/base.py", line 239, in execute
    poke_return = self.poke(context)
  File "/home/airflow/.local/lib/python3.8/site-packages/airflow/sensors/filesystem.py", line 61, in poke
    hook = FSHook(self.fs_conn_id)
  File "/home/airflow/.local/lib/python3.8/site-packages/airflow/hooks/filesystem.py", line 38, in __init__
    conn = self.get_connection(conn_id)
  File "/home/airflow/.local/lib/python3.8/site-packages/airflow/hooks/base.py", line 72, in get_connection
    conn = Connection.get_connection_from_secrets(conn_id)
  File "/home/airflow/.local/lib/python3.8/site-packages/airflow/models/connection.py", line 477, in get_connection_from_secrets
    raise AirflowNotFoundException(f"The conn_id `{conn_id}` isn't defined")
airflow.exceptions.AirflowNotFoundException: The conn_id `fs_default` isn't defined
[2023-10-18T10:43:43.532+0000] {taskinstance.py:1400} INFO - Marking task as FAILED. dag_id=copy_tranform_to_mongo, task_id=waiting_for_data, execution_date=20210709T000000, start_date=20231018T104343, end_date=20231018T104343
[2023-10-18T10:43:43.541+0000] {standard_task_runner.py:104} ERROR - Failed to execute job 193 for task waiting_for_data (The conn_id `fs_default` isn't defined; 1783)
[2023-10-18T10:43:43.587+0000] {local_task_job_runner.py:228} INFO - Task exited with return code 1
[2023-10-18T10:43:43.609+0000] {taskinstance.py:2778} INFO - 0 downstream tasks scheduled from follow-on schedule check
[2023-10-18T11:44:10.247+0000] {taskinstance.py:1159} INFO - Dependencies all met for dep_context=non-requeueable deps ti=<TaskInstance: copy_tranform_to_mongo.waiting_for_data scheduled__2021-07-09T00:00:00+00:00 [queued]>
[2023-10-18T11:44:10.260+0000] {taskinstance.py:1159} INFO - Dependencies all met for dep_context=requeueable deps ti=<TaskInstance: copy_tranform_to_mongo.waiting_for_data scheduled__2021-07-09T00:00:00+00:00 [queued]>
[2023-10-18T11:44:10.260+0000] {taskinstance.py:1361} INFO - Starting attempt 1 of 1
[2023-10-18T11:44:10.276+0000] {taskinstance.py:1382} INFO - Executing <Task(FileSensor): waiting_for_data> on 2021-07-09 00:00:00+00:00
[2023-10-18T11:44:10.285+0000] {standard_task_runner.py:57} INFO - Started process 1224 to run task
[2023-10-18T11:44:10.290+0000] {standard_task_runner.py:84} INFO - Running: ['***', 'tasks', 'run', 'copy_tranform_to_mongo', 'waiting_for_data', 'scheduled__2021-07-09T00:00:00+00:00', '--job-id', '341', '--raw', '--subdir', 'DAGS_FOLDER/file_***-mongo.py', '--cfg-path', '/tmp/tmppw4cv3j2']
[2023-10-18T11:44:10.292+0000] {standard_task_runner.py:85} INFO - Job 341: Subtask waiting_for_data
[2023-10-18T11:44:10.347+0000] {task_command.py:416} INFO - Running <TaskInstance: copy_tranform_to_mongo.waiting_for_data scheduled__2021-07-09T00:00:00+00:00 [running]> on host 0e68aa52dfc7
[2023-10-18T11:44:10.413+0000] {taskinstance.py:1662} INFO - Exporting env vars: AIRFLOW_CTX_DAG_OWNER='***' AIRFLOW_CTX_DAG_ID='copy_tranform_to_mongo' AIRFLOW_CTX_TASK_ID='waiting_for_data' AIRFLOW_CTX_EXECUTION_DATE='2021-07-09T00:00:00+00:00' AIRFLOW_CTX_TRY_NUMBER='1' AIRFLOW_CTX_DAG_RUN_ID='scheduled__2021-07-09T00:00:00+00:00'
[2023-10-18T11:44:10.425+0000] {base.py:73} INFO - Using connection ID 'fs_default' for task execution.
[2023-10-18T11:44:10.425+0000] {filesystem.py:64} INFO - Poking for file /opt/in/tiktok_google_play_reviews.csv
[2023-10-18T11:44:10.425+0000] {filesystem.py:69} INFO - Found File /opt/in/tiktok_google_play_reviews.csv last modified: 20220405221612
[2023-10-18T11:44:10.425+0000] {base.py:287} INFO - Success criteria met. Exiting.
[2023-10-18T11:44:10.440+0000] {taskinstance.py:1400} INFO - Marking task as SUCCESS. dag_id=copy_tranform_to_mongo, task_id=waiting_for_data, execution_date=20210709T000000, start_date=20231018T114410, end_date=20231018T114410
[2023-10-18T11:44:10.502+0000] {local_task_job_runner.py:228} INFO - Task exited with return code 0
[2023-10-18T11:44:10.543+0000] {taskinstance.py:2778} INFO - 1 downstream tasks scheduled from follow-on schedule check
