[2023-10-17T11:19:55.564+0000] {taskinstance.py:1159} INFO - Dependencies all met for dep_context=non-requeueable deps ti=<TaskInstance: copy_tranform_to_mongo.waiting_for_data scheduled__2021-06-29T00:00:00+00:00 [queued]>
[2023-10-17T11:19:55.571+0000] {taskinstance.py:1159} INFO - Dependencies all met for dep_context=requeueable deps ti=<TaskInstance: copy_tranform_to_mongo.waiting_for_data scheduled__2021-06-29T00:00:00+00:00 [queued]>
[2023-10-17T11:19:55.572+0000] {taskinstance.py:1361} INFO - Starting attempt 1 of 1
[2023-10-17T11:19:55.585+0000] {taskinstance.py:1382} INFO - Executing <Task(FileSensor): waiting_for_data> on 2021-06-29 00:00:00+00:00
[2023-10-17T11:19:55.591+0000] {standard_task_runner.py:57} INFO - Started process 801 to run task
[2023-10-17T11:19:55.593+0000] {standard_task_runner.py:84} INFO - Running: ['***', 'tasks', 'run', 'copy_tranform_to_mongo', 'waiting_for_data', 'scheduled__2021-06-29T00:00:00+00:00', '--job-id', '184', '--raw', '--subdir', 'DAGS_FOLDER/file_***-mongo.py', '--cfg-path', '/tmp/tmpmifqc07_']
[2023-10-17T11:19:55.594+0000] {standard_task_runner.py:85} INFO - Job 184: Subtask waiting_for_data
[2023-10-17T11:19:55.637+0000] {task_command.py:416} INFO - Running <TaskInstance: copy_tranform_to_mongo.waiting_for_data scheduled__2021-06-29T00:00:00+00:00 [running]> on host 238c1d4ff767
[2023-10-17T11:19:55.710+0000] {taskinstance.py:1662} INFO - Exporting env vars: AIRFLOW_CTX_DAG_OWNER='***' AIRFLOW_CTX_DAG_ID='copy_tranform_to_mongo' AIRFLOW_CTX_TASK_ID='waiting_for_data' AIRFLOW_CTX_EXECUTION_DATE='2021-06-29T00:00:00+00:00' AIRFLOW_CTX_TRY_NUMBER='1' AIRFLOW_CTX_DAG_RUN_ID='scheduled__2021-06-29T00:00:00+00:00'
[2023-10-17T11:19:55.719+0000] {base.py:73} INFO - Using connection ID 'fs_default' for task execution.
[2023-10-17T11:19:55.720+0000] {filesystem.py:64} INFO - Poking for file /opt/in/tiktok_google_play_reviews.csv
[2023-10-17T11:19:55.720+0000] {filesystem.py:69} INFO - Found File /opt/in/tiktok_google_play_reviews.csv last modified: 20220405221612
[2023-10-17T11:19:55.720+0000] {base.py:287} INFO - Success criteria met. Exiting.
[2023-10-17T11:19:55.732+0000] {taskinstance.py:1400} INFO - Marking task as SUCCESS. dag_id=copy_tranform_to_mongo, task_id=waiting_for_data, execution_date=20210629T000000, start_date=20231017T111955, end_date=20231017T111955
[2023-10-17T11:19:55.766+0000] {local_task_job_runner.py:228} INFO - Task exited with return code 0
[2023-10-17T11:19:55.857+0000] {taskinstance.py:2778} INFO - 0 downstream tasks scheduled from follow-on schedule check
[2023-10-18T10:43:40.473+0000] {taskinstance.py:1159} INFO - Dependencies all met for dep_context=non-requeueable deps ti=<TaskInstance: copy_tranform_to_mongo.waiting_for_data scheduled__2021-06-29T00:00:00+00:00 [queued]>
[2023-10-18T10:43:40.484+0000] {taskinstance.py:1159} INFO - Dependencies all met for dep_context=requeueable deps ti=<TaskInstance: copy_tranform_to_mongo.waiting_for_data scheduled__2021-06-29T00:00:00+00:00 [queued]>
[2023-10-18T10:43:40.484+0000] {taskinstance.py:1361} INFO - Starting attempt 1 of 1
[2023-10-18T10:43:40.501+0000] {taskinstance.py:1382} INFO - Executing <Task(FileSensor): waiting_for_data> on 2021-06-29 00:00:00+00:00
[2023-10-18T10:43:40.506+0000] {standard_task_runner.py:57} INFO - Started process 1764 to run task
[2023-10-18T10:43:40.509+0000] {standard_task_runner.py:84} INFO - Running: ['***', 'tasks', 'run', 'copy_tranform_to_mongo', 'waiting_for_data', 'scheduled__2021-06-29T00:00:00+00:00', '--job-id', '183', '--raw', '--subdir', 'DAGS_FOLDER/file_***-mongo.py', '--cfg-path', '/tmp/tmp7vcko815']
[2023-10-18T10:43:40.511+0000] {standard_task_runner.py:85} INFO - Job 183: Subtask waiting_for_data
[2023-10-18T10:43:40.566+0000] {task_command.py:416} INFO - Running <TaskInstance: copy_tranform_to_mongo.waiting_for_data scheduled__2021-06-29T00:00:00+00:00 [running]> on host 2473b23ba069
[2023-10-18T10:43:40.651+0000] {taskinstance.py:1662} INFO - Exporting env vars: AIRFLOW_CTX_DAG_OWNER='***' AIRFLOW_CTX_DAG_ID='copy_tranform_to_mongo' AIRFLOW_CTX_TASK_ID='waiting_for_data' AIRFLOW_CTX_EXECUTION_DATE='2021-06-29T00:00:00+00:00' AIRFLOW_CTX_TRY_NUMBER='1' AIRFLOW_CTX_DAG_RUN_ID='scheduled__2021-06-29T00:00:00+00:00'
[2023-10-18T10:43:40.668+0000] {taskinstance.py:1937} ERROR - Task failed with exception
Traceback (most recent call last):
  File "/home/airflow/.local/lib/python3.8/site-packages/airflow/sensors/base.py", line 257, in execute
    raise e
  File "/home/airflow/.local/lib/python3.8/site-packages/airflow/sensors/base.py", line 239, in execute
    poke_return = self.poke(context)
  File "/home/airflow/.local/lib/python3.8/site-packages/airflow/sensors/filesystem.py", line 61, in poke
    hook = FSHook(self.fs_conn_id)
  File "/home/airflow/.local/lib/python3.8/site-packages/airflow/hooks/filesystem.py", line 38, in __init__
    conn = self.get_connection(conn_id)
  File "/home/airflow/.local/lib/python3.8/site-packages/airflow/hooks/base.py", line 72, in get_connection
    conn = Connection.get_connection_from_secrets(conn_id)
  File "/home/airflow/.local/lib/python3.8/site-packages/airflow/models/connection.py", line 477, in get_connection_from_secrets
    raise AirflowNotFoundException(f"The conn_id `{conn_id}` isn't defined")
airflow.exceptions.AirflowNotFoundException: The conn_id `fs_default` isn't defined
[2023-10-18T10:43:40.672+0000] {taskinstance.py:1400} INFO - Marking task as FAILED. dag_id=copy_tranform_to_mongo, task_id=waiting_for_data, execution_date=20210629T000000, start_date=20231018T104340, end_date=20231018T104340
[2023-10-18T10:43:40.684+0000] {standard_task_runner.py:104} ERROR - Failed to execute job 183 for task waiting_for_data (The conn_id `fs_default` isn't defined; 1764)
[2023-10-18T10:43:40.723+0000] {local_task_job_runner.py:228} INFO - Task exited with return code 1
[2023-10-18T10:43:40.748+0000] {taskinstance.py:2778} INFO - 0 downstream tasks scheduled from follow-on schedule check
[2023-10-18T11:44:04.255+0000] {taskinstance.py:1159} INFO - Dependencies all met for dep_context=non-requeueable deps ti=<TaskInstance: copy_tranform_to_mongo.waiting_for_data scheduled__2021-06-29T00:00:00+00:00 [queued]>
[2023-10-18T11:44:04.274+0000] {taskinstance.py:1159} INFO - Dependencies all met for dep_context=requeueable deps ti=<TaskInstance: copy_tranform_to_mongo.waiting_for_data scheduled__2021-06-29T00:00:00+00:00 [queued]>
[2023-10-18T11:44:04.274+0000] {taskinstance.py:1361} INFO - Starting attempt 1 of 1
[2023-10-18T11:44:04.332+0000] {taskinstance.py:1382} INFO - Executing <Task(FileSensor): waiting_for_data> on 2021-06-29 00:00:00+00:00
[2023-10-18T11:44:04.350+0000] {standard_task_runner.py:57} INFO - Started process 1185 to run task
[2023-10-18T11:44:04.355+0000] {standard_task_runner.py:84} INFO - Running: ['***', 'tasks', 'run', 'copy_tranform_to_mongo', 'waiting_for_data', 'scheduled__2021-06-29T00:00:00+00:00', '--job-id', '322', '--raw', '--subdir', 'DAGS_FOLDER/file_***-mongo.py', '--cfg-path', '/tmp/tmppwugthen']
[2023-10-18T11:44:04.356+0000] {standard_task_runner.py:85} INFO - Job 322: Subtask waiting_for_data
[2023-10-18T11:44:04.436+0000] {task_command.py:416} INFO - Running <TaskInstance: copy_tranform_to_mongo.waiting_for_data scheduled__2021-06-29T00:00:00+00:00 [running]> on host 0e68aa52dfc7
[2023-10-18T11:44:04.566+0000] {taskinstance.py:1662} INFO - Exporting env vars: AIRFLOW_CTX_DAG_OWNER='***' AIRFLOW_CTX_DAG_ID='copy_tranform_to_mongo' AIRFLOW_CTX_TASK_ID='waiting_for_data' AIRFLOW_CTX_EXECUTION_DATE='2021-06-29T00:00:00+00:00' AIRFLOW_CTX_TRY_NUMBER='1' AIRFLOW_CTX_DAG_RUN_ID='scheduled__2021-06-29T00:00:00+00:00'
[2023-10-18T11:44:04.580+0000] {base.py:73} INFO - Using connection ID 'fs_default' for task execution.
[2023-10-18T11:44:04.581+0000] {filesystem.py:64} INFO - Poking for file /opt/in/tiktok_google_play_reviews.csv
[2023-10-18T11:44:04.581+0000] {filesystem.py:69} INFO - Found File /opt/in/tiktok_google_play_reviews.csv last modified: 20220405221612
[2023-10-18T11:44:04.581+0000] {base.py:287} INFO - Success criteria met. Exiting.
[2023-10-18T11:44:04.595+0000] {taskinstance.py:1400} INFO - Marking task as SUCCESS. dag_id=copy_tranform_to_mongo, task_id=waiting_for_data, execution_date=20210629T000000, start_date=20231018T114404, end_date=20231018T114404
[2023-10-18T11:44:04.657+0000] {local_task_job_runner.py:228} INFO - Task exited with return code 0
[2023-10-18T11:44:04.688+0000] {taskinstance.py:2778} INFO - 1 downstream tasks scheduled from follow-on schedule check
