[2023-10-17T11:21:29.121+0000] {taskinstance.py:1159} INFO - Dependencies all met for dep_context=non-requeueable deps ti=<TaskInstance: copy_tranform_to_mongo.waiting_for_data scheduled__2021-12-15T00:00:00+00:00 [queued]>
[2023-10-17T11:21:29.126+0000] {taskinstance.py:1159} INFO - Dependencies all met for dep_context=requeueable deps ti=<TaskInstance: copy_tranform_to_mongo.waiting_for_data scheduled__2021-12-15T00:00:00+00:00 [queued]>
[2023-10-17T11:21:29.127+0000] {taskinstance.py:1361} INFO - Starting attempt 1 of 1
[2023-10-17T11:21:29.141+0000] {taskinstance.py:1382} INFO - Executing <Task(FileSensor): waiting_for_data> on 2021-12-15 00:00:00+00:00
[2023-10-17T11:21:29.146+0000] {standard_task_runner.py:57} INFO - Started process 1161 to run task
[2023-10-17T11:21:29.148+0000] {standard_task_runner.py:84} INFO - Running: ['***', 'tasks', 'run', 'copy_tranform_to_mongo', 'waiting_for_data', 'scheduled__2021-12-15T00:00:00+00:00', '--job-id', '353', '--raw', '--subdir', 'DAGS_FOLDER/file_***-mongo.py', '--cfg-path', '/tmp/tmpj2383thp']
[2023-10-17T11:21:29.149+0000] {standard_task_runner.py:85} INFO - Job 353: Subtask waiting_for_data
[2023-10-17T11:21:29.185+0000] {task_command.py:416} INFO - Running <TaskInstance: copy_tranform_to_mongo.waiting_for_data scheduled__2021-12-15T00:00:00+00:00 [running]> on host 238c1d4ff767
[2023-10-17T11:21:29.239+0000] {taskinstance.py:1662} INFO - Exporting env vars: AIRFLOW_CTX_DAG_OWNER='***' AIRFLOW_CTX_DAG_ID='copy_tranform_to_mongo' AIRFLOW_CTX_TASK_ID='waiting_for_data' AIRFLOW_CTX_EXECUTION_DATE='2021-12-15T00:00:00+00:00' AIRFLOW_CTX_TRY_NUMBER='1' AIRFLOW_CTX_DAG_RUN_ID='scheduled__2021-12-15T00:00:00+00:00'
[2023-10-17T11:21:29.246+0000] {base.py:73} INFO - Using connection ID 'fs_default' for task execution.
[2023-10-17T11:21:29.246+0000] {filesystem.py:64} INFO - Poking for file /opt/in/tiktok_google_play_reviews.csv
[2023-10-17T11:21:29.246+0000] {filesystem.py:69} INFO - Found File /opt/in/tiktok_google_play_reviews.csv last modified: 20220405221612
[2023-10-17T11:21:29.246+0000] {base.py:287} INFO - Success criteria met. Exiting.
[2023-10-17T11:21:29.252+0000] {taskinstance.py:1400} INFO - Marking task as SUCCESS. dag_id=copy_tranform_to_mongo, task_id=waiting_for_data, execution_date=20211215T000000, start_date=20231017T112129, end_date=20231017T112129
[2023-10-17T11:21:29.280+0000] {local_task_job_runner.py:228} INFO - Task exited with return code 0
[2023-10-17T11:21:29.298+0000] {taskinstance.py:2778} INFO - 0 downstream tasks scheduled from follow-on schedule check
[2023-10-18T11:45:41.411+0000] {taskinstance.py:1159} INFO - Dependencies all met for dep_context=non-requeueable deps ti=<TaskInstance: copy_tranform_to_mongo.waiting_for_data scheduled__2021-12-15T00:00:00+00:00 [queued]>
[2023-10-18T11:45:41.431+0000] {taskinstance.py:1159} INFO - Dependencies all met for dep_context=requeueable deps ti=<TaskInstance: copy_tranform_to_mongo.waiting_for_data scheduled__2021-12-15T00:00:00+00:00 [queued]>
[2023-10-18T11:45:41.431+0000] {taskinstance.py:1361} INFO - Starting attempt 1 of 1
[2023-10-18T11:45:41.447+0000] {taskinstance.py:1382} INFO - Executing <Task(FileSensor): waiting_for_data> on 2021-12-15 00:00:00+00:00
[2023-10-18T11:45:41.460+0000] {standard_task_runner.py:57} INFO - Started process 1885 to run task
[2023-10-18T11:45:41.468+0000] {standard_task_runner.py:84} INFO - Running: ['***', 'tasks', 'run', 'copy_tranform_to_mongo', 'waiting_for_data', 'scheduled__2021-12-15T00:00:00+00:00', '--job-id', '659', '--raw', '--subdir', 'DAGS_FOLDER/file_***-mongo.py', '--cfg-path', '/tmp/tmpdu8qmvsr']
[2023-10-18T11:45:41.470+0000] {standard_task_runner.py:85} INFO - Job 659: Subtask waiting_for_data
[2023-10-18T11:45:41.525+0000] {task_command.py:416} INFO - Running <TaskInstance: copy_tranform_to_mongo.waiting_for_data scheduled__2021-12-15T00:00:00+00:00 [running]> on host 0e68aa52dfc7
[2023-10-18T11:45:41.618+0000] {taskinstance.py:1662} INFO - Exporting env vars: AIRFLOW_CTX_DAG_OWNER='***' AIRFLOW_CTX_DAG_ID='copy_tranform_to_mongo' AIRFLOW_CTX_TASK_ID='waiting_for_data' AIRFLOW_CTX_EXECUTION_DATE='2021-12-15T00:00:00+00:00' AIRFLOW_CTX_TRY_NUMBER='1' AIRFLOW_CTX_DAG_RUN_ID='scheduled__2021-12-15T00:00:00+00:00'
[2023-10-18T11:45:41.628+0000] {base.py:73} INFO - Using connection ID 'fs_default' for task execution.
[2023-10-18T11:45:41.629+0000] {filesystem.py:64} INFO - Poking for file /opt/in/tiktok_google_play_reviews.csv
[2023-10-18T11:45:41.629+0000] {filesystem.py:69} INFO - Found File /opt/in/tiktok_google_play_reviews.csv last modified: 20220405221612
[2023-10-18T11:45:41.629+0000] {base.py:287} INFO - Success criteria met. Exiting.
[2023-10-18T11:45:41.640+0000] {taskinstance.py:1400} INFO - Marking task as SUCCESS. dag_id=copy_tranform_to_mongo, task_id=waiting_for_data, execution_date=20211215T000000, start_date=20231018T114541, end_date=20231018T114541
[2023-10-18T11:45:41.689+0000] {local_task_job_runner.py:228} INFO - Task exited with return code 0
[2023-10-18T11:45:41.718+0000] {taskinstance.py:2778} INFO - 1 downstream tasks scheduled from follow-on schedule check
