[2023-10-17T11:24:25.325+0000] {taskinstance.py:1159} INFO - Dependencies all met for dep_context=non-requeueable deps ti=<TaskInstance: copy_tranform_to_mongo.waiting_for_data scheduled__2022-11-15T00:00:00+00:00 [queued]>
[2023-10-17T11:24:25.331+0000] {taskinstance.py:1159} INFO - Dependencies all met for dep_context=requeueable deps ti=<TaskInstance: copy_tranform_to_mongo.waiting_for_data scheduled__2022-11-15T00:00:00+00:00 [queued]>
[2023-10-17T11:24:25.331+0000] {taskinstance.py:1361} INFO - Starting attempt 1 of 1
[2023-10-17T11:24:25.339+0000] {taskinstance.py:1382} INFO - Executing <Task(FileSensor): waiting_for_data> on 2022-11-15 00:00:00+00:00
[2023-10-17T11:24:25.344+0000] {standard_task_runner.py:57} INFO - Started process 1870 to run task
[2023-10-17T11:24:25.345+0000] {standard_task_runner.py:84} INFO - Running: ['***', 'tasks', 'run', 'copy_tranform_to_mongo', 'waiting_for_data', 'scheduled__2022-11-15T00:00:00+00:00', '--job-id', '688', '--raw', '--subdir', 'DAGS_FOLDER/file_***-mongo.py', '--cfg-path', '/tmp/tmpg5w9dhrb']
[2023-10-17T11:24:25.346+0000] {standard_task_runner.py:85} INFO - Job 688: Subtask waiting_for_data
[2023-10-17T11:24:25.378+0000] {task_command.py:416} INFO - Running <TaskInstance: copy_tranform_to_mongo.waiting_for_data scheduled__2022-11-15T00:00:00+00:00 [running]> on host 238c1d4ff767
[2023-10-17T11:24:25.429+0000] {taskinstance.py:1662} INFO - Exporting env vars: AIRFLOW_CTX_DAG_OWNER='***' AIRFLOW_CTX_DAG_ID='copy_tranform_to_mongo' AIRFLOW_CTX_TASK_ID='waiting_for_data' AIRFLOW_CTX_EXECUTION_DATE='2022-11-15T00:00:00+00:00' AIRFLOW_CTX_TRY_NUMBER='1' AIRFLOW_CTX_DAG_RUN_ID='scheduled__2022-11-15T00:00:00+00:00'
[2023-10-17T11:24:25.435+0000] {base.py:73} INFO - Using connection ID 'fs_default' for task execution.
[2023-10-17T11:24:25.435+0000] {filesystem.py:64} INFO - Poking for file /opt/in/tiktok_google_play_reviews.csv
[2023-10-17T11:24:25.435+0000] {filesystem.py:69} INFO - Found File /opt/in/tiktok_google_play_reviews.csv last modified: 20220405221612
[2023-10-17T11:24:25.435+0000] {base.py:287} INFO - Success criteria met. Exiting.
[2023-10-17T11:24:25.441+0000] {taskinstance.py:1400} INFO - Marking task as SUCCESS. dag_id=copy_tranform_to_mongo, task_id=waiting_for_data, execution_date=20221115T000000, start_date=20231017T112425, end_date=20231017T112425
[2023-10-17T11:24:25.478+0000] {local_task_job_runner.py:228} INFO - Task exited with return code 0
[2023-10-17T11:24:25.502+0000] {taskinstance.py:2778} INFO - 0 downstream tasks scheduled from follow-on schedule check
[2023-10-18T11:49:11.450+0000] {taskinstance.py:1159} INFO - Dependencies all met for dep_context=non-requeueable deps ti=<TaskInstance: copy_tranform_to_mongo.waiting_for_data scheduled__2022-11-15T00:00:00+00:00 [queued]>
[2023-10-18T11:49:11.465+0000] {taskinstance.py:1159} INFO - Dependencies all met for dep_context=requeueable deps ti=<TaskInstance: copy_tranform_to_mongo.waiting_for_data scheduled__2022-11-15T00:00:00+00:00 [queued]>
[2023-10-18T11:49:11.466+0000] {taskinstance.py:1361} INFO - Starting attempt 1 of 1
[2023-10-18T11:49:11.497+0000] {taskinstance.py:1382} INFO - Executing <Task(FileSensor): waiting_for_data> on 2022-11-15 00:00:00+00:00
[2023-10-18T11:49:11.507+0000] {standard_task_runner.py:57} INFO - Started process 3284 to run task
[2023-10-18T11:49:11.511+0000] {standard_task_runner.py:84} INFO - Running: ['***', 'tasks', 'run', 'copy_tranform_to_mongo', 'waiting_for_data', 'scheduled__2022-11-15T00:00:00+00:00', '--job-id', '1331', '--raw', '--subdir', 'DAGS_FOLDER/file_***-mongo.py', '--cfg-path', '/tmp/tmpt8ob298g']
[2023-10-18T11:49:11.512+0000] {standard_task_runner.py:85} INFO - Job 1331: Subtask waiting_for_data
[2023-10-18T11:49:11.583+0000] {task_command.py:416} INFO - Running <TaskInstance: copy_tranform_to_mongo.waiting_for_data scheduled__2022-11-15T00:00:00+00:00 [running]> on host 0e68aa52dfc7
[2023-10-18T11:49:11.662+0000] {taskinstance.py:1662} INFO - Exporting env vars: AIRFLOW_CTX_DAG_OWNER='***' AIRFLOW_CTX_DAG_ID='copy_tranform_to_mongo' AIRFLOW_CTX_TASK_ID='waiting_for_data' AIRFLOW_CTX_EXECUTION_DATE='2022-11-15T00:00:00+00:00' AIRFLOW_CTX_TRY_NUMBER='1' AIRFLOW_CTX_DAG_RUN_ID='scheduled__2022-11-15T00:00:00+00:00'
[2023-10-18T11:49:11.673+0000] {base.py:73} INFO - Using connection ID 'fs_default' for task execution.
[2023-10-18T11:49:11.673+0000] {filesystem.py:64} INFO - Poking for file /opt/in/tiktok_google_play_reviews.csv
[2023-10-18T11:49:11.673+0000] {filesystem.py:69} INFO - Found File /opt/in/tiktok_google_play_reviews.csv last modified: 20220405221612
[2023-10-18T11:49:11.674+0000] {base.py:287} INFO - Success criteria met. Exiting.
[2023-10-18T11:49:11.685+0000] {taskinstance.py:1400} INFO - Marking task as SUCCESS. dag_id=copy_tranform_to_mongo, task_id=waiting_for_data, execution_date=20221115T000000, start_date=20231018T114911, end_date=20231018T114911
[2023-10-18T11:49:11.723+0000] {local_task_job_runner.py:228} INFO - Task exited with return code 0
[2023-10-18T11:49:11.757+0000] {taskinstance.py:2778} INFO - 1 downstream tasks scheduled from follow-on schedule check
