[2023-10-17T11:19:20.301+0000] {taskinstance.py:1159} INFO - Dependencies all met for dep_context=non-requeueable deps ti=<TaskInstance: copy_tranform_to_mongo.waiting_for_data scheduled__2021-04-05T00:00:00+00:00 [queued]>
[2023-10-17T11:19:20.311+0000] {taskinstance.py:1159} INFO - Dependencies all met for dep_context=requeueable deps ti=<TaskInstance: copy_tranform_to_mongo.waiting_for_data scheduled__2021-04-05T00:00:00+00:00 [queued]>
[2023-10-17T11:19:20.311+0000] {taskinstance.py:1361} INFO - Starting attempt 1 of 1
[2023-10-17T11:19:20.325+0000] {taskinstance.py:1382} INFO - Executing <Task(FileSensor): waiting_for_data> on 2021-04-05 00:00:00+00:00
[2023-10-17T11:19:20.332+0000] {standard_task_runner.py:57} INFO - Started process 623 to run task
[2023-10-17T11:19:20.335+0000] {standard_task_runner.py:84} INFO - Running: ['***', 'tasks', 'run', 'copy_tranform_to_mongo', 'waiting_for_data', 'scheduled__2021-04-05T00:00:00+00:00', '--job-id', '99', '--raw', '--subdir', 'DAGS_FOLDER/file_***-mongo.py', '--cfg-path', '/tmp/tmpr9__zxun']
[2023-10-17T11:19:20.337+0000] {standard_task_runner.py:85} INFO - Job 99: Subtask waiting_for_data
[2023-10-17T11:19:20.377+0000] {task_command.py:416} INFO - Running <TaskInstance: copy_tranform_to_mongo.waiting_for_data scheduled__2021-04-05T00:00:00+00:00 [running]> on host 238c1d4ff767
[2023-10-17T11:19:20.462+0000] {taskinstance.py:1662} INFO - Exporting env vars: AIRFLOW_CTX_DAG_OWNER='***' AIRFLOW_CTX_DAG_ID='copy_tranform_to_mongo' AIRFLOW_CTX_TASK_ID='waiting_for_data' AIRFLOW_CTX_EXECUTION_DATE='2021-04-05T00:00:00+00:00' AIRFLOW_CTX_TRY_NUMBER='1' AIRFLOW_CTX_DAG_RUN_ID='scheduled__2021-04-05T00:00:00+00:00'
[2023-10-17T11:19:20.471+0000] {base.py:73} INFO - Using connection ID 'fs_default' for task execution.
[2023-10-17T11:19:20.472+0000] {filesystem.py:64} INFO - Poking for file /opt/in/tiktok_google_play_reviews.csv
[2023-10-17T11:19:20.472+0000] {filesystem.py:69} INFO - Found File /opt/in/tiktok_google_play_reviews.csv last modified: 20220405221612
[2023-10-17T11:19:20.472+0000] {base.py:287} INFO - Success criteria met. Exiting.
[2023-10-17T11:19:20.479+0000] {taskinstance.py:1400} INFO - Marking task as SUCCESS. dag_id=copy_tranform_to_mongo, task_id=waiting_for_data, execution_date=20210405T000000, start_date=20231017T111920, end_date=20231017T111920
[2023-10-17T11:19:20.507+0000] {local_task_job_runner.py:228} INFO - Task exited with return code 0
[2023-10-17T11:19:20.521+0000] {taskinstance.py:2778} INFO - 0 downstream tasks scheduled from follow-on schedule check
[2023-10-18T10:42:51.298+0000] {taskinstance.py:1159} INFO - Dependencies all met for dep_context=non-requeueable deps ti=<TaskInstance: copy_tranform_to_mongo.waiting_for_data scheduled__2021-04-05T00:00:00+00:00 [queued]>
[2023-10-18T10:42:51.308+0000] {taskinstance.py:1159} INFO - Dependencies all met for dep_context=requeueable deps ti=<TaskInstance: copy_tranform_to_mongo.waiting_for_data scheduled__2021-04-05T00:00:00+00:00 [queued]>
[2023-10-18T10:42:51.308+0000] {taskinstance.py:1361} INFO - Starting attempt 1 of 1
[2023-10-18T10:42:51.325+0000] {taskinstance.py:1382} INFO - Executing <Task(FileSensor): waiting_for_data> on 2021-04-05 00:00:00+00:00
[2023-10-18T10:42:51.333+0000] {standard_task_runner.py:57} INFO - Started process 1587 to run task
[2023-10-18T10:42:51.336+0000] {standard_task_runner.py:84} INFO - Running: ['***', 'tasks', 'run', 'copy_tranform_to_mongo', 'waiting_for_data', 'scheduled__2021-04-05T00:00:00+00:00', '--job-id', '98', '--raw', '--subdir', 'DAGS_FOLDER/file_***-mongo.py', '--cfg-path', '/tmp/tmp1a8j4uvk']
[2023-10-18T10:42:51.337+0000] {standard_task_runner.py:85} INFO - Job 98: Subtask waiting_for_data
[2023-10-18T10:42:51.389+0000] {task_command.py:416} INFO - Running <TaskInstance: copy_tranform_to_mongo.waiting_for_data scheduled__2021-04-05T00:00:00+00:00 [running]> on host 2473b23ba069
[2023-10-18T10:42:51.466+0000] {taskinstance.py:1662} INFO - Exporting env vars: AIRFLOW_CTX_DAG_OWNER='***' AIRFLOW_CTX_DAG_ID='copy_tranform_to_mongo' AIRFLOW_CTX_TASK_ID='waiting_for_data' AIRFLOW_CTX_EXECUTION_DATE='2021-04-05T00:00:00+00:00' AIRFLOW_CTX_TRY_NUMBER='1' AIRFLOW_CTX_DAG_RUN_ID='scheduled__2021-04-05T00:00:00+00:00'
[2023-10-18T10:42:51.485+0000] {taskinstance.py:1937} ERROR - Task failed with exception
Traceback (most recent call last):
  File "/home/airflow/.local/lib/python3.8/site-packages/airflow/sensors/base.py", line 257, in execute
    raise e
  File "/home/airflow/.local/lib/python3.8/site-packages/airflow/sensors/base.py", line 239, in execute
    poke_return = self.poke(context)
  File "/home/airflow/.local/lib/python3.8/site-packages/airflow/sensors/filesystem.py", line 61, in poke
    hook = FSHook(self.fs_conn_id)
  File "/home/airflow/.local/lib/python3.8/site-packages/airflow/hooks/filesystem.py", line 38, in __init__
    conn = self.get_connection(conn_id)
  File "/home/airflow/.local/lib/python3.8/site-packages/airflow/hooks/base.py", line 72, in get_connection
    conn = Connection.get_connection_from_secrets(conn_id)
  File "/home/airflow/.local/lib/python3.8/site-packages/airflow/models/connection.py", line 477, in get_connection_from_secrets
    raise AirflowNotFoundException(f"The conn_id `{conn_id}` isn't defined")
airflow.exceptions.AirflowNotFoundException: The conn_id `fs_default` isn't defined
[2023-10-18T10:42:51.490+0000] {taskinstance.py:1400} INFO - Marking task as FAILED. dag_id=copy_tranform_to_mongo, task_id=waiting_for_data, execution_date=20210405T000000, start_date=20231018T104251, end_date=20231018T104251
[2023-10-18T10:42:51.506+0000] {standard_task_runner.py:104} ERROR - Failed to execute job 98 for task waiting_for_data (The conn_id `fs_default` isn't defined; 1587)
[2023-10-18T10:42:51.550+0000] {local_task_job_runner.py:228} INFO - Task exited with return code 1
[2023-10-18T10:42:51.634+0000] {taskinstance.py:2778} INFO - 0 downstream tasks scheduled from follow-on schedule check
[2023-10-18T11:17:25.486+0000] {taskinstance.py:1159} INFO - Dependencies all met for dep_context=non-requeueable deps ti=<TaskInstance: copy_tranform_to_mongo.waiting_for_data scheduled__2021-04-05T00:00:00+00:00 [queued]>
[2023-10-18T11:17:25.496+0000] {taskinstance.py:1159} INFO - Dependencies all met for dep_context=requeueable deps ti=<TaskInstance: copy_tranform_to_mongo.waiting_for_data scheduled__2021-04-05T00:00:00+00:00 [queued]>
[2023-10-18T11:17:25.497+0000] {taskinstance.py:1361} INFO - Starting attempt 1 of 1
[2023-10-18T11:17:25.510+0000] {taskinstance.py:1382} INFO - Executing <Task(FileSensor): waiting_for_data> on 2021-04-05 00:00:00+00:00
[2023-10-18T11:17:25.517+0000] {standard_task_runner.py:57} INFO - Started process 433 to run task
[2023-10-18T11:17:25.519+0000] {standard_task_runner.py:84} INFO - Running: ['***', 'tasks', 'run', 'copy_tranform_to_mongo', 'waiting_for_data', 'scheduled__2021-04-05T00:00:00+00:00', '--job-id', '151', '--raw', '--subdir', 'DAGS_FOLDER/file_***-mongo.py', '--cfg-path', '/tmp/tmp6iz5v77o']
[2023-10-18T11:17:25.520+0000] {standard_task_runner.py:85} INFO - Job 151: Subtask waiting_for_data
[2023-10-18T11:17:25.567+0000] {task_command.py:416} INFO - Running <TaskInstance: copy_tranform_to_mongo.waiting_for_data scheduled__2021-04-05T00:00:00+00:00 [running]> on host 0e68aa52dfc7
[2023-10-18T11:17:25.637+0000] {taskinstance.py:1662} INFO - Exporting env vars: AIRFLOW_CTX_DAG_OWNER='***' AIRFLOW_CTX_DAG_ID='copy_tranform_to_mongo' AIRFLOW_CTX_TASK_ID='waiting_for_data' AIRFLOW_CTX_EXECUTION_DATE='2021-04-05T00:00:00+00:00' AIRFLOW_CTX_TRY_NUMBER='1' AIRFLOW_CTX_DAG_RUN_ID='scheduled__2021-04-05T00:00:00+00:00'
[2023-10-18T11:17:25.653+0000] {base.py:73} INFO - Using connection ID 'fs_default' for task execution.
[2023-10-18T11:17:25.657+0000] {filesystem.py:64} INFO - Poking for file /opt/in/tiktok_google_play_reviews.csv
[2023-10-18T11:17:25.659+0000] {filesystem.py:69} INFO - Found File /opt/in/tiktok_google_play_reviews.csv last modified: 20220405221612
[2023-10-18T11:17:25.660+0000] {base.py:287} INFO - Success criteria met. Exiting.
[2023-10-18T11:17:25.670+0000] {taskinstance.py:1400} INFO - Marking task as SUCCESS. dag_id=copy_tranform_to_mongo, task_id=waiting_for_data, execution_date=20210405T000000, start_date=20231018T111725, end_date=20231018T111725
[2023-10-18T11:17:25.731+0000] {local_task_job_runner.py:228} INFO - Task exited with return code 0
[2023-10-18T11:17:25.762+0000] {taskinstance.py:2778} INFO - 1 downstream tasks scheduled from follow-on schedule check
[2023-10-19T12:12:01.549+0000] {taskinstance.py:1159} INFO - Dependencies all met for dep_context=non-requeueable deps ti=<TaskInstance: copy_tranform_to_mongo.waiting_for_data scheduled__2021-04-05T00:00:00+00:00 [queued]>
[2023-10-19T12:12:01.561+0000] {taskinstance.py:1159} INFO - Dependencies all met for dep_context=requeueable deps ti=<TaskInstance: copy_tranform_to_mongo.waiting_for_data scheduled__2021-04-05T00:00:00+00:00 [queued]>
[2023-10-19T12:12:01.561+0000] {taskinstance.py:1361} INFO - Starting attempt 1 of 1
[2023-10-19T12:12:01.573+0000] {taskinstance.py:1382} INFO - Executing <Task(FileSensor): waiting_for_data> on 2021-04-05 00:00:00+00:00
[2023-10-19T12:12:01.577+0000] {standard_task_runner.py:57} INFO - Started process 481 to run task
[2023-10-19T12:12:01.580+0000] {standard_task_runner.py:84} INFO - Running: ['***', 'tasks', 'run', 'copy_tranform_to_mongo', 'waiting_for_data', 'scheduled__2021-04-05T00:00:00+00:00', '--job-id', '149', '--raw', '--subdir', 'DAGS_FOLDER/file_***-mongo.py', '--cfg-path', '/tmp/tmpalrqhx2s']
[2023-10-19T12:12:01.581+0000] {standard_task_runner.py:85} INFO - Job 149: Subtask waiting_for_data
[2023-10-19T12:12:01.622+0000] {task_command.py:416} INFO - Running <TaskInstance: copy_tranform_to_mongo.waiting_for_data scheduled__2021-04-05T00:00:00+00:00 [running]> on host 6f5df7fea6fd
[2023-10-19T12:12:01.681+0000] {taskinstance.py:1662} INFO - Exporting env vars: AIRFLOW_CTX_DAG_OWNER='***' AIRFLOW_CTX_DAG_ID='copy_tranform_to_mongo' AIRFLOW_CTX_TASK_ID='waiting_for_data' AIRFLOW_CTX_EXECUTION_DATE='2021-04-05T00:00:00+00:00' AIRFLOW_CTX_TRY_NUMBER='1' AIRFLOW_CTX_DAG_RUN_ID='scheduled__2021-04-05T00:00:00+00:00'
[2023-10-19T12:12:01.690+0000] {base.py:73} INFO - Using connection ID 'fs_default' for task execution.
[2023-10-19T12:12:01.690+0000] {filesystem.py:64} INFO - Poking for file /opt/in/tiktok_google_play_reviews.csv
[2023-10-19T12:12:01.691+0000] {filesystem.py:69} INFO - Found File /opt/in/tiktok_google_play_reviews.csv last modified: 20220405221612
[2023-10-19T12:12:01.691+0000] {base.py:287} INFO - Success criteria met. Exiting.
[2023-10-19T12:12:01.697+0000] {taskinstance.py:1400} INFO - Marking task as SUCCESS. dag_id=copy_tranform_to_mongo, task_id=waiting_for_data, execution_date=20210405T000000, start_date=20231019T121201, end_date=20231019T121201
[2023-10-19T12:12:01.712+0000] {local_task_job_runner.py:228} INFO - Task exited with return code 0
[2023-10-19T12:12:01.739+0000] {taskinstance.py:2778} INFO - 1 downstream tasks scheduled from follow-on schedule check
