[2023-10-17T11:21:04.126+0000] {taskinstance.py:1159} INFO - Dependencies all met for dep_context=non-requeueable deps ti=<TaskInstance: copy_tranform_to_mongo.waiting_for_data scheduled__2021-11-20T00:00:00+00:00 [queued]>
[2023-10-17T11:21:04.132+0000] {taskinstance.py:1159} INFO - Dependencies all met for dep_context=requeueable deps ti=<TaskInstance: copy_tranform_to_mongo.waiting_for_data scheduled__2021-11-20T00:00:00+00:00 [queued]>
[2023-10-17T11:21:04.132+0000] {taskinstance.py:1361} INFO - Starting attempt 1 of 1
[2023-10-17T11:21:04.140+0000] {taskinstance.py:1382} INFO - Executing <Task(FileSensor): waiting_for_data> on 2021-11-20 00:00:00+00:00
[2023-10-17T11:21:04.145+0000] {standard_task_runner.py:57} INFO - Started process 1103 to run task
[2023-10-17T11:21:04.147+0000] {standard_task_runner.py:84} INFO - Running: ['***', 'tasks', 'run', 'copy_tranform_to_mongo', 'waiting_for_data', 'scheduled__2021-11-20T00:00:00+00:00', '--job-id', '328', '--raw', '--subdir', 'DAGS_FOLDER/file_***-mongo.py', '--cfg-path', '/tmp/tmpw_bqkh79']
[2023-10-17T11:21:04.148+0000] {standard_task_runner.py:85} INFO - Job 328: Subtask waiting_for_data
[2023-10-17T11:21:04.180+0000] {task_command.py:416} INFO - Running <TaskInstance: copy_tranform_to_mongo.waiting_for_data scheduled__2021-11-20T00:00:00+00:00 [running]> on host 238c1d4ff767
[2023-10-17T11:21:04.234+0000] {taskinstance.py:1662} INFO - Exporting env vars: AIRFLOW_CTX_DAG_OWNER='***' AIRFLOW_CTX_DAG_ID='copy_tranform_to_mongo' AIRFLOW_CTX_TASK_ID='waiting_for_data' AIRFLOW_CTX_EXECUTION_DATE='2021-11-20T00:00:00+00:00' AIRFLOW_CTX_TRY_NUMBER='1' AIRFLOW_CTX_DAG_RUN_ID='scheduled__2021-11-20T00:00:00+00:00'
[2023-10-17T11:21:04.240+0000] {base.py:73} INFO - Using connection ID 'fs_default' for task execution.
[2023-10-17T11:21:04.240+0000] {filesystem.py:64} INFO - Poking for file /opt/in/tiktok_google_play_reviews.csv
[2023-10-17T11:21:04.240+0000] {filesystem.py:69} INFO - Found File /opt/in/tiktok_google_play_reviews.csv last modified: 20220405221612
[2023-10-17T11:21:04.240+0000] {base.py:287} INFO - Success criteria met. Exiting.
[2023-10-17T11:21:04.246+0000] {taskinstance.py:1400} INFO - Marking task as SUCCESS. dag_id=copy_tranform_to_mongo, task_id=waiting_for_data, execution_date=20211120T000000, start_date=20231017T112104, end_date=20231017T112104
[2023-10-17T11:21:04.279+0000] {local_task_job_runner.py:228} INFO - Task exited with return code 0
[2023-10-17T11:21:04.304+0000] {taskinstance.py:2778} INFO - 0 downstream tasks scheduled from follow-on schedule check
[2023-10-18T11:45:26.364+0000] {taskinstance.py:1159} INFO - Dependencies all met for dep_context=non-requeueable deps ti=<TaskInstance: copy_tranform_to_mongo.waiting_for_data scheduled__2021-11-20T00:00:00+00:00 [queued]>
[2023-10-18T11:45:26.372+0000] {taskinstance.py:1159} INFO - Dependencies all met for dep_context=requeueable deps ti=<TaskInstance: copy_tranform_to_mongo.waiting_for_data scheduled__2021-11-20T00:00:00+00:00 [queued]>
[2023-10-18T11:45:26.373+0000] {taskinstance.py:1361} INFO - Starting attempt 1 of 1
[2023-10-18T11:45:26.388+0000] {taskinstance.py:1382} INFO - Executing <Task(FileSensor): waiting_for_data> on 2021-11-20 00:00:00+00:00
[2023-10-18T11:45:26.395+0000] {standard_task_runner.py:57} INFO - Started process 1775 to run task
[2023-10-18T11:45:26.397+0000] {standard_task_runner.py:84} INFO - Running: ['***', 'tasks', 'run', 'copy_tranform_to_mongo', 'waiting_for_data', 'scheduled__2021-11-20T00:00:00+00:00', '--job-id', '610', '--raw', '--subdir', 'DAGS_FOLDER/file_***-mongo.py', '--cfg-path', '/tmp/tmpxnz_q6kz']
[2023-10-18T11:45:26.398+0000] {standard_task_runner.py:85} INFO - Job 610: Subtask waiting_for_data
[2023-10-18T11:45:26.446+0000] {task_command.py:416} INFO - Running <TaskInstance: copy_tranform_to_mongo.waiting_for_data scheduled__2021-11-20T00:00:00+00:00 [running]> on host 0e68aa52dfc7
[2023-10-18T11:45:26.507+0000] {taskinstance.py:1662} INFO - Exporting env vars: AIRFLOW_CTX_DAG_OWNER='***' AIRFLOW_CTX_DAG_ID='copy_tranform_to_mongo' AIRFLOW_CTX_TASK_ID='waiting_for_data' AIRFLOW_CTX_EXECUTION_DATE='2021-11-20T00:00:00+00:00' AIRFLOW_CTX_TRY_NUMBER='1' AIRFLOW_CTX_DAG_RUN_ID='scheduled__2021-11-20T00:00:00+00:00'
[2023-10-18T11:45:26.516+0000] {base.py:73} INFO - Using connection ID 'fs_default' for task execution.
[2023-10-18T11:45:26.516+0000] {filesystem.py:64} INFO - Poking for file /opt/in/tiktok_google_play_reviews.csv
[2023-10-18T11:45:26.517+0000] {filesystem.py:69} INFO - Found File /opt/in/tiktok_google_play_reviews.csv last modified: 20220405221612
[2023-10-18T11:45:26.517+0000] {base.py:287} INFO - Success criteria met. Exiting.
[2023-10-18T11:45:26.526+0000] {taskinstance.py:1400} INFO - Marking task as SUCCESS. dag_id=copy_tranform_to_mongo, task_id=waiting_for_data, execution_date=20211120T000000, start_date=20231018T114526, end_date=20231018T114526
[2023-10-18T11:45:26.569+0000] {local_task_job_runner.py:228} INFO - Task exited with return code 0
[2023-10-18T11:45:26.595+0000] {taskinstance.py:2778} INFO - 1 downstream tasks scheduled from follow-on schedule check
