[2023-10-17T11:20:21.069+0000] {taskinstance.py:1159} INFO - Dependencies all met for dep_context=non-requeueable deps ti=<TaskInstance: copy_tranform_to_mongo.waiting_for_data scheduled__2021-08-29T00:00:00+00:00 [queued]>
[2023-10-17T11:20:21.076+0000] {taskinstance.py:1159} INFO - Dependencies all met for dep_context=requeueable deps ti=<TaskInstance: copy_tranform_to_mongo.waiting_for_data scheduled__2021-08-29T00:00:00+00:00 [queued]>
[2023-10-17T11:20:21.076+0000] {taskinstance.py:1361} INFO - Starting attempt 1 of 1
[2023-10-17T11:20:21.095+0000] {taskinstance.py:1382} INFO - Executing <Task(FileSensor): waiting_for_data> on 2021-08-29 00:00:00+00:00
[2023-10-17T11:20:21.101+0000] {standard_task_runner.py:57} INFO - Started process 931 to run task
[2023-10-17T11:20:21.103+0000] {standard_task_runner.py:84} INFO - Running: ['***', 'tasks', 'run', 'copy_tranform_to_mongo', 'waiting_for_data', 'scheduled__2021-08-29T00:00:00+00:00', '--job-id', '245', '--raw', '--subdir', 'DAGS_FOLDER/file_***-mongo.py', '--cfg-path', '/tmp/tmpm3ck2kiv']
[2023-10-17T11:20:21.104+0000] {standard_task_runner.py:85} INFO - Job 245: Subtask waiting_for_data
[2023-10-17T11:20:21.145+0000] {task_command.py:416} INFO - Running <TaskInstance: copy_tranform_to_mongo.waiting_for_data scheduled__2021-08-29T00:00:00+00:00 [running]> on host 238c1d4ff767
[2023-10-17T11:20:21.224+0000] {taskinstance.py:1662} INFO - Exporting env vars: AIRFLOW_CTX_DAG_OWNER='***' AIRFLOW_CTX_DAG_ID='copy_tranform_to_mongo' AIRFLOW_CTX_TASK_ID='waiting_for_data' AIRFLOW_CTX_EXECUTION_DATE='2021-08-29T00:00:00+00:00' AIRFLOW_CTX_TRY_NUMBER='1' AIRFLOW_CTX_DAG_RUN_ID='scheduled__2021-08-29T00:00:00+00:00'
[2023-10-17T11:20:21.237+0000] {base.py:73} INFO - Using connection ID 'fs_default' for task execution.
[2023-10-17T11:20:21.237+0000] {filesystem.py:64} INFO - Poking for file /opt/in/tiktok_google_play_reviews.csv
[2023-10-17T11:20:21.237+0000] {filesystem.py:69} INFO - Found File /opt/in/tiktok_google_play_reviews.csv last modified: 20220405221612
[2023-10-17T11:20:21.237+0000] {base.py:287} INFO - Success criteria met. Exiting.
[2023-10-17T11:20:21.249+0000] {taskinstance.py:1400} INFO - Marking task as SUCCESS. dag_id=copy_tranform_to_mongo, task_id=waiting_for_data, execution_date=20210829T000000, start_date=20231017T112021, end_date=20231017T112021
[2023-10-17T11:20:21.275+0000] {local_task_job_runner.py:228} INFO - Task exited with return code 0
[2023-10-17T11:20:21.291+0000] {taskinstance.py:2778} INFO - 0 downstream tasks scheduled from follow-on schedule check
[2023-10-18T10:48:07.328+0000] {taskinstance.py:1159} INFO - Dependencies all met for dep_context=non-requeueable deps ti=<TaskInstance: copy_tranform_to_mongo.waiting_for_data scheduled__2021-08-29T00:00:00+00:00 [queued]>
[2023-10-18T10:48:07.338+0000] {taskinstance.py:1159} INFO - Dependencies all met for dep_context=requeueable deps ti=<TaskInstance: copy_tranform_to_mongo.waiting_for_data scheduled__2021-08-29T00:00:00+00:00 [queued]>
[2023-10-18T10:48:07.338+0000] {taskinstance.py:1361} INFO - Starting attempt 1 of 1
[2023-10-18T10:48:07.351+0000] {taskinstance.py:1382} INFO - Executing <Task(FileSensor): waiting_for_data> on 2021-08-29 00:00:00+00:00
[2023-10-18T10:48:07.357+0000] {standard_task_runner.py:57} INFO - Started process 2039 to run task
[2023-10-18T10:48:07.359+0000] {standard_task_runner.py:84} INFO - Running: ['***', 'tasks', 'run', 'copy_tranform_to_mongo', 'waiting_for_data', 'scheduled__2021-08-29T00:00:00+00:00', '--job-id', '284', '--raw', '--subdir', 'DAGS_FOLDER/file_***-mongo.py', '--cfg-path', '/tmp/tmphfccqwsx']
[2023-10-18T10:48:07.360+0000] {standard_task_runner.py:85} INFO - Job 284: Subtask waiting_for_data
[2023-10-18T10:48:07.407+0000] {task_command.py:416} INFO - Running <TaskInstance: copy_tranform_to_mongo.waiting_for_data scheduled__2021-08-29T00:00:00+00:00 [running]> on host 2473b23ba069
[2023-10-18T10:48:07.485+0000] {taskinstance.py:1662} INFO - Exporting env vars: AIRFLOW_CTX_DAG_OWNER='***' AIRFLOW_CTX_DAG_ID='copy_tranform_to_mongo' AIRFLOW_CTX_TASK_ID='waiting_for_data' AIRFLOW_CTX_EXECUTION_DATE='2021-08-29T00:00:00+00:00' AIRFLOW_CTX_TRY_NUMBER='1' AIRFLOW_CTX_DAG_RUN_ID='scheduled__2021-08-29T00:00:00+00:00'
[2023-10-18T10:48:07.494+0000] {base.py:73} INFO - Using connection ID 'fs_default' for task execution.
[2023-10-18T10:48:07.495+0000] {filesystem.py:64} INFO - Poking for file /opt/in/tiktok_google_play_reviews.csv
[2023-10-18T10:48:07.495+0000] {filesystem.py:69} INFO - Found File /opt/in/tiktok_google_play_reviews.csv last modified: 20220405221612
[2023-10-18T10:48:07.495+0000] {base.py:287} INFO - Success criteria met. Exiting.
[2023-10-18T10:48:07.506+0000] {taskinstance.py:1400} INFO - Marking task as SUCCESS. dag_id=copy_tranform_to_mongo, task_id=waiting_for_data, execution_date=20210829T000000, start_date=20231018T104807, end_date=20231018T104807
[2023-10-18T10:48:07.531+0000] {local_task_job_runner.py:228} INFO - Task exited with return code 0
[2023-10-18T10:48:07.559+0000] {taskinstance.py:2778} INFO - 1 downstream tasks scheduled from follow-on schedule check
[2023-10-18T11:44:40.030+0000] {taskinstance.py:1159} INFO - Dependencies all met for dep_context=non-requeueable deps ti=<TaskInstance: copy_tranform_to_mongo.waiting_for_data scheduled__2021-08-29T00:00:00+00:00 [queued]>
[2023-10-18T11:44:40.040+0000] {taskinstance.py:1159} INFO - Dependencies all met for dep_context=requeueable deps ti=<TaskInstance: copy_tranform_to_mongo.waiting_for_data scheduled__2021-08-29T00:00:00+00:00 [queued]>
[2023-10-18T11:44:40.040+0000] {taskinstance.py:1361} INFO - Starting attempt 1 of 1
[2023-10-18T11:44:40.054+0000] {taskinstance.py:1382} INFO - Executing <Task(FileSensor): waiting_for_data> on 2021-08-29 00:00:00+00:00
[2023-10-18T11:44:40.060+0000] {standard_task_runner.py:57} INFO - Started process 1437 to run task
[2023-10-18T11:44:40.064+0000] {standard_task_runner.py:84} INFO - Running: ['***', 'tasks', 'run', 'copy_tranform_to_mongo', 'waiting_for_data', 'scheduled__2021-08-29T00:00:00+00:00', '--job-id', '444', '--raw', '--subdir', 'DAGS_FOLDER/file_***-mongo.py', '--cfg-path', '/tmp/tmp0la0tnh5']
[2023-10-18T11:44:40.066+0000] {standard_task_runner.py:85} INFO - Job 444: Subtask waiting_for_data
[2023-10-18T11:44:40.117+0000] {task_command.py:416} INFO - Running <TaskInstance: copy_tranform_to_mongo.waiting_for_data scheduled__2021-08-29T00:00:00+00:00 [running]> on host 0e68aa52dfc7
[2023-10-18T11:44:40.203+0000] {taskinstance.py:1662} INFO - Exporting env vars: AIRFLOW_CTX_DAG_OWNER='***' AIRFLOW_CTX_DAG_ID='copy_tranform_to_mongo' AIRFLOW_CTX_TASK_ID='waiting_for_data' AIRFLOW_CTX_EXECUTION_DATE='2021-08-29T00:00:00+00:00' AIRFLOW_CTX_TRY_NUMBER='1' AIRFLOW_CTX_DAG_RUN_ID='scheduled__2021-08-29T00:00:00+00:00'
[2023-10-18T11:44:40.216+0000] {base.py:73} INFO - Using connection ID 'fs_default' for task execution.
[2023-10-18T11:44:40.216+0000] {filesystem.py:64} INFO - Poking for file /opt/in/tiktok_google_play_reviews.csv
[2023-10-18T11:44:40.217+0000] {filesystem.py:69} INFO - Found File /opt/in/tiktok_google_play_reviews.csv last modified: 20220405221612
[2023-10-18T11:44:40.217+0000] {base.py:287} INFO - Success criteria met. Exiting.
[2023-10-18T11:44:40.226+0000] {taskinstance.py:1400} INFO - Marking task as SUCCESS. dag_id=copy_tranform_to_mongo, task_id=waiting_for_data, execution_date=20210829T000000, start_date=20231018T114440, end_date=20231018T114440
[2023-10-18T11:44:40.277+0000] {local_task_job_runner.py:228} INFO - Task exited with return code 0
[2023-10-18T11:44:40.334+0000] {taskinstance.py:2778} INFO - 0 downstream tasks scheduled from follow-on schedule check
