[2023-10-17T11:22:48.339+0000] {taskinstance.py:1159} INFO - Dependencies all met for dep_context=non-requeueable deps ti=<TaskInstance: copy_tranform_to_mongo.waiting_for_data scheduled__2022-06-16T00:00:00+00:00 [queued]>
[2023-10-17T11:22:48.345+0000] {taskinstance.py:1159} INFO - Dependencies all met for dep_context=requeueable deps ti=<TaskInstance: copy_tranform_to_mongo.waiting_for_data scheduled__2022-06-16T00:00:00+00:00 [queued]>
[2023-10-17T11:22:48.345+0000] {taskinstance.py:1361} INFO - Starting attempt 1 of 1
[2023-10-17T11:22:48.353+0000] {taskinstance.py:1382} INFO - Executing <Task(FileSensor): waiting_for_data> on 2022-06-16 00:00:00+00:00
[2023-10-17T11:22:48.358+0000] {standard_task_runner.py:57} INFO - Started process 1542 to run task
[2023-10-17T11:22:48.360+0000] {standard_task_runner.py:84} INFO - Running: ['***', 'tasks', 'run', 'copy_tranform_to_mongo', 'waiting_for_data', 'scheduled__2022-06-16T00:00:00+00:00', '--job-id', '536', '--raw', '--subdir', 'DAGS_FOLDER/file_***-mongo.py', '--cfg-path', '/tmp/tmpj6dryny9']
[2023-10-17T11:22:48.360+0000] {standard_task_runner.py:85} INFO - Job 536: Subtask waiting_for_data
[2023-10-17T11:22:48.391+0000] {task_command.py:416} INFO - Running <TaskInstance: copy_tranform_to_mongo.waiting_for_data scheduled__2022-06-16T00:00:00+00:00 [running]> on host 238c1d4ff767
[2023-10-17T11:22:48.446+0000] {taskinstance.py:1662} INFO - Exporting env vars: AIRFLOW_CTX_DAG_OWNER='***' AIRFLOW_CTX_DAG_ID='copy_tranform_to_mongo' AIRFLOW_CTX_TASK_ID='waiting_for_data' AIRFLOW_CTX_EXECUTION_DATE='2022-06-16T00:00:00+00:00' AIRFLOW_CTX_TRY_NUMBER='1' AIRFLOW_CTX_DAG_RUN_ID='scheduled__2022-06-16T00:00:00+00:00'
[2023-10-17T11:22:48.452+0000] {base.py:73} INFO - Using connection ID 'fs_default' for task execution.
[2023-10-17T11:22:48.452+0000] {filesystem.py:64} INFO - Poking for file /opt/in/tiktok_google_play_reviews.csv
[2023-10-17T11:22:48.452+0000] {filesystem.py:69} INFO - Found File /opt/in/tiktok_google_play_reviews.csv last modified: 20220405221612
[2023-10-17T11:22:48.452+0000] {base.py:287} INFO - Success criteria met. Exiting.
[2023-10-17T11:22:48.458+0000] {taskinstance.py:1400} INFO - Marking task as SUCCESS. dag_id=copy_tranform_to_mongo, task_id=waiting_for_data, execution_date=20220616T000000, start_date=20231017T112248, end_date=20231017T112248
[2023-10-17T11:22:48.492+0000] {local_task_job_runner.py:228} INFO - Task exited with return code 0
[2023-10-17T11:22:48.504+0000] {taskinstance.py:2778} INFO - 0 downstream tasks scheduled from follow-on schedule check
[2023-10-18T11:47:37.690+0000] {taskinstance.py:1159} INFO - Dependencies all met for dep_context=non-requeueable deps ti=<TaskInstance: copy_tranform_to_mongo.waiting_for_data scheduled__2022-06-16T00:00:00+00:00 [queued]>
[2023-10-18T11:47:37.706+0000] {taskinstance.py:1159} INFO - Dependencies all met for dep_context=requeueable deps ti=<TaskInstance: copy_tranform_to_mongo.waiting_for_data scheduled__2022-06-16T00:00:00+00:00 [queued]>
[2023-10-18T11:47:37.707+0000] {taskinstance.py:1361} INFO - Starting attempt 1 of 1
[2023-10-18T11:47:37.726+0000] {taskinstance.py:1382} INFO - Executing <Task(FileSensor): waiting_for_data> on 2022-06-16 00:00:00+00:00
[2023-10-18T11:47:37.735+0000] {standard_task_runner.py:57} INFO - Started process 2653 to run task
[2023-10-18T11:47:37.739+0000] {standard_task_runner.py:84} INFO - Running: ['***', 'tasks', 'run', 'copy_tranform_to_mongo', 'waiting_for_data', 'scheduled__2022-06-16T00:00:00+00:00', '--job-id', '1027', '--raw', '--subdir', 'DAGS_FOLDER/file_***-mongo.py', '--cfg-path', '/tmp/tmphg1e75dy']
[2023-10-18T11:47:37.740+0000] {standard_task_runner.py:85} INFO - Job 1027: Subtask waiting_for_data
[2023-10-18T11:47:37.793+0000] {task_command.py:416} INFO - Running <TaskInstance: copy_tranform_to_mongo.waiting_for_data scheduled__2022-06-16T00:00:00+00:00 [running]> on host 0e68aa52dfc7
[2023-10-18T11:47:37.876+0000] {taskinstance.py:1662} INFO - Exporting env vars: AIRFLOW_CTX_DAG_OWNER='***' AIRFLOW_CTX_DAG_ID='copy_tranform_to_mongo' AIRFLOW_CTX_TASK_ID='waiting_for_data' AIRFLOW_CTX_EXECUTION_DATE='2022-06-16T00:00:00+00:00' AIRFLOW_CTX_TRY_NUMBER='1' AIRFLOW_CTX_DAG_RUN_ID='scheduled__2022-06-16T00:00:00+00:00'
[2023-10-18T11:47:37.888+0000] {base.py:73} INFO - Using connection ID 'fs_default' for task execution.
[2023-10-18T11:47:37.888+0000] {filesystem.py:64} INFO - Poking for file /opt/in/tiktok_google_play_reviews.csv
[2023-10-18T11:47:37.889+0000] {filesystem.py:69} INFO - Found File /opt/in/tiktok_google_play_reviews.csv last modified: 20220405221612
[2023-10-18T11:47:37.889+0000] {base.py:287} INFO - Success criteria met. Exiting.
[2023-10-18T11:47:37.897+0000] {taskinstance.py:1400} INFO - Marking task as SUCCESS. dag_id=copy_tranform_to_mongo, task_id=waiting_for_data, execution_date=20220616T000000, start_date=20231018T114737, end_date=20231018T114737
[2023-10-18T11:47:37.953+0000] {local_task_job_runner.py:228} INFO - Task exited with return code 0
[2023-10-18T11:47:38.003+0000] {taskinstance.py:2778} INFO - 0 downstream tasks scheduled from follow-on schedule check
