[2023-10-17T11:19:45.061+0000] {taskinstance.py:1159} INFO - Dependencies all met for dep_context=non-requeueable deps ti=<TaskInstance: copy_tranform_to_mongo.waiting_for_data scheduled__2021-06-03T00:00:00+00:00 [queued]>
[2023-10-17T11:19:45.070+0000] {taskinstance.py:1159} INFO - Dependencies all met for dep_context=requeueable deps ti=<TaskInstance: copy_tranform_to_mongo.waiting_for_data scheduled__2021-06-03T00:00:00+00:00 [queued]>
[2023-10-17T11:19:45.070+0000] {taskinstance.py:1361} INFO - Starting attempt 1 of 1
[2023-10-17T11:19:45.093+0000] {taskinstance.py:1382} INFO - Executing <Task(FileSensor): waiting_for_data> on 2021-06-03 00:00:00+00:00
[2023-10-17T11:19:45.100+0000] {standard_task_runner.py:57} INFO - Started process 741 to run task
[2023-10-17T11:19:45.104+0000] {standard_task_runner.py:84} INFO - Running: ['***', 'tasks', 'run', 'copy_tranform_to_mongo', 'waiting_for_data', 'scheduled__2021-06-03T00:00:00+00:00', '--job-id', '158', '--raw', '--subdir', 'DAGS_FOLDER/file_***-mongo.py', '--cfg-path', '/tmp/tmp_p3bkyzc']
[2023-10-17T11:19:45.105+0000] {standard_task_runner.py:85} INFO - Job 158: Subtask waiting_for_data
[2023-10-17T11:19:45.152+0000] {task_command.py:416} INFO - Running <TaskInstance: copy_tranform_to_mongo.waiting_for_data scheduled__2021-06-03T00:00:00+00:00 [running]> on host 238c1d4ff767
[2023-10-17T11:19:45.244+0000] {taskinstance.py:1662} INFO - Exporting env vars: AIRFLOW_CTX_DAG_OWNER='***' AIRFLOW_CTX_DAG_ID='copy_tranform_to_mongo' AIRFLOW_CTX_TASK_ID='waiting_for_data' AIRFLOW_CTX_EXECUTION_DATE='2021-06-03T00:00:00+00:00' AIRFLOW_CTX_TRY_NUMBER='1' AIRFLOW_CTX_DAG_RUN_ID='scheduled__2021-06-03T00:00:00+00:00'
[2023-10-17T11:19:45.259+0000] {base.py:73} INFO - Using connection ID 'fs_default' for task execution.
[2023-10-17T11:19:45.259+0000] {filesystem.py:64} INFO - Poking for file /opt/in/tiktok_google_play_reviews.csv
[2023-10-17T11:19:45.260+0000] {filesystem.py:69} INFO - Found File /opt/in/tiktok_google_play_reviews.csv last modified: 20220405221612
[2023-10-17T11:19:45.260+0000] {base.py:287} INFO - Success criteria met. Exiting.
[2023-10-17T11:19:45.274+0000] {taskinstance.py:1400} INFO - Marking task as SUCCESS. dag_id=copy_tranform_to_mongo, task_id=waiting_for_data, execution_date=20210603T000000, start_date=20231017T111945, end_date=20231017T111945
[2023-10-17T11:19:45.315+0000] {local_task_job_runner.py:228} INFO - Task exited with return code 0
[2023-10-17T11:19:45.332+0000] {taskinstance.py:2778} INFO - 0 downstream tasks scheduled from follow-on schedule check
[2023-10-18T10:43:23.717+0000] {taskinstance.py:1159} INFO - Dependencies all met for dep_context=non-requeueable deps ti=<TaskInstance: copy_tranform_to_mongo.waiting_for_data scheduled__2021-06-03T00:00:00+00:00 [queued]>
[2023-10-18T10:43:23.722+0000] {taskinstance.py:1159} INFO - Dependencies all met for dep_context=requeueable deps ti=<TaskInstance: copy_tranform_to_mongo.waiting_for_data scheduled__2021-06-03T00:00:00+00:00 [queued]>
[2023-10-18T10:43:23.723+0000] {taskinstance.py:1361} INFO - Starting attempt 1 of 1
[2023-10-18T10:43:23.731+0000] {taskinstance.py:1382} INFO - Executing <Task(FileSensor): waiting_for_data> on 2021-06-03 00:00:00+00:00
[2023-10-18T10:43:23.736+0000] {standard_task_runner.py:57} INFO - Started process 1710 to run task
[2023-10-18T10:43:23.738+0000] {standard_task_runner.py:84} INFO - Running: ['***', 'tasks', 'run', 'copy_tranform_to_mongo', 'waiting_for_data', 'scheduled__2021-06-03T00:00:00+00:00', '--job-id', '157', '--raw', '--subdir', 'DAGS_FOLDER/file_***-mongo.py', '--cfg-path', '/tmp/tmpqax_gvn6']
[2023-10-18T10:43:23.738+0000] {standard_task_runner.py:85} INFO - Job 157: Subtask waiting_for_data
[2023-10-18T10:43:23.771+0000] {task_command.py:416} INFO - Running <TaskInstance: copy_tranform_to_mongo.waiting_for_data scheduled__2021-06-03T00:00:00+00:00 [running]> on host 2473b23ba069
[2023-10-18T10:43:23.821+0000] {taskinstance.py:1662} INFO - Exporting env vars: AIRFLOW_CTX_DAG_OWNER='***' AIRFLOW_CTX_DAG_ID='copy_tranform_to_mongo' AIRFLOW_CTX_TASK_ID='waiting_for_data' AIRFLOW_CTX_EXECUTION_DATE='2021-06-03T00:00:00+00:00' AIRFLOW_CTX_TRY_NUMBER='1' AIRFLOW_CTX_DAG_RUN_ID='scheduled__2021-06-03T00:00:00+00:00'
[2023-10-18T10:43:23.833+0000] {taskinstance.py:1937} ERROR - Task failed with exception
Traceback (most recent call last):
  File "/home/airflow/.local/lib/python3.8/site-packages/airflow/sensors/base.py", line 257, in execute
    raise e
  File "/home/airflow/.local/lib/python3.8/site-packages/airflow/sensors/base.py", line 239, in execute
    poke_return = self.poke(context)
  File "/home/airflow/.local/lib/python3.8/site-packages/airflow/sensors/filesystem.py", line 61, in poke
    hook = FSHook(self.fs_conn_id)
  File "/home/airflow/.local/lib/python3.8/site-packages/airflow/hooks/filesystem.py", line 38, in __init__
    conn = self.get_connection(conn_id)
  File "/home/airflow/.local/lib/python3.8/site-packages/airflow/hooks/base.py", line 72, in get_connection
    conn = Connection.get_connection_from_secrets(conn_id)
  File "/home/airflow/.local/lib/python3.8/site-packages/airflow/models/connection.py", line 477, in get_connection_from_secrets
    raise AirflowNotFoundException(f"The conn_id `{conn_id}` isn't defined")
airflow.exceptions.AirflowNotFoundException: The conn_id `fs_default` isn't defined
[2023-10-18T10:43:23.835+0000] {taskinstance.py:1400} INFO - Marking task as FAILED. dag_id=copy_tranform_to_mongo, task_id=waiting_for_data, execution_date=20210603T000000, start_date=20231018T104323, end_date=20231018T104323
[2023-10-18T10:43:23.842+0000] {standard_task_runner.py:104} ERROR - Failed to execute job 157 for task waiting_for_data (The conn_id `fs_default` isn't defined; 1710)
[2023-10-18T10:43:23.870+0000] {local_task_job_runner.py:228} INFO - Task exited with return code 1
[2023-10-18T10:43:23.905+0000] {taskinstance.py:2778} INFO - 0 downstream tasks scheduled from follow-on schedule check
[2023-10-18T11:43:44.230+0000] {taskinstance.py:1159} INFO - Dependencies all met for dep_context=non-requeueable deps ti=<TaskInstance: copy_tranform_to_mongo.waiting_for_data scheduled__2021-06-03T00:00:00+00:00 [queued]>
[2023-10-18T11:43:44.239+0000] {taskinstance.py:1159} INFO - Dependencies all met for dep_context=requeueable deps ti=<TaskInstance: copy_tranform_to_mongo.waiting_for_data scheduled__2021-06-03T00:00:00+00:00 [queued]>
[2023-10-18T11:43:44.239+0000] {taskinstance.py:1361} INFO - Starting attempt 1 of 1
[2023-10-18T11:43:44.261+0000] {taskinstance.py:1382} INFO - Executing <Task(FileSensor): waiting_for_data> on 2021-06-03 00:00:00+00:00
[2023-10-18T11:43:44.270+0000] {standard_task_runner.py:57} INFO - Started process 1071 to run task
[2023-10-18T11:43:44.276+0000] {standard_task_runner.py:84} INFO - Running: ['***', 'tasks', 'run', 'copy_tranform_to_mongo', 'waiting_for_data', 'scheduled__2021-06-03T00:00:00+00:00', '--job-id', '268', '--raw', '--subdir', 'DAGS_FOLDER/file_***-mongo.py', '--cfg-path', '/tmp/tmpevida12k']
[2023-10-18T11:43:44.280+0000] {standard_task_runner.py:85} INFO - Job 268: Subtask waiting_for_data
[2023-10-18T11:43:44.332+0000] {task_command.py:416} INFO - Running <TaskInstance: copy_tranform_to_mongo.waiting_for_data scheduled__2021-06-03T00:00:00+00:00 [running]> on host 0e68aa52dfc7
[2023-10-18T11:43:44.420+0000] {taskinstance.py:1662} INFO - Exporting env vars: AIRFLOW_CTX_DAG_OWNER='***' AIRFLOW_CTX_DAG_ID='copy_tranform_to_mongo' AIRFLOW_CTX_TASK_ID='waiting_for_data' AIRFLOW_CTX_EXECUTION_DATE='2021-06-03T00:00:00+00:00' AIRFLOW_CTX_TRY_NUMBER='1' AIRFLOW_CTX_DAG_RUN_ID='scheduled__2021-06-03T00:00:00+00:00'
[2023-10-18T11:43:44.432+0000] {base.py:73} INFO - Using connection ID 'fs_default' for task execution.
[2023-10-18T11:43:44.434+0000] {filesystem.py:64} INFO - Poking for file /opt/in/tiktok_google_play_reviews.csv
[2023-10-18T11:43:44.434+0000] {filesystem.py:69} INFO - Found File /opt/in/tiktok_google_play_reviews.csv last modified: 20220405221612
[2023-10-18T11:43:44.434+0000] {base.py:287} INFO - Success criteria met. Exiting.
[2023-10-18T11:43:44.445+0000] {taskinstance.py:1400} INFO - Marking task as SUCCESS. dag_id=copy_tranform_to_mongo, task_id=waiting_for_data, execution_date=20210603T000000, start_date=20231018T114344, end_date=20231018T114344
[2023-10-18T11:43:44.490+0000] {local_task_job_runner.py:228} INFO - Task exited with return code 0
[2023-10-18T11:43:44.525+0000] {taskinstance.py:2778} INFO - 0 downstream tasks scheduled from follow-on schedule check
