[2023-10-20T07:37:38.685+0000] {taskinstance.py:1159} INFO - Dependencies all met for dep_context=non-requeueable deps ti=<TaskInstance: copy_tranform_to_mongo.transform_data_by_pandas manual__2023-10-20T07:36:35.557701+00:00 [queued]>
[2023-10-20T07:37:38.691+0000] {taskinstance.py:1159} INFO - Dependencies all met for dep_context=requeueable deps ti=<TaskInstance: copy_tranform_to_mongo.transform_data_by_pandas manual__2023-10-20T07:36:35.557701+00:00 [queued]>
[2023-10-20T07:37:38.692+0000] {taskinstance.py:1361} INFO - Starting attempt 1 of 1
[2023-10-20T07:37:38.702+0000] {taskinstance.py:1382} INFO - Executing <Task(DockerOperator): transform_data_by_pandas> on 2023-10-20 07:36:35.557701+00:00
[2023-10-20T07:37:38.706+0000] {standard_task_runner.py:57} INFO - Started process 169 to run task
[2023-10-20T07:37:38.708+0000] {standard_task_runner.py:84} INFO - Running: ['***', 'tasks', 'run', 'copy_tranform_to_mongo', 'transform_data_by_pandas', 'manual__2023-10-20T07:36:35.557701+00:00', '--job-id', '8', '--raw', '--subdir', 'DAGS_FOLDER/file_***-mongo.py', '--cfg-path', '/tmp/tmpogbc_dvx']
[2023-10-20T07:37:38.708+0000] {standard_task_runner.py:85} INFO - Job 8: Subtask transform_data_by_pandas
[2023-10-20T07:37:38.737+0000] {task_command.py:416} INFO - Running <TaskInstance: copy_tranform_to_mongo.transform_data_by_pandas manual__2023-10-20T07:36:35.557701+00:00 [running]> on host 71dd16b5f231
[2023-10-20T07:37:38.787+0000] {taskinstance.py:1662} INFO - Exporting env vars: AIRFLOW_CTX_DAG_OWNER='***' AIRFLOW_CTX_DAG_ID='copy_tranform_to_mongo' AIRFLOW_CTX_TASK_ID='transform_data_by_pandas' AIRFLOW_CTX_EXECUTION_DATE='2023-10-20T07:36:35.557701+00:00' AIRFLOW_CTX_TRY_NUMBER='1' AIRFLOW_CTX_DAG_RUN_ID='manual__2023-10-20T07:36:35.557701+00:00'
[2023-10-20T07:37:38.799+0000] {docker.py:337} INFO - Starting docker container from image python/pandas:1.0.0
[2023-10-20T07:37:39.233+0000] {docker.py:406} INFO - Input Notebook:  /opt/pandasapp/in_notebooks/tiktok_google_reviews.ipynb
Output Notebook: /opt/pandasapp/out_notebooks/tiktok_google_reviews.ipynb
[2023-10-20T07:37:39.272+0000] {docker.py:406} INFO - Executing:   0%|          | 0/27 [00:00<?, ?cell/s]
[2023-10-20T07:37:40.238+0000] {docker.py:406} INFO - Executing notebook with kernel: python3
[2023-10-20T07:37:40.255+0000] {docker.py:406} INFO - Executing:   4%|▎         | 1/27 [00:00<00:25,  1.02cell/s]
[2023-10-20T07:37:40.883+0000] {docker.py:406} INFO - Executing:  15%|█▍        | 4/27 [00:01<00:08,  2.81cell/s]
[2023-10-20T07:37:42.213+0000] {docker.py:406} INFO - Executing:  22%|██▏       | 6/27 [00:02<00:10,  2.04cell/s]
[2023-10-20T07:37:42.338+0000] {docker.py:406} INFO - Executing:  44%|████▍     | 12/27 [00:03<00:02,  5.42cell/s]
[2023-10-20T07:37:42.480+0000] {docker.py:406} INFO - Executing:  59%|█████▉    | 16/27 [00:03<00:01,  7.84cell/s]
[2023-10-20T07:37:42.848+0000] {docker.py:406} INFO - Executing:  70%|███████   | 19/27 [00:03<00:01,  7.93cell/s]
[2023-10-20T07:37:43.142+0000] {docker.py:406} INFO - Executing:  78%|███████▊  | 21/27 [00:03<00:00,  7.65cell/s]
[2023-10-20T07:37:43.445+0000] {docker.py:406} INFO - Executing:  85%|████████▌ | 23/27 [00:04<00:00,  7.37cell/s]
[2023-10-20T07:37:44.082+0000] {docker.py:406} INFO - Executing:  96%|█████████▋| 26/27 [00:04<00:00,  6.20cell/s]
[2023-10-20T07:37:44.510+0000] {docker.py:406} INFO - Executing: 100%|██████████| 27/27 [00:05<00:00,  5.15cell/s]
[2023-10-20T07:37:44.890+0000] {taskinstance.py:1400} INFO - Marking task as SUCCESS. dag_id=copy_tranform_to_mongo, task_id=transform_data_by_pandas, execution_date=20231020T073635, start_date=20231020T073738, end_date=20231020T073744
[2023-10-20T07:37:44.922+0000] {local_task_job_runner.py:228} INFO - Task exited with return code 0
[2023-10-20T07:37:44.942+0000] {taskinstance.py:2778} INFO - 1 downstream tasks scheduled from follow-on schedule check
