[2023-10-17T11:21:12.832+0000] {taskinstance.py:1159} INFO - Dependencies all met for dep_context=non-requeueable deps ti=<TaskInstance: copy_tranform_to_mongo.waiting_for_data scheduled__2021-11-29T00:00:00+00:00 [queued]>
[2023-10-17T11:21:12.838+0000] {taskinstance.py:1159} INFO - Dependencies all met for dep_context=requeueable deps ti=<TaskInstance: copy_tranform_to_mongo.waiting_for_data scheduled__2021-11-29T00:00:00+00:00 [queued]>
[2023-10-17T11:21:12.838+0000] {taskinstance.py:1361} INFO - Starting attempt 1 of 1
[2023-10-17T11:21:12.847+0000] {taskinstance.py:1382} INFO - Executing <Task(FileSensor): waiting_for_data> on 2021-11-29 00:00:00+00:00
[2023-10-17T11:21:12.851+0000] {standard_task_runner.py:57} INFO - Started process 1121 to run task
[2023-10-17T11:21:12.853+0000] {standard_task_runner.py:84} INFO - Running: ['***', 'tasks', 'run', 'copy_tranform_to_mongo', 'waiting_for_data', 'scheduled__2021-11-29T00:00:00+00:00', '--job-id', '337', '--raw', '--subdir', 'DAGS_FOLDER/file_***-mongo.py', '--cfg-path', '/tmp/tmpqksgf7n4']
[2023-10-17T11:21:12.854+0000] {standard_task_runner.py:85} INFO - Job 337: Subtask waiting_for_data
[2023-10-17T11:21:12.885+0000] {task_command.py:416} INFO - Running <TaskInstance: copy_tranform_to_mongo.waiting_for_data scheduled__2021-11-29T00:00:00+00:00 [running]> on host 238c1d4ff767
[2023-10-17T11:21:12.937+0000] {taskinstance.py:1662} INFO - Exporting env vars: AIRFLOW_CTX_DAG_OWNER='***' AIRFLOW_CTX_DAG_ID='copy_tranform_to_mongo' AIRFLOW_CTX_TASK_ID='waiting_for_data' AIRFLOW_CTX_EXECUTION_DATE='2021-11-29T00:00:00+00:00' AIRFLOW_CTX_TRY_NUMBER='1' AIRFLOW_CTX_DAG_RUN_ID='scheduled__2021-11-29T00:00:00+00:00'
[2023-10-17T11:21:12.943+0000] {base.py:73} INFO - Using connection ID 'fs_default' for task execution.
[2023-10-17T11:21:12.943+0000] {filesystem.py:64} INFO - Poking for file /opt/in/tiktok_google_play_reviews.csv
[2023-10-17T11:21:12.943+0000] {filesystem.py:69} INFO - Found File /opt/in/tiktok_google_play_reviews.csv last modified: 20220405221612
[2023-10-17T11:21:12.943+0000] {base.py:287} INFO - Success criteria met. Exiting.
[2023-10-17T11:21:12.950+0000] {taskinstance.py:1400} INFO - Marking task as SUCCESS. dag_id=copy_tranform_to_mongo, task_id=waiting_for_data, execution_date=20211129T000000, start_date=20231017T112112, end_date=20231017T112112
[2023-10-17T11:21:12.985+0000] {local_task_job_runner.py:228} INFO - Task exited with return code 0
[2023-10-17T11:21:13.009+0000] {taskinstance.py:2778} INFO - 0 downstream tasks scheduled from follow-on schedule check
[2023-10-18T11:45:31.894+0000] {taskinstance.py:1159} INFO - Dependencies all met for dep_context=non-requeueable deps ti=<TaskInstance: copy_tranform_to_mongo.waiting_for_data scheduled__2021-11-29T00:00:00+00:00 [queued]>
[2023-10-18T11:45:31.906+0000] {taskinstance.py:1159} INFO - Dependencies all met for dep_context=requeueable deps ti=<TaskInstance: copy_tranform_to_mongo.waiting_for_data scheduled__2021-11-29T00:00:00+00:00 [queued]>
[2023-10-18T11:45:31.907+0000] {taskinstance.py:1361} INFO - Starting attempt 1 of 1
[2023-10-18T11:45:31.925+0000] {taskinstance.py:1382} INFO - Executing <Task(FileSensor): waiting_for_data> on 2021-11-29 00:00:00+00:00
[2023-10-18T11:45:31.934+0000] {standard_task_runner.py:57} INFO - Started process 1821 to run task
[2023-10-18T11:45:31.937+0000] {standard_task_runner.py:84} INFO - Running: ['***', 'tasks', 'run', 'copy_tranform_to_mongo', 'waiting_for_data', 'scheduled__2021-11-29T00:00:00+00:00', '--job-id', '627', '--raw', '--subdir', 'DAGS_FOLDER/file_***-mongo.py', '--cfg-path', '/tmp/tmptq94mc8a']
[2023-10-18T11:45:31.938+0000] {standard_task_runner.py:85} INFO - Job 627: Subtask waiting_for_data
[2023-10-18T11:45:31.990+0000] {task_command.py:416} INFO - Running <TaskInstance: copy_tranform_to_mongo.waiting_for_data scheduled__2021-11-29T00:00:00+00:00 [running]> on host 0e68aa52dfc7
[2023-10-18T11:45:32.068+0000] {taskinstance.py:1662} INFO - Exporting env vars: AIRFLOW_CTX_DAG_OWNER='***' AIRFLOW_CTX_DAG_ID='copy_tranform_to_mongo' AIRFLOW_CTX_TASK_ID='waiting_for_data' AIRFLOW_CTX_EXECUTION_DATE='2021-11-29T00:00:00+00:00' AIRFLOW_CTX_TRY_NUMBER='1' AIRFLOW_CTX_DAG_RUN_ID='scheduled__2021-11-29T00:00:00+00:00'
[2023-10-18T11:45:32.081+0000] {base.py:73} INFO - Using connection ID 'fs_default' for task execution.
[2023-10-18T11:45:32.082+0000] {filesystem.py:64} INFO - Poking for file /opt/in/tiktok_google_play_reviews.csv
[2023-10-18T11:45:32.082+0000] {filesystem.py:69} INFO - Found File /opt/in/tiktok_google_play_reviews.csv last modified: 20220405221612
[2023-10-18T11:45:32.082+0000] {base.py:287} INFO - Success criteria met. Exiting.
[2023-10-18T11:45:32.090+0000] {taskinstance.py:1400} INFO - Marking task as SUCCESS. dag_id=copy_tranform_to_mongo, task_id=waiting_for_data, execution_date=20211129T000000, start_date=20231018T114531, end_date=20231018T114532
[2023-10-18T11:45:32.151+0000] {local_task_job_runner.py:228} INFO - Task exited with return code 0
[2023-10-18T11:45:32.175+0000] {taskinstance.py:2778} INFO - 1 downstream tasks scheduled from follow-on schedule check
