[2023-10-17T11:23:37.687+0000] {taskinstance.py:1159} INFO - Dependencies all met for dep_context=non-requeueable deps ti=<TaskInstance: copy_tranform_to_mongo.waiting_for_data scheduled__2022-08-20T00:00:00+00:00 [queued]>
[2023-10-17T11:23:37.695+0000] {taskinstance.py:1159} INFO - Dependencies all met for dep_context=requeueable deps ti=<TaskInstance: copy_tranform_to_mongo.waiting_for_data scheduled__2022-08-20T00:00:00+00:00 [queued]>
[2023-10-17T11:23:37.695+0000] {taskinstance.py:1361} INFO - Starting attempt 1 of 1
[2023-10-17T11:23:37.705+0000] {taskinstance.py:1382} INFO - Executing <Task(FileSensor): waiting_for_data> on 2022-08-20 00:00:00+00:00
[2023-10-17T11:23:37.710+0000] {standard_task_runner.py:57} INFO - Started process 1688 to run task
[2023-10-17T11:23:37.714+0000] {standard_task_runner.py:84} INFO - Running: ['***', 'tasks', 'run', 'copy_tranform_to_mongo', 'waiting_for_data', 'scheduled__2022-08-20T00:00:00+00:00', '--job-id', '601', '--raw', '--subdir', 'DAGS_FOLDER/file_***-mongo.py', '--cfg-path', '/tmp/tmpmso2xaoh']
[2023-10-17T11:23:37.715+0000] {standard_task_runner.py:85} INFO - Job 601: Subtask waiting_for_data
[2023-10-17T11:23:37.749+0000] {task_command.py:416} INFO - Running <TaskInstance: copy_tranform_to_mongo.waiting_for_data scheduled__2022-08-20T00:00:00+00:00 [running]> on host 238c1d4ff767
[2023-10-17T11:23:37.818+0000] {taskinstance.py:1662} INFO - Exporting env vars: AIRFLOW_CTX_DAG_OWNER='***' AIRFLOW_CTX_DAG_ID='copy_tranform_to_mongo' AIRFLOW_CTX_TASK_ID='waiting_for_data' AIRFLOW_CTX_EXECUTION_DATE='2022-08-20T00:00:00+00:00' AIRFLOW_CTX_TRY_NUMBER='1' AIRFLOW_CTX_DAG_RUN_ID='scheduled__2022-08-20T00:00:00+00:00'
[2023-10-17T11:23:37.824+0000] {base.py:73} INFO - Using connection ID 'fs_default' for task execution.
[2023-10-17T11:23:37.825+0000] {filesystem.py:64} INFO - Poking for file /opt/in/tiktok_google_play_reviews.csv
[2023-10-17T11:23:37.825+0000] {filesystem.py:69} INFO - Found File /opt/in/tiktok_google_play_reviews.csv last modified: 20220405221612
[2023-10-17T11:23:37.825+0000] {base.py:287} INFO - Success criteria met. Exiting.
[2023-10-17T11:23:37.833+0000] {taskinstance.py:1400} INFO - Marking task as SUCCESS. dag_id=copy_tranform_to_mongo, task_id=waiting_for_data, execution_date=20220820T000000, start_date=20231017T112337, end_date=20231017T112337
[2023-10-17T11:23:37.886+0000] {local_task_job_runner.py:228} INFO - Task exited with return code 0
[2023-10-17T11:23:37.913+0000] {taskinstance.py:2778} INFO - 0 downstream tasks scheduled from follow-on schedule check
[2023-10-18T11:48:16.869+0000] {taskinstance.py:1159} INFO - Dependencies all met for dep_context=non-requeueable deps ti=<TaskInstance: copy_tranform_to_mongo.waiting_for_data scheduled__2022-08-20T00:00:00+00:00 [queued]>
[2023-10-18T11:48:16.886+0000] {taskinstance.py:1159} INFO - Dependencies all met for dep_context=requeueable deps ti=<TaskInstance: copy_tranform_to_mongo.waiting_for_data scheduled__2022-08-20T00:00:00+00:00 [queued]>
[2023-10-18T11:48:16.887+0000] {taskinstance.py:1361} INFO - Starting attempt 1 of 1
[2023-10-18T11:48:16.909+0000] {taskinstance.py:1382} INFO - Executing <Task(FileSensor): waiting_for_data> on 2022-08-20 00:00:00+00:00
[2023-10-18T11:48:16.919+0000] {standard_task_runner.py:57} INFO - Started process 2916 to run task
[2023-10-18T11:48:16.925+0000] {standard_task_runner.py:84} INFO - Running: ['***', 'tasks', 'run', 'copy_tranform_to_mongo', 'waiting_for_data', 'scheduled__2022-08-20T00:00:00+00:00', '--job-id', '1154', '--raw', '--subdir', 'DAGS_FOLDER/file_***-mongo.py', '--cfg-path', '/tmp/tmp5x88f4fp']
[2023-10-18T11:48:16.927+0000] {standard_task_runner.py:85} INFO - Job 1154: Subtask waiting_for_data
[2023-10-18T11:48:17.001+0000] {task_command.py:416} INFO - Running <TaskInstance: copy_tranform_to_mongo.waiting_for_data scheduled__2022-08-20T00:00:00+00:00 [running]> on host 0e68aa52dfc7
[2023-10-18T11:48:17.107+0000] {taskinstance.py:1662} INFO - Exporting env vars: AIRFLOW_CTX_DAG_OWNER='***' AIRFLOW_CTX_DAG_ID='copy_tranform_to_mongo' AIRFLOW_CTX_TASK_ID='waiting_for_data' AIRFLOW_CTX_EXECUTION_DATE='2022-08-20T00:00:00+00:00' AIRFLOW_CTX_TRY_NUMBER='1' AIRFLOW_CTX_DAG_RUN_ID='scheduled__2022-08-20T00:00:00+00:00'
[2023-10-18T11:48:17.121+0000] {base.py:73} INFO - Using connection ID 'fs_default' for task execution.
[2023-10-18T11:48:17.122+0000] {filesystem.py:64} INFO - Poking for file /opt/in/tiktok_google_play_reviews.csv
[2023-10-18T11:48:17.122+0000] {filesystem.py:69} INFO - Found File /opt/in/tiktok_google_play_reviews.csv last modified: 20220405221612
[2023-10-18T11:48:17.122+0000] {base.py:287} INFO - Success criteria met. Exiting.
[2023-10-18T11:48:17.137+0000] {taskinstance.py:1400} INFO - Marking task as SUCCESS. dag_id=copy_tranform_to_mongo, task_id=waiting_for_data, execution_date=20220820T000000, start_date=20231018T114816, end_date=20231018T114817
[2023-10-18T11:48:17.178+0000] {local_task_job_runner.py:228} INFO - Task exited with return code 0
[2023-10-18T11:48:17.214+0000] {taskinstance.py:2778} INFO - 1 downstream tasks scheduled from follow-on schedule check
