[2023-10-17T11:20:41.486+0000] {taskinstance.py:1159} INFO - Dependencies all met for dep_context=non-requeueable deps ti=<TaskInstance: copy_tranform_to_mongo.waiting_for_data scheduled__2021-10-17T00:00:00+00:00 [queued]>
[2023-10-17T11:20:41.493+0000] {taskinstance.py:1159} INFO - Dependencies all met for dep_context=requeueable deps ti=<TaskInstance: copy_tranform_to_mongo.waiting_for_data scheduled__2021-10-17T00:00:00+00:00 [queued]>
[2023-10-17T11:20:41.493+0000] {taskinstance.py:1361} INFO - Starting attempt 1 of 1
[2023-10-17T11:20:41.505+0000] {taskinstance.py:1382} INFO - Executing <Task(FileSensor): waiting_for_data> on 2021-10-17 00:00:00+00:00
[2023-10-17T11:20:41.513+0000] {standard_task_runner.py:57} INFO - Started process 1029 to run task
[2023-10-17T11:20:41.515+0000] {standard_task_runner.py:84} INFO - Running: ['***', 'tasks', 'run', 'copy_tranform_to_mongo', 'waiting_for_data', 'scheduled__2021-10-17T00:00:00+00:00', '--job-id', '294', '--raw', '--subdir', 'DAGS_FOLDER/file_***-mongo.py', '--cfg-path', '/tmp/tmpl6fivvhj']
[2023-10-17T11:20:41.516+0000] {standard_task_runner.py:85} INFO - Job 294: Subtask waiting_for_data
[2023-10-17T11:20:41.560+0000] {task_command.py:416} INFO - Running <TaskInstance: copy_tranform_to_mongo.waiting_for_data scheduled__2021-10-17T00:00:00+00:00 [running]> on host 238c1d4ff767
[2023-10-17T11:20:41.636+0000] {taskinstance.py:1662} INFO - Exporting env vars: AIRFLOW_CTX_DAG_OWNER='***' AIRFLOW_CTX_DAG_ID='copy_tranform_to_mongo' AIRFLOW_CTX_TASK_ID='waiting_for_data' AIRFLOW_CTX_EXECUTION_DATE='2021-10-17T00:00:00+00:00' AIRFLOW_CTX_TRY_NUMBER='1' AIRFLOW_CTX_DAG_RUN_ID='scheduled__2021-10-17T00:00:00+00:00'
[2023-10-17T11:20:41.646+0000] {base.py:73} INFO - Using connection ID 'fs_default' for task execution.
[2023-10-17T11:20:41.647+0000] {filesystem.py:64} INFO - Poking for file /opt/in/tiktok_google_play_reviews.csv
[2023-10-17T11:20:41.647+0000] {filesystem.py:69} INFO - Found File /opt/in/tiktok_google_play_reviews.csv last modified: 20220405221612
[2023-10-17T11:20:41.647+0000] {base.py:287} INFO - Success criteria met. Exiting.
[2023-10-17T11:20:41.656+0000] {taskinstance.py:1400} INFO - Marking task as SUCCESS. dag_id=copy_tranform_to_mongo, task_id=waiting_for_data, execution_date=20211017T000000, start_date=20231017T112041, end_date=20231017T112041
[2023-10-17T11:20:41.687+0000] {local_task_job_runner.py:228} INFO - Task exited with return code 0
[2023-10-17T11:20:41.703+0000] {taskinstance.py:2778} INFO - 0 downstream tasks scheduled from follow-on schedule check
[2023-10-18T11:45:06.224+0000] {taskinstance.py:1159} INFO - Dependencies all met for dep_context=non-requeueable deps ti=<TaskInstance: copy_tranform_to_mongo.waiting_for_data scheduled__2021-10-17T00:00:00+00:00 [queued]>
[2023-10-18T11:45:06.235+0000] {taskinstance.py:1159} INFO - Dependencies all met for dep_context=requeueable deps ti=<TaskInstance: copy_tranform_to_mongo.waiting_for_data scheduled__2021-10-17T00:00:00+00:00 [queued]>
[2023-10-18T11:45:06.235+0000] {taskinstance.py:1361} INFO - Starting attempt 1 of 1
[2023-10-18T11:45:06.254+0000] {taskinstance.py:1382} INFO - Executing <Task(FileSensor): waiting_for_data> on 2021-10-17 00:00:00+00:00
[2023-10-18T11:45:06.263+0000] {standard_task_runner.py:57} INFO - Started process 1640 to run task
[2023-10-18T11:45:06.266+0000] {standard_task_runner.py:84} INFO - Running: ['***', 'tasks', 'run', 'copy_tranform_to_mongo', 'waiting_for_data', 'scheduled__2021-10-17T00:00:00+00:00', '--job-id', '540', '--raw', '--subdir', 'DAGS_FOLDER/file_***-mongo.py', '--cfg-path', '/tmp/tmpzicfurfn']
[2023-10-18T11:45:06.268+0000] {standard_task_runner.py:85} INFO - Job 540: Subtask waiting_for_data
[2023-10-18T11:45:06.333+0000] {task_command.py:416} INFO - Running <TaskInstance: copy_tranform_to_mongo.waiting_for_data scheduled__2021-10-17T00:00:00+00:00 [running]> on host 0e68aa52dfc7
[2023-10-18T11:45:06.422+0000] {taskinstance.py:1662} INFO - Exporting env vars: AIRFLOW_CTX_DAG_OWNER='***' AIRFLOW_CTX_DAG_ID='copy_tranform_to_mongo' AIRFLOW_CTX_TASK_ID='waiting_for_data' AIRFLOW_CTX_EXECUTION_DATE='2021-10-17T00:00:00+00:00' AIRFLOW_CTX_TRY_NUMBER='1' AIRFLOW_CTX_DAG_RUN_ID='scheduled__2021-10-17T00:00:00+00:00'
[2023-10-18T11:45:06.434+0000] {base.py:73} INFO - Using connection ID 'fs_default' for task execution.
[2023-10-18T11:45:06.435+0000] {filesystem.py:64} INFO - Poking for file /opt/in/tiktok_google_play_reviews.csv
[2023-10-18T11:45:06.437+0000] {filesystem.py:69} INFO - Found File /opt/in/tiktok_google_play_reviews.csv last modified: 20220405221612
[2023-10-18T11:45:06.437+0000] {base.py:287} INFO - Success criteria met. Exiting.
[2023-10-18T11:45:06.451+0000] {taskinstance.py:1400} INFO - Marking task as SUCCESS. dag_id=copy_tranform_to_mongo, task_id=waiting_for_data, execution_date=20211017T000000, start_date=20231018T114506, end_date=20231018T114506
[2023-10-18T11:45:06.484+0000] {local_task_job_runner.py:228} INFO - Task exited with return code 0
[2023-10-18T11:45:06.525+0000] {taskinstance.py:2778} INFO - 0 downstream tasks scheduled from follow-on schedule check
