[2023-10-19T13:03:22.187+0000] {taskinstance.py:1159} INFO - Dependencies all met for dep_context=non-requeueable deps ti=<TaskInstance: copy_tranform_to_mongo.transform_data_by_pandas scheduled__2021-01-04T00:00:00+00:00 [queued]>
[2023-10-19T13:03:22.206+0000] {taskinstance.py:1159} INFO - Dependencies all met for dep_context=requeueable deps ti=<TaskInstance: copy_tranform_to_mongo.transform_data_by_pandas scheduled__2021-01-04T00:00:00+00:00 [queued]>
[2023-10-19T13:03:22.207+0000] {taskinstance.py:1361} INFO - Starting attempt 1 of 1
[2023-10-19T13:03:22.238+0000] {taskinstance.py:1382} INFO - Executing <Task(DockerOperator): transform_data_by_pandas> on 2021-01-04 00:00:00+00:00
[2023-10-19T13:03:22.246+0000] {standard_task_runner.py:57} INFO - Started process 136 to run task
[2023-10-19T13:03:22.250+0000] {standard_task_runner.py:84} INFO - Running: ['***', 'tasks', 'run', 'copy_tranform_to_mongo', 'transform_data_by_pandas', 'scheduled__2021-01-04T00:00:00+00:00', '--job-id', '14', '--raw', '--subdir', 'DAGS_FOLDER/file_***-mongo.py', '--cfg-path', '/tmp/tmpq1pw21y5']
[2023-10-19T13:03:22.255+0000] {standard_task_runner.py:85} INFO - Job 14: Subtask transform_data_by_pandas
[2023-10-19T13:03:22.329+0000] {task_command.py:416} INFO - Running <TaskInstance: copy_tranform_to_mongo.transform_data_by_pandas scheduled__2021-01-04T00:00:00+00:00 [running]> on host f2b9ba520501
[2023-10-19T13:03:22.428+0000] {taskinstance.py:1662} INFO - Exporting env vars: AIRFLOW_CTX_DAG_OWNER='***' AIRFLOW_CTX_DAG_ID='copy_tranform_to_mongo' AIRFLOW_CTX_TASK_ID='transform_data_by_pandas' AIRFLOW_CTX_EXECUTION_DATE='2021-01-04T00:00:00+00:00' AIRFLOW_CTX_TRY_NUMBER='1' AIRFLOW_CTX_DAG_RUN_ID='scheduled__2021-01-04T00:00:00+00:00'
[2023-10-19T13:03:22.456+0000] {docker.py:337} INFO - Starting docker container from image python/pandas:1.0.0
[2023-10-19T13:03:23.748+0000] {docker.py:406} INFO - Input Notebook:  /opt/pandasapp/notebooks/tiktok_google_reviews.ipynb
[2023-10-19T13:03:23.749+0000] {docker.py:406} INFO - Output Notebook: /opt/pandasapp/notebooks/tiktok_google_reviews.ipynb
[2023-10-19T13:03:23.865+0000] {docker.py:406} INFO - Executing:   0%|          | 0/27 [00:00<?, ?cell/s]
[2023-10-19T13:03:26.048+0000] {docker.py:406} INFO - Executing notebook with kernel: python3
[2023-10-19T13:03:26.101+0000] {docker.py:406} INFO - Executing:   4%|▎         | 1/27 [00:02<00:57,  2.23s/cell]
[2023-10-19T13:03:28.187+0000] {docker.py:406} INFO - Executing:  15%|█▍        | 4/27 [00:04<00:22,  1.01cell/s]
[2023-10-19T13:03:33.815+0000] {docker.py:406} INFO - Executing:  22%|██▏       | 6/27 [00:09<00:37,  1.78s/cell]
[2023-10-19T13:03:34.012+0000] {docker.py:406} INFO - Executing:  33%|███▎      | 9/27 [00:10<00:17,  1.05cell/s]
[2023-10-19T13:03:34.181+0000] {docker.py:406} INFO - Executing:  41%|████      | 11/27 [00:10<00:10,  1.47cell/s]
[2023-10-19T13:03:34.525+0000] {docker.py:406} INFO - Executing:  44%|████▍     | 12/27 [00:10<00:09,  1.62cell/s]
[2023-10-19T13:03:34.763+0000] {docker.py:406} INFO - Executing:  48%|████▊     | 13/27 [00:10<00:07,  1.85cell/s]
[2023-10-19T13:03:34.872+0000] {docker.py:406} INFO - Executing:  52%|█████▏    | 14/27 [00:11<00:05,  2.27cell/s]
[2023-10-19T13:03:35.648+0000] {docker.py:406} INFO - Executing:  59%|█████▉    | 16/27 [00:11<00:04,  2.38cell/s]
[2023-10-19T13:03:37.986+0000] {docker.py:406} INFO - Executing:  63%|██████▎   | 17/27 [00:14<00:08,  1.19cell/s]
[2023-10-19T13:03:38.353+0000] {docker.py:406} INFO - Executing:  70%|███████   | 19/27 [00:14<00:04,  1.70cell/s]
[2023-10-19T13:03:40.502+0000] {docker.py:406} INFO - Executing:  74%|███████▍  | 20/27 [00:16<00:06,  1.08cell/s]
[2023-10-19T13:03:41.227+0000] {docker.py:406} INFO - Executing:  78%|███████▊  | 21/27 [00:17<00:05,  1.14cell/s]
[2023-10-19T13:03:42.855+0000] {docker.py:406} INFO - Executing:  81%|████████▏ | 22/27 [00:18<00:05,  1.07s/cell]
[2023-10-19T13:03:44.157+0000] {docker.py:406} INFO - Executing:  85%|████████▌ | 23/27 [00:20<00:04,  1.13s/cell]
[2023-10-19T13:03:44.502+0000] {docker.py:406} INFO - Executing:  93%|█████████▎| 25/27 [00:20<00:01,  1.40cell/s]
[2023-10-19T13:03:50.385+0000] {docker.py:406} INFO - Executing:  96%|█████████▋| 26/27 [00:26<00:01,  1.93s/cell]
[2023-10-19T13:03:50.566+0000] {docker.py:406} INFO - Executing: 100%|██████████| 27/27 [00:26<00:00,  1.49s/cell]
[2023-10-19T13:03:53.335+0000] {docker.py:406} INFO - Executing: 100%|██████████| 27/27 [00:29<00:00,  1.09s/cell]
[2023-10-19T13:03:55.146+0000] {taskinstance.py:1400} INFO - Marking task as SUCCESS. dag_id=copy_tranform_to_mongo, task_id=transform_data_by_pandas, execution_date=20210104T000000, start_date=20231019T130322, end_date=20231019T130355
[2023-10-19T13:03:55.295+0000] {local_task_job_runner.py:228} INFO - Task exited with return code 0
[2023-10-19T13:03:55.410+0000] {taskinstance.py:2778} INFO - 1 downstream tasks scheduled from follow-on schedule check
