[2023-10-17T11:26:17.548+0000] {taskinstance.py:1159} INFO - Dependencies all met for dep_context=non-requeueable deps ti=<TaskInstance: copy_tranform_to_mongo.waiting_for_data scheduled__2023-06-11T00:00:00+00:00 [queued]>
[2023-10-17T11:26:17.554+0000] {taskinstance.py:1159} INFO - Dependencies all met for dep_context=requeueable deps ti=<TaskInstance: copy_tranform_to_mongo.waiting_for_data scheduled__2023-06-11T00:00:00+00:00 [queued]>
[2023-10-17T11:26:17.554+0000] {taskinstance.py:1361} INFO - Starting attempt 1 of 1
[2023-10-17T11:26:17.570+0000] {taskinstance.py:1382} INFO - Executing <Task(FileSensor): waiting_for_data> on 2023-06-11 00:00:00+00:00
[2023-10-17T11:26:17.575+0000] {standard_task_runner.py:57} INFO - Started process 2318 to run task
[2023-10-17T11:26:17.577+0000] {standard_task_runner.py:84} INFO - Running: ['***', 'tasks', 'run', 'copy_tranform_to_mongo', 'waiting_for_data', 'scheduled__2023-06-11T00:00:00+00:00', '--job-id', '896', '--raw', '--subdir', 'DAGS_FOLDER/file_***-mongo.py', '--cfg-path', '/tmp/tmpqrb7cz54']
[2023-10-17T11:26:17.578+0000] {standard_task_runner.py:85} INFO - Job 896: Subtask waiting_for_data
[2023-10-17T11:26:17.616+0000] {task_command.py:416} INFO - Running <TaskInstance: copy_tranform_to_mongo.waiting_for_data scheduled__2023-06-11T00:00:00+00:00 [running]> on host 238c1d4ff767
[2023-10-17T11:26:17.667+0000] {taskinstance.py:1662} INFO - Exporting env vars: AIRFLOW_CTX_DAG_OWNER='***' AIRFLOW_CTX_DAG_ID='copy_tranform_to_mongo' AIRFLOW_CTX_TASK_ID='waiting_for_data' AIRFLOW_CTX_EXECUTION_DATE='2023-06-11T00:00:00+00:00' AIRFLOW_CTX_TRY_NUMBER='1' AIRFLOW_CTX_DAG_RUN_ID='scheduled__2023-06-11T00:00:00+00:00'
[2023-10-17T11:26:17.673+0000] {base.py:73} INFO - Using connection ID 'fs_default' for task execution.
[2023-10-17T11:26:17.673+0000] {filesystem.py:64} INFO - Poking for file /opt/in/tiktok_google_play_reviews.csv
[2023-10-17T11:26:17.673+0000] {filesystem.py:69} INFO - Found File /opt/in/tiktok_google_play_reviews.csv last modified: 20220405221612
[2023-10-17T11:26:17.673+0000] {base.py:287} INFO - Success criteria met. Exiting.
[2023-10-17T11:26:17.679+0000] {taskinstance.py:1400} INFO - Marking task as SUCCESS. dag_id=copy_tranform_to_mongo, task_id=waiting_for_data, execution_date=20230611T000000, start_date=20231017T112617, end_date=20231017T112617
[2023-10-17T11:26:17.709+0000] {local_task_job_runner.py:228} INFO - Task exited with return code 0
[2023-10-17T11:26:17.731+0000] {taskinstance.py:2778} INFO - 0 downstream tasks scheduled from follow-on schedule check
[2023-10-18T11:51:34.084+0000] {taskinstance.py:1159} INFO - Dependencies all met for dep_context=non-requeueable deps ti=<TaskInstance: copy_tranform_to_mongo.waiting_for_data scheduled__2023-06-11T00:00:00+00:00 [queued]>
[2023-10-18T11:51:34.094+0000] {taskinstance.py:1159} INFO - Dependencies all met for dep_context=requeueable deps ti=<TaskInstance: copy_tranform_to_mongo.waiting_for_data scheduled__2023-06-11T00:00:00+00:00 [queued]>
[2023-10-18T11:51:34.094+0000] {taskinstance.py:1361} INFO - Starting attempt 1 of 1
[2023-10-18T11:51:34.106+0000] {taskinstance.py:1382} INFO - Executing <Task(FileSensor): waiting_for_data> on 2023-06-11 00:00:00+00:00
[2023-10-18T11:51:34.113+0000] {standard_task_runner.py:57} INFO - Started process 4144 to run task
[2023-10-18T11:51:34.116+0000] {standard_task_runner.py:84} INFO - Running: ['***', 'tasks', 'run', 'copy_tranform_to_mongo', 'waiting_for_data', 'scheduled__2023-06-11T00:00:00+00:00', '--job-id', '1746', '--raw', '--subdir', 'DAGS_FOLDER/file_***-mongo.py', '--cfg-path', '/tmp/tmp02283n7o']
[2023-10-18T11:51:34.116+0000] {standard_task_runner.py:85} INFO - Job 1746: Subtask waiting_for_data
[2023-10-18T11:51:34.159+0000] {task_command.py:416} INFO - Running <TaskInstance: copy_tranform_to_mongo.waiting_for_data scheduled__2023-06-11T00:00:00+00:00 [running]> on host 0e68aa52dfc7
[2023-10-18T11:51:34.219+0000] {taskinstance.py:1662} INFO - Exporting env vars: AIRFLOW_CTX_DAG_OWNER='***' AIRFLOW_CTX_DAG_ID='copy_tranform_to_mongo' AIRFLOW_CTX_TASK_ID='waiting_for_data' AIRFLOW_CTX_EXECUTION_DATE='2023-06-11T00:00:00+00:00' AIRFLOW_CTX_TRY_NUMBER='1' AIRFLOW_CTX_DAG_RUN_ID='scheduled__2023-06-11T00:00:00+00:00'
[2023-10-18T11:51:34.226+0000] {base.py:73} INFO - Using connection ID 'fs_default' for task execution.
[2023-10-18T11:51:34.227+0000] {filesystem.py:64} INFO - Poking for file /opt/in/tiktok_google_play_reviews.csv
[2023-10-18T11:51:34.227+0000] {filesystem.py:69} INFO - Found File /opt/in/tiktok_google_play_reviews.csv last modified: 20220405221612
[2023-10-18T11:51:34.227+0000] {base.py:287} INFO - Success criteria met. Exiting.
[2023-10-18T11:51:34.235+0000] {taskinstance.py:1400} INFO - Marking task as SUCCESS. dag_id=copy_tranform_to_mongo, task_id=waiting_for_data, execution_date=20230611T000000, start_date=20231018T115134, end_date=20231018T115134
[2023-10-18T11:51:34.289+0000] {local_task_job_runner.py:228} INFO - Task exited with return code 0
[2023-10-18T11:51:34.310+0000] {taskinstance.py:2778} INFO - 1 downstream tasks scheduled from follow-on schedule check
