[2023-10-17T11:23:39.792+0000] {taskinstance.py:1159} INFO - Dependencies all met for dep_context=non-requeueable deps ti=<TaskInstance: copy_tranform_to_mongo.waiting_for_data scheduled__2022-08-22T00:00:00+00:00 [queued]>
[2023-10-17T11:23:39.802+0000] {taskinstance.py:1159} INFO - Dependencies all met for dep_context=requeueable deps ti=<TaskInstance: copy_tranform_to_mongo.waiting_for_data scheduled__2022-08-22T00:00:00+00:00 [queued]>
[2023-10-17T11:23:39.802+0000] {taskinstance.py:1361} INFO - Starting attempt 1 of 1
[2023-10-17T11:23:39.819+0000] {taskinstance.py:1382} INFO - Executing <Task(FileSensor): waiting_for_data> on 2022-08-22 00:00:00+00:00
[2023-10-17T11:23:39.828+0000] {standard_task_runner.py:57} INFO - Started process 1695 to run task
[2023-10-17T11:23:39.831+0000] {standard_task_runner.py:84} INFO - Running: ['***', 'tasks', 'run', 'copy_tranform_to_mongo', 'waiting_for_data', 'scheduled__2022-08-22T00:00:00+00:00', '--job-id', '603', '--raw', '--subdir', 'DAGS_FOLDER/file_***-mongo.py', '--cfg-path', '/tmp/tmp15srl0yr']
[2023-10-17T11:23:39.832+0000] {standard_task_runner.py:85} INFO - Job 603: Subtask waiting_for_data
[2023-10-17T11:23:39.877+0000] {task_command.py:416} INFO - Running <TaskInstance: copy_tranform_to_mongo.waiting_for_data scheduled__2022-08-22T00:00:00+00:00 [running]> on host 238c1d4ff767
[2023-10-17T11:23:39.961+0000] {taskinstance.py:1662} INFO - Exporting env vars: AIRFLOW_CTX_DAG_OWNER='***' AIRFLOW_CTX_DAG_ID='copy_tranform_to_mongo' AIRFLOW_CTX_TASK_ID='waiting_for_data' AIRFLOW_CTX_EXECUTION_DATE='2022-08-22T00:00:00+00:00' AIRFLOW_CTX_TRY_NUMBER='1' AIRFLOW_CTX_DAG_RUN_ID='scheduled__2022-08-22T00:00:00+00:00'
[2023-10-17T11:23:39.971+0000] {base.py:73} INFO - Using connection ID 'fs_default' for task execution.
[2023-10-17T11:23:39.971+0000] {filesystem.py:64} INFO - Poking for file /opt/in/tiktok_google_play_reviews.csv
[2023-10-17T11:23:39.971+0000] {filesystem.py:69} INFO - Found File /opt/in/tiktok_google_play_reviews.csv last modified: 20220405221612
[2023-10-17T11:23:39.971+0000] {base.py:287} INFO - Success criteria met. Exiting.
[2023-10-17T11:23:39.981+0000] {taskinstance.py:1400} INFO - Marking task as SUCCESS. dag_id=copy_tranform_to_mongo, task_id=waiting_for_data, execution_date=20220822T000000, start_date=20231017T112339, end_date=20231017T112339
[2023-10-17T11:23:40.008+0000] {local_task_job_runner.py:228} INFO - Task exited with return code 0
[2023-10-17T11:23:40.047+0000] {taskinstance.py:2778} INFO - 0 downstream tasks scheduled from follow-on schedule check
[2023-10-18T11:48:19.774+0000] {taskinstance.py:1159} INFO - Dependencies all met for dep_context=non-requeueable deps ti=<TaskInstance: copy_tranform_to_mongo.waiting_for_data scheduled__2022-08-22T00:00:00+00:00 [queued]>
[2023-10-18T11:48:19.781+0000] {taskinstance.py:1159} INFO - Dependencies all met for dep_context=requeueable deps ti=<TaskInstance: copy_tranform_to_mongo.waiting_for_data scheduled__2022-08-22T00:00:00+00:00 [queued]>
[2023-10-18T11:48:19.782+0000] {taskinstance.py:1361} INFO - Starting attempt 1 of 1
[2023-10-18T11:48:19.790+0000] {taskinstance.py:1382} INFO - Executing <Task(FileSensor): waiting_for_data> on 2022-08-22 00:00:00+00:00
[2023-10-18T11:48:19.795+0000] {standard_task_runner.py:57} INFO - Started process 2928 to run task
[2023-10-18T11:48:19.797+0000] {standard_task_runner.py:84} INFO - Running: ['***', 'tasks', 'run', 'copy_tranform_to_mongo', 'waiting_for_data', 'scheduled__2022-08-22T00:00:00+00:00', '--job-id', '1162', '--raw', '--subdir', 'DAGS_FOLDER/file_***-mongo.py', '--cfg-path', '/tmp/tmpzooh0gor']
[2023-10-18T11:48:19.798+0000] {standard_task_runner.py:85} INFO - Job 1162: Subtask waiting_for_data
[2023-10-18T11:48:19.831+0000] {task_command.py:416} INFO - Running <TaskInstance: copy_tranform_to_mongo.waiting_for_data scheduled__2022-08-22T00:00:00+00:00 [running]> on host 0e68aa52dfc7
[2023-10-18T11:48:19.881+0000] {taskinstance.py:1662} INFO - Exporting env vars: AIRFLOW_CTX_DAG_OWNER='***' AIRFLOW_CTX_DAG_ID='copy_tranform_to_mongo' AIRFLOW_CTX_TASK_ID='waiting_for_data' AIRFLOW_CTX_EXECUTION_DATE='2022-08-22T00:00:00+00:00' AIRFLOW_CTX_TRY_NUMBER='1' AIRFLOW_CTX_DAG_RUN_ID='scheduled__2022-08-22T00:00:00+00:00'
[2023-10-18T11:48:19.888+0000] {base.py:73} INFO - Using connection ID 'fs_default' for task execution.
[2023-10-18T11:48:19.889+0000] {filesystem.py:64} INFO - Poking for file /opt/in/tiktok_google_play_reviews.csv
[2023-10-18T11:48:19.889+0000] {filesystem.py:69} INFO - Found File /opt/in/tiktok_google_play_reviews.csv last modified: 20220405221612
[2023-10-18T11:48:19.889+0000] {base.py:287} INFO - Success criteria met. Exiting.
[2023-10-18T11:48:19.895+0000] {taskinstance.py:1400} INFO - Marking task as SUCCESS. dag_id=copy_tranform_to_mongo, task_id=waiting_for_data, execution_date=20220822T000000, start_date=20231018T114819, end_date=20231018T114819
[2023-10-18T11:48:19.928+0000] {local_task_job_runner.py:228} INFO - Task exited with return code 0
[2023-10-18T11:48:19.950+0000] {taskinstance.py:2778} INFO - 1 downstream tasks scheduled from follow-on schedule check
