[2023-10-17T11:24:43.212+0000] {taskinstance.py:1159} INFO - Dependencies all met for dep_context=non-requeueable deps ti=<TaskInstance: copy_tranform_to_mongo.waiting_for_data scheduled__2022-12-06T00:00:00+00:00 [queued]>
[2023-10-17T11:24:43.221+0000] {taskinstance.py:1159} INFO - Dependencies all met for dep_context=requeueable deps ti=<TaskInstance: copy_tranform_to_mongo.waiting_for_data scheduled__2022-12-06T00:00:00+00:00 [queued]>
[2023-10-17T11:24:43.222+0000] {taskinstance.py:1361} INFO - Starting attempt 1 of 1
[2023-10-17T11:24:43.265+0000] {taskinstance.py:1382} INFO - Executing <Task(FileSensor): waiting_for_data> on 2022-12-06 00:00:00+00:00
[2023-10-17T11:24:43.273+0000] {standard_task_runner.py:57} INFO - Started process 1922 to run task
[2023-10-17T11:24:43.275+0000] {standard_task_runner.py:84} INFO - Running: ['***', 'tasks', 'run', 'copy_tranform_to_mongo', 'waiting_for_data', 'scheduled__2022-12-06T00:00:00+00:00', '--job-id', '709', '--raw', '--subdir', 'DAGS_FOLDER/file_***-mongo.py', '--cfg-path', '/tmp/tmpkj7j1fpz']
[2023-10-17T11:24:43.276+0000] {standard_task_runner.py:85} INFO - Job 709: Subtask waiting_for_data
[2023-10-17T11:24:43.322+0000] {task_command.py:416} INFO - Running <TaskInstance: copy_tranform_to_mongo.waiting_for_data scheduled__2022-12-06T00:00:00+00:00 [running]> on host 238c1d4ff767
[2023-10-17T11:24:43.400+0000] {taskinstance.py:1662} INFO - Exporting env vars: AIRFLOW_CTX_DAG_OWNER='***' AIRFLOW_CTX_DAG_ID='copy_tranform_to_mongo' AIRFLOW_CTX_TASK_ID='waiting_for_data' AIRFLOW_CTX_EXECUTION_DATE='2022-12-06T00:00:00+00:00' AIRFLOW_CTX_TRY_NUMBER='1' AIRFLOW_CTX_DAG_RUN_ID='scheduled__2022-12-06T00:00:00+00:00'
[2023-10-17T11:24:43.408+0000] {base.py:73} INFO - Using connection ID 'fs_default' for task execution.
[2023-10-17T11:24:43.408+0000] {filesystem.py:64} INFO - Poking for file /opt/in/tiktok_google_play_reviews.csv
[2023-10-17T11:24:43.409+0000] {filesystem.py:69} INFO - Found File /opt/in/tiktok_google_play_reviews.csv last modified: 20220405221612
[2023-10-17T11:24:43.409+0000] {base.py:287} INFO - Success criteria met. Exiting.
[2023-10-17T11:24:43.418+0000] {taskinstance.py:1400} INFO - Marking task as SUCCESS. dag_id=copy_tranform_to_mongo, task_id=waiting_for_data, execution_date=20221206T000000, start_date=20231017T112443, end_date=20231017T112443
[2023-10-17T11:24:43.448+0000] {local_task_job_runner.py:228} INFO - Task exited with return code 0
[2023-10-17T11:24:43.462+0000] {taskinstance.py:2778} INFO - 0 downstream tasks scheduled from follow-on schedule check
[2023-10-18T11:49:45.311+0000] {taskinstance.py:1159} INFO - Dependencies all met for dep_context=non-requeueable deps ti=<TaskInstance: copy_tranform_to_mongo.waiting_for_data scheduled__2022-12-06T00:00:00+00:00 [queued]>
[2023-10-18T11:49:45.324+0000] {taskinstance.py:1159} INFO - Dependencies all met for dep_context=requeueable deps ti=<TaskInstance: copy_tranform_to_mongo.waiting_for_data scheduled__2022-12-06T00:00:00+00:00 [queued]>
[2023-10-18T11:49:45.325+0000] {taskinstance.py:1361} INFO - Starting attempt 1 of 1
[2023-10-18T11:49:45.339+0000] {taskinstance.py:1382} INFO - Executing <Task(FileSensor): waiting_for_data> on 2022-12-06 00:00:00+00:00
[2023-10-18T11:49:45.344+0000] {standard_task_runner.py:57} INFO - Started process 3379 to run task
[2023-10-18T11:49:45.347+0000] {standard_task_runner.py:84} INFO - Running: ['***', 'tasks', 'run', 'copy_tranform_to_mongo', 'waiting_for_data', 'scheduled__2022-12-06T00:00:00+00:00', '--job-id', '1374', '--raw', '--subdir', 'DAGS_FOLDER/file_***-mongo.py', '--cfg-path', '/tmp/tmpq04re73t']
[2023-10-18T11:49:45.348+0000] {standard_task_runner.py:85} INFO - Job 1374: Subtask waiting_for_data
[2023-10-18T11:49:45.406+0000] {task_command.py:416} INFO - Running <TaskInstance: copy_tranform_to_mongo.waiting_for_data scheduled__2022-12-06T00:00:00+00:00 [running]> on host 0e68aa52dfc7
[2023-10-18T11:49:45.534+0000] {taskinstance.py:1662} INFO - Exporting env vars: AIRFLOW_CTX_DAG_OWNER='***' AIRFLOW_CTX_DAG_ID='copy_tranform_to_mongo' AIRFLOW_CTX_TASK_ID='waiting_for_data' AIRFLOW_CTX_EXECUTION_DATE='2022-12-06T00:00:00+00:00' AIRFLOW_CTX_TRY_NUMBER='1' AIRFLOW_CTX_DAG_RUN_ID='scheduled__2022-12-06T00:00:00+00:00'
[2023-10-18T11:49:45.548+0000] {base.py:73} INFO - Using connection ID 'fs_default' for task execution.
[2023-10-18T11:49:45.549+0000] {filesystem.py:64} INFO - Poking for file /opt/in/tiktok_google_play_reviews.csv
[2023-10-18T11:49:45.549+0000] {filesystem.py:69} INFO - Found File /opt/in/tiktok_google_play_reviews.csv last modified: 20220405221612
[2023-10-18T11:49:45.550+0000] {base.py:287} INFO - Success criteria met. Exiting.
[2023-10-18T11:49:45.560+0000] {taskinstance.py:1400} INFO - Marking task as SUCCESS. dag_id=copy_tranform_to_mongo, task_id=waiting_for_data, execution_date=20221206T000000, start_date=20231018T114945, end_date=20231018T114945
[2023-10-18T11:49:45.599+0000] {local_task_job_runner.py:228} INFO - Task exited with return code 0
[2023-10-18T11:49:45.628+0000] {taskinstance.py:2778} INFO - 1 downstream tasks scheduled from follow-on schedule check
