[2023-10-17T11:24:17.975+0000] {taskinstance.py:1159} INFO - Dependencies all met for dep_context=non-requeueable deps ti=<TaskInstance: copy_tranform_to_mongo.waiting_for_data scheduled__2022-11-08T00:00:00+00:00 [queued]>
[2023-10-17T11:24:17.981+0000] {taskinstance.py:1159} INFO - Dependencies all met for dep_context=requeueable deps ti=<TaskInstance: copy_tranform_to_mongo.waiting_for_data scheduled__2022-11-08T00:00:00+00:00 [queued]>
[2023-10-17T11:24:17.982+0000] {taskinstance.py:1361} INFO - Starting attempt 1 of 1
[2023-10-17T11:24:17.991+0000] {taskinstance.py:1382} INFO - Executing <Task(FileSensor): waiting_for_data> on 2022-11-08 00:00:00+00:00
[2023-10-17T11:24:17.997+0000] {standard_task_runner.py:57} INFO - Started process 1856 to run task
[2023-10-17T11:24:17.999+0000] {standard_task_runner.py:84} INFO - Running: ['***', 'tasks', 'run', 'copy_tranform_to_mongo', 'waiting_for_data', 'scheduled__2022-11-08T00:00:00+00:00', '--job-id', '681', '--raw', '--subdir', 'DAGS_FOLDER/file_***-mongo.py', '--cfg-path', '/tmp/tmp07_wcjtd']
[2023-10-17T11:24:18.000+0000] {standard_task_runner.py:85} INFO - Job 681: Subtask waiting_for_data
[2023-10-17T11:24:18.034+0000] {task_command.py:416} INFO - Running <TaskInstance: copy_tranform_to_mongo.waiting_for_data scheduled__2022-11-08T00:00:00+00:00 [running]> on host 238c1d4ff767
[2023-10-17T11:24:18.093+0000] {taskinstance.py:1662} INFO - Exporting env vars: AIRFLOW_CTX_DAG_OWNER='***' AIRFLOW_CTX_DAG_ID='copy_tranform_to_mongo' AIRFLOW_CTX_TASK_ID='waiting_for_data' AIRFLOW_CTX_EXECUTION_DATE='2022-11-08T00:00:00+00:00' AIRFLOW_CTX_TRY_NUMBER='1' AIRFLOW_CTX_DAG_RUN_ID='scheduled__2022-11-08T00:00:00+00:00'
[2023-10-17T11:24:18.099+0000] {base.py:73} INFO - Using connection ID 'fs_default' for task execution.
[2023-10-17T11:24:18.099+0000] {filesystem.py:64} INFO - Poking for file /opt/in/tiktok_google_play_reviews.csv
[2023-10-17T11:24:18.100+0000] {filesystem.py:69} INFO - Found File /opt/in/tiktok_google_play_reviews.csv last modified: 20220405221612
[2023-10-17T11:24:18.100+0000] {base.py:287} INFO - Success criteria met. Exiting.
[2023-10-17T11:24:18.106+0000] {taskinstance.py:1400} INFO - Marking task as SUCCESS. dag_id=copy_tranform_to_mongo, task_id=waiting_for_data, execution_date=20221108T000000, start_date=20231017T112417, end_date=20231017T112418
[2023-10-17T11:24:18.131+0000] {local_task_job_runner.py:228} INFO - Task exited with return code 0
[2023-10-17T11:24:18.148+0000] {taskinstance.py:2778} INFO - 0 downstream tasks scheduled from follow-on schedule check
[2023-10-18T11:49:05.954+0000] {taskinstance.py:1159} INFO - Dependencies all met for dep_context=non-requeueable deps ti=<TaskInstance: copy_tranform_to_mongo.waiting_for_data scheduled__2022-11-08T00:00:00+00:00 [queued]>
[2023-10-18T11:49:05.965+0000] {taskinstance.py:1159} INFO - Dependencies all met for dep_context=requeueable deps ti=<TaskInstance: copy_tranform_to_mongo.waiting_for_data scheduled__2022-11-08T00:00:00+00:00 [queued]>
[2023-10-18T11:49:05.965+0000] {taskinstance.py:1361} INFO - Starting attempt 1 of 1
[2023-10-18T11:49:05.981+0000] {taskinstance.py:1382} INFO - Executing <Task(FileSensor): waiting_for_data> on 2022-11-08 00:00:00+00:00
[2023-10-18T11:49:05.986+0000] {standard_task_runner.py:57} INFO - Started process 3249 to run task
[2023-10-18T11:49:05.989+0000] {standard_task_runner.py:84} INFO - Running: ['***', 'tasks', 'run', 'copy_tranform_to_mongo', 'waiting_for_data', 'scheduled__2022-11-08T00:00:00+00:00', '--job-id', '1317', '--raw', '--subdir', 'DAGS_FOLDER/file_***-mongo.py', '--cfg-path', '/tmp/tmpd20zyvk5']
[2023-10-18T11:49:05.990+0000] {standard_task_runner.py:85} INFO - Job 1317: Subtask waiting_for_data
[2023-10-18T11:49:06.033+0000] {task_command.py:416} INFO - Running <TaskInstance: copy_tranform_to_mongo.waiting_for_data scheduled__2022-11-08T00:00:00+00:00 [running]> on host 0e68aa52dfc7
[2023-10-18T11:49:06.117+0000] {taskinstance.py:1662} INFO - Exporting env vars: AIRFLOW_CTX_DAG_OWNER='***' AIRFLOW_CTX_DAG_ID='copy_tranform_to_mongo' AIRFLOW_CTX_TASK_ID='waiting_for_data' AIRFLOW_CTX_EXECUTION_DATE='2022-11-08T00:00:00+00:00' AIRFLOW_CTX_TRY_NUMBER='1' AIRFLOW_CTX_DAG_RUN_ID='scheduled__2022-11-08T00:00:00+00:00'
[2023-10-18T11:49:06.129+0000] {base.py:73} INFO - Using connection ID 'fs_default' for task execution.
[2023-10-18T11:49:06.129+0000] {filesystem.py:64} INFO - Poking for file /opt/in/tiktok_google_play_reviews.csv
[2023-10-18T11:49:06.129+0000] {filesystem.py:69} INFO - Found File /opt/in/tiktok_google_play_reviews.csv last modified: 20220405221612
[2023-10-18T11:49:06.130+0000] {base.py:287} INFO - Success criteria met. Exiting.
[2023-10-18T11:49:06.139+0000] {taskinstance.py:1400} INFO - Marking task as SUCCESS. dag_id=copy_tranform_to_mongo, task_id=waiting_for_data, execution_date=20221108T000000, start_date=20231018T114905, end_date=20231018T114906
[2023-10-18T11:49:06.201+0000] {local_task_job_runner.py:228} INFO - Task exited with return code 0
[2023-10-18T11:49:06.234+0000] {taskinstance.py:2778} INFO - 1 downstream tasks scheduled from follow-on schedule check
