[2023-10-17T11:26:07.330+0000] {taskinstance.py:1159} INFO - Dependencies all met for dep_context=non-requeueable deps ti=<TaskInstance: copy_tranform_to_mongo.waiting_for_data scheduled__2023-06-01T00:00:00+00:00 [queued]>
[2023-10-17T11:26:07.335+0000] {taskinstance.py:1159} INFO - Dependencies all met for dep_context=requeueable deps ti=<TaskInstance: copy_tranform_to_mongo.waiting_for_data scheduled__2023-06-01T00:00:00+00:00 [queued]>
[2023-10-17T11:26:07.335+0000] {taskinstance.py:1361} INFO - Starting attempt 1 of 1
[2023-10-17T11:26:07.343+0000] {taskinstance.py:1382} INFO - Executing <Task(FileSensor): waiting_for_data> on 2023-06-01 00:00:00+00:00
[2023-10-17T11:26:07.347+0000] {standard_task_runner.py:57} INFO - Started process 2290 to run task
[2023-10-17T11:26:07.349+0000] {standard_task_runner.py:84} INFO - Running: ['***', 'tasks', 'run', 'copy_tranform_to_mongo', 'waiting_for_data', 'scheduled__2023-06-01T00:00:00+00:00', '--job-id', '886', '--raw', '--subdir', 'DAGS_FOLDER/file_***-mongo.py', '--cfg-path', '/tmp/tmpao3ugi1h']
[2023-10-17T11:26:07.349+0000] {standard_task_runner.py:85} INFO - Job 886: Subtask waiting_for_data
[2023-10-17T11:26:07.379+0000] {task_command.py:416} INFO - Running <TaskInstance: copy_tranform_to_mongo.waiting_for_data scheduled__2023-06-01T00:00:00+00:00 [running]> on host 238c1d4ff767
[2023-10-17T11:26:07.431+0000] {taskinstance.py:1662} INFO - Exporting env vars: AIRFLOW_CTX_DAG_OWNER='***' AIRFLOW_CTX_DAG_ID='copy_tranform_to_mongo' AIRFLOW_CTX_TASK_ID='waiting_for_data' AIRFLOW_CTX_EXECUTION_DATE='2023-06-01T00:00:00+00:00' AIRFLOW_CTX_TRY_NUMBER='1' AIRFLOW_CTX_DAG_RUN_ID='scheduled__2023-06-01T00:00:00+00:00'
[2023-10-17T11:26:07.438+0000] {base.py:73} INFO - Using connection ID 'fs_default' for task execution.
[2023-10-17T11:26:07.438+0000] {filesystem.py:64} INFO - Poking for file /opt/in/tiktok_google_play_reviews.csv
[2023-10-17T11:26:07.439+0000] {filesystem.py:69} INFO - Found File /opt/in/tiktok_google_play_reviews.csv last modified: 20220405221612
[2023-10-17T11:26:07.439+0000] {base.py:287} INFO - Success criteria met. Exiting.
[2023-10-17T11:26:07.445+0000] {taskinstance.py:1400} INFO - Marking task as SUCCESS. dag_id=copy_tranform_to_mongo, task_id=waiting_for_data, execution_date=20230601T000000, start_date=20231017T112607, end_date=20231017T112607
[2023-10-17T11:26:07.481+0000] {local_task_job_runner.py:228} INFO - Task exited with return code 0
[2023-10-17T11:26:07.505+0000] {taskinstance.py:2778} INFO - 0 downstream tasks scheduled from follow-on schedule check
[2023-10-18T11:51:28.338+0000] {taskinstance.py:1159} INFO - Dependencies all met for dep_context=non-requeueable deps ti=<TaskInstance: copy_tranform_to_mongo.waiting_for_data scheduled__2023-06-01T00:00:00+00:00 [queued]>
[2023-10-18T11:51:28.350+0000] {taskinstance.py:1159} INFO - Dependencies all met for dep_context=requeueable deps ti=<TaskInstance: copy_tranform_to_mongo.waiting_for_data scheduled__2023-06-01T00:00:00+00:00 [queued]>
[2023-10-18T11:51:28.350+0000] {taskinstance.py:1361} INFO - Starting attempt 1 of 1
[2023-10-18T11:51:28.369+0000] {taskinstance.py:1382} INFO - Executing <Task(FileSensor): waiting_for_data> on 2023-06-01 00:00:00+00:00
[2023-10-18T11:51:28.375+0000] {standard_task_runner.py:57} INFO - Started process 4105 to run task
[2023-10-18T11:51:28.380+0000] {standard_task_runner.py:84} INFO - Running: ['***', 'tasks', 'run', 'copy_tranform_to_mongo', 'waiting_for_data', 'scheduled__2023-06-01T00:00:00+00:00', '--job-id', '1726', '--raw', '--subdir', 'DAGS_FOLDER/file_***-mongo.py', '--cfg-path', '/tmp/tmp8sz60q7m']
[2023-10-18T11:51:28.381+0000] {standard_task_runner.py:85} INFO - Job 1726: Subtask waiting_for_data
[2023-10-18T11:51:28.433+0000] {task_command.py:416} INFO - Running <TaskInstance: copy_tranform_to_mongo.waiting_for_data scheduled__2023-06-01T00:00:00+00:00 [running]> on host 0e68aa52dfc7
[2023-10-18T11:51:28.553+0000] {taskinstance.py:1662} INFO - Exporting env vars: AIRFLOW_CTX_DAG_OWNER='***' AIRFLOW_CTX_DAG_ID='copy_tranform_to_mongo' AIRFLOW_CTX_TASK_ID='waiting_for_data' AIRFLOW_CTX_EXECUTION_DATE='2023-06-01T00:00:00+00:00' AIRFLOW_CTX_TRY_NUMBER='1' AIRFLOW_CTX_DAG_RUN_ID='scheduled__2023-06-01T00:00:00+00:00'
[2023-10-18T11:51:28.567+0000] {base.py:73} INFO - Using connection ID 'fs_default' for task execution.
[2023-10-18T11:51:28.568+0000] {filesystem.py:64} INFO - Poking for file /opt/in/tiktok_google_play_reviews.csv
[2023-10-18T11:51:28.568+0000] {filesystem.py:69} INFO - Found File /opt/in/tiktok_google_play_reviews.csv last modified: 20220405221612
[2023-10-18T11:51:28.568+0000] {base.py:287} INFO - Success criteria met. Exiting.
[2023-10-18T11:51:28.583+0000] {taskinstance.py:1400} INFO - Marking task as SUCCESS. dag_id=copy_tranform_to_mongo, task_id=waiting_for_data, execution_date=20230601T000000, start_date=20231018T115128, end_date=20231018T115128
[2023-10-18T11:51:28.641+0000] {local_task_job_runner.py:228} INFO - Task exited with return code 0
[2023-10-18T11:51:28.675+0000] {taskinstance.py:2778} INFO - 1 downstream tasks scheduled from follow-on schedule check
