[2023-10-17T11:25:31.854+0000] {taskinstance.py:1159} INFO - Dependencies all met for dep_context=non-requeueable deps ti=<TaskInstance: copy_tranform_to_mongo.waiting_for_data scheduled__2023-04-03T00:00:00+00:00 [queued]>
[2023-10-17T11:25:31.864+0000] {taskinstance.py:1159} INFO - Dependencies all met for dep_context=requeueable deps ti=<TaskInstance: copy_tranform_to_mongo.waiting_for_data scheduled__2023-04-03T00:00:00+00:00 [queued]>
[2023-10-17T11:25:31.865+0000] {taskinstance.py:1361} INFO - Starting attempt 1 of 1
[2023-10-17T11:25:31.922+0000] {taskinstance.py:1382} INFO - Executing <Task(FileSensor): waiting_for_data> on 2023-04-03 00:00:00+00:00
[2023-10-17T11:25:31.928+0000] {standard_task_runner.py:57} INFO - Started process 2166 to run task
[2023-10-17T11:25:31.931+0000] {standard_task_runner.py:84} INFO - Running: ['***', 'tasks', 'run', 'copy_tranform_to_mongo', 'waiting_for_data', 'scheduled__2023-04-03T00:00:00+00:00', '--job-id', '827', '--raw', '--subdir', 'DAGS_FOLDER/file_***-mongo.py', '--cfg-path', '/tmp/tmpyn3p43bw']
[2023-10-17T11:25:31.932+0000] {standard_task_runner.py:85} INFO - Job 827: Subtask waiting_for_data
[2023-10-17T11:25:31.975+0000] {task_command.py:416} INFO - Running <TaskInstance: copy_tranform_to_mongo.waiting_for_data scheduled__2023-04-03T00:00:00+00:00 [running]> on host 238c1d4ff767
[2023-10-17T11:25:32.049+0000] {taskinstance.py:1662} INFO - Exporting env vars: AIRFLOW_CTX_DAG_OWNER='***' AIRFLOW_CTX_DAG_ID='copy_tranform_to_mongo' AIRFLOW_CTX_TASK_ID='waiting_for_data' AIRFLOW_CTX_EXECUTION_DATE='2023-04-03T00:00:00+00:00' AIRFLOW_CTX_TRY_NUMBER='1' AIRFLOW_CTX_DAG_RUN_ID='scheduled__2023-04-03T00:00:00+00:00'
[2023-10-17T11:25:32.057+0000] {base.py:73} INFO - Using connection ID 'fs_default' for task execution.
[2023-10-17T11:25:32.057+0000] {filesystem.py:64} INFO - Poking for file /opt/in/tiktok_google_play_reviews.csv
[2023-10-17T11:25:32.058+0000] {filesystem.py:69} INFO - Found File /opt/in/tiktok_google_play_reviews.csv last modified: 20220405221612
[2023-10-17T11:25:32.058+0000] {base.py:287} INFO - Success criteria met. Exiting.
[2023-10-17T11:25:32.066+0000] {taskinstance.py:1400} INFO - Marking task as SUCCESS. dag_id=copy_tranform_to_mongo, task_id=waiting_for_data, execution_date=20230403T000000, start_date=20231017T112531, end_date=20231017T112532
[2023-10-17T11:25:32.105+0000] {local_task_job_runner.py:228} INFO - Task exited with return code 0
[2023-10-17T11:25:32.118+0000] {taskinstance.py:2778} INFO - 0 downstream tasks scheduled from follow-on schedule check
[2023-10-18T11:50:53.548+0000] {taskinstance.py:1159} INFO - Dependencies all met for dep_context=non-requeueable deps ti=<TaskInstance: copy_tranform_to_mongo.waiting_for_data scheduled__2023-04-03T00:00:00+00:00 [queued]>
[2023-10-18T11:50:53.556+0000] {taskinstance.py:1159} INFO - Dependencies all met for dep_context=requeueable deps ti=<TaskInstance: copy_tranform_to_mongo.waiting_for_data scheduled__2023-04-03T00:00:00+00:00 [queued]>
[2023-10-18T11:50:53.557+0000] {taskinstance.py:1361} INFO - Starting attempt 1 of 1
[2023-10-18T11:50:53.570+0000] {taskinstance.py:1382} INFO - Executing <Task(FileSensor): waiting_for_data> on 2023-04-03 00:00:00+00:00
[2023-10-18T11:50:53.576+0000] {standard_task_runner.py:57} INFO - Started process 3864 to run task
[2023-10-18T11:50:53.578+0000] {standard_task_runner.py:84} INFO - Running: ['***', 'tasks', 'run', 'copy_tranform_to_mongo', 'waiting_for_data', 'scheduled__2023-04-03T00:00:00+00:00', '--job-id', '1609', '--raw', '--subdir', 'DAGS_FOLDER/file_***-mongo.py', '--cfg-path', '/tmp/tmpk5__3_1t']
[2023-10-18T11:50:53.579+0000] {standard_task_runner.py:85} INFO - Job 1609: Subtask waiting_for_data
[2023-10-18T11:50:53.631+0000] {task_command.py:416} INFO - Running <TaskInstance: copy_tranform_to_mongo.waiting_for_data scheduled__2023-04-03T00:00:00+00:00 [running]> on host 0e68aa52dfc7
[2023-10-18T11:50:53.718+0000] {taskinstance.py:1662} INFO - Exporting env vars: AIRFLOW_CTX_DAG_OWNER='***' AIRFLOW_CTX_DAG_ID='copy_tranform_to_mongo' AIRFLOW_CTX_TASK_ID='waiting_for_data' AIRFLOW_CTX_EXECUTION_DATE='2023-04-03T00:00:00+00:00' AIRFLOW_CTX_TRY_NUMBER='1' AIRFLOW_CTX_DAG_RUN_ID='scheduled__2023-04-03T00:00:00+00:00'
[2023-10-18T11:50:53.734+0000] {base.py:73} INFO - Using connection ID 'fs_default' for task execution.
[2023-10-18T11:50:53.735+0000] {filesystem.py:64} INFO - Poking for file /opt/in/tiktok_google_play_reviews.csv
[2023-10-18T11:50:53.736+0000] {filesystem.py:69} INFO - Found File /opt/in/tiktok_google_play_reviews.csv last modified: 20220405221612
[2023-10-18T11:50:53.736+0000] {base.py:287} INFO - Success criteria met. Exiting.
[2023-10-18T11:50:53.748+0000] {taskinstance.py:1400} INFO - Marking task as SUCCESS. dag_id=copy_tranform_to_mongo, task_id=waiting_for_data, execution_date=20230403T000000, start_date=20231018T115053, end_date=20231018T115053
[2023-10-18T11:50:53.792+0000] {local_task_job_runner.py:228} INFO - Task exited with return code 0
[2023-10-18T11:50:53.833+0000] {taskinstance.py:2778} INFO - 1 downstream tasks scheduled from follow-on schedule check
