[2023-10-17T11:20:41.933+0000] {taskinstance.py:1159} INFO - Dependencies all met for dep_context=non-requeueable deps ti=<TaskInstance: copy_tranform_to_mongo.waiting_for_data scheduled__2021-10-21T00:00:00+00:00 [queued]>
[2023-10-17T11:20:41.940+0000] {taskinstance.py:1159} INFO - Dependencies all met for dep_context=requeueable deps ti=<TaskInstance: copy_tranform_to_mongo.waiting_for_data scheduled__2021-10-21T00:00:00+00:00 [queued]>
[2023-10-17T11:20:41.940+0000] {taskinstance.py:1361} INFO - Starting attempt 1 of 1
[2023-10-17T11:20:41.951+0000] {taskinstance.py:1382} INFO - Executing <Task(FileSensor): waiting_for_data> on 2021-10-21 00:00:00+00:00
[2023-10-17T11:20:41.958+0000] {standard_task_runner.py:57} INFO - Started process 1036 to run task
[2023-10-17T11:20:41.960+0000] {standard_task_runner.py:84} INFO - Running: ['***', 'tasks', 'run', 'copy_tranform_to_mongo', 'waiting_for_data', 'scheduled__2021-10-21T00:00:00+00:00', '--job-id', '298', '--raw', '--subdir', 'DAGS_FOLDER/file_***-mongo.py', '--cfg-path', '/tmp/tmpvchjsu6_']
[2023-10-17T11:20:41.961+0000] {standard_task_runner.py:85} INFO - Job 298: Subtask waiting_for_data
[2023-10-17T11:20:41.999+0000] {task_command.py:416} INFO - Running <TaskInstance: copy_tranform_to_mongo.waiting_for_data scheduled__2021-10-21T00:00:00+00:00 [running]> on host 238c1d4ff767
[2023-10-17T11:20:42.060+0000] {taskinstance.py:1662} INFO - Exporting env vars: AIRFLOW_CTX_DAG_OWNER='***' AIRFLOW_CTX_DAG_ID='copy_tranform_to_mongo' AIRFLOW_CTX_TASK_ID='waiting_for_data' AIRFLOW_CTX_EXECUTION_DATE='2021-10-21T00:00:00+00:00' AIRFLOW_CTX_TRY_NUMBER='1' AIRFLOW_CTX_DAG_RUN_ID='scheduled__2021-10-21T00:00:00+00:00'
[2023-10-17T11:20:42.069+0000] {base.py:73} INFO - Using connection ID 'fs_default' for task execution.
[2023-10-17T11:20:42.070+0000] {filesystem.py:64} INFO - Poking for file /opt/in/tiktok_google_play_reviews.csv
[2023-10-17T11:20:42.070+0000] {filesystem.py:69} INFO - Found File /opt/in/tiktok_google_play_reviews.csv last modified: 20220405221612
[2023-10-17T11:20:42.070+0000] {base.py:287} INFO - Success criteria met. Exiting.
[2023-10-17T11:20:42.077+0000] {taskinstance.py:1400} INFO - Marking task as SUCCESS. dag_id=copy_tranform_to_mongo, task_id=waiting_for_data, execution_date=20211021T000000, start_date=20231017T112041, end_date=20231017T112042
[2023-10-17T11:20:42.092+0000] {local_task_job_runner.py:228} INFO - Task exited with return code 0
[2023-10-17T11:20:42.105+0000] {taskinstance.py:2778} INFO - 0 downstream tasks scheduled from follow-on schedule check
[2023-10-18T11:45:10.108+0000] {taskinstance.py:1159} INFO - Dependencies all met for dep_context=non-requeueable deps ti=<TaskInstance: copy_tranform_to_mongo.waiting_for_data scheduled__2021-10-21T00:00:00+00:00 [queued]>
[2023-10-18T11:45:10.118+0000] {taskinstance.py:1159} INFO - Dependencies all met for dep_context=requeueable deps ti=<TaskInstance: copy_tranform_to_mongo.waiting_for_data scheduled__2021-10-21T00:00:00+00:00 [queued]>
[2023-10-18T11:45:10.118+0000] {taskinstance.py:1361} INFO - Starting attempt 1 of 1
[2023-10-18T11:45:10.134+0000] {taskinstance.py:1382} INFO - Executing <Task(FileSensor): waiting_for_data> on 2021-10-21 00:00:00+00:00
[2023-10-18T11:45:10.142+0000] {standard_task_runner.py:57} INFO - Started process 1658 to run task
[2023-10-18T11:45:10.146+0000] {standard_task_runner.py:84} INFO - Running: ['***', 'tasks', 'run', 'copy_tranform_to_mongo', 'waiting_for_data', 'scheduled__2021-10-21T00:00:00+00:00', '--job-id', '550', '--raw', '--subdir', 'DAGS_FOLDER/file_***-mongo.py', '--cfg-path', '/tmp/tmpny5286db']
[2023-10-18T11:45:10.148+0000] {standard_task_runner.py:85} INFO - Job 550: Subtask waiting_for_data
[2023-10-18T11:45:10.194+0000] {task_command.py:416} INFO - Running <TaskInstance: copy_tranform_to_mongo.waiting_for_data scheduled__2021-10-21T00:00:00+00:00 [running]> on host 0e68aa52dfc7
[2023-10-18T11:45:10.265+0000] {taskinstance.py:1662} INFO - Exporting env vars: AIRFLOW_CTX_DAG_OWNER='***' AIRFLOW_CTX_DAG_ID='copy_tranform_to_mongo' AIRFLOW_CTX_TASK_ID='waiting_for_data' AIRFLOW_CTX_EXECUTION_DATE='2021-10-21T00:00:00+00:00' AIRFLOW_CTX_TRY_NUMBER='1' AIRFLOW_CTX_DAG_RUN_ID='scheduled__2021-10-21T00:00:00+00:00'
[2023-10-18T11:45:10.274+0000] {base.py:73} INFO - Using connection ID 'fs_default' for task execution.
[2023-10-18T11:45:10.275+0000] {filesystem.py:64} INFO - Poking for file /opt/in/tiktok_google_play_reviews.csv
[2023-10-18T11:45:10.275+0000] {filesystem.py:69} INFO - Found File /opt/in/tiktok_google_play_reviews.csv last modified: 20220405221612
[2023-10-18T11:45:10.275+0000] {base.py:287} INFO - Success criteria met. Exiting.
[2023-10-18T11:45:10.285+0000] {taskinstance.py:1400} INFO - Marking task as SUCCESS. dag_id=copy_tranform_to_mongo, task_id=waiting_for_data, execution_date=20211021T000000, start_date=20231018T114510, end_date=20231018T114510
[2023-10-18T11:45:10.321+0000] {local_task_job_runner.py:228} INFO - Task exited with return code 0
[2023-10-18T11:45:10.351+0000] {taskinstance.py:2778} INFO - 1 downstream tasks scheduled from follow-on schedule check
