[2023-10-17T11:20:21.774+0000] {taskinstance.py:1159} INFO - Dependencies all met for dep_context=non-requeueable deps ti=<TaskInstance: copy_tranform_to_mongo.waiting_for_data scheduled__2021-09-04T00:00:00+00:00 [queued]>
[2023-10-17T11:20:21.781+0000] {taskinstance.py:1159} INFO - Dependencies all met for dep_context=requeueable deps ti=<TaskInstance: copy_tranform_to_mongo.waiting_for_data scheduled__2021-09-04T00:00:00+00:00 [queued]>
[2023-10-17T11:20:21.781+0000] {taskinstance.py:1361} INFO - Starting attempt 1 of 1
[2023-10-17T11:20:21.790+0000] {taskinstance.py:1382} INFO - Executing <Task(FileSensor): waiting_for_data> on 2021-09-04 00:00:00+00:00
[2023-10-17T11:20:21.795+0000] {standard_task_runner.py:57} INFO - Started process 941 to run task
[2023-10-17T11:20:21.797+0000] {standard_task_runner.py:84} INFO - Running: ['***', 'tasks', 'run', 'copy_tranform_to_mongo', 'waiting_for_data', 'scheduled__2021-09-04T00:00:00+00:00', '--job-id', '251', '--raw', '--subdir', 'DAGS_FOLDER/file_***-mongo.py', '--cfg-path', '/tmp/tmpzt2agjyh']
[2023-10-17T11:20:21.798+0000] {standard_task_runner.py:85} INFO - Job 251: Subtask waiting_for_data
[2023-10-17T11:20:21.833+0000] {task_command.py:416} INFO - Running <TaskInstance: copy_tranform_to_mongo.waiting_for_data scheduled__2021-09-04T00:00:00+00:00 [running]> on host 238c1d4ff767
[2023-10-17T11:20:21.891+0000] {taskinstance.py:1662} INFO - Exporting env vars: AIRFLOW_CTX_DAG_OWNER='***' AIRFLOW_CTX_DAG_ID='copy_tranform_to_mongo' AIRFLOW_CTX_TASK_ID='waiting_for_data' AIRFLOW_CTX_EXECUTION_DATE='2021-09-04T00:00:00+00:00' AIRFLOW_CTX_TRY_NUMBER='1' AIRFLOW_CTX_DAG_RUN_ID='scheduled__2021-09-04T00:00:00+00:00'
[2023-10-17T11:20:21.898+0000] {base.py:73} INFO - Using connection ID 'fs_default' for task execution.
[2023-10-17T11:20:21.898+0000] {filesystem.py:64} INFO - Poking for file /opt/in/tiktok_google_play_reviews.csv
[2023-10-17T11:20:21.898+0000] {filesystem.py:69} INFO - Found File /opt/in/tiktok_google_play_reviews.csv last modified: 20220405221612
[2023-10-17T11:20:21.898+0000] {base.py:287} INFO - Success criteria met. Exiting.
[2023-10-17T11:20:21.904+0000] {taskinstance.py:1400} INFO - Marking task as SUCCESS. dag_id=copy_tranform_to_mongo, task_id=waiting_for_data, execution_date=20210904T000000, start_date=20231017T112021, end_date=20231017T112021
[2023-10-17T11:20:21.929+0000] {local_task_job_runner.py:228} INFO - Task exited with return code 0
[2023-10-17T11:20:21.948+0000] {taskinstance.py:2778} INFO - 0 downstream tasks scheduled from follow-on schedule check
[2023-10-18T10:48:08.414+0000] {taskinstance.py:1159} INFO - Dependencies all met for dep_context=non-requeueable deps ti=<TaskInstance: copy_tranform_to_mongo.waiting_for_data scheduled__2021-09-04T00:00:00+00:00 [queued]>
[2023-10-18T10:48:08.431+0000] {taskinstance.py:1159} INFO - Dependencies all met for dep_context=requeueable deps ti=<TaskInstance: copy_tranform_to_mongo.waiting_for_data scheduled__2021-09-04T00:00:00+00:00 [queued]>
[2023-10-18T10:48:08.432+0000] {taskinstance.py:1361} INFO - Starting attempt 1 of 1
[2023-10-18T10:48:08.448+0000] {taskinstance.py:1382} INFO - Executing <Task(FileSensor): waiting_for_data> on 2021-09-04 00:00:00+00:00
[2023-10-18T10:48:08.456+0000] {standard_task_runner.py:57} INFO - Started process 2057 to run task
[2023-10-18T10:48:08.462+0000] {standard_task_runner.py:84} INFO - Running: ['***', 'tasks', 'run', 'copy_tranform_to_mongo', 'waiting_for_data', 'scheduled__2021-09-04T00:00:00+00:00', '--job-id', '293', '--raw', '--subdir', 'DAGS_FOLDER/file_***-mongo.py', '--cfg-path', '/tmp/tmphyz6ujo7']
[2023-10-18T10:48:08.464+0000] {standard_task_runner.py:85} INFO - Job 293: Subtask waiting_for_data
[2023-10-18T10:48:08.529+0000] {task_command.py:416} INFO - Running <TaskInstance: copy_tranform_to_mongo.waiting_for_data scheduled__2021-09-04T00:00:00+00:00 [running]> on host 2473b23ba069
[2023-10-18T10:48:08.680+0000] {taskinstance.py:1662} INFO - Exporting env vars: AIRFLOW_CTX_DAG_OWNER='***' AIRFLOW_CTX_DAG_ID='copy_tranform_to_mongo' AIRFLOW_CTX_TASK_ID='waiting_for_data' AIRFLOW_CTX_EXECUTION_DATE='2021-09-04T00:00:00+00:00' AIRFLOW_CTX_TRY_NUMBER='1' AIRFLOW_CTX_DAG_RUN_ID='scheduled__2021-09-04T00:00:00+00:00'
[2023-10-18T10:48:08.692+0000] {base.py:73} INFO - Using connection ID 'fs_default' for task execution.
[2023-10-18T10:48:08.692+0000] {filesystem.py:64} INFO - Poking for file /opt/in/tiktok_google_play_reviews.csv
[2023-10-18T10:48:08.693+0000] {filesystem.py:69} INFO - Found File /opt/in/tiktok_google_play_reviews.csv last modified: 20220405221612
[2023-10-18T10:48:08.693+0000] {base.py:287} INFO - Success criteria met. Exiting.
[2023-10-18T10:48:08.705+0000] {taskinstance.py:1400} INFO - Marking task as SUCCESS. dag_id=copy_tranform_to_mongo, task_id=waiting_for_data, execution_date=20210904T000000, start_date=20231018T104808, end_date=20231018T104808
[2023-10-18T10:48:08.761+0000] {local_task_job_runner.py:228} INFO - Task exited with return code 0
[2023-10-18T10:48:08.852+0000] {taskinstance.py:2778} INFO - 1 downstream tasks scheduled from follow-on schedule check
[2023-10-18T11:44:44.775+0000] {taskinstance.py:1159} INFO - Dependencies all met for dep_context=non-requeueable deps ti=<TaskInstance: copy_tranform_to_mongo.waiting_for_data scheduled__2021-09-04T00:00:00+00:00 [queued]>
[2023-10-18T11:44:44.787+0000] {taskinstance.py:1159} INFO - Dependencies all met for dep_context=requeueable deps ti=<TaskInstance: copy_tranform_to_mongo.waiting_for_data scheduled__2021-09-04T00:00:00+00:00 [queued]>
[2023-10-18T11:44:44.787+0000] {taskinstance.py:1361} INFO - Starting attempt 1 of 1
[2023-10-18T11:44:44.803+0000] {taskinstance.py:1382} INFO - Executing <Task(FileSensor): waiting_for_data> on 2021-09-04 00:00:00+00:00
[2023-10-18T11:44:44.812+0000] {standard_task_runner.py:57} INFO - Started process 1461 to run task
[2023-10-18T11:44:44.816+0000] {standard_task_runner.py:84} INFO - Running: ['***', 'tasks', 'run', 'copy_tranform_to_mongo', 'waiting_for_data', 'scheduled__2021-09-04T00:00:00+00:00', '--job-id', '456', '--raw', '--subdir', 'DAGS_FOLDER/file_***-mongo.py', '--cfg-path', '/tmp/tmpbl07d_kj']
[2023-10-18T11:44:44.818+0000] {standard_task_runner.py:85} INFO - Job 456: Subtask waiting_for_data
[2023-10-18T11:44:44.869+0000] {task_command.py:416} INFO - Running <TaskInstance: copy_tranform_to_mongo.waiting_for_data scheduled__2021-09-04T00:00:00+00:00 [running]> on host 0e68aa52dfc7
[2023-10-18T11:44:44.953+0000] {taskinstance.py:1662} INFO - Exporting env vars: AIRFLOW_CTX_DAG_OWNER='***' AIRFLOW_CTX_DAG_ID='copy_tranform_to_mongo' AIRFLOW_CTX_TASK_ID='waiting_for_data' AIRFLOW_CTX_EXECUTION_DATE='2021-09-04T00:00:00+00:00' AIRFLOW_CTX_TRY_NUMBER='1' AIRFLOW_CTX_DAG_RUN_ID='scheduled__2021-09-04T00:00:00+00:00'
[2023-10-18T11:44:44.961+0000] {base.py:73} INFO - Using connection ID 'fs_default' for task execution.
[2023-10-18T11:44:44.962+0000] {filesystem.py:64} INFO - Poking for file /opt/in/tiktok_google_play_reviews.csv
[2023-10-18T11:44:44.962+0000] {filesystem.py:69} INFO - Found File /opt/in/tiktok_google_play_reviews.csv last modified: 20220405221612
[2023-10-18T11:44:44.962+0000] {base.py:287} INFO - Success criteria met. Exiting.
[2023-10-18T11:44:44.972+0000] {taskinstance.py:1400} INFO - Marking task as SUCCESS. dag_id=copy_tranform_to_mongo, task_id=waiting_for_data, execution_date=20210904T000000, start_date=20231018T114444, end_date=20231018T114444
[2023-10-18T11:44:45.027+0000] {local_task_job_runner.py:228} INFO - Task exited with return code 0
[2023-10-18T11:44:45.062+0000] {taskinstance.py:2778} INFO - 0 downstream tasks scheduled from follow-on schedule check
