[2023-10-17T11:24:40.343+0000] {taskinstance.py:1159} INFO - Dependencies all met for dep_context=non-requeueable deps ti=<TaskInstance: copy_tranform_to_mongo.waiting_for_data scheduled__2022-12-01T00:00:00+00:00 [queued]>
[2023-10-17T11:24:40.348+0000] {taskinstance.py:1159} INFO - Dependencies all met for dep_context=requeueable deps ti=<TaskInstance: copy_tranform_to_mongo.waiting_for_data scheduled__2022-12-01T00:00:00+00:00 [queued]>
[2023-10-17T11:24:40.348+0000] {taskinstance.py:1361} INFO - Starting attempt 1 of 1
[2023-10-17T11:24:40.360+0000] {taskinstance.py:1382} INFO - Executing <Task(FileSensor): waiting_for_data> on 2022-12-01 00:00:00+00:00
[2023-10-17T11:24:40.365+0000] {standard_task_runner.py:57} INFO - Started process 1910 to run task
[2023-10-17T11:24:40.367+0000] {standard_task_runner.py:84} INFO - Running: ['***', 'tasks', 'run', 'copy_tranform_to_mongo', 'waiting_for_data', 'scheduled__2022-12-01T00:00:00+00:00', '--job-id', '704', '--raw', '--subdir', 'DAGS_FOLDER/file_***-mongo.py', '--cfg-path', '/tmp/tmpsa_d9ok1']
[2023-10-17T11:24:40.368+0000] {standard_task_runner.py:85} INFO - Job 704: Subtask waiting_for_data
[2023-10-17T11:24:40.401+0000] {task_command.py:416} INFO - Running <TaskInstance: copy_tranform_to_mongo.waiting_for_data scheduled__2022-12-01T00:00:00+00:00 [running]> on host 238c1d4ff767
[2023-10-17T11:24:40.460+0000] {taskinstance.py:1662} INFO - Exporting env vars: AIRFLOW_CTX_DAG_OWNER='***' AIRFLOW_CTX_DAG_ID='copy_tranform_to_mongo' AIRFLOW_CTX_TASK_ID='waiting_for_data' AIRFLOW_CTX_EXECUTION_DATE='2022-12-01T00:00:00+00:00' AIRFLOW_CTX_TRY_NUMBER='1' AIRFLOW_CTX_DAG_RUN_ID='scheduled__2022-12-01T00:00:00+00:00'
[2023-10-17T11:24:40.467+0000] {base.py:73} INFO - Using connection ID 'fs_default' for task execution.
[2023-10-17T11:24:40.467+0000] {filesystem.py:64} INFO - Poking for file /opt/in/tiktok_google_play_reviews.csv
[2023-10-17T11:24:40.467+0000] {filesystem.py:69} INFO - Found File /opt/in/tiktok_google_play_reviews.csv last modified: 20220405221612
[2023-10-17T11:24:40.467+0000] {base.py:287} INFO - Success criteria met. Exiting.
[2023-10-17T11:24:40.473+0000] {taskinstance.py:1400} INFO - Marking task as SUCCESS. dag_id=copy_tranform_to_mongo, task_id=waiting_for_data, execution_date=20221201T000000, start_date=20231017T112440, end_date=20231017T112440
[2023-10-17T11:24:40.499+0000] {local_task_job_runner.py:228} INFO - Task exited with return code 0
[2023-10-17T11:24:40.519+0000] {taskinstance.py:2778} INFO - 0 downstream tasks scheduled from follow-on schedule check
[2023-10-18T11:49:18.136+0000] {taskinstance.py:1159} INFO - Dependencies all met for dep_context=non-requeueable deps ti=<TaskInstance: copy_tranform_to_mongo.waiting_for_data scheduled__2022-12-01T00:00:00+00:00 [queued]>
[2023-10-18T11:49:18.151+0000] {taskinstance.py:1159} INFO - Dependencies all met for dep_context=requeueable deps ti=<TaskInstance: copy_tranform_to_mongo.waiting_for_data scheduled__2022-12-01T00:00:00+00:00 [queued]>
[2023-10-18T11:49:18.151+0000] {taskinstance.py:1361} INFO - Starting attempt 1 of 1
[2023-10-18T11:49:18.166+0000] {taskinstance.py:1382} INFO - Executing <Task(FileSensor): waiting_for_data> on 2022-12-01 00:00:00+00:00
[2023-10-18T11:49:18.175+0000] {standard_task_runner.py:57} INFO - Started process 3345 to run task
[2023-10-18T11:49:18.179+0000] {standard_task_runner.py:84} INFO - Running: ['***', 'tasks', 'run', 'copy_tranform_to_mongo', 'waiting_for_data', 'scheduled__2022-12-01T00:00:00+00:00', '--job-id', '1362', '--raw', '--subdir', 'DAGS_FOLDER/file_***-mongo.py', '--cfg-path', '/tmp/tmpg7ok79z9']
[2023-10-18T11:49:18.180+0000] {standard_task_runner.py:85} INFO - Job 1362: Subtask waiting_for_data
[2023-10-18T11:49:18.223+0000] {task_command.py:416} INFO - Running <TaskInstance: copy_tranform_to_mongo.waiting_for_data scheduled__2022-12-01T00:00:00+00:00 [running]> on host 0e68aa52dfc7
[2023-10-18T11:49:18.297+0000] {taskinstance.py:1662} INFO - Exporting env vars: AIRFLOW_CTX_DAG_OWNER='***' AIRFLOW_CTX_DAG_ID='copy_tranform_to_mongo' AIRFLOW_CTX_TASK_ID='waiting_for_data' AIRFLOW_CTX_EXECUTION_DATE='2022-12-01T00:00:00+00:00' AIRFLOW_CTX_TRY_NUMBER='1' AIRFLOW_CTX_DAG_RUN_ID='scheduled__2022-12-01T00:00:00+00:00'
[2023-10-18T11:49:18.305+0000] {base.py:73} INFO - Using connection ID 'fs_default' for task execution.
[2023-10-18T11:49:18.305+0000] {filesystem.py:64} INFO - Poking for file /opt/in/tiktok_google_play_reviews.csv
[2023-10-18T11:49:18.306+0000] {filesystem.py:69} INFO - Found File /opt/in/tiktok_google_play_reviews.csv last modified: 20220405221612
[2023-10-18T11:49:18.306+0000] {base.py:287} INFO - Success criteria met. Exiting.
[2023-10-18T11:49:18.314+0000] {taskinstance.py:1400} INFO - Marking task as SUCCESS. dag_id=copy_tranform_to_mongo, task_id=waiting_for_data, execution_date=20221201T000000, start_date=20231018T114918, end_date=20231018T114918
[2023-10-18T11:49:18.352+0000] {local_task_job_runner.py:228} INFO - Task exited with return code 0
[2023-10-18T11:49:18.377+0000] {taskinstance.py:2778} INFO - 1 downstream tasks scheduled from follow-on schedule check
