[2023-10-17T11:26:06.851+0000] {taskinstance.py:1159} INFO - Dependencies all met for dep_context=non-requeueable deps ti=<TaskInstance: copy_tranform_to_mongo.waiting_for_data scheduled__2023-05-31T00:00:00+00:00 [queued]>
[2023-10-17T11:26:06.858+0000] {taskinstance.py:1159} INFO - Dependencies all met for dep_context=requeueable deps ti=<TaskInstance: copy_tranform_to_mongo.waiting_for_data scheduled__2023-05-31T00:00:00+00:00 [queued]>
[2023-10-17T11:26:06.858+0000] {taskinstance.py:1361} INFO - Starting attempt 1 of 1
[2023-10-17T11:26:06.870+0000] {taskinstance.py:1382} INFO - Executing <Task(FileSensor): waiting_for_data> on 2023-05-31 00:00:00+00:00
[2023-10-17T11:26:06.875+0000] {standard_task_runner.py:57} INFO - Started process 2288 to run task
[2023-10-17T11:26:06.877+0000] {standard_task_runner.py:84} INFO - Running: ['***', 'tasks', 'run', 'copy_tranform_to_mongo', 'waiting_for_data', 'scheduled__2023-05-31T00:00:00+00:00', '--job-id', '885', '--raw', '--subdir', 'DAGS_FOLDER/file_***-mongo.py', '--cfg-path', '/tmp/tmps_0k0u9p']
[2023-10-17T11:26:06.877+0000] {standard_task_runner.py:85} INFO - Job 885: Subtask waiting_for_data
[2023-10-17T11:26:06.908+0000] {task_command.py:416} INFO - Running <TaskInstance: copy_tranform_to_mongo.waiting_for_data scheduled__2023-05-31T00:00:00+00:00 [running]> on host 238c1d4ff767
[2023-10-17T11:26:06.961+0000] {taskinstance.py:1662} INFO - Exporting env vars: AIRFLOW_CTX_DAG_OWNER='***' AIRFLOW_CTX_DAG_ID='copy_tranform_to_mongo' AIRFLOW_CTX_TASK_ID='waiting_for_data' AIRFLOW_CTX_EXECUTION_DATE='2023-05-31T00:00:00+00:00' AIRFLOW_CTX_TRY_NUMBER='1' AIRFLOW_CTX_DAG_RUN_ID='scheduled__2023-05-31T00:00:00+00:00'
[2023-10-17T11:26:06.967+0000] {base.py:73} INFO - Using connection ID 'fs_default' for task execution.
[2023-10-17T11:26:06.967+0000] {filesystem.py:64} INFO - Poking for file /opt/in/tiktok_google_play_reviews.csv
[2023-10-17T11:26:06.967+0000] {filesystem.py:69} INFO - Found File /opt/in/tiktok_google_play_reviews.csv last modified: 20220405221612
[2023-10-17T11:26:06.967+0000] {base.py:287} INFO - Success criteria met. Exiting.
[2023-10-17T11:26:06.974+0000] {taskinstance.py:1400} INFO - Marking task as SUCCESS. dag_id=copy_tranform_to_mongo, task_id=waiting_for_data, execution_date=20230531T000000, start_date=20231017T112606, end_date=20231017T112606
[2023-10-17T11:26:07.009+0000] {local_task_job_runner.py:228} INFO - Task exited with return code 0
[2023-10-17T11:26:07.035+0000] {taskinstance.py:2778} INFO - 0 downstream tasks scheduled from follow-on schedule check
[2023-10-18T11:51:27.881+0000] {taskinstance.py:1159} INFO - Dependencies all met for dep_context=non-requeueable deps ti=<TaskInstance: copy_tranform_to_mongo.waiting_for_data scheduled__2023-05-31T00:00:00+00:00 [queued]>
[2023-10-18T11:51:27.899+0000] {taskinstance.py:1159} INFO - Dependencies all met for dep_context=requeueable deps ti=<TaskInstance: copy_tranform_to_mongo.waiting_for_data scheduled__2023-05-31T00:00:00+00:00 [queued]>
[2023-10-18T11:51:27.900+0000] {taskinstance.py:1361} INFO - Starting attempt 1 of 1
[2023-10-18T11:51:27.926+0000] {taskinstance.py:1382} INFO - Executing <Task(FileSensor): waiting_for_data> on 2023-05-31 00:00:00+00:00
[2023-10-18T11:51:27.947+0000] {standard_task_runner.py:57} INFO - Started process 4098 to run task
[2023-10-18T11:51:27.953+0000] {standard_task_runner.py:84} INFO - Running: ['***', 'tasks', 'run', 'copy_tranform_to_mongo', 'waiting_for_data', 'scheduled__2023-05-31T00:00:00+00:00', '--job-id', '1721', '--raw', '--subdir', 'DAGS_FOLDER/file_***-mongo.py', '--cfg-path', '/tmp/tmpt5drg1n1']
[2023-10-18T11:51:27.954+0000] {standard_task_runner.py:85} INFO - Job 1721: Subtask waiting_for_data
[2023-10-18T11:51:28.044+0000] {task_command.py:416} INFO - Running <TaskInstance: copy_tranform_to_mongo.waiting_for_data scheduled__2023-05-31T00:00:00+00:00 [running]> on host 0e68aa52dfc7
[2023-10-18T11:51:28.155+0000] {taskinstance.py:1662} INFO - Exporting env vars: AIRFLOW_CTX_DAG_OWNER='***' AIRFLOW_CTX_DAG_ID='copy_tranform_to_mongo' AIRFLOW_CTX_TASK_ID='waiting_for_data' AIRFLOW_CTX_EXECUTION_DATE='2023-05-31T00:00:00+00:00' AIRFLOW_CTX_TRY_NUMBER='1' AIRFLOW_CTX_DAG_RUN_ID='scheduled__2023-05-31T00:00:00+00:00'
[2023-10-18T11:51:28.168+0000] {base.py:73} INFO - Using connection ID 'fs_default' for task execution.
[2023-10-18T11:51:28.169+0000] {filesystem.py:64} INFO - Poking for file /opt/in/tiktok_google_play_reviews.csv
[2023-10-18T11:51:28.169+0000] {filesystem.py:69} INFO - Found File /opt/in/tiktok_google_play_reviews.csv last modified: 20220405221612
[2023-10-18T11:51:28.169+0000] {base.py:287} INFO - Success criteria met. Exiting.
[2023-10-18T11:51:28.179+0000] {taskinstance.py:1400} INFO - Marking task as SUCCESS. dag_id=copy_tranform_to_mongo, task_id=waiting_for_data, execution_date=20230531T000000, start_date=20231018T115127, end_date=20231018T115128
[2023-10-18T11:51:28.229+0000] {local_task_job_runner.py:228} INFO - Task exited with return code 0
[2023-10-18T11:51:28.259+0000] {taskinstance.py:2778} INFO - 1 downstream tasks scheduled from follow-on schedule check
