[2023-10-17T11:23:40.223+0000] {taskinstance.py:1159} INFO - Dependencies all met for dep_context=non-requeueable deps ti=<TaskInstance: copy_tranform_to_mongo.waiting_for_data scheduled__2022-08-26T00:00:00+00:00 [queued]>
[2023-10-17T11:23:40.231+0000] {taskinstance.py:1159} INFO - Dependencies all met for dep_context=requeueable deps ti=<TaskInstance: copy_tranform_to_mongo.waiting_for_data scheduled__2022-08-26T00:00:00+00:00 [queued]>
[2023-10-17T11:23:40.231+0000] {taskinstance.py:1361} INFO - Starting attempt 1 of 1
[2023-10-17T11:23:40.243+0000] {taskinstance.py:1382} INFO - Executing <Task(FileSensor): waiting_for_data> on 2022-08-26 00:00:00+00:00
[2023-10-17T11:23:40.250+0000] {standard_task_runner.py:57} INFO - Started process 1700 to run task
[2023-10-17T11:23:40.252+0000] {standard_task_runner.py:84} INFO - Running: ['***', 'tasks', 'run', 'copy_tranform_to_mongo', 'waiting_for_data', 'scheduled__2022-08-26T00:00:00+00:00', '--job-id', '607', '--raw', '--subdir', 'DAGS_FOLDER/file_***-mongo.py', '--cfg-path', '/tmp/tmpo8pf5mib']
[2023-10-17T11:23:40.253+0000] {standard_task_runner.py:85} INFO - Job 607: Subtask waiting_for_data
[2023-10-17T11:23:40.289+0000] {task_command.py:416} INFO - Running <TaskInstance: copy_tranform_to_mongo.waiting_for_data scheduled__2022-08-26T00:00:00+00:00 [running]> on host 238c1d4ff767
[2023-10-17T11:23:40.365+0000] {taskinstance.py:1662} INFO - Exporting env vars: AIRFLOW_CTX_DAG_OWNER='***' AIRFLOW_CTX_DAG_ID='copy_tranform_to_mongo' AIRFLOW_CTX_TASK_ID='waiting_for_data' AIRFLOW_CTX_EXECUTION_DATE='2022-08-26T00:00:00+00:00' AIRFLOW_CTX_TRY_NUMBER='1' AIRFLOW_CTX_DAG_RUN_ID='scheduled__2022-08-26T00:00:00+00:00'
[2023-10-17T11:23:40.372+0000] {base.py:73} INFO - Using connection ID 'fs_default' for task execution.
[2023-10-17T11:23:40.372+0000] {filesystem.py:64} INFO - Poking for file /opt/in/tiktok_google_play_reviews.csv
[2023-10-17T11:23:40.372+0000] {filesystem.py:69} INFO - Found File /opt/in/tiktok_google_play_reviews.csv last modified: 20220405221612
[2023-10-17T11:23:40.372+0000] {base.py:287} INFO - Success criteria met. Exiting.
[2023-10-17T11:23:40.380+0000] {taskinstance.py:1400} INFO - Marking task as SUCCESS. dag_id=copy_tranform_to_mongo, task_id=waiting_for_data, execution_date=20220826T000000, start_date=20231017T112340, end_date=20231017T112340
[2023-10-17T11:23:40.424+0000] {local_task_job_runner.py:228} INFO - Task exited with return code 0
[2023-10-17T11:23:40.450+0000] {taskinstance.py:2778} INFO - 0 downstream tasks scheduled from follow-on schedule check
[2023-10-18T11:48:21.139+0000] {taskinstance.py:1159} INFO - Dependencies all met for dep_context=non-requeueable deps ti=<TaskInstance: copy_tranform_to_mongo.waiting_for_data scheduled__2022-08-26T00:00:00+00:00 [queued]>
[2023-10-18T11:48:21.154+0000] {taskinstance.py:1159} INFO - Dependencies all met for dep_context=requeueable deps ti=<TaskInstance: copy_tranform_to_mongo.waiting_for_data scheduled__2022-08-26T00:00:00+00:00 [queued]>
[2023-10-18T11:48:21.154+0000] {taskinstance.py:1361} INFO - Starting attempt 1 of 1
[2023-10-18T11:48:21.173+0000] {taskinstance.py:1382} INFO - Executing <Task(FileSensor): waiting_for_data> on 2022-08-26 00:00:00+00:00
[2023-10-18T11:48:21.182+0000] {standard_task_runner.py:57} INFO - Started process 2941 to run task
[2023-10-18T11:48:21.187+0000] {standard_task_runner.py:84} INFO - Running: ['***', 'tasks', 'run', 'copy_tranform_to_mongo', 'waiting_for_data', 'scheduled__2022-08-26T00:00:00+00:00', '--job-id', '1167', '--raw', '--subdir', 'DAGS_FOLDER/file_***-mongo.py', '--cfg-path', '/tmp/tmpwedlxt6z']
[2023-10-18T11:48:21.189+0000] {standard_task_runner.py:85} INFO - Job 1167: Subtask waiting_for_data
[2023-10-18T11:48:21.246+0000] {task_command.py:416} INFO - Running <TaskInstance: copy_tranform_to_mongo.waiting_for_data scheduled__2022-08-26T00:00:00+00:00 [running]> on host 0e68aa52dfc7
[2023-10-18T11:48:21.325+0000] {taskinstance.py:1662} INFO - Exporting env vars: AIRFLOW_CTX_DAG_OWNER='***' AIRFLOW_CTX_DAG_ID='copy_tranform_to_mongo' AIRFLOW_CTX_TASK_ID='waiting_for_data' AIRFLOW_CTX_EXECUTION_DATE='2022-08-26T00:00:00+00:00' AIRFLOW_CTX_TRY_NUMBER='1' AIRFLOW_CTX_DAG_RUN_ID='scheduled__2022-08-26T00:00:00+00:00'
[2023-10-18T11:48:21.336+0000] {base.py:73} INFO - Using connection ID 'fs_default' for task execution.
[2023-10-18T11:48:21.337+0000] {filesystem.py:64} INFO - Poking for file /opt/in/tiktok_google_play_reviews.csv
[2023-10-18T11:48:21.338+0000] {filesystem.py:69} INFO - Found File /opt/in/tiktok_google_play_reviews.csv last modified: 20220405221612
[2023-10-18T11:48:21.338+0000] {base.py:287} INFO - Success criteria met. Exiting.
[2023-10-18T11:48:21.349+0000] {taskinstance.py:1400} INFO - Marking task as SUCCESS. dag_id=copy_tranform_to_mongo, task_id=waiting_for_data, execution_date=20220826T000000, start_date=20231018T114821, end_date=20231018T114821
[2023-10-18T11:48:21.399+0000] {local_task_job_runner.py:228} INFO - Task exited with return code 0
[2023-10-18T11:48:21.466+0000] {taskinstance.py:2778} INFO - 0 downstream tasks scheduled from follow-on schedule check
