[2023-10-17T11:24:56.142+0000] {taskinstance.py:1159} INFO - Dependencies all met for dep_context=non-requeueable deps ti=<TaskInstance: copy_tranform_to_mongo.waiting_for_data scheduled__2023-01-06T00:00:00+00:00 [queued]>
[2023-10-17T11:24:56.153+0000] {taskinstance.py:1159} INFO - Dependencies all met for dep_context=requeueable deps ti=<TaskInstance: copy_tranform_to_mongo.waiting_for_data scheduled__2023-01-06T00:00:00+00:00 [queued]>
[2023-10-17T11:24:56.153+0000] {taskinstance.py:1361} INFO - Starting attempt 1 of 1
[2023-10-17T11:24:56.189+0000] {taskinstance.py:1382} INFO - Executing <Task(FileSensor): waiting_for_data> on 2023-01-06 00:00:00+00:00
[2023-10-17T11:24:56.198+0000] {standard_task_runner.py:57} INFO - Started process 1984 to run task
[2023-10-17T11:24:56.200+0000] {standard_task_runner.py:84} INFO - Running: ['***', 'tasks', 'run', 'copy_tranform_to_mongo', 'waiting_for_data', 'scheduled__2023-01-06T00:00:00+00:00', '--job-id', '740', '--raw', '--subdir', 'DAGS_FOLDER/file_***-mongo.py', '--cfg-path', '/tmp/tmp3t3epi9j']
[2023-10-17T11:24:56.201+0000] {standard_task_runner.py:85} INFO - Job 740: Subtask waiting_for_data
[2023-10-17T11:24:56.248+0000] {task_command.py:416} INFO - Running <TaskInstance: copy_tranform_to_mongo.waiting_for_data scheduled__2023-01-06T00:00:00+00:00 [running]> on host 238c1d4ff767
[2023-10-17T11:24:56.326+0000] {taskinstance.py:1662} INFO - Exporting env vars: AIRFLOW_CTX_DAG_OWNER='***' AIRFLOW_CTX_DAG_ID='copy_tranform_to_mongo' AIRFLOW_CTX_TASK_ID='waiting_for_data' AIRFLOW_CTX_EXECUTION_DATE='2023-01-06T00:00:00+00:00' AIRFLOW_CTX_TRY_NUMBER='1' AIRFLOW_CTX_DAG_RUN_ID='scheduled__2023-01-06T00:00:00+00:00'
[2023-10-17T11:24:56.335+0000] {base.py:73} INFO - Using connection ID 'fs_default' for task execution.
[2023-10-17T11:24:56.335+0000] {filesystem.py:64} INFO - Poking for file /opt/in/tiktok_google_play_reviews.csv
[2023-10-17T11:24:56.335+0000] {filesystem.py:69} INFO - Found File /opt/in/tiktok_google_play_reviews.csv last modified: 20220405221612
[2023-10-17T11:24:56.335+0000] {base.py:287} INFO - Success criteria met. Exiting.
[2023-10-17T11:24:56.343+0000] {taskinstance.py:1400} INFO - Marking task as SUCCESS. dag_id=copy_tranform_to_mongo, task_id=waiting_for_data, execution_date=20230106T000000, start_date=20231017T112456, end_date=20231017T112456
[2023-10-17T11:24:56.373+0000] {local_task_job_runner.py:228} INFO - Task exited with return code 0
[2023-10-17T11:24:56.388+0000] {taskinstance.py:2778} INFO - 0 downstream tasks scheduled from follow-on schedule check
[2023-10-18T11:50:03.103+0000] {taskinstance.py:1159} INFO - Dependencies all met for dep_context=non-requeueable deps ti=<TaskInstance: copy_tranform_to_mongo.waiting_for_data scheduled__2023-01-06T00:00:00+00:00 [queued]>
[2023-10-18T11:50:03.118+0000] {taskinstance.py:1159} INFO - Dependencies all met for dep_context=requeueable deps ti=<TaskInstance: copy_tranform_to_mongo.waiting_for_data scheduled__2023-01-06T00:00:00+00:00 [queued]>
[2023-10-18T11:50:03.119+0000] {taskinstance.py:1361} INFO - Starting attempt 1 of 1
[2023-10-18T11:50:03.140+0000] {taskinstance.py:1382} INFO - Executing <Task(FileSensor): waiting_for_data> on 2023-01-06 00:00:00+00:00
[2023-10-18T11:50:03.150+0000] {standard_task_runner.py:57} INFO - Started process 3497 to run task
[2023-10-18T11:50:03.156+0000] {standard_task_runner.py:84} INFO - Running: ['***', 'tasks', 'run', 'copy_tranform_to_mongo', 'waiting_for_data', 'scheduled__2023-01-06T00:00:00+00:00', '--job-id', '1432', '--raw', '--subdir', 'DAGS_FOLDER/file_***-mongo.py', '--cfg-path', '/tmp/tmp2r3la3xe']
[2023-10-18T11:50:03.157+0000] {standard_task_runner.py:85} INFO - Job 1432: Subtask waiting_for_data
[2023-10-18T11:50:03.228+0000] {task_command.py:416} INFO - Running <TaskInstance: copy_tranform_to_mongo.waiting_for_data scheduled__2023-01-06T00:00:00+00:00 [running]> on host 0e68aa52dfc7
[2023-10-18T11:50:03.335+0000] {taskinstance.py:1662} INFO - Exporting env vars: AIRFLOW_CTX_DAG_OWNER='***' AIRFLOW_CTX_DAG_ID='copy_tranform_to_mongo' AIRFLOW_CTX_TASK_ID='waiting_for_data' AIRFLOW_CTX_EXECUTION_DATE='2023-01-06T00:00:00+00:00' AIRFLOW_CTX_TRY_NUMBER='1' AIRFLOW_CTX_DAG_RUN_ID='scheduled__2023-01-06T00:00:00+00:00'
[2023-10-18T11:50:03.346+0000] {base.py:73} INFO - Using connection ID 'fs_default' for task execution.
[2023-10-18T11:50:03.347+0000] {filesystem.py:64} INFO - Poking for file /opt/in/tiktok_google_play_reviews.csv
[2023-10-18T11:50:03.349+0000] {filesystem.py:69} INFO - Found File /opt/in/tiktok_google_play_reviews.csv last modified: 20220405221612
[2023-10-18T11:50:03.350+0000] {base.py:287} INFO - Success criteria met. Exiting.
[2023-10-18T11:50:03.361+0000] {taskinstance.py:1400} INFO - Marking task as SUCCESS. dag_id=copy_tranform_to_mongo, task_id=waiting_for_data, execution_date=20230106T000000, start_date=20231018T115003, end_date=20231018T115003
[2023-10-18T11:50:03.410+0000] {local_task_job_runner.py:228} INFO - Task exited with return code 0
[2023-10-18T11:50:03.466+0000] {taskinstance.py:2778} INFO - 1 downstream tasks scheduled from follow-on schedule check
