[2023-10-17T11:27:38.348+0000] {taskinstance.py:1159} INFO - Dependencies all met for dep_context=non-requeueable deps ti=<TaskInstance: copy_tranform_to_mongo.waiting_for_data scheduled__2023-10-07T00:00:00+00:00 [queued]>
[2023-10-17T11:27:38.354+0000] {taskinstance.py:1159} INFO - Dependencies all met for dep_context=requeueable deps ti=<TaskInstance: copy_tranform_to_mongo.waiting_for_data scheduled__2023-10-07T00:00:00+00:00 [queued]>
[2023-10-17T11:27:38.354+0000] {taskinstance.py:1361} INFO - Starting attempt 1 of 1
[2023-10-17T11:27:38.363+0000] {taskinstance.py:1382} INFO - Executing <Task(FileSensor): waiting_for_data> on 2023-10-07 00:00:00+00:00
[2023-10-17T11:27:38.367+0000] {standard_task_runner.py:57} INFO - Started process 2570 to run task
[2023-10-17T11:27:38.369+0000] {standard_task_runner.py:84} INFO - Running: ['***', 'tasks', 'run', 'copy_tranform_to_mongo', 'waiting_for_data', 'scheduled__2023-10-07T00:00:00+00:00', '--job-id', '1014', '--raw', '--subdir', 'DAGS_FOLDER/file_***-mongo.py', '--cfg-path', '/tmp/tmpshtdzpt4']
[2023-10-17T11:27:38.369+0000] {standard_task_runner.py:85} INFO - Job 1014: Subtask waiting_for_data
[2023-10-17T11:27:38.400+0000] {task_command.py:416} INFO - Running <TaskInstance: copy_tranform_to_mongo.waiting_for_data scheduled__2023-10-07T00:00:00+00:00 [running]> on host 238c1d4ff767
[2023-10-17T11:27:38.455+0000] {taskinstance.py:1662} INFO - Exporting env vars: AIRFLOW_CTX_DAG_OWNER='***' AIRFLOW_CTX_DAG_ID='copy_tranform_to_mongo' AIRFLOW_CTX_TASK_ID='waiting_for_data' AIRFLOW_CTX_EXECUTION_DATE='2023-10-07T00:00:00+00:00' AIRFLOW_CTX_TRY_NUMBER='1' AIRFLOW_CTX_DAG_RUN_ID='scheduled__2023-10-07T00:00:00+00:00'
[2023-10-17T11:27:38.461+0000] {base.py:73} INFO - Using connection ID 'fs_default' for task execution.
[2023-10-17T11:27:38.462+0000] {filesystem.py:64} INFO - Poking for file /opt/in/tiktok_google_play_reviews.csv
[2023-10-17T11:27:38.462+0000] {filesystem.py:69} INFO - Found File /opt/in/tiktok_google_play_reviews.csv last modified: 20220405221612
[2023-10-17T11:27:38.462+0000] {base.py:287} INFO - Success criteria met. Exiting.
[2023-10-17T11:27:38.468+0000] {taskinstance.py:1400} INFO - Marking task as SUCCESS. dag_id=copy_tranform_to_mongo, task_id=waiting_for_data, execution_date=20231007T000000, start_date=20231017T112738, end_date=20231017T112738
[2023-10-17T11:27:38.501+0000] {local_task_job_runner.py:228} INFO - Task exited with return code 0
[2023-10-17T11:27:38.518+0000] {taskinstance.py:2778} INFO - 0 downstream tasks scheduled from follow-on schedule check
[2023-10-18T11:52:42.352+0000] {taskinstance.py:1159} INFO - Dependencies all met for dep_context=non-requeueable deps ti=<TaskInstance: copy_tranform_to_mongo.waiting_for_data scheduled__2023-10-07T00:00:00+00:00 [queued]>
[2023-10-18T11:52:42.364+0000] {taskinstance.py:1159} INFO - Dependencies all met for dep_context=requeueable deps ti=<TaskInstance: copy_tranform_to_mongo.waiting_for_data scheduled__2023-10-07T00:00:00+00:00 [queued]>
[2023-10-18T11:52:42.364+0000] {taskinstance.py:1361} INFO - Starting attempt 1 of 1
[2023-10-18T11:52:42.380+0000] {taskinstance.py:1382} INFO - Executing <Task(FileSensor): waiting_for_data> on 2023-10-07 00:00:00+00:00
[2023-10-18T11:52:42.387+0000] {standard_task_runner.py:57} INFO - Started process 4632 to run task
[2023-10-18T11:52:42.392+0000] {standard_task_runner.py:84} INFO - Running: ['***', 'tasks', 'run', 'copy_tranform_to_mongo', 'waiting_for_data', 'scheduled__2023-10-07T00:00:00+00:00', '--job-id', '1981', '--raw', '--subdir', 'DAGS_FOLDER/file_***-mongo.py', '--cfg-path', '/tmp/tmpv437qvq4']
[2023-10-18T11:52:42.394+0000] {standard_task_runner.py:85} INFO - Job 1981: Subtask waiting_for_data
[2023-10-18T11:52:42.453+0000] {task_command.py:416} INFO - Running <TaskInstance: copy_tranform_to_mongo.waiting_for_data scheduled__2023-10-07T00:00:00+00:00 [running]> on host 0e68aa52dfc7
[2023-10-18T11:52:42.527+0000] {taskinstance.py:1662} INFO - Exporting env vars: AIRFLOW_CTX_DAG_OWNER='***' AIRFLOW_CTX_DAG_ID='copy_tranform_to_mongo' AIRFLOW_CTX_TASK_ID='waiting_for_data' AIRFLOW_CTX_EXECUTION_DATE='2023-10-07T00:00:00+00:00' AIRFLOW_CTX_TRY_NUMBER='1' AIRFLOW_CTX_DAG_RUN_ID='scheduled__2023-10-07T00:00:00+00:00'
[2023-10-18T11:52:42.535+0000] {base.py:73} INFO - Using connection ID 'fs_default' for task execution.
[2023-10-18T11:52:42.536+0000] {filesystem.py:64} INFO - Poking for file /opt/in/tiktok_google_play_reviews.csv
[2023-10-18T11:52:42.536+0000] {filesystem.py:69} INFO - Found File /opt/in/tiktok_google_play_reviews.csv last modified: 20220405221612
[2023-10-18T11:52:42.536+0000] {base.py:287} INFO - Success criteria met. Exiting.
[2023-10-18T11:52:42.544+0000] {taskinstance.py:1400} INFO - Marking task as SUCCESS. dag_id=copy_tranform_to_mongo, task_id=waiting_for_data, execution_date=20231007T000000, start_date=20231018T115242, end_date=20231018T115242
[2023-10-18T11:52:42.575+0000] {local_task_job_runner.py:228} INFO - Task exited with return code 0
[2023-10-18T11:52:42.600+0000] {taskinstance.py:2778} INFO - 1 downstream tasks scheduled from follow-on schedule check
