[2023-10-17T11:23:43.089+0000] {taskinstance.py:1159} INFO - Dependencies all met for dep_context=non-requeueable deps ti=<TaskInstance: copy_tranform_to_mongo.waiting_for_data scheduled__2022-09-01T00:00:00+00:00 [queued]>
[2023-10-17T11:23:43.096+0000] {taskinstance.py:1159} INFO - Dependencies all met for dep_context=requeueable deps ti=<TaskInstance: copy_tranform_to_mongo.waiting_for_data scheduled__2022-09-01T00:00:00+00:00 [queued]>
[2023-10-17T11:23:43.097+0000] {taskinstance.py:1361} INFO - Starting attempt 1 of 1
[2023-10-17T11:23:43.106+0000] {taskinstance.py:1382} INFO - Executing <Task(FileSensor): waiting_for_data> on 2022-09-01 00:00:00+00:00
[2023-10-17T11:23:43.112+0000] {standard_task_runner.py:57} INFO - Started process 1712 to run task
[2023-10-17T11:23:43.114+0000] {standard_task_runner.py:84} INFO - Running: ['***', 'tasks', 'run', 'copy_tranform_to_mongo', 'waiting_for_data', 'scheduled__2022-09-01T00:00:00+00:00', '--job-id', '613', '--raw', '--subdir', 'DAGS_FOLDER/file_***-mongo.py', '--cfg-path', '/tmp/tmpbsrm5jw6']
[2023-10-17T11:23:43.115+0000] {standard_task_runner.py:85} INFO - Job 613: Subtask waiting_for_data
[2023-10-17T11:23:43.152+0000] {task_command.py:416} INFO - Running <TaskInstance: copy_tranform_to_mongo.waiting_for_data scheduled__2022-09-01T00:00:00+00:00 [running]> on host 238c1d4ff767
[2023-10-17T11:23:43.220+0000] {taskinstance.py:1662} INFO - Exporting env vars: AIRFLOW_CTX_DAG_OWNER='***' AIRFLOW_CTX_DAG_ID='copy_tranform_to_mongo' AIRFLOW_CTX_TASK_ID='waiting_for_data' AIRFLOW_CTX_EXECUTION_DATE='2022-09-01T00:00:00+00:00' AIRFLOW_CTX_TRY_NUMBER='1' AIRFLOW_CTX_DAG_RUN_ID='scheduled__2022-09-01T00:00:00+00:00'
[2023-10-17T11:23:43.228+0000] {base.py:73} INFO - Using connection ID 'fs_default' for task execution.
[2023-10-17T11:23:43.228+0000] {filesystem.py:64} INFO - Poking for file /opt/in/tiktok_google_play_reviews.csv
[2023-10-17T11:23:43.228+0000] {filesystem.py:69} INFO - Found File /opt/in/tiktok_google_play_reviews.csv last modified: 20220405221612
[2023-10-17T11:23:43.228+0000] {base.py:287} INFO - Success criteria met. Exiting.
[2023-10-17T11:23:43.235+0000] {taskinstance.py:1400} INFO - Marking task as SUCCESS. dag_id=copy_tranform_to_mongo, task_id=waiting_for_data, execution_date=20220901T000000, start_date=20231017T112343, end_date=20231017T112343
[2023-10-17T11:23:43.286+0000] {local_task_job_runner.py:228} INFO - Task exited with return code 0
[2023-10-17T11:23:43.301+0000] {taskinstance.py:2778} INFO - 0 downstream tasks scheduled from follow-on schedule check
[2023-10-18T11:48:26.030+0000] {taskinstance.py:1159} INFO - Dependencies all met for dep_context=non-requeueable deps ti=<TaskInstance: copy_tranform_to_mongo.waiting_for_data scheduled__2022-09-01T00:00:00+00:00 [queued]>
[2023-10-18T11:48:26.042+0000] {taskinstance.py:1159} INFO - Dependencies all met for dep_context=requeueable deps ti=<TaskInstance: copy_tranform_to_mongo.waiting_for_data scheduled__2022-09-01T00:00:00+00:00 [queued]>
[2023-10-18T11:48:26.042+0000] {taskinstance.py:1361} INFO - Starting attempt 1 of 1
[2023-10-18T11:48:26.059+0000] {taskinstance.py:1382} INFO - Executing <Task(FileSensor): waiting_for_data> on 2022-09-01 00:00:00+00:00
[2023-10-18T11:48:26.066+0000] {standard_task_runner.py:57} INFO - Started process 2965 to run task
[2023-10-18T11:48:26.070+0000] {standard_task_runner.py:84} INFO - Running: ['***', 'tasks', 'run', 'copy_tranform_to_mongo', 'waiting_for_data', 'scheduled__2022-09-01T00:00:00+00:00', '--job-id', '1179', '--raw', '--subdir', 'DAGS_FOLDER/file_***-mongo.py', '--cfg-path', '/tmp/tmp2buf3mx7']
[2023-10-18T11:48:26.072+0000] {standard_task_runner.py:85} INFO - Job 1179: Subtask waiting_for_data
[2023-10-18T11:48:26.125+0000] {task_command.py:416} INFO - Running <TaskInstance: copy_tranform_to_mongo.waiting_for_data scheduled__2022-09-01T00:00:00+00:00 [running]> on host 0e68aa52dfc7
[2023-10-18T11:48:26.222+0000] {taskinstance.py:1662} INFO - Exporting env vars: AIRFLOW_CTX_DAG_OWNER='***' AIRFLOW_CTX_DAG_ID='copy_tranform_to_mongo' AIRFLOW_CTX_TASK_ID='waiting_for_data' AIRFLOW_CTX_EXECUTION_DATE='2022-09-01T00:00:00+00:00' AIRFLOW_CTX_TRY_NUMBER='1' AIRFLOW_CTX_DAG_RUN_ID='scheduled__2022-09-01T00:00:00+00:00'
[2023-10-18T11:48:26.235+0000] {base.py:73} INFO - Using connection ID 'fs_default' for task execution.
[2023-10-18T11:48:26.236+0000] {filesystem.py:64} INFO - Poking for file /opt/in/tiktok_google_play_reviews.csv
[2023-10-18T11:48:26.236+0000] {filesystem.py:69} INFO - Found File /opt/in/tiktok_google_play_reviews.csv last modified: 20220405221612
[2023-10-18T11:48:26.236+0000] {base.py:287} INFO - Success criteria met. Exiting.
[2023-10-18T11:48:26.247+0000] {taskinstance.py:1400} INFO - Marking task as SUCCESS. dag_id=copy_tranform_to_mongo, task_id=waiting_for_data, execution_date=20220901T000000, start_date=20231018T114826, end_date=20231018T114826
[2023-10-18T11:48:26.284+0000] {local_task_job_runner.py:228} INFO - Task exited with return code 0
[2023-10-18T11:48:26.320+0000] {taskinstance.py:2778} INFO - 1 downstream tasks scheduled from follow-on schedule check
