[2023-10-19T13:03:25.530+0000] {taskinstance.py:1159} INFO - Dependencies all met for dep_context=non-requeueable deps ti=<TaskInstance: copy_tranform_to_mongo.transform_data_by_pandas scheduled__2021-01-11T00:00:00+00:00 [queued]>
[2023-10-19T13:03:25.556+0000] {taskinstance.py:1159} INFO - Dependencies all met for dep_context=requeueable deps ti=<TaskInstance: copy_tranform_to_mongo.transform_data_by_pandas scheduled__2021-01-11T00:00:00+00:00 [queued]>
[2023-10-19T13:03:25.556+0000] {taskinstance.py:1361} INFO - Starting attempt 1 of 1
[2023-10-19T13:03:25.632+0000] {taskinstance.py:1382} INFO - Executing <Task(DockerOperator): transform_data_by_pandas> on 2021-01-11 00:00:00+00:00
[2023-10-19T13:03:25.675+0000] {standard_task_runner.py:84} INFO - Running: ['***', 'tasks', 'run', 'copy_tranform_to_mongo', 'transform_data_by_pandas', 'scheduled__2021-01-11T00:00:00+00:00', '--job-id', '27', '--raw', '--subdir', 'DAGS_FOLDER/file_***-mongo.py', '--cfg-path', '/tmp/tmpinofwxln']
[2023-10-19T13:03:25.683+0000] {standard_task_runner.py:85} INFO - Job 27: Subtask transform_data_by_pandas
[2023-10-19T13:03:25.663+0000] {standard_task_runner.py:57} INFO - Started process 160 to run task
[2023-10-19T13:03:25.850+0000] {task_command.py:416} INFO - Running <TaskInstance: copy_tranform_to_mongo.transform_data_by_pandas scheduled__2021-01-11T00:00:00+00:00 [running]> on host f2b9ba520501
[2023-10-19T13:03:26.076+0000] {taskinstance.py:1662} INFO - Exporting env vars: AIRFLOW_CTX_DAG_OWNER='***' AIRFLOW_CTX_DAG_ID='copy_tranform_to_mongo' AIRFLOW_CTX_TASK_ID='transform_data_by_pandas' AIRFLOW_CTX_EXECUTION_DATE='2021-01-11T00:00:00+00:00' AIRFLOW_CTX_TRY_NUMBER='1' AIRFLOW_CTX_DAG_RUN_ID='scheduled__2021-01-11T00:00:00+00:00'
[2023-10-19T13:03:26.156+0000] {docker.py:337} INFO - Starting docker container from image python/pandas:1.0.0
[2023-10-19T13:03:28.435+0000] {docker.py:406} INFO - Input Notebook:  /opt/pandasapp/notebooks/tiktok_google_reviews.ipynb
Output Notebook: /opt/pandasapp/notebooks/tiktok_google_reviews.ipynb
[2023-10-19T13:03:28.702+0000] {docker.py:406} INFO - Executing:   0%|          | 0/27 [00:00<?, ?cell/s]
[2023-10-19T13:03:31.354+0000] {docker.py:406} INFO - Executing notebook with kernel: python3
[2023-10-19T13:03:31.395+0000] {docker.py:406} INFO - Executing:   4%|▎         | 1/27 [00:02<01:09,  2.68s/cell]
[2023-10-19T13:03:31.495+0000] {docker.py:406} INFO - Executing:  11%|█         | 3/27 [00:02<00:17,  1.36cell/s]
[2023-10-19T13:03:35.645+0000] {docker.py:406} INFO - Executing:  19%|█▊        | 5/27 [00:06<00:31,  1.42s/cell]
[2023-10-19T13:03:47.650+0000] {docker.py:406} INFO - Executing:  22%|██▏       | 6/27 [00:18<01:29,  4.27s/cell]
[2023-10-19T13:03:47.854+0000] {docker.py:406} INFO - Executing:  33%|███▎      | 9/27 [00:19<00:36,  2.02s/cell]
[2023-10-19T13:03:47.967+0000] {docker.py:406} INFO - Executing:  41%|████      | 11/27 [00:19<00:21,  1.36s/cell]
[2023-10-19T13:03:48.525+0000] {docker.py:406} INFO - Executing:  48%|████▊     | 13/27 [00:19<00:14,  1.01s/cell]
[2023-10-19T13:03:48.659+0000] {docker.py:406} INFO - Executing:  52%|█████▏    | 14/27 [00:19<00:10,  1.19cell/s]
[2023-10-19T13:03:49.941+0000] {docker.py:406} INFO - Executing:  59%|█████▉    | 16/27 [00:21<00:08,  1.30cell/s]
[2023-10-19T13:03:51.700+0000] {docker.py:406} INFO - Executing:  63%|██████▎   | 17/27 [00:22<00:09,  1.03cell/s]
[2023-10-19T13:03:51.995+0000] {docker.py:406} INFO - Executing:  70%|███████   | 19/27 [00:23<00:05,  1.49cell/s]
[2023-10-19T13:03:53.038+0000] {docker.py:406} INFO - Executing:  74%|███████▍  | 20/27 [00:24<00:05,  1.34cell/s]
[2023-10-19T13:03:53.829+0000] {docker.py:406} INFO - Executing:  78%|███████▊  | 21/27 [00:25<00:04,  1.32cell/s]
[2023-10-19T13:03:55.214+0000] {docker.py:406} INFO - Executing:  81%|████████▏ | 22/27 [00:26<00:04,  1.10cell/s]
[2023-10-19T13:03:56.021+0000] {docker.py:406} INFO - Executing:  85%|████████▌ | 23/27 [00:27<00:03,  1.13cell/s]
[2023-10-19T13:03:56.487+0000] {docker.py:406} INFO - Executing:  93%|█████████▎| 25/27 [00:27<00:01,  1.65cell/s]
[2023-10-19T13:04:00.341+0000] {docker.py:406} INFO - Executing:  96%|█████████▋| 26/27 [00:31<00:01,  1.36s/cell]
[2023-10-19T13:04:02.351+0000] {docker.py:406} INFO - Executing: 100%|██████████| 27/27 [00:33<00:00,  1.25s/cell]
[2023-10-19T13:04:04.116+0000] {taskinstance.py:1400} INFO - Marking task as SUCCESS. dag_id=copy_tranform_to_mongo, task_id=transform_data_by_pandas, execution_date=20210111T000000, start_date=20231019T130325, end_date=20231019T130404
[2023-10-19T13:04:04.178+0000] {local_task_job_runner.py:228} INFO - Task exited with return code 0
[2023-10-19T13:04:04.196+0000] {taskinstance.py:2778} INFO - 1 downstream tasks scheduled from follow-on schedule check
