[2023-10-19T13:50:16.782+0000] {taskinstance.py:1159} INFO - Dependencies all met for dep_context=non-requeueable deps ti=<TaskInstance: copy_tranform_to_mongo.transform_data_by_pandas manual__2023-10-19T13:50:14.688571+00:00 [queued]>
[2023-10-19T13:50:16.789+0000] {taskinstance.py:1159} INFO - Dependencies all met for dep_context=requeueable deps ti=<TaskInstance: copy_tranform_to_mongo.transform_data_by_pandas manual__2023-10-19T13:50:14.688571+00:00 [queued]>
[2023-10-19T13:50:16.789+0000] {taskinstance.py:1361} INFO - Starting attempt 1 of 1
[2023-10-19T13:50:16.802+0000] {taskinstance.py:1382} INFO - Executing <Task(DockerOperator): transform_data_by_pandas> on 2023-10-19 13:50:14.688571+00:00
[2023-10-19T13:50:16.806+0000] {standard_task_runner.py:57} INFO - Started process 1027 to run task
[2023-10-19T13:50:16.808+0000] {standard_task_runner.py:84} INFO - Running: ['***', 'tasks', 'run', 'copy_tranform_to_mongo', 'transform_data_by_pandas', 'manual__2023-10-19T13:50:14.688571+00:00', '--job-id', '106', '--raw', '--subdir', 'DAGS_FOLDER/file_***-mongo.py', '--cfg-path', '/tmp/tmpqr2wxgpi']
[2023-10-19T13:50:16.809+0000] {standard_task_runner.py:85} INFO - Job 106: Subtask transform_data_by_pandas
[2023-10-19T13:50:16.843+0000] {task_command.py:416} INFO - Running <TaskInstance: copy_tranform_to_mongo.transform_data_by_pandas manual__2023-10-19T13:50:14.688571+00:00 [running]> on host f2b9ba520501
[2023-10-19T13:50:16.895+0000] {taskinstance.py:1662} INFO - Exporting env vars: AIRFLOW_CTX_DAG_OWNER='***' AIRFLOW_CTX_DAG_ID='copy_tranform_to_mongo' AIRFLOW_CTX_TASK_ID='transform_data_by_pandas' AIRFLOW_CTX_EXECUTION_DATE='2023-10-19T13:50:14.688571+00:00' AIRFLOW_CTX_TRY_NUMBER='1' AIRFLOW_CTX_DAG_RUN_ID='manual__2023-10-19T13:50:14.688571+00:00'
[2023-10-19T13:50:16.907+0000] {docker.py:337} INFO - Starting docker container from image python/pandas:1.0.0
[2023-10-19T13:50:17.432+0000] {docker.py:406} INFO - Input Notebook:  /opt/pandasapp/notebooks/tiktok_google_reviews.ipynb
Output Notebook: /opt/pandasapp/notebooks/tiktok_google_reviews.ipynb
[2023-10-19T13:50:17.476+0000] {docker.py:406} INFO - Executing:   0%|          | 0/27 [00:00<?, ?cell/s]
[2023-10-19T13:50:18.208+0000] {docker.py:406} INFO - Executing notebook with kernel: python3
[2023-10-19T13:50:18.215+0000] {docker.py:406} INFO - Executing:   4%|▎         | 1/27 [00:00<00:19,  1.35cell/s]
[2023-10-19T13:50:18.995+0000] {docker.py:406} INFO - Executing:  15%|█▍        | 4/27 [00:01<00:08,  2.85cell/s]
[2023-10-19T13:50:20.382+0000] {docker.py:406} INFO - Executing:  22%|██▏       | 6/27 [00:02<00:10,  2.00cell/s]
[2023-10-19T13:50:20.503+0000] {docker.py:406} INFO - Executing:  44%|████▍     | 12/27 [00:03<00:02,  5.33cell/s]
[2023-10-19T13:50:20.645+0000] {docker.py:406} INFO - Executing:  59%|█████▉    | 16/27 [00:03<00:01,  7.73cell/s]
[2023-10-19T13:50:21.025+0000] {docker.py:406} INFO - Executing:  70%|███████   | 19/27 [00:03<00:01,  7.78cell/s]
[2023-10-19T13:50:21.433+0000] {docker.py:406} INFO - Executing:  78%|███████▊  | 21/27 [00:03<00:00,  6.90cell/s]
[2023-10-19T13:50:21.894+0000] {docker.py:406} INFO - Executing:  85%|████████▌ | 23/27 [00:04<00:00,  6.05cell/s]
[2023-10-19T13:50:22.549+0000] {docker.py:406} INFO - Executing:  96%|█████████▋| 26/27 [00:05<00:00,  5.46cell/s]
[2023-10-19T13:50:22.982+0000] {docker.py:406} INFO - Executing: 100%|██████████| 27/27 [00:05<00:00,  4.90cell/s]
[2023-10-19T13:50:23.436+0000] {taskinstance.py:1400} INFO - Marking task as SUCCESS. dag_id=copy_tranform_to_mongo, task_id=transform_data_by_pandas, execution_date=20231019T135014, start_date=20231019T135016, end_date=20231019T135023
[2023-10-19T13:50:23.496+0000] {local_task_job_runner.py:228} INFO - Task exited with return code 0
[2023-10-19T13:50:23.519+0000] {taskinstance.py:2778} INFO - 1 downstream tasks scheduled from follow-on schedule check
