[2023-10-17T11:25:03.937+0000] {taskinstance.py:1159} INFO - Dependencies all met for dep_context=non-requeueable deps ti=<TaskInstance: copy_tranform_to_mongo.waiting_for_data scheduled__2023-01-24T00:00:00+00:00 [queued]>
[2023-10-17T11:25:03.945+0000] {taskinstance.py:1159} INFO - Dependencies all met for dep_context=requeueable deps ti=<TaskInstance: copy_tranform_to_mongo.waiting_for_data scheduled__2023-01-24T00:00:00+00:00 [queued]>
[2023-10-17T11:25:03.946+0000] {taskinstance.py:1361} INFO - Starting attempt 1 of 1
[2023-10-17T11:25:03.962+0000] {taskinstance.py:1382} INFO - Executing <Task(FileSensor): waiting_for_data> on 2023-01-24 00:00:00+00:00
[2023-10-17T11:25:03.969+0000] {standard_task_runner.py:57} INFO - Started process 2020 to run task
[2023-10-17T11:25:03.971+0000] {standard_task_runner.py:84} INFO - Running: ['***', 'tasks', 'run', 'copy_tranform_to_mongo', 'waiting_for_data', 'scheduled__2023-01-24T00:00:00+00:00', '--job-id', '758', '--raw', '--subdir', 'DAGS_FOLDER/file_***-mongo.py', '--cfg-path', '/tmp/tmp3sgtiw5r']
[2023-10-17T11:25:03.972+0000] {standard_task_runner.py:85} INFO - Job 758: Subtask waiting_for_data
[2023-10-17T11:25:04.023+0000] {task_command.py:416} INFO - Running <TaskInstance: copy_tranform_to_mongo.waiting_for_data scheduled__2023-01-24T00:00:00+00:00 [running]> on host 238c1d4ff767
[2023-10-17T11:25:04.095+0000] {taskinstance.py:1662} INFO - Exporting env vars: AIRFLOW_CTX_DAG_OWNER='***' AIRFLOW_CTX_DAG_ID='copy_tranform_to_mongo' AIRFLOW_CTX_TASK_ID='waiting_for_data' AIRFLOW_CTX_EXECUTION_DATE='2023-01-24T00:00:00+00:00' AIRFLOW_CTX_TRY_NUMBER='1' AIRFLOW_CTX_DAG_RUN_ID='scheduled__2023-01-24T00:00:00+00:00'
[2023-10-17T11:25:04.104+0000] {base.py:73} INFO - Using connection ID 'fs_default' for task execution.
[2023-10-17T11:25:04.104+0000] {filesystem.py:64} INFO - Poking for file /opt/in/tiktok_google_play_reviews.csv
[2023-10-17T11:25:04.105+0000] {filesystem.py:69} INFO - Found File /opt/in/tiktok_google_play_reviews.csv last modified: 20220405221612
[2023-10-17T11:25:04.105+0000] {base.py:287} INFO - Success criteria met. Exiting.
[2023-10-17T11:25:04.114+0000] {taskinstance.py:1400} INFO - Marking task as SUCCESS. dag_id=copy_tranform_to_mongo, task_id=waiting_for_data, execution_date=20230124T000000, start_date=20231017T112503, end_date=20231017T112504
[2023-10-17T11:25:04.142+0000] {local_task_job_runner.py:228} INFO - Task exited with return code 0
[2023-10-17T11:25:04.160+0000] {taskinstance.py:2778} INFO - 0 downstream tasks scheduled from follow-on schedule check
[2023-10-18T11:50:13.283+0000] {taskinstance.py:1159} INFO - Dependencies all met for dep_context=non-requeueable deps ti=<TaskInstance: copy_tranform_to_mongo.waiting_for_data scheduled__2023-01-24T00:00:00+00:00 [queued]>
[2023-10-18T11:50:13.296+0000] {taskinstance.py:1159} INFO - Dependencies all met for dep_context=requeueable deps ti=<TaskInstance: copy_tranform_to_mongo.waiting_for_data scheduled__2023-01-24T00:00:00+00:00 [queued]>
[2023-10-18T11:50:13.297+0000] {taskinstance.py:1361} INFO - Starting attempt 1 of 1
[2023-10-18T11:50:13.311+0000] {taskinstance.py:1382} INFO - Executing <Task(FileSensor): waiting_for_data> on 2023-01-24 00:00:00+00:00
[2023-10-18T11:50:13.333+0000] {standard_task_runner.py:57} INFO - Started process 3572 to run task
[2023-10-18T11:50:13.338+0000] {standard_task_runner.py:84} INFO - Running: ['***', 'tasks', 'run', 'copy_tranform_to_mongo', 'waiting_for_data', 'scheduled__2023-01-24T00:00:00+00:00', '--job-id', '1468', '--raw', '--subdir', 'DAGS_FOLDER/file_***-mongo.py', '--cfg-path', '/tmp/tmp5kfsp9em']
[2023-10-18T11:50:13.339+0000] {standard_task_runner.py:85} INFO - Job 1468: Subtask waiting_for_data
[2023-10-18T11:50:13.434+0000] {task_command.py:416} INFO - Running <TaskInstance: copy_tranform_to_mongo.waiting_for_data scheduled__2023-01-24T00:00:00+00:00 [running]> on host 0e68aa52dfc7
[2023-10-18T11:50:13.544+0000] {taskinstance.py:1662} INFO - Exporting env vars: AIRFLOW_CTX_DAG_OWNER='***' AIRFLOW_CTX_DAG_ID='copy_tranform_to_mongo' AIRFLOW_CTX_TASK_ID='waiting_for_data' AIRFLOW_CTX_EXECUTION_DATE='2023-01-24T00:00:00+00:00' AIRFLOW_CTX_TRY_NUMBER='1' AIRFLOW_CTX_DAG_RUN_ID='scheduled__2023-01-24T00:00:00+00:00'
[2023-10-18T11:50:13.559+0000] {base.py:73} INFO - Using connection ID 'fs_default' for task execution.
[2023-10-18T11:50:13.559+0000] {filesystem.py:64} INFO - Poking for file /opt/in/tiktok_google_play_reviews.csv
[2023-10-18T11:50:13.560+0000] {filesystem.py:69} INFO - Found File /opt/in/tiktok_google_play_reviews.csv last modified: 20220405221612
[2023-10-18T11:50:13.560+0000] {base.py:287} INFO - Success criteria met. Exiting.
[2023-10-18T11:50:13.575+0000] {taskinstance.py:1400} INFO - Marking task as SUCCESS. dag_id=copy_tranform_to_mongo, task_id=waiting_for_data, execution_date=20230124T000000, start_date=20231018T115013, end_date=20231018T115013
[2023-10-18T11:50:13.644+0000] {local_task_job_runner.py:228} INFO - Task exited with return code 0
[2023-10-18T11:50:13.679+0000] {taskinstance.py:2778} INFO - 0 downstream tasks scheduled from follow-on schedule check
