[2023-10-17T11:20:13.776+0000] {taskinstance.py:1159} INFO - Dependencies all met for dep_context=non-requeueable deps ti=<TaskInstance: copy_tranform_to_mongo.waiting_for_data scheduled__2021-08-12T00:00:00+00:00 [queued]>
[2023-10-17T11:20:13.787+0000] {taskinstance.py:1159} INFO - Dependencies all met for dep_context=requeueable deps ti=<TaskInstance: copy_tranform_to_mongo.waiting_for_data scheduled__2021-08-12T00:00:00+00:00 [queued]>
[2023-10-17T11:20:13.788+0000] {taskinstance.py:1361} INFO - Starting attempt 1 of 1
[2023-10-17T11:20:13.808+0000] {taskinstance.py:1382} INFO - Executing <Task(FileSensor): waiting_for_data> on 2021-08-12 00:00:00+00:00
[2023-10-17T11:20:13.815+0000] {standard_task_runner.py:57} INFO - Started process 889 to run task
[2023-10-17T11:20:13.818+0000] {standard_task_runner.py:84} INFO - Running: ['***', 'tasks', 'run', 'copy_tranform_to_mongo', 'waiting_for_data', 'scheduled__2021-08-12T00:00:00+00:00', '--job-id', '228', '--raw', '--subdir', 'DAGS_FOLDER/file_***-mongo.py', '--cfg-path', '/tmp/tmpyozybkjc']
[2023-10-17T11:20:13.819+0000] {standard_task_runner.py:85} INFO - Job 228: Subtask waiting_for_data
[2023-10-17T11:20:13.866+0000] {task_command.py:416} INFO - Running <TaskInstance: copy_tranform_to_mongo.waiting_for_data scheduled__2021-08-12T00:00:00+00:00 [running]> on host 238c1d4ff767
[2023-10-17T11:20:13.947+0000] {taskinstance.py:1662} INFO - Exporting env vars: AIRFLOW_CTX_DAG_OWNER='***' AIRFLOW_CTX_DAG_ID='copy_tranform_to_mongo' AIRFLOW_CTX_TASK_ID='waiting_for_data' AIRFLOW_CTX_EXECUTION_DATE='2021-08-12T00:00:00+00:00' AIRFLOW_CTX_TRY_NUMBER='1' AIRFLOW_CTX_DAG_RUN_ID='scheduled__2021-08-12T00:00:00+00:00'
[2023-10-17T11:20:13.956+0000] {base.py:73} INFO - Using connection ID 'fs_default' for task execution.
[2023-10-17T11:20:13.957+0000] {filesystem.py:64} INFO - Poking for file /opt/in/tiktok_google_play_reviews.csv
[2023-10-17T11:20:13.957+0000] {filesystem.py:69} INFO - Found File /opt/in/tiktok_google_play_reviews.csv last modified: 20220405221612
[2023-10-17T11:20:13.957+0000] {base.py:287} INFO - Success criteria met. Exiting.
[2023-10-17T11:20:13.965+0000] {taskinstance.py:1400} INFO - Marking task as SUCCESS. dag_id=copy_tranform_to_mongo, task_id=waiting_for_data, execution_date=20210812T000000, start_date=20231017T112013, end_date=20231017T112013
[2023-10-17T11:20:13.993+0000] {local_task_job_runner.py:228} INFO - Task exited with return code 0
[2023-10-17T11:20:14.009+0000] {taskinstance.py:2778} INFO - 0 downstream tasks scheduled from follow-on schedule check
[2023-10-18T10:47:57.348+0000] {taskinstance.py:1159} INFO - Dependencies all met for dep_context=non-requeueable deps ti=<TaskInstance: copy_tranform_to_mongo.waiting_for_data scheduled__2021-08-12T00:00:00+00:00 [queued]>
[2023-10-18T10:47:57.358+0000] {taskinstance.py:1159} INFO - Dependencies all met for dep_context=requeueable deps ti=<TaskInstance: copy_tranform_to_mongo.waiting_for_data scheduled__2021-08-12T00:00:00+00:00 [queued]>
[2023-10-18T10:47:57.358+0000] {taskinstance.py:1361} INFO - Starting attempt 1 of 1
[2023-10-18T10:47:57.371+0000] {taskinstance.py:1382} INFO - Executing <Task(FileSensor): waiting_for_data> on 2021-08-12 00:00:00+00:00
[2023-10-18T10:47:57.376+0000] {standard_task_runner.py:57} INFO - Started process 1961 to run task
[2023-10-18T10:47:57.379+0000] {standard_task_runner.py:84} INFO - Running: ['***', 'tasks', 'run', 'copy_tranform_to_mongo', 'waiting_for_data', 'scheduled__2021-08-12T00:00:00+00:00', '--job-id', '249', '--raw', '--subdir', 'DAGS_FOLDER/file_***-mongo.py', '--cfg-path', '/tmp/tmpj39eu_c7']
[2023-10-18T10:47:57.380+0000] {standard_task_runner.py:85} INFO - Job 249: Subtask waiting_for_data
[2023-10-18T10:47:57.422+0000] {task_command.py:416} INFO - Running <TaskInstance: copy_tranform_to_mongo.waiting_for_data scheduled__2021-08-12T00:00:00+00:00 [running]> on host 2473b23ba069
[2023-10-18T10:47:57.490+0000] {taskinstance.py:1662} INFO - Exporting env vars: AIRFLOW_CTX_DAG_OWNER='***' AIRFLOW_CTX_DAG_ID='copy_tranform_to_mongo' AIRFLOW_CTX_TASK_ID='waiting_for_data' AIRFLOW_CTX_EXECUTION_DATE='2021-08-12T00:00:00+00:00' AIRFLOW_CTX_TRY_NUMBER='1' AIRFLOW_CTX_DAG_RUN_ID='scheduled__2021-08-12T00:00:00+00:00'
[2023-10-18T10:47:57.499+0000] {base.py:73} INFO - Using connection ID 'fs_default' for task execution.
[2023-10-18T10:47:57.499+0000] {filesystem.py:64} INFO - Poking for file /opt/in/tiktok_google_play_reviews.csv
[2023-10-18T10:47:57.499+0000] {filesystem.py:69} INFO - Found File /opt/in/tiktok_google_play_reviews.csv last modified: 20220405221612
[2023-10-18T10:47:57.500+0000] {base.py:287} INFO - Success criteria met. Exiting.
[2023-10-18T10:47:57.509+0000] {taskinstance.py:1400} INFO - Marking task as SUCCESS. dag_id=copy_tranform_to_mongo, task_id=waiting_for_data, execution_date=20210812T000000, start_date=20231018T104757, end_date=20231018T104757
[2023-10-18T10:47:57.551+0000] {local_task_job_runner.py:228} INFO - Task exited with return code 0
[2023-10-18T10:47:57.594+0000] {taskinstance.py:2778} INFO - 1 downstream tasks scheduled from follow-on schedule check
[2023-10-18T11:44:31.648+0000] {taskinstance.py:1159} INFO - Dependencies all met for dep_context=non-requeueable deps ti=<TaskInstance: copy_tranform_to_mongo.waiting_for_data scheduled__2021-08-12T00:00:00+00:00 [queued]>
[2023-10-18T11:44:31.658+0000] {taskinstance.py:1159} INFO - Dependencies all met for dep_context=requeueable deps ti=<TaskInstance: copy_tranform_to_mongo.waiting_for_data scheduled__2021-08-12T00:00:00+00:00 [queued]>
[2023-10-18T11:44:31.659+0000] {taskinstance.py:1361} INFO - Starting attempt 1 of 1
[2023-10-18T11:44:31.675+0000] {taskinstance.py:1382} INFO - Executing <Task(FileSensor): waiting_for_data> on 2021-08-12 00:00:00+00:00
[2023-10-18T11:44:31.682+0000] {standard_task_runner.py:57} INFO - Started process 1369 to run task
[2023-10-18T11:44:31.685+0000] {standard_task_runner.py:84} INFO - Running: ['***', 'tasks', 'run', 'copy_tranform_to_mongo', 'waiting_for_data', 'scheduled__2021-08-12T00:00:00+00:00', '--job-id', '410', '--raw', '--subdir', 'DAGS_FOLDER/file_***-mongo.py', '--cfg-path', '/tmp/tmphicza0qn']
[2023-10-18T11:44:31.686+0000] {standard_task_runner.py:85} INFO - Job 410: Subtask waiting_for_data
[2023-10-18T11:44:31.745+0000] {task_command.py:416} INFO - Running <TaskInstance: copy_tranform_to_mongo.waiting_for_data scheduled__2021-08-12T00:00:00+00:00 [running]> on host 0e68aa52dfc7
[2023-10-18T11:44:31.826+0000] {taskinstance.py:1662} INFO - Exporting env vars: AIRFLOW_CTX_DAG_OWNER='***' AIRFLOW_CTX_DAG_ID='copy_tranform_to_mongo' AIRFLOW_CTX_TASK_ID='waiting_for_data' AIRFLOW_CTX_EXECUTION_DATE='2021-08-12T00:00:00+00:00' AIRFLOW_CTX_TRY_NUMBER='1' AIRFLOW_CTX_DAG_RUN_ID='scheduled__2021-08-12T00:00:00+00:00'
[2023-10-18T11:44:31.838+0000] {base.py:73} INFO - Using connection ID 'fs_default' for task execution.
[2023-10-18T11:44:31.838+0000] {filesystem.py:64} INFO - Poking for file /opt/in/tiktok_google_play_reviews.csv
[2023-10-18T11:44:31.839+0000] {filesystem.py:69} INFO - Found File /opt/in/tiktok_google_play_reviews.csv last modified: 20220405221612
[2023-10-18T11:44:31.839+0000] {base.py:287} INFO - Success criteria met. Exiting.
[2023-10-18T11:44:31.850+0000] {taskinstance.py:1400} INFO - Marking task as SUCCESS. dag_id=copy_tranform_to_mongo, task_id=waiting_for_data, execution_date=20210812T000000, start_date=20231018T114431, end_date=20231018T114431
[2023-10-18T11:44:31.897+0000] {local_task_job_runner.py:228} INFO - Task exited with return code 0
[2023-10-18T11:44:31.927+0000] {taskinstance.py:2778} INFO - 1 downstream tasks scheduled from follow-on schedule check
