[2023-10-17T11:22:39.095+0000] {taskinstance.py:1159} INFO - Dependencies all met for dep_context=non-requeueable deps ti=<TaskInstance: copy_tranform_to_mongo.waiting_for_data scheduled__2022-05-26T00:00:00+00:00 [queued]>
[2023-10-17T11:22:39.102+0000] {taskinstance.py:1159} INFO - Dependencies all met for dep_context=requeueable deps ti=<TaskInstance: copy_tranform_to_mongo.waiting_for_data scheduled__2022-05-26T00:00:00+00:00 [queued]>
[2023-10-17T11:22:39.102+0000] {taskinstance.py:1361} INFO - Starting attempt 1 of 1
[2023-10-17T11:22:39.114+0000] {taskinstance.py:1382} INFO - Executing <Task(FileSensor): waiting_for_data> on 2022-05-26 00:00:00+00:00
[2023-10-17T11:22:39.119+0000] {standard_task_runner.py:57} INFO - Started process 1501 to run task
[2023-10-17T11:22:39.122+0000] {standard_task_runner.py:84} INFO - Running: ['***', 'tasks', 'run', 'copy_tranform_to_mongo', 'waiting_for_data', 'scheduled__2022-05-26T00:00:00+00:00', '--job-id', '515', '--raw', '--subdir', 'DAGS_FOLDER/file_***-mongo.py', '--cfg-path', '/tmp/tmpl35c32c5']
[2023-10-17T11:22:39.123+0000] {standard_task_runner.py:85} INFO - Job 515: Subtask waiting_for_data
[2023-10-17T11:22:39.166+0000] {task_command.py:416} INFO - Running <TaskInstance: copy_tranform_to_mongo.waiting_for_data scheduled__2022-05-26T00:00:00+00:00 [running]> on host 238c1d4ff767
[2023-10-17T11:22:39.233+0000] {taskinstance.py:1662} INFO - Exporting env vars: AIRFLOW_CTX_DAG_OWNER='***' AIRFLOW_CTX_DAG_ID='copy_tranform_to_mongo' AIRFLOW_CTX_TASK_ID='waiting_for_data' AIRFLOW_CTX_EXECUTION_DATE='2022-05-26T00:00:00+00:00' AIRFLOW_CTX_TRY_NUMBER='1' AIRFLOW_CTX_DAG_RUN_ID='scheduled__2022-05-26T00:00:00+00:00'
[2023-10-17T11:22:39.243+0000] {base.py:73} INFO - Using connection ID 'fs_default' for task execution.
[2023-10-17T11:22:39.243+0000] {filesystem.py:64} INFO - Poking for file /opt/in/tiktok_google_play_reviews.csv
[2023-10-17T11:22:39.244+0000] {filesystem.py:69} INFO - Found File /opt/in/tiktok_google_play_reviews.csv last modified: 20220405221612
[2023-10-17T11:22:39.244+0000] {base.py:287} INFO - Success criteria met. Exiting.
[2023-10-17T11:22:39.251+0000] {taskinstance.py:1400} INFO - Marking task as SUCCESS. dag_id=copy_tranform_to_mongo, task_id=waiting_for_data, execution_date=20220526T000000, start_date=20231017T112239, end_date=20231017T112239
[2023-10-17T11:22:39.295+0000] {local_task_job_runner.py:228} INFO - Task exited with return code 0
[2023-10-17T11:22:39.307+0000] {taskinstance.py:2778} INFO - 0 downstream tasks scheduled from follow-on schedule check
[2023-10-18T11:47:23.711+0000] {taskinstance.py:1159} INFO - Dependencies all met for dep_context=non-requeueable deps ti=<TaskInstance: copy_tranform_to_mongo.waiting_for_data scheduled__2022-05-26T00:00:00+00:00 [queued]>
[2023-10-18T11:47:23.722+0000] {taskinstance.py:1159} INFO - Dependencies all met for dep_context=requeueable deps ti=<TaskInstance: copy_tranform_to_mongo.waiting_for_data scheduled__2022-05-26T00:00:00+00:00 [queued]>
[2023-10-18T11:47:23.723+0000] {taskinstance.py:1361} INFO - Starting attempt 1 of 1
[2023-10-18T11:47:23.738+0000] {taskinstance.py:1382} INFO - Executing <Task(FileSensor): waiting_for_data> on 2022-05-26 00:00:00+00:00
[2023-10-18T11:47:23.745+0000] {standard_task_runner.py:57} INFO - Started process 2556 to run task
[2023-10-18T11:47:23.749+0000] {standard_task_runner.py:84} INFO - Running: ['***', 'tasks', 'run', 'copy_tranform_to_mongo', 'waiting_for_data', 'scheduled__2022-05-26T00:00:00+00:00', '--job-id', '983', '--raw', '--subdir', 'DAGS_FOLDER/file_***-mongo.py', '--cfg-path', '/tmp/tmp33nyp018']
[2023-10-18T11:47:23.750+0000] {standard_task_runner.py:85} INFO - Job 983: Subtask waiting_for_data
[2023-10-18T11:47:23.805+0000] {task_command.py:416} INFO - Running <TaskInstance: copy_tranform_to_mongo.waiting_for_data scheduled__2022-05-26T00:00:00+00:00 [running]> on host 0e68aa52dfc7
[2023-10-18T11:47:23.885+0000] {taskinstance.py:1662} INFO - Exporting env vars: AIRFLOW_CTX_DAG_OWNER='***' AIRFLOW_CTX_DAG_ID='copy_tranform_to_mongo' AIRFLOW_CTX_TASK_ID='waiting_for_data' AIRFLOW_CTX_EXECUTION_DATE='2022-05-26T00:00:00+00:00' AIRFLOW_CTX_TRY_NUMBER='1' AIRFLOW_CTX_DAG_RUN_ID='scheduled__2022-05-26T00:00:00+00:00'
[2023-10-18T11:47:23.899+0000] {base.py:73} INFO - Using connection ID 'fs_default' for task execution.
[2023-10-18T11:47:23.900+0000] {filesystem.py:64} INFO - Poking for file /opt/in/tiktok_google_play_reviews.csv
[2023-10-18T11:47:23.900+0000] {filesystem.py:69} INFO - Found File /opt/in/tiktok_google_play_reviews.csv last modified: 20220405221612
[2023-10-18T11:47:23.900+0000] {base.py:287} INFO - Success criteria met. Exiting.
[2023-10-18T11:47:23.910+0000] {taskinstance.py:1400} INFO - Marking task as SUCCESS. dag_id=copy_tranform_to_mongo, task_id=waiting_for_data, execution_date=20220526T000000, start_date=20231018T114723, end_date=20231018T114723
[2023-10-18T11:47:23.965+0000] {local_task_job_runner.py:228} INFO - Task exited with return code 0
[2023-10-18T11:47:23.988+0000] {taskinstance.py:2778} INFO - 1 downstream tasks scheduled from follow-on schedule check
