[2023-10-17T11:21:51.030+0000] {taskinstance.py:1159} INFO - Dependencies all met for dep_context=non-requeueable deps ti=<TaskInstance: copy_tranform_to_mongo.waiting_for_data scheduled__2022-01-27T00:00:00+00:00 [queued]>
[2023-10-17T11:21:51.039+0000] {taskinstance.py:1159} INFO - Dependencies all met for dep_context=requeueable deps ti=<TaskInstance: copy_tranform_to_mongo.waiting_for_data scheduled__2022-01-27T00:00:00+00:00 [queued]>
[2023-10-17T11:21:51.039+0000] {taskinstance.py:1361} INFO - Starting attempt 1 of 1
[2023-10-17T11:21:51.052+0000] {taskinstance.py:1382} INFO - Executing <Task(FileSensor): waiting_for_data> on 2022-01-27 00:00:00+00:00
[2023-10-17T11:21:51.057+0000] {standard_task_runner.py:57} INFO - Started process 1248 to run task
[2023-10-17T11:21:51.059+0000] {standard_task_runner.py:84} INFO - Running: ['***', 'tasks', 'run', 'copy_tranform_to_mongo', 'waiting_for_data', 'scheduled__2022-01-27T00:00:00+00:00', '--job-id', '396', '--raw', '--subdir', 'DAGS_FOLDER/file_***-mongo.py', '--cfg-path', '/tmp/tmpsqlmz8sl']
[2023-10-17T11:21:51.060+0000] {standard_task_runner.py:85} INFO - Job 396: Subtask waiting_for_data
[2023-10-17T11:21:51.097+0000] {task_command.py:416} INFO - Running <TaskInstance: copy_tranform_to_mongo.waiting_for_data scheduled__2022-01-27T00:00:00+00:00 [running]> on host 238c1d4ff767
[2023-10-17T11:21:51.161+0000] {taskinstance.py:1662} INFO - Exporting env vars: AIRFLOW_CTX_DAG_OWNER='***' AIRFLOW_CTX_DAG_ID='copy_tranform_to_mongo' AIRFLOW_CTX_TASK_ID='waiting_for_data' AIRFLOW_CTX_EXECUTION_DATE='2022-01-27T00:00:00+00:00' AIRFLOW_CTX_TRY_NUMBER='1' AIRFLOW_CTX_DAG_RUN_ID='scheduled__2022-01-27T00:00:00+00:00'
[2023-10-17T11:21:51.168+0000] {base.py:73} INFO - Using connection ID 'fs_default' for task execution.
[2023-10-17T11:21:51.169+0000] {filesystem.py:64} INFO - Poking for file /opt/in/tiktok_google_play_reviews.csv
[2023-10-17T11:21:51.169+0000] {filesystem.py:69} INFO - Found File /opt/in/tiktok_google_play_reviews.csv last modified: 20220405221612
[2023-10-17T11:21:51.169+0000] {base.py:287} INFO - Success criteria met. Exiting.
[2023-10-17T11:21:51.175+0000] {taskinstance.py:1400} INFO - Marking task as SUCCESS. dag_id=copy_tranform_to_mongo, task_id=waiting_for_data, execution_date=20220127T000000, start_date=20231017T112151, end_date=20231017T112151
[2023-10-17T11:21:51.191+0000] {local_task_job_runner.py:228} INFO - Task exited with return code 0
[2023-10-17T11:21:51.203+0000] {taskinstance.py:2778} INFO - 0 downstream tasks scheduled from follow-on schedule check
[2023-10-18T11:46:08.586+0000] {taskinstance.py:1159} INFO - Dependencies all met for dep_context=non-requeueable deps ti=<TaskInstance: copy_tranform_to_mongo.waiting_for_data scheduled__2022-01-27T00:00:00+00:00 [queued]>
[2023-10-18T11:46:08.598+0000] {taskinstance.py:1159} INFO - Dependencies all met for dep_context=requeueable deps ti=<TaskInstance: copy_tranform_to_mongo.waiting_for_data scheduled__2022-01-27T00:00:00+00:00 [queued]>
[2023-10-18T11:46:08.598+0000] {taskinstance.py:1361} INFO - Starting attempt 1 of 1
[2023-10-18T11:46:08.613+0000] {taskinstance.py:1382} INFO - Executing <Task(FileSensor): waiting_for_data> on 2022-01-27 00:00:00+00:00
[2023-10-18T11:46:08.621+0000] {standard_task_runner.py:57} INFO - Started process 2063 to run task
[2023-10-18T11:46:08.624+0000] {standard_task_runner.py:84} INFO - Running: ['***', 'tasks', 'run', 'copy_tranform_to_mongo', 'waiting_for_data', 'scheduled__2022-01-27T00:00:00+00:00', '--job-id', '744', '--raw', '--subdir', 'DAGS_FOLDER/file_***-mongo.py', '--cfg-path', '/tmp/tmpgb3f7vuh']
[2023-10-18T11:46:08.625+0000] {standard_task_runner.py:85} INFO - Job 744: Subtask waiting_for_data
[2023-10-18T11:46:08.672+0000] {task_command.py:416} INFO - Running <TaskInstance: copy_tranform_to_mongo.waiting_for_data scheduled__2022-01-27T00:00:00+00:00 [running]> on host 0e68aa52dfc7
[2023-10-18T11:46:08.742+0000] {taskinstance.py:1662} INFO - Exporting env vars: AIRFLOW_CTX_DAG_OWNER='***' AIRFLOW_CTX_DAG_ID='copy_tranform_to_mongo' AIRFLOW_CTX_TASK_ID='waiting_for_data' AIRFLOW_CTX_EXECUTION_DATE='2022-01-27T00:00:00+00:00' AIRFLOW_CTX_TRY_NUMBER='1' AIRFLOW_CTX_DAG_RUN_ID='scheduled__2022-01-27T00:00:00+00:00'
[2023-10-18T11:46:08.754+0000] {base.py:73} INFO - Using connection ID 'fs_default' for task execution.
[2023-10-18T11:46:08.754+0000] {filesystem.py:64} INFO - Poking for file /opt/in/tiktok_google_play_reviews.csv
[2023-10-18T11:46:08.754+0000] {filesystem.py:69} INFO - Found File /opt/in/tiktok_google_play_reviews.csv last modified: 20220405221612
[2023-10-18T11:46:08.754+0000] {base.py:287} INFO - Success criteria met. Exiting.
[2023-10-18T11:46:08.767+0000] {taskinstance.py:1400} INFO - Marking task as SUCCESS. dag_id=copy_tranform_to_mongo, task_id=waiting_for_data, execution_date=20220127T000000, start_date=20231018T114608, end_date=20231018T114608
[2023-10-18T11:46:08.797+0000] {local_task_job_runner.py:228} INFO - Task exited with return code 0
[2023-10-18T11:46:08.831+0000] {taskinstance.py:2778} INFO - 1 downstream tasks scheduled from follow-on schedule check
