[2023-10-17T11:21:20.467+0000] {taskinstance.py:1159} INFO - Dependencies all met for dep_context=non-requeueable deps ti=<TaskInstance: copy_tranform_to_mongo.waiting_for_data scheduled__2021-12-06T00:00:00+00:00 [queued]>
[2023-10-17T11:21:20.473+0000] {taskinstance.py:1159} INFO - Dependencies all met for dep_context=requeueable deps ti=<TaskInstance: copy_tranform_to_mongo.waiting_for_data scheduled__2021-12-06T00:00:00+00:00 [queued]>
[2023-10-17T11:21:20.473+0000] {taskinstance.py:1361} INFO - Starting attempt 1 of 1
[2023-10-17T11:21:20.482+0000] {taskinstance.py:1382} INFO - Executing <Task(FileSensor): waiting_for_data> on 2021-12-06 00:00:00+00:00
[2023-10-17T11:21:20.486+0000] {standard_task_runner.py:57} INFO - Started process 1135 to run task
[2023-10-17T11:21:20.488+0000] {standard_task_runner.py:84} INFO - Running: ['***', 'tasks', 'run', 'copy_tranform_to_mongo', 'waiting_for_data', 'scheduled__2021-12-06T00:00:00+00:00', '--job-id', '344', '--raw', '--subdir', 'DAGS_FOLDER/file_***-mongo.py', '--cfg-path', '/tmp/tmpbvequ_kz']
[2023-10-17T11:21:20.489+0000] {standard_task_runner.py:85} INFO - Job 344: Subtask waiting_for_data
[2023-10-17T11:21:20.520+0000] {task_command.py:416} INFO - Running <TaskInstance: copy_tranform_to_mongo.waiting_for_data scheduled__2021-12-06T00:00:00+00:00 [running]> on host 238c1d4ff767
[2023-10-17T11:21:20.572+0000] {taskinstance.py:1662} INFO - Exporting env vars: AIRFLOW_CTX_DAG_OWNER='***' AIRFLOW_CTX_DAG_ID='copy_tranform_to_mongo' AIRFLOW_CTX_TASK_ID='waiting_for_data' AIRFLOW_CTX_EXECUTION_DATE='2021-12-06T00:00:00+00:00' AIRFLOW_CTX_TRY_NUMBER='1' AIRFLOW_CTX_DAG_RUN_ID='scheduled__2021-12-06T00:00:00+00:00'
[2023-10-17T11:21:20.578+0000] {base.py:73} INFO - Using connection ID 'fs_default' for task execution.
[2023-10-17T11:21:20.579+0000] {filesystem.py:64} INFO - Poking for file /opt/in/tiktok_google_play_reviews.csv
[2023-10-17T11:21:20.579+0000] {filesystem.py:69} INFO - Found File /opt/in/tiktok_google_play_reviews.csv last modified: 20220405221612
[2023-10-17T11:21:20.579+0000] {base.py:287} INFO - Success criteria met. Exiting.
[2023-10-17T11:21:20.585+0000] {taskinstance.py:1400} INFO - Marking task as SUCCESS. dag_id=copy_tranform_to_mongo, task_id=waiting_for_data, execution_date=20211206T000000, start_date=20231017T112120, end_date=20231017T112120
[2023-10-17T11:21:20.620+0000] {local_task_job_runner.py:228} INFO - Task exited with return code 0
[2023-10-17T11:21:20.641+0000] {taskinstance.py:2778} INFO - 0 downstream tasks scheduled from follow-on schedule check
[2023-10-18T11:45:36.729+0000] {taskinstance.py:1159} INFO - Dependencies all met for dep_context=non-requeueable deps ti=<TaskInstance: copy_tranform_to_mongo.waiting_for_data scheduled__2021-12-06T00:00:00+00:00 [queued]>
[2023-10-18T11:45:36.742+0000] {taskinstance.py:1159} INFO - Dependencies all met for dep_context=requeueable deps ti=<TaskInstance: copy_tranform_to_mongo.waiting_for_data scheduled__2021-12-06T00:00:00+00:00 [queued]>
[2023-10-18T11:45:36.743+0000] {taskinstance.py:1361} INFO - Starting attempt 1 of 1
[2023-10-18T11:45:36.759+0000] {taskinstance.py:1382} INFO - Executing <Task(FileSensor): waiting_for_data> on 2021-12-06 00:00:00+00:00
[2023-10-18T11:45:36.768+0000] {standard_task_runner.py:57} INFO - Started process 1846 to run task
[2023-10-18T11:45:36.770+0000] {standard_task_runner.py:84} INFO - Running: ['***', 'tasks', 'run', 'copy_tranform_to_mongo', 'waiting_for_data', 'scheduled__2021-12-06T00:00:00+00:00', '--job-id', '640', '--raw', '--subdir', 'DAGS_FOLDER/file_***-mongo.py', '--cfg-path', '/tmp/tmpr85s6av9']
[2023-10-18T11:45:36.772+0000] {standard_task_runner.py:85} INFO - Job 640: Subtask waiting_for_data
[2023-10-18T11:45:36.822+0000] {task_command.py:416} INFO - Running <TaskInstance: copy_tranform_to_mongo.waiting_for_data scheduled__2021-12-06T00:00:00+00:00 [running]> on host 0e68aa52dfc7
[2023-10-18T11:45:36.894+0000] {taskinstance.py:1662} INFO - Exporting env vars: AIRFLOW_CTX_DAG_OWNER='***' AIRFLOW_CTX_DAG_ID='copy_tranform_to_mongo' AIRFLOW_CTX_TASK_ID='waiting_for_data' AIRFLOW_CTX_EXECUTION_DATE='2021-12-06T00:00:00+00:00' AIRFLOW_CTX_TRY_NUMBER='1' AIRFLOW_CTX_DAG_RUN_ID='scheduled__2021-12-06T00:00:00+00:00'
[2023-10-18T11:45:36.904+0000] {base.py:73} INFO - Using connection ID 'fs_default' for task execution.
[2023-10-18T11:45:36.904+0000] {filesystem.py:64} INFO - Poking for file /opt/in/tiktok_google_play_reviews.csv
[2023-10-18T11:45:36.905+0000] {filesystem.py:69} INFO - Found File /opt/in/tiktok_google_play_reviews.csv last modified: 20220405221612
[2023-10-18T11:45:36.905+0000] {base.py:287} INFO - Success criteria met. Exiting.
[2023-10-18T11:45:36.913+0000] {taskinstance.py:1400} INFO - Marking task as SUCCESS. dag_id=copy_tranform_to_mongo, task_id=waiting_for_data, execution_date=20211206T000000, start_date=20231018T114536, end_date=20231018T114536
[2023-10-18T11:45:36.948+0000] {local_task_job_runner.py:228} INFO - Task exited with return code 0
[2023-10-18T11:45:36.982+0000] {taskinstance.py:2778} INFO - 1 downstream tasks scheduled from follow-on schedule check
