[2023-10-17T11:19:12.796+0000] {taskinstance.py:1159} INFO - Dependencies all met for dep_context=non-requeueable deps ti=<TaskInstance: copy_tranform_to_mongo.waiting_for_data scheduled__2021-03-19T00:00:00+00:00 [queued]>
[2023-10-17T11:19:12.804+0000] {taskinstance.py:1159} INFO - Dependencies all met for dep_context=requeueable deps ti=<TaskInstance: copy_tranform_to_mongo.waiting_for_data scheduled__2021-03-19T00:00:00+00:00 [queued]>
[2023-10-17T11:19:12.805+0000] {taskinstance.py:1361} INFO - Starting attempt 1 of 1
[2023-10-17T11:19:12.817+0000] {taskinstance.py:1382} INFO - Executing <Task(FileSensor): waiting_for_data> on 2021-03-19 00:00:00+00:00
[2023-10-17T11:19:12.823+0000] {standard_task_runner.py:57} INFO - Started process 579 to run task
[2023-10-17T11:19:12.825+0000] {standard_task_runner.py:84} INFO - Running: ['***', 'tasks', 'run', 'copy_tranform_to_mongo', 'waiting_for_data', 'scheduled__2021-03-19T00:00:00+00:00', '--job-id', '82', '--raw', '--subdir', 'DAGS_FOLDER/file_***-mongo.py', '--cfg-path', '/tmp/tmp395sd63e']
[2023-10-17T11:19:12.825+0000] {standard_task_runner.py:85} INFO - Job 82: Subtask waiting_for_data
[2023-10-17T11:19:12.860+0000] {task_command.py:416} INFO - Running <TaskInstance: copy_tranform_to_mongo.waiting_for_data scheduled__2021-03-19T00:00:00+00:00 [running]> on host 238c1d4ff767
[2023-10-17T11:19:12.938+0000] {taskinstance.py:1662} INFO - Exporting env vars: AIRFLOW_CTX_DAG_OWNER='***' AIRFLOW_CTX_DAG_ID='copy_tranform_to_mongo' AIRFLOW_CTX_TASK_ID='waiting_for_data' AIRFLOW_CTX_EXECUTION_DATE='2021-03-19T00:00:00+00:00' AIRFLOW_CTX_TRY_NUMBER='1' AIRFLOW_CTX_DAG_RUN_ID='scheduled__2021-03-19T00:00:00+00:00'
[2023-10-17T11:19:12.944+0000] {base.py:73} INFO - Using connection ID 'fs_default' for task execution.
[2023-10-17T11:19:12.945+0000] {filesystem.py:64} INFO - Poking for file /opt/in/tiktok_google_play_reviews.csv
[2023-10-17T11:19:12.945+0000] {filesystem.py:69} INFO - Found File /opt/in/tiktok_google_play_reviews.csv last modified: 20220405221612
[2023-10-17T11:19:12.945+0000] {base.py:287} INFO - Success criteria met. Exiting.
[2023-10-17T11:19:12.951+0000] {taskinstance.py:1400} INFO - Marking task as SUCCESS. dag_id=copy_tranform_to_mongo, task_id=waiting_for_data, execution_date=20210319T000000, start_date=20231017T111912, end_date=20231017T111912
[2023-10-17T11:19:12.997+0000] {local_task_job_runner.py:228} INFO - Task exited with return code 0
[2023-10-17T11:19:13.023+0000] {taskinstance.py:2778} INFO - 0 downstream tasks scheduled from follow-on schedule check
[2023-10-18T10:42:41.801+0000] {taskinstance.py:1159} INFO - Dependencies all met for dep_context=non-requeueable deps ti=<TaskInstance: copy_tranform_to_mongo.waiting_for_data scheduled__2021-03-19T00:00:00+00:00 [queued]>
[2023-10-18T10:42:41.811+0000] {taskinstance.py:1159} INFO - Dependencies all met for dep_context=requeueable deps ti=<TaskInstance: copy_tranform_to_mongo.waiting_for_data scheduled__2021-03-19T00:00:00+00:00 [queued]>
[2023-10-18T10:42:41.811+0000] {taskinstance.py:1361} INFO - Starting attempt 1 of 1
[2023-10-18T10:42:41.824+0000] {taskinstance.py:1382} INFO - Executing <Task(FileSensor): waiting_for_data> on 2021-03-19 00:00:00+00:00
[2023-10-18T10:42:41.829+0000] {standard_task_runner.py:57} INFO - Started process 1543 to run task
[2023-10-18T10:42:41.832+0000] {standard_task_runner.py:84} INFO - Running: ['***', 'tasks', 'run', 'copy_tranform_to_mongo', 'waiting_for_data', 'scheduled__2021-03-19T00:00:00+00:00', '--job-id', '81', '--raw', '--subdir', 'DAGS_FOLDER/file_***-mongo.py', '--cfg-path', '/tmp/tmpq5mfur1u']
[2023-10-18T10:42:41.832+0000] {standard_task_runner.py:85} INFO - Job 81: Subtask waiting_for_data
[2023-10-18T10:42:41.877+0000] {task_command.py:416} INFO - Running <TaskInstance: copy_tranform_to_mongo.waiting_for_data scheduled__2021-03-19T00:00:00+00:00 [running]> on host 2473b23ba069
[2023-10-18T10:42:41.933+0000] {taskinstance.py:1662} INFO - Exporting env vars: AIRFLOW_CTX_DAG_OWNER='***' AIRFLOW_CTX_DAG_ID='copy_tranform_to_mongo' AIRFLOW_CTX_TASK_ID='waiting_for_data' AIRFLOW_CTX_EXECUTION_DATE='2021-03-19T00:00:00+00:00' AIRFLOW_CTX_TRY_NUMBER='1' AIRFLOW_CTX_DAG_RUN_ID='scheduled__2021-03-19T00:00:00+00:00'
[2023-10-18T10:42:41.946+0000] {taskinstance.py:1937} ERROR - Task failed with exception
Traceback (most recent call last):
  File "/home/airflow/.local/lib/python3.8/site-packages/airflow/sensors/base.py", line 257, in execute
    raise e
  File "/home/airflow/.local/lib/python3.8/site-packages/airflow/sensors/base.py", line 239, in execute
    poke_return = self.poke(context)
  File "/home/airflow/.local/lib/python3.8/site-packages/airflow/sensors/filesystem.py", line 61, in poke
    hook = FSHook(self.fs_conn_id)
  File "/home/airflow/.local/lib/python3.8/site-packages/airflow/hooks/filesystem.py", line 38, in __init__
    conn = self.get_connection(conn_id)
  File "/home/airflow/.local/lib/python3.8/site-packages/airflow/hooks/base.py", line 72, in get_connection
    conn = Connection.get_connection_from_secrets(conn_id)
  File "/home/airflow/.local/lib/python3.8/site-packages/airflow/models/connection.py", line 477, in get_connection_from_secrets
    raise AirflowNotFoundException(f"The conn_id `{conn_id}` isn't defined")
airflow.exceptions.AirflowNotFoundException: The conn_id `fs_default` isn't defined
[2023-10-18T10:42:41.949+0000] {taskinstance.py:1400} INFO - Marking task as FAILED. dag_id=copy_tranform_to_mongo, task_id=waiting_for_data, execution_date=20210319T000000, start_date=20231018T104241, end_date=20231018T104241
[2023-10-18T10:42:41.957+0000] {standard_task_runner.py:104} ERROR - Failed to execute job 81 for task waiting_for_data (The conn_id `fs_default` isn't defined; 1543)
[2023-10-18T10:42:41.963+0000] {local_task_job_runner.py:228} INFO - Task exited with return code 1
[2023-10-18T10:42:41.987+0000] {taskinstance.py:2778} INFO - 0 downstream tasks scheduled from follow-on schedule check
[2023-10-18T11:17:15.286+0000] {taskinstance.py:1159} INFO - Dependencies all met for dep_context=non-requeueable deps ti=<TaskInstance: copy_tranform_to_mongo.waiting_for_data scheduled__2021-03-19T00:00:00+00:00 [queued]>
[2023-10-18T11:17:15.294+0000] {taskinstance.py:1159} INFO - Dependencies all met for dep_context=requeueable deps ti=<TaskInstance: copy_tranform_to_mongo.waiting_for_data scheduled__2021-03-19T00:00:00+00:00 [queued]>
[2023-10-18T11:17:15.294+0000] {taskinstance.py:1361} INFO - Starting attempt 1 of 1
[2023-10-18T11:17:15.305+0000] {taskinstance.py:1382} INFO - Executing <Task(FileSensor): waiting_for_data> on 2021-03-19 00:00:00+00:00
[2023-10-18T11:17:15.310+0000] {standard_task_runner.py:57} INFO - Started process 366 to run task
[2023-10-18T11:17:15.313+0000] {standard_task_runner.py:84} INFO - Running: ['***', 'tasks', 'run', 'copy_tranform_to_mongo', 'waiting_for_data', 'scheduled__2021-03-19T00:00:00+00:00', '--job-id', '118', '--raw', '--subdir', 'DAGS_FOLDER/file_***-mongo.py', '--cfg-path', '/tmp/tmpk4y6coyh']
[2023-10-18T11:17:15.313+0000] {standard_task_runner.py:85} INFO - Job 118: Subtask waiting_for_data
[2023-10-18T11:17:15.354+0000] {task_command.py:416} INFO - Running <TaskInstance: copy_tranform_to_mongo.waiting_for_data scheduled__2021-03-19T00:00:00+00:00 [running]> on host 0e68aa52dfc7
[2023-10-18T11:17:15.427+0000] {taskinstance.py:1662} INFO - Exporting env vars: AIRFLOW_CTX_DAG_OWNER='***' AIRFLOW_CTX_DAG_ID='copy_tranform_to_mongo' AIRFLOW_CTX_TASK_ID='waiting_for_data' AIRFLOW_CTX_EXECUTION_DATE='2021-03-19T00:00:00+00:00' AIRFLOW_CTX_TRY_NUMBER='1' AIRFLOW_CTX_DAG_RUN_ID='scheduled__2021-03-19T00:00:00+00:00'
[2023-10-18T11:17:15.436+0000] {base.py:73} INFO - Using connection ID 'fs_default' for task execution.
[2023-10-18T11:17:15.437+0000] {filesystem.py:64} INFO - Poking for file /opt/in/tiktok_google_play_reviews.csv
[2023-10-18T11:17:15.437+0000] {filesystem.py:69} INFO - Found File /opt/in/tiktok_google_play_reviews.csv last modified: 20220405221612
[2023-10-18T11:17:15.437+0000] {base.py:287} INFO - Success criteria met. Exiting.
[2023-10-18T11:17:15.443+0000] {taskinstance.py:1400} INFO - Marking task as SUCCESS. dag_id=copy_tranform_to_mongo, task_id=waiting_for_data, execution_date=20210319T000000, start_date=20231018T111715, end_date=20231018T111715
[2023-10-18T11:17:15.485+0000] {local_task_job_runner.py:228} INFO - Task exited with return code 0
[2023-10-18T11:17:15.525+0000] {taskinstance.py:2778} INFO - 0 downstream tasks scheduled from follow-on schedule check
[2023-10-19T12:11:51.352+0000] {taskinstance.py:1159} INFO - Dependencies all met for dep_context=non-requeueable deps ti=<TaskInstance: copy_tranform_to_mongo.waiting_for_data scheduled__2021-03-19T00:00:00+00:00 [queued]>
[2023-10-19T12:11:51.362+0000] {taskinstance.py:1159} INFO - Dependencies all met for dep_context=requeueable deps ti=<TaskInstance: copy_tranform_to_mongo.waiting_for_data scheduled__2021-03-19T00:00:00+00:00 [queued]>
[2023-10-19T12:11:51.363+0000] {taskinstance.py:1361} INFO - Starting attempt 1 of 1
[2023-10-19T12:11:51.379+0000] {taskinstance.py:1382} INFO - Executing <Task(FileSensor): waiting_for_data> on 2021-03-19 00:00:00+00:00
[2023-10-19T12:11:51.386+0000] {standard_task_runner.py:57} INFO - Started process 415 to run task
[2023-10-19T12:11:51.389+0000] {standard_task_runner.py:84} INFO - Running: ['***', 'tasks', 'run', 'copy_tranform_to_mongo', 'waiting_for_data', 'scheduled__2021-03-19T00:00:00+00:00', '--job-id', '115', '--raw', '--subdir', 'DAGS_FOLDER/file_***-mongo.py', '--cfg-path', '/tmp/tmpevo6wj7o']
[2023-10-19T12:11:51.390+0000] {standard_task_runner.py:85} INFO - Job 115: Subtask waiting_for_data
[2023-10-19T12:11:51.431+0000] {task_command.py:416} INFO - Running <TaskInstance: copy_tranform_to_mongo.waiting_for_data scheduled__2021-03-19T00:00:00+00:00 [running]> on host 6f5df7fea6fd
[2023-10-19T12:11:51.506+0000] {taskinstance.py:1662} INFO - Exporting env vars: AIRFLOW_CTX_DAG_OWNER='***' AIRFLOW_CTX_DAG_ID='copy_tranform_to_mongo' AIRFLOW_CTX_TASK_ID='waiting_for_data' AIRFLOW_CTX_EXECUTION_DATE='2021-03-19T00:00:00+00:00' AIRFLOW_CTX_TRY_NUMBER='1' AIRFLOW_CTX_DAG_RUN_ID='scheduled__2021-03-19T00:00:00+00:00'
[2023-10-19T12:11:51.515+0000] {base.py:73} INFO - Using connection ID 'fs_default' for task execution.
[2023-10-19T12:11:51.515+0000] {filesystem.py:64} INFO - Poking for file /opt/in/tiktok_google_play_reviews.csv
[2023-10-19T12:11:51.515+0000] {filesystem.py:69} INFO - Found File /opt/in/tiktok_google_play_reviews.csv last modified: 20220405221612
[2023-10-19T12:11:51.515+0000] {base.py:287} INFO - Success criteria met. Exiting.
[2023-10-19T12:11:51.522+0000] {taskinstance.py:1400} INFO - Marking task as SUCCESS. dag_id=copy_tranform_to_mongo, task_id=waiting_for_data, execution_date=20210319T000000, start_date=20231019T121151, end_date=20231019T121151
[2023-10-19T12:11:51.560+0000] {local_task_job_runner.py:228} INFO - Task exited with return code 0
[2023-10-19T12:11:51.585+0000] {taskinstance.py:2778} INFO - 1 downstream tasks scheduled from follow-on schedule check
