[2023-10-17T11:18:57.650+0000] {taskinstance.py:1159} INFO - Dependencies all met for dep_context=non-requeueable deps ti=<TaskInstance: copy_tranform_to_mongo.waiting_for_data scheduled__2021-02-10T00:00:00+00:00 [queued]>
[2023-10-17T11:18:57.658+0000] {taskinstance.py:1159} INFO - Dependencies all met for dep_context=requeueable deps ti=<TaskInstance: copy_tranform_to_mongo.waiting_for_data scheduled__2021-02-10T00:00:00+00:00 [queued]>
[2023-10-17T11:18:57.658+0000] {taskinstance.py:1361} INFO - Starting attempt 1 of 1
[2023-10-17T11:18:57.667+0000] {taskinstance.py:1382} INFO - Executing <Task(FileSensor): waiting_for_data> on 2021-02-10 00:00:00+00:00
[2023-10-17T11:18:57.674+0000] {standard_task_runner.py:57} INFO - Started process 505 to run task
[2023-10-17T11:18:57.676+0000] {standard_task_runner.py:84} INFO - Running: ['***', 'tasks', 'run', 'copy_tranform_to_mongo', 'waiting_for_data', 'scheduled__2021-02-10T00:00:00+00:00', '--job-id', '45', '--raw', '--subdir', 'DAGS_FOLDER/file_***-mongo.py', '--cfg-path', '/tmp/tmpeirvak88']
[2023-10-17T11:18:57.677+0000] {standard_task_runner.py:85} INFO - Job 45: Subtask waiting_for_data
[2023-10-17T11:18:57.711+0000] {task_command.py:416} INFO - Running <TaskInstance: copy_tranform_to_mongo.waiting_for_data scheduled__2021-02-10T00:00:00+00:00 [running]> on host 238c1d4ff767
[2023-10-17T11:18:57.785+0000] {taskinstance.py:1662} INFO - Exporting env vars: AIRFLOW_CTX_DAG_OWNER='***' AIRFLOW_CTX_DAG_ID='copy_tranform_to_mongo' AIRFLOW_CTX_TASK_ID='waiting_for_data' AIRFLOW_CTX_EXECUTION_DATE='2021-02-10T00:00:00+00:00' AIRFLOW_CTX_TRY_NUMBER='1' AIRFLOW_CTX_DAG_RUN_ID='scheduled__2021-02-10T00:00:00+00:00'
[2023-10-17T11:18:57.792+0000] {base.py:73} INFO - Using connection ID 'fs_default' for task execution.
[2023-10-17T11:18:57.792+0000] {filesystem.py:64} INFO - Poking for file /opt/in/tiktok_google_play_reviews.csv
[2023-10-17T11:18:57.792+0000] {filesystem.py:69} INFO - Found File /opt/in/tiktok_google_play_reviews.csv last modified: 20220405221612
[2023-10-17T11:18:57.792+0000] {base.py:287} INFO - Success criteria met. Exiting.
[2023-10-17T11:18:57.798+0000] {taskinstance.py:1400} INFO - Marking task as SUCCESS. dag_id=copy_tranform_to_mongo, task_id=waiting_for_data, execution_date=20210210T000000, start_date=20231017T111857, end_date=20231017T111857
[2023-10-17T11:18:57.848+0000] {local_task_job_runner.py:228} INFO - Task exited with return code 0
[2023-10-17T11:18:57.875+0000] {taskinstance.py:2778} INFO - 0 downstream tasks scheduled from follow-on schedule check
[2023-10-18T10:42:26.444+0000] {taskinstance.py:1159} INFO - Dependencies all met for dep_context=non-requeueable deps ti=<TaskInstance: copy_tranform_to_mongo.waiting_for_data scheduled__2021-02-10T00:00:00+00:00 [queued]>
[2023-10-18T10:42:26.458+0000] {taskinstance.py:1159} INFO - Dependencies all met for dep_context=requeueable deps ti=<TaskInstance: copy_tranform_to_mongo.waiting_for_data scheduled__2021-02-10T00:00:00+00:00 [queued]>
[2023-10-18T10:42:26.458+0000] {taskinstance.py:1361} INFO - Starting attempt 1 of 1
[2023-10-18T10:42:26.470+0000] {taskinstance.py:1382} INFO - Executing <Task(FileSensor): waiting_for_data> on 2021-02-10 00:00:00+00:00
[2023-10-18T10:42:26.478+0000] {standard_task_runner.py:57} INFO - Started process 1470 to run task
[2023-10-18T10:42:26.480+0000] {standard_task_runner.py:84} INFO - Running: ['***', 'tasks', 'run', 'copy_tranform_to_mongo', 'waiting_for_data', 'scheduled__2021-02-10T00:00:00+00:00', '--job-id', '44', '--raw', '--subdir', 'DAGS_FOLDER/file_***-mongo.py', '--cfg-path', '/tmp/tmp92a3vap3']
[2023-10-18T10:42:26.482+0000] {standard_task_runner.py:85} INFO - Job 44: Subtask waiting_for_data
[2023-10-18T10:42:26.533+0000] {task_command.py:416} INFO - Running <TaskInstance: copy_tranform_to_mongo.waiting_for_data scheduled__2021-02-10T00:00:00+00:00 [running]> on host 2473b23ba069
[2023-10-18T10:42:26.609+0000] {taskinstance.py:1662} INFO - Exporting env vars: AIRFLOW_CTX_DAG_OWNER='***' AIRFLOW_CTX_DAG_ID='copy_tranform_to_mongo' AIRFLOW_CTX_TASK_ID='waiting_for_data' AIRFLOW_CTX_EXECUTION_DATE='2021-02-10T00:00:00+00:00' AIRFLOW_CTX_TRY_NUMBER='1' AIRFLOW_CTX_DAG_RUN_ID='scheduled__2021-02-10T00:00:00+00:00'
[2023-10-18T10:42:26.626+0000] {taskinstance.py:1937} ERROR - Task failed with exception
Traceback (most recent call last):
  File "/home/airflow/.local/lib/python3.8/site-packages/airflow/sensors/base.py", line 257, in execute
    raise e
  File "/home/airflow/.local/lib/python3.8/site-packages/airflow/sensors/base.py", line 239, in execute
    poke_return = self.poke(context)
  File "/home/airflow/.local/lib/python3.8/site-packages/airflow/sensors/filesystem.py", line 61, in poke
    hook = FSHook(self.fs_conn_id)
  File "/home/airflow/.local/lib/python3.8/site-packages/airflow/hooks/filesystem.py", line 38, in __init__
    conn = self.get_connection(conn_id)
  File "/home/airflow/.local/lib/python3.8/site-packages/airflow/hooks/base.py", line 72, in get_connection
    conn = Connection.get_connection_from_secrets(conn_id)
  File "/home/airflow/.local/lib/python3.8/site-packages/airflow/models/connection.py", line 477, in get_connection_from_secrets
    raise AirflowNotFoundException(f"The conn_id `{conn_id}` isn't defined")
airflow.exceptions.AirflowNotFoundException: The conn_id `fs_default` isn't defined
[2023-10-18T10:42:26.631+0000] {taskinstance.py:1400} INFO - Marking task as FAILED. dag_id=copy_tranform_to_mongo, task_id=waiting_for_data, execution_date=20210210T000000, start_date=20231018T104226, end_date=20231018T104226
[2023-10-18T10:42:26.644+0000] {standard_task_runner.py:104} ERROR - Failed to execute job 44 for task waiting_for_data (The conn_id `fs_default` isn't defined; 1470)
[2023-10-18T10:42:26.654+0000] {local_task_job_runner.py:228} INFO - Task exited with return code 1
[2023-10-18T10:42:26.679+0000] {taskinstance.py:2778} INFO - 0 downstream tasks scheduled from follow-on schedule check
[2023-10-18T11:16:53.626+0000] {taskinstance.py:1159} INFO - Dependencies all met for dep_context=non-requeueable deps ti=<TaskInstance: copy_tranform_to_mongo.waiting_for_data scheduled__2021-02-10T00:00:00+00:00 [queued]>
[2023-10-18T11:16:53.632+0000] {taskinstance.py:1159} INFO - Dependencies all met for dep_context=requeueable deps ti=<TaskInstance: copy_tranform_to_mongo.waiting_for_data scheduled__2021-02-10T00:00:00+00:00 [queued]>
[2023-10-18T11:16:53.632+0000] {taskinstance.py:1361} INFO - Starting attempt 1 of 1
[2023-10-18T11:16:53.641+0000] {taskinstance.py:1382} INFO - Executing <Task(FileSensor): waiting_for_data> on 2021-02-10 00:00:00+00:00
[2023-10-18T11:16:53.652+0000] {standard_task_runner.py:57} INFO - Started process 209 to run task
[2023-10-18T11:16:53.655+0000] {standard_task_runner.py:84} INFO - Running: ['***', 'tasks', 'run', 'copy_tranform_to_mongo', 'waiting_for_data', 'scheduled__2021-02-10T00:00:00+00:00', '--job-id', '43', '--raw', '--subdir', 'DAGS_FOLDER/file_***-mongo.py', '--cfg-path', '/tmp/tmpni_z6fdn']
[2023-10-18T11:16:53.656+0000] {standard_task_runner.py:85} INFO - Job 43: Subtask waiting_for_data
[2023-10-18T11:16:53.710+0000] {task_command.py:416} INFO - Running <TaskInstance: copy_tranform_to_mongo.waiting_for_data scheduled__2021-02-10T00:00:00+00:00 [running]> on host 0e68aa52dfc7
[2023-10-18T11:16:53.809+0000] {taskinstance.py:1662} INFO - Exporting env vars: AIRFLOW_CTX_DAG_OWNER='***' AIRFLOW_CTX_DAG_ID='copy_tranform_to_mongo' AIRFLOW_CTX_TASK_ID='waiting_for_data' AIRFLOW_CTX_EXECUTION_DATE='2021-02-10T00:00:00+00:00' AIRFLOW_CTX_TRY_NUMBER='1' AIRFLOW_CTX_DAG_RUN_ID='scheduled__2021-02-10T00:00:00+00:00'
[2023-10-18T11:16:53.817+0000] {base.py:73} INFO - Using connection ID 'fs_default' for task execution.
[2023-10-18T11:16:53.818+0000] {filesystem.py:64} INFO - Poking for file /opt/in/tiktok_google_play_reviews.csv
[2023-10-18T11:16:53.818+0000] {filesystem.py:69} INFO - Found File /opt/in/tiktok_google_play_reviews.csv last modified: 20220405221612
[2023-10-18T11:16:53.818+0000] {base.py:287} INFO - Success criteria met. Exiting.
[2023-10-18T11:16:53.826+0000] {taskinstance.py:1400} INFO - Marking task as SUCCESS. dag_id=copy_tranform_to_mongo, task_id=waiting_for_data, execution_date=20210210T000000, start_date=20231018T111653, end_date=20231018T111653
[2023-10-18T11:16:53.872+0000] {local_task_job_runner.py:228} INFO - Task exited with return code 0
[2023-10-18T11:16:53.904+0000] {taskinstance.py:2778} INFO - 1 downstream tasks scheduled from follow-on schedule check
[2023-10-19T12:11:33.436+0000] {taskinstance.py:1159} INFO - Dependencies all met for dep_context=non-requeueable deps ti=<TaskInstance: copy_tranform_to_mongo.waiting_for_data scheduled__2021-02-10T00:00:00+00:00 [queued]>
[2023-10-19T12:11:33.445+0000] {taskinstance.py:1159} INFO - Dependencies all met for dep_context=requeueable deps ti=<TaskInstance: copy_tranform_to_mongo.waiting_for_data scheduled__2021-02-10T00:00:00+00:00 [queued]>
[2023-10-19T12:11:33.445+0000] {taskinstance.py:1361} INFO - Starting attempt 1 of 1
[2023-10-19T12:11:33.485+0000] {taskinstance.py:1382} INFO - Executing <Task(FileSensor): waiting_for_data> on 2021-02-10 00:00:00+00:00
[2023-10-19T12:11:33.493+0000] {standard_task_runner.py:57} INFO - Started process 272 to run task
[2023-10-19T12:11:33.496+0000] {standard_task_runner.py:84} INFO - Running: ['***', 'tasks', 'run', 'copy_tranform_to_mongo', 'waiting_for_data', 'scheduled__2021-02-10T00:00:00+00:00', '--job-id', '43', '--raw', '--subdir', 'DAGS_FOLDER/file_***-mongo.py', '--cfg-path', '/tmp/tmp716l7d0k']
[2023-10-19T12:11:33.497+0000] {standard_task_runner.py:85} INFO - Job 43: Subtask waiting_for_data
[2023-10-19T12:11:33.549+0000] {task_command.py:416} INFO - Running <TaskInstance: copy_tranform_to_mongo.waiting_for_data scheduled__2021-02-10T00:00:00+00:00 [running]> on host 6f5df7fea6fd
[2023-10-19T12:11:33.630+0000] {taskinstance.py:1662} INFO - Exporting env vars: AIRFLOW_CTX_DAG_OWNER='***' AIRFLOW_CTX_DAG_ID='copy_tranform_to_mongo' AIRFLOW_CTX_TASK_ID='waiting_for_data' AIRFLOW_CTX_EXECUTION_DATE='2021-02-10T00:00:00+00:00' AIRFLOW_CTX_TRY_NUMBER='1' AIRFLOW_CTX_DAG_RUN_ID='scheduled__2021-02-10T00:00:00+00:00'
[2023-10-19T12:11:33.642+0000] {base.py:73} INFO - Using connection ID 'fs_default' for task execution.
[2023-10-19T12:11:33.642+0000] {filesystem.py:64} INFO - Poking for file /opt/in/tiktok_google_play_reviews.csv
[2023-10-19T12:11:33.643+0000] {filesystem.py:69} INFO - Found File /opt/in/tiktok_google_play_reviews.csv last modified: 20220405221612
[2023-10-19T12:11:33.643+0000] {base.py:287} INFO - Success criteria met. Exiting.
[2023-10-19T12:11:33.650+0000] {taskinstance.py:1400} INFO - Marking task as SUCCESS. dag_id=copy_tranform_to_mongo, task_id=waiting_for_data, execution_date=20210210T000000, start_date=20231019T121133, end_date=20231019T121133
[2023-10-19T12:11:33.711+0000] {local_task_job_runner.py:228} INFO - Task exited with return code 0
[2023-10-19T12:11:33.748+0000] {taskinstance.py:2778} INFO - 1 downstream tasks scheduled from follow-on schedule check
