[2023-10-17T11:26:43.538+0000] {taskinstance.py:1159} INFO - Dependencies all met for dep_context=non-requeueable deps ti=<TaskInstance: copy_tranform_to_mongo.waiting_for_data scheduled__2023-07-15T00:00:00+00:00 [queued]>
[2023-10-17T11:26:43.546+0000] {taskinstance.py:1159} INFO - Dependencies all met for dep_context=requeueable deps ti=<TaskInstance: copy_tranform_to_mongo.waiting_for_data scheduled__2023-07-15T00:00:00+00:00 [queued]>
[2023-10-17T11:26:43.546+0000] {taskinstance.py:1361} INFO - Starting attempt 1 of 1
[2023-10-17T11:26:43.556+0000] {taskinstance.py:1382} INFO - Executing <Task(FileSensor): waiting_for_data> on 2023-07-15 00:00:00+00:00
[2023-10-17T11:26:43.564+0000] {standard_task_runner.py:57} INFO - Started process 2395 to run task
[2023-10-17T11:26:43.566+0000] {standard_task_runner.py:84} INFO - Running: ['***', 'tasks', 'run', 'copy_tranform_to_mongo', 'waiting_for_data', 'scheduled__2023-07-15T00:00:00+00:00', '--job-id', '930', '--raw', '--subdir', 'DAGS_FOLDER/file_***-mongo.py', '--cfg-path', '/tmp/tmp6j1tj36e']
[2023-10-17T11:26:43.566+0000] {standard_task_runner.py:85} INFO - Job 930: Subtask waiting_for_data
[2023-10-17T11:26:43.601+0000] {task_command.py:416} INFO - Running <TaskInstance: copy_tranform_to_mongo.waiting_for_data scheduled__2023-07-15T00:00:00+00:00 [running]> on host 238c1d4ff767
[2023-10-17T11:26:43.668+0000] {taskinstance.py:1662} INFO - Exporting env vars: AIRFLOW_CTX_DAG_OWNER='***' AIRFLOW_CTX_DAG_ID='copy_tranform_to_mongo' AIRFLOW_CTX_TASK_ID='waiting_for_data' AIRFLOW_CTX_EXECUTION_DATE='2023-07-15T00:00:00+00:00' AIRFLOW_CTX_TRY_NUMBER='1' AIRFLOW_CTX_DAG_RUN_ID='scheduled__2023-07-15T00:00:00+00:00'
[2023-10-17T11:26:43.678+0000] {base.py:73} INFO - Using connection ID 'fs_default' for task execution.
[2023-10-17T11:26:43.679+0000] {filesystem.py:64} INFO - Poking for file /opt/in/tiktok_google_play_reviews.csv
[2023-10-17T11:26:43.679+0000] {filesystem.py:69} INFO - Found File /opt/in/tiktok_google_play_reviews.csv last modified: 20220405221612
[2023-10-17T11:26:43.679+0000] {base.py:287} INFO - Success criteria met. Exiting.
[2023-10-17T11:26:43.687+0000] {taskinstance.py:1400} INFO - Marking task as SUCCESS. dag_id=copy_tranform_to_mongo, task_id=waiting_for_data, execution_date=20230715T000000, start_date=20231017T112643, end_date=20231017T112643
[2023-10-17T11:26:43.738+0000] {local_task_job_runner.py:228} INFO - Task exited with return code 0
[2023-10-17T11:26:43.752+0000] {taskinstance.py:2778} INFO - 0 downstream tasks scheduled from follow-on schedule check
[2023-10-18T11:51:56.773+0000] {taskinstance.py:1159} INFO - Dependencies all met for dep_context=non-requeueable deps ti=<TaskInstance: copy_tranform_to_mongo.waiting_for_data scheduled__2023-07-15T00:00:00+00:00 [queued]>
[2023-10-18T11:51:56.787+0000] {taskinstance.py:1159} INFO - Dependencies all met for dep_context=requeueable deps ti=<TaskInstance: copy_tranform_to_mongo.waiting_for_data scheduled__2023-07-15T00:00:00+00:00 [queued]>
[2023-10-18T11:51:56.787+0000] {taskinstance.py:1361} INFO - Starting attempt 1 of 1
[2023-10-18T11:51:56.802+0000] {taskinstance.py:1382} INFO - Executing <Task(FileSensor): waiting_for_data> on 2023-07-15 00:00:00+00:00
[2023-10-18T11:51:56.836+0000] {standard_task_runner.py:57} INFO - Started process 4285 to run task
[2023-10-18T11:51:56.839+0000] {standard_task_runner.py:84} INFO - Running: ['***', 'tasks', 'run', 'copy_tranform_to_mongo', 'waiting_for_data', 'scheduled__2023-07-15T00:00:00+00:00', '--job-id', '1812', '--raw', '--subdir', 'DAGS_FOLDER/file_***-mongo.py', '--cfg-path', '/tmp/tmprjdygw4b']
[2023-10-18T11:51:56.840+0000] {standard_task_runner.py:85} INFO - Job 1812: Subtask waiting_for_data
[2023-10-18T11:51:56.901+0000] {task_command.py:416} INFO - Running <TaskInstance: copy_tranform_to_mongo.waiting_for_data scheduled__2023-07-15T00:00:00+00:00 [running]> on host 0e68aa52dfc7
[2023-10-18T11:51:57.024+0000] {taskinstance.py:1662} INFO - Exporting env vars: AIRFLOW_CTX_DAG_OWNER='***' AIRFLOW_CTX_DAG_ID='copy_tranform_to_mongo' AIRFLOW_CTX_TASK_ID='waiting_for_data' AIRFLOW_CTX_EXECUTION_DATE='2023-07-15T00:00:00+00:00' AIRFLOW_CTX_TRY_NUMBER='1' AIRFLOW_CTX_DAG_RUN_ID='scheduled__2023-07-15T00:00:00+00:00'
[2023-10-18T11:51:57.038+0000] {base.py:73} INFO - Using connection ID 'fs_default' for task execution.
[2023-10-18T11:51:57.039+0000] {filesystem.py:64} INFO - Poking for file /opt/in/tiktok_google_play_reviews.csv
[2023-10-18T11:51:57.039+0000] {filesystem.py:69} INFO - Found File /opt/in/tiktok_google_play_reviews.csv last modified: 20220405221612
[2023-10-18T11:51:57.039+0000] {base.py:287} INFO - Success criteria met. Exiting.
[2023-10-18T11:51:57.055+0000] {taskinstance.py:1400} INFO - Marking task as SUCCESS. dag_id=copy_tranform_to_mongo, task_id=waiting_for_data, execution_date=20230715T000000, start_date=20231018T115156, end_date=20231018T115157
[2023-10-18T11:51:57.100+0000] {local_task_job_runner.py:228} INFO - Task exited with return code 0
[2023-10-18T11:51:57.184+0000] {taskinstance.py:2778} INFO - 0 downstream tasks scheduled from follow-on schedule check
