[2023-10-19T12:22:17.320+0000] {taskinstance.py:1159} INFO - Dependencies all met for dep_context=non-requeueable deps ti=<TaskInstance: copy_tranform_to_mongo.transform_data_by_pandas manual__2023-10-19T12:22:11.557971+00:00 [queued]>
[2023-10-19T12:22:17.373+0000] {taskinstance.py:1159} INFO - Dependencies all met for dep_context=requeueable deps ti=<TaskInstance: copy_tranform_to_mongo.transform_data_by_pandas manual__2023-10-19T12:22:11.557971+00:00 [queued]>
[2023-10-19T12:22:17.374+0000] {taskinstance.py:1361} INFO - Starting attempt 1 of 1
[2023-10-19T12:22:17.430+0000] {taskinstance.py:1382} INFO - Executing <Task(DockerOperator): transform_data_by_pandas> on 2023-10-19 12:22:11.557971+00:00
[2023-10-19T12:22:17.456+0000] {standard_task_runner.py:57} INFO - Started process 710 to run task
[2023-10-19T12:22:17.476+0000] {standard_task_runner.py:84} INFO - Running: ['***', 'tasks', 'run', 'copy_tranform_to_mongo', 'transform_data_by_pandas', 'manual__2023-10-19T12:22:11.557971+00:00', '--job-id', '182', '--raw', '--subdir', 'DAGS_FOLDER/file_***-mongo.py', '--cfg-path', '/tmp/tmpd92vt226']
[2023-10-19T12:22:17.489+0000] {standard_task_runner.py:85} INFO - Job 182: Subtask transform_data_by_pandas
[2023-10-19T12:22:17.556+0000] {task_command.py:416} INFO - Running <TaskInstance: copy_tranform_to_mongo.transform_data_by_pandas manual__2023-10-19T12:22:11.557971+00:00 [running]> on host 6f5df7fea6fd
[2023-10-19T12:22:17.798+0000] {taskinstance.py:1662} INFO - Exporting env vars: AIRFLOW_CTX_DAG_OWNER='***' AIRFLOW_CTX_DAG_ID='copy_tranform_to_mongo' AIRFLOW_CTX_TASK_ID='transform_data_by_pandas' AIRFLOW_CTX_EXECUTION_DATE='2023-10-19T12:22:11.557971+00:00' AIRFLOW_CTX_TRY_NUMBER='1' AIRFLOW_CTX_DAG_RUN_ID='manual__2023-10-19T12:22:11.557971+00:00'
[2023-10-19T12:22:17.852+0000] {docker.py:337} INFO - Starting docker container from image python/pandas:1.0.0
[2023-10-19T12:22:20.413+0000] {docker.py:406} INFO - Input Notebook:  /opt/pandasapp/notebooks/tiktok_google_reviews.ipynb
[2023-10-19T12:22:20.418+0000] {docker.py:406} INFO - Output Notebook: /opt/pandasapp/notebooks/tiktok_google_reviews.ipynb
[2023-10-19T12:22:20.659+0000] {docker.py:406} INFO - Executing:   0%|          | 0/27 [00:00<?, ?cell/s]
[2023-10-19T12:22:23.541+0000] {docker.py:406} INFO - Executing notebook with kernel: python3
[2023-10-19T12:22:23.569+0000] {docker.py:406} INFO - Executing:   4%|▎         | 1/27 [00:02<01:15,  2.91s/cell]
[2023-10-19T12:22:27.884+0000] {docker.py:406} INFO - Executing:  15%|█▍        | 4/27 [00:07<00:39,  1.71s/cell]
[2023-10-19T12:22:33.222+0000] {docker.py:406} INFO - Executing:  22%|██▏       | 6/27 [00:12<00:44,  2.13s/cell]
[2023-10-19T12:22:33.469+0000] {docker.py:406} INFO - Executing:  33%|███▎      | 9/27 [00:12<00:20,  1.14s/cell]
[2023-10-19T12:22:33.617+0000] {docker.py:406} INFO - Executing:  37%|███▋      | 10/27 [00:12<00:16,  1.05cell/s]
[2023-10-19T12:22:33.845+0000] {docker.py:406} INFO - Executing:  41%|████      | 11/27 [00:13<00:12,  1.24cell/s]
[2023-10-19T12:22:34.493+0000] {docker.py:406} INFO - Executing:  44%|████▍     | 12/27 [00:13<00:11,  1.30cell/s]
[2023-10-19T12:22:34.814+0000] {docker.py:406} INFO - Executing:  48%|████▊     | 13/27 [00:14<00:09,  1.52cell/s]
[2023-10-19T12:22:35.064+0000] {docker.py:406} INFO - Executing:  52%|█████▏    | 14/27 [00:14<00:07,  1.82cell/s]
[2023-10-19T12:22:36.348+0000] {docker.py:406} INFO - Executing:  59%|█████▉    | 16/27 [00:15<00:06,  1.70cell/s]
[2023-10-19T12:22:38.072+0000] {docker.py:406} INFO - Executing:  63%|██████▎   | 17/27 [00:17<00:08,  1.17cell/s]
[2023-10-19T12:22:38.758+0000] {docker.py:406} INFO - Executing:  70%|███████   | 19/27 [00:18<00:05,  1.54cell/s]
[2023-10-19T12:22:40.735+0000] {docker.py:406} INFO - Executing:  74%|███████▍  | 20/27 [00:20<00:06,  1.06cell/s]
[2023-10-19T12:22:41.737+0000] {docker.py:406} INFO - Executing:  78%|███████▊  | 21/27 [00:21<00:05,  1.04cell/s]
[2023-10-19T12:22:43.161+0000] {docker.py:406} INFO - Executing:  81%|████████▏ | 22/27 [00:22<00:05,  1.08s/cell]
[2023-10-19T12:22:44.655+0000] {docker.py:406} INFO - Executing:  85%|████████▌ | 23/27 [00:23<00:04,  1.19s/cell]
[2023-10-19T12:22:44.759+0000] {docker.py:406} INFO - Executing:  89%|████████▉ | 24/27 [00:24<00:02,  1.13cell/s]
[2023-10-19T12:22:45.146+0000] {docker.py:406} INFO - Executing:  93%|█████████▎| 25/27 [00:24<00:01,  1.34cell/s]
[2023-10-19T12:22:49.812+0000] {docker.py:406} INFO - Executing:  96%|█████████▋| 26/27 [00:29<00:01,  1.87s/cell]
[2023-10-19T12:22:50.026+0000] {docker.py:406} INFO - Executing: 100%|██████████| 27/27 [00:29<00:00,  1.39s/cell]
[2023-10-19T12:22:52.586+0000] {docker.py:406} INFO - Executing: 100%|██████████| 27/27 [00:31<00:00,  1.18s/cell]
[2023-10-19T12:22:54.142+0000] {taskinstance.py:1400} INFO - Marking task as SUCCESS. dag_id=copy_tranform_to_mongo, task_id=transform_data_by_pandas, execution_date=20231019T122211, start_date=20231019T122217, end_date=20231019T122254
[2023-10-19T12:22:54.317+0000] {local_task_job_runner.py:228} INFO - Task exited with return code 0
[2023-10-19T12:22:54.363+0000] {taskinstance.py:2778} INFO - 1 downstream tasks scheduled from follow-on schedule check
