[2023-10-17T11:26:41.042+0000] {taskinstance.py:1159} INFO - Dependencies all met for dep_context=non-requeueable deps ti=<TaskInstance: copy_tranform_to_mongo.waiting_for_data scheduled__2023-07-06T00:00:00+00:00 [queued]>
[2023-10-17T11:26:41.053+0000] {taskinstance.py:1159} INFO - Dependencies all met for dep_context=requeueable deps ti=<TaskInstance: copy_tranform_to_mongo.waiting_for_data scheduled__2023-07-06T00:00:00+00:00 [queued]>
[2023-10-17T11:26:41.053+0000] {taskinstance.py:1361} INFO - Starting attempt 1 of 1
[2023-10-17T11:26:41.069+0000] {taskinstance.py:1382} INFO - Executing <Task(FileSensor): waiting_for_data> on 2023-07-06 00:00:00+00:00
[2023-10-17T11:26:41.078+0000] {standard_task_runner.py:57} INFO - Started process 2378 to run task
[2023-10-17T11:26:41.081+0000] {standard_task_runner.py:84} INFO - Running: ['***', 'tasks', 'run', 'copy_tranform_to_mongo', 'waiting_for_data', 'scheduled__2023-07-06T00:00:00+00:00', '--job-id', '921', '--raw', '--subdir', 'DAGS_FOLDER/file_***-mongo.py', '--cfg-path', '/tmp/tmpvwgmd1a4']
[2023-10-17T11:26:41.082+0000] {standard_task_runner.py:85} INFO - Job 921: Subtask waiting_for_data
[2023-10-17T11:26:41.128+0000] {task_command.py:416} INFO - Running <TaskInstance: copy_tranform_to_mongo.waiting_for_data scheduled__2023-07-06T00:00:00+00:00 [running]> on host 238c1d4ff767
[2023-10-17T11:26:41.222+0000] {taskinstance.py:1662} INFO - Exporting env vars: AIRFLOW_CTX_DAG_OWNER='***' AIRFLOW_CTX_DAG_ID='copy_tranform_to_mongo' AIRFLOW_CTX_TASK_ID='waiting_for_data' AIRFLOW_CTX_EXECUTION_DATE='2023-07-06T00:00:00+00:00' AIRFLOW_CTX_TRY_NUMBER='1' AIRFLOW_CTX_DAG_RUN_ID='scheduled__2023-07-06T00:00:00+00:00'
[2023-10-17T11:26:41.239+0000] {base.py:73} INFO - Using connection ID 'fs_default' for task execution.
[2023-10-17T11:26:41.239+0000] {filesystem.py:64} INFO - Poking for file /opt/in/tiktok_google_play_reviews.csv
[2023-10-17T11:26:41.240+0000] {filesystem.py:69} INFO - Found File /opt/in/tiktok_google_play_reviews.csv last modified: 20220405221612
[2023-10-17T11:26:41.240+0000] {base.py:287} INFO - Success criteria met. Exiting.
[2023-10-17T11:26:41.253+0000] {taskinstance.py:1400} INFO - Marking task as SUCCESS. dag_id=copy_tranform_to_mongo, task_id=waiting_for_data, execution_date=20230706T000000, start_date=20231017T112641, end_date=20231017T112641
[2023-10-17T11:26:41.298+0000] {local_task_job_runner.py:228} INFO - Task exited with return code 0
[2023-10-17T11:26:41.333+0000] {taskinstance.py:2778} INFO - 0 downstream tasks scheduled from follow-on schedule check
[2023-10-18T11:51:50.708+0000] {taskinstance.py:1159} INFO - Dependencies all met for dep_context=non-requeueable deps ti=<TaskInstance: copy_tranform_to_mongo.waiting_for_data scheduled__2023-07-06T00:00:00+00:00 [queued]>
[2023-10-18T11:51:50.720+0000] {taskinstance.py:1159} INFO - Dependencies all met for dep_context=requeueable deps ti=<TaskInstance: copy_tranform_to_mongo.waiting_for_data scheduled__2023-07-06T00:00:00+00:00 [queued]>
[2023-10-18T11:51:50.720+0000] {taskinstance.py:1361} INFO - Starting attempt 1 of 1
[2023-10-18T11:51:50.756+0000] {taskinstance.py:1382} INFO - Executing <Task(FileSensor): waiting_for_data> on 2023-07-06 00:00:00+00:00
[2023-10-18T11:51:50.766+0000] {standard_task_runner.py:57} INFO - Started process 4250 to run task
[2023-10-18T11:51:50.770+0000] {standard_task_runner.py:84} INFO - Running: ['***', 'tasks', 'run', 'copy_tranform_to_mongo', 'waiting_for_data', 'scheduled__2023-07-06T00:00:00+00:00', '--job-id', '1793', '--raw', '--subdir', 'DAGS_FOLDER/file_***-mongo.py', '--cfg-path', '/tmp/tmpnk_qxmaw']
[2023-10-18T11:51:50.772+0000] {standard_task_runner.py:85} INFO - Job 1793: Subtask waiting_for_data
[2023-10-18T11:51:50.840+0000] {task_command.py:416} INFO - Running <TaskInstance: copy_tranform_to_mongo.waiting_for_data scheduled__2023-07-06T00:00:00+00:00 [running]> on host 0e68aa52dfc7
[2023-10-18T11:51:50.913+0000] {taskinstance.py:1662} INFO - Exporting env vars: AIRFLOW_CTX_DAG_OWNER='***' AIRFLOW_CTX_DAG_ID='copy_tranform_to_mongo' AIRFLOW_CTX_TASK_ID='waiting_for_data' AIRFLOW_CTX_EXECUTION_DATE='2023-07-06T00:00:00+00:00' AIRFLOW_CTX_TRY_NUMBER='1' AIRFLOW_CTX_DAG_RUN_ID='scheduled__2023-07-06T00:00:00+00:00'
[2023-10-18T11:51:50.928+0000] {base.py:73} INFO - Using connection ID 'fs_default' for task execution.
[2023-10-18T11:51:50.928+0000] {filesystem.py:64} INFO - Poking for file /opt/in/tiktok_google_play_reviews.csv
[2023-10-18T11:51:50.928+0000] {filesystem.py:69} INFO - Found File /opt/in/tiktok_google_play_reviews.csv last modified: 20220405221612
[2023-10-18T11:51:50.929+0000] {base.py:287} INFO - Success criteria met. Exiting.
[2023-10-18T11:51:50.940+0000] {taskinstance.py:1400} INFO - Marking task as SUCCESS. dag_id=copy_tranform_to_mongo, task_id=waiting_for_data, execution_date=20230706T000000, start_date=20231018T115150, end_date=20231018T115150
[2023-10-18T11:51:50.992+0000] {local_task_job_runner.py:228} INFO - Task exited with return code 0
[2023-10-18T11:51:51.026+0000] {taskinstance.py:2778} INFO - 1 downstream tasks scheduled from follow-on schedule check
