[2023-10-17T11:25:36.772+0000] {taskinstance.py:1159} INFO - Dependencies all met for dep_context=non-requeueable deps ti=<TaskInstance: copy_tranform_to_mongo.waiting_for_data scheduled__2023-04-13T00:00:00+00:00 [queued]>
[2023-10-17T11:25:36.782+0000] {taskinstance.py:1159} INFO - Dependencies all met for dep_context=requeueable deps ti=<TaskInstance: copy_tranform_to_mongo.waiting_for_data scheduled__2023-04-13T00:00:00+00:00 [queued]>
[2023-10-17T11:25:36.782+0000] {taskinstance.py:1361} INFO - Starting attempt 1 of 1
[2023-10-17T11:25:36.794+0000] {taskinstance.py:1382} INFO - Executing <Task(FileSensor): waiting_for_data> on 2023-04-13 00:00:00+00:00
[2023-10-17T11:25:36.800+0000] {standard_task_runner.py:57} INFO - Started process 2186 to run task
[2023-10-17T11:25:36.803+0000] {standard_task_runner.py:84} INFO - Running: ['***', 'tasks', 'run', 'copy_tranform_to_mongo', 'waiting_for_data', 'scheduled__2023-04-13T00:00:00+00:00', '--job-id', '837', '--raw', '--subdir', 'DAGS_FOLDER/file_***-mongo.py', '--cfg-path', '/tmp/tmp0a7qhy0b']
[2023-10-17T11:25:36.804+0000] {standard_task_runner.py:85} INFO - Job 837: Subtask waiting_for_data
[2023-10-17T11:25:36.844+0000] {task_command.py:416} INFO - Running <TaskInstance: copy_tranform_to_mongo.waiting_for_data scheduled__2023-04-13T00:00:00+00:00 [running]> on host 238c1d4ff767
[2023-10-17T11:25:36.917+0000] {taskinstance.py:1662} INFO - Exporting env vars: AIRFLOW_CTX_DAG_OWNER='***' AIRFLOW_CTX_DAG_ID='copy_tranform_to_mongo' AIRFLOW_CTX_TASK_ID='waiting_for_data' AIRFLOW_CTX_EXECUTION_DATE='2023-04-13T00:00:00+00:00' AIRFLOW_CTX_TRY_NUMBER='1' AIRFLOW_CTX_DAG_RUN_ID='scheduled__2023-04-13T00:00:00+00:00'
[2023-10-17T11:25:36.926+0000] {base.py:73} INFO - Using connection ID 'fs_default' for task execution.
[2023-10-17T11:25:36.926+0000] {filesystem.py:64} INFO - Poking for file /opt/in/tiktok_google_play_reviews.csv
[2023-10-17T11:25:36.926+0000] {filesystem.py:69} INFO - Found File /opt/in/tiktok_google_play_reviews.csv last modified: 20220405221612
[2023-10-17T11:25:36.927+0000] {base.py:287} INFO - Success criteria met. Exiting.
[2023-10-17T11:25:36.936+0000] {taskinstance.py:1400} INFO - Marking task as SUCCESS. dag_id=copy_tranform_to_mongo, task_id=waiting_for_data, execution_date=20230413T000000, start_date=20231017T112536, end_date=20231017T112536
[2023-10-17T11:25:36.975+0000] {local_task_job_runner.py:228} INFO - Task exited with return code 0
[2023-10-17T11:25:36.991+0000] {taskinstance.py:2778} INFO - 0 downstream tasks scheduled from follow-on schedule check
[2023-10-18T11:50:59.958+0000] {taskinstance.py:1159} INFO - Dependencies all met for dep_context=non-requeueable deps ti=<TaskInstance: copy_tranform_to_mongo.waiting_for_data scheduled__2023-04-13T00:00:00+00:00 [queued]>
[2023-10-18T11:50:59.970+0000] {taskinstance.py:1159} INFO - Dependencies all met for dep_context=requeueable deps ti=<TaskInstance: copy_tranform_to_mongo.waiting_for_data scheduled__2023-04-13T00:00:00+00:00 [queued]>
[2023-10-18T11:50:59.971+0000] {taskinstance.py:1361} INFO - Starting attempt 1 of 1
[2023-10-18T11:50:59.991+0000] {taskinstance.py:1382} INFO - Executing <Task(FileSensor): waiting_for_data> on 2023-04-13 00:00:00+00:00
[2023-10-18T11:50:59.998+0000] {standard_task_runner.py:57} INFO - Started process 3902 to run task
[2023-10-18T11:51:00.002+0000] {standard_task_runner.py:84} INFO - Running: ['***', 'tasks', 'run', 'copy_tranform_to_mongo', 'waiting_for_data', 'scheduled__2023-04-13T00:00:00+00:00', '--job-id', '1628', '--raw', '--subdir', 'DAGS_FOLDER/file_***-mongo.py', '--cfg-path', '/tmp/tmpctk6efkv']
[2023-10-18T11:51:00.004+0000] {standard_task_runner.py:85} INFO - Job 1628: Subtask waiting_for_data
[2023-10-18T11:51:00.070+0000] {task_command.py:416} INFO - Running <TaskInstance: copy_tranform_to_mongo.waiting_for_data scheduled__2023-04-13T00:00:00+00:00 [running]> on host 0e68aa52dfc7
[2023-10-18T11:51:00.179+0000] {taskinstance.py:1662} INFO - Exporting env vars: AIRFLOW_CTX_DAG_OWNER='***' AIRFLOW_CTX_DAG_ID='copy_tranform_to_mongo' AIRFLOW_CTX_TASK_ID='waiting_for_data' AIRFLOW_CTX_EXECUTION_DATE='2023-04-13T00:00:00+00:00' AIRFLOW_CTX_TRY_NUMBER='1' AIRFLOW_CTX_DAG_RUN_ID='scheduled__2023-04-13T00:00:00+00:00'
[2023-10-18T11:51:00.195+0000] {base.py:73} INFO - Using connection ID 'fs_default' for task execution.
[2023-10-18T11:51:00.198+0000] {filesystem.py:64} INFO - Poking for file /opt/in/tiktok_google_play_reviews.csv
[2023-10-18T11:51:00.199+0000] {filesystem.py:69} INFO - Found File /opt/in/tiktok_google_play_reviews.csv last modified: 20220405221612
[2023-10-18T11:51:00.199+0000] {base.py:287} INFO - Success criteria met. Exiting.
[2023-10-18T11:51:00.214+0000] {taskinstance.py:1400} INFO - Marking task as SUCCESS. dag_id=copy_tranform_to_mongo, task_id=waiting_for_data, execution_date=20230413T000000, start_date=20231018T115059, end_date=20231018T115100
[2023-10-18T11:51:00.269+0000] {local_task_job_runner.py:228} INFO - Task exited with return code 0
[2023-10-18T11:51:00.318+0000] {taskinstance.py:2778} INFO - 0 downstream tasks scheduled from follow-on schedule check
