[2023-10-17T11:24:04.106+0000] {taskinstance.py:1159} INFO - Dependencies all met for dep_context=non-requeueable deps ti=<TaskInstance: copy_tranform_to_mongo.waiting_for_data scheduled__2022-10-03T00:00:00+00:00 [queued]>
[2023-10-17T11:24:04.115+0000] {taskinstance.py:1159} INFO - Dependencies all met for dep_context=requeueable deps ti=<TaskInstance: copy_tranform_to_mongo.waiting_for_data scheduled__2022-10-03T00:00:00+00:00 [queued]>
[2023-10-17T11:24:04.115+0000] {taskinstance.py:1361} INFO - Starting attempt 1 of 1
[2023-10-17T11:24:04.132+0000] {taskinstance.py:1382} INFO - Executing <Task(FileSensor): waiting_for_data> on 2022-10-03 00:00:00+00:00
[2023-10-17T11:24:04.138+0000] {standard_task_runner.py:57} INFO - Started process 1787 to run task
[2023-10-17T11:24:04.141+0000] {standard_task_runner.py:84} INFO - Running: ['***', 'tasks', 'run', 'copy_tranform_to_mongo', 'waiting_for_data', 'scheduled__2022-10-03T00:00:00+00:00', '--job-id', '645', '--raw', '--subdir', 'DAGS_FOLDER/file_***-mongo.py', '--cfg-path', '/tmp/tmp4mv8rp_0']
[2023-10-17T11:24:04.142+0000] {standard_task_runner.py:85} INFO - Job 645: Subtask waiting_for_data
[2023-10-17T11:24:04.183+0000] {task_command.py:416} INFO - Running <TaskInstance: copy_tranform_to_mongo.waiting_for_data scheduled__2022-10-03T00:00:00+00:00 [running]> on host 238c1d4ff767
[2023-10-17T11:24:04.274+0000] {taskinstance.py:1662} INFO - Exporting env vars: AIRFLOW_CTX_DAG_OWNER='***' AIRFLOW_CTX_DAG_ID='copy_tranform_to_mongo' AIRFLOW_CTX_TASK_ID='waiting_for_data' AIRFLOW_CTX_EXECUTION_DATE='2022-10-03T00:00:00+00:00' AIRFLOW_CTX_TRY_NUMBER='1' AIRFLOW_CTX_DAG_RUN_ID='scheduled__2022-10-03T00:00:00+00:00'
[2023-10-17T11:24:04.282+0000] {base.py:73} INFO - Using connection ID 'fs_default' for task execution.
[2023-10-17T11:24:04.282+0000] {filesystem.py:64} INFO - Poking for file /opt/in/tiktok_google_play_reviews.csv
[2023-10-17T11:24:04.282+0000] {filesystem.py:69} INFO - Found File /opt/in/tiktok_google_play_reviews.csv last modified: 20220405221612
[2023-10-17T11:24:04.283+0000] {base.py:287} INFO - Success criteria met. Exiting.
[2023-10-17T11:24:04.291+0000] {taskinstance.py:1400} INFO - Marking task as SUCCESS. dag_id=copy_tranform_to_mongo, task_id=waiting_for_data, execution_date=20221003T000000, start_date=20231017T112404, end_date=20231017T112404
[2023-10-17T11:24:04.313+0000] {local_task_job_runner.py:228} INFO - Task exited with return code 0
[2023-10-17T11:24:04.367+0000] {taskinstance.py:2778} INFO - 0 downstream tasks scheduled from follow-on schedule check
[2023-10-18T11:48:43.721+0000] {taskinstance.py:1159} INFO - Dependencies all met for dep_context=non-requeueable deps ti=<TaskInstance: copy_tranform_to_mongo.waiting_for_data scheduled__2022-10-03T00:00:00+00:00 [queued]>
[2023-10-18T11:48:43.731+0000] {taskinstance.py:1159} INFO - Dependencies all met for dep_context=requeueable deps ti=<TaskInstance: copy_tranform_to_mongo.waiting_for_data scheduled__2022-10-03T00:00:00+00:00 [queued]>
[2023-10-18T11:48:43.731+0000] {taskinstance.py:1361} INFO - Starting attempt 1 of 1
[2023-10-18T11:48:43.742+0000] {taskinstance.py:1382} INFO - Executing <Task(FileSensor): waiting_for_data> on 2022-10-03 00:00:00+00:00
[2023-10-18T11:48:43.755+0000] {standard_task_runner.py:57} INFO - Started process 3100 to run task
[2023-10-18T11:48:43.762+0000] {standard_task_runner.py:84} INFO - Running: ['***', 'tasks', 'run', 'copy_tranform_to_mongo', 'waiting_for_data', 'scheduled__2022-10-03T00:00:00+00:00', '--job-id', '1243', '--raw', '--subdir', 'DAGS_FOLDER/file_***-mongo.py', '--cfg-path', '/tmp/tmpbnqfl01c']
[2023-10-18T11:48:43.764+0000] {standard_task_runner.py:85} INFO - Job 1243: Subtask waiting_for_data
[2023-10-18T11:48:43.842+0000] {task_command.py:416} INFO - Running <TaskInstance: copy_tranform_to_mongo.waiting_for_data scheduled__2022-10-03T00:00:00+00:00 [running]> on host 0e68aa52dfc7
[2023-10-18T11:48:43.927+0000] {taskinstance.py:1662} INFO - Exporting env vars: AIRFLOW_CTX_DAG_OWNER='***' AIRFLOW_CTX_DAG_ID='copy_tranform_to_mongo' AIRFLOW_CTX_TASK_ID='waiting_for_data' AIRFLOW_CTX_EXECUTION_DATE='2022-10-03T00:00:00+00:00' AIRFLOW_CTX_TRY_NUMBER='1' AIRFLOW_CTX_DAG_RUN_ID='scheduled__2022-10-03T00:00:00+00:00'
[2023-10-18T11:48:43.937+0000] {base.py:73} INFO - Using connection ID 'fs_default' for task execution.
[2023-10-18T11:48:43.938+0000] {filesystem.py:64} INFO - Poking for file /opt/in/tiktok_google_play_reviews.csv
[2023-10-18T11:48:43.938+0000] {filesystem.py:69} INFO - Found File /opt/in/tiktok_google_play_reviews.csv last modified: 20220405221612
[2023-10-18T11:48:43.938+0000] {base.py:287} INFO - Success criteria met. Exiting.
[2023-10-18T11:48:43.948+0000] {taskinstance.py:1400} INFO - Marking task as SUCCESS. dag_id=copy_tranform_to_mongo, task_id=waiting_for_data, execution_date=20221003T000000, start_date=20231018T114843, end_date=20231018T114843
[2023-10-18T11:48:43.972+0000] {local_task_job_runner.py:228} INFO - Task exited with return code 0
[2023-10-18T11:48:44.001+0000] {taskinstance.py:2778} INFO - 1 downstream tasks scheduled from follow-on schedule check
