[2023-10-17T11:27:03.653+0000] {taskinstance.py:1159} INFO - Dependencies all met for dep_context=non-requeueable deps ti=<TaskInstance: copy_tranform_to_mongo.waiting_for_data scheduled__2023-08-14T00:00:00+00:00 [queued]>
[2023-10-17T11:27:03.661+0000] {taskinstance.py:1159} INFO - Dependencies all met for dep_context=requeueable deps ti=<TaskInstance: copy_tranform_to_mongo.waiting_for_data scheduled__2023-08-14T00:00:00+00:00 [queued]>
[2023-10-17T11:27:03.661+0000] {taskinstance.py:1361} INFO - Starting attempt 1 of 1
[2023-10-17T11:27:03.670+0000] {taskinstance.py:1382} INFO - Executing <Task(FileSensor): waiting_for_data> on 2023-08-14 00:00:00+00:00
[2023-10-17T11:27:03.676+0000] {standard_task_runner.py:57} INFO - Started process 2454 to run task
[2023-10-17T11:27:03.678+0000] {standard_task_runner.py:84} INFO - Running: ['***', 'tasks', 'run', 'copy_tranform_to_mongo', 'waiting_for_data', 'scheduled__2023-08-14T00:00:00+00:00', '--job-id', '960', '--raw', '--subdir', 'DAGS_FOLDER/file_***-mongo.py', '--cfg-path', '/tmp/tmpwycic0xz']
[2023-10-17T11:27:03.679+0000] {standard_task_runner.py:85} INFO - Job 960: Subtask waiting_for_data
[2023-10-17T11:27:03.713+0000] {task_command.py:416} INFO - Running <TaskInstance: copy_tranform_to_mongo.waiting_for_data scheduled__2023-08-14T00:00:00+00:00 [running]> on host 238c1d4ff767
[2023-10-17T11:27:03.775+0000] {taskinstance.py:1662} INFO - Exporting env vars: AIRFLOW_CTX_DAG_OWNER='***' AIRFLOW_CTX_DAG_ID='copy_tranform_to_mongo' AIRFLOW_CTX_TASK_ID='waiting_for_data' AIRFLOW_CTX_EXECUTION_DATE='2023-08-14T00:00:00+00:00' AIRFLOW_CTX_TRY_NUMBER='1' AIRFLOW_CTX_DAG_RUN_ID='scheduled__2023-08-14T00:00:00+00:00'
[2023-10-17T11:27:03.781+0000] {base.py:73} INFO - Using connection ID 'fs_default' for task execution.
[2023-10-17T11:27:03.781+0000] {filesystem.py:64} INFO - Poking for file /opt/in/tiktok_google_play_reviews.csv
[2023-10-17T11:27:03.781+0000] {filesystem.py:69} INFO - Found File /opt/in/tiktok_google_play_reviews.csv last modified: 20220405221612
[2023-10-17T11:27:03.781+0000] {base.py:287} INFO - Success criteria met. Exiting.
[2023-10-17T11:27:03.787+0000] {taskinstance.py:1400} INFO - Marking task as SUCCESS. dag_id=copy_tranform_to_mongo, task_id=waiting_for_data, execution_date=20230814T000000, start_date=20231017T112703, end_date=20231017T112703
[2023-10-17T11:27:03.810+0000] {local_task_job_runner.py:228} INFO - Task exited with return code 0
[2023-10-17T11:27:03.821+0000] {taskinstance.py:2778} INFO - 0 downstream tasks scheduled from follow-on schedule check
[2023-10-18T11:52:15.406+0000] {taskinstance.py:1159} INFO - Dependencies all met for dep_context=non-requeueable deps ti=<TaskInstance: copy_tranform_to_mongo.waiting_for_data scheduled__2023-08-14T00:00:00+00:00 [queued]>
[2023-10-18T11:52:15.414+0000] {taskinstance.py:1159} INFO - Dependencies all met for dep_context=requeueable deps ti=<TaskInstance: copy_tranform_to_mongo.waiting_for_data scheduled__2023-08-14T00:00:00+00:00 [queued]>
[2023-10-18T11:52:15.414+0000] {taskinstance.py:1361} INFO - Starting attempt 1 of 1
[2023-10-18T11:52:15.425+0000] {taskinstance.py:1382} INFO - Executing <Task(FileSensor): waiting_for_data> on 2023-08-14 00:00:00+00:00
[2023-10-18T11:52:15.432+0000] {standard_task_runner.py:57} INFO - Started process 4412 to run task
[2023-10-18T11:52:15.435+0000] {standard_task_runner.py:84} INFO - Running: ['***', 'tasks', 'run', 'copy_tranform_to_mongo', 'waiting_for_data', 'scheduled__2023-08-14T00:00:00+00:00', '--job-id', '1875', '--raw', '--subdir', 'DAGS_FOLDER/file_***-mongo.py', '--cfg-path', '/tmp/tmprh2o9p0d']
[2023-10-18T11:52:15.436+0000] {standard_task_runner.py:85} INFO - Job 1875: Subtask waiting_for_data
[2023-10-18T11:52:15.489+0000] {task_command.py:416} INFO - Running <TaskInstance: copy_tranform_to_mongo.waiting_for_data scheduled__2023-08-14T00:00:00+00:00 [running]> on host 0e68aa52dfc7
[2023-10-18T11:52:15.575+0000] {taskinstance.py:1662} INFO - Exporting env vars: AIRFLOW_CTX_DAG_OWNER='***' AIRFLOW_CTX_DAG_ID='copy_tranform_to_mongo' AIRFLOW_CTX_TASK_ID='waiting_for_data' AIRFLOW_CTX_EXECUTION_DATE='2023-08-14T00:00:00+00:00' AIRFLOW_CTX_TRY_NUMBER='1' AIRFLOW_CTX_DAG_RUN_ID='scheduled__2023-08-14T00:00:00+00:00'
[2023-10-18T11:52:15.585+0000] {base.py:73} INFO - Using connection ID 'fs_default' for task execution.
[2023-10-18T11:52:15.586+0000] {filesystem.py:64} INFO - Poking for file /opt/in/tiktok_google_play_reviews.csv
[2023-10-18T11:52:15.586+0000] {filesystem.py:69} INFO - Found File /opt/in/tiktok_google_play_reviews.csv last modified: 20220405221612
[2023-10-18T11:52:15.586+0000] {base.py:287} INFO - Success criteria met. Exiting.
[2023-10-18T11:52:15.597+0000] {taskinstance.py:1400} INFO - Marking task as SUCCESS. dag_id=copy_tranform_to_mongo, task_id=waiting_for_data, execution_date=20230814T000000, start_date=20231018T115215, end_date=20231018T115215
[2023-10-18T11:52:15.647+0000] {local_task_job_runner.py:228} INFO - Task exited with return code 0
[2023-10-18T11:52:15.698+0000] {taskinstance.py:2778} INFO - 1 downstream tasks scheduled from follow-on schedule check
