[2023-10-17T11:22:36.544+0000] {taskinstance.py:1159} INFO - Dependencies all met for dep_context=non-requeueable deps ti=<TaskInstance: copy_tranform_to_mongo.waiting_for_data scheduled__2022-05-17T00:00:00+00:00 [queued]>
[2023-10-17T11:22:36.553+0000] {taskinstance.py:1159} INFO - Dependencies all met for dep_context=requeueable deps ti=<TaskInstance: copy_tranform_to_mongo.waiting_for_data scheduled__2022-05-17T00:00:00+00:00 [queued]>
[2023-10-17T11:22:36.554+0000] {taskinstance.py:1361} INFO - Starting attempt 1 of 1
[2023-10-17T11:22:36.568+0000] {taskinstance.py:1382} INFO - Executing <Task(FileSensor): waiting_for_data> on 2022-05-17 00:00:00+00:00
[2023-10-17T11:22:36.578+0000] {standard_task_runner.py:57} INFO - Started process 1484 to run task
[2023-10-17T11:22:36.581+0000] {standard_task_runner.py:84} INFO - Running: ['***', 'tasks', 'run', 'copy_tranform_to_mongo', 'waiting_for_data', 'scheduled__2022-05-17T00:00:00+00:00', '--job-id', '506', '--raw', '--subdir', 'DAGS_FOLDER/file_***-mongo.py', '--cfg-path', '/tmp/tmp8rd8030o']
[2023-10-17T11:22:36.582+0000] {standard_task_runner.py:85} INFO - Job 506: Subtask waiting_for_data
[2023-10-17T11:22:36.632+0000] {task_command.py:416} INFO - Running <TaskInstance: copy_tranform_to_mongo.waiting_for_data scheduled__2022-05-17T00:00:00+00:00 [running]> on host 238c1d4ff767
[2023-10-17T11:22:36.708+0000] {taskinstance.py:1662} INFO - Exporting env vars: AIRFLOW_CTX_DAG_OWNER='***' AIRFLOW_CTX_DAG_ID='copy_tranform_to_mongo' AIRFLOW_CTX_TASK_ID='waiting_for_data' AIRFLOW_CTX_EXECUTION_DATE='2022-05-17T00:00:00+00:00' AIRFLOW_CTX_TRY_NUMBER='1' AIRFLOW_CTX_DAG_RUN_ID='scheduled__2022-05-17T00:00:00+00:00'
[2023-10-17T11:22:36.719+0000] {base.py:73} INFO - Using connection ID 'fs_default' for task execution.
[2023-10-17T11:22:36.719+0000] {filesystem.py:64} INFO - Poking for file /opt/in/tiktok_google_play_reviews.csv
[2023-10-17T11:22:36.721+0000] {filesystem.py:69} INFO - Found File /opt/in/tiktok_google_play_reviews.csv last modified: 20220405221612
[2023-10-17T11:22:36.721+0000] {base.py:287} INFO - Success criteria met. Exiting.
[2023-10-17T11:22:36.733+0000] {taskinstance.py:1400} INFO - Marking task as SUCCESS. dag_id=copy_tranform_to_mongo, task_id=waiting_for_data, execution_date=20220517T000000, start_date=20231017T112236, end_date=20231017T112236
[2023-10-17T11:22:36.793+0000] {local_task_job_runner.py:228} INFO - Task exited with return code 0
[2023-10-17T11:22:36.830+0000] {taskinstance.py:2778} INFO - 0 downstream tasks scheduled from follow-on schedule check
[2023-10-18T11:47:17.587+0000] {taskinstance.py:1159} INFO - Dependencies all met for dep_context=non-requeueable deps ti=<TaskInstance: copy_tranform_to_mongo.waiting_for_data scheduled__2022-05-17T00:00:00+00:00 [queued]>
[2023-10-18T11:47:17.601+0000] {taskinstance.py:1159} INFO - Dependencies all met for dep_context=requeueable deps ti=<TaskInstance: copy_tranform_to_mongo.waiting_for_data scheduled__2022-05-17T00:00:00+00:00 [queued]>
[2023-10-18T11:47:17.602+0000] {taskinstance.py:1361} INFO - Starting attempt 1 of 1
[2023-10-18T11:47:17.626+0000] {taskinstance.py:1382} INFO - Executing <Task(FileSensor): waiting_for_data> on 2022-05-17 00:00:00+00:00
[2023-10-18T11:47:17.636+0000] {standard_task_runner.py:57} INFO - Started process 2520 to run task
[2023-10-18T11:47:17.646+0000] {standard_task_runner.py:84} INFO - Running: ['***', 'tasks', 'run', 'copy_tranform_to_mongo', 'waiting_for_data', 'scheduled__2022-05-17T00:00:00+00:00', '--job-id', '964', '--raw', '--subdir', 'DAGS_FOLDER/file_***-mongo.py', '--cfg-path', '/tmp/tmp0cy4qpz7']
[2023-10-18T11:47:17.647+0000] {standard_task_runner.py:85} INFO - Job 964: Subtask waiting_for_data
[2023-10-18T11:47:17.710+0000] {task_command.py:416} INFO - Running <TaskInstance: copy_tranform_to_mongo.waiting_for_data scheduled__2022-05-17T00:00:00+00:00 [running]> on host 0e68aa52dfc7
[2023-10-18T11:47:17.830+0000] {taskinstance.py:1662} INFO - Exporting env vars: AIRFLOW_CTX_DAG_OWNER='***' AIRFLOW_CTX_DAG_ID='copy_tranform_to_mongo' AIRFLOW_CTX_TASK_ID='waiting_for_data' AIRFLOW_CTX_EXECUTION_DATE='2022-05-17T00:00:00+00:00' AIRFLOW_CTX_TRY_NUMBER='1' AIRFLOW_CTX_DAG_RUN_ID='scheduled__2022-05-17T00:00:00+00:00'
[2023-10-18T11:47:17.845+0000] {base.py:73} INFO - Using connection ID 'fs_default' for task execution.
[2023-10-18T11:47:17.846+0000] {filesystem.py:64} INFO - Poking for file /opt/in/tiktok_google_play_reviews.csv
[2023-10-18T11:47:17.846+0000] {filesystem.py:69} INFO - Found File /opt/in/tiktok_google_play_reviews.csv last modified: 20220405221612
[2023-10-18T11:47:17.846+0000] {base.py:287} INFO - Success criteria met. Exiting.
[2023-10-18T11:47:17.868+0000] {taskinstance.py:1400} INFO - Marking task as SUCCESS. dag_id=copy_tranform_to_mongo, task_id=waiting_for_data, execution_date=20220517T000000, start_date=20231018T114717, end_date=20231018T114717
[2023-10-18T11:47:17.903+0000] {local_task_job_runner.py:228} INFO - Task exited with return code 0
[2023-10-18T11:47:17.990+0000] {taskinstance.py:2778} INFO - 0 downstream tasks scheduled from follow-on schedule check
