[2023-10-17T11:25:53.211+0000] {taskinstance.py:1159} INFO - Dependencies all met for dep_context=non-requeueable deps ti=<TaskInstance: copy_tranform_to_mongo.waiting_for_data scheduled__2023-05-18T00:00:00+00:00 [queued]>
[2023-10-17T11:25:53.217+0000] {taskinstance.py:1159} INFO - Dependencies all met for dep_context=requeueable deps ti=<TaskInstance: copy_tranform_to_mongo.waiting_for_data scheduled__2023-05-18T00:00:00+00:00 [queued]>
[2023-10-17T11:25:53.217+0000] {taskinstance.py:1361} INFO - Starting attempt 1 of 1
[2023-10-17T11:25:53.225+0000] {taskinstance.py:1382} INFO - Executing <Task(FileSensor): waiting_for_data> on 2023-05-18 00:00:00+00:00
[2023-10-17T11:25:53.230+0000] {standard_task_runner.py:57} INFO - Started process 2262 to run task
[2023-10-17T11:25:53.231+0000] {standard_task_runner.py:84} INFO - Running: ['***', 'tasks', 'run', 'copy_tranform_to_mongo', 'waiting_for_data', 'scheduled__2023-05-18T00:00:00+00:00', '--job-id', '872', '--raw', '--subdir', 'DAGS_FOLDER/file_***-mongo.py', '--cfg-path', '/tmp/tmp3gmvqxy6']
[2023-10-17T11:25:53.232+0000] {standard_task_runner.py:85} INFO - Job 872: Subtask waiting_for_data
[2023-10-17T11:25:53.262+0000] {task_command.py:416} INFO - Running <TaskInstance: copy_tranform_to_mongo.waiting_for_data scheduled__2023-05-18T00:00:00+00:00 [running]> on host 238c1d4ff767
[2023-10-17T11:25:53.315+0000] {taskinstance.py:1662} INFO - Exporting env vars: AIRFLOW_CTX_DAG_OWNER='***' AIRFLOW_CTX_DAG_ID='copy_tranform_to_mongo' AIRFLOW_CTX_TASK_ID='waiting_for_data' AIRFLOW_CTX_EXECUTION_DATE='2023-05-18T00:00:00+00:00' AIRFLOW_CTX_TRY_NUMBER='1' AIRFLOW_CTX_DAG_RUN_ID='scheduled__2023-05-18T00:00:00+00:00'
[2023-10-17T11:25:53.321+0000] {base.py:73} INFO - Using connection ID 'fs_default' for task execution.
[2023-10-17T11:25:53.321+0000] {filesystem.py:64} INFO - Poking for file /opt/in/tiktok_google_play_reviews.csv
[2023-10-17T11:25:53.322+0000] {filesystem.py:69} INFO - Found File /opt/in/tiktok_google_play_reviews.csv last modified: 20220405221612
[2023-10-17T11:25:53.322+0000] {base.py:287} INFO - Success criteria met. Exiting.
[2023-10-17T11:25:53.328+0000] {taskinstance.py:1400} INFO - Marking task as SUCCESS. dag_id=copy_tranform_to_mongo, task_id=waiting_for_data, execution_date=20230518T000000, start_date=20231017T112553, end_date=20231017T112553
[2023-10-17T11:25:53.364+0000] {local_task_job_runner.py:228} INFO - Task exited with return code 0
[2023-10-17T11:25:53.389+0000] {taskinstance.py:2778} INFO - 0 downstream tasks scheduled from follow-on schedule check
[2023-10-18T11:51:21.386+0000] {taskinstance.py:1159} INFO - Dependencies all met for dep_context=non-requeueable deps ti=<TaskInstance: copy_tranform_to_mongo.waiting_for_data scheduled__2023-05-18T00:00:00+00:00 [queued]>
[2023-10-18T11:51:21.398+0000] {taskinstance.py:1159} INFO - Dependencies all met for dep_context=requeueable deps ti=<TaskInstance: copy_tranform_to_mongo.waiting_for_data scheduled__2023-05-18T00:00:00+00:00 [queued]>
[2023-10-18T11:51:21.398+0000] {taskinstance.py:1361} INFO - Starting attempt 1 of 1
[2023-10-18T11:51:21.431+0000] {taskinstance.py:1382} INFO - Executing <Task(FileSensor): waiting_for_data> on 2023-05-18 00:00:00+00:00
[2023-10-18T11:51:21.440+0000] {standard_task_runner.py:57} INFO - Started process 4049 to run task
[2023-10-18T11:51:21.444+0000] {standard_task_runner.py:84} INFO - Running: ['***', 'tasks', 'run', 'copy_tranform_to_mongo', 'waiting_for_data', 'scheduled__2023-05-18T00:00:00+00:00', '--job-id', '1698', '--raw', '--subdir', 'DAGS_FOLDER/file_***-mongo.py', '--cfg-path', '/tmp/tmpkqln6vzo']
[2023-10-18T11:51:21.445+0000] {standard_task_runner.py:85} INFO - Job 1698: Subtask waiting_for_data
[2023-10-18T11:51:21.502+0000] {task_command.py:416} INFO - Running <TaskInstance: copy_tranform_to_mongo.waiting_for_data scheduled__2023-05-18T00:00:00+00:00 [running]> on host 0e68aa52dfc7
[2023-10-18T11:51:21.597+0000] {taskinstance.py:1662} INFO - Exporting env vars: AIRFLOW_CTX_DAG_OWNER='***' AIRFLOW_CTX_DAG_ID='copy_tranform_to_mongo' AIRFLOW_CTX_TASK_ID='waiting_for_data' AIRFLOW_CTX_EXECUTION_DATE='2023-05-18T00:00:00+00:00' AIRFLOW_CTX_TRY_NUMBER='1' AIRFLOW_CTX_DAG_RUN_ID='scheduled__2023-05-18T00:00:00+00:00'
[2023-10-18T11:51:21.610+0000] {base.py:73} INFO - Using connection ID 'fs_default' for task execution.
[2023-10-18T11:51:21.610+0000] {filesystem.py:64} INFO - Poking for file /opt/in/tiktok_google_play_reviews.csv
[2023-10-18T11:51:21.611+0000] {filesystem.py:69} INFO - Found File /opt/in/tiktok_google_play_reviews.csv last modified: 20220405221612
[2023-10-18T11:51:21.611+0000] {base.py:287} INFO - Success criteria met. Exiting.
[2023-10-18T11:51:21.621+0000] {taskinstance.py:1400} INFO - Marking task as SUCCESS. dag_id=copy_tranform_to_mongo, task_id=waiting_for_data, execution_date=20230518T000000, start_date=20231018T115121, end_date=20231018T115121
[2023-10-18T11:51:21.660+0000] {local_task_job_runner.py:228} INFO - Task exited with return code 0
[2023-10-18T11:51:21.701+0000] {taskinstance.py:2778} INFO - 0 downstream tasks scheduled from follow-on schedule check
