[2023-10-17T11:23:18.043+0000] {taskinstance.py:1159} INFO - Dependencies all met for dep_context=non-requeueable deps ti=<TaskInstance: copy_tranform_to_mongo.waiting_for_data scheduled__2022-07-17T00:00:00+00:00 [queued]>
[2023-10-17T11:23:18.049+0000] {taskinstance.py:1159} INFO - Dependencies all met for dep_context=requeueable deps ti=<TaskInstance: copy_tranform_to_mongo.waiting_for_data scheduled__2022-07-17T00:00:00+00:00 [queued]>
[2023-10-17T11:23:18.049+0000] {taskinstance.py:1361} INFO - Starting attempt 1 of 1
[2023-10-17T11:23:18.057+0000] {taskinstance.py:1382} INFO - Executing <Task(FileSensor): waiting_for_data> on 2022-07-17 00:00:00+00:00
[2023-10-17T11:23:18.062+0000] {standard_task_runner.py:57} INFO - Started process 1612 to run task
[2023-10-17T11:23:18.064+0000] {standard_task_runner.py:84} INFO - Running: ['***', 'tasks', 'run', 'copy_tranform_to_mongo', 'waiting_for_data', 'scheduled__2022-07-17T00:00:00+00:00', '--job-id', '567', '--raw', '--subdir', 'DAGS_FOLDER/file_***-mongo.py', '--cfg-path', '/tmp/tmp39w7xyxd']
[2023-10-17T11:23:18.065+0000] {standard_task_runner.py:85} INFO - Job 567: Subtask waiting_for_data
[2023-10-17T11:23:18.100+0000] {task_command.py:416} INFO - Running <TaskInstance: copy_tranform_to_mongo.waiting_for_data scheduled__2022-07-17T00:00:00+00:00 [running]> on host 238c1d4ff767
[2023-10-17T11:23:18.162+0000] {taskinstance.py:1662} INFO - Exporting env vars: AIRFLOW_CTX_DAG_OWNER='***' AIRFLOW_CTX_DAG_ID='copy_tranform_to_mongo' AIRFLOW_CTX_TASK_ID='waiting_for_data' AIRFLOW_CTX_EXECUTION_DATE='2022-07-17T00:00:00+00:00' AIRFLOW_CTX_TRY_NUMBER='1' AIRFLOW_CTX_DAG_RUN_ID='scheduled__2022-07-17T00:00:00+00:00'
[2023-10-17T11:23:18.169+0000] {base.py:73} INFO - Using connection ID 'fs_default' for task execution.
[2023-10-17T11:23:18.169+0000] {filesystem.py:64} INFO - Poking for file /opt/in/tiktok_google_play_reviews.csv
[2023-10-17T11:23:18.169+0000] {filesystem.py:69} INFO - Found File /opt/in/tiktok_google_play_reviews.csv last modified: 20220405221612
[2023-10-17T11:23:18.169+0000] {base.py:287} INFO - Success criteria met. Exiting.
[2023-10-17T11:23:18.175+0000] {taskinstance.py:1400} INFO - Marking task as SUCCESS. dag_id=copy_tranform_to_mongo, task_id=waiting_for_data, execution_date=20220717T000000, start_date=20231017T112318, end_date=20231017T112318
[2023-10-17T11:23:18.196+0000] {local_task_job_runner.py:228} INFO - Task exited with return code 0
[2023-10-17T11:23:18.208+0000] {taskinstance.py:2778} INFO - 0 downstream tasks scheduled from follow-on schedule check
[2023-10-18T11:48:00.480+0000] {taskinstance.py:1159} INFO - Dependencies all met for dep_context=non-requeueable deps ti=<TaskInstance: copy_tranform_to_mongo.waiting_for_data scheduled__2022-07-17T00:00:00+00:00 [queued]>
[2023-10-18T11:48:00.490+0000] {taskinstance.py:1159} INFO - Dependencies all met for dep_context=requeueable deps ti=<TaskInstance: copy_tranform_to_mongo.waiting_for_data scheduled__2022-07-17T00:00:00+00:00 [queued]>
[2023-10-18T11:48:00.490+0000] {taskinstance.py:1361} INFO - Starting attempt 1 of 1
[2023-10-18T11:48:00.505+0000] {taskinstance.py:1382} INFO - Executing <Task(FileSensor): waiting_for_data> on 2022-07-17 00:00:00+00:00
[2023-10-18T11:48:00.513+0000] {standard_task_runner.py:57} INFO - Started process 2776 to run task
[2023-10-18T11:48:00.517+0000] {standard_task_runner.py:84} INFO - Running: ['***', 'tasks', 'run', 'copy_tranform_to_mongo', 'waiting_for_data', 'scheduled__2022-07-17T00:00:00+00:00', '--job-id', '1089', '--raw', '--subdir', 'DAGS_FOLDER/file_***-mongo.py', '--cfg-path', '/tmp/tmp6se3ojo5']
[2023-10-18T11:48:00.519+0000] {standard_task_runner.py:85} INFO - Job 1089: Subtask waiting_for_data
[2023-10-18T11:48:00.628+0000] {task_command.py:416} INFO - Running <TaskInstance: copy_tranform_to_mongo.waiting_for_data scheduled__2022-07-17T00:00:00+00:00 [running]> on host 0e68aa52dfc7
[2023-10-18T11:48:00.721+0000] {taskinstance.py:1662} INFO - Exporting env vars: AIRFLOW_CTX_DAG_OWNER='***' AIRFLOW_CTX_DAG_ID='copy_tranform_to_mongo' AIRFLOW_CTX_TASK_ID='waiting_for_data' AIRFLOW_CTX_EXECUTION_DATE='2022-07-17T00:00:00+00:00' AIRFLOW_CTX_TRY_NUMBER='1' AIRFLOW_CTX_DAG_RUN_ID='scheduled__2022-07-17T00:00:00+00:00'
[2023-10-18T11:48:00.736+0000] {base.py:73} INFO - Using connection ID 'fs_default' for task execution.
[2023-10-18T11:48:00.736+0000] {filesystem.py:64} INFO - Poking for file /opt/in/tiktok_google_play_reviews.csv
[2023-10-18T11:48:00.737+0000] {filesystem.py:69} INFO - Found File /opt/in/tiktok_google_play_reviews.csv last modified: 20220405221612
[2023-10-18T11:48:00.737+0000] {base.py:287} INFO - Success criteria met. Exiting.
[2023-10-18T11:48:00.748+0000] {taskinstance.py:1400} INFO - Marking task as SUCCESS. dag_id=copy_tranform_to_mongo, task_id=waiting_for_data, execution_date=20220717T000000, start_date=20231018T114800, end_date=20231018T114800
[2023-10-18T11:48:00.769+0000] {local_task_job_runner.py:228} INFO - Task exited with return code 0
[2023-10-18T11:48:00.801+0000] {taskinstance.py:2778} INFO - 1 downstream tasks scheduled from follow-on schedule check
