[2023-10-17T11:26:43.638+0000] {taskinstance.py:1159} INFO - Dependencies all met for dep_context=non-requeueable deps ti=<TaskInstance: copy_tranform_to_mongo.waiting_for_data scheduled__2023-07-16T00:00:00+00:00 [queued]>
[2023-10-17T11:26:43.647+0000] {taskinstance.py:1159} INFO - Dependencies all met for dep_context=requeueable deps ti=<TaskInstance: copy_tranform_to_mongo.waiting_for_data scheduled__2023-07-16T00:00:00+00:00 [queued]>
[2023-10-17T11:26:43.647+0000] {taskinstance.py:1361} INFO - Starting attempt 1 of 1
[2023-10-17T11:26:43.657+0000] {taskinstance.py:1382} INFO - Executing <Task(FileSensor): waiting_for_data> on 2023-07-16 00:00:00+00:00
[2023-10-17T11:26:43.665+0000] {standard_task_runner.py:57} INFO - Started process 2396 to run task
[2023-10-17T11:26:43.667+0000] {standard_task_runner.py:84} INFO - Running: ['***', 'tasks', 'run', 'copy_tranform_to_mongo', 'waiting_for_data', 'scheduled__2023-07-16T00:00:00+00:00', '--job-id', '931', '--raw', '--subdir', 'DAGS_FOLDER/file_***-mongo.py', '--cfg-path', '/tmp/tmphj9k03_x']
[2023-10-17T11:26:43.668+0000] {standard_task_runner.py:85} INFO - Job 931: Subtask waiting_for_data
[2023-10-17T11:26:43.707+0000] {task_command.py:416} INFO - Running <TaskInstance: copy_tranform_to_mongo.waiting_for_data scheduled__2023-07-16T00:00:00+00:00 [running]> on host 238c1d4ff767
[2023-10-17T11:26:43.778+0000] {taskinstance.py:1662} INFO - Exporting env vars: AIRFLOW_CTX_DAG_OWNER='***' AIRFLOW_CTX_DAG_ID='copy_tranform_to_mongo' AIRFLOW_CTX_TASK_ID='waiting_for_data' AIRFLOW_CTX_EXECUTION_DATE='2023-07-16T00:00:00+00:00' AIRFLOW_CTX_TRY_NUMBER='1' AIRFLOW_CTX_DAG_RUN_ID='scheduled__2023-07-16T00:00:00+00:00'
[2023-10-17T11:26:43.785+0000] {base.py:73} INFO - Using connection ID 'fs_default' for task execution.
[2023-10-17T11:26:43.786+0000] {filesystem.py:64} INFO - Poking for file /opt/in/tiktok_google_play_reviews.csv
[2023-10-17T11:26:43.786+0000] {filesystem.py:69} INFO - Found File /opt/in/tiktok_google_play_reviews.csv last modified: 20220405221612
[2023-10-17T11:26:43.786+0000] {base.py:287} INFO - Success criteria met. Exiting.
[2023-10-17T11:26:43.793+0000] {taskinstance.py:1400} INFO - Marking task as SUCCESS. dag_id=copy_tranform_to_mongo, task_id=waiting_for_data, execution_date=20230716T000000, start_date=20231017T112643, end_date=20231017T112643
[2023-10-17T11:26:43.840+0000] {local_task_job_runner.py:228} INFO - Task exited with return code 0
[2023-10-17T11:26:43.866+0000] {taskinstance.py:2778} INFO - 0 downstream tasks scheduled from follow-on schedule check
[2023-10-18T11:51:57.097+0000] {taskinstance.py:1159} INFO - Dependencies all met for dep_context=non-requeueable deps ti=<TaskInstance: copy_tranform_to_mongo.waiting_for_data scheduled__2023-07-16T00:00:00+00:00 [queued]>
[2023-10-18T11:51:57.108+0000] {taskinstance.py:1159} INFO - Dependencies all met for dep_context=requeueable deps ti=<TaskInstance: copy_tranform_to_mongo.waiting_for_data scheduled__2023-07-16T00:00:00+00:00 [queued]>
[2023-10-18T11:51:57.109+0000] {taskinstance.py:1361} INFO - Starting attempt 1 of 1
[2023-10-18T11:51:57.127+0000] {taskinstance.py:1382} INFO - Executing <Task(FileSensor): waiting_for_data> on 2023-07-16 00:00:00+00:00
[2023-10-18T11:51:57.136+0000] {standard_task_runner.py:57} INFO - Started process 4290 to run task
[2023-10-18T11:51:57.140+0000] {standard_task_runner.py:84} INFO - Running: ['***', 'tasks', 'run', 'copy_tranform_to_mongo', 'waiting_for_data', 'scheduled__2023-07-16T00:00:00+00:00', '--job-id', '1813', '--raw', '--subdir', 'DAGS_FOLDER/file_***-mongo.py', '--cfg-path', '/tmp/tmpxvxlhi0a']
[2023-10-18T11:51:57.141+0000] {standard_task_runner.py:85} INFO - Job 1813: Subtask waiting_for_data
[2023-10-18T11:51:57.208+0000] {task_command.py:416} INFO - Running <TaskInstance: copy_tranform_to_mongo.waiting_for_data scheduled__2023-07-16T00:00:00+00:00 [running]> on host 0e68aa52dfc7
[2023-10-18T11:51:57.331+0000] {taskinstance.py:1662} INFO - Exporting env vars: AIRFLOW_CTX_DAG_OWNER='***' AIRFLOW_CTX_DAG_ID='copy_tranform_to_mongo' AIRFLOW_CTX_TASK_ID='waiting_for_data' AIRFLOW_CTX_EXECUTION_DATE='2023-07-16T00:00:00+00:00' AIRFLOW_CTX_TRY_NUMBER='1' AIRFLOW_CTX_DAG_RUN_ID='scheduled__2023-07-16T00:00:00+00:00'
[2023-10-18T11:51:57.346+0000] {base.py:73} INFO - Using connection ID 'fs_default' for task execution.
[2023-10-18T11:51:57.347+0000] {filesystem.py:64} INFO - Poking for file /opt/in/tiktok_google_play_reviews.csv
[2023-10-18T11:51:57.347+0000] {filesystem.py:69} INFO - Found File /opt/in/tiktok_google_play_reviews.csv last modified: 20220405221612
[2023-10-18T11:51:57.347+0000] {base.py:287} INFO - Success criteria met. Exiting.
[2023-10-18T11:51:57.363+0000] {taskinstance.py:1400} INFO - Marking task as SUCCESS. dag_id=copy_tranform_to_mongo, task_id=waiting_for_data, execution_date=20230716T000000, start_date=20231018T115157, end_date=20231018T115157
[2023-10-18T11:51:57.401+0000] {local_task_job_runner.py:228} INFO - Task exited with return code 0
[2023-10-18T11:51:57.442+0000] {taskinstance.py:2778} INFO - 1 downstream tasks scheduled from follow-on schedule check
