[2023-10-17T11:19:37.917+0000] {taskinstance.py:1159} INFO - Dependencies all met for dep_context=non-requeueable deps ti=<TaskInstance: copy_tranform_to_mongo.waiting_for_data scheduled__2021-05-19T00:00:00+00:00 [queued]>
[2023-10-17T11:19:37.926+0000] {taskinstance.py:1159} INFO - Dependencies all met for dep_context=requeueable deps ti=<TaskInstance: copy_tranform_to_mongo.waiting_for_data scheduled__2021-05-19T00:00:00+00:00 [queued]>
[2023-10-17T11:19:37.927+0000] {taskinstance.py:1361} INFO - Starting attempt 1 of 1
[2023-10-17T11:19:37.941+0000] {taskinstance.py:1382} INFO - Executing <Task(FileSensor): waiting_for_data> on 2021-05-19 00:00:00+00:00
[2023-10-17T11:19:37.949+0000] {standard_task_runner.py:57} INFO - Started process 711 to run task
[2023-10-17T11:19:37.951+0000] {standard_task_runner.py:84} INFO - Running: ['***', 'tasks', 'run', 'copy_tranform_to_mongo', 'waiting_for_data', 'scheduled__2021-05-19T00:00:00+00:00', '--job-id', '143', '--raw', '--subdir', 'DAGS_FOLDER/file_***-mongo.py', '--cfg-path', '/tmp/tmpwzmxtycm']
[2023-10-17T11:19:37.952+0000] {standard_task_runner.py:85} INFO - Job 143: Subtask waiting_for_data
[2023-10-17T11:19:37.993+0000] {task_command.py:416} INFO - Running <TaskInstance: copy_tranform_to_mongo.waiting_for_data scheduled__2021-05-19T00:00:00+00:00 [running]> on host 238c1d4ff767
[2023-10-17T11:19:38.069+0000] {taskinstance.py:1662} INFO - Exporting env vars: AIRFLOW_CTX_DAG_OWNER='***' AIRFLOW_CTX_DAG_ID='copy_tranform_to_mongo' AIRFLOW_CTX_TASK_ID='waiting_for_data' AIRFLOW_CTX_EXECUTION_DATE='2021-05-19T00:00:00+00:00' AIRFLOW_CTX_TRY_NUMBER='1' AIRFLOW_CTX_DAG_RUN_ID='scheduled__2021-05-19T00:00:00+00:00'
[2023-10-17T11:19:38.076+0000] {base.py:73} INFO - Using connection ID 'fs_default' for task execution.
[2023-10-17T11:19:38.077+0000] {filesystem.py:64} INFO - Poking for file /opt/in/tiktok_google_play_reviews.csv
[2023-10-17T11:19:38.077+0000] {filesystem.py:69} INFO - Found File /opt/in/tiktok_google_play_reviews.csv last modified: 20220405221612
[2023-10-17T11:19:38.077+0000] {base.py:287} INFO - Success criteria met. Exiting.
[2023-10-17T11:19:38.087+0000] {taskinstance.py:1400} INFO - Marking task as SUCCESS. dag_id=copy_tranform_to_mongo, task_id=waiting_for_data, execution_date=20210519T000000, start_date=20231017T111937, end_date=20231017T111938
[2023-10-17T11:19:38.124+0000] {local_task_job_runner.py:228} INFO - Task exited with return code 0
[2023-10-17T11:19:38.137+0000] {taskinstance.py:2778} INFO - 0 downstream tasks scheduled from follow-on schedule check
[2023-10-18T10:43:15.244+0000] {taskinstance.py:1159} INFO - Dependencies all met for dep_context=non-requeueable deps ti=<TaskInstance: copy_tranform_to_mongo.waiting_for_data scheduled__2021-05-19T00:00:00+00:00 [queued]>
[2023-10-18T10:43:15.253+0000] {taskinstance.py:1159} INFO - Dependencies all met for dep_context=requeueable deps ti=<TaskInstance: copy_tranform_to_mongo.waiting_for_data scheduled__2021-05-19T00:00:00+00:00 [queued]>
[2023-10-18T10:43:15.253+0000] {taskinstance.py:1361} INFO - Starting attempt 1 of 1
[2023-10-18T10:43:15.330+0000] {taskinstance.py:1382} INFO - Executing <Task(FileSensor): waiting_for_data> on 2021-05-19 00:00:00+00:00
[2023-10-18T10:43:15.337+0000] {standard_task_runner.py:57} INFO - Started process 1682 to run task
[2023-10-18T10:43:15.340+0000] {standard_task_runner.py:84} INFO - Running: ['***', 'tasks', 'run', 'copy_tranform_to_mongo', 'waiting_for_data', 'scheduled__2021-05-19T00:00:00+00:00', '--job-id', '142', '--raw', '--subdir', 'DAGS_FOLDER/file_***-mongo.py', '--cfg-path', '/tmp/tmpz7l6t8ef']
[2023-10-18T10:43:15.341+0000] {standard_task_runner.py:85} INFO - Job 142: Subtask waiting_for_data
[2023-10-18T10:43:15.401+0000] {task_command.py:416} INFO - Running <TaskInstance: copy_tranform_to_mongo.waiting_for_data scheduled__2021-05-19T00:00:00+00:00 [running]> on host 2473b23ba069
[2023-10-18T10:43:15.495+0000] {taskinstance.py:1662} INFO - Exporting env vars: AIRFLOW_CTX_DAG_OWNER='***' AIRFLOW_CTX_DAG_ID='copy_tranform_to_mongo' AIRFLOW_CTX_TASK_ID='waiting_for_data' AIRFLOW_CTX_EXECUTION_DATE='2021-05-19T00:00:00+00:00' AIRFLOW_CTX_TRY_NUMBER='1' AIRFLOW_CTX_DAG_RUN_ID='scheduled__2021-05-19T00:00:00+00:00'
[2023-10-18T10:43:15.514+0000] {taskinstance.py:1937} ERROR - Task failed with exception
Traceback (most recent call last):
  File "/home/airflow/.local/lib/python3.8/site-packages/airflow/sensors/base.py", line 257, in execute
    raise e
  File "/home/airflow/.local/lib/python3.8/site-packages/airflow/sensors/base.py", line 239, in execute
    poke_return = self.poke(context)
  File "/home/airflow/.local/lib/python3.8/site-packages/airflow/sensors/filesystem.py", line 61, in poke
    hook = FSHook(self.fs_conn_id)
  File "/home/airflow/.local/lib/python3.8/site-packages/airflow/hooks/filesystem.py", line 38, in __init__
    conn = self.get_connection(conn_id)
  File "/home/airflow/.local/lib/python3.8/site-packages/airflow/hooks/base.py", line 72, in get_connection
    conn = Connection.get_connection_from_secrets(conn_id)
  File "/home/airflow/.local/lib/python3.8/site-packages/airflow/models/connection.py", line 477, in get_connection_from_secrets
    raise AirflowNotFoundException(f"The conn_id `{conn_id}` isn't defined")
airflow.exceptions.AirflowNotFoundException: The conn_id `fs_default` isn't defined
[2023-10-18T10:43:15.518+0000] {taskinstance.py:1400} INFO - Marking task as FAILED. dag_id=copy_tranform_to_mongo, task_id=waiting_for_data, execution_date=20210519T000000, start_date=20231018T104315, end_date=20231018T104315
[2023-10-18T10:43:15.531+0000] {standard_task_runner.py:104} ERROR - Failed to execute job 142 for task waiting_for_data (The conn_id `fs_default` isn't defined; 1682)
[2023-10-18T10:43:15.556+0000] {local_task_job_runner.py:228} INFO - Task exited with return code 1
[2023-10-18T10:43:15.581+0000] {taskinstance.py:2778} INFO - 0 downstream tasks scheduled from follow-on schedule check
[2023-10-18T11:43:37.315+0000] {taskinstance.py:1159} INFO - Dependencies all met for dep_context=non-requeueable deps ti=<TaskInstance: copy_tranform_to_mongo.waiting_for_data scheduled__2021-05-19T00:00:00+00:00 [queued]>
[2023-10-18T11:43:37.328+0000] {taskinstance.py:1159} INFO - Dependencies all met for dep_context=requeueable deps ti=<TaskInstance: copy_tranform_to_mongo.waiting_for_data scheduled__2021-05-19T00:00:00+00:00 [queued]>
[2023-10-18T11:43:37.328+0000] {taskinstance.py:1361} INFO - Starting attempt 1 of 1
[2023-10-18T11:43:37.348+0000] {taskinstance.py:1382} INFO - Executing <Task(FileSensor): waiting_for_data> on 2021-05-19 00:00:00+00:00
[2023-10-18T11:43:37.408+0000] {standard_task_runner.py:57} INFO - Started process 1016 to run task
[2023-10-18T11:43:37.410+0000] {standard_task_runner.py:84} INFO - Running: ['***', 'tasks', 'run', 'copy_tranform_to_mongo', 'waiting_for_data', 'scheduled__2021-05-19T00:00:00+00:00', '--job-id', '241', '--raw', '--subdir', 'DAGS_FOLDER/file_***-mongo.py', '--cfg-path', '/tmp/tmpyhcar6cw']
[2023-10-18T11:43:37.411+0000] {standard_task_runner.py:85} INFO - Job 241: Subtask waiting_for_data
[2023-10-18T11:43:37.474+0000] {task_command.py:416} INFO - Running <TaskInstance: copy_tranform_to_mongo.waiting_for_data scheduled__2021-05-19T00:00:00+00:00 [running]> on host 0e68aa52dfc7
[2023-10-18T11:43:37.561+0000] {taskinstance.py:1662} INFO - Exporting env vars: AIRFLOW_CTX_DAG_OWNER='***' AIRFLOW_CTX_DAG_ID='copy_tranform_to_mongo' AIRFLOW_CTX_TASK_ID='waiting_for_data' AIRFLOW_CTX_EXECUTION_DATE='2021-05-19T00:00:00+00:00' AIRFLOW_CTX_TRY_NUMBER='1' AIRFLOW_CTX_DAG_RUN_ID='scheduled__2021-05-19T00:00:00+00:00'
[2023-10-18T11:43:37.579+0000] {base.py:73} INFO - Using connection ID 'fs_default' for task execution.
[2023-10-18T11:43:37.580+0000] {filesystem.py:64} INFO - Poking for file /opt/in/tiktok_google_play_reviews.csv
[2023-10-18T11:43:37.580+0000] {filesystem.py:69} INFO - Found File /opt/in/tiktok_google_play_reviews.csv last modified: 20220405221612
[2023-10-18T11:43:37.580+0000] {base.py:287} INFO - Success criteria met. Exiting.
[2023-10-18T11:43:37.592+0000] {taskinstance.py:1400} INFO - Marking task as SUCCESS. dag_id=copy_tranform_to_mongo, task_id=waiting_for_data, execution_date=20210519T000000, start_date=20231018T114337, end_date=20231018T114337
[2023-10-18T11:43:37.626+0000] {local_task_job_runner.py:228} INFO - Task exited with return code 0
[2023-10-18T11:43:37.659+0000] {taskinstance.py:2778} INFO - 1 downstream tasks scheduled from follow-on schedule check
