[2023-10-17T11:21:58.376+0000] {taskinstance.py:1159} INFO - Dependencies all met for dep_context=non-requeueable deps ti=<TaskInstance: copy_tranform_to_mongo.waiting_for_data scheduled__2022-02-16T00:00:00+00:00 [queued]>
[2023-10-17T11:21:58.384+0000] {taskinstance.py:1159} INFO - Dependencies all met for dep_context=requeueable deps ti=<TaskInstance: copy_tranform_to_mongo.waiting_for_data scheduled__2022-02-16T00:00:00+00:00 [queued]>
[2023-10-17T11:21:58.384+0000] {taskinstance.py:1361} INFO - Starting attempt 1 of 1
[2023-10-17T11:21:58.395+0000] {taskinstance.py:1382} INFO - Executing <Task(FileSensor): waiting_for_data> on 2022-02-16 00:00:00+00:00
[2023-10-17T11:21:58.400+0000] {standard_task_runner.py:57} INFO - Started process 1294 to run task
[2023-10-17T11:21:58.402+0000] {standard_task_runner.py:84} INFO - Running: ['***', 'tasks', 'run', 'copy_tranform_to_mongo', 'waiting_for_data', 'scheduled__2022-02-16T00:00:00+00:00', '--job-id', '416', '--raw', '--subdir', 'DAGS_FOLDER/file_***-mongo.py', '--cfg-path', '/tmp/tmpjf3j8432']
[2023-10-17T11:21:58.403+0000] {standard_task_runner.py:85} INFO - Job 416: Subtask waiting_for_data
[2023-10-17T11:21:58.441+0000] {task_command.py:416} INFO - Running <TaskInstance: copy_tranform_to_mongo.waiting_for_data scheduled__2022-02-16T00:00:00+00:00 [running]> on host 238c1d4ff767
[2023-10-17T11:21:58.507+0000] {taskinstance.py:1662} INFO - Exporting env vars: AIRFLOW_CTX_DAG_OWNER='***' AIRFLOW_CTX_DAG_ID='copy_tranform_to_mongo' AIRFLOW_CTX_TASK_ID='waiting_for_data' AIRFLOW_CTX_EXECUTION_DATE='2022-02-16T00:00:00+00:00' AIRFLOW_CTX_TRY_NUMBER='1' AIRFLOW_CTX_DAG_RUN_ID='scheduled__2022-02-16T00:00:00+00:00'
[2023-10-17T11:21:58.513+0000] {base.py:73} INFO - Using connection ID 'fs_default' for task execution.
[2023-10-17T11:21:58.514+0000] {filesystem.py:64} INFO - Poking for file /opt/in/tiktok_google_play_reviews.csv
[2023-10-17T11:21:58.514+0000] {filesystem.py:69} INFO - Found File /opt/in/tiktok_google_play_reviews.csv last modified: 20220405221612
[2023-10-17T11:21:58.514+0000] {base.py:287} INFO - Success criteria met. Exiting.
[2023-10-17T11:21:58.520+0000] {taskinstance.py:1400} INFO - Marking task as SUCCESS. dag_id=copy_tranform_to_mongo, task_id=waiting_for_data, execution_date=20220216T000000, start_date=20231017T112158, end_date=20231017T112158
[2023-10-17T11:21:58.534+0000] {local_task_job_runner.py:228} INFO - Task exited with return code 0
[2023-10-17T11:21:58.546+0000] {taskinstance.py:2778} INFO - 0 downstream tasks scheduled from follow-on schedule check
[2023-10-18T11:46:23.439+0000] {taskinstance.py:1159} INFO - Dependencies all met for dep_context=non-requeueable deps ti=<TaskInstance: copy_tranform_to_mongo.waiting_for_data scheduled__2022-02-16T00:00:00+00:00 [queued]>
[2023-10-18T11:46:23.453+0000] {taskinstance.py:1159} INFO - Dependencies all met for dep_context=requeueable deps ti=<TaskInstance: copy_tranform_to_mongo.waiting_for_data scheduled__2022-02-16T00:00:00+00:00 [queued]>
[2023-10-18T11:46:23.454+0000] {taskinstance.py:1361} INFO - Starting attempt 1 of 1
[2023-10-18T11:46:23.488+0000] {taskinstance.py:1382} INFO - Executing <Task(FileSensor): waiting_for_data> on 2022-02-16 00:00:00+00:00
[2023-10-18T11:46:23.499+0000] {standard_task_runner.py:57} INFO - Started process 2146 to run task
[2023-10-18T11:46:23.502+0000] {standard_task_runner.py:84} INFO - Running: ['***', 'tasks', 'run', 'copy_tranform_to_mongo', 'waiting_for_data', 'scheduled__2022-02-16T00:00:00+00:00', '--job-id', '786', '--raw', '--subdir', 'DAGS_FOLDER/file_***-mongo.py', '--cfg-path', '/tmp/tmpankxd43z']
[2023-10-18T11:46:23.503+0000] {standard_task_runner.py:85} INFO - Job 786: Subtask waiting_for_data
[2023-10-18T11:46:23.552+0000] {task_command.py:416} INFO - Running <TaskInstance: copy_tranform_to_mongo.waiting_for_data scheduled__2022-02-16T00:00:00+00:00 [running]> on host 0e68aa52dfc7
[2023-10-18T11:46:23.634+0000] {taskinstance.py:1662} INFO - Exporting env vars: AIRFLOW_CTX_DAG_OWNER='***' AIRFLOW_CTX_DAG_ID='copy_tranform_to_mongo' AIRFLOW_CTX_TASK_ID='waiting_for_data' AIRFLOW_CTX_EXECUTION_DATE='2022-02-16T00:00:00+00:00' AIRFLOW_CTX_TRY_NUMBER='1' AIRFLOW_CTX_DAG_RUN_ID='scheduled__2022-02-16T00:00:00+00:00'
[2023-10-18T11:46:23.644+0000] {base.py:73} INFO - Using connection ID 'fs_default' for task execution.
[2023-10-18T11:46:23.645+0000] {filesystem.py:64} INFO - Poking for file /opt/in/tiktok_google_play_reviews.csv
[2023-10-18T11:46:23.645+0000] {filesystem.py:69} INFO - Found File /opt/in/tiktok_google_play_reviews.csv last modified: 20220405221612
[2023-10-18T11:46:23.645+0000] {base.py:287} INFO - Success criteria met. Exiting.
[2023-10-18T11:46:23.658+0000] {taskinstance.py:1400} INFO - Marking task as SUCCESS. dag_id=copy_tranform_to_mongo, task_id=waiting_for_data, execution_date=20220216T000000, start_date=20231018T114623, end_date=20231018T114623
[2023-10-18T11:46:23.715+0000] {local_task_job_runner.py:228} INFO - Task exited with return code 0
[2023-10-18T11:46:23.736+0000] {taskinstance.py:2778} INFO - 0 downstream tasks scheduled from follow-on schedule check
