[2023-10-17T11:26:31.762+0000] {taskinstance.py:1159} INFO - Dependencies all met for dep_context=non-requeueable deps ti=<TaskInstance: copy_tranform_to_mongo.waiting_for_data scheduled__2023-06-25T00:00:00+00:00 [queued]>
[2023-10-17T11:26:31.768+0000] {taskinstance.py:1159} INFO - Dependencies all met for dep_context=requeueable deps ti=<TaskInstance: copy_tranform_to_mongo.waiting_for_data scheduled__2023-06-25T00:00:00+00:00 [queued]>
[2023-10-17T11:26:31.768+0000] {taskinstance.py:1361} INFO - Starting attempt 1 of 1
[2023-10-17T11:26:31.776+0000] {taskinstance.py:1382} INFO - Executing <Task(FileSensor): waiting_for_data> on 2023-06-25 00:00:00+00:00
[2023-10-17T11:26:31.780+0000] {standard_task_runner.py:57} INFO - Started process 2346 to run task
[2023-10-17T11:26:31.782+0000] {standard_task_runner.py:84} INFO - Running: ['***', 'tasks', 'run', 'copy_tranform_to_mongo', 'waiting_for_data', 'scheduled__2023-06-25T00:00:00+00:00', '--job-id', '910', '--raw', '--subdir', 'DAGS_FOLDER/file_***-mongo.py', '--cfg-path', '/tmp/tmpysiswyks']
[2023-10-17T11:26:31.783+0000] {standard_task_runner.py:85} INFO - Job 910: Subtask waiting_for_data
[2023-10-17T11:26:31.814+0000] {task_command.py:416} INFO - Running <TaskInstance: copy_tranform_to_mongo.waiting_for_data scheduled__2023-06-25T00:00:00+00:00 [running]> on host 238c1d4ff767
[2023-10-17T11:26:31.865+0000] {taskinstance.py:1662} INFO - Exporting env vars: AIRFLOW_CTX_DAG_OWNER='***' AIRFLOW_CTX_DAG_ID='copy_tranform_to_mongo' AIRFLOW_CTX_TASK_ID='waiting_for_data' AIRFLOW_CTX_EXECUTION_DATE='2023-06-25T00:00:00+00:00' AIRFLOW_CTX_TRY_NUMBER='1' AIRFLOW_CTX_DAG_RUN_ID='scheduled__2023-06-25T00:00:00+00:00'
[2023-10-17T11:26:31.871+0000] {base.py:73} INFO - Using connection ID 'fs_default' for task execution.
[2023-10-17T11:26:31.871+0000] {filesystem.py:64} INFO - Poking for file /opt/in/tiktok_google_play_reviews.csv
[2023-10-17T11:26:31.871+0000] {filesystem.py:69} INFO - Found File /opt/in/tiktok_google_play_reviews.csv last modified: 20220405221612
[2023-10-17T11:26:31.872+0000] {base.py:287} INFO - Success criteria met. Exiting.
[2023-10-17T11:26:31.877+0000] {taskinstance.py:1400} INFO - Marking task as SUCCESS. dag_id=copy_tranform_to_mongo, task_id=waiting_for_data, execution_date=20230625T000000, start_date=20231017T112631, end_date=20231017T112631
[2023-10-17T11:26:31.915+0000] {local_task_job_runner.py:228} INFO - Task exited with return code 0
[2023-10-17T11:26:31.941+0000] {taskinstance.py:2778} INFO - 0 downstream tasks scheduled from follow-on schedule check
[2023-10-18T11:51:44.599+0000] {taskinstance.py:1159} INFO - Dependencies all met for dep_context=non-requeueable deps ti=<TaskInstance: copy_tranform_to_mongo.waiting_for_data scheduled__2023-06-25T00:00:00+00:00 [queued]>
[2023-10-18T11:51:44.610+0000] {taskinstance.py:1159} INFO - Dependencies all met for dep_context=requeueable deps ti=<TaskInstance: copy_tranform_to_mongo.waiting_for_data scheduled__2023-06-25T00:00:00+00:00 [queued]>
[2023-10-18T11:51:44.611+0000] {taskinstance.py:1361} INFO - Starting attempt 1 of 1
[2023-10-18T11:51:44.629+0000] {taskinstance.py:1382} INFO - Executing <Task(FileSensor): waiting_for_data> on 2023-06-25 00:00:00+00:00
[2023-10-18T11:51:44.635+0000] {standard_task_runner.py:57} INFO - Started process 4200 to run task
[2023-10-18T11:51:44.638+0000] {standard_task_runner.py:84} INFO - Running: ['***', 'tasks', 'run', 'copy_tranform_to_mongo', 'waiting_for_data', 'scheduled__2023-06-25T00:00:00+00:00', '--job-id', '1773', '--raw', '--subdir', 'DAGS_FOLDER/file_***-mongo.py', '--cfg-path', '/tmp/tmpkohrbavz']
[2023-10-18T11:51:44.639+0000] {standard_task_runner.py:85} INFO - Job 1773: Subtask waiting_for_data
[2023-10-18T11:51:44.687+0000] {task_command.py:416} INFO - Running <TaskInstance: copy_tranform_to_mongo.waiting_for_data scheduled__2023-06-25T00:00:00+00:00 [running]> on host 0e68aa52dfc7
[2023-10-18T11:51:44.757+0000] {taskinstance.py:1662} INFO - Exporting env vars: AIRFLOW_CTX_DAG_OWNER='***' AIRFLOW_CTX_DAG_ID='copy_tranform_to_mongo' AIRFLOW_CTX_TASK_ID='waiting_for_data' AIRFLOW_CTX_EXECUTION_DATE='2023-06-25T00:00:00+00:00' AIRFLOW_CTX_TRY_NUMBER='1' AIRFLOW_CTX_DAG_RUN_ID='scheduled__2023-06-25T00:00:00+00:00'
[2023-10-18T11:51:44.768+0000] {base.py:73} INFO - Using connection ID 'fs_default' for task execution.
[2023-10-18T11:51:44.769+0000] {filesystem.py:64} INFO - Poking for file /opt/in/tiktok_google_play_reviews.csv
[2023-10-18T11:51:44.770+0000] {filesystem.py:69} INFO - Found File /opt/in/tiktok_google_play_reviews.csv last modified: 20220405221612
[2023-10-18T11:51:44.770+0000] {base.py:287} INFO - Success criteria met. Exiting.
[2023-10-18T11:51:44.791+0000] {taskinstance.py:1400} INFO - Marking task as SUCCESS. dag_id=copy_tranform_to_mongo, task_id=waiting_for_data, execution_date=20230625T000000, start_date=20231018T115144, end_date=20231018T115144
[2023-10-18T11:51:44.852+0000] {local_task_job_runner.py:228} INFO - Task exited with return code 0
[2023-10-18T11:51:44.886+0000] {taskinstance.py:2778} INFO - 1 downstream tasks scheduled from follow-on schedule check
