[2023-10-17T11:25:06.608+0000] {taskinstance.py:1159} INFO - Dependencies all met for dep_context=non-requeueable deps ti=<TaskInstance: copy_tranform_to_mongo.waiting_for_data scheduled__2023-02-02T00:00:00+00:00 [queued]>
[2023-10-17T11:25:06.617+0000] {taskinstance.py:1159} INFO - Dependencies all met for dep_context=requeueable deps ti=<TaskInstance: copy_tranform_to_mongo.waiting_for_data scheduled__2023-02-02T00:00:00+00:00 [queued]>
[2023-10-17T11:25:06.618+0000] {taskinstance.py:1361} INFO - Starting attempt 1 of 1
[2023-10-17T11:25:06.628+0000] {taskinstance.py:1382} INFO - Executing <Task(FileSensor): waiting_for_data> on 2023-02-02 00:00:00+00:00
[2023-10-17T11:25:06.635+0000] {standard_task_runner.py:57} INFO - Started process 2045 to run task
[2023-10-17T11:25:06.638+0000] {standard_task_runner.py:84} INFO - Running: ['***', 'tasks', 'run', 'copy_tranform_to_mongo', 'waiting_for_data', 'scheduled__2023-02-02T00:00:00+00:00', '--job-id', '767', '--raw', '--subdir', 'DAGS_FOLDER/file_***-mongo.py', '--cfg-path', '/tmp/tmpj7soixfc']
[2023-10-17T11:25:06.639+0000] {standard_task_runner.py:85} INFO - Job 767: Subtask waiting_for_data
[2023-10-17T11:25:06.679+0000] {task_command.py:416} INFO - Running <TaskInstance: copy_tranform_to_mongo.waiting_for_data scheduled__2023-02-02T00:00:00+00:00 [running]> on host 238c1d4ff767
[2023-10-17T11:25:06.751+0000] {taskinstance.py:1662} INFO - Exporting env vars: AIRFLOW_CTX_DAG_OWNER='***' AIRFLOW_CTX_DAG_ID='copy_tranform_to_mongo' AIRFLOW_CTX_TASK_ID='waiting_for_data' AIRFLOW_CTX_EXECUTION_DATE='2023-02-02T00:00:00+00:00' AIRFLOW_CTX_TRY_NUMBER='1' AIRFLOW_CTX_DAG_RUN_ID='scheduled__2023-02-02T00:00:00+00:00'
[2023-10-17T11:25:06.758+0000] {base.py:73} INFO - Using connection ID 'fs_default' for task execution.
[2023-10-17T11:25:06.758+0000] {filesystem.py:64} INFO - Poking for file /opt/in/tiktok_google_play_reviews.csv
[2023-10-17T11:25:06.758+0000] {filesystem.py:69} INFO - Found File /opt/in/tiktok_google_play_reviews.csv last modified: 20220405221612
[2023-10-17T11:25:06.758+0000] {base.py:287} INFO - Success criteria met. Exiting.
[2023-10-17T11:25:06.765+0000] {taskinstance.py:1400} INFO - Marking task as SUCCESS. dag_id=copy_tranform_to_mongo, task_id=waiting_for_data, execution_date=20230202T000000, start_date=20231017T112506, end_date=20231017T112506
[2023-10-17T11:25:06.810+0000] {local_task_job_runner.py:228} INFO - Task exited with return code 0
[2023-10-17T11:25:06.823+0000] {taskinstance.py:2778} INFO - 0 downstream tasks scheduled from follow-on schedule check
[2023-10-18T11:50:19.431+0000] {taskinstance.py:1159} INFO - Dependencies all met for dep_context=non-requeueable deps ti=<TaskInstance: copy_tranform_to_mongo.waiting_for_data scheduled__2023-02-02T00:00:00+00:00 [queued]>
[2023-10-18T11:50:19.444+0000] {taskinstance.py:1159} INFO - Dependencies all met for dep_context=requeueable deps ti=<TaskInstance: copy_tranform_to_mongo.waiting_for_data scheduled__2023-02-02T00:00:00+00:00 [queued]>
[2023-10-18T11:50:19.444+0000] {taskinstance.py:1361} INFO - Starting attempt 1 of 1
[2023-10-18T11:50:19.460+0000] {taskinstance.py:1382} INFO - Executing <Task(FileSensor): waiting_for_data> on 2023-02-02 00:00:00+00:00
[2023-10-18T11:50:19.467+0000] {standard_task_runner.py:57} INFO - Started process 3613 to run task
[2023-10-18T11:50:19.469+0000] {standard_task_runner.py:84} INFO - Running: ['***', 'tasks', 'run', 'copy_tranform_to_mongo', 'waiting_for_data', 'scheduled__2023-02-02T00:00:00+00:00', '--job-id', '1487', '--raw', '--subdir', 'DAGS_FOLDER/file_***-mongo.py', '--cfg-path', '/tmp/tmpvwi1pq2n']
[2023-10-18T11:50:19.471+0000] {standard_task_runner.py:85} INFO - Job 1487: Subtask waiting_for_data
[2023-10-18T11:50:19.527+0000] {task_command.py:416} INFO - Running <TaskInstance: copy_tranform_to_mongo.waiting_for_data scheduled__2023-02-02T00:00:00+00:00 [running]> on host 0e68aa52dfc7
[2023-10-18T11:50:19.614+0000] {taskinstance.py:1662} INFO - Exporting env vars: AIRFLOW_CTX_DAG_OWNER='***' AIRFLOW_CTX_DAG_ID='copy_tranform_to_mongo' AIRFLOW_CTX_TASK_ID='waiting_for_data' AIRFLOW_CTX_EXECUTION_DATE='2023-02-02T00:00:00+00:00' AIRFLOW_CTX_TRY_NUMBER='1' AIRFLOW_CTX_DAG_RUN_ID='scheduled__2023-02-02T00:00:00+00:00'
[2023-10-18T11:50:19.625+0000] {base.py:73} INFO - Using connection ID 'fs_default' for task execution.
[2023-10-18T11:50:19.626+0000] {filesystem.py:64} INFO - Poking for file /opt/in/tiktok_google_play_reviews.csv
[2023-10-18T11:50:19.626+0000] {filesystem.py:69} INFO - Found File /opt/in/tiktok_google_play_reviews.csv last modified: 20220405221612
[2023-10-18T11:50:19.626+0000] {base.py:287} INFO - Success criteria met. Exiting.
[2023-10-18T11:50:19.634+0000] {taskinstance.py:1400} INFO - Marking task as SUCCESS. dag_id=copy_tranform_to_mongo, task_id=waiting_for_data, execution_date=20230202T000000, start_date=20231018T115019, end_date=20231018T115019
[2023-10-18T11:50:19.683+0000] {local_task_job_runner.py:228} INFO - Task exited with return code 0
[2023-10-18T11:50:19.719+0000] {taskinstance.py:2778} INFO - 1 downstream tasks scheduled from follow-on schedule check
