[2023-10-17T11:24:07.568+0000] {taskinstance.py:1159} INFO - Dependencies all met for dep_context=non-requeueable deps ti=<TaskInstance: copy_tranform_to_mongo.waiting_for_data scheduled__2022-10-12T00:00:00+00:00 [queued]>
[2023-10-17T11:24:07.578+0000] {taskinstance.py:1159} INFO - Dependencies all met for dep_context=requeueable deps ti=<TaskInstance: copy_tranform_to_mongo.waiting_for_data scheduled__2022-10-12T00:00:00+00:00 [queued]>
[2023-10-17T11:24:07.579+0000] {taskinstance.py:1361} INFO - Starting attempt 1 of 1
[2023-10-17T11:24:07.622+0000] {taskinstance.py:1382} INFO - Executing <Task(FileSensor): waiting_for_data> on 2022-10-12 00:00:00+00:00
[2023-10-17T11:24:07.629+0000] {standard_task_runner.py:57} INFO - Started process 1804 to run task
[2023-10-17T11:24:07.632+0000] {standard_task_runner.py:84} INFO - Running: ['***', 'tasks', 'run', 'copy_tranform_to_mongo', 'waiting_for_data', 'scheduled__2022-10-12T00:00:00+00:00', '--job-id', '654', '--raw', '--subdir', 'DAGS_FOLDER/file_***-mongo.py', '--cfg-path', '/tmp/tmpbcyox7lq']
[2023-10-17T11:24:07.633+0000] {standard_task_runner.py:85} INFO - Job 654: Subtask waiting_for_data
[2023-10-17T11:24:07.674+0000] {task_command.py:416} INFO - Running <TaskInstance: copy_tranform_to_mongo.waiting_for_data scheduled__2022-10-12T00:00:00+00:00 [running]> on host 238c1d4ff767
[2023-10-17T11:24:07.749+0000] {taskinstance.py:1662} INFO - Exporting env vars: AIRFLOW_CTX_DAG_OWNER='***' AIRFLOW_CTX_DAG_ID='copy_tranform_to_mongo' AIRFLOW_CTX_TASK_ID='waiting_for_data' AIRFLOW_CTX_EXECUTION_DATE='2022-10-12T00:00:00+00:00' AIRFLOW_CTX_TRY_NUMBER='1' AIRFLOW_CTX_DAG_RUN_ID='scheduled__2022-10-12T00:00:00+00:00'
[2023-10-17T11:24:07.757+0000] {base.py:73} INFO - Using connection ID 'fs_default' for task execution.
[2023-10-17T11:24:07.758+0000] {filesystem.py:64} INFO - Poking for file /opt/in/tiktok_google_play_reviews.csv
[2023-10-17T11:24:07.758+0000] {filesystem.py:69} INFO - Found File /opt/in/tiktok_google_play_reviews.csv last modified: 20220405221612
[2023-10-17T11:24:07.758+0000] {base.py:287} INFO - Success criteria met. Exiting.
[2023-10-17T11:24:07.765+0000] {taskinstance.py:1400} INFO - Marking task as SUCCESS. dag_id=copy_tranform_to_mongo, task_id=waiting_for_data, execution_date=20221012T000000, start_date=20231017T112407, end_date=20231017T112407
[2023-10-17T11:24:07.804+0000] {local_task_job_runner.py:228} INFO - Task exited with return code 0
[2023-10-17T11:24:07.818+0000] {taskinstance.py:2778} INFO - 0 downstream tasks scheduled from follow-on schedule check
[2023-10-18T11:48:47.821+0000] {taskinstance.py:1159} INFO - Dependencies all met for dep_context=non-requeueable deps ti=<TaskInstance: copy_tranform_to_mongo.waiting_for_data scheduled__2022-10-12T00:00:00+00:00 [queued]>
[2023-10-18T11:48:47.832+0000] {taskinstance.py:1159} INFO - Dependencies all met for dep_context=requeueable deps ti=<TaskInstance: copy_tranform_to_mongo.waiting_for_data scheduled__2022-10-12T00:00:00+00:00 [queued]>
[2023-10-18T11:48:47.832+0000] {taskinstance.py:1361} INFO - Starting attempt 1 of 1
[2023-10-18T11:48:47.847+0000] {taskinstance.py:1382} INFO - Executing <Task(FileSensor): waiting_for_data> on 2022-10-12 00:00:00+00:00
[2023-10-18T11:48:47.853+0000] {standard_task_runner.py:57} INFO - Started process 3136 to run task
[2023-10-18T11:48:47.856+0000] {standard_task_runner.py:84} INFO - Running: ['***', 'tasks', 'run', 'copy_tranform_to_mongo', 'waiting_for_data', 'scheduled__2022-10-12T00:00:00+00:00', '--job-id', '1262', '--raw', '--subdir', 'DAGS_FOLDER/file_***-mongo.py', '--cfg-path', '/tmp/tmp8fjp3tkk']
[2023-10-18T11:48:47.857+0000] {standard_task_runner.py:85} INFO - Job 1262: Subtask waiting_for_data
[2023-10-18T11:48:47.907+0000] {task_command.py:416} INFO - Running <TaskInstance: copy_tranform_to_mongo.waiting_for_data scheduled__2022-10-12T00:00:00+00:00 [running]> on host 0e68aa52dfc7
[2023-10-18T11:48:47.989+0000] {taskinstance.py:1662} INFO - Exporting env vars: AIRFLOW_CTX_DAG_OWNER='***' AIRFLOW_CTX_DAG_ID='copy_tranform_to_mongo' AIRFLOW_CTX_TASK_ID='waiting_for_data' AIRFLOW_CTX_EXECUTION_DATE='2022-10-12T00:00:00+00:00' AIRFLOW_CTX_TRY_NUMBER='1' AIRFLOW_CTX_DAG_RUN_ID='scheduled__2022-10-12T00:00:00+00:00'
[2023-10-18T11:48:48.000+0000] {base.py:73} INFO - Using connection ID 'fs_default' for task execution.
[2023-10-18T11:48:48.001+0000] {filesystem.py:64} INFO - Poking for file /opt/in/tiktok_google_play_reviews.csv
[2023-10-18T11:48:48.001+0000] {filesystem.py:69} INFO - Found File /opt/in/tiktok_google_play_reviews.csv last modified: 20220405221612
[2023-10-18T11:48:48.001+0000] {base.py:287} INFO - Success criteria met. Exiting.
[2023-10-18T11:48:48.010+0000] {taskinstance.py:1400} INFO - Marking task as SUCCESS. dag_id=copy_tranform_to_mongo, task_id=waiting_for_data, execution_date=20221012T000000, start_date=20231018T114847, end_date=20231018T114848
[2023-10-18T11:48:48.069+0000] {local_task_job_runner.py:228} INFO - Task exited with return code 0
[2023-10-18T11:48:48.102+0000] {taskinstance.py:2778} INFO - 1 downstream tasks scheduled from follow-on schedule check
