[2023-10-17T11:24:01.541+0000] {taskinstance.py:1159} INFO - Dependencies all met for dep_context=non-requeueable deps ti=<TaskInstance: copy_tranform_to_mongo.waiting_for_data scheduled__2022-09-30T00:00:00+00:00 [queued]>
[2023-10-17T11:24:01.550+0000] {taskinstance.py:1159} INFO - Dependencies all met for dep_context=requeueable deps ti=<TaskInstance: copy_tranform_to_mongo.waiting_for_data scheduled__2022-09-30T00:00:00+00:00 [queued]>
[2023-10-17T11:24:01.551+0000] {taskinstance.py:1361} INFO - Starting attempt 1 of 1
[2023-10-17T11:24:01.567+0000] {taskinstance.py:1382} INFO - Executing <Task(FileSensor): waiting_for_data> on 2022-09-30 00:00:00+00:00
[2023-10-17T11:24:01.578+0000] {standard_task_runner.py:57} INFO - Started process 1779 to run task
[2023-10-17T11:24:01.581+0000] {standard_task_runner.py:84} INFO - Running: ['***', 'tasks', 'run', 'copy_tranform_to_mongo', 'waiting_for_data', 'scheduled__2022-09-30T00:00:00+00:00', '--job-id', '642', '--raw', '--subdir', 'DAGS_FOLDER/file_***-mongo.py', '--cfg-path', '/tmp/tmprb63xsy4']
[2023-10-17T11:24:01.584+0000] {standard_task_runner.py:85} INFO - Job 642: Subtask waiting_for_data
[2023-10-17T11:24:01.635+0000] {task_command.py:416} INFO - Running <TaskInstance: copy_tranform_to_mongo.waiting_for_data scheduled__2022-09-30T00:00:00+00:00 [running]> on host 238c1d4ff767
[2023-10-17T11:24:01.716+0000] {taskinstance.py:1662} INFO - Exporting env vars: AIRFLOW_CTX_DAG_OWNER='***' AIRFLOW_CTX_DAG_ID='copy_tranform_to_mongo' AIRFLOW_CTX_TASK_ID='waiting_for_data' AIRFLOW_CTX_EXECUTION_DATE='2022-09-30T00:00:00+00:00' AIRFLOW_CTX_TRY_NUMBER='1' AIRFLOW_CTX_DAG_RUN_ID='scheduled__2022-09-30T00:00:00+00:00'
[2023-10-17T11:24:01.725+0000] {base.py:73} INFO - Using connection ID 'fs_default' for task execution.
[2023-10-17T11:24:01.725+0000] {filesystem.py:64} INFO - Poking for file /opt/in/tiktok_google_play_reviews.csv
[2023-10-17T11:24:01.726+0000] {filesystem.py:69} INFO - Found File /opt/in/tiktok_google_play_reviews.csv last modified: 20220405221612
[2023-10-17T11:24:01.726+0000] {base.py:287} INFO - Success criteria met. Exiting.
[2023-10-17T11:24:01.734+0000] {taskinstance.py:1400} INFO - Marking task as SUCCESS. dag_id=copy_tranform_to_mongo, task_id=waiting_for_data, execution_date=20220930T000000, start_date=20231017T112401, end_date=20231017T112401
[2023-10-17T11:24:01.753+0000] {local_task_job_runner.py:228} INFO - Task exited with return code 0
[2023-10-17T11:24:01.768+0000] {taskinstance.py:2778} INFO - 0 downstream tasks scheduled from follow-on schedule check
[2023-10-18T11:48:42.791+0000] {taskinstance.py:1159} INFO - Dependencies all met for dep_context=non-requeueable deps ti=<TaskInstance: copy_tranform_to_mongo.waiting_for_data scheduled__2022-09-30T00:00:00+00:00 [queued]>
[2023-10-18T11:48:42.801+0000] {taskinstance.py:1159} INFO - Dependencies all met for dep_context=requeueable deps ti=<TaskInstance: copy_tranform_to_mongo.waiting_for_data scheduled__2022-09-30T00:00:00+00:00 [queued]>
[2023-10-18T11:48:42.802+0000] {taskinstance.py:1361} INFO - Starting attempt 1 of 1
[2023-10-18T11:48:42.815+0000] {taskinstance.py:1382} INFO - Executing <Task(FileSensor): waiting_for_data> on 2022-09-30 00:00:00+00:00
[2023-10-18T11:48:42.823+0000] {standard_task_runner.py:57} INFO - Started process 3085 to run task
[2023-10-18T11:48:42.826+0000] {standard_task_runner.py:84} INFO - Running: ['***', 'tasks', 'run', 'copy_tranform_to_mongo', 'waiting_for_data', 'scheduled__2022-09-30T00:00:00+00:00', '--job-id', '1235', '--raw', '--subdir', 'DAGS_FOLDER/file_***-mongo.py', '--cfg-path', '/tmp/tmpn8px91nl']
[2023-10-18T11:48:42.828+0000] {standard_task_runner.py:85} INFO - Job 1235: Subtask waiting_for_data
[2023-10-18T11:48:42.887+0000] {task_command.py:416} INFO - Running <TaskInstance: copy_tranform_to_mongo.waiting_for_data scheduled__2022-09-30T00:00:00+00:00 [running]> on host 0e68aa52dfc7
[2023-10-18T11:48:42.991+0000] {taskinstance.py:1662} INFO - Exporting env vars: AIRFLOW_CTX_DAG_OWNER='***' AIRFLOW_CTX_DAG_ID='copy_tranform_to_mongo' AIRFLOW_CTX_TASK_ID='waiting_for_data' AIRFLOW_CTX_EXECUTION_DATE='2022-09-30T00:00:00+00:00' AIRFLOW_CTX_TRY_NUMBER='1' AIRFLOW_CTX_DAG_RUN_ID='scheduled__2022-09-30T00:00:00+00:00'
[2023-10-18T11:48:43.008+0000] {base.py:73} INFO - Using connection ID 'fs_default' for task execution.
[2023-10-18T11:48:43.010+0000] {filesystem.py:64} INFO - Poking for file /opt/in/tiktok_google_play_reviews.csv
[2023-10-18T11:48:43.011+0000] {filesystem.py:69} INFO - Found File /opt/in/tiktok_google_play_reviews.csv last modified: 20220405221612
[2023-10-18T11:48:43.011+0000] {base.py:287} INFO - Success criteria met. Exiting.
[2023-10-18T11:48:43.031+0000] {taskinstance.py:1400} INFO - Marking task as SUCCESS. dag_id=copy_tranform_to_mongo, task_id=waiting_for_data, execution_date=20220930T000000, start_date=20231018T114842, end_date=20231018T114843
[2023-10-18T11:48:43.090+0000] {local_task_job_runner.py:228} INFO - Task exited with return code 0
[2023-10-18T11:48:43.188+0000] {taskinstance.py:2778} INFO - 0 downstream tasks scheduled from follow-on schedule check
