[2023-10-17T11:25:43.190+0000] {taskinstance.py:1159} INFO - Dependencies all met for dep_context=non-requeueable deps ti=<TaskInstance: copy_tranform_to_mongo.waiting_for_data scheduled__2023-04-27T00:00:00+00:00 [queued]>
[2023-10-17T11:25:43.198+0000] {taskinstance.py:1159} INFO - Dependencies all met for dep_context=requeueable deps ti=<TaskInstance: copy_tranform_to_mongo.waiting_for_data scheduled__2023-04-27T00:00:00+00:00 [queued]>
[2023-10-17T11:25:43.198+0000] {taskinstance.py:1361} INFO - Starting attempt 1 of 1
[2023-10-17T11:25:43.255+0000] {taskinstance.py:1382} INFO - Executing <Task(FileSensor): waiting_for_data> on 2023-04-27 00:00:00+00:00
[2023-10-17T11:25:43.273+0000] {standard_task_runner.py:57} INFO - Started process 2222 to run task
[2023-10-17T11:25:43.277+0000] {standard_task_runner.py:84} INFO - Running: ['***', 'tasks', 'run', 'copy_tranform_to_mongo', 'waiting_for_data', 'scheduled__2023-04-27T00:00:00+00:00', '--job-id', '851', '--raw', '--subdir', 'DAGS_FOLDER/file_***-mongo.py', '--cfg-path', '/tmp/tmpml14jbcc']
[2023-10-17T11:25:43.278+0000] {standard_task_runner.py:85} INFO - Job 851: Subtask waiting_for_data
[2023-10-17T11:25:43.326+0000] {task_command.py:416} INFO - Running <TaskInstance: copy_tranform_to_mongo.waiting_for_data scheduled__2023-04-27T00:00:00+00:00 [running]> on host 238c1d4ff767
[2023-10-17T11:25:43.402+0000] {taskinstance.py:1662} INFO - Exporting env vars: AIRFLOW_CTX_DAG_OWNER='***' AIRFLOW_CTX_DAG_ID='copy_tranform_to_mongo' AIRFLOW_CTX_TASK_ID='waiting_for_data' AIRFLOW_CTX_EXECUTION_DATE='2023-04-27T00:00:00+00:00' AIRFLOW_CTX_TRY_NUMBER='1' AIRFLOW_CTX_DAG_RUN_ID='scheduled__2023-04-27T00:00:00+00:00'
[2023-10-17T11:25:43.412+0000] {base.py:73} INFO - Using connection ID 'fs_default' for task execution.
[2023-10-17T11:25:43.412+0000] {filesystem.py:64} INFO - Poking for file /opt/in/tiktok_google_play_reviews.csv
[2023-10-17T11:25:43.412+0000] {filesystem.py:69} INFO - Found File /opt/in/tiktok_google_play_reviews.csv last modified: 20220405221612
[2023-10-17T11:25:43.412+0000] {base.py:287} INFO - Success criteria met. Exiting.
[2023-10-17T11:25:43.422+0000] {taskinstance.py:1400} INFO - Marking task as SUCCESS. dag_id=copy_tranform_to_mongo, task_id=waiting_for_data, execution_date=20230427T000000, start_date=20231017T112543, end_date=20231017T112543
[2023-10-17T11:25:43.454+0000] {local_task_job_runner.py:228} INFO - Task exited with return code 0
[2023-10-17T11:25:43.469+0000] {taskinstance.py:2778} INFO - 0 downstream tasks scheduled from follow-on schedule check
[2023-10-18T11:51:09.779+0000] {taskinstance.py:1159} INFO - Dependencies all met for dep_context=non-requeueable deps ti=<TaskInstance: copy_tranform_to_mongo.waiting_for_data scheduled__2023-04-27T00:00:00+00:00 [queued]>
[2023-10-18T11:51:09.787+0000] {taskinstance.py:1159} INFO - Dependencies all met for dep_context=requeueable deps ti=<TaskInstance: copy_tranform_to_mongo.waiting_for_data scheduled__2023-04-27T00:00:00+00:00 [queued]>
[2023-10-18T11:51:09.787+0000] {taskinstance.py:1361} INFO - Starting attempt 1 of 1
[2023-10-18T11:51:09.844+0000] {taskinstance.py:1382} INFO - Executing <Task(FileSensor): waiting_for_data> on 2023-04-27 00:00:00+00:00
[2023-10-18T11:51:09.851+0000] {standard_task_runner.py:57} INFO - Started process 3963 to run task
[2023-10-18T11:51:09.854+0000] {standard_task_runner.py:84} INFO - Running: ['***', 'tasks', 'run', 'copy_tranform_to_mongo', 'waiting_for_data', 'scheduled__2023-04-27T00:00:00+00:00', '--job-id', '1658', '--raw', '--subdir', 'DAGS_FOLDER/file_***-mongo.py', '--cfg-path', '/tmp/tmpssx_kedz']
[2023-10-18T11:51:09.855+0000] {standard_task_runner.py:85} INFO - Job 1658: Subtask waiting_for_data
[2023-10-18T11:51:09.903+0000] {task_command.py:416} INFO - Running <TaskInstance: copy_tranform_to_mongo.waiting_for_data scheduled__2023-04-27T00:00:00+00:00 [running]> on host 0e68aa52dfc7
[2023-10-18T11:51:09.993+0000] {taskinstance.py:1662} INFO - Exporting env vars: AIRFLOW_CTX_DAG_OWNER='***' AIRFLOW_CTX_DAG_ID='copy_tranform_to_mongo' AIRFLOW_CTX_TASK_ID='waiting_for_data' AIRFLOW_CTX_EXECUTION_DATE='2023-04-27T00:00:00+00:00' AIRFLOW_CTX_TRY_NUMBER='1' AIRFLOW_CTX_DAG_RUN_ID='scheduled__2023-04-27T00:00:00+00:00'
[2023-10-18T11:51:10.003+0000] {base.py:73} INFO - Using connection ID 'fs_default' for task execution.
[2023-10-18T11:51:10.004+0000] {filesystem.py:64} INFO - Poking for file /opt/in/tiktok_google_play_reviews.csv
[2023-10-18T11:51:10.004+0000] {filesystem.py:69} INFO - Found File /opt/in/tiktok_google_play_reviews.csv last modified: 20220405221612
[2023-10-18T11:51:10.005+0000] {base.py:287} INFO - Success criteria met. Exiting.
[2023-10-18T11:51:10.017+0000] {taskinstance.py:1400} INFO - Marking task as SUCCESS. dag_id=copy_tranform_to_mongo, task_id=waiting_for_data, execution_date=20230427T000000, start_date=20231018T115109, end_date=20231018T115110
[2023-10-18T11:51:10.067+0000] {local_task_job_runner.py:228} INFO - Task exited with return code 0
[2023-10-18T11:51:10.104+0000] {taskinstance.py:2778} INFO - 1 downstream tasks scheduled from follow-on schedule check
