[2023-10-17T11:27:14.173+0000] {taskinstance.py:1159} INFO - Dependencies all met for dep_context=non-requeueable deps ti=<TaskInstance: copy_tranform_to_mongo.waiting_for_data scheduled__2023-09-06T00:00:00+00:00 [queued]>
[2023-10-17T11:27:14.184+0000] {taskinstance.py:1159} INFO - Dependencies all met for dep_context=requeueable deps ti=<TaskInstance: copy_tranform_to_mongo.waiting_for_data scheduled__2023-09-06T00:00:00+00:00 [queued]>
[2023-10-17T11:27:14.185+0000] {taskinstance.py:1361} INFO - Starting attempt 1 of 1
[2023-10-17T11:27:14.196+0000] {taskinstance.py:1382} INFO - Executing <Task(FileSensor): waiting_for_data> on 2023-09-06 00:00:00+00:00
[2023-10-17T11:27:14.201+0000] {standard_task_runner.py:57} INFO - Started process 2509 to run task
[2023-10-17T11:27:14.203+0000] {standard_task_runner.py:84} INFO - Running: ['***', 'tasks', 'run', 'copy_tranform_to_mongo', 'waiting_for_data', 'scheduled__2023-09-06T00:00:00+00:00', '--job-id', '983', '--raw', '--subdir', 'DAGS_FOLDER/file_***-mongo.py', '--cfg-path', '/tmp/tmpgytjwic1']
[2023-10-17T11:27:14.204+0000] {standard_task_runner.py:85} INFO - Job 983: Subtask waiting_for_data
[2023-10-17T11:27:14.238+0000] {task_command.py:416} INFO - Running <TaskInstance: copy_tranform_to_mongo.waiting_for_data scheduled__2023-09-06T00:00:00+00:00 [running]> on host 238c1d4ff767
[2023-10-17T11:27:14.309+0000] {taskinstance.py:1662} INFO - Exporting env vars: AIRFLOW_CTX_DAG_OWNER='***' AIRFLOW_CTX_DAG_ID='copy_tranform_to_mongo' AIRFLOW_CTX_TASK_ID='waiting_for_data' AIRFLOW_CTX_EXECUTION_DATE='2023-09-06T00:00:00+00:00' AIRFLOW_CTX_TRY_NUMBER='1' AIRFLOW_CTX_DAG_RUN_ID='scheduled__2023-09-06T00:00:00+00:00'
[2023-10-17T11:27:14.317+0000] {base.py:73} INFO - Using connection ID 'fs_default' for task execution.
[2023-10-17T11:27:14.317+0000] {filesystem.py:64} INFO - Poking for file /opt/in/tiktok_google_play_reviews.csv
[2023-10-17T11:27:14.318+0000] {filesystem.py:69} INFO - Found File /opt/in/tiktok_google_play_reviews.csv last modified: 20220405221612
[2023-10-17T11:27:14.318+0000] {base.py:287} INFO - Success criteria met. Exiting.
[2023-10-17T11:27:14.324+0000] {taskinstance.py:1400} INFO - Marking task as SUCCESS. dag_id=copy_tranform_to_mongo, task_id=waiting_for_data, execution_date=20230906T000000, start_date=20231017T112714, end_date=20231017T112714
[2023-10-17T11:27:14.375+0000] {local_task_job_runner.py:228} INFO - Task exited with return code 0
[2023-10-17T11:27:14.390+0000] {taskinstance.py:2778} INFO - 0 downstream tasks scheduled from follow-on schedule check
[2023-10-18T11:52:26.453+0000] {taskinstance.py:1159} INFO - Dependencies all met for dep_context=non-requeueable deps ti=<TaskInstance: copy_tranform_to_mongo.waiting_for_data scheduled__2023-09-06T00:00:00+00:00 [queued]>
[2023-10-18T11:52:26.467+0000] {taskinstance.py:1159} INFO - Dependencies all met for dep_context=requeueable deps ti=<TaskInstance: copy_tranform_to_mongo.waiting_for_data scheduled__2023-09-06T00:00:00+00:00 [queued]>
[2023-10-18T11:52:26.467+0000] {taskinstance.py:1361} INFO - Starting attempt 1 of 1
[2023-10-18T11:52:26.497+0000] {taskinstance.py:1382} INFO - Executing <Task(FileSensor): waiting_for_data> on 2023-09-06 00:00:00+00:00
[2023-10-18T11:52:26.508+0000] {standard_task_runner.py:57} INFO - Started process 4508 to run task
[2023-10-18T11:52:26.518+0000] {standard_task_runner.py:84} INFO - Running: ['***', 'tasks', 'run', 'copy_tranform_to_mongo', 'waiting_for_data', 'scheduled__2023-09-06T00:00:00+00:00', '--job-id', '1919', '--raw', '--subdir', 'DAGS_FOLDER/file_***-mongo.py', '--cfg-path', '/tmp/tmp83ct6jq_']
[2023-10-18T11:52:26.526+0000] {standard_task_runner.py:85} INFO - Job 1919: Subtask waiting_for_data
[2023-10-18T11:52:26.603+0000] {task_command.py:416} INFO - Running <TaskInstance: copy_tranform_to_mongo.waiting_for_data scheduled__2023-09-06T00:00:00+00:00 [running]> on host 0e68aa52dfc7
[2023-10-18T11:52:26.692+0000] {taskinstance.py:1662} INFO - Exporting env vars: AIRFLOW_CTX_DAG_OWNER='***' AIRFLOW_CTX_DAG_ID='copy_tranform_to_mongo' AIRFLOW_CTX_TASK_ID='waiting_for_data' AIRFLOW_CTX_EXECUTION_DATE='2023-09-06T00:00:00+00:00' AIRFLOW_CTX_TRY_NUMBER='1' AIRFLOW_CTX_DAG_RUN_ID='scheduled__2023-09-06T00:00:00+00:00'
[2023-10-18T11:52:26.713+0000] {base.py:73} INFO - Using connection ID 'fs_default' for task execution.
[2023-10-18T11:52:26.714+0000] {filesystem.py:64} INFO - Poking for file /opt/in/tiktok_google_play_reviews.csv
[2023-10-18T11:52:26.714+0000] {filesystem.py:69} INFO - Found File /opt/in/tiktok_google_play_reviews.csv last modified: 20220405221612
[2023-10-18T11:52:26.715+0000] {base.py:287} INFO - Success criteria met. Exiting.
[2023-10-18T11:52:26.725+0000] {taskinstance.py:1400} INFO - Marking task as SUCCESS. dag_id=copy_tranform_to_mongo, task_id=waiting_for_data, execution_date=20230906T000000, start_date=20231018T115226, end_date=20231018T115226
[2023-10-18T11:52:26.783+0000] {local_task_job_runner.py:228} INFO - Task exited with return code 0
[2023-10-18T11:52:26.863+0000] {taskinstance.py:2778} INFO - 0 downstream tasks scheduled from follow-on schedule check
