[2023-10-17T11:19:58.792+0000] {taskinstance.py:1159} INFO - Dependencies all met for dep_context=non-requeueable deps ti=<TaskInstance: copy_tranform_to_mongo.waiting_for_data scheduled__2021-07-08T00:00:00+00:00 [queued]>
[2023-10-17T11:19:58.802+0000] {taskinstance.py:1159} INFO - Dependencies all met for dep_context=requeueable deps ti=<TaskInstance: copy_tranform_to_mongo.waiting_for_data scheduled__2021-07-08T00:00:00+00:00 [queued]>
[2023-10-17T11:19:58.802+0000] {taskinstance.py:1361} INFO - Starting attempt 1 of 1
[2023-10-17T11:19:58.821+0000] {taskinstance.py:1382} INFO - Executing <Task(FileSensor): waiting_for_data> on 2021-07-08 00:00:00+00:00
[2023-10-17T11:19:58.832+0000] {standard_task_runner.py:57} INFO - Started process 819 to run task
[2023-10-17T11:19:58.836+0000] {standard_task_runner.py:84} INFO - Running: ['***', 'tasks', 'run', 'copy_tranform_to_mongo', 'waiting_for_data', 'scheduled__2021-07-08T00:00:00+00:00', '--job-id', '193', '--raw', '--subdir', 'DAGS_FOLDER/file_***-mongo.py', '--cfg-path', '/tmp/tmpjn8vhn0q']
[2023-10-17T11:19:58.837+0000] {standard_task_runner.py:85} INFO - Job 193: Subtask waiting_for_data
[2023-10-17T11:19:58.898+0000] {task_command.py:416} INFO - Running <TaskInstance: copy_tranform_to_mongo.waiting_for_data scheduled__2021-07-08T00:00:00+00:00 [running]> on host 238c1d4ff767
[2023-10-17T11:19:58.985+0000] {taskinstance.py:1662} INFO - Exporting env vars: AIRFLOW_CTX_DAG_OWNER='***' AIRFLOW_CTX_DAG_ID='copy_tranform_to_mongo' AIRFLOW_CTX_TASK_ID='waiting_for_data' AIRFLOW_CTX_EXECUTION_DATE='2021-07-08T00:00:00+00:00' AIRFLOW_CTX_TRY_NUMBER='1' AIRFLOW_CTX_DAG_RUN_ID='scheduled__2021-07-08T00:00:00+00:00'
[2023-10-17T11:19:58.996+0000] {base.py:73} INFO - Using connection ID 'fs_default' for task execution.
[2023-10-17T11:19:58.996+0000] {filesystem.py:64} INFO - Poking for file /opt/in/tiktok_google_play_reviews.csv
[2023-10-17T11:19:58.997+0000] {filesystem.py:69} INFO - Found File /opt/in/tiktok_google_play_reviews.csv last modified: 20220405221612
[2023-10-17T11:19:58.997+0000] {base.py:287} INFO - Success criteria met. Exiting.
[2023-10-17T11:19:59.007+0000] {taskinstance.py:1400} INFO - Marking task as SUCCESS. dag_id=copy_tranform_to_mongo, task_id=waiting_for_data, execution_date=20210708T000000, start_date=20231017T111958, end_date=20231017T111959
[2023-10-17T11:19:59.048+0000] {local_task_job_runner.py:228} INFO - Task exited with return code 0
[2023-10-17T11:19:59.063+0000] {taskinstance.py:2778} INFO - 0 downstream tasks scheduled from follow-on schedule check
[2023-10-18T10:43:43.188+0000] {taskinstance.py:1159} INFO - Dependencies all met for dep_context=non-requeueable deps ti=<TaskInstance: copy_tranform_to_mongo.waiting_for_data scheduled__2021-07-08T00:00:00+00:00 [queued]>
[2023-10-18T10:43:43.199+0000] {taskinstance.py:1159} INFO - Dependencies all met for dep_context=requeueable deps ti=<TaskInstance: copy_tranform_to_mongo.waiting_for_data scheduled__2021-07-08T00:00:00+00:00 [queued]>
[2023-10-18T10:43:43.200+0000] {taskinstance.py:1361} INFO - Starting attempt 1 of 1
[2023-10-18T10:43:43.256+0000] {taskinstance.py:1382} INFO - Executing <Task(FileSensor): waiting_for_data> on 2021-07-08 00:00:00+00:00
[2023-10-18T10:43:43.264+0000] {standard_task_runner.py:57} INFO - Started process 1782 to run task
[2023-10-18T10:43:43.267+0000] {standard_task_runner.py:84} INFO - Running: ['***', 'tasks', 'run', 'copy_tranform_to_mongo', 'waiting_for_data', 'scheduled__2021-07-08T00:00:00+00:00', '--job-id', '192', '--raw', '--subdir', 'DAGS_FOLDER/file_***-mongo.py', '--cfg-path', '/tmp/tmpdkd8xqh_']
[2023-10-18T10:43:43.268+0000] {standard_task_runner.py:85} INFO - Job 192: Subtask waiting_for_data
[2023-10-18T10:43:43.313+0000] {task_command.py:416} INFO - Running <TaskInstance: copy_tranform_to_mongo.waiting_for_data scheduled__2021-07-08T00:00:00+00:00 [running]> on host 2473b23ba069
[2023-10-18T10:43:43.372+0000] {taskinstance.py:1662} INFO - Exporting env vars: AIRFLOW_CTX_DAG_OWNER='***' AIRFLOW_CTX_DAG_ID='copy_tranform_to_mongo' AIRFLOW_CTX_TASK_ID='waiting_for_data' AIRFLOW_CTX_EXECUTION_DATE='2021-07-08T00:00:00+00:00' AIRFLOW_CTX_TRY_NUMBER='1' AIRFLOW_CTX_DAG_RUN_ID='scheduled__2021-07-08T00:00:00+00:00'
[2023-10-18T10:43:43.385+0000] {taskinstance.py:1937} ERROR - Task failed with exception
Traceback (most recent call last):
  File "/home/airflow/.local/lib/python3.8/site-packages/airflow/sensors/base.py", line 257, in execute
    raise e
  File "/home/airflow/.local/lib/python3.8/site-packages/airflow/sensors/base.py", line 239, in execute
    poke_return = self.poke(context)
  File "/home/airflow/.local/lib/python3.8/site-packages/airflow/sensors/filesystem.py", line 61, in poke
    hook = FSHook(self.fs_conn_id)
  File "/home/airflow/.local/lib/python3.8/site-packages/airflow/hooks/filesystem.py", line 38, in __init__
    conn = self.get_connection(conn_id)
  File "/home/airflow/.local/lib/python3.8/site-packages/airflow/hooks/base.py", line 72, in get_connection
    conn = Connection.get_connection_from_secrets(conn_id)
  File "/home/airflow/.local/lib/python3.8/site-packages/airflow/models/connection.py", line 477, in get_connection_from_secrets
    raise AirflowNotFoundException(f"The conn_id `{conn_id}` isn't defined")
airflow.exceptions.AirflowNotFoundException: The conn_id `fs_default` isn't defined
[2023-10-18T10:43:43.387+0000] {taskinstance.py:1400} INFO - Marking task as FAILED. dag_id=copy_tranform_to_mongo, task_id=waiting_for_data, execution_date=20210708T000000, start_date=20231018T104343, end_date=20231018T104343
[2023-10-18T10:43:43.396+0000] {standard_task_runner.py:104} ERROR - Failed to execute job 192 for task waiting_for_data (The conn_id `fs_default` isn't defined; 1782)
[2023-10-18T10:43:43.440+0000] {local_task_job_runner.py:228} INFO - Task exited with return code 1
[2023-10-18T10:43:43.466+0000] {taskinstance.py:2778} INFO - 0 downstream tasks scheduled from follow-on schedule check
[2023-10-18T11:44:10.135+0000] {taskinstance.py:1159} INFO - Dependencies all met for dep_context=non-requeueable deps ti=<TaskInstance: copy_tranform_to_mongo.waiting_for_data scheduled__2021-07-08T00:00:00+00:00 [queued]>
[2023-10-18T11:44:10.144+0000] {taskinstance.py:1159} INFO - Dependencies all met for dep_context=requeueable deps ti=<TaskInstance: copy_tranform_to_mongo.waiting_for_data scheduled__2021-07-08T00:00:00+00:00 [queued]>
[2023-10-18T11:44:10.144+0000] {taskinstance.py:1361} INFO - Starting attempt 1 of 1
[2023-10-18T11:44:10.157+0000] {taskinstance.py:1382} INFO - Executing <Task(FileSensor): waiting_for_data> on 2021-07-08 00:00:00+00:00
[2023-10-18T11:44:10.166+0000] {standard_task_runner.py:57} INFO - Started process 1221 to run task
[2023-10-18T11:44:10.169+0000] {standard_task_runner.py:84} INFO - Running: ['***', 'tasks', 'run', 'copy_tranform_to_mongo', 'waiting_for_data', 'scheduled__2021-07-08T00:00:00+00:00', '--job-id', '340', '--raw', '--subdir', 'DAGS_FOLDER/file_***-mongo.py', '--cfg-path', '/tmp/tmp79zxnzdx']
[2023-10-18T11:44:10.171+0000] {standard_task_runner.py:85} INFO - Job 340: Subtask waiting_for_data
[2023-10-18T11:44:10.224+0000] {task_command.py:416} INFO - Running <TaskInstance: copy_tranform_to_mongo.waiting_for_data scheduled__2021-07-08T00:00:00+00:00 [running]> on host 0e68aa52dfc7
[2023-10-18T11:44:10.301+0000] {taskinstance.py:1662} INFO - Exporting env vars: AIRFLOW_CTX_DAG_OWNER='***' AIRFLOW_CTX_DAG_ID='copy_tranform_to_mongo' AIRFLOW_CTX_TASK_ID='waiting_for_data' AIRFLOW_CTX_EXECUTION_DATE='2021-07-08T00:00:00+00:00' AIRFLOW_CTX_TRY_NUMBER='1' AIRFLOW_CTX_DAG_RUN_ID='scheduled__2021-07-08T00:00:00+00:00'
[2023-10-18T11:44:10.314+0000] {base.py:73} INFO - Using connection ID 'fs_default' for task execution.
[2023-10-18T11:44:10.314+0000] {filesystem.py:64} INFO - Poking for file /opt/in/tiktok_google_play_reviews.csv
[2023-10-18T11:44:10.315+0000] {filesystem.py:69} INFO - Found File /opt/in/tiktok_google_play_reviews.csv last modified: 20220405221612
[2023-10-18T11:44:10.315+0000] {base.py:287} INFO - Success criteria met. Exiting.
[2023-10-18T11:44:10.325+0000] {taskinstance.py:1400} INFO - Marking task as SUCCESS. dag_id=copy_tranform_to_mongo, task_id=waiting_for_data, execution_date=20210708T000000, start_date=20231018T114410, end_date=20231018T114410
[2023-10-18T11:44:10.385+0000] {local_task_job_runner.py:228} INFO - Task exited with return code 0
[2023-10-18T11:44:10.403+0000] {taskinstance.py:2778} INFO - 0 downstream tasks scheduled from follow-on schedule check
