[2023-10-19T13:03:22.300+0000] {taskinstance.py:1159} INFO - Dependencies all met for dep_context=non-requeueable deps ti=<TaskInstance: copy_tranform_to_mongo.transform_data_by_pandas scheduled__2021-01-03T00:00:00+00:00 [queued]>
[2023-10-19T13:03:22.319+0000] {taskinstance.py:1159} INFO - Dependencies all met for dep_context=requeueable deps ti=<TaskInstance: copy_tranform_to_mongo.transform_data_by_pandas scheduled__2021-01-03T00:00:00+00:00 [queued]>
[2023-10-19T13:03:22.320+0000] {taskinstance.py:1361} INFO - Starting attempt 1 of 1
[2023-10-19T13:03:22.339+0000] {taskinstance.py:1382} INFO - Executing <Task(DockerOperator): transform_data_by_pandas> on 2021-01-03 00:00:00+00:00
[2023-10-19T13:03:22.354+0000] {standard_task_runner.py:57} INFO - Started process 138 to run task
[2023-10-19T13:03:22.367+0000] {standard_task_runner.py:84} INFO - Running: ['***', 'tasks', 'run', 'copy_tranform_to_mongo', 'transform_data_by_pandas', 'scheduled__2021-01-03T00:00:00+00:00', '--job-id', '16', '--raw', '--subdir', 'DAGS_FOLDER/file_***-mongo.py', '--cfg-path', '/tmp/tmpmvyvx9ys']
[2023-10-19T13:03:22.368+0000] {standard_task_runner.py:85} INFO - Job 16: Subtask transform_data_by_pandas
[2023-10-19T13:03:22.432+0000] {task_command.py:416} INFO - Running <TaskInstance: copy_tranform_to_mongo.transform_data_by_pandas scheduled__2021-01-03T00:00:00+00:00 [running]> on host f2b9ba520501
[2023-10-19T13:03:22.626+0000] {taskinstance.py:1662} INFO - Exporting env vars: AIRFLOW_CTX_DAG_OWNER='***' AIRFLOW_CTX_DAG_ID='copy_tranform_to_mongo' AIRFLOW_CTX_TASK_ID='transform_data_by_pandas' AIRFLOW_CTX_EXECUTION_DATE='2021-01-03T00:00:00+00:00' AIRFLOW_CTX_TRY_NUMBER='1' AIRFLOW_CTX_DAG_RUN_ID='scheduled__2021-01-03T00:00:00+00:00'
[2023-10-19T13:03:22.676+0000] {docker.py:337} INFO - Starting docker container from image python/pandas:1.0.0
[2023-10-19T13:03:24.033+0000] {docker.py:406} INFO - Input Notebook:  /opt/pandasapp/notebooks/tiktok_google_reviews.ipynb
Output Notebook: /opt/pandasapp/notebooks/tiktok_google_reviews.ipynb
[2023-10-19T13:03:24.129+0000] {docker.py:406} INFO - Executing:   0%|          | 0/27 [00:00<?, ?cell/s]
[2023-10-19T13:03:26.219+0000] {docker.py:406} INFO - Executing notebook with kernel: python3
[2023-10-19T13:03:26.222+0000] {docker.py:406} INFO - Executing:   4%|▎         | 1/27 [00:02<00:54,  2.09s/cell]
[2023-10-19T13:03:28.988+0000] {docker.py:406} INFO - Executing:  15%|█▍        | 4/27 [00:04<00:26,  1.14s/cell]
[2023-10-19T13:03:36.541+0000] {docker.py:406} INFO - Executing:  22%|██▏       | 6/27 [00:12<00:48,  2.29s/cell]
[2023-10-19T13:03:36.835+0000] {docker.py:406} INFO - Executing:  33%|███▎      | 9/27 [00:12<00:22,  1.23s/cell]
[2023-10-19T13:03:37.009+0000] {docker.py:406} INFO - Executing:  37%|███▋      | 10/27 [00:12<00:17,  1.03s/cell]
[2023-10-19T13:03:37.141+0000] {docker.py:406} INFO - Executing:  41%|████      | 11/27 [00:13<00:13,  1.19cell/s]
[2023-10-19T13:03:37.704+0000] {docker.py:406} INFO - Executing:  44%|████▍     | 12/27 [00:13<00:11,  1.28cell/s]
[2023-10-19T13:03:37.982+0000] {docker.py:406} INFO - Executing:  48%|████▊     | 13/27 [00:13<00:09,  1.53cell/s]
[2023-10-19T13:03:38.210+0000] {docker.py:406} INFO - Executing:  52%|█████▏    | 14/27 [00:14<00:07,  1.84cell/s]
[2023-10-19T13:03:39.472+0000] {docker.py:406} INFO - Executing:  59%|█████▉    | 16/27 [00:15<00:06,  1.74cell/s]
[2023-10-19T13:03:41.378+0000] {docker.py:406} INFO - Executing:  63%|██████▎   | 17/27 [00:17<00:08,  1.12cell/s]
[2023-10-19T13:03:41.825+0000] {docker.py:406} INFO - Executing:  70%|███████   | 19/27 [00:17<00:04,  1.60cell/s]
[2023-10-19T13:03:43.225+0000] {docker.py:406} INFO - Executing:  74%|███████▍  | 20/27 [00:19<00:05,  1.25cell/s]
[2023-10-19T13:03:44.029+0000] {docker.py:406} INFO - Executing:  78%|███████▊  | 21/27 [00:19<00:04,  1.25cell/s]
[2023-10-19T13:03:45.541+0000] {docker.py:406} INFO - Executing:  81%|████████▏ | 22/27 [00:21<00:04,  1.02cell/s]
[2023-10-19T13:03:45.956+0000] {docker.py:406} INFO - Executing:  85%|████████▌ | 23/27 [00:21<00:03,  1.21cell/s]
[2023-10-19T13:03:46.200+0000] {docker.py:406} INFO - Executing:  93%|█████████▎| 25/27 [00:22<00:01,  1.91cell/s]
[2023-10-19T13:03:49.985+0000] {docker.py:406} INFO - Executing:  96%|█████████▋| 26/27 [00:25<00:01,  1.29s/cell]
[2023-10-19T13:03:50.162+0000] {docker.py:406} INFO - Executing: 100%|██████████| 27/27 [00:26<00:00,  1.01s/cell]
[2023-10-19T13:03:53.899+0000] {docker.py:406} INFO - Executing: 100%|██████████| 27/27 [00:29<00:00,  1.10s/cell]
[2023-10-19T13:03:55.818+0000] {taskinstance.py:1400} INFO - Marking task as SUCCESS. dag_id=copy_tranform_to_mongo, task_id=transform_data_by_pandas, execution_date=20210103T000000, start_date=20231019T130322, end_date=20231019T130355
[2023-10-19T13:03:56.066+0000] {local_task_job_runner.py:228} INFO - Task exited with return code 0
[2023-10-19T13:03:56.807+0000] {taskinstance.py:2778} INFO - 0 downstream tasks scheduled from follow-on schedule check
