[2023-10-17T11:19:32.939+0000] {taskinstance.py:1159} INFO - Dependencies all met for dep_context=non-requeueable deps ti=<TaskInstance: copy_tranform_to_mongo.waiting_for_data scheduled__2021-05-03T00:00:00+00:00 [queued]>
[2023-10-17T11:19:32.951+0000] {taskinstance.py:1159} INFO - Dependencies all met for dep_context=requeueable deps ti=<TaskInstance: copy_tranform_to_mongo.waiting_for_data scheduled__2021-05-03T00:00:00+00:00 [queued]>
[2023-10-17T11:19:32.951+0000] {taskinstance.py:1361} INFO - Starting attempt 1 of 1
[2023-10-17T11:19:32.966+0000] {taskinstance.py:1382} INFO - Executing <Task(FileSensor): waiting_for_data> on 2021-05-03 00:00:00+00:00
[2023-10-17T11:19:32.973+0000] {standard_task_runner.py:57} INFO - Started process 679 to run task
[2023-10-17T11:19:32.976+0000] {standard_task_runner.py:84} INFO - Running: ['***', 'tasks', 'run', 'copy_tranform_to_mongo', 'waiting_for_data', 'scheduled__2021-05-03T00:00:00+00:00', '--job-id', '127', '--raw', '--subdir', 'DAGS_FOLDER/file_***-mongo.py', '--cfg-path', '/tmp/tmpebvomi_7']
[2023-10-17T11:19:32.977+0000] {standard_task_runner.py:85} INFO - Job 127: Subtask waiting_for_data
[2023-10-17T11:19:33.023+0000] {task_command.py:416} INFO - Running <TaskInstance: copy_tranform_to_mongo.waiting_for_data scheduled__2021-05-03T00:00:00+00:00 [running]> on host 238c1d4ff767
[2023-10-17T11:19:33.094+0000] {taskinstance.py:1662} INFO - Exporting env vars: AIRFLOW_CTX_DAG_OWNER='***' AIRFLOW_CTX_DAG_ID='copy_tranform_to_mongo' AIRFLOW_CTX_TASK_ID='waiting_for_data' AIRFLOW_CTX_EXECUTION_DATE='2021-05-03T00:00:00+00:00' AIRFLOW_CTX_TRY_NUMBER='1' AIRFLOW_CTX_DAG_RUN_ID='scheduled__2021-05-03T00:00:00+00:00'
[2023-10-17T11:19:33.103+0000] {base.py:73} INFO - Using connection ID 'fs_default' for task execution.
[2023-10-17T11:19:33.103+0000] {filesystem.py:64} INFO - Poking for file /opt/in/tiktok_google_play_reviews.csv
[2023-10-17T11:19:33.104+0000] {filesystem.py:69} INFO - Found File /opt/in/tiktok_google_play_reviews.csv last modified: 20220405221612
[2023-10-17T11:19:33.104+0000] {base.py:287} INFO - Success criteria met. Exiting.
[2023-10-17T11:19:33.113+0000] {taskinstance.py:1400} INFO - Marking task as SUCCESS. dag_id=copy_tranform_to_mongo, task_id=waiting_for_data, execution_date=20210503T000000, start_date=20231017T111932, end_date=20231017T111933
[2023-10-17T11:19:33.148+0000] {local_task_job_runner.py:228} INFO - Task exited with return code 0
[2023-10-17T11:19:33.166+0000] {taskinstance.py:2778} INFO - 0 downstream tasks scheduled from follow-on schedule check
[2023-10-18T10:43:06.804+0000] {taskinstance.py:1159} INFO - Dependencies all met for dep_context=non-requeueable deps ti=<TaskInstance: copy_tranform_to_mongo.waiting_for_data scheduled__2021-05-03T00:00:00+00:00 [queued]>
[2023-10-18T10:43:06.815+0000] {taskinstance.py:1159} INFO - Dependencies all met for dep_context=requeueable deps ti=<TaskInstance: copy_tranform_to_mongo.waiting_for_data scheduled__2021-05-03T00:00:00+00:00 [queued]>
[2023-10-18T10:43:06.816+0000] {taskinstance.py:1361} INFO - Starting attempt 1 of 1
[2023-10-18T10:43:06.832+0000] {taskinstance.py:1382} INFO - Executing <Task(FileSensor): waiting_for_data> on 2021-05-03 00:00:00+00:00
[2023-10-18T10:43:06.839+0000] {standard_task_runner.py:57} INFO - Started process 1642 to run task
[2023-10-18T10:43:06.841+0000] {standard_task_runner.py:84} INFO - Running: ['***', 'tasks', 'run', 'copy_tranform_to_mongo', 'waiting_for_data', 'scheduled__2021-05-03T00:00:00+00:00', '--job-id', '126', '--raw', '--subdir', 'DAGS_FOLDER/file_***-mongo.py', '--cfg-path', '/tmp/tmp1832mqum']
[2023-10-18T10:43:06.842+0000] {standard_task_runner.py:85} INFO - Job 126: Subtask waiting_for_data
[2023-10-18T10:43:06.892+0000] {task_command.py:416} INFO - Running <TaskInstance: copy_tranform_to_mongo.waiting_for_data scheduled__2021-05-03T00:00:00+00:00 [running]> on host 2473b23ba069
[2023-10-18T10:43:06.963+0000] {taskinstance.py:1662} INFO - Exporting env vars: AIRFLOW_CTX_DAG_OWNER='***' AIRFLOW_CTX_DAG_ID='copy_tranform_to_mongo' AIRFLOW_CTX_TASK_ID='waiting_for_data' AIRFLOW_CTX_EXECUTION_DATE='2021-05-03T00:00:00+00:00' AIRFLOW_CTX_TRY_NUMBER='1' AIRFLOW_CTX_DAG_RUN_ID='scheduled__2021-05-03T00:00:00+00:00'
[2023-10-18T10:43:06.977+0000] {taskinstance.py:1937} ERROR - Task failed with exception
Traceback (most recent call last):
  File "/home/airflow/.local/lib/python3.8/site-packages/airflow/sensors/base.py", line 257, in execute
    raise e
  File "/home/airflow/.local/lib/python3.8/site-packages/airflow/sensors/base.py", line 239, in execute
    poke_return = self.poke(context)
  File "/home/airflow/.local/lib/python3.8/site-packages/airflow/sensors/filesystem.py", line 61, in poke
    hook = FSHook(self.fs_conn_id)
  File "/home/airflow/.local/lib/python3.8/site-packages/airflow/hooks/filesystem.py", line 38, in __init__
    conn = self.get_connection(conn_id)
  File "/home/airflow/.local/lib/python3.8/site-packages/airflow/hooks/base.py", line 72, in get_connection
    conn = Connection.get_connection_from_secrets(conn_id)
  File "/home/airflow/.local/lib/python3.8/site-packages/airflow/models/connection.py", line 477, in get_connection_from_secrets
    raise AirflowNotFoundException(f"The conn_id `{conn_id}` isn't defined")
airflow.exceptions.AirflowNotFoundException: The conn_id `fs_default` isn't defined
[2023-10-18T10:43:06.981+0000] {taskinstance.py:1400} INFO - Marking task as FAILED. dag_id=copy_tranform_to_mongo, task_id=waiting_for_data, execution_date=20210503T000000, start_date=20231018T104306, end_date=20231018T104306
[2023-10-18T10:43:06.989+0000] {standard_task_runner.py:104} ERROR - Failed to execute job 126 for task waiting_for_data (The conn_id `fs_default` isn't defined; 1642)
[2023-10-18T10:43:07.015+0000] {local_task_job_runner.py:228} INFO - Task exited with return code 1
[2023-10-18T10:43:07.045+0000] {taskinstance.py:2778} INFO - 0 downstream tasks scheduled from follow-on schedule check
[2023-10-18T11:17:42.262+0000] {taskinstance.py:1159} INFO - Dependencies all met for dep_context=non-requeueable deps ti=<TaskInstance: copy_tranform_to_mongo.waiting_for_data scheduled__2021-05-03T00:00:00+00:00 [queued]>
[2023-10-18T11:17:42.272+0000] {taskinstance.py:1159} INFO - Dependencies all met for dep_context=requeueable deps ti=<TaskInstance: copy_tranform_to_mongo.waiting_for_data scheduled__2021-05-03T00:00:00+00:00 [queued]>
[2023-10-18T11:17:42.273+0000] {taskinstance.py:1361} INFO - Starting attempt 1 of 1
[2023-10-18T11:17:42.293+0000] {taskinstance.py:1382} INFO - Executing <Task(FileSensor): waiting_for_data> on 2021-05-03 00:00:00+00:00
[2023-10-18T11:17:42.301+0000] {standard_task_runner.py:57} INFO - Started process 554 to run task
[2023-10-18T11:17:42.307+0000] {standard_task_runner.py:84} INFO - Running: ['***', 'tasks', 'run', 'copy_tranform_to_mongo', 'waiting_for_data', 'scheduled__2021-05-03T00:00:00+00:00', '--job-id', '207', '--raw', '--subdir', 'DAGS_FOLDER/file_***-mongo.py', '--cfg-path', '/tmp/tmpm3e18zjt']
[2023-10-18T11:17:42.308+0000] {standard_task_runner.py:85} INFO - Job 207: Subtask waiting_for_data
[2023-10-18T11:17:42.358+0000] {task_command.py:416} INFO - Running <TaskInstance: copy_tranform_to_mongo.waiting_for_data scheduled__2021-05-03T00:00:00+00:00 [running]> on host 0e68aa52dfc7
[2023-10-18T11:17:42.444+0000] {taskinstance.py:1662} INFO - Exporting env vars: AIRFLOW_CTX_DAG_OWNER='***' AIRFLOW_CTX_DAG_ID='copy_tranform_to_mongo' AIRFLOW_CTX_TASK_ID='waiting_for_data' AIRFLOW_CTX_EXECUTION_DATE='2021-05-03T00:00:00+00:00' AIRFLOW_CTX_TRY_NUMBER='1' AIRFLOW_CTX_DAG_RUN_ID='scheduled__2021-05-03T00:00:00+00:00'
[2023-10-18T11:17:42.452+0000] {base.py:73} INFO - Using connection ID 'fs_default' for task execution.
[2023-10-18T11:17:42.455+0000] {filesystem.py:64} INFO - Poking for file /opt/in/tiktok_google_play_reviews.csv
[2023-10-18T11:17:42.456+0000] {filesystem.py:69} INFO - Found File /opt/in/tiktok_google_play_reviews.csv last modified: 20220405221612
[2023-10-18T11:17:42.456+0000] {base.py:287} INFO - Success criteria met. Exiting.
[2023-10-18T11:17:42.468+0000] {taskinstance.py:1400} INFO - Marking task as SUCCESS. dag_id=copy_tranform_to_mongo, task_id=waiting_for_data, execution_date=20210503T000000, start_date=20231018T111742, end_date=20231018T111742
[2023-10-18T11:17:42.519+0000] {local_task_job_runner.py:228} INFO - Task exited with return code 0
[2023-10-18T11:17:42.561+0000] {taskinstance.py:2778} INFO - 1 downstream tasks scheduled from follow-on schedule check
[2023-10-19T12:43:05.344+0000] {taskinstance.py:1159} INFO - Dependencies all met for dep_context=non-requeueable deps ti=<TaskInstance: copy_tranform_to_mongo.waiting_for_data scheduled__2021-05-03T00:00:00+00:00 [queued]>
[2023-10-19T12:43:05.421+0000] {taskinstance.py:1159} INFO - Dependencies all met for dep_context=requeueable deps ti=<TaskInstance: copy_tranform_to_mongo.waiting_for_data scheduled__2021-05-03T00:00:00+00:00 [queued]>
[2023-10-19T12:43:05.426+0000] {taskinstance.py:1361} INFO - Starting attempt 1 of 1
[2023-10-19T12:43:05.588+0000] {taskinstance.py:1382} INFO - Executing <Task(FileSensor): waiting_for_data> on 2021-05-03 00:00:00+00:00
[2023-10-19T12:43:05.631+0000] {standard_task_runner.py:57} INFO - Started process 1113 to run task
[2023-10-19T12:43:05.636+0000] {standard_task_runner.py:84} INFO - Running: ['***', 'tasks', 'run', 'copy_tranform_to_mongo', 'waiting_for_data', 'scheduled__2021-05-03T00:00:00+00:00', '--job-id', '228', '--raw', '--subdir', 'DAGS_FOLDER/file_***-mongo.py', '--cfg-path', '/tmp/tmppnf2_qwi']
[2023-10-19T12:43:05.638+0000] {standard_task_runner.py:85} INFO - Job 228: Subtask waiting_for_data
[2023-10-19T12:43:05.908+0000] {task_command.py:416} INFO - Running <TaskInstance: copy_tranform_to_mongo.waiting_for_data scheduled__2021-05-03T00:00:00+00:00 [running]> on host 6f5df7fea6fd
[2023-10-19T12:43:06.409+0000] {taskinstance.py:1662} INFO - Exporting env vars: AIRFLOW_CTX_DAG_OWNER='***' AIRFLOW_CTX_DAG_ID='copy_tranform_to_mongo' AIRFLOW_CTX_TASK_ID='waiting_for_data' AIRFLOW_CTX_EXECUTION_DATE='2021-05-03T00:00:00+00:00' AIRFLOW_CTX_TRY_NUMBER='1' AIRFLOW_CTX_DAG_RUN_ID='scheduled__2021-05-03T00:00:00+00:00'
[2023-10-19T12:43:06.455+0000] {base.py:73} INFO - Using connection ID 'fs_default' for task execution.
[2023-10-19T12:43:06.456+0000] {filesystem.py:64} INFO - Poking for file /opt/in/tiktok_google_play_reviews.csv
[2023-10-19T12:43:06.463+0000] {filesystem.py:69} INFO - Found File /opt/in/tiktok_google_play_reviews.csv last modified: 20220405221612
[2023-10-19T12:43:06.463+0000] {base.py:287} INFO - Success criteria met. Exiting.
[2023-10-19T12:43:06.542+0000] {taskinstance.py:1400} INFO - Marking task as SUCCESS. dag_id=copy_tranform_to_mongo, task_id=waiting_for_data, execution_date=20210503T000000, start_date=20231019T124305, end_date=20231019T124306
[2023-10-19T12:43:07.275+0000] {local_task_job_runner.py:228} INFO - Task exited with return code 0
[2023-10-19T12:43:07.409+0000] {taskinstance.py:2778} INFO - 1 downstream tasks scheduled from follow-on schedule check
