[2023-10-17T11:24:46.326+0000] {taskinstance.py:1159} INFO - Dependencies all met for dep_context=non-requeueable deps ti=<TaskInstance: copy_tranform_to_mongo.waiting_for_data scheduled__2022-12-16T00:00:00+00:00 [queued]>
[2023-10-17T11:24:46.332+0000] {taskinstance.py:1159} INFO - Dependencies all met for dep_context=requeueable deps ti=<TaskInstance: copy_tranform_to_mongo.waiting_for_data scheduled__2022-12-16T00:00:00+00:00 [queued]>
[2023-10-17T11:24:46.332+0000] {taskinstance.py:1361} INFO - Starting attempt 1 of 1
[2023-10-17T11:24:46.343+0000] {taskinstance.py:1382} INFO - Executing <Task(FileSensor): waiting_for_data> on 2022-12-16 00:00:00+00:00
[2023-10-17T11:24:46.348+0000] {standard_task_runner.py:57} INFO - Started process 1940 to run task
[2023-10-17T11:24:46.350+0000] {standard_task_runner.py:84} INFO - Running: ['***', 'tasks', 'run', 'copy_tranform_to_mongo', 'waiting_for_data', 'scheduled__2022-12-16T00:00:00+00:00', '--job-id', '719', '--raw', '--subdir', 'DAGS_FOLDER/file_***-mongo.py', '--cfg-path', '/tmp/tmpy9g_a3rn']
[2023-10-17T11:24:46.351+0000] {standard_task_runner.py:85} INFO - Job 719: Subtask waiting_for_data
[2023-10-17T11:24:46.385+0000] {task_command.py:416} INFO - Running <TaskInstance: copy_tranform_to_mongo.waiting_for_data scheduled__2022-12-16T00:00:00+00:00 [running]> on host 238c1d4ff767
[2023-10-17T11:24:46.446+0000] {taskinstance.py:1662} INFO - Exporting env vars: AIRFLOW_CTX_DAG_OWNER='***' AIRFLOW_CTX_DAG_ID='copy_tranform_to_mongo' AIRFLOW_CTX_TASK_ID='waiting_for_data' AIRFLOW_CTX_EXECUTION_DATE='2022-12-16T00:00:00+00:00' AIRFLOW_CTX_TRY_NUMBER='1' AIRFLOW_CTX_DAG_RUN_ID='scheduled__2022-12-16T00:00:00+00:00'
[2023-10-17T11:24:46.451+0000] {base.py:73} INFO - Using connection ID 'fs_default' for task execution.
[2023-10-17T11:24:46.452+0000] {filesystem.py:64} INFO - Poking for file /opt/in/tiktok_google_play_reviews.csv
[2023-10-17T11:24:46.452+0000] {filesystem.py:69} INFO - Found File /opt/in/tiktok_google_play_reviews.csv last modified: 20220405221612
[2023-10-17T11:24:46.452+0000] {base.py:287} INFO - Success criteria met. Exiting.
[2023-10-17T11:24:46.458+0000] {taskinstance.py:1400} INFO - Marking task as SUCCESS. dag_id=copy_tranform_to_mongo, task_id=waiting_for_data, execution_date=20221216T000000, start_date=20231017T112446, end_date=20231017T112446
[2023-10-17T11:24:46.482+0000] {local_task_job_runner.py:228} INFO - Task exited with return code 0
[2023-10-17T11:24:46.499+0000] {taskinstance.py:2778} INFO - 0 downstream tasks scheduled from follow-on schedule check
[2023-10-18T11:49:50.935+0000] {taskinstance.py:1159} INFO - Dependencies all met for dep_context=non-requeueable deps ti=<TaskInstance: copy_tranform_to_mongo.waiting_for_data scheduled__2022-12-16T00:00:00+00:00 [queued]>
[2023-10-18T11:49:50.941+0000] {taskinstance.py:1159} INFO - Dependencies all met for dep_context=requeueable deps ti=<TaskInstance: copy_tranform_to_mongo.waiting_for_data scheduled__2022-12-16T00:00:00+00:00 [queued]>
[2023-10-18T11:49:50.942+0000] {taskinstance.py:1361} INFO - Starting attempt 1 of 1
[2023-10-18T11:49:50.950+0000] {taskinstance.py:1382} INFO - Executing <Task(FileSensor): waiting_for_data> on 2022-12-16 00:00:00+00:00
[2023-10-18T11:49:50.954+0000] {standard_task_runner.py:57} INFO - Started process 3416 to run task
[2023-10-18T11:49:50.956+0000] {standard_task_runner.py:84} INFO - Running: ['***', 'tasks', 'run', 'copy_tranform_to_mongo', 'waiting_for_data', 'scheduled__2022-12-16T00:00:00+00:00', '--job-id', '1394', '--raw', '--subdir', 'DAGS_FOLDER/file_***-mongo.py', '--cfg-path', '/tmp/tmp0bcdng_m']
[2023-10-18T11:49:50.957+0000] {standard_task_runner.py:85} INFO - Job 1394: Subtask waiting_for_data
[2023-10-18T11:49:50.990+0000] {task_command.py:416} INFO - Running <TaskInstance: copy_tranform_to_mongo.waiting_for_data scheduled__2022-12-16T00:00:00+00:00 [running]> on host 0e68aa52dfc7
[2023-10-18T11:49:51.039+0000] {taskinstance.py:1662} INFO - Exporting env vars: AIRFLOW_CTX_DAG_OWNER='***' AIRFLOW_CTX_DAG_ID='copy_tranform_to_mongo' AIRFLOW_CTX_TASK_ID='waiting_for_data' AIRFLOW_CTX_EXECUTION_DATE='2022-12-16T00:00:00+00:00' AIRFLOW_CTX_TRY_NUMBER='1' AIRFLOW_CTX_DAG_RUN_ID='scheduled__2022-12-16T00:00:00+00:00'
[2023-10-18T11:49:51.045+0000] {base.py:73} INFO - Using connection ID 'fs_default' for task execution.
[2023-10-18T11:49:51.046+0000] {filesystem.py:64} INFO - Poking for file /opt/in/tiktok_google_play_reviews.csv
[2023-10-18T11:49:51.046+0000] {filesystem.py:69} INFO - Found File /opt/in/tiktok_google_play_reviews.csv last modified: 20220405221612
[2023-10-18T11:49:51.046+0000] {base.py:287} INFO - Success criteria met. Exiting.
[2023-10-18T11:49:51.052+0000] {taskinstance.py:1400} INFO - Marking task as SUCCESS. dag_id=copy_tranform_to_mongo, task_id=waiting_for_data, execution_date=20221216T000000, start_date=20231018T114950, end_date=20231018T114951
[2023-10-18T11:49:51.088+0000] {local_task_job_runner.py:228} INFO - Task exited with return code 0
[2023-10-18T11:49:51.115+0000] {taskinstance.py:2778} INFO - 1 downstream tasks scheduled from follow-on schedule check
