[2023-10-17T11:19:30.085+0000] {taskinstance.py:1159} INFO - Dependencies all met for dep_context=non-requeueable deps ti=<TaskInstance: copy_tranform_to_mongo.waiting_for_data scheduled__2021-04-27T00:00:00+00:00 [queued]>
[2023-10-17T11:19:30.093+0000] {taskinstance.py:1159} INFO - Dependencies all met for dep_context=requeueable deps ti=<TaskInstance: copy_tranform_to_mongo.waiting_for_data scheduled__2021-04-27T00:00:00+00:00 [queued]>
[2023-10-17T11:19:30.093+0000] {taskinstance.py:1361} INFO - Starting attempt 1 of 1
[2023-10-17T11:19:30.138+0000] {taskinstance.py:1382} INFO - Executing <Task(FileSensor): waiting_for_data> on 2021-04-27 00:00:00+00:00
[2023-10-17T11:19:30.145+0000] {standard_task_runner.py:57} INFO - Started process 667 to run task
[2023-10-17T11:19:30.148+0000] {standard_task_runner.py:84} INFO - Running: ['***', 'tasks', 'run', 'copy_tranform_to_mongo', 'waiting_for_data', 'scheduled__2021-04-27T00:00:00+00:00', '--job-id', '121', '--raw', '--subdir', 'DAGS_FOLDER/file_***-mongo.py', '--cfg-path', '/tmp/tmprglxumoz']
[2023-10-17T11:19:30.149+0000] {standard_task_runner.py:85} INFO - Job 121: Subtask waiting_for_data
[2023-10-17T11:19:30.195+0000] {task_command.py:416} INFO - Running <TaskInstance: copy_tranform_to_mongo.waiting_for_data scheduled__2021-04-27T00:00:00+00:00 [running]> on host 238c1d4ff767
[2023-10-17T11:19:30.276+0000] {taskinstance.py:1662} INFO - Exporting env vars: AIRFLOW_CTX_DAG_OWNER='***' AIRFLOW_CTX_DAG_ID='copy_tranform_to_mongo' AIRFLOW_CTX_TASK_ID='waiting_for_data' AIRFLOW_CTX_EXECUTION_DATE='2021-04-27T00:00:00+00:00' AIRFLOW_CTX_TRY_NUMBER='1' AIRFLOW_CTX_DAG_RUN_ID='scheduled__2021-04-27T00:00:00+00:00'
[2023-10-17T11:19:30.286+0000] {base.py:73} INFO - Using connection ID 'fs_default' for task execution.
[2023-10-17T11:19:30.286+0000] {filesystem.py:64} INFO - Poking for file /opt/in/tiktok_google_play_reviews.csv
[2023-10-17T11:19:30.286+0000] {filesystem.py:69} INFO - Found File /opt/in/tiktok_google_play_reviews.csv last modified: 20220405221612
[2023-10-17T11:19:30.287+0000] {base.py:287} INFO - Success criteria met. Exiting.
[2023-10-17T11:19:30.296+0000] {taskinstance.py:1400} INFO - Marking task as SUCCESS. dag_id=copy_tranform_to_mongo, task_id=waiting_for_data, execution_date=20210427T000000, start_date=20231017T111930, end_date=20231017T111930
[2023-10-17T11:19:30.320+0000] {local_task_job_runner.py:228} INFO - Task exited with return code 0
[2023-10-17T11:19:30.339+0000] {taskinstance.py:2778} INFO - 0 downstream tasks scheduled from follow-on schedule check
[2023-10-18T10:43:00.790+0000] {taskinstance.py:1159} INFO - Dependencies all met for dep_context=non-requeueable deps ti=<TaskInstance: copy_tranform_to_mongo.waiting_for_data scheduled__2021-04-27T00:00:00+00:00 [queued]>
[2023-10-18T10:43:00.801+0000] {taskinstance.py:1159} INFO - Dependencies all met for dep_context=requeueable deps ti=<TaskInstance: copy_tranform_to_mongo.waiting_for_data scheduled__2021-04-27T00:00:00+00:00 [queued]>
[2023-10-18T10:43:00.802+0000] {taskinstance.py:1361} INFO - Starting attempt 1 of 1
[2023-10-18T10:43:00.815+0000] {taskinstance.py:1382} INFO - Executing <Task(FileSensor): waiting_for_data> on 2021-04-27 00:00:00+00:00
[2023-10-18T10:43:00.821+0000] {standard_task_runner.py:57} INFO - Started process 1630 to run task
[2023-10-18T10:43:00.824+0000] {standard_task_runner.py:84} INFO - Running: ['***', 'tasks', 'run', 'copy_tranform_to_mongo', 'waiting_for_data', 'scheduled__2021-04-27T00:00:00+00:00', '--job-id', '120', '--raw', '--subdir', 'DAGS_FOLDER/file_***-mongo.py', '--cfg-path', '/tmp/tmp0yxvpkbt']
[2023-10-18T10:43:00.825+0000] {standard_task_runner.py:85} INFO - Job 120: Subtask waiting_for_data
[2023-10-18T10:43:00.873+0000] {task_command.py:416} INFO - Running <TaskInstance: copy_tranform_to_mongo.waiting_for_data scheduled__2021-04-27T00:00:00+00:00 [running]> on host 2473b23ba069
[2023-10-18T10:43:00.943+0000] {taskinstance.py:1662} INFO - Exporting env vars: AIRFLOW_CTX_DAG_OWNER='***' AIRFLOW_CTX_DAG_ID='copy_tranform_to_mongo' AIRFLOW_CTX_TASK_ID='waiting_for_data' AIRFLOW_CTX_EXECUTION_DATE='2021-04-27T00:00:00+00:00' AIRFLOW_CTX_TRY_NUMBER='1' AIRFLOW_CTX_DAG_RUN_ID='scheduled__2021-04-27T00:00:00+00:00'
[2023-10-18T10:43:00.958+0000] {taskinstance.py:1937} ERROR - Task failed with exception
Traceback (most recent call last):
  File "/home/airflow/.local/lib/python3.8/site-packages/airflow/sensors/base.py", line 257, in execute
    raise e
  File "/home/airflow/.local/lib/python3.8/site-packages/airflow/sensors/base.py", line 239, in execute
    poke_return = self.poke(context)
  File "/home/airflow/.local/lib/python3.8/site-packages/airflow/sensors/filesystem.py", line 61, in poke
    hook = FSHook(self.fs_conn_id)
  File "/home/airflow/.local/lib/python3.8/site-packages/airflow/hooks/filesystem.py", line 38, in __init__
    conn = self.get_connection(conn_id)
  File "/home/airflow/.local/lib/python3.8/site-packages/airflow/hooks/base.py", line 72, in get_connection
    conn = Connection.get_connection_from_secrets(conn_id)
  File "/home/airflow/.local/lib/python3.8/site-packages/airflow/models/connection.py", line 477, in get_connection_from_secrets
    raise AirflowNotFoundException(f"The conn_id `{conn_id}` isn't defined")
airflow.exceptions.AirflowNotFoundException: The conn_id `fs_default` isn't defined
[2023-10-18T10:43:00.960+0000] {taskinstance.py:1400} INFO - Marking task as FAILED. dag_id=copy_tranform_to_mongo, task_id=waiting_for_data, execution_date=20210427T000000, start_date=20231018T104300, end_date=20231018T104300
[2023-10-18T10:43:00.972+0000] {standard_task_runner.py:104} ERROR - Failed to execute job 120 for task waiting_for_data (The conn_id `fs_default` isn't defined; 1630)
[2023-10-18T10:43:00.996+0000] {local_task_job_runner.py:228} INFO - Task exited with return code 1
[2023-10-18T10:43:01.025+0000] {taskinstance.py:2778} INFO - 0 downstream tasks scheduled from follow-on schedule check
[2023-10-18T11:17:37.316+0000] {taskinstance.py:1159} INFO - Dependencies all met for dep_context=non-requeueable deps ti=<TaskInstance: copy_tranform_to_mongo.waiting_for_data scheduled__2021-04-27T00:00:00+00:00 [queued]>
[2023-10-18T11:17:37.332+0000] {taskinstance.py:1159} INFO - Dependencies all met for dep_context=requeueable deps ti=<TaskInstance: copy_tranform_to_mongo.waiting_for_data scheduled__2021-04-27T00:00:00+00:00 [queued]>
[2023-10-18T11:17:37.333+0000] {taskinstance.py:1361} INFO - Starting attempt 1 of 1
[2023-10-18T11:17:37.357+0000] {taskinstance.py:1382} INFO - Executing <Task(FileSensor): waiting_for_data> on 2021-04-27 00:00:00+00:00
[2023-10-18T11:17:37.367+0000] {standard_task_runner.py:57} INFO - Started process 520 to run task
[2023-10-18T11:17:37.372+0000] {standard_task_runner.py:84} INFO - Running: ['***', 'tasks', 'run', 'copy_tranform_to_mongo', 'waiting_for_data', 'scheduled__2021-04-27T00:00:00+00:00', '--job-id', '194', '--raw', '--subdir', 'DAGS_FOLDER/file_***-mongo.py', '--cfg-path', '/tmp/tmpmgo2rn39']
[2023-10-18T11:17:37.374+0000] {standard_task_runner.py:85} INFO - Job 194: Subtask waiting_for_data
[2023-10-18T11:17:37.446+0000] {task_command.py:416} INFO - Running <TaskInstance: copy_tranform_to_mongo.waiting_for_data scheduled__2021-04-27T00:00:00+00:00 [running]> on host 0e68aa52dfc7
[2023-10-18T11:17:37.566+0000] {taskinstance.py:1662} INFO - Exporting env vars: AIRFLOW_CTX_DAG_OWNER='***' AIRFLOW_CTX_DAG_ID='copy_tranform_to_mongo' AIRFLOW_CTX_TASK_ID='waiting_for_data' AIRFLOW_CTX_EXECUTION_DATE='2021-04-27T00:00:00+00:00' AIRFLOW_CTX_TRY_NUMBER='1' AIRFLOW_CTX_DAG_RUN_ID='scheduled__2021-04-27T00:00:00+00:00'
[2023-10-18T11:17:37.580+0000] {base.py:73} INFO - Using connection ID 'fs_default' for task execution.
[2023-10-18T11:17:37.583+0000] {filesystem.py:64} INFO - Poking for file /opt/in/tiktok_google_play_reviews.csv
[2023-10-18T11:17:37.584+0000] {filesystem.py:69} INFO - Found File /opt/in/tiktok_google_play_reviews.csv last modified: 20220405221612
[2023-10-18T11:17:37.584+0000] {base.py:287} INFO - Success criteria met. Exiting.
[2023-10-18T11:17:37.601+0000] {taskinstance.py:1400} INFO - Marking task as SUCCESS. dag_id=copy_tranform_to_mongo, task_id=waiting_for_data, execution_date=20210427T000000, start_date=20231018T111737, end_date=20231018T111737
[2023-10-18T11:17:37.679+0000] {local_task_job_runner.py:228} INFO - Task exited with return code 0
[2023-10-18T11:17:37.730+0000] {taskinstance.py:2778} INFO - 1 downstream tasks scheduled from follow-on schedule check
[2023-10-19T12:42:55.958+0000] {taskinstance.py:1159} INFO - Dependencies all met for dep_context=non-requeueable deps ti=<TaskInstance: copy_tranform_to_mongo.waiting_for_data scheduled__2021-04-27T00:00:00+00:00 [queued]>
[2023-10-19T12:42:55.971+0000] {taskinstance.py:1159} INFO - Dependencies all met for dep_context=requeueable deps ti=<TaskInstance: copy_tranform_to_mongo.waiting_for_data scheduled__2021-04-27T00:00:00+00:00 [queued]>
[2023-10-19T12:42:55.972+0000] {taskinstance.py:1361} INFO - Starting attempt 1 of 1
[2023-10-19T12:42:55.988+0000] {taskinstance.py:1382} INFO - Executing <Task(FileSensor): waiting_for_data> on 2021-04-27 00:00:00+00:00
[2023-10-19T12:42:55.995+0000] {standard_task_runner.py:57} INFO - Started process 1079 to run task
[2023-10-19T12:42:55.998+0000] {standard_task_runner.py:84} INFO - Running: ['***', 'tasks', 'run', 'copy_tranform_to_mongo', 'waiting_for_data', 'scheduled__2021-04-27T00:00:00+00:00', '--job-id', '210', '--raw', '--subdir', 'DAGS_FOLDER/file_***-mongo.py', '--cfg-path', '/tmp/tmp3qb7402n']
[2023-10-19T12:42:55.999+0000] {standard_task_runner.py:85} INFO - Job 210: Subtask waiting_for_data
[2023-10-19T12:42:56.042+0000] {task_command.py:416} INFO - Running <TaskInstance: copy_tranform_to_mongo.waiting_for_data scheduled__2021-04-27T00:00:00+00:00 [running]> on host 6f5df7fea6fd
[2023-10-19T12:42:56.144+0000] {taskinstance.py:1662} INFO - Exporting env vars: AIRFLOW_CTX_DAG_OWNER='***' AIRFLOW_CTX_DAG_ID='copy_tranform_to_mongo' AIRFLOW_CTX_TASK_ID='waiting_for_data' AIRFLOW_CTX_EXECUTION_DATE='2021-04-27T00:00:00+00:00' AIRFLOW_CTX_TRY_NUMBER='1' AIRFLOW_CTX_DAG_RUN_ID='scheduled__2021-04-27T00:00:00+00:00'
[2023-10-19T12:42:56.156+0000] {base.py:73} INFO - Using connection ID 'fs_default' for task execution.
[2023-10-19T12:42:56.157+0000] {filesystem.py:64} INFO - Poking for file /opt/in/tiktok_google_play_reviews.csv
[2023-10-19T12:42:56.158+0000] {filesystem.py:69} INFO - Found File /opt/in/tiktok_google_play_reviews.csv last modified: 20220405221612
[2023-10-19T12:42:56.158+0000] {base.py:287} INFO - Success criteria met. Exiting.
[2023-10-19T12:42:56.170+0000] {taskinstance.py:1400} INFO - Marking task as SUCCESS. dag_id=copy_tranform_to_mongo, task_id=waiting_for_data, execution_date=20210427T000000, start_date=20231019T124255, end_date=20231019T124256
[2023-10-19T12:42:56.222+0000] {local_task_job_runner.py:228} INFO - Task exited with return code 0
[2023-10-19T12:42:56.281+0000] {taskinstance.py:2778} INFO - 1 downstream tasks scheduled from follow-on schedule check
