[2023-10-17T11:20:24.139+0000] {taskinstance.py:1159} INFO - Dependencies all met for dep_context=non-requeueable deps ti=<TaskInstance: copy_tranform_to_mongo.waiting_for_data scheduled__2021-09-06T00:00:00+00:00 [queued]>
[2023-10-17T11:20:24.149+0000] {taskinstance.py:1159} INFO - Dependencies all met for dep_context=requeueable deps ti=<TaskInstance: copy_tranform_to_mongo.waiting_for_data scheduled__2021-09-06T00:00:00+00:00 [queued]>
[2023-10-17T11:20:24.150+0000] {taskinstance.py:1361} INFO - Starting attempt 1 of 1
[2023-10-17T11:20:24.190+0000] {taskinstance.py:1382} INFO - Executing <Task(FileSensor): waiting_for_data> on 2021-09-06 00:00:00+00:00
[2023-10-17T11:20:24.197+0000] {standard_task_runner.py:57} INFO - Started process 947 to run task
[2023-10-17T11:20:24.200+0000] {standard_task_runner.py:84} INFO - Running: ['***', 'tasks', 'run', 'copy_tranform_to_mongo', 'waiting_for_data', 'scheduled__2021-09-06T00:00:00+00:00', '--job-id', '253', '--raw', '--subdir', 'DAGS_FOLDER/file_***-mongo.py', '--cfg-path', '/tmp/tmplx583npj']
[2023-10-17T11:20:24.201+0000] {standard_task_runner.py:85} INFO - Job 253: Subtask waiting_for_data
[2023-10-17T11:20:24.248+0000] {task_command.py:416} INFO - Running <TaskInstance: copy_tranform_to_mongo.waiting_for_data scheduled__2021-09-06T00:00:00+00:00 [running]> on host 238c1d4ff767
[2023-10-17T11:20:24.328+0000] {taskinstance.py:1662} INFO - Exporting env vars: AIRFLOW_CTX_DAG_OWNER='***' AIRFLOW_CTX_DAG_ID='copy_tranform_to_mongo' AIRFLOW_CTX_TASK_ID='waiting_for_data' AIRFLOW_CTX_EXECUTION_DATE='2021-09-06T00:00:00+00:00' AIRFLOW_CTX_TRY_NUMBER='1' AIRFLOW_CTX_DAG_RUN_ID='scheduled__2021-09-06T00:00:00+00:00'
[2023-10-17T11:20:24.336+0000] {base.py:73} INFO - Using connection ID 'fs_default' for task execution.
[2023-10-17T11:20:24.337+0000] {filesystem.py:64} INFO - Poking for file /opt/in/tiktok_google_play_reviews.csv
[2023-10-17T11:20:24.337+0000] {filesystem.py:69} INFO - Found File /opt/in/tiktok_google_play_reviews.csv last modified: 20220405221612
[2023-10-17T11:20:24.337+0000] {base.py:287} INFO - Success criteria met. Exiting.
[2023-10-17T11:20:24.346+0000] {taskinstance.py:1400} INFO - Marking task as SUCCESS. dag_id=copy_tranform_to_mongo, task_id=waiting_for_data, execution_date=20210906T000000, start_date=20231017T112024, end_date=20231017T112024
[2023-10-17T11:20:24.373+0000] {local_task_job_runner.py:228} INFO - Task exited with return code 0
[2023-10-17T11:20:24.391+0000] {taskinstance.py:2778} INFO - 0 downstream tasks scheduled from follow-on schedule check
[2023-10-18T10:48:09.185+0000] {taskinstance.py:1159} INFO - Dependencies all met for dep_context=non-requeueable deps ti=<TaskInstance: copy_tranform_to_mongo.waiting_for_data scheduled__2021-09-06T00:00:00+00:00 [queued]>
[2023-10-18T10:48:09.194+0000] {taskinstance.py:1159} INFO - Dependencies all met for dep_context=requeueable deps ti=<TaskInstance: copy_tranform_to_mongo.waiting_for_data scheduled__2021-09-06T00:00:00+00:00 [queued]>
[2023-10-18T10:48:09.195+0000] {taskinstance.py:1361} INFO - Starting attempt 1 of 1
[2023-10-18T10:48:09.212+0000] {taskinstance.py:1382} INFO - Executing <Task(FileSensor): waiting_for_data> on 2021-09-06 00:00:00+00:00
[2023-10-18T10:48:09.220+0000] {standard_task_runner.py:57} INFO - Started process 2065 to run task
[2023-10-18T10:48:09.223+0000] {standard_task_runner.py:84} INFO - Running: ['***', 'tasks', 'run', 'copy_tranform_to_mongo', 'waiting_for_data', 'scheduled__2021-09-06T00:00:00+00:00', '--job-id', '297', '--raw', '--subdir', 'DAGS_FOLDER/file_***-mongo.py', '--cfg-path', '/tmp/tmpdgbbdcfd']
[2023-10-18T10:48:09.224+0000] {standard_task_runner.py:85} INFO - Job 297: Subtask waiting_for_data
[2023-10-18T10:48:09.279+0000] {task_command.py:416} INFO - Running <TaskInstance: copy_tranform_to_mongo.waiting_for_data scheduled__2021-09-06T00:00:00+00:00 [running]> on host 2473b23ba069
[2023-10-18T10:48:09.343+0000] {taskinstance.py:1662} INFO - Exporting env vars: AIRFLOW_CTX_DAG_OWNER='***' AIRFLOW_CTX_DAG_ID='copy_tranform_to_mongo' AIRFLOW_CTX_TASK_ID='waiting_for_data' AIRFLOW_CTX_EXECUTION_DATE='2021-09-06T00:00:00+00:00' AIRFLOW_CTX_TRY_NUMBER='1' AIRFLOW_CTX_DAG_RUN_ID='scheduled__2021-09-06T00:00:00+00:00'
[2023-10-18T10:48:09.352+0000] {base.py:73} INFO - Using connection ID 'fs_default' for task execution.
[2023-10-18T10:48:09.352+0000] {filesystem.py:64} INFO - Poking for file /opt/in/tiktok_google_play_reviews.csv
[2023-10-18T10:48:09.352+0000] {filesystem.py:69} INFO - Found File /opt/in/tiktok_google_play_reviews.csv last modified: 20220405221612
[2023-10-18T10:48:09.352+0000] {base.py:287} INFO - Success criteria met. Exiting.
[2023-10-18T10:48:09.361+0000] {taskinstance.py:1400} INFO - Marking task as SUCCESS. dag_id=copy_tranform_to_mongo, task_id=waiting_for_data, execution_date=20210906T000000, start_date=20231018T104809, end_date=20231018T104809
[2023-10-18T10:48:09.396+0000] {local_task_job_runner.py:228} INFO - Task exited with return code 0
[2023-10-18T10:48:09.421+0000] {taskinstance.py:2778} INFO - 1 downstream tasks scheduled from follow-on schedule check
[2023-10-18T11:44:45.059+0000] {taskinstance.py:1159} INFO - Dependencies all met for dep_context=non-requeueable deps ti=<TaskInstance: copy_tranform_to_mongo.waiting_for_data scheduled__2021-09-06T00:00:00+00:00 [queued]>
[2023-10-18T11:44:45.070+0000] {taskinstance.py:1159} INFO - Dependencies all met for dep_context=requeueable deps ti=<TaskInstance: copy_tranform_to_mongo.waiting_for_data scheduled__2021-09-06T00:00:00+00:00 [queued]>
[2023-10-18T11:44:45.070+0000] {taskinstance.py:1361} INFO - Starting attempt 1 of 1
[2023-10-18T11:44:45.089+0000] {taskinstance.py:1382} INFO - Executing <Task(FileSensor): waiting_for_data> on 2021-09-06 00:00:00+00:00
[2023-10-18T11:44:45.096+0000] {standard_task_runner.py:57} INFO - Started process 1465 to run task
[2023-10-18T11:44:45.101+0000] {standard_task_runner.py:84} INFO - Running: ['***', 'tasks', 'run', 'copy_tranform_to_mongo', 'waiting_for_data', 'scheduled__2021-09-06T00:00:00+00:00', '--job-id', '458', '--raw', '--subdir', 'DAGS_FOLDER/file_***-mongo.py', '--cfg-path', '/tmp/tmpbri3l6gz']
[2023-10-18T11:44:45.102+0000] {standard_task_runner.py:85} INFO - Job 458: Subtask waiting_for_data
[2023-10-18T11:44:45.167+0000] {task_command.py:416} INFO - Running <TaskInstance: copy_tranform_to_mongo.waiting_for_data scheduled__2021-09-06T00:00:00+00:00 [running]> on host 0e68aa52dfc7
[2023-10-18T11:44:45.305+0000] {taskinstance.py:1662} INFO - Exporting env vars: AIRFLOW_CTX_DAG_OWNER='***' AIRFLOW_CTX_DAG_ID='copy_tranform_to_mongo' AIRFLOW_CTX_TASK_ID='waiting_for_data' AIRFLOW_CTX_EXECUTION_DATE='2021-09-06T00:00:00+00:00' AIRFLOW_CTX_TRY_NUMBER='1' AIRFLOW_CTX_DAG_RUN_ID='scheduled__2021-09-06T00:00:00+00:00'
[2023-10-18T11:44:45.321+0000] {base.py:73} INFO - Using connection ID 'fs_default' for task execution.
[2023-10-18T11:44:45.322+0000] {filesystem.py:64} INFO - Poking for file /opt/in/tiktok_google_play_reviews.csv
[2023-10-18T11:44:45.323+0000] {filesystem.py:69} INFO - Found File /opt/in/tiktok_google_play_reviews.csv last modified: 20220405221612
[2023-10-18T11:44:45.323+0000] {base.py:287} INFO - Success criteria met. Exiting.
[2023-10-18T11:44:45.340+0000] {taskinstance.py:1400} INFO - Marking task as SUCCESS. dag_id=copy_tranform_to_mongo, task_id=waiting_for_data, execution_date=20210906T000000, start_date=20231018T114445, end_date=20231018T114445
[2023-10-18T11:44:45.401+0000] {local_task_job_runner.py:228} INFO - Task exited with return code 0
[2023-10-18T11:44:45.446+0000] {taskinstance.py:2778} INFO - 1 downstream tasks scheduled from follow-on schedule check
