[2023-10-17T11:24:01.722+0000] {taskinstance.py:1159} INFO - Dependencies all met for dep_context=non-requeueable deps ti=<TaskInstance: copy_tranform_to_mongo.waiting_for_data scheduled__2022-10-01T00:00:00+00:00 [queued]>
[2023-10-17T11:24:01.734+0000] {taskinstance.py:1159} INFO - Dependencies all met for dep_context=requeueable deps ti=<TaskInstance: copy_tranform_to_mongo.waiting_for_data scheduled__2022-10-01T00:00:00+00:00 [queued]>
[2023-10-17T11:24:01.735+0000] {taskinstance.py:1361} INFO - Starting attempt 1 of 1
[2023-10-17T11:24:01.751+0000] {taskinstance.py:1382} INFO - Executing <Task(FileSensor): waiting_for_data> on 2022-10-01 00:00:00+00:00
[2023-10-17T11:24:01.760+0000] {standard_task_runner.py:57} INFO - Started process 1780 to run task
[2023-10-17T11:24:01.762+0000] {standard_task_runner.py:84} INFO - Running: ['***', 'tasks', 'run', 'copy_tranform_to_mongo', 'waiting_for_data', 'scheduled__2022-10-01T00:00:00+00:00', '--job-id', '643', '--raw', '--subdir', 'DAGS_FOLDER/file_***-mongo.py', '--cfg-path', '/tmp/tmp0bsd5rhr']
[2023-10-17T11:24:01.763+0000] {standard_task_runner.py:85} INFO - Job 643: Subtask waiting_for_data
[2023-10-17T11:24:01.807+0000] {task_command.py:416} INFO - Running <TaskInstance: copy_tranform_to_mongo.waiting_for_data scheduled__2022-10-01T00:00:00+00:00 [running]> on host 238c1d4ff767
[2023-10-17T11:24:01.867+0000] {taskinstance.py:1662} INFO - Exporting env vars: AIRFLOW_CTX_DAG_OWNER='***' AIRFLOW_CTX_DAG_ID='copy_tranform_to_mongo' AIRFLOW_CTX_TASK_ID='waiting_for_data' AIRFLOW_CTX_EXECUTION_DATE='2022-10-01T00:00:00+00:00' AIRFLOW_CTX_TRY_NUMBER='1' AIRFLOW_CTX_DAG_RUN_ID='scheduled__2022-10-01T00:00:00+00:00'
[2023-10-17T11:24:01.875+0000] {base.py:73} INFO - Using connection ID 'fs_default' for task execution.
[2023-10-17T11:24:01.875+0000] {filesystem.py:64} INFO - Poking for file /opt/in/tiktok_google_play_reviews.csv
[2023-10-17T11:24:01.875+0000] {filesystem.py:69} INFO - Found File /opt/in/tiktok_google_play_reviews.csv last modified: 20220405221612
[2023-10-17T11:24:01.875+0000] {base.py:287} INFO - Success criteria met. Exiting.
[2023-10-17T11:24:01.882+0000] {taskinstance.py:1400} INFO - Marking task as SUCCESS. dag_id=copy_tranform_to_mongo, task_id=waiting_for_data, execution_date=20221001T000000, start_date=20231017T112401, end_date=20231017T112401
[2023-10-17T11:24:01.934+0000] {local_task_job_runner.py:228} INFO - Task exited with return code 0
[2023-10-17T11:24:01.948+0000] {taskinstance.py:2778} INFO - 0 downstream tasks scheduled from follow-on schedule check
[2023-10-18T11:48:43.091+0000] {taskinstance.py:1159} INFO - Dependencies all met for dep_context=non-requeueable deps ti=<TaskInstance: copy_tranform_to_mongo.waiting_for_data scheduled__2022-10-01T00:00:00+00:00 [queued]>
[2023-10-18T11:48:43.104+0000] {taskinstance.py:1159} INFO - Dependencies all met for dep_context=requeueable deps ti=<TaskInstance: copy_tranform_to_mongo.waiting_for_data scheduled__2022-10-01T00:00:00+00:00 [queued]>
[2023-10-18T11:48:43.104+0000] {taskinstance.py:1361} INFO - Starting attempt 1 of 1
[2023-10-18T11:48:43.121+0000] {taskinstance.py:1382} INFO - Executing <Task(FileSensor): waiting_for_data> on 2022-10-01 00:00:00+00:00
[2023-10-18T11:48:43.128+0000] {standard_task_runner.py:57} INFO - Started process 3091 to run task
[2023-10-18T11:48:43.132+0000] {standard_task_runner.py:84} INFO - Running: ['***', 'tasks', 'run', 'copy_tranform_to_mongo', 'waiting_for_data', 'scheduled__2022-10-01T00:00:00+00:00', '--job-id', '1238', '--raw', '--subdir', 'DAGS_FOLDER/file_***-mongo.py', '--cfg-path', '/tmp/tmps3x3phv4']
[2023-10-18T11:48:43.133+0000] {standard_task_runner.py:85} INFO - Job 1238: Subtask waiting_for_data
[2023-10-18T11:48:43.190+0000] {task_command.py:416} INFO - Running <TaskInstance: copy_tranform_to_mongo.waiting_for_data scheduled__2022-10-01T00:00:00+00:00 [running]> on host 0e68aa52dfc7
[2023-10-18T11:48:43.316+0000] {taskinstance.py:1662} INFO - Exporting env vars: AIRFLOW_CTX_DAG_OWNER='***' AIRFLOW_CTX_DAG_ID='copy_tranform_to_mongo' AIRFLOW_CTX_TASK_ID='waiting_for_data' AIRFLOW_CTX_EXECUTION_DATE='2022-10-01T00:00:00+00:00' AIRFLOW_CTX_TRY_NUMBER='1' AIRFLOW_CTX_DAG_RUN_ID='scheduled__2022-10-01T00:00:00+00:00'
[2023-10-18T11:48:43.341+0000] {base.py:73} INFO - Using connection ID 'fs_default' for task execution.
[2023-10-18T11:48:43.341+0000] {filesystem.py:64} INFO - Poking for file /opt/in/tiktok_google_play_reviews.csv
[2023-10-18T11:48:43.341+0000] {filesystem.py:69} INFO - Found File /opt/in/tiktok_google_play_reviews.csv last modified: 20220405221612
[2023-10-18T11:48:43.341+0000] {base.py:287} INFO - Success criteria met. Exiting.
[2023-10-18T11:48:43.356+0000] {taskinstance.py:1400} INFO - Marking task as SUCCESS. dag_id=copy_tranform_to_mongo, task_id=waiting_for_data, execution_date=20221001T000000, start_date=20231018T114843, end_date=20231018T114843
[2023-10-18T11:48:43.388+0000] {local_task_job_runner.py:228} INFO - Task exited with return code 0
[2023-10-18T11:48:43.421+0000] {taskinstance.py:2778} INFO - 1 downstream tasks scheduled from follow-on schedule check
