[2023-10-17T11:27:19.150+0000] {taskinstance.py:1159} INFO - Dependencies all met for dep_context=non-requeueable deps ti=<TaskInstance: copy_tranform_to_mongo.waiting_for_data scheduled__2023-09-18T00:00:00+00:00 [queued]>
[2023-10-17T11:27:19.158+0000] {taskinstance.py:1159} INFO - Dependencies all met for dep_context=requeueable deps ti=<TaskInstance: copy_tranform_to_mongo.waiting_for_data scheduled__2023-09-18T00:00:00+00:00 [queued]>
[2023-10-17T11:27:19.159+0000] {taskinstance.py:1361} INFO - Starting attempt 1 of 1
[2023-10-17T11:27:19.171+0000] {taskinstance.py:1382} INFO - Executing <Task(FileSensor): waiting_for_data> on 2023-09-18 00:00:00+00:00
[2023-10-17T11:27:19.178+0000] {standard_task_runner.py:57} INFO - Started process 2533 to run task
[2023-10-17T11:27:19.180+0000] {standard_task_runner.py:84} INFO - Running: ['***', 'tasks', 'run', 'copy_tranform_to_mongo', 'waiting_for_data', 'scheduled__2023-09-18T00:00:00+00:00', '--job-id', '995', '--raw', '--subdir', 'DAGS_FOLDER/file_***-mongo.py', '--cfg-path', '/tmp/tmp63gr3b1l']
[2023-10-17T11:27:19.181+0000] {standard_task_runner.py:85} INFO - Job 995: Subtask waiting_for_data
[2023-10-17T11:27:19.218+0000] {task_command.py:416} INFO - Running <TaskInstance: copy_tranform_to_mongo.waiting_for_data scheduled__2023-09-18T00:00:00+00:00 [running]> on host 238c1d4ff767
[2023-10-17T11:27:19.275+0000] {taskinstance.py:1662} INFO - Exporting env vars: AIRFLOW_CTX_DAG_OWNER='***' AIRFLOW_CTX_DAG_ID='copy_tranform_to_mongo' AIRFLOW_CTX_TASK_ID='waiting_for_data' AIRFLOW_CTX_EXECUTION_DATE='2023-09-18T00:00:00+00:00' AIRFLOW_CTX_TRY_NUMBER='1' AIRFLOW_CTX_DAG_RUN_ID='scheduled__2023-09-18T00:00:00+00:00'
[2023-10-17T11:27:19.283+0000] {base.py:73} INFO - Using connection ID 'fs_default' for task execution.
[2023-10-17T11:27:19.283+0000] {filesystem.py:64} INFO - Poking for file /opt/in/tiktok_google_play_reviews.csv
[2023-10-17T11:27:19.284+0000] {filesystem.py:69} INFO - Found File /opt/in/tiktok_google_play_reviews.csv last modified: 20220405221612
[2023-10-17T11:27:19.284+0000] {base.py:287} INFO - Success criteria met. Exiting.
[2023-10-17T11:27:19.290+0000] {taskinstance.py:1400} INFO - Marking task as SUCCESS. dag_id=copy_tranform_to_mongo, task_id=waiting_for_data, execution_date=20230918T000000, start_date=20231017T112719, end_date=20231017T112719
[2023-10-17T11:27:19.313+0000] {local_task_job_runner.py:228} INFO - Task exited with return code 0
[2023-10-17T11:27:19.326+0000] {taskinstance.py:2778} INFO - 0 downstream tasks scheduled from follow-on schedule check
[2023-10-18T11:52:32.274+0000] {taskinstance.py:1159} INFO - Dependencies all met for dep_context=non-requeueable deps ti=<TaskInstance: copy_tranform_to_mongo.waiting_for_data scheduled__2023-09-18T00:00:00+00:00 [queued]>
[2023-10-18T11:52:32.285+0000] {taskinstance.py:1159} INFO - Dependencies all met for dep_context=requeueable deps ti=<TaskInstance: copy_tranform_to_mongo.waiting_for_data scheduled__2023-09-18T00:00:00+00:00 [queued]>
[2023-10-18T11:52:32.286+0000] {taskinstance.py:1361} INFO - Starting attempt 1 of 1
[2023-10-18T11:52:32.306+0000] {taskinstance.py:1382} INFO - Executing <Task(FileSensor): waiting_for_data> on 2023-09-18 00:00:00+00:00
[2023-10-18T11:52:32.315+0000] {standard_task_runner.py:57} INFO - Started process 4557 to run task
[2023-10-18T11:52:32.321+0000] {standard_task_runner.py:84} INFO - Running: ['***', 'tasks', 'run', 'copy_tranform_to_mongo', 'waiting_for_data', 'scheduled__2023-09-18T00:00:00+00:00', '--job-id', '1943', '--raw', '--subdir', 'DAGS_FOLDER/file_***-mongo.py', '--cfg-path', '/tmp/tmpsv1hil3o']
[2023-10-18T11:52:32.323+0000] {standard_task_runner.py:85} INFO - Job 1943: Subtask waiting_for_data
[2023-10-18T11:52:32.391+0000] {task_command.py:416} INFO - Running <TaskInstance: copy_tranform_to_mongo.waiting_for_data scheduled__2023-09-18T00:00:00+00:00 [running]> on host 0e68aa52dfc7
[2023-10-18T11:52:32.465+0000] {taskinstance.py:1662} INFO - Exporting env vars: AIRFLOW_CTX_DAG_OWNER='***' AIRFLOW_CTX_DAG_ID='copy_tranform_to_mongo' AIRFLOW_CTX_TASK_ID='waiting_for_data' AIRFLOW_CTX_EXECUTION_DATE='2023-09-18T00:00:00+00:00' AIRFLOW_CTX_TRY_NUMBER='1' AIRFLOW_CTX_DAG_RUN_ID='scheduled__2023-09-18T00:00:00+00:00'
[2023-10-18T11:52:32.475+0000] {base.py:73} INFO - Using connection ID 'fs_default' for task execution.
[2023-10-18T11:52:32.475+0000] {filesystem.py:64} INFO - Poking for file /opt/in/tiktok_google_play_reviews.csv
[2023-10-18T11:52:32.476+0000] {filesystem.py:69} INFO - Found File /opt/in/tiktok_google_play_reviews.csv last modified: 20220405221612
[2023-10-18T11:52:32.476+0000] {base.py:287} INFO - Success criteria met. Exiting.
[2023-10-18T11:52:32.487+0000] {taskinstance.py:1400} INFO - Marking task as SUCCESS. dag_id=copy_tranform_to_mongo, task_id=waiting_for_data, execution_date=20230918T000000, start_date=20231018T115232, end_date=20231018T115232
[2023-10-18T11:52:32.539+0000] {local_task_job_runner.py:228} INFO - Task exited with return code 0
[2023-10-18T11:52:32.588+0000] {taskinstance.py:2778} INFO - 0 downstream tasks scheduled from follow-on schedule check
