[2023-10-17T11:24:04.672+0000] {taskinstance.py:1159} INFO - Dependencies all met for dep_context=non-requeueable deps ti=<TaskInstance: copy_tranform_to_mongo.waiting_for_data scheduled__2022-10-08T00:00:00+00:00 [queued]>
[2023-10-17T11:24:04.679+0000] {taskinstance.py:1159} INFO - Dependencies all met for dep_context=requeueable deps ti=<TaskInstance: copy_tranform_to_mongo.waiting_for_data scheduled__2022-10-08T00:00:00+00:00 [queued]>
[2023-10-17T11:24:04.680+0000] {taskinstance.py:1361} INFO - Starting attempt 1 of 1
[2023-10-17T11:24:04.689+0000] {taskinstance.py:1382} INFO - Executing <Task(FileSensor): waiting_for_data> on 2022-10-08 00:00:00+00:00
[2023-10-17T11:24:04.694+0000] {standard_task_runner.py:57} INFO - Started process 1794 to run task
[2023-10-17T11:24:04.696+0000] {standard_task_runner.py:84} INFO - Running: ['***', 'tasks', 'run', 'copy_tranform_to_mongo', 'waiting_for_data', 'scheduled__2022-10-08T00:00:00+00:00', '--job-id', '650', '--raw', '--subdir', 'DAGS_FOLDER/file_***-mongo.py', '--cfg-path', '/tmp/tmps2h2m_6q']
[2023-10-17T11:24:04.697+0000] {standard_task_runner.py:85} INFO - Job 650: Subtask waiting_for_data
[2023-10-17T11:24:04.732+0000] {task_command.py:416} INFO - Running <TaskInstance: copy_tranform_to_mongo.waiting_for_data scheduled__2022-10-08T00:00:00+00:00 [running]> on host 238c1d4ff767
[2023-10-17T11:24:04.802+0000] {taskinstance.py:1662} INFO - Exporting env vars: AIRFLOW_CTX_DAG_OWNER='***' AIRFLOW_CTX_DAG_ID='copy_tranform_to_mongo' AIRFLOW_CTX_TASK_ID='waiting_for_data' AIRFLOW_CTX_EXECUTION_DATE='2022-10-08T00:00:00+00:00' AIRFLOW_CTX_TRY_NUMBER='1' AIRFLOW_CTX_DAG_RUN_ID='scheduled__2022-10-08T00:00:00+00:00'
[2023-10-17T11:24:04.812+0000] {base.py:73} INFO - Using connection ID 'fs_default' for task execution.
[2023-10-17T11:24:04.812+0000] {filesystem.py:64} INFO - Poking for file /opt/in/tiktok_google_play_reviews.csv
[2023-10-17T11:24:04.812+0000] {filesystem.py:69} INFO - Found File /opt/in/tiktok_google_play_reviews.csv last modified: 20220405221612
[2023-10-17T11:24:04.812+0000] {base.py:287} INFO - Success criteria met. Exiting.
[2023-10-17T11:24:04.821+0000] {taskinstance.py:1400} INFO - Marking task as SUCCESS. dag_id=copy_tranform_to_mongo, task_id=waiting_for_data, execution_date=20221008T000000, start_date=20231017T112404, end_date=20231017T112404
[2023-10-17T11:24:04.869+0000] {local_task_job_runner.py:228} INFO - Task exited with return code 0
[2023-10-17T11:24:04.890+0000] {taskinstance.py:2778} INFO - 0 downstream tasks scheduled from follow-on schedule check
[2023-10-18T11:48:46.477+0000] {taskinstance.py:1159} INFO - Dependencies all met for dep_context=non-requeueable deps ti=<TaskInstance: copy_tranform_to_mongo.waiting_for_data scheduled__2022-10-08T00:00:00+00:00 [queued]>
[2023-10-18T11:48:46.490+0000] {taskinstance.py:1159} INFO - Dependencies all met for dep_context=requeueable deps ti=<TaskInstance: copy_tranform_to_mongo.waiting_for_data scheduled__2022-10-08T00:00:00+00:00 [queued]>
[2023-10-18T11:48:46.490+0000] {taskinstance.py:1361} INFO - Starting attempt 1 of 1
[2023-10-18T11:48:46.510+0000] {taskinstance.py:1382} INFO - Executing <Task(FileSensor): waiting_for_data> on 2022-10-08 00:00:00+00:00
[2023-10-18T11:48:46.518+0000] {standard_task_runner.py:57} INFO - Started process 3119 to run task
[2023-10-18T11:48:46.523+0000] {standard_task_runner.py:84} INFO - Running: ['***', 'tasks', 'run', 'copy_tranform_to_mongo', 'waiting_for_data', 'scheduled__2022-10-08T00:00:00+00:00', '--job-id', '1253', '--raw', '--subdir', 'DAGS_FOLDER/file_***-mongo.py', '--cfg-path', '/tmp/tmp8_8jtr0d']
[2023-10-18T11:48:46.525+0000] {standard_task_runner.py:85} INFO - Job 1253: Subtask waiting_for_data
[2023-10-18T11:48:46.599+0000] {task_command.py:416} INFO - Running <TaskInstance: copy_tranform_to_mongo.waiting_for_data scheduled__2022-10-08T00:00:00+00:00 [running]> on host 0e68aa52dfc7
[2023-10-18T11:48:46.700+0000] {taskinstance.py:1662} INFO - Exporting env vars: AIRFLOW_CTX_DAG_OWNER='***' AIRFLOW_CTX_DAG_ID='copy_tranform_to_mongo' AIRFLOW_CTX_TASK_ID='waiting_for_data' AIRFLOW_CTX_EXECUTION_DATE='2022-10-08T00:00:00+00:00' AIRFLOW_CTX_TRY_NUMBER='1' AIRFLOW_CTX_DAG_RUN_ID='scheduled__2022-10-08T00:00:00+00:00'
[2023-10-18T11:48:46.715+0000] {base.py:73} INFO - Using connection ID 'fs_default' for task execution.
[2023-10-18T11:48:46.716+0000] {filesystem.py:64} INFO - Poking for file /opt/in/tiktok_google_play_reviews.csv
[2023-10-18T11:48:46.716+0000] {filesystem.py:69} INFO - Found File /opt/in/tiktok_google_play_reviews.csv last modified: 20220405221612
[2023-10-18T11:48:46.716+0000] {base.py:287} INFO - Success criteria met. Exiting.
[2023-10-18T11:48:46.727+0000] {taskinstance.py:1400} INFO - Marking task as SUCCESS. dag_id=copy_tranform_to_mongo, task_id=waiting_for_data, execution_date=20221008T000000, start_date=20231018T114846, end_date=20231018T114846
[2023-10-18T11:48:46.791+0000] {local_task_job_runner.py:228} INFO - Task exited with return code 0
[2023-10-18T11:48:46.832+0000] {taskinstance.py:2778} INFO - 1 downstream tasks scheduled from follow-on schedule check
