[2023-10-17T11:22:02.892+0000] {taskinstance.py:1159} INFO - Dependencies all met for dep_context=non-requeueable deps ti=<TaskInstance: copy_tranform_to_mongo.waiting_for_data scheduled__2022-02-23T00:00:00+00:00 [queued]>
[2023-10-17T11:22:02.899+0000] {taskinstance.py:1159} INFO - Dependencies all met for dep_context=requeueable deps ti=<TaskInstance: copy_tranform_to_mongo.waiting_for_data scheduled__2022-02-23T00:00:00+00:00 [queued]>
[2023-10-17T11:22:02.899+0000] {taskinstance.py:1361} INFO - Starting attempt 1 of 1
[2023-10-17T11:22:02.920+0000] {taskinstance.py:1382} INFO - Executing <Task(FileSensor): waiting_for_data> on 2022-02-23 00:00:00+00:00
[2023-10-17T11:22:02.928+0000] {standard_task_runner.py:57} INFO - Started process 1310 to run task
[2023-10-17T11:22:02.931+0000] {standard_task_runner.py:84} INFO - Running: ['***', 'tasks', 'run', 'copy_tranform_to_mongo', 'waiting_for_data', 'scheduled__2022-02-23T00:00:00+00:00', '--job-id', '423', '--raw', '--subdir', 'DAGS_FOLDER/file_***-mongo.py', '--cfg-path', '/tmp/tmpqa2k5tlz']
[2023-10-17T11:22:02.932+0000] {standard_task_runner.py:85} INFO - Job 423: Subtask waiting_for_data
[2023-10-17T11:22:02.974+0000] {task_command.py:416} INFO - Running <TaskInstance: copy_tranform_to_mongo.waiting_for_data scheduled__2022-02-23T00:00:00+00:00 [running]> on host 238c1d4ff767
[2023-10-17T11:22:03.052+0000] {taskinstance.py:1662} INFO - Exporting env vars: AIRFLOW_CTX_DAG_OWNER='***' AIRFLOW_CTX_DAG_ID='copy_tranform_to_mongo' AIRFLOW_CTX_TASK_ID='waiting_for_data' AIRFLOW_CTX_EXECUTION_DATE='2022-02-23T00:00:00+00:00' AIRFLOW_CTX_TRY_NUMBER='1' AIRFLOW_CTX_DAG_RUN_ID='scheduled__2022-02-23T00:00:00+00:00'
[2023-10-17T11:22:03.062+0000] {base.py:73} INFO - Using connection ID 'fs_default' for task execution.
[2023-10-17T11:22:03.063+0000] {filesystem.py:64} INFO - Poking for file /opt/in/tiktok_google_play_reviews.csv
[2023-10-17T11:22:03.063+0000] {filesystem.py:69} INFO - Found File /opt/in/tiktok_google_play_reviews.csv last modified: 20220405221612
[2023-10-17T11:22:03.063+0000] {base.py:287} INFO - Success criteria met. Exiting.
[2023-10-17T11:22:03.072+0000] {taskinstance.py:1400} INFO - Marking task as SUCCESS. dag_id=copy_tranform_to_mongo, task_id=waiting_for_data, execution_date=20220223T000000, start_date=20231017T112202, end_date=20231017T112203
[2023-10-17T11:22:03.103+0000] {local_task_job_runner.py:228} INFO - Task exited with return code 0
[2023-10-17T11:22:03.120+0000] {taskinstance.py:2778} INFO - 0 downstream tasks scheduled from follow-on schedule check
[2023-10-18T11:46:28.464+0000] {taskinstance.py:1159} INFO - Dependencies all met for dep_context=non-requeueable deps ti=<TaskInstance: copy_tranform_to_mongo.waiting_for_data scheduled__2022-02-23T00:00:00+00:00 [queued]>
[2023-10-18T11:46:28.473+0000] {taskinstance.py:1159} INFO - Dependencies all met for dep_context=requeueable deps ti=<TaskInstance: copy_tranform_to_mongo.waiting_for_data scheduled__2022-02-23T00:00:00+00:00 [queued]>
[2023-10-18T11:46:28.473+0000] {taskinstance.py:1361} INFO - Starting attempt 1 of 1
[2023-10-18T11:46:28.488+0000] {taskinstance.py:1382} INFO - Executing <Task(FileSensor): waiting_for_data> on 2022-02-23 00:00:00+00:00
[2023-10-18T11:46:28.496+0000] {standard_task_runner.py:57} INFO - Started process 2178 to run task
[2023-10-18T11:46:28.500+0000] {standard_task_runner.py:84} INFO - Running: ['***', 'tasks', 'run', 'copy_tranform_to_mongo', 'waiting_for_data', 'scheduled__2022-02-23T00:00:00+00:00', '--job-id', '802', '--raw', '--subdir', 'DAGS_FOLDER/file_***-mongo.py', '--cfg-path', '/tmp/tmpvoe99w7g']
[2023-10-18T11:46:28.501+0000] {standard_task_runner.py:85} INFO - Job 802: Subtask waiting_for_data
[2023-10-18T11:46:28.547+0000] {task_command.py:416} INFO - Running <TaskInstance: copy_tranform_to_mongo.waiting_for_data scheduled__2022-02-23T00:00:00+00:00 [running]> on host 0e68aa52dfc7
[2023-10-18T11:46:28.613+0000] {taskinstance.py:1662} INFO - Exporting env vars: AIRFLOW_CTX_DAG_OWNER='***' AIRFLOW_CTX_DAG_ID='copy_tranform_to_mongo' AIRFLOW_CTX_TASK_ID='waiting_for_data' AIRFLOW_CTX_EXECUTION_DATE='2022-02-23T00:00:00+00:00' AIRFLOW_CTX_TRY_NUMBER='1' AIRFLOW_CTX_DAG_RUN_ID='scheduled__2022-02-23T00:00:00+00:00'
[2023-10-18T11:46:28.622+0000] {base.py:73} INFO - Using connection ID 'fs_default' for task execution.
[2023-10-18T11:46:28.622+0000] {filesystem.py:64} INFO - Poking for file /opt/in/tiktok_google_play_reviews.csv
[2023-10-18T11:46:28.623+0000] {filesystem.py:69} INFO - Found File /opt/in/tiktok_google_play_reviews.csv last modified: 20220405221612
[2023-10-18T11:46:28.623+0000] {base.py:287} INFO - Success criteria met. Exiting.
[2023-10-18T11:46:28.635+0000] {taskinstance.py:1400} INFO - Marking task as SUCCESS. dag_id=copy_tranform_to_mongo, task_id=waiting_for_data, execution_date=20220223T000000, start_date=20231018T114628, end_date=20231018T114628
[2023-10-18T11:46:28.672+0000] {local_task_job_runner.py:228} INFO - Task exited with return code 0
[2023-10-18T11:46:28.702+0000] {taskinstance.py:2778} INFO - 1 downstream tasks scheduled from follow-on schedule check
