[2023-10-17T11:26:43.424+0000] {taskinstance.py:1159} INFO - Dependencies all met for dep_context=non-requeueable deps ti=<TaskInstance: copy_tranform_to_mongo.waiting_for_data scheduled__2023-07-14T00:00:00+00:00 [queued]>
[2023-10-17T11:26:43.434+0000] {taskinstance.py:1159} INFO - Dependencies all met for dep_context=requeueable deps ti=<TaskInstance: copy_tranform_to_mongo.waiting_for_data scheduled__2023-07-14T00:00:00+00:00 [queued]>
[2023-10-17T11:26:43.434+0000] {taskinstance.py:1361} INFO - Starting attempt 1 of 1
[2023-10-17T11:26:43.469+0000] {taskinstance.py:1382} INFO - Executing <Task(FileSensor): waiting_for_data> on 2023-07-14 00:00:00+00:00
[2023-10-17T11:26:43.477+0000] {standard_task_runner.py:57} INFO - Started process 2394 to run task
[2023-10-17T11:26:43.480+0000] {standard_task_runner.py:84} INFO - Running: ['***', 'tasks', 'run', 'copy_tranform_to_mongo', 'waiting_for_data', 'scheduled__2023-07-14T00:00:00+00:00', '--job-id', '929', '--raw', '--subdir', 'DAGS_FOLDER/file_***-mongo.py', '--cfg-path', '/tmp/tmpuhbc3727']
[2023-10-17T11:26:43.481+0000] {standard_task_runner.py:85} INFO - Job 929: Subtask waiting_for_data
[2023-10-17T11:26:43.517+0000] {task_command.py:416} INFO - Running <TaskInstance: copy_tranform_to_mongo.waiting_for_data scheduled__2023-07-14T00:00:00+00:00 [running]> on host 238c1d4ff767
[2023-10-17T11:26:43.585+0000] {taskinstance.py:1662} INFO - Exporting env vars: AIRFLOW_CTX_DAG_OWNER='***' AIRFLOW_CTX_DAG_ID='copy_tranform_to_mongo' AIRFLOW_CTX_TASK_ID='waiting_for_data' AIRFLOW_CTX_EXECUTION_DATE='2023-07-14T00:00:00+00:00' AIRFLOW_CTX_TRY_NUMBER='1' AIRFLOW_CTX_DAG_RUN_ID='scheduled__2023-07-14T00:00:00+00:00'
[2023-10-17T11:26:43.591+0000] {base.py:73} INFO - Using connection ID 'fs_default' for task execution.
[2023-10-17T11:26:43.592+0000] {filesystem.py:64} INFO - Poking for file /opt/in/tiktok_google_play_reviews.csv
[2023-10-17T11:26:43.592+0000] {filesystem.py:69} INFO - Found File /opt/in/tiktok_google_play_reviews.csv last modified: 20220405221612
[2023-10-17T11:26:43.592+0000] {base.py:287} INFO - Success criteria met. Exiting.
[2023-10-17T11:26:43.599+0000] {taskinstance.py:1400} INFO - Marking task as SUCCESS. dag_id=copy_tranform_to_mongo, task_id=waiting_for_data, execution_date=20230714T000000, start_date=20231017T112643, end_date=20231017T112643
[2023-10-17T11:26:43.652+0000] {local_task_job_runner.py:228} INFO - Task exited with return code 0
[2023-10-17T11:26:43.670+0000] {taskinstance.py:2778} INFO - 0 downstream tasks scheduled from follow-on schedule check
[2023-10-18T11:51:56.569+0000] {taskinstance.py:1159} INFO - Dependencies all met for dep_context=non-requeueable deps ti=<TaskInstance: copy_tranform_to_mongo.waiting_for_data scheduled__2023-07-14T00:00:00+00:00 [queued]>
[2023-10-18T11:51:56.580+0000] {taskinstance.py:1159} INFO - Dependencies all met for dep_context=requeueable deps ti=<TaskInstance: copy_tranform_to_mongo.waiting_for_data scheduled__2023-07-14T00:00:00+00:00 [queued]>
[2023-10-18T11:51:56.580+0000] {taskinstance.py:1361} INFO - Starting attempt 1 of 1
[2023-10-18T11:51:56.598+0000] {taskinstance.py:1382} INFO - Executing <Task(FileSensor): waiting_for_data> on 2023-07-14 00:00:00+00:00
[2023-10-18T11:51:56.607+0000] {standard_task_runner.py:57} INFO - Started process 4282 to run task
[2023-10-18T11:51:56.611+0000] {standard_task_runner.py:84} INFO - Running: ['***', 'tasks', 'run', 'copy_tranform_to_mongo', 'waiting_for_data', 'scheduled__2023-07-14T00:00:00+00:00', '--job-id', '1810', '--raw', '--subdir', 'DAGS_FOLDER/file_***-mongo.py', '--cfg-path', '/tmp/tmppz3h7dcd']
[2023-10-18T11:51:56.612+0000] {standard_task_runner.py:85} INFO - Job 1810: Subtask waiting_for_data
[2023-10-18T11:51:56.675+0000] {task_command.py:416} INFO - Running <TaskInstance: copy_tranform_to_mongo.waiting_for_data scheduled__2023-07-14T00:00:00+00:00 [running]> on host 0e68aa52dfc7
[2023-10-18T11:51:56.770+0000] {taskinstance.py:1662} INFO - Exporting env vars: AIRFLOW_CTX_DAG_OWNER='***' AIRFLOW_CTX_DAG_ID='copy_tranform_to_mongo' AIRFLOW_CTX_TASK_ID='waiting_for_data' AIRFLOW_CTX_EXECUTION_DATE='2023-07-14T00:00:00+00:00' AIRFLOW_CTX_TRY_NUMBER='1' AIRFLOW_CTX_DAG_RUN_ID='scheduled__2023-07-14T00:00:00+00:00'
[2023-10-18T11:51:56.783+0000] {base.py:73} INFO - Using connection ID 'fs_default' for task execution.
[2023-10-18T11:51:56.784+0000] {filesystem.py:64} INFO - Poking for file /opt/in/tiktok_google_play_reviews.csv
[2023-10-18T11:51:56.784+0000] {filesystem.py:69} INFO - Found File /opt/in/tiktok_google_play_reviews.csv last modified: 20220405221612
[2023-10-18T11:51:56.784+0000] {base.py:287} INFO - Success criteria met. Exiting.
[2023-10-18T11:51:56.792+0000] {taskinstance.py:1400} INFO - Marking task as SUCCESS. dag_id=copy_tranform_to_mongo, task_id=waiting_for_data, execution_date=20230714T000000, start_date=20231018T115156, end_date=20231018T115156
[2023-10-18T11:51:56.862+0000] {local_task_job_runner.py:228} INFO - Task exited with return code 0
[2023-10-18T11:51:56.896+0000] {taskinstance.py:2778} INFO - 1 downstream tasks scheduled from follow-on schedule check
