[2023-10-17T11:21:32.342+0000] {taskinstance.py:1159} INFO - Dependencies all met for dep_context=non-requeueable deps ti=<TaskInstance: copy_tranform_to_mongo.waiting_for_data scheduled__2021-12-18T00:00:00+00:00 [queued]>
[2023-10-17T11:21:32.348+0000] {taskinstance.py:1159} INFO - Dependencies all met for dep_context=requeueable deps ti=<TaskInstance: copy_tranform_to_mongo.waiting_for_data scheduled__2021-12-18T00:00:00+00:00 [queued]>
[2023-10-17T11:21:32.348+0000] {taskinstance.py:1361} INFO - Starting attempt 1 of 1
[2023-10-17T11:21:32.356+0000] {taskinstance.py:1382} INFO - Executing <Task(FileSensor): waiting_for_data> on 2021-12-18 00:00:00+00:00
[2023-10-17T11:21:32.361+0000] {standard_task_runner.py:57} INFO - Started process 1167 to run task
[2023-10-17T11:21:32.363+0000] {standard_task_runner.py:84} INFO - Running: ['***', 'tasks', 'run', 'copy_tranform_to_mongo', 'waiting_for_data', 'scheduled__2021-12-18T00:00:00+00:00', '--job-id', '356', '--raw', '--subdir', 'DAGS_FOLDER/file_***-mongo.py', '--cfg-path', '/tmp/tmpj8sx2y0b']
[2023-10-17T11:21:32.364+0000] {standard_task_runner.py:85} INFO - Job 356: Subtask waiting_for_data
[2023-10-17T11:21:32.395+0000] {task_command.py:416} INFO - Running <TaskInstance: copy_tranform_to_mongo.waiting_for_data scheduled__2021-12-18T00:00:00+00:00 [running]> on host 238c1d4ff767
[2023-10-17T11:21:32.450+0000] {taskinstance.py:1662} INFO - Exporting env vars: AIRFLOW_CTX_DAG_OWNER='***' AIRFLOW_CTX_DAG_ID='copy_tranform_to_mongo' AIRFLOW_CTX_TASK_ID='waiting_for_data' AIRFLOW_CTX_EXECUTION_DATE='2021-12-18T00:00:00+00:00' AIRFLOW_CTX_TRY_NUMBER='1' AIRFLOW_CTX_DAG_RUN_ID='scheduled__2021-12-18T00:00:00+00:00'
[2023-10-17T11:21:32.456+0000] {base.py:73} INFO - Using connection ID 'fs_default' for task execution.
[2023-10-17T11:21:32.456+0000] {filesystem.py:64} INFO - Poking for file /opt/in/tiktok_google_play_reviews.csv
[2023-10-17T11:21:32.456+0000] {filesystem.py:69} INFO - Found File /opt/in/tiktok_google_play_reviews.csv last modified: 20220405221612
[2023-10-17T11:21:32.456+0000] {base.py:287} INFO - Success criteria met. Exiting.
[2023-10-17T11:21:32.462+0000] {taskinstance.py:1400} INFO - Marking task as SUCCESS. dag_id=copy_tranform_to_mongo, task_id=waiting_for_data, execution_date=20211218T000000, start_date=20231017T112132, end_date=20231017T112132
[2023-10-17T11:21:32.495+0000] {local_task_job_runner.py:228} INFO - Task exited with return code 0
[2023-10-17T11:21:32.518+0000] {taskinstance.py:2778} INFO - 0 downstream tasks scheduled from follow-on schedule check
[2023-10-18T11:45:45.029+0000] {taskinstance.py:1159} INFO - Dependencies all met for dep_context=non-requeueable deps ti=<TaskInstance: copy_tranform_to_mongo.waiting_for_data scheduled__2021-12-18T00:00:00+00:00 [queued]>
[2023-10-18T11:45:45.043+0000] {taskinstance.py:1159} INFO - Dependencies all met for dep_context=requeueable deps ti=<TaskInstance: copy_tranform_to_mongo.waiting_for_data scheduled__2021-12-18T00:00:00+00:00 [queued]>
[2023-10-18T11:45:45.043+0000] {taskinstance.py:1361} INFO - Starting attempt 1 of 1
[2023-10-18T11:45:45.060+0000] {taskinstance.py:1382} INFO - Executing <Task(FileSensor): waiting_for_data> on 2021-12-18 00:00:00+00:00
[2023-10-18T11:45:45.068+0000] {standard_task_runner.py:57} INFO - Started process 1900 to run task
[2023-10-18T11:45:45.075+0000] {standard_task_runner.py:84} INFO - Running: ['***', 'tasks', 'run', 'copy_tranform_to_mongo', 'waiting_for_data', 'scheduled__2021-12-18T00:00:00+00:00', '--job-id', '667', '--raw', '--subdir', 'DAGS_FOLDER/file_***-mongo.py', '--cfg-path', '/tmp/tmp6awhuvh8']
[2023-10-18T11:45:45.076+0000] {standard_task_runner.py:85} INFO - Job 667: Subtask waiting_for_data
[2023-10-18T11:45:45.126+0000] {task_command.py:416} INFO - Running <TaskInstance: copy_tranform_to_mongo.waiting_for_data scheduled__2021-12-18T00:00:00+00:00 [running]> on host 0e68aa52dfc7
[2023-10-18T11:45:45.195+0000] {taskinstance.py:1662} INFO - Exporting env vars: AIRFLOW_CTX_DAG_OWNER='***' AIRFLOW_CTX_DAG_ID='copy_tranform_to_mongo' AIRFLOW_CTX_TASK_ID='waiting_for_data' AIRFLOW_CTX_EXECUTION_DATE='2021-12-18T00:00:00+00:00' AIRFLOW_CTX_TRY_NUMBER='1' AIRFLOW_CTX_DAG_RUN_ID='scheduled__2021-12-18T00:00:00+00:00'
[2023-10-18T11:45:45.206+0000] {base.py:73} INFO - Using connection ID 'fs_default' for task execution.
[2023-10-18T11:45:45.207+0000] {filesystem.py:64} INFO - Poking for file /opt/in/tiktok_google_play_reviews.csv
[2023-10-18T11:45:45.207+0000] {filesystem.py:69} INFO - Found File /opt/in/tiktok_google_play_reviews.csv last modified: 20220405221612
[2023-10-18T11:45:45.208+0000] {base.py:287} INFO - Success criteria met. Exiting.
[2023-10-18T11:45:45.218+0000] {taskinstance.py:1400} INFO - Marking task as SUCCESS. dag_id=copy_tranform_to_mongo, task_id=waiting_for_data, execution_date=20211218T000000, start_date=20231018T114545, end_date=20231018T114545
[2023-10-18T11:45:45.248+0000] {local_task_job_runner.py:228} INFO - Task exited with return code 0
[2023-10-18T11:45:45.278+0000] {taskinstance.py:2778} INFO - 1 downstream tasks scheduled from follow-on schedule check
