[2023-10-17T11:26:49.891+0000] {taskinstance.py:1159} INFO - Dependencies all met for dep_context=non-requeueable deps ti=<TaskInstance: copy_tranform_to_mongo.waiting_for_data scheduled__2023-07-29T00:00:00+00:00 [queued]>
[2023-10-17T11:26:49.896+0000] {taskinstance.py:1159} INFO - Dependencies all met for dep_context=requeueable deps ti=<TaskInstance: copy_tranform_to_mongo.waiting_for_data scheduled__2023-07-29T00:00:00+00:00 [queued]>
[2023-10-17T11:26:49.896+0000] {taskinstance.py:1361} INFO - Starting attempt 1 of 1
[2023-10-17T11:26:49.905+0000] {taskinstance.py:1382} INFO - Executing <Task(FileSensor): waiting_for_data> on 2023-07-29 00:00:00+00:00
[2023-10-17T11:26:49.909+0000] {standard_task_runner.py:57} INFO - Started process 2422 to run task
[2023-10-17T11:26:49.911+0000] {standard_task_runner.py:84} INFO - Running: ['***', 'tasks', 'run', 'copy_tranform_to_mongo', 'waiting_for_data', 'scheduled__2023-07-29T00:00:00+00:00', '--job-id', '944', '--raw', '--subdir', 'DAGS_FOLDER/file_***-mongo.py', '--cfg-path', '/tmp/tmpkgt4t2rn']
[2023-10-17T11:26:49.912+0000] {standard_task_runner.py:85} INFO - Job 944: Subtask waiting_for_data
[2023-10-17T11:26:49.942+0000] {task_command.py:416} INFO - Running <TaskInstance: copy_tranform_to_mongo.waiting_for_data scheduled__2023-07-29T00:00:00+00:00 [running]> on host 238c1d4ff767
[2023-10-17T11:26:49.994+0000] {taskinstance.py:1662} INFO - Exporting env vars: AIRFLOW_CTX_DAG_OWNER='***' AIRFLOW_CTX_DAG_ID='copy_tranform_to_mongo' AIRFLOW_CTX_TASK_ID='waiting_for_data' AIRFLOW_CTX_EXECUTION_DATE='2023-07-29T00:00:00+00:00' AIRFLOW_CTX_TRY_NUMBER='1' AIRFLOW_CTX_DAG_RUN_ID='scheduled__2023-07-29T00:00:00+00:00'
[2023-10-17T11:26:50.001+0000] {base.py:73} INFO - Using connection ID 'fs_default' for task execution.
[2023-10-17T11:26:50.001+0000] {filesystem.py:64} INFO - Poking for file /opt/in/tiktok_google_play_reviews.csv
[2023-10-17T11:26:50.001+0000] {filesystem.py:69} INFO - Found File /opt/in/tiktok_google_play_reviews.csv last modified: 20220405221612
[2023-10-17T11:26:50.001+0000] {base.py:287} INFO - Success criteria met. Exiting.
[2023-10-17T11:26:50.007+0000] {taskinstance.py:1400} INFO - Marking task as SUCCESS. dag_id=copy_tranform_to_mongo, task_id=waiting_for_data, execution_date=20230729T000000, start_date=20231017T112649, end_date=20231017T112650
[2023-10-17T11:26:50.043+0000] {local_task_job_runner.py:228} INFO - Task exited with return code 0
[2023-10-17T11:26:50.069+0000] {taskinstance.py:2778} INFO - 0 downstream tasks scheduled from follow-on schedule check
[2023-10-18T11:52:05.551+0000] {taskinstance.py:1159} INFO - Dependencies all met for dep_context=non-requeueable deps ti=<TaskInstance: copy_tranform_to_mongo.waiting_for_data scheduled__2023-07-29T00:00:00+00:00 [queued]>
[2023-10-18T11:52:05.563+0000] {taskinstance.py:1159} INFO - Dependencies all met for dep_context=requeueable deps ti=<TaskInstance: copy_tranform_to_mongo.waiting_for_data scheduled__2023-07-29T00:00:00+00:00 [queued]>
[2023-10-18T11:52:05.564+0000] {taskinstance.py:1361} INFO - Starting attempt 1 of 1
[2023-10-18T11:52:05.579+0000] {taskinstance.py:1382} INFO - Executing <Task(FileSensor): waiting_for_data> on 2023-07-29 00:00:00+00:00
[2023-10-18T11:52:05.587+0000] {standard_task_runner.py:57} INFO - Started process 4345 to run task
[2023-10-18T11:52:05.590+0000] {standard_task_runner.py:84} INFO - Running: ['***', 'tasks', 'run', 'copy_tranform_to_mongo', 'waiting_for_data', 'scheduled__2023-07-29T00:00:00+00:00', '--job-id', '1841', '--raw', '--subdir', 'DAGS_FOLDER/file_***-mongo.py', '--cfg-path', '/tmp/tmpdyidt2k6']
[2023-10-18T11:52:05.591+0000] {standard_task_runner.py:85} INFO - Job 1841: Subtask waiting_for_data
[2023-10-18T11:52:05.641+0000] {task_command.py:416} INFO - Running <TaskInstance: copy_tranform_to_mongo.waiting_for_data scheduled__2023-07-29T00:00:00+00:00 [running]> on host 0e68aa52dfc7
[2023-10-18T11:52:05.719+0000] {taskinstance.py:1662} INFO - Exporting env vars: AIRFLOW_CTX_DAG_OWNER='***' AIRFLOW_CTX_DAG_ID='copy_tranform_to_mongo' AIRFLOW_CTX_TASK_ID='waiting_for_data' AIRFLOW_CTX_EXECUTION_DATE='2023-07-29T00:00:00+00:00' AIRFLOW_CTX_TRY_NUMBER='1' AIRFLOW_CTX_DAG_RUN_ID='scheduled__2023-07-29T00:00:00+00:00'
[2023-10-18T11:52:05.729+0000] {base.py:73} INFO - Using connection ID 'fs_default' for task execution.
[2023-10-18T11:52:05.730+0000] {filesystem.py:64} INFO - Poking for file /opt/in/tiktok_google_play_reviews.csv
[2023-10-18T11:52:05.731+0000] {filesystem.py:69} INFO - Found File /opt/in/tiktok_google_play_reviews.csv last modified: 20220405221612
[2023-10-18T11:52:05.731+0000] {base.py:287} INFO - Success criteria met. Exiting.
[2023-10-18T11:52:05.743+0000] {taskinstance.py:1400} INFO - Marking task as SUCCESS. dag_id=copy_tranform_to_mongo, task_id=waiting_for_data, execution_date=20230729T000000, start_date=20231018T115205, end_date=20231018T115205
[2023-10-18T11:52:05.803+0000] {local_task_job_runner.py:228} INFO - Task exited with return code 0
[2023-10-18T11:52:05.838+0000] {taskinstance.py:2778} INFO - 1 downstream tasks scheduled from follow-on schedule check
