[2023-10-17T11:18:54.490+0000] {taskinstance.py:1159} INFO - Dependencies all met for dep_context=non-requeueable deps ti=<TaskInstance: copy_tranform_to_mongo.waiting_for_data scheduled__2021-01-29T00:00:00+00:00 [queued]>
[2023-10-17T11:18:54.497+0000] {taskinstance.py:1159} INFO - Dependencies all met for dep_context=requeueable deps ti=<TaskInstance: copy_tranform_to_mongo.waiting_for_data scheduled__2021-01-29T00:00:00+00:00 [queued]>
[2023-10-17T11:18:54.498+0000] {taskinstance.py:1361} INFO - Starting attempt 1 of 1
[2023-10-17T11:18:54.512+0000] {taskinstance.py:1382} INFO - Executing <Task(FileSensor): waiting_for_data> on 2021-01-29 00:00:00+00:00
[2023-10-17T11:18:54.520+0000] {standard_task_runner.py:57} INFO - Started process 483 to run task
[2023-10-17T11:18:54.524+0000] {standard_task_runner.py:84} INFO - Running: ['***', 'tasks', 'run', 'copy_tranform_to_mongo', 'waiting_for_data', 'scheduled__2021-01-29T00:00:00+00:00', '--job-id', '33', '--raw', '--subdir', 'DAGS_FOLDER/file_***-mongo.py', '--cfg-path', '/tmp/tmpgv_gq1d1']
[2023-10-17T11:18:54.524+0000] {standard_task_runner.py:85} INFO - Job 33: Subtask waiting_for_data
[2023-10-17T11:18:54.566+0000] {task_command.py:416} INFO - Running <TaskInstance: copy_tranform_to_mongo.waiting_for_data scheduled__2021-01-29T00:00:00+00:00 [running]> on host 238c1d4ff767
[2023-10-17T11:18:54.654+0000] {taskinstance.py:1662} INFO - Exporting env vars: AIRFLOW_CTX_DAG_OWNER='***' AIRFLOW_CTX_DAG_ID='copy_tranform_to_mongo' AIRFLOW_CTX_TASK_ID='waiting_for_data' AIRFLOW_CTX_EXECUTION_DATE='2021-01-29T00:00:00+00:00' AIRFLOW_CTX_TRY_NUMBER='1' AIRFLOW_CTX_DAG_RUN_ID='scheduled__2021-01-29T00:00:00+00:00'
[2023-10-17T11:18:54.661+0000] {base.py:73} INFO - Using connection ID 'fs_default' for task execution.
[2023-10-17T11:18:54.662+0000] {filesystem.py:64} INFO - Poking for file /opt/in/tiktok_google_play_reviews.csv
[2023-10-17T11:18:54.662+0000] {filesystem.py:69} INFO - Found File /opt/in/tiktok_google_play_reviews.csv last modified: 20220405221612
[2023-10-17T11:18:54.662+0000] {base.py:287} INFO - Success criteria met. Exiting.
[2023-10-17T11:18:54.673+0000] {taskinstance.py:1400} INFO - Marking task as SUCCESS. dag_id=copy_tranform_to_mongo, task_id=waiting_for_data, execution_date=20210129T000000, start_date=20231017T111854, end_date=20231017T111854
[2023-10-17T11:18:54.695+0000] {local_task_job_runner.py:228} INFO - Task exited with return code 0
[2023-10-17T11:18:54.713+0000] {taskinstance.py:2778} INFO - 0 downstream tasks scheduled from follow-on schedule check
[2023-10-18T10:42:20.088+0000] {taskinstance.py:1159} INFO - Dependencies all met for dep_context=non-requeueable deps ti=<TaskInstance: copy_tranform_to_mongo.waiting_for_data scheduled__2021-01-29T00:00:00+00:00 [queued]>
[2023-10-18T10:42:20.096+0000] {taskinstance.py:1159} INFO - Dependencies all met for dep_context=requeueable deps ti=<TaskInstance: copy_tranform_to_mongo.waiting_for_data scheduled__2021-01-29T00:00:00+00:00 [queued]>
[2023-10-18T10:42:20.097+0000] {taskinstance.py:1361} INFO - Starting attempt 1 of 1
[2023-10-18T10:42:20.128+0000] {taskinstance.py:1382} INFO - Executing <Task(FileSensor): waiting_for_data> on 2021-01-29 00:00:00+00:00
[2023-10-18T10:42:20.135+0000] {standard_task_runner.py:57} INFO - Started process 1446 to run task
[2023-10-18T10:42:20.137+0000] {standard_task_runner.py:84} INFO - Running: ['***', 'tasks', 'run', 'copy_tranform_to_mongo', 'waiting_for_data', 'scheduled__2021-01-29T00:00:00+00:00', '--job-id', '32', '--raw', '--subdir', 'DAGS_FOLDER/file_***-mongo.py', '--cfg-path', '/tmp/tmpt5l8t32q']
[2023-10-18T10:42:20.138+0000] {standard_task_runner.py:85} INFO - Job 32: Subtask waiting_for_data
[2023-10-18T10:42:20.186+0000] {task_command.py:416} INFO - Running <TaskInstance: copy_tranform_to_mongo.waiting_for_data scheduled__2021-01-29T00:00:00+00:00 [running]> on host 2473b23ba069
[2023-10-18T10:42:20.247+0000] {taskinstance.py:1662} INFO - Exporting env vars: AIRFLOW_CTX_DAG_OWNER='***' AIRFLOW_CTX_DAG_ID='copy_tranform_to_mongo' AIRFLOW_CTX_TASK_ID='waiting_for_data' AIRFLOW_CTX_EXECUTION_DATE='2021-01-29T00:00:00+00:00' AIRFLOW_CTX_TRY_NUMBER='1' AIRFLOW_CTX_DAG_RUN_ID='scheduled__2021-01-29T00:00:00+00:00'
[2023-10-18T10:42:20.260+0000] {taskinstance.py:1937} ERROR - Task failed with exception
Traceback (most recent call last):
  File "/home/airflow/.local/lib/python3.8/site-packages/airflow/sensors/base.py", line 257, in execute
    raise e
  File "/home/airflow/.local/lib/python3.8/site-packages/airflow/sensors/base.py", line 239, in execute
    poke_return = self.poke(context)
  File "/home/airflow/.local/lib/python3.8/site-packages/airflow/sensors/filesystem.py", line 61, in poke
    hook = FSHook(self.fs_conn_id)
  File "/home/airflow/.local/lib/python3.8/site-packages/airflow/hooks/filesystem.py", line 38, in __init__
    conn = self.get_connection(conn_id)
  File "/home/airflow/.local/lib/python3.8/site-packages/airflow/hooks/base.py", line 72, in get_connection
    conn = Connection.get_connection_from_secrets(conn_id)
  File "/home/airflow/.local/lib/python3.8/site-packages/airflow/models/connection.py", line 477, in get_connection_from_secrets
    raise AirflowNotFoundException(f"The conn_id `{conn_id}` isn't defined")
airflow.exceptions.AirflowNotFoundException: The conn_id `fs_default` isn't defined
[2023-10-18T10:42:20.263+0000] {taskinstance.py:1400} INFO - Marking task as FAILED. dag_id=copy_tranform_to_mongo, task_id=waiting_for_data, execution_date=20210129T000000, start_date=20231018T104220, end_date=20231018T104220
[2023-10-18T10:42:20.272+0000] {standard_task_runner.py:104} ERROR - Failed to execute job 32 for task waiting_for_data (The conn_id `fs_default` isn't defined; 1446)
[2023-10-18T10:42:20.309+0000] {local_task_job_runner.py:228} INFO - Task exited with return code 1
[2023-10-18T10:42:20.335+0000] {taskinstance.py:2778} INFO - 0 downstream tasks scheduled from follow-on schedule check
[2023-10-18T11:14:50.369+0000] {taskinstance.py:1159} INFO - Dependencies all met for dep_context=non-requeueable deps ti=<TaskInstance: copy_tranform_to_mongo.waiting_for_data scheduled__2021-01-29T00:00:00+00:00 [queued]>
[2023-10-18T11:14:50.377+0000] {taskinstance.py:1159} INFO - Dependencies all met for dep_context=requeueable deps ti=<TaskInstance: copy_tranform_to_mongo.waiting_for_data scheduled__2021-01-29T00:00:00+00:00 [queued]>
[2023-10-18T11:14:50.378+0000] {taskinstance.py:1361} INFO - Starting attempt 1 of 1
[2023-10-18T11:14:50.388+0000] {taskinstance.py:1382} INFO - Executing <Task(FileSensor): waiting_for_data> on 2021-01-29 00:00:00+00:00
[2023-10-18T11:14:50.394+0000] {standard_task_runner.py:57} INFO - Started process 151 to run task
[2023-10-18T11:14:50.396+0000] {standard_task_runner.py:84} INFO - Running: ['***', 'tasks', 'run', 'copy_tranform_to_mongo', 'waiting_for_data', 'scheduled__2021-01-29T00:00:00+00:00', '--job-id', '31', '--raw', '--subdir', 'DAGS_FOLDER/file_***-mongo.py', '--cfg-path', '/tmp/tmpthnooixp']
[2023-10-18T11:14:50.397+0000] {standard_task_runner.py:85} INFO - Job 31: Subtask waiting_for_data
[2023-10-18T11:14:50.431+0000] {task_command.py:416} INFO - Running <TaskInstance: copy_tranform_to_mongo.waiting_for_data scheduled__2021-01-29T00:00:00+00:00 [running]> on host 0e68aa52dfc7
[2023-10-18T11:14:50.484+0000] {taskinstance.py:1662} INFO - Exporting env vars: AIRFLOW_CTX_DAG_OWNER='***' AIRFLOW_CTX_DAG_ID='copy_tranform_to_mongo' AIRFLOW_CTX_TASK_ID='waiting_for_data' AIRFLOW_CTX_EXECUTION_DATE='2021-01-29T00:00:00+00:00' AIRFLOW_CTX_TRY_NUMBER='1' AIRFLOW_CTX_DAG_RUN_ID='scheduled__2021-01-29T00:00:00+00:00'
[2023-10-18T11:14:50.497+0000] {taskinstance.py:1937} ERROR - Task failed with exception
Traceback (most recent call last):
  File "/home/airflow/.local/lib/python3.8/site-packages/airflow/sensors/base.py", line 257, in execute
    raise e
  File "/home/airflow/.local/lib/python3.8/site-packages/airflow/sensors/base.py", line 239, in execute
    poke_return = self.poke(context)
  File "/home/airflow/.local/lib/python3.8/site-packages/airflow/sensors/filesystem.py", line 61, in poke
    hook = FSHook(self.fs_conn_id)
  File "/home/airflow/.local/lib/python3.8/site-packages/airflow/hooks/filesystem.py", line 38, in __init__
    conn = self.get_connection(conn_id)
  File "/home/airflow/.local/lib/python3.8/site-packages/airflow/hooks/base.py", line 72, in get_connection
    conn = Connection.get_connection_from_secrets(conn_id)
  File "/home/airflow/.local/lib/python3.8/site-packages/airflow/models/connection.py", line 477, in get_connection_from_secrets
    raise AirflowNotFoundException(f"The conn_id `{conn_id}` isn't defined")
airflow.exceptions.AirflowNotFoundException: The conn_id `fs_default` isn't defined
[2023-10-18T11:14:50.500+0000] {taskinstance.py:1400} INFO - Marking task as FAILED. dag_id=copy_tranform_to_mongo, task_id=waiting_for_data, execution_date=20210129T000000, start_date=20231018T111450, end_date=20231018T111450
[2023-10-18T11:14:50.509+0000] {standard_task_runner.py:104} ERROR - Failed to execute job 31 for task waiting_for_data (The conn_id `fs_default` isn't defined; 151)
[2023-10-18T11:14:50.528+0000] {local_task_job_runner.py:228} INFO - Task exited with return code 1
[2023-10-18T11:14:50.549+0000] {taskinstance.py:2778} INFO - 0 downstream tasks scheduled from follow-on schedule check
[2023-10-19T12:10:01.379+0000] {taskinstance.py:1159} INFO - Dependencies all met for dep_context=non-requeueable deps ti=<TaskInstance: copy_tranform_to_mongo.waiting_for_data scheduled__2021-01-29T00:00:00+00:00 [queued]>
[2023-10-19T12:10:01.391+0000] {taskinstance.py:1159} INFO - Dependencies all met for dep_context=requeueable deps ti=<TaskInstance: copy_tranform_to_mongo.waiting_for_data scheduled__2021-01-29T00:00:00+00:00 [queued]>
[2023-10-19T12:10:01.392+0000] {taskinstance.py:1361} INFO - Starting attempt 1 of 1
[2023-10-19T12:10:01.407+0000] {taskinstance.py:1382} INFO - Executing <Task(FileSensor): waiting_for_data> on 2021-01-29 00:00:00+00:00
[2023-10-19T12:10:01.414+0000] {standard_task_runner.py:57} INFO - Started process 223 to run task
[2023-10-19T12:10:01.416+0000] {standard_task_runner.py:84} INFO - Running: ['***', 'tasks', 'run', 'copy_tranform_to_mongo', 'waiting_for_data', 'scheduled__2021-01-29T00:00:00+00:00', '--job-id', '31', '--raw', '--subdir', 'DAGS_FOLDER/file_***-mongo.py', '--cfg-path', '/tmp/tmpxxfar1qp']
[2023-10-19T12:10:01.418+0000] {standard_task_runner.py:85} INFO - Job 31: Subtask waiting_for_data
[2023-10-19T12:10:01.467+0000] {task_command.py:416} INFO - Running <TaskInstance: copy_tranform_to_mongo.waiting_for_data scheduled__2021-01-29T00:00:00+00:00 [running]> on host 6f5df7fea6fd
[2023-10-19T12:10:01.536+0000] {taskinstance.py:1662} INFO - Exporting env vars: AIRFLOW_CTX_DAG_OWNER='***' AIRFLOW_CTX_DAG_ID='copy_tranform_to_mongo' AIRFLOW_CTX_TASK_ID='waiting_for_data' AIRFLOW_CTX_EXECUTION_DATE='2021-01-29T00:00:00+00:00' AIRFLOW_CTX_TRY_NUMBER='1' AIRFLOW_CTX_DAG_RUN_ID='scheduled__2021-01-29T00:00:00+00:00'
[2023-10-19T12:10:01.554+0000] {taskinstance.py:1937} ERROR - Task failed with exception
Traceback (most recent call last):
  File "/home/airflow/.local/lib/python3.8/site-packages/airflow/sensors/base.py", line 257, in execute
    raise e
  File "/home/airflow/.local/lib/python3.8/site-packages/airflow/sensors/base.py", line 239, in execute
    poke_return = self.poke(context)
  File "/home/airflow/.local/lib/python3.8/site-packages/airflow/sensors/filesystem.py", line 61, in poke
    hook = FSHook(self.fs_conn_id)
  File "/home/airflow/.local/lib/python3.8/site-packages/airflow/hooks/filesystem.py", line 38, in __init__
    conn = self.get_connection(conn_id)
  File "/home/airflow/.local/lib/python3.8/site-packages/airflow/hooks/base.py", line 72, in get_connection
    conn = Connection.get_connection_from_secrets(conn_id)
  File "/home/airflow/.local/lib/python3.8/site-packages/airflow/models/connection.py", line 477, in get_connection_from_secrets
    raise AirflowNotFoundException(f"The conn_id `{conn_id}` isn't defined")
airflow.exceptions.AirflowNotFoundException: The conn_id `fs_default` isn't defined
[2023-10-19T12:10:01.558+0000] {taskinstance.py:1400} INFO - Marking task as FAILED. dag_id=copy_tranform_to_mongo, task_id=waiting_for_data, execution_date=20210129T000000, start_date=20231019T121001, end_date=20231019T121001
[2023-10-19T12:10:01.571+0000] {standard_task_runner.py:104} ERROR - Failed to execute job 31 for task waiting_for_data (The conn_id `fs_default` isn't defined; 223)
[2023-10-19T12:10:01.594+0000] {local_task_job_runner.py:228} INFO - Task exited with return code 1
[2023-10-19T12:10:01.620+0000] {taskinstance.py:2778} INFO - 0 downstream tasks scheduled from follow-on schedule check
[2023-10-19T13:04:52.286+0000] {taskinstance.py:1159} INFO - Dependencies all met for dep_context=non-requeueable deps ti=<TaskInstance: copy_tranform_to_mongo.waiting_for_data scheduled__2021-01-29T00:00:00+00:00 [queued]>
[2023-10-19T13:04:52.329+0000] {taskinstance.py:1159} INFO - Dependencies all met for dep_context=requeueable deps ti=<TaskInstance: copy_tranform_to_mongo.waiting_for_data scheduled__2021-01-29T00:00:00+00:00 [queued]>
[2023-10-19T13:04:52.330+0000] {taskinstance.py:1361} INFO - Starting attempt 1 of 1
[2023-10-19T13:04:52.371+0000] {taskinstance.py:1382} INFO - Executing <Task(FileSensor): waiting_for_data> on 2021-01-29 00:00:00+00:00
[2023-10-19T13:04:52.400+0000] {standard_task_runner.py:57} INFO - Started process 279 to run task
[2023-10-19T13:04:52.406+0000] {standard_task_runner.py:84} INFO - Running: ['***', 'tasks', 'run', 'copy_tranform_to_mongo', 'waiting_for_data', 'scheduled__2021-01-29T00:00:00+00:00', '--job-id', '75', '--raw', '--subdir', 'DAGS_FOLDER/file_***-mongo.py', '--cfg-path', '/tmp/tmp_5lp7vn9']
[2023-10-19T13:04:52.407+0000] {standard_task_runner.py:85} INFO - Job 75: Subtask waiting_for_data
[2023-10-19T13:04:52.540+0000] {task_command.py:416} INFO - Running <TaskInstance: copy_tranform_to_mongo.waiting_for_data scheduled__2021-01-29T00:00:00+00:00 [running]> on host f2b9ba520501
[2023-10-19T13:04:52.786+0000] {taskinstance.py:1662} INFO - Exporting env vars: AIRFLOW_CTX_DAG_OWNER='***' AIRFLOW_CTX_DAG_ID='copy_tranform_to_mongo' AIRFLOW_CTX_TASK_ID='waiting_for_data' AIRFLOW_CTX_EXECUTION_DATE='2021-01-29T00:00:00+00:00' AIRFLOW_CTX_TRY_NUMBER='1' AIRFLOW_CTX_DAG_RUN_ID='scheduled__2021-01-29T00:00:00+00:00'
[2023-10-19T13:04:52.814+0000] {base.py:73} INFO - Using connection ID 'fs_default' for task execution.
[2023-10-19T13:04:52.817+0000] {filesystem.py:64} INFO - Poking for file /opt/in/tiktok_google_play_reviews.csv
[2023-10-19T13:04:52.819+0000] {filesystem.py:69} INFO - Found File /opt/in/tiktok_google_play_reviews.csv last modified: 20220405221612
[2023-10-19T13:04:52.819+0000] {base.py:287} INFO - Success criteria met. Exiting.
[2023-10-19T13:04:52.839+0000] {taskinstance.py:1400} INFO - Marking task as SUCCESS. dag_id=copy_tranform_to_mongo, task_id=waiting_for_data, execution_date=20210129T000000, start_date=20231019T130452, end_date=20231019T130452
[2023-10-19T13:04:52.904+0000] {local_task_job_runner.py:228} INFO - Task exited with return code 0
[2023-10-19T13:04:52.976+0000] {taskinstance.py:2778} INFO - 1 downstream tasks scheduled from follow-on schedule check
