[2023-10-17T11:22:44.116+0000] {taskinstance.py:1159} INFO - Dependencies all met for dep_context=non-requeueable deps ti=<TaskInstance: copy_tranform_to_mongo.waiting_for_data scheduled__2022-06-07T00:00:00+00:00 [queued]>
[2023-10-17T11:22:44.125+0000] {taskinstance.py:1159} INFO - Dependencies all met for dep_context=requeueable deps ti=<TaskInstance: copy_tranform_to_mongo.waiting_for_data scheduled__2022-06-07T00:00:00+00:00 [queued]>
[2023-10-17T11:22:44.125+0000] {taskinstance.py:1361} INFO - Starting attempt 1 of 1
[2023-10-17T11:22:44.141+0000] {taskinstance.py:1382} INFO - Executing <Task(FileSensor): waiting_for_data> on 2022-06-07 00:00:00+00:00
[2023-10-17T11:22:44.149+0000] {standard_task_runner.py:57} INFO - Started process 1526 to run task
[2023-10-17T11:22:44.152+0000] {standard_task_runner.py:84} INFO - Running: ['***', 'tasks', 'run', 'copy_tranform_to_mongo', 'waiting_for_data', 'scheduled__2022-06-07T00:00:00+00:00', '--job-id', '527', '--raw', '--subdir', 'DAGS_FOLDER/file_***-mongo.py', '--cfg-path', '/tmp/tmpdp84ogm0']
[2023-10-17T11:22:44.153+0000] {standard_task_runner.py:85} INFO - Job 527: Subtask waiting_for_data
[2023-10-17T11:22:44.193+0000] {task_command.py:416} INFO - Running <TaskInstance: copy_tranform_to_mongo.waiting_for_data scheduled__2022-06-07T00:00:00+00:00 [running]> on host 238c1d4ff767
[2023-10-17T11:22:44.264+0000] {taskinstance.py:1662} INFO - Exporting env vars: AIRFLOW_CTX_DAG_OWNER='***' AIRFLOW_CTX_DAG_ID='copy_tranform_to_mongo' AIRFLOW_CTX_TASK_ID='waiting_for_data' AIRFLOW_CTX_EXECUTION_DATE='2022-06-07T00:00:00+00:00' AIRFLOW_CTX_TRY_NUMBER='1' AIRFLOW_CTX_DAG_RUN_ID='scheduled__2022-06-07T00:00:00+00:00'
[2023-10-17T11:22:44.271+0000] {base.py:73} INFO - Using connection ID 'fs_default' for task execution.
[2023-10-17T11:22:44.272+0000] {filesystem.py:64} INFO - Poking for file /opt/in/tiktok_google_play_reviews.csv
[2023-10-17T11:22:44.272+0000] {filesystem.py:69} INFO - Found File /opt/in/tiktok_google_play_reviews.csv last modified: 20220405221612
[2023-10-17T11:22:44.272+0000] {base.py:287} INFO - Success criteria met. Exiting.
[2023-10-17T11:22:44.281+0000] {taskinstance.py:1400} INFO - Marking task as SUCCESS. dag_id=copy_tranform_to_mongo, task_id=waiting_for_data, execution_date=20220607T000000, start_date=20231017T112244, end_date=20231017T112244
[2023-10-17T11:22:44.324+0000] {local_task_job_runner.py:228} INFO - Task exited with return code 0
[2023-10-17T11:22:44.336+0000] {taskinstance.py:2778} INFO - 0 downstream tasks scheduled from follow-on schedule check
[2023-10-18T11:47:32.089+0000] {taskinstance.py:1159} INFO - Dependencies all met for dep_context=non-requeueable deps ti=<TaskInstance: copy_tranform_to_mongo.waiting_for_data scheduled__2022-06-07T00:00:00+00:00 [queued]>
[2023-10-18T11:47:32.099+0000] {taskinstance.py:1159} INFO - Dependencies all met for dep_context=requeueable deps ti=<TaskInstance: copy_tranform_to_mongo.waiting_for_data scheduled__2022-06-07T00:00:00+00:00 [queued]>
[2023-10-18T11:47:32.100+0000] {taskinstance.py:1361} INFO - Starting attempt 1 of 1
[2023-10-18T11:47:32.119+0000] {taskinstance.py:1382} INFO - Executing <Task(FileSensor): waiting_for_data> on 2022-06-07 00:00:00+00:00
[2023-10-18T11:47:32.129+0000] {standard_task_runner.py:57} INFO - Started process 2608 to run task
[2023-10-18T11:47:32.133+0000] {standard_task_runner.py:84} INFO - Running: ['***', 'tasks', 'run', 'copy_tranform_to_mongo', 'waiting_for_data', 'scheduled__2022-06-07T00:00:00+00:00', '--job-id', '1008', '--raw', '--subdir', 'DAGS_FOLDER/file_***-mongo.py', '--cfg-path', '/tmp/tmpxs2erukb']
[2023-10-18T11:47:32.134+0000] {standard_task_runner.py:85} INFO - Job 1008: Subtask waiting_for_data
[2023-10-18T11:47:32.188+0000] {task_command.py:416} INFO - Running <TaskInstance: copy_tranform_to_mongo.waiting_for_data scheduled__2022-06-07T00:00:00+00:00 [running]> on host 0e68aa52dfc7
[2023-10-18T11:47:32.270+0000] {taskinstance.py:1662} INFO - Exporting env vars: AIRFLOW_CTX_DAG_OWNER='***' AIRFLOW_CTX_DAG_ID='copy_tranform_to_mongo' AIRFLOW_CTX_TASK_ID='waiting_for_data' AIRFLOW_CTX_EXECUTION_DATE='2022-06-07T00:00:00+00:00' AIRFLOW_CTX_TRY_NUMBER='1' AIRFLOW_CTX_DAG_RUN_ID='scheduled__2022-06-07T00:00:00+00:00'
[2023-10-18T11:47:32.280+0000] {base.py:73} INFO - Using connection ID 'fs_default' for task execution.
[2023-10-18T11:47:32.281+0000] {filesystem.py:64} INFO - Poking for file /opt/in/tiktok_google_play_reviews.csv
[2023-10-18T11:47:32.281+0000] {filesystem.py:69} INFO - Found File /opt/in/tiktok_google_play_reviews.csv last modified: 20220405221612
[2023-10-18T11:47:32.282+0000] {base.py:287} INFO - Success criteria met. Exiting.
[2023-10-18T11:47:32.293+0000] {taskinstance.py:1400} INFO - Marking task as SUCCESS. dag_id=copy_tranform_to_mongo, task_id=waiting_for_data, execution_date=20220607T000000, start_date=20231018T114732, end_date=20231018T114732
[2023-10-18T11:47:32.350+0000] {local_task_job_runner.py:228} INFO - Task exited with return code 0
[2023-10-18T11:47:32.383+0000] {taskinstance.py:2778} INFO - 1 downstream tasks scheduled from follow-on schedule check
