[2023-10-17T11:27:16.339+0000] {taskinstance.py:1159} INFO - Dependencies all met for dep_context=non-requeueable deps ti=<TaskInstance: copy_tranform_to_mongo.waiting_for_data scheduled__2023-09-12T00:00:00+00:00 [queued]>
[2023-10-17T11:27:16.347+0000] {taskinstance.py:1159} INFO - Dependencies all met for dep_context=requeueable deps ti=<TaskInstance: copy_tranform_to_mongo.waiting_for_data scheduled__2023-09-12T00:00:00+00:00 [queued]>
[2023-10-17T11:27:16.347+0000] {taskinstance.py:1361} INFO - Starting attempt 1 of 1
[2023-10-17T11:27:16.360+0000] {taskinstance.py:1382} INFO - Executing <Task(FileSensor): waiting_for_data> on 2023-09-12 00:00:00+00:00
[2023-10-17T11:27:16.367+0000] {standard_task_runner.py:57} INFO - Started process 2521 to run task
[2023-10-17T11:27:16.369+0000] {standard_task_runner.py:84} INFO - Running: ['***', 'tasks', 'run', 'copy_tranform_to_mongo', 'waiting_for_data', 'scheduled__2023-09-12T00:00:00+00:00', '--job-id', '989', '--raw', '--subdir', 'DAGS_FOLDER/file_***-mongo.py', '--cfg-path', '/tmp/tmp01muvkku']
[2023-10-17T11:27:16.370+0000] {standard_task_runner.py:85} INFO - Job 989: Subtask waiting_for_data
[2023-10-17T11:27:16.403+0000] {task_command.py:416} INFO - Running <TaskInstance: copy_tranform_to_mongo.waiting_for_data scheduled__2023-09-12T00:00:00+00:00 [running]> on host 238c1d4ff767
[2023-10-17T11:27:16.468+0000] {taskinstance.py:1662} INFO - Exporting env vars: AIRFLOW_CTX_DAG_OWNER='***' AIRFLOW_CTX_DAG_ID='copy_tranform_to_mongo' AIRFLOW_CTX_TASK_ID='waiting_for_data' AIRFLOW_CTX_EXECUTION_DATE='2023-09-12T00:00:00+00:00' AIRFLOW_CTX_TRY_NUMBER='1' AIRFLOW_CTX_DAG_RUN_ID='scheduled__2023-09-12T00:00:00+00:00'
[2023-10-17T11:27:16.475+0000] {base.py:73} INFO - Using connection ID 'fs_default' for task execution.
[2023-10-17T11:27:16.475+0000] {filesystem.py:64} INFO - Poking for file /opt/in/tiktok_google_play_reviews.csv
[2023-10-17T11:27:16.475+0000] {filesystem.py:69} INFO - Found File /opt/in/tiktok_google_play_reviews.csv last modified: 20220405221612
[2023-10-17T11:27:16.475+0000] {base.py:287} INFO - Success criteria met. Exiting.
[2023-10-17T11:27:16.482+0000] {taskinstance.py:1400} INFO - Marking task as SUCCESS. dag_id=copy_tranform_to_mongo, task_id=waiting_for_data, execution_date=20230912T000000, start_date=20231017T112716, end_date=20231017T112716
[2023-10-17T11:27:16.501+0000] {local_task_job_runner.py:228} INFO - Task exited with return code 0
[2023-10-17T11:27:16.515+0000] {taskinstance.py:2778} INFO - 0 downstream tasks scheduled from follow-on schedule check
[2023-10-18T11:52:30.738+0000] {taskinstance.py:1159} INFO - Dependencies all met for dep_context=non-requeueable deps ti=<TaskInstance: copy_tranform_to_mongo.waiting_for_data scheduled__2023-09-12T00:00:00+00:00 [queued]>
[2023-10-18T11:52:30.750+0000] {taskinstance.py:1159} INFO - Dependencies all met for dep_context=requeueable deps ti=<TaskInstance: copy_tranform_to_mongo.waiting_for_data scheduled__2023-09-12T00:00:00+00:00 [queued]>
[2023-10-18T11:52:30.750+0000] {taskinstance.py:1361} INFO - Starting attempt 1 of 1
[2023-10-18T11:52:30.797+0000] {taskinstance.py:1382} INFO - Executing <Task(FileSensor): waiting_for_data> on 2023-09-12 00:00:00+00:00
[2023-10-18T11:52:30.805+0000] {standard_task_runner.py:57} INFO - Started process 4534 to run task
[2023-10-18T11:52:30.808+0000] {standard_task_runner.py:84} INFO - Running: ['***', 'tasks', 'run', 'copy_tranform_to_mongo', 'waiting_for_data', 'scheduled__2023-09-12T00:00:00+00:00', '--job-id', '1932', '--raw', '--subdir', 'DAGS_FOLDER/file_***-mongo.py', '--cfg-path', '/tmp/tmphps5hhao']
[2023-10-18T11:52:30.809+0000] {standard_task_runner.py:85} INFO - Job 1932: Subtask waiting_for_data
[2023-10-18T11:52:30.854+0000] {task_command.py:416} INFO - Running <TaskInstance: copy_tranform_to_mongo.waiting_for_data scheduled__2023-09-12T00:00:00+00:00 [running]> on host 0e68aa52dfc7
[2023-10-18T11:52:30.927+0000] {taskinstance.py:1662} INFO - Exporting env vars: AIRFLOW_CTX_DAG_OWNER='***' AIRFLOW_CTX_DAG_ID='copy_tranform_to_mongo' AIRFLOW_CTX_TASK_ID='waiting_for_data' AIRFLOW_CTX_EXECUTION_DATE='2023-09-12T00:00:00+00:00' AIRFLOW_CTX_TRY_NUMBER='1' AIRFLOW_CTX_DAG_RUN_ID='scheduled__2023-09-12T00:00:00+00:00'
[2023-10-18T11:52:30.936+0000] {base.py:73} INFO - Using connection ID 'fs_default' for task execution.
[2023-10-18T11:52:30.936+0000] {filesystem.py:64} INFO - Poking for file /opt/in/tiktok_google_play_reviews.csv
[2023-10-18T11:52:30.937+0000] {filesystem.py:69} INFO - Found File /opt/in/tiktok_google_play_reviews.csv last modified: 20220405221612
[2023-10-18T11:52:30.937+0000] {base.py:287} INFO - Success criteria met. Exiting.
[2023-10-18T11:52:30.947+0000] {taskinstance.py:1400} INFO - Marking task as SUCCESS. dag_id=copy_tranform_to_mongo, task_id=waiting_for_data, execution_date=20230912T000000, start_date=20231018T115230, end_date=20231018T115230
[2023-10-18T11:52:30.981+0000] {local_task_job_runner.py:228} INFO - Task exited with return code 0
[2023-10-18T11:52:31.064+0000] {taskinstance.py:2778} INFO - 0 downstream tasks scheduled from follow-on schedule check
