[2023-10-17T11:22:02.996+0000] {taskinstance.py:1159} INFO - Dependencies all met for dep_context=non-requeueable deps ti=<TaskInstance: copy_tranform_to_mongo.waiting_for_data scheduled__2022-02-24T00:00:00+00:00 [queued]>
[2023-10-17T11:22:03.004+0000] {taskinstance.py:1159} INFO - Dependencies all met for dep_context=requeueable deps ti=<TaskInstance: copy_tranform_to_mongo.waiting_for_data scheduled__2022-02-24T00:00:00+00:00 [queued]>
[2023-10-17T11:22:03.005+0000] {taskinstance.py:1361} INFO - Starting attempt 1 of 1
[2023-10-17T11:22:03.023+0000] {taskinstance.py:1382} INFO - Executing <Task(FileSensor): waiting_for_data> on 2022-02-24 00:00:00+00:00
[2023-10-17T11:22:03.029+0000] {standard_task_runner.py:57} INFO - Started process 1312 to run task
[2023-10-17T11:22:03.032+0000] {standard_task_runner.py:84} INFO - Running: ['***', 'tasks', 'run', 'copy_tranform_to_mongo', 'waiting_for_data', 'scheduled__2022-02-24T00:00:00+00:00', '--job-id', '424', '--raw', '--subdir', 'DAGS_FOLDER/file_***-mongo.py', '--cfg-path', '/tmp/tmpmpe643ej']
[2023-10-17T11:22:03.033+0000] {standard_task_runner.py:85} INFO - Job 424: Subtask waiting_for_data
[2023-10-17T11:22:03.082+0000] {task_command.py:416} INFO - Running <TaskInstance: copy_tranform_to_mongo.waiting_for_data scheduled__2022-02-24T00:00:00+00:00 [running]> on host 238c1d4ff767
[2023-10-17T11:22:03.159+0000] {taskinstance.py:1662} INFO - Exporting env vars: AIRFLOW_CTX_DAG_OWNER='***' AIRFLOW_CTX_DAG_ID='copy_tranform_to_mongo' AIRFLOW_CTX_TASK_ID='waiting_for_data' AIRFLOW_CTX_EXECUTION_DATE='2022-02-24T00:00:00+00:00' AIRFLOW_CTX_TRY_NUMBER='1' AIRFLOW_CTX_DAG_RUN_ID='scheduled__2022-02-24T00:00:00+00:00'
[2023-10-17T11:22:03.167+0000] {base.py:73} INFO - Using connection ID 'fs_default' for task execution.
[2023-10-17T11:22:03.167+0000] {filesystem.py:64} INFO - Poking for file /opt/in/tiktok_google_play_reviews.csv
[2023-10-17T11:22:03.168+0000] {filesystem.py:69} INFO - Found File /opt/in/tiktok_google_play_reviews.csv last modified: 20220405221612
[2023-10-17T11:22:03.168+0000] {base.py:287} INFO - Success criteria met. Exiting.
[2023-10-17T11:22:03.177+0000] {taskinstance.py:1400} INFO - Marking task as SUCCESS. dag_id=copy_tranform_to_mongo, task_id=waiting_for_data, execution_date=20220224T000000, start_date=20231017T112202, end_date=20231017T112203
[2023-10-17T11:22:03.204+0000] {local_task_job_runner.py:228} INFO - Task exited with return code 0
[2023-10-17T11:22:03.218+0000] {taskinstance.py:2778} INFO - 0 downstream tasks scheduled from follow-on schedule check
[2023-10-18T11:46:28.599+0000] {taskinstance.py:1159} INFO - Dependencies all met for dep_context=non-requeueable deps ti=<TaskInstance: copy_tranform_to_mongo.waiting_for_data scheduled__2022-02-24T00:00:00+00:00 [queued]>
[2023-10-18T11:46:28.610+0000] {taskinstance.py:1159} INFO - Dependencies all met for dep_context=requeueable deps ti=<TaskInstance: copy_tranform_to_mongo.waiting_for_data scheduled__2022-02-24T00:00:00+00:00 [queued]>
[2023-10-18T11:46:28.610+0000] {taskinstance.py:1361} INFO - Starting attempt 1 of 1
[2023-10-18T11:46:28.624+0000] {taskinstance.py:1382} INFO - Executing <Task(FileSensor): waiting_for_data> on 2022-02-24 00:00:00+00:00
[2023-10-18T11:46:28.633+0000] {standard_task_runner.py:57} INFO - Started process 2180 to run task
[2023-10-18T11:46:28.635+0000] {standard_task_runner.py:84} INFO - Running: ['***', 'tasks', 'run', 'copy_tranform_to_mongo', 'waiting_for_data', 'scheduled__2022-02-24T00:00:00+00:00', '--job-id', '803', '--raw', '--subdir', 'DAGS_FOLDER/file_***-mongo.py', '--cfg-path', '/tmp/tmpuvlafz9u']
[2023-10-18T11:46:28.637+0000] {standard_task_runner.py:85} INFO - Job 803: Subtask waiting_for_data
[2023-10-18T11:46:28.693+0000] {task_command.py:416} INFO - Running <TaskInstance: copy_tranform_to_mongo.waiting_for_data scheduled__2022-02-24T00:00:00+00:00 [running]> on host 0e68aa52dfc7
[2023-10-18T11:46:28.774+0000] {taskinstance.py:1662} INFO - Exporting env vars: AIRFLOW_CTX_DAG_OWNER='***' AIRFLOW_CTX_DAG_ID='copy_tranform_to_mongo' AIRFLOW_CTX_TASK_ID='waiting_for_data' AIRFLOW_CTX_EXECUTION_DATE='2022-02-24T00:00:00+00:00' AIRFLOW_CTX_TRY_NUMBER='1' AIRFLOW_CTX_DAG_RUN_ID='scheduled__2022-02-24T00:00:00+00:00'
[2023-10-18T11:46:28.784+0000] {base.py:73} INFO - Using connection ID 'fs_default' for task execution.
[2023-10-18T11:46:28.785+0000] {filesystem.py:64} INFO - Poking for file /opt/in/tiktok_google_play_reviews.csv
[2023-10-18T11:46:28.785+0000] {filesystem.py:69} INFO - Found File /opt/in/tiktok_google_play_reviews.csv last modified: 20220405221612
[2023-10-18T11:46:28.786+0000] {base.py:287} INFO - Success criteria met. Exiting.
[2023-10-18T11:46:28.795+0000] {taskinstance.py:1400} INFO - Marking task as SUCCESS. dag_id=copy_tranform_to_mongo, task_id=waiting_for_data, execution_date=20220224T000000, start_date=20231018T114628, end_date=20231018T114628
[2023-10-18T11:46:28.849+0000] {local_task_job_runner.py:228} INFO - Task exited with return code 0
[2023-10-18T11:46:28.884+0000] {taskinstance.py:2778} INFO - 1 downstream tasks scheduled from follow-on schedule check
