[2023-10-17T11:20:56.733+0000] {taskinstance.py:1159} INFO - Dependencies all met for dep_context=non-requeueable deps ti=<TaskInstance: copy_tranform_to_mongo.waiting_for_data scheduled__2021-11-13T00:00:00+00:00 [queued]>
[2023-10-17T11:20:56.739+0000] {taskinstance.py:1159} INFO - Dependencies all met for dep_context=requeueable deps ti=<TaskInstance: copy_tranform_to_mongo.waiting_for_data scheduled__2021-11-13T00:00:00+00:00 [queued]>
[2023-10-17T11:20:56.739+0000] {taskinstance.py:1361} INFO - Starting attempt 1 of 1
[2023-10-17T11:20:56.748+0000] {taskinstance.py:1382} INFO - Executing <Task(FileSensor): waiting_for_data> on 2021-11-13 00:00:00+00:00
[2023-10-17T11:20:56.752+0000] {standard_task_runner.py:57} INFO - Started process 1089 to run task
[2023-10-17T11:20:56.754+0000] {standard_task_runner.py:84} INFO - Running: ['***', 'tasks', 'run', 'copy_tranform_to_mongo', 'waiting_for_data', 'scheduled__2021-11-13T00:00:00+00:00', '--job-id', '321', '--raw', '--subdir', 'DAGS_FOLDER/file_***-mongo.py', '--cfg-path', '/tmp/tmphqfv97s2']
[2023-10-17T11:20:56.755+0000] {standard_task_runner.py:85} INFO - Job 321: Subtask waiting_for_data
[2023-10-17T11:20:56.786+0000] {task_command.py:416} INFO - Running <TaskInstance: copy_tranform_to_mongo.waiting_for_data scheduled__2021-11-13T00:00:00+00:00 [running]> on host 238c1d4ff767
[2023-10-17T11:20:56.839+0000] {taskinstance.py:1662} INFO - Exporting env vars: AIRFLOW_CTX_DAG_OWNER='***' AIRFLOW_CTX_DAG_ID='copy_tranform_to_mongo' AIRFLOW_CTX_TASK_ID='waiting_for_data' AIRFLOW_CTX_EXECUTION_DATE='2021-11-13T00:00:00+00:00' AIRFLOW_CTX_TRY_NUMBER='1' AIRFLOW_CTX_DAG_RUN_ID='scheduled__2021-11-13T00:00:00+00:00'
[2023-10-17T11:20:56.846+0000] {base.py:73} INFO - Using connection ID 'fs_default' for task execution.
[2023-10-17T11:20:56.846+0000] {filesystem.py:64} INFO - Poking for file /opt/in/tiktok_google_play_reviews.csv
[2023-10-17T11:20:56.847+0000] {filesystem.py:69} INFO - Found File /opt/in/tiktok_google_play_reviews.csv last modified: 20220405221612
[2023-10-17T11:20:56.847+0000] {base.py:287} INFO - Success criteria met. Exiting.
[2023-10-17T11:20:56.853+0000] {taskinstance.py:1400} INFO - Marking task as SUCCESS. dag_id=copy_tranform_to_mongo, task_id=waiting_for_data, execution_date=20211113T000000, start_date=20231017T112056, end_date=20231017T112056
[2023-10-17T11:20:56.886+0000] {local_task_job_runner.py:228} INFO - Task exited with return code 0
[2023-10-17T11:20:56.910+0000] {taskinstance.py:2778} INFO - 0 downstream tasks scheduled from follow-on schedule check
[2023-10-18T11:45:24.902+0000] {taskinstance.py:1159} INFO - Dependencies all met for dep_context=non-requeueable deps ti=<TaskInstance: copy_tranform_to_mongo.waiting_for_data scheduled__2021-11-13T00:00:00+00:00 [queued]>
[2023-10-18T11:45:24.913+0000] {taskinstance.py:1159} INFO - Dependencies all met for dep_context=requeueable deps ti=<TaskInstance: copy_tranform_to_mongo.waiting_for_data scheduled__2021-11-13T00:00:00+00:00 [queued]>
[2023-10-18T11:45:24.913+0000] {taskinstance.py:1361} INFO - Starting attempt 1 of 1
[2023-10-18T11:45:24.928+0000] {taskinstance.py:1382} INFO - Executing <Task(FileSensor): waiting_for_data> on 2021-11-13 00:00:00+00:00
[2023-10-18T11:45:24.935+0000] {standard_task_runner.py:57} INFO - Started process 1753 to run task
[2023-10-18T11:45:24.938+0000] {standard_task_runner.py:84} INFO - Running: ['***', 'tasks', 'run', 'copy_tranform_to_mongo', 'waiting_for_data', 'scheduled__2021-11-13T00:00:00+00:00', '--job-id', '597', '--raw', '--subdir', 'DAGS_FOLDER/file_***-mongo.py', '--cfg-path', '/tmp/tmp1fklktl4']
[2023-10-18T11:45:24.940+0000] {standard_task_runner.py:85} INFO - Job 597: Subtask waiting_for_data
[2023-10-18T11:45:24.980+0000] {task_command.py:416} INFO - Running <TaskInstance: copy_tranform_to_mongo.waiting_for_data scheduled__2021-11-13T00:00:00+00:00 [running]> on host 0e68aa52dfc7
[2023-10-18T11:45:25.051+0000] {taskinstance.py:1662} INFO - Exporting env vars: AIRFLOW_CTX_DAG_OWNER='***' AIRFLOW_CTX_DAG_ID='copy_tranform_to_mongo' AIRFLOW_CTX_TASK_ID='waiting_for_data' AIRFLOW_CTX_EXECUTION_DATE='2021-11-13T00:00:00+00:00' AIRFLOW_CTX_TRY_NUMBER='1' AIRFLOW_CTX_DAG_RUN_ID='scheduled__2021-11-13T00:00:00+00:00'
[2023-10-18T11:45:25.066+0000] {base.py:73} INFO - Using connection ID 'fs_default' for task execution.
[2023-10-18T11:45:25.067+0000] {filesystem.py:64} INFO - Poking for file /opt/in/tiktok_google_play_reviews.csv
[2023-10-18T11:45:25.067+0000] {filesystem.py:69} INFO - Found File /opt/in/tiktok_google_play_reviews.csv last modified: 20220405221612
[2023-10-18T11:45:25.068+0000] {base.py:287} INFO - Success criteria met. Exiting.
[2023-10-18T11:45:25.078+0000] {taskinstance.py:1400} INFO - Marking task as SUCCESS. dag_id=copy_tranform_to_mongo, task_id=waiting_for_data, execution_date=20211113T000000, start_date=20231018T114524, end_date=20231018T114525
[2023-10-18T11:45:25.111+0000] {local_task_job_runner.py:228} INFO - Task exited with return code 0
[2023-10-18T11:45:25.146+0000] {taskinstance.py:2778} INFO - 1 downstream tasks scheduled from follow-on schedule check
