[2023-10-17T11:19:35.011+0000] {taskinstance.py:1159} INFO - Dependencies all met for dep_context=non-requeueable deps ti=<TaskInstance: copy_tranform_to_mongo.waiting_for_data scheduled__2021-05-08T00:00:00+00:00 [queued]>
[2023-10-17T11:19:35.020+0000] {taskinstance.py:1159} INFO - Dependencies all met for dep_context=requeueable deps ti=<TaskInstance: copy_tranform_to_mongo.waiting_for_data scheduled__2021-05-08T00:00:00+00:00 [queued]>
[2023-10-17T11:19:35.021+0000] {taskinstance.py:1361} INFO - Starting attempt 1 of 1
[2023-10-17T11:19:35.035+0000] {taskinstance.py:1382} INFO - Executing <Task(FileSensor): waiting_for_data> on 2021-05-08 00:00:00+00:00
[2023-10-17T11:19:35.041+0000] {standard_task_runner.py:57} INFO - Started process 690 to run task
[2023-10-17T11:19:35.044+0000] {standard_task_runner.py:84} INFO - Running: ['***', 'tasks', 'run', 'copy_tranform_to_mongo', 'waiting_for_data', 'scheduled__2021-05-08T00:00:00+00:00', '--job-id', '132', '--raw', '--subdir', 'DAGS_FOLDER/file_***-mongo.py', '--cfg-path', '/tmp/tmp7dt7kzec']
[2023-10-17T11:19:35.046+0000] {standard_task_runner.py:85} INFO - Job 132: Subtask waiting_for_data
[2023-10-17T11:19:35.088+0000] {task_command.py:416} INFO - Running <TaskInstance: copy_tranform_to_mongo.waiting_for_data scheduled__2021-05-08T00:00:00+00:00 [running]> on host 238c1d4ff767
[2023-10-17T11:19:35.161+0000] {taskinstance.py:1662} INFO - Exporting env vars: AIRFLOW_CTX_DAG_OWNER='***' AIRFLOW_CTX_DAG_ID='copy_tranform_to_mongo' AIRFLOW_CTX_TASK_ID='waiting_for_data' AIRFLOW_CTX_EXECUTION_DATE='2021-05-08T00:00:00+00:00' AIRFLOW_CTX_TRY_NUMBER='1' AIRFLOW_CTX_DAG_RUN_ID='scheduled__2021-05-08T00:00:00+00:00'
[2023-10-17T11:19:35.170+0000] {base.py:73} INFO - Using connection ID 'fs_default' for task execution.
[2023-10-17T11:19:35.170+0000] {filesystem.py:64} INFO - Poking for file /opt/in/tiktok_google_play_reviews.csv
[2023-10-17T11:19:35.170+0000] {filesystem.py:69} INFO - Found File /opt/in/tiktok_google_play_reviews.csv last modified: 20220405221612
[2023-10-17T11:19:35.171+0000] {base.py:287} INFO - Success criteria met. Exiting.
[2023-10-17T11:19:35.181+0000] {taskinstance.py:1400} INFO - Marking task as SUCCESS. dag_id=copy_tranform_to_mongo, task_id=waiting_for_data, execution_date=20210508T000000, start_date=20231017T111935, end_date=20231017T111935
[2023-10-17T11:19:35.216+0000] {local_task_job_runner.py:228} INFO - Task exited with return code 0
[2023-10-17T11:19:35.234+0000] {taskinstance.py:2778} INFO - 0 downstream tasks scheduled from follow-on schedule check
[2023-10-18T10:43:09.687+0000] {taskinstance.py:1159} INFO - Dependencies all met for dep_context=non-requeueable deps ti=<TaskInstance: copy_tranform_to_mongo.waiting_for_data scheduled__2021-05-08T00:00:00+00:00 [queued]>
[2023-10-18T10:43:09.698+0000] {taskinstance.py:1159} INFO - Dependencies all met for dep_context=requeueable deps ti=<TaskInstance: copy_tranform_to_mongo.waiting_for_data scheduled__2021-05-08T00:00:00+00:00 [queued]>
[2023-10-18T10:43:09.698+0000] {taskinstance.py:1361} INFO - Starting attempt 1 of 1
[2023-10-18T10:43:09.709+0000] {taskinstance.py:1382} INFO - Executing <Task(FileSensor): waiting_for_data> on 2021-05-08 00:00:00+00:00
[2023-10-18T10:43:09.716+0000] {standard_task_runner.py:57} INFO - Started process 1653 to run task
[2023-10-18T10:43:09.719+0000] {standard_task_runner.py:84} INFO - Running: ['***', 'tasks', 'run', 'copy_tranform_to_mongo', 'waiting_for_data', 'scheduled__2021-05-08T00:00:00+00:00', '--job-id', '131', '--raw', '--subdir', 'DAGS_FOLDER/file_***-mongo.py', '--cfg-path', '/tmp/tmpwj1owj2t']
[2023-10-18T10:43:09.720+0000] {standard_task_runner.py:85} INFO - Job 131: Subtask waiting_for_data
[2023-10-18T10:43:09.771+0000] {task_command.py:416} INFO - Running <TaskInstance: copy_tranform_to_mongo.waiting_for_data scheduled__2021-05-08T00:00:00+00:00 [running]> on host 2473b23ba069
[2023-10-18T10:43:09.853+0000] {taskinstance.py:1662} INFO - Exporting env vars: AIRFLOW_CTX_DAG_OWNER='***' AIRFLOW_CTX_DAG_ID='copy_tranform_to_mongo' AIRFLOW_CTX_TASK_ID='waiting_for_data' AIRFLOW_CTX_EXECUTION_DATE='2021-05-08T00:00:00+00:00' AIRFLOW_CTX_TRY_NUMBER='1' AIRFLOW_CTX_DAG_RUN_ID='scheduled__2021-05-08T00:00:00+00:00'
[2023-10-18T10:43:09.867+0000] {taskinstance.py:1937} ERROR - Task failed with exception
Traceback (most recent call last):
  File "/home/airflow/.local/lib/python3.8/site-packages/airflow/sensors/base.py", line 257, in execute
    raise e
  File "/home/airflow/.local/lib/python3.8/site-packages/airflow/sensors/base.py", line 239, in execute
    poke_return = self.poke(context)
  File "/home/airflow/.local/lib/python3.8/site-packages/airflow/sensors/filesystem.py", line 61, in poke
    hook = FSHook(self.fs_conn_id)
  File "/home/airflow/.local/lib/python3.8/site-packages/airflow/hooks/filesystem.py", line 38, in __init__
    conn = self.get_connection(conn_id)
  File "/home/airflow/.local/lib/python3.8/site-packages/airflow/hooks/base.py", line 72, in get_connection
    conn = Connection.get_connection_from_secrets(conn_id)
  File "/home/airflow/.local/lib/python3.8/site-packages/airflow/models/connection.py", line 477, in get_connection_from_secrets
    raise AirflowNotFoundException(f"The conn_id `{conn_id}` isn't defined")
airflow.exceptions.AirflowNotFoundException: The conn_id `fs_default` isn't defined
[2023-10-18T10:43:09.870+0000] {taskinstance.py:1400} INFO - Marking task as FAILED. dag_id=copy_tranform_to_mongo, task_id=waiting_for_data, execution_date=20210508T000000, start_date=20231018T104309, end_date=20231018T104309
[2023-10-18T10:43:09.882+0000] {standard_task_runner.py:104} ERROR - Failed to execute job 131 for task waiting_for_data (The conn_id `fs_default` isn't defined; 1653)
[2023-10-18T10:43:09.891+0000] {local_task_job_runner.py:228} INFO - Task exited with return code 1
[2023-10-18T10:43:09.961+0000] {taskinstance.py:2778} INFO - 0 downstream tasks scheduled from follow-on schedule check
[2023-10-18T11:43:30.032+0000] {taskinstance.py:1159} INFO - Dependencies all met for dep_context=non-requeueable deps ti=<TaskInstance: copy_tranform_to_mongo.waiting_for_data scheduled__2021-05-08T00:00:00+00:00 [queued]>
[2023-10-18T11:43:30.044+0000] {taskinstance.py:1159} INFO - Dependencies all met for dep_context=requeueable deps ti=<TaskInstance: copy_tranform_to_mongo.waiting_for_data scheduled__2021-05-08T00:00:00+00:00 [queued]>
[2023-10-18T11:43:30.045+0000] {taskinstance.py:1361} INFO - Starting attempt 1 of 1
[2023-10-18T11:43:30.063+0000] {taskinstance.py:1382} INFO - Executing <Task(FileSensor): waiting_for_data> on 2021-05-08 00:00:00+00:00
[2023-10-18T11:43:30.073+0000] {standard_task_runner.py:57} INFO - Started process 974 to run task
[2023-10-18T11:43:30.076+0000] {standard_task_runner.py:84} INFO - Running: ['***', 'tasks', 'run', 'copy_tranform_to_mongo', 'waiting_for_data', 'scheduled__2021-05-08T00:00:00+00:00', '--job-id', '220', '--raw', '--subdir', 'DAGS_FOLDER/file_***-mongo.py', '--cfg-path', '/tmp/tmpefcirbl3']
[2023-10-18T11:43:30.077+0000] {standard_task_runner.py:85} INFO - Job 220: Subtask waiting_for_data
[2023-10-18T11:43:30.141+0000] {task_command.py:416} INFO - Running <TaskInstance: copy_tranform_to_mongo.waiting_for_data scheduled__2021-05-08T00:00:00+00:00 [running]> on host 0e68aa52dfc7
[2023-10-18T11:43:30.237+0000] {taskinstance.py:1662} INFO - Exporting env vars: AIRFLOW_CTX_DAG_OWNER='***' AIRFLOW_CTX_DAG_ID='copy_tranform_to_mongo' AIRFLOW_CTX_TASK_ID='waiting_for_data' AIRFLOW_CTX_EXECUTION_DATE='2021-05-08T00:00:00+00:00' AIRFLOW_CTX_TRY_NUMBER='1' AIRFLOW_CTX_DAG_RUN_ID='scheduled__2021-05-08T00:00:00+00:00'
[2023-10-18T11:43:30.257+0000] {base.py:73} INFO - Using connection ID 'fs_default' for task execution.
[2023-10-18T11:43:30.258+0000] {filesystem.py:64} INFO - Poking for file /opt/in/tiktok_google_play_reviews.csv
[2023-10-18T11:43:30.259+0000] {filesystem.py:69} INFO - Found File /opt/in/tiktok_google_play_reviews.csv last modified: 20220405221612
[2023-10-18T11:43:30.259+0000] {base.py:287} INFO - Success criteria met. Exiting.
[2023-10-18T11:43:30.271+0000] {taskinstance.py:1400} INFO - Marking task as SUCCESS. dag_id=copy_tranform_to_mongo, task_id=waiting_for_data, execution_date=20210508T000000, start_date=20231018T114330, end_date=20231018T114330
[2023-10-18T11:43:30.332+0000] {local_task_job_runner.py:228} INFO - Task exited with return code 0
[2023-10-18T11:43:30.368+0000] {taskinstance.py:2778} INFO - 1 downstream tasks scheduled from follow-on schedule check
[2023-10-19T12:44:22.167+0000] {taskinstance.py:1159} INFO - Dependencies all met for dep_context=non-requeueable deps ti=<TaskInstance: copy_tranform_to_mongo.waiting_for_data scheduled__2021-05-08T00:00:00+00:00 [queued]>
[2023-10-19T12:44:22.172+0000] {taskinstance.py:1159} INFO - Dependencies all met for dep_context=requeueable deps ti=<TaskInstance: copy_tranform_to_mongo.waiting_for_data scheduled__2021-05-08T00:00:00+00:00 [queued]>
[2023-10-19T12:44:22.172+0000] {taskinstance.py:1361} INFO - Starting attempt 1 of 1
[2023-10-19T12:44:22.181+0000] {taskinstance.py:1382} INFO - Executing <Task(FileSensor): waiting_for_data> on 2021-05-08 00:00:00+00:00
[2023-10-19T12:44:22.185+0000] {standard_task_runner.py:57} INFO - Started process 1182 to run task
[2023-10-19T12:44:22.187+0000] {standard_task_runner.py:84} INFO - Running: ['***', 'tasks', 'run', 'copy_tranform_to_mongo', 'waiting_for_data', 'scheduled__2021-05-08T00:00:00+00:00', '--job-id', '255', '--raw', '--subdir', 'DAGS_FOLDER/file_***-mongo.py', '--cfg-path', '/tmp/tmpwuhgl53j']
[2023-10-19T12:44:22.187+0000] {standard_task_runner.py:85} INFO - Job 255: Subtask waiting_for_data
[2023-10-19T12:44:22.220+0000] {task_command.py:416} INFO - Running <TaskInstance: copy_tranform_to_mongo.waiting_for_data scheduled__2021-05-08T00:00:00+00:00 [running]> on host 6f5df7fea6fd
[2023-10-19T12:44:22.268+0000] {taskinstance.py:1662} INFO - Exporting env vars: AIRFLOW_CTX_DAG_OWNER='***' AIRFLOW_CTX_DAG_ID='copy_tranform_to_mongo' AIRFLOW_CTX_TASK_ID='waiting_for_data' AIRFLOW_CTX_EXECUTION_DATE='2021-05-08T00:00:00+00:00' AIRFLOW_CTX_TRY_NUMBER='1' AIRFLOW_CTX_DAG_RUN_ID='scheduled__2021-05-08T00:00:00+00:00'
[2023-10-19T12:44:22.275+0000] {base.py:73} INFO - Using connection ID 'fs_default' for task execution.
[2023-10-19T12:44:22.276+0000] {filesystem.py:64} INFO - Poking for file /opt/in/tiktok_google_play_reviews.csv
[2023-10-19T12:44:22.276+0000] {filesystem.py:69} INFO - Found File /opt/in/tiktok_google_play_reviews.csv last modified: 20220405221612
[2023-10-19T12:44:22.276+0000] {base.py:287} INFO - Success criteria met. Exiting.
[2023-10-19T12:44:22.282+0000] {taskinstance.py:1400} INFO - Marking task as SUCCESS. dag_id=copy_tranform_to_mongo, task_id=waiting_for_data, execution_date=20210508T000000, start_date=20231019T124422, end_date=20231019T124422
[2023-10-19T12:44:22.319+0000] {local_task_job_runner.py:228} INFO - Task exited with return code 0
[2023-10-19T12:44:22.350+0000] {taskinstance.py:2778} INFO - 1 downstream tasks scheduled from follow-on schedule check
