[2023-10-17T11:20:34.205+0000] {taskinstance.py:1159} INFO - Dependencies all met for dep_context=non-requeueable deps ti=<TaskInstance: copy_tranform_to_mongo.waiting_for_data scheduled__2021-09-30T00:00:00+00:00 [queued]>
[2023-10-17T11:20:34.215+0000] {taskinstance.py:1159} INFO - Dependencies all met for dep_context=requeueable deps ti=<TaskInstance: copy_tranform_to_mongo.waiting_for_data scheduled__2021-09-30T00:00:00+00:00 [queued]>
[2023-10-17T11:20:34.216+0000] {taskinstance.py:1361} INFO - Starting attempt 1 of 1
[2023-10-17T11:20:34.235+0000] {taskinstance.py:1382} INFO - Executing <Task(FileSensor): waiting_for_data> on 2021-09-30 00:00:00+00:00
[2023-10-17T11:20:34.244+0000] {standard_task_runner.py:57} INFO - Started process 995 to run task
[2023-10-17T11:20:34.248+0000] {standard_task_runner.py:84} INFO - Running: ['***', 'tasks', 'run', 'copy_tranform_to_mongo', 'waiting_for_data', 'scheduled__2021-09-30T00:00:00+00:00', '--job-id', '277', '--raw', '--subdir', 'DAGS_FOLDER/file_***-mongo.py', '--cfg-path', '/tmp/tmp2z2q7ry8']
[2023-10-17T11:20:34.249+0000] {standard_task_runner.py:85} INFO - Job 277: Subtask waiting_for_data
[2023-10-17T11:20:34.299+0000] {task_command.py:416} INFO - Running <TaskInstance: copy_tranform_to_mongo.waiting_for_data scheduled__2021-09-30T00:00:00+00:00 [running]> on host 238c1d4ff767
[2023-10-17T11:20:34.375+0000] {taskinstance.py:1662} INFO - Exporting env vars: AIRFLOW_CTX_DAG_OWNER='***' AIRFLOW_CTX_DAG_ID='copy_tranform_to_mongo' AIRFLOW_CTX_TASK_ID='waiting_for_data' AIRFLOW_CTX_EXECUTION_DATE='2021-09-30T00:00:00+00:00' AIRFLOW_CTX_TRY_NUMBER='1' AIRFLOW_CTX_DAG_RUN_ID='scheduled__2021-09-30T00:00:00+00:00'
[2023-10-17T11:20:34.386+0000] {base.py:73} INFO - Using connection ID 'fs_default' for task execution.
[2023-10-17T11:20:34.386+0000] {filesystem.py:64} INFO - Poking for file /opt/in/tiktok_google_play_reviews.csv
[2023-10-17T11:20:34.386+0000] {filesystem.py:69} INFO - Found File /opt/in/tiktok_google_play_reviews.csv last modified: 20220405221612
[2023-10-17T11:20:34.387+0000] {base.py:287} INFO - Success criteria met. Exiting.
[2023-10-17T11:20:34.398+0000] {taskinstance.py:1400} INFO - Marking task as SUCCESS. dag_id=copy_tranform_to_mongo, task_id=waiting_for_data, execution_date=20210930T000000, start_date=20231017T112034, end_date=20231017T112034
[2023-10-17T11:20:34.420+0000] {local_task_job_runner.py:228} INFO - Task exited with return code 0
[2023-10-17T11:20:34.438+0000] {taskinstance.py:2778} INFO - 0 downstream tasks scheduled from follow-on schedule check
[2023-10-18T11:45:00.572+0000] {taskinstance.py:1159} INFO - Dependencies all met for dep_context=non-requeueable deps ti=<TaskInstance: copy_tranform_to_mongo.waiting_for_data scheduled__2021-09-30T00:00:00+00:00 [queued]>
[2023-10-18T11:45:00.581+0000] {taskinstance.py:1159} INFO - Dependencies all met for dep_context=requeueable deps ti=<TaskInstance: copy_tranform_to_mongo.waiting_for_data scheduled__2021-09-30T00:00:00+00:00 [queued]>
[2023-10-18T11:45:00.582+0000] {taskinstance.py:1361} INFO - Starting attempt 1 of 1
[2023-10-18T11:45:00.597+0000] {taskinstance.py:1382} INFO - Executing <Task(FileSensor): waiting_for_data> on 2021-09-30 00:00:00+00:00
[2023-10-18T11:45:00.602+0000] {standard_task_runner.py:57} INFO - Started process 1579 to run task
[2023-10-18T11:45:00.604+0000] {standard_task_runner.py:84} INFO - Running: ['***', 'tasks', 'run', 'copy_tranform_to_mongo', 'waiting_for_data', 'scheduled__2021-09-30T00:00:00+00:00', '--job-id', '510', '--raw', '--subdir', 'DAGS_FOLDER/file_***-mongo.py', '--cfg-path', '/tmp/tmpmju1dwug']
[2023-10-18T11:45:00.605+0000] {standard_task_runner.py:85} INFO - Job 510: Subtask waiting_for_data
[2023-10-18T11:45:00.644+0000] {task_command.py:416} INFO - Running <TaskInstance: copy_tranform_to_mongo.waiting_for_data scheduled__2021-09-30T00:00:00+00:00 [running]> on host 0e68aa52dfc7
[2023-10-18T11:45:00.709+0000] {taskinstance.py:1662} INFO - Exporting env vars: AIRFLOW_CTX_DAG_OWNER='***' AIRFLOW_CTX_DAG_ID='copy_tranform_to_mongo' AIRFLOW_CTX_TASK_ID='waiting_for_data' AIRFLOW_CTX_EXECUTION_DATE='2021-09-30T00:00:00+00:00' AIRFLOW_CTX_TRY_NUMBER='1' AIRFLOW_CTX_DAG_RUN_ID='scheduled__2021-09-30T00:00:00+00:00'
[2023-10-18T11:45:00.719+0000] {base.py:73} INFO - Using connection ID 'fs_default' for task execution.
[2023-10-18T11:45:00.719+0000] {filesystem.py:64} INFO - Poking for file /opt/in/tiktok_google_play_reviews.csv
[2023-10-18T11:45:00.719+0000] {filesystem.py:69} INFO - Found File /opt/in/tiktok_google_play_reviews.csv last modified: 20220405221612
[2023-10-18T11:45:00.720+0000] {base.py:287} INFO - Success criteria met. Exiting.
[2023-10-18T11:45:00.729+0000] {taskinstance.py:1400} INFO - Marking task as SUCCESS. dag_id=copy_tranform_to_mongo, task_id=waiting_for_data, execution_date=20210930T000000, start_date=20231018T114500, end_date=20231018T114500
[2023-10-18T11:45:00.776+0000] {local_task_job_runner.py:228} INFO - Task exited with return code 0
[2023-10-18T11:45:00.834+0000] {taskinstance.py:2778} INFO - 0 downstream tasks scheduled from follow-on schedule check
