[2023-10-17T11:27:42.482+0000] {taskinstance.py:1159} INFO - Dependencies all met for dep_context=non-requeueable deps ti=<TaskInstance: copy_tranform_to_mongo.waiting_for_data scheduled__2023-10-11T00:00:00+00:00 [queued]>
[2023-10-17T11:27:42.487+0000] {taskinstance.py:1159} INFO - Dependencies all met for dep_context=requeueable deps ti=<TaskInstance: copy_tranform_to_mongo.waiting_for_data scheduled__2023-10-11T00:00:00+00:00 [queued]>
[2023-10-17T11:27:42.488+0000] {taskinstance.py:1361} INFO - Starting attempt 1 of 1
[2023-10-17T11:27:42.500+0000] {taskinstance.py:1382} INFO - Executing <Task(FileSensor): waiting_for_data> on 2023-10-11 00:00:00+00:00
[2023-10-17T11:27:42.504+0000] {standard_task_runner.py:57} INFO - Started process 2578 to run task
[2023-10-17T11:27:42.506+0000] {standard_task_runner.py:84} INFO - Running: ['***', 'tasks', 'run', 'copy_tranform_to_mongo', 'waiting_for_data', 'scheduled__2023-10-11T00:00:00+00:00', '--job-id', '1018', '--raw', '--subdir', 'DAGS_FOLDER/file_***-mongo.py', '--cfg-path', '/tmp/tmpogjcf9n_']
[2023-10-17T11:27:42.507+0000] {standard_task_runner.py:85} INFO - Job 1018: Subtask waiting_for_data
[2023-10-17T11:27:42.540+0000] {task_command.py:416} INFO - Running <TaskInstance: copy_tranform_to_mongo.waiting_for_data scheduled__2023-10-11T00:00:00+00:00 [running]> on host 238c1d4ff767
[2023-10-17T11:27:42.594+0000] {taskinstance.py:1662} INFO - Exporting env vars: AIRFLOW_CTX_DAG_OWNER='***' AIRFLOW_CTX_DAG_ID='copy_tranform_to_mongo' AIRFLOW_CTX_TASK_ID='waiting_for_data' AIRFLOW_CTX_EXECUTION_DATE='2023-10-11T00:00:00+00:00' AIRFLOW_CTX_TRY_NUMBER='1' AIRFLOW_CTX_DAG_RUN_ID='scheduled__2023-10-11T00:00:00+00:00'
[2023-10-17T11:27:42.601+0000] {base.py:73} INFO - Using connection ID 'fs_default' for task execution.
[2023-10-17T11:27:42.601+0000] {filesystem.py:64} INFO - Poking for file /opt/in/tiktok_google_play_reviews.csv
[2023-10-17T11:27:42.602+0000] {filesystem.py:69} INFO - Found File /opt/in/tiktok_google_play_reviews.csv last modified: 20220405221612
[2023-10-17T11:27:42.602+0000] {base.py:287} INFO - Success criteria met. Exiting.
[2023-10-17T11:27:42.609+0000] {taskinstance.py:1400} INFO - Marking task as SUCCESS. dag_id=copy_tranform_to_mongo, task_id=waiting_for_data, execution_date=20231011T000000, start_date=20231017T112742, end_date=20231017T112742
[2023-10-17T11:27:42.638+0000] {local_task_job_runner.py:228} INFO - Task exited with return code 0
[2023-10-17T11:27:42.663+0000] {taskinstance.py:2778} INFO - 0 downstream tasks scheduled from follow-on schedule check
[2023-10-18T11:52:46.224+0000] {taskinstance.py:1159} INFO - Dependencies all met for dep_context=non-requeueable deps ti=<TaskInstance: copy_tranform_to_mongo.waiting_for_data scheduled__2023-10-11T00:00:00+00:00 [queued]>
[2023-10-18T11:52:46.240+0000] {taskinstance.py:1159} INFO - Dependencies all met for dep_context=requeueable deps ti=<TaskInstance: copy_tranform_to_mongo.waiting_for_data scheduled__2023-10-11T00:00:00+00:00 [queued]>
[2023-10-18T11:52:46.241+0000] {taskinstance.py:1361} INFO - Starting attempt 1 of 1
[2023-10-18T11:52:46.300+0000] {taskinstance.py:1382} INFO - Executing <Task(FileSensor): waiting_for_data> on 2023-10-11 00:00:00+00:00
[2023-10-18T11:52:46.308+0000] {standard_task_runner.py:57} INFO - Started process 4650 to run task
[2023-10-18T11:52:46.316+0000] {standard_task_runner.py:84} INFO - Running: ['***', 'tasks', 'run', 'copy_tranform_to_mongo', 'waiting_for_data', 'scheduled__2023-10-11T00:00:00+00:00', '--job-id', '1990', '--raw', '--subdir', 'DAGS_FOLDER/file_***-mongo.py', '--cfg-path', '/tmp/tmpv7zav0a8']
[2023-10-18T11:52:46.317+0000] {standard_task_runner.py:85} INFO - Job 1990: Subtask waiting_for_data
[2023-10-18T11:52:46.377+0000] {task_command.py:416} INFO - Running <TaskInstance: copy_tranform_to_mongo.waiting_for_data scheduled__2023-10-11T00:00:00+00:00 [running]> on host 0e68aa52dfc7
[2023-10-18T11:52:46.496+0000] {taskinstance.py:1662} INFO - Exporting env vars: AIRFLOW_CTX_DAG_OWNER='***' AIRFLOW_CTX_DAG_ID='copy_tranform_to_mongo' AIRFLOW_CTX_TASK_ID='waiting_for_data' AIRFLOW_CTX_EXECUTION_DATE='2023-10-11T00:00:00+00:00' AIRFLOW_CTX_TRY_NUMBER='1' AIRFLOW_CTX_DAG_RUN_ID='scheduled__2023-10-11T00:00:00+00:00'
[2023-10-18T11:52:46.509+0000] {base.py:73} INFO - Using connection ID 'fs_default' for task execution.
[2023-10-18T11:52:46.510+0000] {filesystem.py:64} INFO - Poking for file /opt/in/tiktok_google_play_reviews.csv
[2023-10-18T11:52:46.510+0000] {filesystem.py:69} INFO - Found File /opt/in/tiktok_google_play_reviews.csv last modified: 20220405221612
[2023-10-18T11:52:46.511+0000] {base.py:287} INFO - Success criteria met. Exiting.
[2023-10-18T11:52:46.524+0000] {taskinstance.py:1400} INFO - Marking task as SUCCESS. dag_id=copy_tranform_to_mongo, task_id=waiting_for_data, execution_date=20231011T000000, start_date=20231018T115246, end_date=20231018T115246
[2023-10-18T11:52:46.572+0000] {local_task_job_runner.py:228} INFO - Task exited with return code 0
[2023-10-18T11:52:46.634+0000] {taskinstance.py:2778} INFO - 0 downstream tasks scheduled from follow-on schedule check
