[2023-10-17T11:20:21.528+0000] {taskinstance.py:1159} INFO - Dependencies all met for dep_context=non-requeueable deps ti=<TaskInstance: copy_tranform_to_mongo.waiting_for_data scheduled__2021-09-02T00:00:00+00:00 [queued]>
[2023-10-17T11:20:21.538+0000] {taskinstance.py:1159} INFO - Dependencies all met for dep_context=requeueable deps ti=<TaskInstance: copy_tranform_to_mongo.waiting_for_data scheduled__2021-09-02T00:00:00+00:00 [queued]>
[2023-10-17T11:20:21.538+0000] {taskinstance.py:1361} INFO - Starting attempt 1 of 1
[2023-10-17T11:20:21.554+0000] {taskinstance.py:1382} INFO - Executing <Task(FileSensor): waiting_for_data> on 2021-09-02 00:00:00+00:00
[2023-10-17T11:20:21.562+0000] {standard_task_runner.py:57} INFO - Started process 939 to run task
[2023-10-17T11:20:21.565+0000] {standard_task_runner.py:84} INFO - Running: ['***', 'tasks', 'run', 'copy_tranform_to_mongo', 'waiting_for_data', 'scheduled__2021-09-02T00:00:00+00:00', '--job-id', '249', '--raw', '--subdir', 'DAGS_FOLDER/file_***-mongo.py', '--cfg-path', '/tmp/tmpaj3g7zap']
[2023-10-17T11:20:21.566+0000] {standard_task_runner.py:85} INFO - Job 249: Subtask waiting_for_data
[2023-10-17T11:20:21.608+0000] {task_command.py:416} INFO - Running <TaskInstance: copy_tranform_to_mongo.waiting_for_data scheduled__2021-09-02T00:00:00+00:00 [running]> on host 238c1d4ff767
[2023-10-17T11:20:21.682+0000] {taskinstance.py:1662} INFO - Exporting env vars: AIRFLOW_CTX_DAG_OWNER='***' AIRFLOW_CTX_DAG_ID='copy_tranform_to_mongo' AIRFLOW_CTX_TASK_ID='waiting_for_data' AIRFLOW_CTX_EXECUTION_DATE='2021-09-02T00:00:00+00:00' AIRFLOW_CTX_TRY_NUMBER='1' AIRFLOW_CTX_DAG_RUN_ID='scheduled__2021-09-02T00:00:00+00:00'
[2023-10-17T11:20:21.690+0000] {base.py:73} INFO - Using connection ID 'fs_default' for task execution.
[2023-10-17T11:20:21.690+0000] {filesystem.py:64} INFO - Poking for file /opt/in/tiktok_google_play_reviews.csv
[2023-10-17T11:20:21.691+0000] {filesystem.py:69} INFO - Found File /opt/in/tiktok_google_play_reviews.csv last modified: 20220405221612
[2023-10-17T11:20:21.691+0000] {base.py:287} INFO - Success criteria met. Exiting.
[2023-10-17T11:20:21.700+0000] {taskinstance.py:1400} INFO - Marking task as SUCCESS. dag_id=copy_tranform_to_mongo, task_id=waiting_for_data, execution_date=20210902T000000, start_date=20231017T112021, end_date=20231017T112021
[2023-10-17T11:20:21.738+0000] {local_task_job_runner.py:228} INFO - Task exited with return code 0
[2023-10-17T11:20:21.750+0000] {taskinstance.py:2778} INFO - 0 downstream tasks scheduled from follow-on schedule check
[2023-10-18T10:48:07.967+0000] {taskinstance.py:1159} INFO - Dependencies all met for dep_context=non-requeueable deps ti=<TaskInstance: copy_tranform_to_mongo.waiting_for_data scheduled__2021-09-02T00:00:00+00:00 [queued]>
[2023-10-18T10:48:07.981+0000] {taskinstance.py:1159} INFO - Dependencies all met for dep_context=requeueable deps ti=<TaskInstance: copy_tranform_to_mongo.waiting_for_data scheduled__2021-09-02T00:00:00+00:00 [queued]>
[2023-10-18T10:48:07.982+0000] {taskinstance.py:1361} INFO - Starting attempt 1 of 1
[2023-10-18T10:48:08.001+0000] {taskinstance.py:1382} INFO - Executing <Task(FileSensor): waiting_for_data> on 2021-09-02 00:00:00+00:00
[2023-10-18T10:48:08.011+0000] {standard_task_runner.py:57} INFO - Started process 2050 to run task
[2023-10-18T10:48:08.016+0000] {standard_task_runner.py:84} INFO - Running: ['***', 'tasks', 'run', 'copy_tranform_to_mongo', 'waiting_for_data', 'scheduled__2021-09-02T00:00:00+00:00', '--job-id', '288', '--raw', '--subdir', 'DAGS_FOLDER/file_***-mongo.py', '--cfg-path', '/tmp/tmpxpqk9rv6']
[2023-10-18T10:48:08.017+0000] {standard_task_runner.py:85} INFO - Job 288: Subtask waiting_for_data
[2023-10-18T10:48:08.089+0000] {task_command.py:416} INFO - Running <TaskInstance: copy_tranform_to_mongo.waiting_for_data scheduled__2021-09-02T00:00:00+00:00 [running]> on host 2473b23ba069
[2023-10-18T10:48:08.181+0000] {taskinstance.py:1662} INFO - Exporting env vars: AIRFLOW_CTX_DAG_OWNER='***' AIRFLOW_CTX_DAG_ID='copy_tranform_to_mongo' AIRFLOW_CTX_TASK_ID='waiting_for_data' AIRFLOW_CTX_EXECUTION_DATE='2021-09-02T00:00:00+00:00' AIRFLOW_CTX_TRY_NUMBER='1' AIRFLOW_CTX_DAG_RUN_ID='scheduled__2021-09-02T00:00:00+00:00'
[2023-10-18T10:48:08.194+0000] {base.py:73} INFO - Using connection ID 'fs_default' for task execution.
[2023-10-18T10:48:08.195+0000] {filesystem.py:64} INFO - Poking for file /opt/in/tiktok_google_play_reviews.csv
[2023-10-18T10:48:08.195+0000] {filesystem.py:69} INFO - Found File /opt/in/tiktok_google_play_reviews.csv last modified: 20220405221612
[2023-10-18T10:48:08.195+0000] {base.py:287} INFO - Success criteria met. Exiting.
[2023-10-18T10:48:08.208+0000] {taskinstance.py:1400} INFO - Marking task as SUCCESS. dag_id=copy_tranform_to_mongo, task_id=waiting_for_data, execution_date=20210902T000000, start_date=20231018T104807, end_date=20231018T104808
[2023-10-18T10:48:08.234+0000] {local_task_job_runner.py:228} INFO - Task exited with return code 0
[2023-10-18T10:48:08.281+0000] {taskinstance.py:2778} INFO - 1 downstream tasks scheduled from follow-on schedule check
[2023-10-18T11:44:44.523+0000] {taskinstance.py:1159} INFO - Dependencies all met for dep_context=non-requeueable deps ti=<TaskInstance: copy_tranform_to_mongo.waiting_for_data scheduled__2021-09-02T00:00:00+00:00 [queued]>
[2023-10-18T11:44:44.533+0000] {taskinstance.py:1159} INFO - Dependencies all met for dep_context=requeueable deps ti=<TaskInstance: copy_tranform_to_mongo.waiting_for_data scheduled__2021-09-02T00:00:00+00:00 [queued]>
[2023-10-18T11:44:44.533+0000] {taskinstance.py:1361} INFO - Starting attempt 1 of 1
[2023-10-18T11:44:44.550+0000] {taskinstance.py:1382} INFO - Executing <Task(FileSensor): waiting_for_data> on 2021-09-02 00:00:00+00:00
[2023-10-18T11:44:44.559+0000] {standard_task_runner.py:57} INFO - Started process 1458 to run task
[2023-10-18T11:44:44.562+0000] {standard_task_runner.py:84} INFO - Running: ['***', 'tasks', 'run', 'copy_tranform_to_mongo', 'waiting_for_data', 'scheduled__2021-09-02T00:00:00+00:00', '--job-id', '454', '--raw', '--subdir', 'DAGS_FOLDER/file_***-mongo.py', '--cfg-path', '/tmp/tmp27ha483y']
[2023-10-18T11:44:44.564+0000] {standard_task_runner.py:85} INFO - Job 454: Subtask waiting_for_data
[2023-10-18T11:44:44.609+0000] {task_command.py:416} INFO - Running <TaskInstance: copy_tranform_to_mongo.waiting_for_data scheduled__2021-09-02T00:00:00+00:00 [running]> on host 0e68aa52dfc7
[2023-10-18T11:44:44.693+0000] {taskinstance.py:1662} INFO - Exporting env vars: AIRFLOW_CTX_DAG_OWNER='***' AIRFLOW_CTX_DAG_ID='copy_tranform_to_mongo' AIRFLOW_CTX_TASK_ID='waiting_for_data' AIRFLOW_CTX_EXECUTION_DATE='2021-09-02T00:00:00+00:00' AIRFLOW_CTX_TRY_NUMBER='1' AIRFLOW_CTX_DAG_RUN_ID='scheduled__2021-09-02T00:00:00+00:00'
[2023-10-18T11:44:44.706+0000] {base.py:73} INFO - Using connection ID 'fs_default' for task execution.
[2023-10-18T11:44:44.707+0000] {filesystem.py:64} INFO - Poking for file /opt/in/tiktok_google_play_reviews.csv
[2023-10-18T11:44:44.708+0000] {filesystem.py:69} INFO - Found File /opt/in/tiktok_google_play_reviews.csv last modified: 20220405221612
[2023-10-18T11:44:44.708+0000] {base.py:287} INFO - Success criteria met. Exiting.
[2023-10-18T11:44:44.717+0000] {taskinstance.py:1400} INFO - Marking task as SUCCESS. dag_id=copy_tranform_to_mongo, task_id=waiting_for_data, execution_date=20210902T000000, start_date=20231018T114444, end_date=20231018T114444
[2023-10-18T11:44:44.776+0000] {local_task_job_runner.py:228} INFO - Task exited with return code 0
[2023-10-18T11:44:44.821+0000] {taskinstance.py:2778} INFO - 0 downstream tasks scheduled from follow-on schedule check
