[2023-10-17T11:23:49.809+0000] {taskinstance.py:1159} INFO - Dependencies all met for dep_context=non-requeueable deps ti=<TaskInstance: copy_tranform_to_mongo.waiting_for_data scheduled__2022-09-15T00:00:00+00:00 [queued]>
[2023-10-17T11:23:49.814+0000] {taskinstance.py:1159} INFO - Dependencies all met for dep_context=requeueable deps ti=<TaskInstance: copy_tranform_to_mongo.waiting_for_data scheduled__2022-09-15T00:00:00+00:00 [queued]>
[2023-10-17T11:23:49.814+0000] {taskinstance.py:1361} INFO - Starting attempt 1 of 1
[2023-10-17T11:23:49.823+0000] {taskinstance.py:1382} INFO - Executing <Task(FileSensor): waiting_for_data> on 2022-09-15 00:00:00+00:00
[2023-10-17T11:23:49.827+0000] {standard_task_runner.py:57} INFO - Started process 1740 to run task
[2023-10-17T11:23:49.829+0000] {standard_task_runner.py:84} INFO - Running: ['***', 'tasks', 'run', 'copy_tranform_to_mongo', 'waiting_for_data', 'scheduled__2022-09-15T00:00:00+00:00', '--job-id', '627', '--raw', '--subdir', 'DAGS_FOLDER/file_***-mongo.py', '--cfg-path', '/tmp/tmpoj9jfux0']
[2023-10-17T11:23:49.829+0000] {standard_task_runner.py:85} INFO - Job 627: Subtask waiting_for_data
[2023-10-17T11:23:49.862+0000] {task_command.py:416} INFO - Running <TaskInstance: copy_tranform_to_mongo.waiting_for_data scheduled__2022-09-15T00:00:00+00:00 [running]> on host 238c1d4ff767
[2023-10-17T11:23:49.914+0000] {taskinstance.py:1662} INFO - Exporting env vars: AIRFLOW_CTX_DAG_OWNER='***' AIRFLOW_CTX_DAG_ID='copy_tranform_to_mongo' AIRFLOW_CTX_TASK_ID='waiting_for_data' AIRFLOW_CTX_EXECUTION_DATE='2022-09-15T00:00:00+00:00' AIRFLOW_CTX_TRY_NUMBER='1' AIRFLOW_CTX_DAG_RUN_ID='scheduled__2022-09-15T00:00:00+00:00'
[2023-10-17T11:23:49.921+0000] {base.py:73} INFO - Using connection ID 'fs_default' for task execution.
[2023-10-17T11:23:49.922+0000] {filesystem.py:64} INFO - Poking for file /opt/in/tiktok_google_play_reviews.csv
[2023-10-17T11:23:49.922+0000] {filesystem.py:69} INFO - Found File /opt/in/tiktok_google_play_reviews.csv last modified: 20220405221612
[2023-10-17T11:23:49.922+0000] {base.py:287} INFO - Success criteria met. Exiting.
[2023-10-17T11:23:49.929+0000] {taskinstance.py:1400} INFO - Marking task as SUCCESS. dag_id=copy_tranform_to_mongo, task_id=waiting_for_data, execution_date=20220915T000000, start_date=20231017T112349, end_date=20231017T112349
[2023-10-17T11:23:49.961+0000] {local_task_job_runner.py:228} INFO - Task exited with return code 0
[2023-10-17T11:23:49.986+0000] {taskinstance.py:2778} INFO - 0 downstream tasks scheduled from follow-on schedule check
[2023-10-18T11:48:33.591+0000] {taskinstance.py:1159} INFO - Dependencies all met for dep_context=non-requeueable deps ti=<TaskInstance: copy_tranform_to_mongo.waiting_for_data scheduled__2022-09-15T00:00:00+00:00 [queued]>
[2023-10-18T11:48:33.600+0000] {taskinstance.py:1159} INFO - Dependencies all met for dep_context=requeueable deps ti=<TaskInstance: copy_tranform_to_mongo.waiting_for_data scheduled__2022-09-15T00:00:00+00:00 [queued]>
[2023-10-18T11:48:33.600+0000] {taskinstance.py:1361} INFO - Starting attempt 1 of 1
[2023-10-18T11:48:33.615+0000] {taskinstance.py:1382} INFO - Executing <Task(FileSensor): waiting_for_data> on 2022-09-15 00:00:00+00:00
[2023-10-18T11:48:33.623+0000] {standard_task_runner.py:57} INFO - Started process 3020 to run task
[2023-10-18T11:48:33.625+0000] {standard_task_runner.py:84} INFO - Running: ['***', 'tasks', 'run', 'copy_tranform_to_mongo', 'waiting_for_data', 'scheduled__2022-09-15T00:00:00+00:00', '--job-id', '1208', '--raw', '--subdir', 'DAGS_FOLDER/file_***-mongo.py', '--cfg-path', '/tmp/tmpxoc96wuh']
[2023-10-18T11:48:33.626+0000] {standard_task_runner.py:85} INFO - Job 1208: Subtask waiting_for_data
[2023-10-18T11:48:33.668+0000] {task_command.py:416} INFO - Running <TaskInstance: copy_tranform_to_mongo.waiting_for_data scheduled__2022-09-15T00:00:00+00:00 [running]> on host 0e68aa52dfc7
[2023-10-18T11:48:33.733+0000] {taskinstance.py:1662} INFO - Exporting env vars: AIRFLOW_CTX_DAG_OWNER='***' AIRFLOW_CTX_DAG_ID='copy_tranform_to_mongo' AIRFLOW_CTX_TASK_ID='waiting_for_data' AIRFLOW_CTX_EXECUTION_DATE='2022-09-15T00:00:00+00:00' AIRFLOW_CTX_TRY_NUMBER='1' AIRFLOW_CTX_DAG_RUN_ID='scheduled__2022-09-15T00:00:00+00:00'
[2023-10-18T11:48:33.741+0000] {base.py:73} INFO - Using connection ID 'fs_default' for task execution.
[2023-10-18T11:48:33.742+0000] {filesystem.py:64} INFO - Poking for file /opt/in/tiktok_google_play_reviews.csv
[2023-10-18T11:48:33.742+0000] {filesystem.py:69} INFO - Found File /opt/in/tiktok_google_play_reviews.csv last modified: 20220405221612
[2023-10-18T11:48:33.742+0000] {base.py:287} INFO - Success criteria met. Exiting.
[2023-10-18T11:48:33.748+0000] {taskinstance.py:1400} INFO - Marking task as SUCCESS. dag_id=copy_tranform_to_mongo, task_id=waiting_for_data, execution_date=20220915T000000, start_date=20231018T114833, end_date=20231018T114833
[2023-10-18T11:48:33.799+0000] {local_task_job_runner.py:228} INFO - Task exited with return code 0
[2023-10-18T11:48:33.819+0000] {taskinstance.py:2778} INFO - 1 downstream tasks scheduled from follow-on schedule check
