[2023-10-17T11:21:38.372+0000] {taskinstance.py:1159} INFO - Dependencies all met for dep_context=non-requeueable deps ti=<TaskInstance: copy_tranform_to_mongo.waiting_for_data scheduled__2021-12-29T00:00:00+00:00 [queued]>
[2023-10-17T11:21:38.378+0000] {taskinstance.py:1159} INFO - Dependencies all met for dep_context=requeueable deps ti=<TaskInstance: copy_tranform_to_mongo.waiting_for_data scheduled__2021-12-29T00:00:00+00:00 [queued]>
[2023-10-17T11:21:38.379+0000] {taskinstance.py:1361} INFO - Starting attempt 1 of 1
[2023-10-17T11:21:38.390+0000] {taskinstance.py:1382} INFO - Executing <Task(FileSensor): waiting_for_data> on 2021-12-29 00:00:00+00:00
[2023-10-17T11:21:38.397+0000] {standard_task_runner.py:57} INFO - Started process 1189 to run task
[2023-10-17T11:21:38.399+0000] {standard_task_runner.py:84} INFO - Running: ['***', 'tasks', 'run', 'copy_tranform_to_mongo', 'waiting_for_data', 'scheduled__2021-12-29T00:00:00+00:00', '--job-id', '367', '--raw', '--subdir', 'DAGS_FOLDER/file_***-mongo.py', '--cfg-path', '/tmp/tmpdgvr3764']
[2023-10-17T11:21:38.399+0000] {standard_task_runner.py:85} INFO - Job 367: Subtask waiting_for_data
[2023-10-17T11:21:38.435+0000] {task_command.py:416} INFO - Running <TaskInstance: copy_tranform_to_mongo.waiting_for_data scheduled__2021-12-29T00:00:00+00:00 [running]> on host 238c1d4ff767
[2023-10-17T11:21:38.492+0000] {taskinstance.py:1662} INFO - Exporting env vars: AIRFLOW_CTX_DAG_OWNER='***' AIRFLOW_CTX_DAG_ID='copy_tranform_to_mongo' AIRFLOW_CTX_TASK_ID='waiting_for_data' AIRFLOW_CTX_EXECUTION_DATE='2021-12-29T00:00:00+00:00' AIRFLOW_CTX_TRY_NUMBER='1' AIRFLOW_CTX_DAG_RUN_ID='scheduled__2021-12-29T00:00:00+00:00'
[2023-10-17T11:21:38.498+0000] {base.py:73} INFO - Using connection ID 'fs_default' for task execution.
[2023-10-17T11:21:38.499+0000] {filesystem.py:64} INFO - Poking for file /opt/in/tiktok_google_play_reviews.csv
[2023-10-17T11:21:38.499+0000] {filesystem.py:69} INFO - Found File /opt/in/tiktok_google_play_reviews.csv last modified: 20220405221612
[2023-10-17T11:21:38.499+0000] {base.py:287} INFO - Success criteria met. Exiting.
[2023-10-17T11:21:38.505+0000] {taskinstance.py:1400} INFO - Marking task as SUCCESS. dag_id=copy_tranform_to_mongo, task_id=waiting_for_data, execution_date=20211229T000000, start_date=20231017T112138, end_date=20231017T112138
[2023-10-17T11:21:38.531+0000] {local_task_job_runner.py:228} INFO - Task exited with return code 0
[2023-10-17T11:21:38.544+0000] {taskinstance.py:2778} INFO - 0 downstream tasks scheduled from follow-on schedule check
[2023-10-18T11:45:51.250+0000] {taskinstance.py:1159} INFO - Dependencies all met for dep_context=non-requeueable deps ti=<TaskInstance: copy_tranform_to_mongo.waiting_for_data scheduled__2021-12-29T00:00:00+00:00 [queued]>
[2023-10-18T11:45:51.261+0000] {taskinstance.py:1159} INFO - Dependencies all met for dep_context=requeueable deps ti=<TaskInstance: copy_tranform_to_mongo.waiting_for_data scheduled__2021-12-29T00:00:00+00:00 [queued]>
[2023-10-18T11:45:51.261+0000] {taskinstance.py:1361} INFO - Starting attempt 1 of 1
[2023-10-18T11:45:51.276+0000] {taskinstance.py:1382} INFO - Executing <Task(FileSensor): waiting_for_data> on 2021-12-29 00:00:00+00:00
[2023-10-18T11:45:51.283+0000] {standard_task_runner.py:57} INFO - Started process 1941 to run task
[2023-10-18T11:45:51.286+0000] {standard_task_runner.py:84} INFO - Running: ['***', 'tasks', 'run', 'copy_tranform_to_mongo', 'waiting_for_data', 'scheduled__2021-12-29T00:00:00+00:00', '--job-id', '687', '--raw', '--subdir', 'DAGS_FOLDER/file_***-mongo.py', '--cfg-path', '/tmp/tmp8ww886du']
[2023-10-18T11:45:51.287+0000] {standard_task_runner.py:85} INFO - Job 687: Subtask waiting_for_data
[2023-10-18T11:45:51.337+0000] {task_command.py:416} INFO - Running <TaskInstance: copy_tranform_to_mongo.waiting_for_data scheduled__2021-12-29T00:00:00+00:00 [running]> on host 0e68aa52dfc7
[2023-10-18T11:45:51.418+0000] {taskinstance.py:1662} INFO - Exporting env vars: AIRFLOW_CTX_DAG_OWNER='***' AIRFLOW_CTX_DAG_ID='copy_tranform_to_mongo' AIRFLOW_CTX_TASK_ID='waiting_for_data' AIRFLOW_CTX_EXECUTION_DATE='2021-12-29T00:00:00+00:00' AIRFLOW_CTX_TRY_NUMBER='1' AIRFLOW_CTX_DAG_RUN_ID='scheduled__2021-12-29T00:00:00+00:00'
[2023-10-18T11:45:51.429+0000] {base.py:73} INFO - Using connection ID 'fs_default' for task execution.
[2023-10-18T11:45:51.430+0000] {filesystem.py:64} INFO - Poking for file /opt/in/tiktok_google_play_reviews.csv
[2023-10-18T11:45:51.431+0000] {filesystem.py:69} INFO - Found File /opt/in/tiktok_google_play_reviews.csv last modified: 20220405221612
[2023-10-18T11:45:51.433+0000] {base.py:287} INFO - Success criteria met. Exiting.
[2023-10-18T11:45:51.445+0000] {taskinstance.py:1400} INFO - Marking task as SUCCESS. dag_id=copy_tranform_to_mongo, task_id=waiting_for_data, execution_date=20211229T000000, start_date=20231018T114551, end_date=20231018T114551
[2023-10-18T11:45:51.503+0000] {local_task_job_runner.py:228} INFO - Task exited with return code 0
[2023-10-18T11:45:51.539+0000] {taskinstance.py:2778} INFO - 1 downstream tasks scheduled from follow-on schedule check
