[2023-10-17T11:24:35.084+0000] {taskinstance.py:1159} INFO - Dependencies all met for dep_context=non-requeueable deps ti=<TaskInstance: copy_tranform_to_mongo.waiting_for_data scheduled__2022-11-24T00:00:00+00:00 [queued]>
[2023-10-17T11:24:35.089+0000] {taskinstance.py:1159} INFO - Dependencies all met for dep_context=requeueable deps ti=<TaskInstance: copy_tranform_to_mongo.waiting_for_data scheduled__2022-11-24T00:00:00+00:00 [queued]>
[2023-10-17T11:24:35.090+0000] {taskinstance.py:1361} INFO - Starting attempt 1 of 1
[2023-10-17T11:24:35.102+0000] {taskinstance.py:1382} INFO - Executing <Task(FileSensor): waiting_for_data> on 2022-11-24 00:00:00+00:00
[2023-10-17T11:24:35.107+0000] {standard_task_runner.py:57} INFO - Started process 1896 to run task
[2023-10-17T11:24:35.108+0000] {standard_task_runner.py:84} INFO - Running: ['***', 'tasks', 'run', 'copy_tranform_to_mongo', 'waiting_for_data', 'scheduled__2022-11-24T00:00:00+00:00', '--job-id', '697', '--raw', '--subdir', 'DAGS_FOLDER/file_***-mongo.py', '--cfg-path', '/tmp/tmpe27uajmc']
[2023-10-17T11:24:35.109+0000] {standard_task_runner.py:85} INFO - Job 697: Subtask waiting_for_data
[2023-10-17T11:24:35.139+0000] {task_command.py:416} INFO - Running <TaskInstance: copy_tranform_to_mongo.waiting_for_data scheduled__2022-11-24T00:00:00+00:00 [running]> on host 238c1d4ff767
[2023-10-17T11:24:35.190+0000] {taskinstance.py:1662} INFO - Exporting env vars: AIRFLOW_CTX_DAG_OWNER='***' AIRFLOW_CTX_DAG_ID='copy_tranform_to_mongo' AIRFLOW_CTX_TASK_ID='waiting_for_data' AIRFLOW_CTX_EXECUTION_DATE='2022-11-24T00:00:00+00:00' AIRFLOW_CTX_TRY_NUMBER='1' AIRFLOW_CTX_DAG_RUN_ID='scheduled__2022-11-24T00:00:00+00:00'
[2023-10-17T11:24:35.197+0000] {base.py:73} INFO - Using connection ID 'fs_default' for task execution.
[2023-10-17T11:24:35.197+0000] {filesystem.py:64} INFO - Poking for file /opt/in/tiktok_google_play_reviews.csv
[2023-10-17T11:24:35.197+0000] {filesystem.py:69} INFO - Found File /opt/in/tiktok_google_play_reviews.csv last modified: 20220405221612
[2023-10-17T11:24:35.197+0000] {base.py:287} INFO - Success criteria met. Exiting.
[2023-10-17T11:24:35.203+0000] {taskinstance.py:1400} INFO - Marking task as SUCCESS. dag_id=copy_tranform_to_mongo, task_id=waiting_for_data, execution_date=20221124T000000, start_date=20231017T112435, end_date=20231017T112435
[2023-10-17T11:24:35.240+0000] {local_task_job_runner.py:228} INFO - Task exited with return code 0
[2023-10-17T11:24:35.260+0000] {taskinstance.py:2778} INFO - 0 downstream tasks scheduled from follow-on schedule check
[2023-10-18T11:49:16.487+0000] {taskinstance.py:1159} INFO - Dependencies all met for dep_context=non-requeueable deps ti=<TaskInstance: copy_tranform_to_mongo.waiting_for_data scheduled__2022-11-24T00:00:00+00:00 [queued]>
[2023-10-18T11:49:16.497+0000] {taskinstance.py:1159} INFO - Dependencies all met for dep_context=requeueable deps ti=<TaskInstance: copy_tranform_to_mongo.waiting_for_data scheduled__2022-11-24T00:00:00+00:00 [queued]>
[2023-10-18T11:49:16.497+0000] {taskinstance.py:1361} INFO - Starting attempt 1 of 1
[2023-10-18T11:49:16.510+0000] {taskinstance.py:1382} INFO - Executing <Task(FileSensor): waiting_for_data> on 2022-11-24 00:00:00+00:00
[2023-10-18T11:49:16.517+0000] {standard_task_runner.py:57} INFO - Started process 3320 to run task
[2023-10-18T11:49:16.519+0000] {standard_task_runner.py:84} INFO - Running: ['***', 'tasks', 'run', 'copy_tranform_to_mongo', 'waiting_for_data', 'scheduled__2022-11-24T00:00:00+00:00', '--job-id', '1349', '--raw', '--subdir', 'DAGS_FOLDER/file_***-mongo.py', '--cfg-path', '/tmp/tmp0rf1ouk7']
[2023-10-18T11:49:16.520+0000] {standard_task_runner.py:85} INFO - Job 1349: Subtask waiting_for_data
[2023-10-18T11:49:16.570+0000] {task_command.py:416} INFO - Running <TaskInstance: copy_tranform_to_mongo.waiting_for_data scheduled__2022-11-24T00:00:00+00:00 [running]> on host 0e68aa52dfc7
[2023-10-18T11:49:16.651+0000] {taskinstance.py:1662} INFO - Exporting env vars: AIRFLOW_CTX_DAG_OWNER='***' AIRFLOW_CTX_DAG_ID='copy_tranform_to_mongo' AIRFLOW_CTX_TASK_ID='waiting_for_data' AIRFLOW_CTX_EXECUTION_DATE='2022-11-24T00:00:00+00:00' AIRFLOW_CTX_TRY_NUMBER='1' AIRFLOW_CTX_DAG_RUN_ID='scheduled__2022-11-24T00:00:00+00:00'
[2023-10-18T11:49:16.659+0000] {base.py:73} INFO - Using connection ID 'fs_default' for task execution.
[2023-10-18T11:49:16.660+0000] {filesystem.py:64} INFO - Poking for file /opt/in/tiktok_google_play_reviews.csv
[2023-10-18T11:49:16.660+0000] {filesystem.py:69} INFO - Found File /opt/in/tiktok_google_play_reviews.csv last modified: 20220405221612
[2023-10-18T11:49:16.660+0000] {base.py:287} INFO - Success criteria met. Exiting.
[2023-10-18T11:49:16.671+0000] {taskinstance.py:1400} INFO - Marking task as SUCCESS. dag_id=copy_tranform_to_mongo, task_id=waiting_for_data, execution_date=20221124T000000, start_date=20231018T114916, end_date=20231018T114916
[2023-10-18T11:49:16.694+0000] {local_task_job_runner.py:228} INFO - Task exited with return code 0
[2023-10-18T11:49:16.725+0000] {taskinstance.py:2778} INFO - 1 downstream tasks scheduled from follow-on schedule check
