[2023-10-17T11:20:05.896+0000] {taskinstance.py:1159} INFO - Dependencies all met for dep_context=non-requeueable deps ti=<TaskInstance: copy_tranform_to_mongo.waiting_for_data scheduled__2021-07-24T00:00:00+00:00 [queued]>
[2023-10-17T11:20:05.906+0000] {taskinstance.py:1159} INFO - Dependencies all met for dep_context=requeueable deps ti=<TaskInstance: copy_tranform_to_mongo.waiting_for_data scheduled__2021-07-24T00:00:00+00:00 [queued]>
[2023-10-17T11:20:05.907+0000] {taskinstance.py:1361} INFO - Starting attempt 1 of 1
[2023-10-17T11:20:05.925+0000] {taskinstance.py:1382} INFO - Executing <Task(FileSensor): waiting_for_data> on 2021-07-24 00:00:00+00:00
[2023-10-17T11:20:05.934+0000] {standard_task_runner.py:57} INFO - Started process 851 to run task
[2023-10-17T11:20:05.936+0000] {standard_task_runner.py:84} INFO - Running: ['***', 'tasks', 'run', 'copy_tranform_to_mongo', 'waiting_for_data', 'scheduled__2021-07-24T00:00:00+00:00', '--job-id', '209', '--raw', '--subdir', 'DAGS_FOLDER/file_***-mongo.py', '--cfg-path', '/tmp/tmptyxin2sn']
[2023-10-17T11:20:05.937+0000] {standard_task_runner.py:85} INFO - Job 209: Subtask waiting_for_data
[2023-10-17T11:20:05.986+0000] {task_command.py:416} INFO - Running <TaskInstance: copy_tranform_to_mongo.waiting_for_data scheduled__2021-07-24T00:00:00+00:00 [running]> on host 238c1d4ff767
[2023-10-17T11:20:06.062+0000] {taskinstance.py:1662} INFO - Exporting env vars: AIRFLOW_CTX_DAG_OWNER='***' AIRFLOW_CTX_DAG_ID='copy_tranform_to_mongo' AIRFLOW_CTX_TASK_ID='waiting_for_data' AIRFLOW_CTX_EXECUTION_DATE='2021-07-24T00:00:00+00:00' AIRFLOW_CTX_TRY_NUMBER='1' AIRFLOW_CTX_DAG_RUN_ID='scheduled__2021-07-24T00:00:00+00:00'
[2023-10-17T11:20:06.071+0000] {base.py:73} INFO - Using connection ID 'fs_default' for task execution.
[2023-10-17T11:20:06.072+0000] {filesystem.py:64} INFO - Poking for file /opt/in/tiktok_google_play_reviews.csv
[2023-10-17T11:20:06.072+0000] {filesystem.py:69} INFO - Found File /opt/in/tiktok_google_play_reviews.csv last modified: 20220405221612
[2023-10-17T11:20:06.072+0000] {base.py:287} INFO - Success criteria met. Exiting.
[2023-10-17T11:20:06.081+0000] {taskinstance.py:1400} INFO - Marking task as SUCCESS. dag_id=copy_tranform_to_mongo, task_id=waiting_for_data, execution_date=20210724T000000, start_date=20231017T112005, end_date=20231017T112006
[2023-10-17T11:20:06.109+0000] {local_task_job_runner.py:228} INFO - Task exited with return code 0
[2023-10-17T11:20:06.127+0000] {taskinstance.py:2778} INFO - 0 downstream tasks scheduled from follow-on schedule check
[2023-10-18T10:43:50.228+0000] {taskinstance.py:1159} INFO - Dependencies all met for dep_context=non-requeueable deps ti=<TaskInstance: copy_tranform_to_mongo.waiting_for_data scheduled__2021-07-24T00:00:00+00:00 [queued]>
[2023-10-18T10:43:50.236+0000] {taskinstance.py:1159} INFO - Dependencies all met for dep_context=requeueable deps ti=<TaskInstance: copy_tranform_to_mongo.waiting_for_data scheduled__2021-07-24T00:00:00+00:00 [queued]>
[2023-10-18T10:43:50.236+0000] {taskinstance.py:1361} INFO - Starting attempt 1 of 1
[2023-10-18T10:43:50.246+0000] {taskinstance.py:1382} INFO - Executing <Task(FileSensor): waiting_for_data> on 2021-07-24 00:00:00+00:00
[2023-10-18T10:43:50.252+0000] {standard_task_runner.py:57} INFO - Started process 1821 to run task
[2023-10-18T10:43:50.254+0000] {standard_task_runner.py:84} INFO - Running: ['***', 'tasks', 'run', 'copy_tranform_to_mongo', 'waiting_for_data', 'scheduled__2021-07-24T00:00:00+00:00', '--job-id', '208', '--raw', '--subdir', 'DAGS_FOLDER/file_***-mongo.py', '--cfg-path', '/tmp/tmpz6_jvmy8']
[2023-10-18T10:43:50.255+0000] {standard_task_runner.py:85} INFO - Job 208: Subtask waiting_for_data
[2023-10-18T10:43:50.298+0000] {task_command.py:416} INFO - Running <TaskInstance: copy_tranform_to_mongo.waiting_for_data scheduled__2021-07-24T00:00:00+00:00 [running]> on host 2473b23ba069
[2023-10-18T10:43:50.355+0000] {taskinstance.py:1662} INFO - Exporting env vars: AIRFLOW_CTX_DAG_OWNER='***' AIRFLOW_CTX_DAG_ID='copy_tranform_to_mongo' AIRFLOW_CTX_TASK_ID='waiting_for_data' AIRFLOW_CTX_EXECUTION_DATE='2021-07-24T00:00:00+00:00' AIRFLOW_CTX_TRY_NUMBER='1' AIRFLOW_CTX_DAG_RUN_ID='scheduled__2021-07-24T00:00:00+00:00'
[2023-10-18T10:43:50.370+0000] {taskinstance.py:1937} ERROR - Task failed with exception
Traceback (most recent call last):
  File "/home/airflow/.local/lib/python3.8/site-packages/airflow/sensors/base.py", line 257, in execute
    raise e
  File "/home/airflow/.local/lib/python3.8/site-packages/airflow/sensors/base.py", line 239, in execute
    poke_return = self.poke(context)
  File "/home/airflow/.local/lib/python3.8/site-packages/airflow/sensors/filesystem.py", line 61, in poke
    hook = FSHook(self.fs_conn_id)
  File "/home/airflow/.local/lib/python3.8/site-packages/airflow/hooks/filesystem.py", line 38, in __init__
    conn = self.get_connection(conn_id)
  File "/home/airflow/.local/lib/python3.8/site-packages/airflow/hooks/base.py", line 72, in get_connection
    conn = Connection.get_connection_from_secrets(conn_id)
  File "/home/airflow/.local/lib/python3.8/site-packages/airflow/models/connection.py", line 477, in get_connection_from_secrets
    raise AirflowNotFoundException(f"The conn_id `{conn_id}` isn't defined")
airflow.exceptions.AirflowNotFoundException: The conn_id `fs_default` isn't defined
[2023-10-18T10:43:50.373+0000] {taskinstance.py:1400} INFO - Marking task as FAILED. dag_id=copy_tranform_to_mongo, task_id=waiting_for_data, execution_date=20210724T000000, start_date=20231018T104350, end_date=20231018T104350
[2023-10-18T10:43:50.383+0000] {standard_task_runner.py:104} ERROR - Failed to execute job 208 for task waiting_for_data (The conn_id `fs_default` isn't defined; 1821)
[2023-10-18T10:43:50.426+0000] {local_task_job_runner.py:228} INFO - Task exited with return code 1
[2023-10-18T10:43:50.451+0000] {taskinstance.py:2778} INFO - 0 downstream tasks scheduled from follow-on schedule check
[2023-10-18T11:44:18.066+0000] {taskinstance.py:1159} INFO - Dependencies all met for dep_context=non-requeueable deps ti=<TaskInstance: copy_tranform_to_mongo.waiting_for_data scheduled__2021-07-24T00:00:00+00:00 [queued]>
[2023-10-18T11:44:18.075+0000] {taskinstance.py:1159} INFO - Dependencies all met for dep_context=requeueable deps ti=<TaskInstance: copy_tranform_to_mongo.waiting_for_data scheduled__2021-07-24T00:00:00+00:00 [queued]>
[2023-10-18T11:44:18.076+0000] {taskinstance.py:1361} INFO - Starting attempt 1 of 1
[2023-10-18T11:44:18.087+0000] {taskinstance.py:1382} INFO - Executing <Task(FileSensor): waiting_for_data> on 2021-07-24 00:00:00+00:00
[2023-10-18T11:44:18.094+0000] {standard_task_runner.py:57} INFO - Started process 1283 to run task
[2023-10-18T11:44:18.098+0000] {standard_task_runner.py:84} INFO - Running: ['***', 'tasks', 'run', 'copy_tranform_to_mongo', 'waiting_for_data', 'scheduled__2021-07-24T00:00:00+00:00', '--job-id', '371', '--raw', '--subdir', 'DAGS_FOLDER/file_***-mongo.py', '--cfg-path', '/tmp/tmp5deg0jdy']
[2023-10-18T11:44:18.099+0000] {standard_task_runner.py:85} INFO - Job 371: Subtask waiting_for_data
[2023-10-18T11:44:18.144+0000] {task_command.py:416} INFO - Running <TaskInstance: copy_tranform_to_mongo.waiting_for_data scheduled__2021-07-24T00:00:00+00:00 [running]> on host 0e68aa52dfc7
[2023-10-18T11:44:18.210+0000] {taskinstance.py:1662} INFO - Exporting env vars: AIRFLOW_CTX_DAG_OWNER='***' AIRFLOW_CTX_DAG_ID='copy_tranform_to_mongo' AIRFLOW_CTX_TASK_ID='waiting_for_data' AIRFLOW_CTX_EXECUTION_DATE='2021-07-24T00:00:00+00:00' AIRFLOW_CTX_TRY_NUMBER='1' AIRFLOW_CTX_DAG_RUN_ID='scheduled__2021-07-24T00:00:00+00:00'
[2023-10-18T11:44:18.218+0000] {base.py:73} INFO - Using connection ID 'fs_default' for task execution.
[2023-10-18T11:44:18.218+0000] {filesystem.py:64} INFO - Poking for file /opt/in/tiktok_google_play_reviews.csv
[2023-10-18T11:44:18.218+0000] {filesystem.py:69} INFO - Found File /opt/in/tiktok_google_play_reviews.csv last modified: 20220405221612
[2023-10-18T11:44:18.218+0000] {base.py:287} INFO - Success criteria met. Exiting.
[2023-10-18T11:44:18.226+0000] {taskinstance.py:1400} INFO - Marking task as SUCCESS. dag_id=copy_tranform_to_mongo, task_id=waiting_for_data, execution_date=20210724T000000, start_date=20231018T114418, end_date=20231018T114418
[2023-10-18T11:44:18.270+0000] {local_task_job_runner.py:228} INFO - Task exited with return code 0
[2023-10-18T11:44:18.293+0000] {taskinstance.py:2778} INFO - 1 downstream tasks scheduled from follow-on schedule check
