[2023-10-17T11:14:46.797+0000] {taskinstance.py:1159} INFO - Dependencies all met for dep_context=non-requeueable deps ti=<TaskInstance: copy_tranform_to_mongo.waiting_for_data scheduled__2021-01-07T00:00:00+00:00 [queued]>
[2023-10-17T11:14:46.804+0000] {taskinstance.py:1159} INFO - Dependencies all met for dep_context=requeueable deps ti=<TaskInstance: copy_tranform_to_mongo.waiting_for_data scheduled__2021-01-07T00:00:00+00:00 [queued]>
[2023-10-17T11:14:46.804+0000] {taskinstance.py:1361} INFO - Starting attempt 1 of 1
[2023-10-17T11:14:46.813+0000] {taskinstance.py:1382} INFO - Executing <Task(FileSensor): waiting_for_data> on 2021-01-07 00:00:00+00:00
[2023-10-17T11:14:46.818+0000] {standard_task_runner.py:57} INFO - Started process 370 to run task
[2023-10-17T11:14:46.821+0000] {standard_task_runner.py:84} INFO - Running: ['***', 'tasks', 'run', 'copy_tranform_to_mongo', 'waiting_for_data', 'scheduled__2021-01-07T00:00:00+00:00', '--job-id', '9', '--raw', '--subdir', 'DAGS_FOLDER/file_***-mongo.py', '--cfg-path', '/tmp/tmp_jka16vb']
[2023-10-17T11:14:46.822+0000] {standard_task_runner.py:85} INFO - Job 9: Subtask waiting_for_data
[2023-10-17T11:14:46.858+0000] {task_command.py:416} INFO - Running <TaskInstance: copy_tranform_to_mongo.waiting_for_data scheduled__2021-01-07T00:00:00+00:00 [running]> on host 238c1d4ff767
[2023-10-17T11:14:46.922+0000] {taskinstance.py:1662} INFO - Exporting env vars: AIRFLOW_CTX_DAG_OWNER='***' AIRFLOW_CTX_DAG_ID='copy_tranform_to_mongo' AIRFLOW_CTX_TASK_ID='waiting_for_data' AIRFLOW_CTX_EXECUTION_DATE='2021-01-07T00:00:00+00:00' AIRFLOW_CTX_TRY_NUMBER='1' AIRFLOW_CTX_DAG_RUN_ID='scheduled__2021-01-07T00:00:00+00:00'
[2023-10-17T11:14:46.928+0000] {base.py:73} INFO - Using connection ID 'fs_default' for task execution.
[2023-10-17T11:14:46.929+0000] {filesystem.py:64} INFO - Poking for file /opt/in/in/tiktok_google_play_reviews.csv
[2023-10-17T11:15:46.999+0000] {base.py:73} INFO - Using connection ID 'fs_default' for task execution.
[2023-10-17T11:15:46.999+0000] {filesystem.py:64} INFO - Poking for file /opt/in/in/tiktok_google_play_reviews.csv
[2023-10-17T11:16:47.068+0000] {base.py:73} INFO - Using connection ID 'fs_default' for task execution.
[2023-10-17T11:16:47.068+0000] {filesystem.py:64} INFO - Poking for file /opt/in/in/tiktok_google_play_reviews.csv
[2023-10-17T11:17:47.139+0000] {base.py:73} INFO - Using connection ID 'fs_default' for task execution.
[2023-10-17T11:17:47.140+0000] {filesystem.py:64} INFO - Poking for file /opt/in/in/tiktok_google_play_reviews.csv
[2023-10-17T11:18:47.205+0000] {base.py:73} INFO - Using connection ID 'fs_default' for task execution.
[2023-10-17T11:18:47.206+0000] {filesystem.py:64} INFO - Poking for file /opt/in/tiktok_google_play_reviews.csv
[2023-10-17T11:18:47.206+0000] {filesystem.py:69} INFO - Found File /opt/in/tiktok_google_play_reviews.csv last modified: 20220405221612
[2023-10-17T11:18:47.206+0000] {base.py:287} INFO - Success criteria met. Exiting.
[2023-10-17T11:18:47.215+0000] {taskinstance.py:1400} INFO - Marking task as SUCCESS. dag_id=copy_tranform_to_mongo, task_id=waiting_for_data, execution_date=20210107T000000, start_date=20231017T111446, end_date=20231017T111847
[2023-10-17T11:18:47.233+0000] {local_task_job_runner.py:228} INFO - Task exited with return code 0
[2023-10-17T11:18:47.243+0000] {taskinstance.py:2778} INFO - 0 downstream tasks scheduled from follow-on schedule check
[2023-10-18T10:42:05.258+0000] {taskinstance.py:1159} INFO - Dependencies all met for dep_context=non-requeueable deps ti=<TaskInstance: copy_tranform_to_mongo.waiting_for_data scheduled__2021-01-07T00:00:00+00:00 [queued]>
[2023-10-18T10:42:05.274+0000] {taskinstance.py:1159} INFO - Dependencies all met for dep_context=requeueable deps ti=<TaskInstance: copy_tranform_to_mongo.waiting_for_data scheduled__2021-01-07T00:00:00+00:00 [queued]>
[2023-10-18T10:42:05.275+0000] {taskinstance.py:1361} INFO - Starting attempt 1 of 1
[2023-10-18T10:42:05.296+0000] {taskinstance.py:1382} INFO - Executing <Task(FileSensor): waiting_for_data> on 2021-01-07 00:00:00+00:00
[2023-10-18T10:42:05.312+0000] {standard_task_runner.py:57} INFO - Started process 1393 to run task
[2023-10-18T10:42:05.320+0000] {standard_task_runner.py:84} INFO - Running: ['***', 'tasks', 'run', 'copy_tranform_to_mongo', 'waiting_for_data', 'scheduled__2021-01-07T00:00:00+00:00', '--job-id', '9', '--raw', '--subdir', 'DAGS_FOLDER/file_***-mongo.py', '--cfg-path', '/tmp/tmpeldkookx']
[2023-10-18T10:42:05.321+0000] {standard_task_runner.py:85} INFO - Job 9: Subtask waiting_for_data
[2023-10-18T10:42:05.392+0000] {task_command.py:416} INFO - Running <TaskInstance: copy_tranform_to_mongo.waiting_for_data scheduled__2021-01-07T00:00:00+00:00 [running]> on host 2473b23ba069
[2023-10-18T10:42:05.472+0000] {taskinstance.py:1662} INFO - Exporting env vars: AIRFLOW_CTX_DAG_OWNER='***' AIRFLOW_CTX_DAG_ID='copy_tranform_to_mongo' AIRFLOW_CTX_TASK_ID='waiting_for_data' AIRFLOW_CTX_EXECUTION_DATE='2021-01-07T00:00:00+00:00' AIRFLOW_CTX_TRY_NUMBER='1' AIRFLOW_CTX_DAG_RUN_ID='scheduled__2021-01-07T00:00:00+00:00'
[2023-10-18T10:42:05.490+0000] {taskinstance.py:1937} ERROR - Task failed with exception
Traceback (most recent call last):
  File "/home/airflow/.local/lib/python3.8/site-packages/airflow/sensors/base.py", line 257, in execute
    raise e
  File "/home/airflow/.local/lib/python3.8/site-packages/airflow/sensors/base.py", line 239, in execute
    poke_return = self.poke(context)
  File "/home/airflow/.local/lib/python3.8/site-packages/airflow/sensors/filesystem.py", line 61, in poke
    hook = FSHook(self.fs_conn_id)
  File "/home/airflow/.local/lib/python3.8/site-packages/airflow/hooks/filesystem.py", line 38, in __init__
    conn = self.get_connection(conn_id)
  File "/home/airflow/.local/lib/python3.8/site-packages/airflow/hooks/base.py", line 72, in get_connection
    conn = Connection.get_connection_from_secrets(conn_id)
  File "/home/airflow/.local/lib/python3.8/site-packages/airflow/models/connection.py", line 477, in get_connection_from_secrets
    raise AirflowNotFoundException(f"The conn_id `{conn_id}` isn't defined")
airflow.exceptions.AirflowNotFoundException: The conn_id `fs_default` isn't defined
[2023-10-18T10:42:05.493+0000] {taskinstance.py:1400} INFO - Marking task as FAILED. dag_id=copy_tranform_to_mongo, task_id=waiting_for_data, execution_date=20210107T000000, start_date=20231018T104205, end_date=20231018T104205
[2023-10-18T10:42:05.508+0000] {standard_task_runner.py:104} ERROR - Failed to execute job 9 for task waiting_for_data (The conn_id `fs_default` isn't defined; 1393)
[2023-10-18T10:42:05.530+0000] {local_task_job_runner.py:228} INFO - Task exited with return code 1
[2023-10-18T10:42:05.560+0000] {taskinstance.py:2778} INFO - 0 downstream tasks scheduled from follow-on schedule check
[2023-10-18T11:14:37.846+0000] {taskinstance.py:1159} INFO - Dependencies all met for dep_context=non-requeueable deps ti=<TaskInstance: copy_tranform_to_mongo.waiting_for_data scheduled__2021-01-07T00:00:00+00:00 [queued]>
[2023-10-18T11:14:37.855+0000] {taskinstance.py:1159} INFO - Dependencies all met for dep_context=requeueable deps ti=<TaskInstance: copy_tranform_to_mongo.waiting_for_data scheduled__2021-01-07T00:00:00+00:00 [queued]>
[2023-10-18T11:14:37.855+0000] {taskinstance.py:1361} INFO - Starting attempt 1 of 1
[2023-10-18T11:14:37.866+0000] {taskinstance.py:1382} INFO - Executing <Task(FileSensor): waiting_for_data> on 2021-01-07 00:00:00+00:00
[2023-10-18T11:14:37.873+0000] {standard_task_runner.py:57} INFO - Started process 108 to run task
[2023-10-18T11:14:37.876+0000] {standard_task_runner.py:84} INFO - Running: ['***', 'tasks', 'run', 'copy_tranform_to_mongo', 'waiting_for_data', 'scheduled__2021-01-07T00:00:00+00:00', '--job-id', '9', '--raw', '--subdir', 'DAGS_FOLDER/file_***-mongo.py', '--cfg-path', '/tmp/tmpsw_f7221']
[2023-10-18T11:14:37.877+0000] {standard_task_runner.py:85} INFO - Job 9: Subtask waiting_for_data
[2023-10-18T11:14:37.911+0000] {task_command.py:416} INFO - Running <TaskInstance: copy_tranform_to_mongo.waiting_for_data scheduled__2021-01-07T00:00:00+00:00 [running]> on host 0e68aa52dfc7
[2023-10-18T11:14:37.965+0000] {taskinstance.py:1662} INFO - Exporting env vars: AIRFLOW_CTX_DAG_OWNER='***' AIRFLOW_CTX_DAG_ID='copy_tranform_to_mongo' AIRFLOW_CTX_TASK_ID='waiting_for_data' AIRFLOW_CTX_EXECUTION_DATE='2021-01-07T00:00:00+00:00' AIRFLOW_CTX_TRY_NUMBER='1' AIRFLOW_CTX_DAG_RUN_ID='scheduled__2021-01-07T00:00:00+00:00'
[2023-10-18T11:14:37.979+0000] {taskinstance.py:1937} ERROR - Task failed with exception
Traceback (most recent call last):
  File "/home/airflow/.local/lib/python3.8/site-packages/airflow/sensors/base.py", line 257, in execute
    raise e
  File "/home/airflow/.local/lib/python3.8/site-packages/airflow/sensors/base.py", line 239, in execute
    poke_return = self.poke(context)
  File "/home/airflow/.local/lib/python3.8/site-packages/airflow/sensors/filesystem.py", line 61, in poke
    hook = FSHook(self.fs_conn_id)
  File "/home/airflow/.local/lib/python3.8/site-packages/airflow/hooks/filesystem.py", line 38, in __init__
    conn = self.get_connection(conn_id)
  File "/home/airflow/.local/lib/python3.8/site-packages/airflow/hooks/base.py", line 72, in get_connection
    conn = Connection.get_connection_from_secrets(conn_id)
  File "/home/airflow/.local/lib/python3.8/site-packages/airflow/models/connection.py", line 477, in get_connection_from_secrets
    raise AirflowNotFoundException(f"The conn_id `{conn_id}` isn't defined")
airflow.exceptions.AirflowNotFoundException: The conn_id `fs_default` isn't defined
[2023-10-18T11:14:37.982+0000] {taskinstance.py:1400} INFO - Marking task as FAILED. dag_id=copy_tranform_to_mongo, task_id=waiting_for_data, execution_date=20210107T000000, start_date=20231018T111437, end_date=20231018T111437
[2023-10-18T11:14:37.989+0000] {standard_task_runner.py:104} ERROR - Failed to execute job 9 for task waiting_for_data (The conn_id `fs_default` isn't defined; 108)
[2023-10-18T11:14:38.008+0000] {local_task_job_runner.py:228} INFO - Task exited with return code 1
[2023-10-18T11:14:38.028+0000] {taskinstance.py:2778} INFO - 0 downstream tasks scheduled from follow-on schedule check
[2023-10-19T12:09:48.313+0000] {taskinstance.py:1159} INFO - Dependencies all met for dep_context=non-requeueable deps ti=<TaskInstance: copy_tranform_to_mongo.waiting_for_data scheduled__2021-01-07T00:00:00+00:00 [queued]>
[2023-10-19T12:09:48.322+0000] {taskinstance.py:1159} INFO - Dependencies all met for dep_context=requeueable deps ti=<TaskInstance: copy_tranform_to_mongo.waiting_for_data scheduled__2021-01-07T00:00:00+00:00 [queued]>
[2023-10-19T12:09:48.323+0000] {taskinstance.py:1361} INFO - Starting attempt 1 of 1
[2023-10-19T12:09:48.334+0000] {taskinstance.py:1382} INFO - Executing <Task(FileSensor): waiting_for_data> on 2021-01-07 00:00:00+00:00
[2023-10-19T12:09:48.339+0000] {standard_task_runner.py:57} INFO - Started process 171 to run task
[2023-10-19T12:09:48.342+0000] {standard_task_runner.py:84} INFO - Running: ['***', 'tasks', 'run', 'copy_tranform_to_mongo', 'waiting_for_data', 'scheduled__2021-01-07T00:00:00+00:00', '--job-id', '9', '--raw', '--subdir', 'DAGS_FOLDER/file_***-mongo.py', '--cfg-path', '/tmp/tmp0mhb9hng']
[2023-10-19T12:09:48.343+0000] {standard_task_runner.py:85} INFO - Job 9: Subtask waiting_for_data
[2023-10-19T12:09:48.383+0000] {task_command.py:416} INFO - Running <TaskInstance: copy_tranform_to_mongo.waiting_for_data scheduled__2021-01-07T00:00:00+00:00 [running]> on host 6f5df7fea6fd
[2023-10-19T12:09:48.440+0000] {taskinstance.py:1662} INFO - Exporting env vars: AIRFLOW_CTX_DAG_OWNER='***' AIRFLOW_CTX_DAG_ID='copy_tranform_to_mongo' AIRFLOW_CTX_TASK_ID='waiting_for_data' AIRFLOW_CTX_EXECUTION_DATE='2021-01-07T00:00:00+00:00' AIRFLOW_CTX_TRY_NUMBER='1' AIRFLOW_CTX_DAG_RUN_ID='scheduled__2021-01-07T00:00:00+00:00'
[2023-10-19T12:09:48.454+0000] {taskinstance.py:1937} ERROR - Task failed with exception
Traceback (most recent call last):
  File "/home/airflow/.local/lib/python3.8/site-packages/airflow/sensors/base.py", line 257, in execute
    raise e
  File "/home/airflow/.local/lib/python3.8/site-packages/airflow/sensors/base.py", line 239, in execute
    poke_return = self.poke(context)
  File "/home/airflow/.local/lib/python3.8/site-packages/airflow/sensors/filesystem.py", line 61, in poke
    hook = FSHook(self.fs_conn_id)
  File "/home/airflow/.local/lib/python3.8/site-packages/airflow/hooks/filesystem.py", line 38, in __init__
    conn = self.get_connection(conn_id)
  File "/home/airflow/.local/lib/python3.8/site-packages/airflow/hooks/base.py", line 72, in get_connection
    conn = Connection.get_connection_from_secrets(conn_id)
  File "/home/airflow/.local/lib/python3.8/site-packages/airflow/models/connection.py", line 477, in get_connection_from_secrets
    raise AirflowNotFoundException(f"The conn_id `{conn_id}` isn't defined")
airflow.exceptions.AirflowNotFoundException: The conn_id `fs_default` isn't defined
[2023-10-19T12:09:48.457+0000] {taskinstance.py:1400} INFO - Marking task as FAILED. dag_id=copy_tranform_to_mongo, task_id=waiting_for_data, execution_date=20210107T000000, start_date=20231019T120948, end_date=20231019T120948
[2023-10-19T12:09:48.467+0000] {standard_task_runner.py:104} ERROR - Failed to execute job 9 for task waiting_for_data (The conn_id `fs_default` isn't defined; 171)
[2023-10-19T12:09:48.514+0000] {local_task_job_runner.py:228} INFO - Task exited with return code 1
[2023-10-19T12:09:48.539+0000] {taskinstance.py:2778} INFO - 0 downstream tasks scheduled from follow-on schedule check
[2023-10-19T13:03:21.560+0000] {taskinstance.py:1159} INFO - Dependencies all met for dep_context=non-requeueable deps ti=<TaskInstance: copy_tranform_to_mongo.waiting_for_data scheduled__2021-01-07T00:00:00+00:00 [queued]>
[2023-10-19T13:03:21.572+0000] {taskinstance.py:1159} INFO - Dependencies all met for dep_context=requeueable deps ti=<TaskInstance: copy_tranform_to_mongo.waiting_for_data scheduled__2021-01-07T00:00:00+00:00 [queued]>
[2023-10-19T13:03:21.573+0000] {taskinstance.py:1361} INFO - Starting attempt 1 of 1
[2023-10-19T13:03:21.595+0000] {taskinstance.py:1382} INFO - Executing <Task(FileSensor): waiting_for_data> on 2021-01-07 00:00:00+00:00
[2023-10-19T13:03:21.609+0000] {standard_task_runner.py:57} INFO - Started process 127 to run task
[2023-10-19T13:03:21.618+0000] {standard_task_runner.py:84} INFO - Running: ['***', 'tasks', 'run', 'copy_tranform_to_mongo', 'waiting_for_data', 'scheduled__2021-01-07T00:00:00+00:00', '--job-id', '9', '--raw', '--subdir', 'DAGS_FOLDER/file_***-mongo.py', '--cfg-path', '/tmp/tmpt402ohrd']
[2023-10-19T13:03:21.620+0000] {standard_task_runner.py:85} INFO - Job 9: Subtask waiting_for_data
[2023-10-19T13:03:21.707+0000] {task_command.py:416} INFO - Running <TaskInstance: copy_tranform_to_mongo.waiting_for_data scheduled__2021-01-07T00:00:00+00:00 [running]> on host f2b9ba520501
[2023-10-19T13:03:21.862+0000] {taskinstance.py:1662} INFO - Exporting env vars: AIRFLOW_CTX_DAG_OWNER='***' AIRFLOW_CTX_DAG_ID='copy_tranform_to_mongo' AIRFLOW_CTX_TASK_ID='waiting_for_data' AIRFLOW_CTX_EXECUTION_DATE='2021-01-07T00:00:00+00:00' AIRFLOW_CTX_TRY_NUMBER='1' AIRFLOW_CTX_DAG_RUN_ID='scheduled__2021-01-07T00:00:00+00:00'
[2023-10-19T13:03:21.875+0000] {base.py:73} INFO - Using connection ID 'fs_default' for task execution.
[2023-10-19T13:03:21.876+0000] {filesystem.py:64} INFO - Poking for file /opt/in/tiktok_google_play_reviews.csv
[2023-10-19T13:03:21.876+0000] {filesystem.py:69} INFO - Found File /opt/in/tiktok_google_play_reviews.csv last modified: 20220405221612
[2023-10-19T13:03:21.876+0000] {base.py:287} INFO - Success criteria met. Exiting.
[2023-10-19T13:03:21.889+0000] {taskinstance.py:1400} INFO - Marking task as SUCCESS. dag_id=copy_tranform_to_mongo, task_id=waiting_for_data, execution_date=20210107T000000, start_date=20231019T130321, end_date=20231019T130321
[2023-10-19T13:03:21.953+0000] {local_task_job_runner.py:228} INFO - Task exited with return code 0
[2023-10-19T13:03:22.069+0000] {taskinstance.py:2778} INFO - 0 downstream tasks scheduled from follow-on schedule check
