[2023-10-17T11:25:24.617+0000] {taskinstance.py:1159} INFO - Dependencies all met for dep_context=non-requeueable deps ti=<TaskInstance: copy_tranform_to_mongo.waiting_for_data scheduled__2023-03-16T00:00:00+00:00 [queued]>
[2023-10-17T11:25:24.627+0000] {taskinstance.py:1159} INFO - Dependencies all met for dep_context=requeueable deps ti=<TaskInstance: copy_tranform_to_mongo.waiting_for_data scheduled__2023-03-16T00:00:00+00:00 [queued]>
[2023-10-17T11:25:24.628+0000] {taskinstance.py:1361} INFO - Starting attempt 1 of 1
[2023-10-17T11:25:24.681+0000] {taskinstance.py:1382} INFO - Executing <Task(FileSensor): waiting_for_data> on 2023-03-16 00:00:00+00:00
[2023-10-17T11:25:24.688+0000] {standard_task_runner.py:57} INFO - Started process 2130 to run task
[2023-10-17T11:25:24.691+0000] {standard_task_runner.py:84} INFO - Running: ['***', 'tasks', 'run', 'copy_tranform_to_mongo', 'waiting_for_data', 'scheduled__2023-03-16T00:00:00+00:00', '--job-id', '809', '--raw', '--subdir', 'DAGS_FOLDER/file_***-mongo.py', '--cfg-path', '/tmp/tmpddi9n8x3']
[2023-10-17T11:25:24.692+0000] {standard_task_runner.py:85} INFO - Job 809: Subtask waiting_for_data
[2023-10-17T11:25:24.738+0000] {task_command.py:416} INFO - Running <TaskInstance: copy_tranform_to_mongo.waiting_for_data scheduled__2023-03-16T00:00:00+00:00 [running]> on host 238c1d4ff767
[2023-10-17T11:25:24.813+0000] {taskinstance.py:1662} INFO - Exporting env vars: AIRFLOW_CTX_DAG_OWNER='***' AIRFLOW_CTX_DAG_ID='copy_tranform_to_mongo' AIRFLOW_CTX_TASK_ID='waiting_for_data' AIRFLOW_CTX_EXECUTION_DATE='2023-03-16T00:00:00+00:00' AIRFLOW_CTX_TRY_NUMBER='1' AIRFLOW_CTX_DAG_RUN_ID='scheduled__2023-03-16T00:00:00+00:00'
[2023-10-17T11:25:24.821+0000] {base.py:73} INFO - Using connection ID 'fs_default' for task execution.
[2023-10-17T11:25:24.821+0000] {filesystem.py:64} INFO - Poking for file /opt/in/tiktok_google_play_reviews.csv
[2023-10-17T11:25:24.821+0000] {filesystem.py:69} INFO - Found File /opt/in/tiktok_google_play_reviews.csv last modified: 20220405221612
[2023-10-17T11:25:24.821+0000] {base.py:287} INFO - Success criteria met. Exiting.
[2023-10-17T11:25:24.829+0000] {taskinstance.py:1400} INFO - Marking task as SUCCESS. dag_id=copy_tranform_to_mongo, task_id=waiting_for_data, execution_date=20230316T000000, start_date=20231017T112524, end_date=20231017T112524
[2023-10-17T11:25:24.865+0000] {local_task_job_runner.py:228} INFO - Task exited with return code 0
[2023-10-17T11:25:24.880+0000] {taskinstance.py:2778} INFO - 0 downstream tasks scheduled from follow-on schedule check
[2023-10-18T11:50:43.541+0000] {taskinstance.py:1159} INFO - Dependencies all met for dep_context=non-requeueable deps ti=<TaskInstance: copy_tranform_to_mongo.waiting_for_data scheduled__2023-03-16T00:00:00+00:00 [queued]>
[2023-10-18T11:50:43.551+0000] {taskinstance.py:1159} INFO - Dependencies all met for dep_context=requeueable deps ti=<TaskInstance: copy_tranform_to_mongo.waiting_for_data scheduled__2023-03-16T00:00:00+00:00 [queued]>
[2023-10-18T11:50:43.552+0000] {taskinstance.py:1361} INFO - Starting attempt 1 of 1
[2023-10-18T11:50:43.594+0000] {taskinstance.py:1382} INFO - Executing <Task(FileSensor): waiting_for_data> on 2023-03-16 00:00:00+00:00
[2023-10-18T11:50:43.602+0000] {standard_task_runner.py:57} INFO - Started process 3782 to run task
[2023-10-18T11:50:43.607+0000] {standard_task_runner.py:84} INFO - Running: ['***', 'tasks', 'run', 'copy_tranform_to_mongo', 'waiting_for_data', 'scheduled__2023-03-16T00:00:00+00:00', '--job-id', '1572', '--raw', '--subdir', 'DAGS_FOLDER/file_***-mongo.py', '--cfg-path', '/tmp/tmpn2y2e70j']
[2023-10-18T11:50:43.608+0000] {standard_task_runner.py:85} INFO - Job 1572: Subtask waiting_for_data
[2023-10-18T11:50:43.668+0000] {task_command.py:416} INFO - Running <TaskInstance: copy_tranform_to_mongo.waiting_for_data scheduled__2023-03-16T00:00:00+00:00 [running]> on host 0e68aa52dfc7
[2023-10-18T11:50:43.763+0000] {taskinstance.py:1662} INFO - Exporting env vars: AIRFLOW_CTX_DAG_OWNER='***' AIRFLOW_CTX_DAG_ID='copy_tranform_to_mongo' AIRFLOW_CTX_TASK_ID='waiting_for_data' AIRFLOW_CTX_EXECUTION_DATE='2023-03-16T00:00:00+00:00' AIRFLOW_CTX_TRY_NUMBER='1' AIRFLOW_CTX_DAG_RUN_ID='scheduled__2023-03-16T00:00:00+00:00'
[2023-10-18T11:50:43.774+0000] {base.py:73} INFO - Using connection ID 'fs_default' for task execution.
[2023-10-18T11:50:43.774+0000] {filesystem.py:64} INFO - Poking for file /opt/in/tiktok_google_play_reviews.csv
[2023-10-18T11:50:43.775+0000] {filesystem.py:69} INFO - Found File /opt/in/tiktok_google_play_reviews.csv last modified: 20220405221612
[2023-10-18T11:50:43.775+0000] {base.py:287} INFO - Success criteria met. Exiting.
[2023-10-18T11:50:43.791+0000] {taskinstance.py:1400} INFO - Marking task as SUCCESS. dag_id=copy_tranform_to_mongo, task_id=waiting_for_data, execution_date=20230316T000000, start_date=20231018T115043, end_date=20231018T115043
[2023-10-18T11:50:43.830+0000] {local_task_job_runner.py:228} INFO - Task exited with return code 0
[2023-10-18T11:50:43.859+0000] {taskinstance.py:2778} INFO - 0 downstream tasks scheduled from follow-on schedule check
