[2023-10-17T11:22:05.991+0000] {taskinstance.py:1159} INFO - Dependencies all met for dep_context=non-requeueable deps ti=<TaskInstance: copy_tranform_to_mongo.waiting_for_data scheduled__2022-03-03T00:00:00+00:00 [queued]>
[2023-10-17T11:22:06.001+0000] {taskinstance.py:1159} INFO - Dependencies all met for dep_context=requeueable deps ti=<TaskInstance: copy_tranform_to_mongo.waiting_for_data scheduled__2022-03-03T00:00:00+00:00 [queued]>
[2023-10-17T11:22:06.001+0000] {taskinstance.py:1361} INFO - Starting attempt 1 of 1
[2023-10-17T11:22:06.016+0000] {taskinstance.py:1382} INFO - Executing <Task(FileSensor): waiting_for_data> on 2022-03-03 00:00:00+00:00
[2023-10-17T11:22:06.024+0000] {standard_task_runner.py:57} INFO - Started process 1327 to run task
[2023-10-17T11:22:06.029+0000] {standard_task_runner.py:84} INFO - Running: ['***', 'tasks', 'run', 'copy_tranform_to_mongo', 'waiting_for_data', 'scheduled__2022-03-03T00:00:00+00:00', '--job-id', '431', '--raw', '--subdir', 'DAGS_FOLDER/file_***-mongo.py', '--cfg-path', '/tmp/tmpi87k1jpa']
[2023-10-17T11:22:06.031+0000] {standard_task_runner.py:85} INFO - Job 431: Subtask waiting_for_data
[2023-10-17T11:22:06.084+0000] {task_command.py:416} INFO - Running <TaskInstance: copy_tranform_to_mongo.waiting_for_data scheduled__2022-03-03T00:00:00+00:00 [running]> on host 238c1d4ff767
[2023-10-17T11:22:06.167+0000] {taskinstance.py:1662} INFO - Exporting env vars: AIRFLOW_CTX_DAG_OWNER='***' AIRFLOW_CTX_DAG_ID='copy_tranform_to_mongo' AIRFLOW_CTX_TASK_ID='waiting_for_data' AIRFLOW_CTX_EXECUTION_DATE='2022-03-03T00:00:00+00:00' AIRFLOW_CTX_TRY_NUMBER='1' AIRFLOW_CTX_DAG_RUN_ID='scheduled__2022-03-03T00:00:00+00:00'
[2023-10-17T11:22:06.181+0000] {base.py:73} INFO - Using connection ID 'fs_default' for task execution.
[2023-10-17T11:22:06.182+0000] {filesystem.py:64} INFO - Poking for file /opt/in/tiktok_google_play_reviews.csv
[2023-10-17T11:22:06.182+0000] {filesystem.py:69} INFO - Found File /opt/in/tiktok_google_play_reviews.csv last modified: 20220405221612
[2023-10-17T11:22:06.183+0000] {base.py:287} INFO - Success criteria met. Exiting.
[2023-10-17T11:22:06.192+0000] {taskinstance.py:1400} INFO - Marking task as SUCCESS. dag_id=copy_tranform_to_mongo, task_id=waiting_for_data, execution_date=20220303T000000, start_date=20231017T112205, end_date=20231017T112206
[2023-10-17T11:22:06.240+0000] {local_task_job_runner.py:228} INFO - Task exited with return code 0
[2023-10-17T11:22:06.259+0000] {taskinstance.py:2778} INFO - 0 downstream tasks scheduled from follow-on schedule check
[2023-10-18T11:46:30.366+0000] {taskinstance.py:1159} INFO - Dependencies all met for dep_context=non-requeueable deps ti=<TaskInstance: copy_tranform_to_mongo.waiting_for_data scheduled__2022-03-03T00:00:00+00:00 [queued]>
[2023-10-18T11:46:30.379+0000] {taskinstance.py:1159} INFO - Dependencies all met for dep_context=requeueable deps ti=<TaskInstance: copy_tranform_to_mongo.waiting_for_data scheduled__2022-03-03T00:00:00+00:00 [queued]>
[2023-10-18T11:46:30.380+0000] {taskinstance.py:1361} INFO - Starting attempt 1 of 1
[2023-10-18T11:46:30.394+0000] {taskinstance.py:1382} INFO - Executing <Task(FileSensor): waiting_for_data> on 2022-03-03 00:00:00+00:00
[2023-10-18T11:46:30.401+0000] {standard_task_runner.py:57} INFO - Started process 2204 to run task
[2023-10-18T11:46:30.404+0000] {standard_task_runner.py:84} INFO - Running: ['***', 'tasks', 'run', 'copy_tranform_to_mongo', 'waiting_for_data', 'scheduled__2022-03-03T00:00:00+00:00', '--job-id', '815', '--raw', '--subdir', 'DAGS_FOLDER/file_***-mongo.py', '--cfg-path', '/tmp/tmps6tjl87b']
[2023-10-18T11:46:30.405+0000] {standard_task_runner.py:85} INFO - Job 815: Subtask waiting_for_data
[2023-10-18T11:46:30.461+0000] {task_command.py:416} INFO - Running <TaskInstance: copy_tranform_to_mongo.waiting_for_data scheduled__2022-03-03T00:00:00+00:00 [running]> on host 0e68aa52dfc7
[2023-10-18T11:46:30.557+0000] {taskinstance.py:1662} INFO - Exporting env vars: AIRFLOW_CTX_DAG_OWNER='***' AIRFLOW_CTX_DAG_ID='copy_tranform_to_mongo' AIRFLOW_CTX_TASK_ID='waiting_for_data' AIRFLOW_CTX_EXECUTION_DATE='2022-03-03T00:00:00+00:00' AIRFLOW_CTX_TRY_NUMBER='1' AIRFLOW_CTX_DAG_RUN_ID='scheduled__2022-03-03T00:00:00+00:00'
[2023-10-18T11:46:30.568+0000] {base.py:73} INFO - Using connection ID 'fs_default' for task execution.
[2023-10-18T11:46:30.569+0000] {filesystem.py:64} INFO - Poking for file /opt/in/tiktok_google_play_reviews.csv
[2023-10-18T11:46:30.570+0000] {filesystem.py:69} INFO - Found File /opt/in/tiktok_google_play_reviews.csv last modified: 20220405221612
[2023-10-18T11:46:30.570+0000] {base.py:287} INFO - Success criteria met. Exiting.
[2023-10-18T11:46:30.582+0000] {taskinstance.py:1400} INFO - Marking task as SUCCESS. dag_id=copy_tranform_to_mongo, task_id=waiting_for_data, execution_date=20220303T000000, start_date=20231018T114630, end_date=20231018T114630
[2023-10-18T11:46:30.615+0000] {local_task_job_runner.py:228} INFO - Task exited with return code 0
[2023-10-18T11:46:30.640+0000] {taskinstance.py:2778} INFO - 1 downstream tasks scheduled from follow-on schedule check
