[2023-10-17T11:20:18.675+0000] {taskinstance.py:1159} INFO - Dependencies all met for dep_context=non-requeueable deps ti=<TaskInstance: copy_tranform_to_mongo.waiting_for_data scheduled__2021-08-26T00:00:00+00:00 [queued]>
[2023-10-17T11:20:18.687+0000] {taskinstance.py:1159} INFO - Dependencies all met for dep_context=requeueable deps ti=<TaskInstance: copy_tranform_to_mongo.waiting_for_data scheduled__2021-08-26T00:00:00+00:00 [queued]>
[2023-10-17T11:20:18.687+0000] {taskinstance.py:1361} INFO - Starting attempt 1 of 1
[2023-10-17T11:20:18.704+0000] {taskinstance.py:1382} INFO - Executing <Task(FileSensor): waiting_for_data> on 2021-08-26 00:00:00+00:00
[2023-10-17T11:20:18.712+0000] {standard_task_runner.py:57} INFO - Started process 925 to run task
[2023-10-17T11:20:18.715+0000] {standard_task_runner.py:84} INFO - Running: ['***', 'tasks', 'run', 'copy_tranform_to_mongo', 'waiting_for_data', 'scheduled__2021-08-26T00:00:00+00:00', '--job-id', '242', '--raw', '--subdir', 'DAGS_FOLDER/file_***-mongo.py', '--cfg-path', '/tmp/tmpg2vsu8nd']
[2023-10-17T11:20:18.716+0000] {standard_task_runner.py:85} INFO - Job 242: Subtask waiting_for_data
[2023-10-17T11:20:18.773+0000] {task_command.py:416} INFO - Running <TaskInstance: copy_tranform_to_mongo.waiting_for_data scheduled__2021-08-26T00:00:00+00:00 [running]> on host 238c1d4ff767
[2023-10-17T11:20:18.854+0000] {taskinstance.py:1662} INFO - Exporting env vars: AIRFLOW_CTX_DAG_OWNER='***' AIRFLOW_CTX_DAG_ID='copy_tranform_to_mongo' AIRFLOW_CTX_TASK_ID='waiting_for_data' AIRFLOW_CTX_EXECUTION_DATE='2021-08-26T00:00:00+00:00' AIRFLOW_CTX_TRY_NUMBER='1' AIRFLOW_CTX_DAG_RUN_ID='scheduled__2021-08-26T00:00:00+00:00'
[2023-10-17T11:20:18.864+0000] {base.py:73} INFO - Using connection ID 'fs_default' for task execution.
[2023-10-17T11:20:18.864+0000] {filesystem.py:64} INFO - Poking for file /opt/in/tiktok_google_play_reviews.csv
[2023-10-17T11:20:18.864+0000] {filesystem.py:69} INFO - Found File /opt/in/tiktok_google_play_reviews.csv last modified: 20220405221612
[2023-10-17T11:20:18.865+0000] {base.py:287} INFO - Success criteria met. Exiting.
[2023-10-17T11:20:18.872+0000] {taskinstance.py:1400} INFO - Marking task as SUCCESS. dag_id=copy_tranform_to_mongo, task_id=waiting_for_data, execution_date=20210826T000000, start_date=20231017T112018, end_date=20231017T112018
[2023-10-17T11:20:18.889+0000] {local_task_job_runner.py:228} INFO - Task exited with return code 0
[2023-10-17T11:20:18.903+0000] {taskinstance.py:2778} INFO - 0 downstream tasks scheduled from follow-on schedule check
[2023-10-18T10:48:03.082+0000] {taskinstance.py:1159} INFO - Dependencies all met for dep_context=non-requeueable deps ti=<TaskInstance: copy_tranform_to_mongo.waiting_for_data scheduled__2021-08-26T00:00:00+00:00 [queued]>
[2023-10-18T10:48:03.099+0000] {taskinstance.py:1159} INFO - Dependencies all met for dep_context=requeueable deps ti=<TaskInstance: copy_tranform_to_mongo.waiting_for_data scheduled__2021-08-26T00:00:00+00:00 [queued]>
[2023-10-18T10:48:03.099+0000] {taskinstance.py:1361} INFO - Starting attempt 1 of 1
[2023-10-18T10:48:03.117+0000] {taskinstance.py:1382} INFO - Executing <Task(FileSensor): waiting_for_data> on 2021-08-26 00:00:00+00:00
[2023-10-18T10:48:03.124+0000] {standard_task_runner.py:57} INFO - Started process 2020 to run task
[2023-10-18T10:48:03.127+0000] {standard_task_runner.py:84} INFO - Running: ['***', 'tasks', 'run', 'copy_tranform_to_mongo', 'waiting_for_data', 'scheduled__2021-08-26T00:00:00+00:00', '--job-id', '274', '--raw', '--subdir', 'DAGS_FOLDER/file_***-mongo.py', '--cfg-path', '/tmp/tmpg7peu13_']
[2023-10-18T10:48:03.129+0000] {standard_task_runner.py:85} INFO - Job 274: Subtask waiting_for_data
[2023-10-18T10:48:03.185+0000] {task_command.py:416} INFO - Running <TaskInstance: copy_tranform_to_mongo.waiting_for_data scheduled__2021-08-26T00:00:00+00:00 [running]> on host 2473b23ba069
[2023-10-18T10:48:03.266+0000] {taskinstance.py:1662} INFO - Exporting env vars: AIRFLOW_CTX_DAG_OWNER='***' AIRFLOW_CTX_DAG_ID='copy_tranform_to_mongo' AIRFLOW_CTX_TASK_ID='waiting_for_data' AIRFLOW_CTX_EXECUTION_DATE='2021-08-26T00:00:00+00:00' AIRFLOW_CTX_TRY_NUMBER='1' AIRFLOW_CTX_DAG_RUN_ID='scheduled__2021-08-26T00:00:00+00:00'
[2023-10-18T10:48:03.277+0000] {base.py:73} INFO - Using connection ID 'fs_default' for task execution.
[2023-10-18T10:48:03.277+0000] {filesystem.py:64} INFO - Poking for file /opt/in/tiktok_google_play_reviews.csv
[2023-10-18T10:48:03.277+0000] {filesystem.py:69} INFO - Found File /opt/in/tiktok_google_play_reviews.csv last modified: 20220405221612
[2023-10-18T10:48:03.278+0000] {base.py:287} INFO - Success criteria met. Exiting.
[2023-10-18T10:48:03.297+0000] {taskinstance.py:1400} INFO - Marking task as SUCCESS. dag_id=copy_tranform_to_mongo, task_id=waiting_for_data, execution_date=20210826T000000, start_date=20231018T104803, end_date=20231018T104803
[2023-10-18T10:48:03.347+0000] {local_task_job_runner.py:228} INFO - Task exited with return code 0
[2023-10-18T10:48:03.377+0000] {taskinstance.py:2778} INFO - 1 downstream tasks scheduled from follow-on schedule check
[2023-10-18T11:44:39.139+0000] {taskinstance.py:1159} INFO - Dependencies all met for dep_context=non-requeueable deps ti=<TaskInstance: copy_tranform_to_mongo.waiting_for_data scheduled__2021-08-26T00:00:00+00:00 [queued]>
[2023-10-18T11:44:39.145+0000] {taskinstance.py:1159} INFO - Dependencies all met for dep_context=requeueable deps ti=<TaskInstance: copy_tranform_to_mongo.waiting_for_data scheduled__2021-08-26T00:00:00+00:00 [queued]>
[2023-10-18T11:44:39.145+0000] {taskinstance.py:1361} INFO - Starting attempt 1 of 1
[2023-10-18T11:44:39.153+0000] {taskinstance.py:1382} INFO - Executing <Task(FileSensor): waiting_for_data> on 2021-08-26 00:00:00+00:00
[2023-10-18T11:44:39.157+0000] {standard_task_runner.py:57} INFO - Started process 1427 to run task
[2023-10-18T11:44:39.159+0000] {standard_task_runner.py:84} INFO - Running: ['***', 'tasks', 'run', 'copy_tranform_to_mongo', 'waiting_for_data', 'scheduled__2021-08-26T00:00:00+00:00', '--job-id', '440', '--raw', '--subdir', 'DAGS_FOLDER/file_***-mongo.py', '--cfg-path', '/tmp/tmphq9k9zbw']
[2023-10-18T11:44:39.160+0000] {standard_task_runner.py:85} INFO - Job 440: Subtask waiting_for_data
[2023-10-18T11:44:39.192+0000] {task_command.py:416} INFO - Running <TaskInstance: copy_tranform_to_mongo.waiting_for_data scheduled__2021-08-26T00:00:00+00:00 [running]> on host 0e68aa52dfc7
[2023-10-18T11:44:39.241+0000] {taskinstance.py:1662} INFO - Exporting env vars: AIRFLOW_CTX_DAG_OWNER='***' AIRFLOW_CTX_DAG_ID='copy_tranform_to_mongo' AIRFLOW_CTX_TASK_ID='waiting_for_data' AIRFLOW_CTX_EXECUTION_DATE='2021-08-26T00:00:00+00:00' AIRFLOW_CTX_TRY_NUMBER='1' AIRFLOW_CTX_DAG_RUN_ID='scheduled__2021-08-26T00:00:00+00:00'
[2023-10-18T11:44:39.247+0000] {base.py:73} INFO - Using connection ID 'fs_default' for task execution.
[2023-10-18T11:44:39.248+0000] {filesystem.py:64} INFO - Poking for file /opt/in/tiktok_google_play_reviews.csv
[2023-10-18T11:44:39.248+0000] {filesystem.py:69} INFO - Found File /opt/in/tiktok_google_play_reviews.csv last modified: 20220405221612
[2023-10-18T11:44:39.248+0000] {base.py:287} INFO - Success criteria met. Exiting.
[2023-10-18T11:44:39.253+0000] {taskinstance.py:1400} INFO - Marking task as SUCCESS. dag_id=copy_tranform_to_mongo, task_id=waiting_for_data, execution_date=20210826T000000, start_date=20231018T114439, end_date=20231018T114439
[2023-10-18T11:44:39.291+0000] {local_task_job_runner.py:228} INFO - Task exited with return code 0
[2023-10-18T11:44:39.323+0000] {taskinstance.py:2778} INFO - 1 downstream tasks scheduled from follow-on schedule check
