[2023-10-17T11:19:50.921+0000] {taskinstance.py:1159} INFO - Dependencies all met for dep_context=non-requeueable deps ti=<TaskInstance: copy_tranform_to_mongo.waiting_for_data scheduled__2021-06-20T00:00:00+00:00 [queued]>
[2023-10-17T11:19:50.931+0000] {taskinstance.py:1159} INFO - Dependencies all met for dep_context=requeueable deps ti=<TaskInstance: copy_tranform_to_mongo.waiting_for_data scheduled__2021-06-20T00:00:00+00:00 [queued]>
[2023-10-17T11:19:50.931+0000] {taskinstance.py:1361} INFO - Starting attempt 1 of 1
[2023-10-17T11:19:50.947+0000] {taskinstance.py:1382} INFO - Executing <Task(FileSensor): waiting_for_data> on 2021-06-20 00:00:00+00:00
[2023-10-17T11:19:50.955+0000] {standard_task_runner.py:57} INFO - Started process 783 to run task
[2023-10-17T11:19:50.958+0000] {standard_task_runner.py:84} INFO - Running: ['***', 'tasks', 'run', 'copy_tranform_to_mongo', 'waiting_for_data', 'scheduled__2021-06-20T00:00:00+00:00', '--job-id', '175', '--raw', '--subdir', 'DAGS_FOLDER/file_***-mongo.py', '--cfg-path', '/tmp/tmphgjskoyh']
[2023-10-17T11:19:50.959+0000] {standard_task_runner.py:85} INFO - Job 175: Subtask waiting_for_data
[2023-10-17T11:19:51.002+0000] {task_command.py:416} INFO - Running <TaskInstance: copy_tranform_to_mongo.waiting_for_data scheduled__2021-06-20T00:00:00+00:00 [running]> on host 238c1d4ff767
[2023-10-17T11:19:51.075+0000] {taskinstance.py:1662} INFO - Exporting env vars: AIRFLOW_CTX_DAG_OWNER='***' AIRFLOW_CTX_DAG_ID='copy_tranform_to_mongo' AIRFLOW_CTX_TASK_ID='waiting_for_data' AIRFLOW_CTX_EXECUTION_DATE='2021-06-20T00:00:00+00:00' AIRFLOW_CTX_TRY_NUMBER='1' AIRFLOW_CTX_DAG_RUN_ID='scheduled__2021-06-20T00:00:00+00:00'
[2023-10-17T11:19:51.084+0000] {base.py:73} INFO - Using connection ID 'fs_default' for task execution.
[2023-10-17T11:19:51.084+0000] {filesystem.py:64} INFO - Poking for file /opt/in/tiktok_google_play_reviews.csv
[2023-10-17T11:19:51.085+0000] {filesystem.py:69} INFO - Found File /opt/in/tiktok_google_play_reviews.csv last modified: 20220405221612
[2023-10-17T11:19:51.085+0000] {base.py:287} INFO - Success criteria met. Exiting.
[2023-10-17T11:19:51.093+0000] {taskinstance.py:1400} INFO - Marking task as SUCCESS. dag_id=copy_tranform_to_mongo, task_id=waiting_for_data, execution_date=20210620T000000, start_date=20231017T111950, end_date=20231017T111951
[2023-10-17T11:19:51.130+0000] {local_task_job_runner.py:228} INFO - Task exited with return code 0
[2023-10-17T11:19:51.142+0000] {taskinstance.py:2778} INFO - 0 downstream tasks scheduled from follow-on schedule check
[2023-10-18T10:43:37.123+0000] {taskinstance.py:1159} INFO - Dependencies all met for dep_context=non-requeueable deps ti=<TaskInstance: copy_tranform_to_mongo.waiting_for_data scheduled__2021-06-20T00:00:00+00:00 [queued]>
[2023-10-18T10:43:37.134+0000] {taskinstance.py:1159} INFO - Dependencies all met for dep_context=requeueable deps ti=<TaskInstance: copy_tranform_to_mongo.waiting_for_data scheduled__2021-06-20T00:00:00+00:00 [queued]>
[2023-10-18T10:43:37.134+0000] {taskinstance.py:1361} INFO - Starting attempt 1 of 1
[2023-10-18T10:43:37.147+0000] {taskinstance.py:1382} INFO - Executing <Task(FileSensor): waiting_for_data> on 2021-06-20 00:00:00+00:00
[2023-10-18T10:43:37.151+0000] {standard_task_runner.py:57} INFO - Started process 1747 to run task
[2023-10-18T10:43:37.153+0000] {standard_task_runner.py:84} INFO - Running: ['***', 'tasks', 'run', 'copy_tranform_to_mongo', 'waiting_for_data', 'scheduled__2021-06-20T00:00:00+00:00', '--job-id', '174', '--raw', '--subdir', 'DAGS_FOLDER/file_***-mongo.py', '--cfg-path', '/tmp/tmpf_k75xjz']
[2023-10-18T10:43:37.154+0000] {standard_task_runner.py:85} INFO - Job 174: Subtask waiting_for_data
[2023-10-18T10:43:37.199+0000] {task_command.py:416} INFO - Running <TaskInstance: copy_tranform_to_mongo.waiting_for_data scheduled__2021-06-20T00:00:00+00:00 [running]> on host 2473b23ba069
[2023-10-18T10:43:37.271+0000] {taskinstance.py:1662} INFO - Exporting env vars: AIRFLOW_CTX_DAG_OWNER='***' AIRFLOW_CTX_DAG_ID='copy_tranform_to_mongo' AIRFLOW_CTX_TASK_ID='waiting_for_data' AIRFLOW_CTX_EXECUTION_DATE='2021-06-20T00:00:00+00:00' AIRFLOW_CTX_TRY_NUMBER='1' AIRFLOW_CTX_DAG_RUN_ID='scheduled__2021-06-20T00:00:00+00:00'
[2023-10-18T10:43:37.293+0000] {taskinstance.py:1937} ERROR - Task failed with exception
Traceback (most recent call last):
  File "/home/airflow/.local/lib/python3.8/site-packages/airflow/sensors/base.py", line 257, in execute
    raise e
  File "/home/airflow/.local/lib/python3.8/site-packages/airflow/sensors/base.py", line 239, in execute
    poke_return = self.poke(context)
  File "/home/airflow/.local/lib/python3.8/site-packages/airflow/sensors/filesystem.py", line 61, in poke
    hook = FSHook(self.fs_conn_id)
  File "/home/airflow/.local/lib/python3.8/site-packages/airflow/hooks/filesystem.py", line 38, in __init__
    conn = self.get_connection(conn_id)
  File "/home/airflow/.local/lib/python3.8/site-packages/airflow/hooks/base.py", line 72, in get_connection
    conn = Connection.get_connection_from_secrets(conn_id)
  File "/home/airflow/.local/lib/python3.8/site-packages/airflow/models/connection.py", line 477, in get_connection_from_secrets
    raise AirflowNotFoundException(f"The conn_id `{conn_id}` isn't defined")
airflow.exceptions.AirflowNotFoundException: The conn_id `fs_default` isn't defined
[2023-10-18T10:43:37.297+0000] {taskinstance.py:1400} INFO - Marking task as FAILED. dag_id=copy_tranform_to_mongo, task_id=waiting_for_data, execution_date=20210620T000000, start_date=20231018T104337, end_date=20231018T104337
[2023-10-18T10:43:37.312+0000] {standard_task_runner.py:104} ERROR - Failed to execute job 174 for task waiting_for_data (The conn_id `fs_default` isn't defined; 1747)
[2023-10-18T10:43:37.324+0000] {local_task_job_runner.py:228} INFO - Task exited with return code 1
[2023-10-18T10:43:37.387+0000] {taskinstance.py:2778} INFO - 0 downstream tasks scheduled from follow-on schedule check
[2023-10-18T11:43:58.118+0000] {taskinstance.py:1159} INFO - Dependencies all met for dep_context=non-requeueable deps ti=<TaskInstance: copy_tranform_to_mongo.waiting_for_data scheduled__2021-06-20T00:00:00+00:00 [queued]>
[2023-10-18T11:43:58.131+0000] {taskinstance.py:1159} INFO - Dependencies all met for dep_context=requeueable deps ti=<TaskInstance: copy_tranform_to_mongo.waiting_for_data scheduled__2021-06-20T00:00:00+00:00 [queued]>
[2023-10-18T11:43:58.131+0000] {taskinstance.py:1361} INFO - Starting attempt 1 of 1
[2023-10-18T11:43:58.149+0000] {taskinstance.py:1382} INFO - Executing <Task(FileSensor): waiting_for_data> on 2021-06-20 00:00:00+00:00
[2023-10-18T11:43:58.158+0000] {standard_task_runner.py:57} INFO - Started process 1149 to run task
[2023-10-18T11:43:58.160+0000] {standard_task_runner.py:84} INFO - Running: ['***', 'tasks', 'run', 'copy_tranform_to_mongo', 'waiting_for_data', 'scheduled__2021-06-20T00:00:00+00:00', '--job-id', '304', '--raw', '--subdir', 'DAGS_FOLDER/file_***-mongo.py', '--cfg-path', '/tmp/tmp1mmi6eob']
[2023-10-18T11:43:58.162+0000] {standard_task_runner.py:85} INFO - Job 304: Subtask waiting_for_data
[2023-10-18T11:43:58.214+0000] {task_command.py:416} INFO - Running <TaskInstance: copy_tranform_to_mongo.waiting_for_data scheduled__2021-06-20T00:00:00+00:00 [running]> on host 0e68aa52dfc7
[2023-10-18T11:43:58.365+0000] {taskinstance.py:1662} INFO - Exporting env vars: AIRFLOW_CTX_DAG_OWNER='***' AIRFLOW_CTX_DAG_ID='copy_tranform_to_mongo' AIRFLOW_CTX_TASK_ID='waiting_for_data' AIRFLOW_CTX_EXECUTION_DATE='2021-06-20T00:00:00+00:00' AIRFLOW_CTX_TRY_NUMBER='1' AIRFLOW_CTX_DAG_RUN_ID='scheduled__2021-06-20T00:00:00+00:00'
[2023-10-18T11:43:58.381+0000] {base.py:73} INFO - Using connection ID 'fs_default' for task execution.
[2023-10-18T11:43:58.381+0000] {filesystem.py:64} INFO - Poking for file /opt/in/tiktok_google_play_reviews.csv
[2023-10-18T11:43:58.382+0000] {filesystem.py:69} INFO - Found File /opt/in/tiktok_google_play_reviews.csv last modified: 20220405221612
[2023-10-18T11:43:58.382+0000] {base.py:287} INFO - Success criteria met. Exiting.
[2023-10-18T11:43:58.395+0000] {taskinstance.py:1400} INFO - Marking task as SUCCESS. dag_id=copy_tranform_to_mongo, task_id=waiting_for_data, execution_date=20210620T000000, start_date=20231018T114358, end_date=20231018T114358
[2023-10-18T11:43:58.455+0000] {local_task_job_runner.py:228} INFO - Task exited with return code 0
[2023-10-18T11:43:58.507+0000] {taskinstance.py:2778} INFO - 0 downstream tasks scheduled from follow-on schedule check
