[2023-10-17T11:26:02.242+0000] {taskinstance.py:1159} INFO - Dependencies all met for dep_context=non-requeueable deps ti=<TaskInstance: copy_tranform_to_mongo.waiting_for_data scheduled__2023-05-27T00:00:00+00:00 [queued]>
[2023-10-17T11:26:02.247+0000] {taskinstance.py:1159} INFO - Dependencies all met for dep_context=requeueable deps ti=<TaskInstance: copy_tranform_to_mongo.waiting_for_data scheduled__2023-05-27T00:00:00+00:00 [queued]>
[2023-10-17T11:26:02.248+0000] {taskinstance.py:1361} INFO - Starting attempt 1 of 1
[2023-10-17T11:26:02.256+0000] {taskinstance.py:1382} INFO - Executing <Task(FileSensor): waiting_for_data> on 2023-05-27 00:00:00+00:00
[2023-10-17T11:26:02.260+0000] {standard_task_runner.py:57} INFO - Started process 2280 to run task
[2023-10-17T11:26:02.262+0000] {standard_task_runner.py:84} INFO - Running: ['***', 'tasks', 'run', 'copy_tranform_to_mongo', 'waiting_for_data', 'scheduled__2023-05-27T00:00:00+00:00', '--job-id', '881', '--raw', '--subdir', 'DAGS_FOLDER/file_***-mongo.py', '--cfg-path', '/tmp/tmp0zahd6kr']
[2023-10-17T11:26:02.263+0000] {standard_task_runner.py:85} INFO - Job 881: Subtask waiting_for_data
[2023-10-17T11:26:02.293+0000] {task_command.py:416} INFO - Running <TaskInstance: copy_tranform_to_mongo.waiting_for_data scheduled__2023-05-27T00:00:00+00:00 [running]> on host 238c1d4ff767
[2023-10-17T11:26:02.345+0000] {taskinstance.py:1662} INFO - Exporting env vars: AIRFLOW_CTX_DAG_OWNER='***' AIRFLOW_CTX_DAG_ID='copy_tranform_to_mongo' AIRFLOW_CTX_TASK_ID='waiting_for_data' AIRFLOW_CTX_EXECUTION_DATE='2023-05-27T00:00:00+00:00' AIRFLOW_CTX_TRY_NUMBER='1' AIRFLOW_CTX_DAG_RUN_ID='scheduled__2023-05-27T00:00:00+00:00'
[2023-10-17T11:26:02.351+0000] {base.py:73} INFO - Using connection ID 'fs_default' for task execution.
[2023-10-17T11:26:02.352+0000] {filesystem.py:64} INFO - Poking for file /opt/in/tiktok_google_play_reviews.csv
[2023-10-17T11:26:02.352+0000] {filesystem.py:69} INFO - Found File /opt/in/tiktok_google_play_reviews.csv last modified: 20220405221612
[2023-10-17T11:26:02.352+0000] {base.py:287} INFO - Success criteria met. Exiting.
[2023-10-17T11:26:02.357+0000] {taskinstance.py:1400} INFO - Marking task as SUCCESS. dag_id=copy_tranform_to_mongo, task_id=waiting_for_data, execution_date=20230527T000000, start_date=20231017T112602, end_date=20231017T112602
[2023-10-17T11:26:02.394+0000] {local_task_job_runner.py:228} INFO - Task exited with return code 0
[2023-10-17T11:26:02.418+0000] {taskinstance.py:2778} INFO - 0 downstream tasks scheduled from follow-on schedule check
[2023-10-18T11:51:27.168+0000] {taskinstance.py:1159} INFO - Dependencies all met for dep_context=non-requeueable deps ti=<TaskInstance: copy_tranform_to_mongo.waiting_for_data scheduled__2023-05-27T00:00:00+00:00 [queued]>
[2023-10-18T11:51:27.177+0000] {taskinstance.py:1159} INFO - Dependencies all met for dep_context=requeueable deps ti=<TaskInstance: copy_tranform_to_mongo.waiting_for_data scheduled__2023-05-27T00:00:00+00:00 [queued]>
[2023-10-18T11:51:27.178+0000] {taskinstance.py:1361} INFO - Starting attempt 1 of 1
[2023-10-18T11:51:27.189+0000] {taskinstance.py:1382} INFO - Executing <Task(FileSensor): waiting_for_data> on 2023-05-27 00:00:00+00:00
[2023-10-18T11:51:27.198+0000] {standard_task_runner.py:57} INFO - Started process 4085 to run task
[2023-10-18T11:51:27.201+0000] {standard_task_runner.py:84} INFO - Running: ['***', 'tasks', 'run', 'copy_tranform_to_mongo', 'waiting_for_data', 'scheduled__2023-05-27T00:00:00+00:00', '--job-id', '1716', '--raw', '--subdir', 'DAGS_FOLDER/file_***-mongo.py', '--cfg-path', '/tmp/tmpwmt9ukg3']
[2023-10-18T11:51:27.202+0000] {standard_task_runner.py:85} INFO - Job 1716: Subtask waiting_for_data
[2023-10-18T11:51:27.249+0000] {task_command.py:416} INFO - Running <TaskInstance: copy_tranform_to_mongo.waiting_for_data scheduled__2023-05-27T00:00:00+00:00 [running]> on host 0e68aa52dfc7
[2023-10-18T11:51:27.340+0000] {taskinstance.py:1662} INFO - Exporting env vars: AIRFLOW_CTX_DAG_OWNER='***' AIRFLOW_CTX_DAG_ID='copy_tranform_to_mongo' AIRFLOW_CTX_TASK_ID='waiting_for_data' AIRFLOW_CTX_EXECUTION_DATE='2023-05-27T00:00:00+00:00' AIRFLOW_CTX_TRY_NUMBER='1' AIRFLOW_CTX_DAG_RUN_ID='scheduled__2023-05-27T00:00:00+00:00'
[2023-10-18T11:51:27.352+0000] {base.py:73} INFO - Using connection ID 'fs_default' for task execution.
[2023-10-18T11:51:27.353+0000] {filesystem.py:64} INFO - Poking for file /opt/in/tiktok_google_play_reviews.csv
[2023-10-18T11:51:27.354+0000] {filesystem.py:69} INFO - Found File /opt/in/tiktok_google_play_reviews.csv last modified: 20220405221612
[2023-10-18T11:51:27.354+0000] {base.py:287} INFO - Success criteria met. Exiting.
[2023-10-18T11:51:27.364+0000] {taskinstance.py:1400} INFO - Marking task as SUCCESS. dag_id=copy_tranform_to_mongo, task_id=waiting_for_data, execution_date=20230527T000000, start_date=20231018T115127, end_date=20231018T115127
[2023-10-18T11:51:27.418+0000] {local_task_job_runner.py:228} INFO - Task exited with return code 0
[2023-10-18T11:51:27.435+0000] {taskinstance.py:2778} INFO - 0 downstream tasks scheduled from follow-on schedule check
