[2023-10-17T11:19:02.517+0000] {taskinstance.py:1159} INFO - Dependencies all met for dep_context=non-requeueable deps ti=<TaskInstance: copy_tranform_to_mongo.waiting_for_data scheduled__2021-02-18T00:00:00+00:00 [queued]>
[2023-10-17T11:19:02.525+0000] {taskinstance.py:1159} INFO - Dependencies all met for dep_context=requeueable deps ti=<TaskInstance: copy_tranform_to_mongo.waiting_for_data scheduled__2021-02-18T00:00:00+00:00 [queued]>
[2023-10-17T11:19:02.525+0000] {taskinstance.py:1361} INFO - Starting attempt 1 of 1
[2023-10-17T11:19:02.553+0000] {taskinstance.py:1382} INFO - Executing <Task(FileSensor): waiting_for_data> on 2021-02-18 00:00:00+00:00
[2023-10-17T11:19:02.560+0000] {standard_task_runner.py:57} INFO - Started process 523 to run task
[2023-10-17T11:19:02.563+0000] {standard_task_runner.py:84} INFO - Running: ['***', 'tasks', 'run', 'copy_tranform_to_mongo', 'waiting_for_data', 'scheduled__2021-02-18T00:00:00+00:00', '--job-id', '53', '--raw', '--subdir', 'DAGS_FOLDER/file_***-mongo.py', '--cfg-path', '/tmp/tmp63i5k974']
[2023-10-17T11:19:02.564+0000] {standard_task_runner.py:85} INFO - Job 53: Subtask waiting_for_data
[2023-10-17T11:19:02.606+0000] {task_command.py:416} INFO - Running <TaskInstance: copy_tranform_to_mongo.waiting_for_data scheduled__2021-02-18T00:00:00+00:00 [running]> on host 238c1d4ff767
[2023-10-17T11:19:02.690+0000] {taskinstance.py:1662} INFO - Exporting env vars: AIRFLOW_CTX_DAG_OWNER='***' AIRFLOW_CTX_DAG_ID='copy_tranform_to_mongo' AIRFLOW_CTX_TASK_ID='waiting_for_data' AIRFLOW_CTX_EXECUTION_DATE='2021-02-18T00:00:00+00:00' AIRFLOW_CTX_TRY_NUMBER='1' AIRFLOW_CTX_DAG_RUN_ID='scheduled__2021-02-18T00:00:00+00:00'
[2023-10-17T11:19:02.701+0000] {base.py:73} INFO - Using connection ID 'fs_default' for task execution.
[2023-10-17T11:19:02.701+0000] {filesystem.py:64} INFO - Poking for file /opt/in/tiktok_google_play_reviews.csv
[2023-10-17T11:19:02.702+0000] {filesystem.py:69} INFO - Found File /opt/in/tiktok_google_play_reviews.csv last modified: 20220405221612
[2023-10-17T11:19:02.702+0000] {base.py:287} INFO - Success criteria met. Exiting.
[2023-10-17T11:19:02.711+0000] {taskinstance.py:1400} INFO - Marking task as SUCCESS. dag_id=copy_tranform_to_mongo, task_id=waiting_for_data, execution_date=20210218T000000, start_date=20231017T111902, end_date=20231017T111902
[2023-10-17T11:19:02.737+0000] {local_task_job_runner.py:228} INFO - Task exited with return code 0
[2023-10-17T11:19:02.756+0000] {taskinstance.py:2778} INFO - 0 downstream tasks scheduled from follow-on schedule check
[2023-10-18T10:42:30.106+0000] {taskinstance.py:1159} INFO - Dependencies all met for dep_context=non-requeueable deps ti=<TaskInstance: copy_tranform_to_mongo.waiting_for_data scheduled__2021-02-18T00:00:00+00:00 [queued]>
[2023-10-18T10:42:30.120+0000] {taskinstance.py:1159} INFO - Dependencies all met for dep_context=requeueable deps ti=<TaskInstance: copy_tranform_to_mongo.waiting_for_data scheduled__2021-02-18T00:00:00+00:00 [queued]>
[2023-10-18T10:42:30.121+0000] {taskinstance.py:1361} INFO - Starting attempt 1 of 1
[2023-10-18T10:42:30.159+0000] {taskinstance.py:1382} INFO - Executing <Task(FileSensor): waiting_for_data> on 2021-02-18 00:00:00+00:00
[2023-10-18T10:42:30.166+0000] {standard_task_runner.py:57} INFO - Started process 1486 to run task
[2023-10-18T10:42:30.169+0000] {standard_task_runner.py:84} INFO - Running: ['***', 'tasks', 'run', 'copy_tranform_to_mongo', 'waiting_for_data', 'scheduled__2021-02-18T00:00:00+00:00', '--job-id', '52', '--raw', '--subdir', 'DAGS_FOLDER/file_***-mongo.py', '--cfg-path', '/tmp/tmpi7nfecwe']
[2023-10-18T10:42:30.170+0000] {standard_task_runner.py:85} INFO - Job 52: Subtask waiting_for_data
[2023-10-18T10:42:30.211+0000] {task_command.py:416} INFO - Running <TaskInstance: copy_tranform_to_mongo.waiting_for_data scheduled__2021-02-18T00:00:00+00:00 [running]> on host 2473b23ba069
[2023-10-18T10:42:30.273+0000] {taskinstance.py:1662} INFO - Exporting env vars: AIRFLOW_CTX_DAG_OWNER='***' AIRFLOW_CTX_DAG_ID='copy_tranform_to_mongo' AIRFLOW_CTX_TASK_ID='waiting_for_data' AIRFLOW_CTX_EXECUTION_DATE='2021-02-18T00:00:00+00:00' AIRFLOW_CTX_TRY_NUMBER='1' AIRFLOW_CTX_DAG_RUN_ID='scheduled__2021-02-18T00:00:00+00:00'
[2023-10-18T10:42:30.289+0000] {taskinstance.py:1937} ERROR - Task failed with exception
Traceback (most recent call last):
  File "/home/airflow/.local/lib/python3.8/site-packages/airflow/sensors/base.py", line 257, in execute
    raise e
  File "/home/airflow/.local/lib/python3.8/site-packages/airflow/sensors/base.py", line 239, in execute
    poke_return = self.poke(context)
  File "/home/airflow/.local/lib/python3.8/site-packages/airflow/sensors/filesystem.py", line 61, in poke
    hook = FSHook(self.fs_conn_id)
  File "/home/airflow/.local/lib/python3.8/site-packages/airflow/hooks/filesystem.py", line 38, in __init__
    conn = self.get_connection(conn_id)
  File "/home/airflow/.local/lib/python3.8/site-packages/airflow/hooks/base.py", line 72, in get_connection
    conn = Connection.get_connection_from_secrets(conn_id)
  File "/home/airflow/.local/lib/python3.8/site-packages/airflow/models/connection.py", line 477, in get_connection_from_secrets
    raise AirflowNotFoundException(f"The conn_id `{conn_id}` isn't defined")
airflow.exceptions.AirflowNotFoundException: The conn_id `fs_default` isn't defined
[2023-10-18T10:42:30.292+0000] {taskinstance.py:1400} INFO - Marking task as FAILED. dag_id=copy_tranform_to_mongo, task_id=waiting_for_data, execution_date=20210218T000000, start_date=20231018T104230, end_date=20231018T104230
[2023-10-18T10:42:30.302+0000] {standard_task_runner.py:104} ERROR - Failed to execute job 52 for task waiting_for_data (The conn_id `fs_default` isn't defined; 1486)
[2023-10-18T10:42:30.341+0000] {local_task_job_runner.py:228} INFO - Task exited with return code 1
[2023-10-18T10:42:30.363+0000] {taskinstance.py:2778} INFO - 0 downstream tasks scheduled from follow-on schedule check
[2023-10-18T11:16:59.870+0000] {taskinstance.py:1159} INFO - Dependencies all met for dep_context=non-requeueable deps ti=<TaskInstance: copy_tranform_to_mongo.waiting_for_data scheduled__2021-02-18T00:00:00+00:00 [queued]>
[2023-10-18T11:16:59.880+0000] {taskinstance.py:1159} INFO - Dependencies all met for dep_context=requeueable deps ti=<TaskInstance: copy_tranform_to_mongo.waiting_for_data scheduled__2021-02-18T00:00:00+00:00 [queued]>
[2023-10-18T11:16:59.880+0000] {taskinstance.py:1361} INFO - Starting attempt 1 of 1
[2023-10-18T11:16:59.893+0000] {taskinstance.py:1382} INFO - Executing <Task(FileSensor): waiting_for_data> on 2021-02-18 00:00:00+00:00
[2023-10-18T11:16:59.901+0000] {standard_task_runner.py:57} INFO - Started process 242 to run task
[2023-10-18T11:16:59.903+0000] {standard_task_runner.py:84} INFO - Running: ['***', 'tasks', 'run', 'copy_tranform_to_mongo', 'waiting_for_data', 'scheduled__2021-02-18T00:00:00+00:00', '--job-id', '60', '--raw', '--subdir', 'DAGS_FOLDER/file_***-mongo.py', '--cfg-path', '/tmp/tmpp4g6_ctw']
[2023-10-18T11:16:59.904+0000] {standard_task_runner.py:85} INFO - Job 60: Subtask waiting_for_data
[2023-10-18T11:16:59.956+0000] {task_command.py:416} INFO - Running <TaskInstance: copy_tranform_to_mongo.waiting_for_data scheduled__2021-02-18T00:00:00+00:00 [running]> on host 0e68aa52dfc7
[2023-10-18T11:17:00.048+0000] {taskinstance.py:1662} INFO - Exporting env vars: AIRFLOW_CTX_DAG_OWNER='***' AIRFLOW_CTX_DAG_ID='copy_tranform_to_mongo' AIRFLOW_CTX_TASK_ID='waiting_for_data' AIRFLOW_CTX_EXECUTION_DATE='2021-02-18T00:00:00+00:00' AIRFLOW_CTX_TRY_NUMBER='1' AIRFLOW_CTX_DAG_RUN_ID='scheduled__2021-02-18T00:00:00+00:00'
[2023-10-18T11:17:00.056+0000] {base.py:73} INFO - Using connection ID 'fs_default' for task execution.
[2023-10-18T11:17:00.056+0000] {filesystem.py:64} INFO - Poking for file /opt/in/tiktok_google_play_reviews.csv
[2023-10-18T11:17:00.057+0000] {filesystem.py:69} INFO - Found File /opt/in/tiktok_google_play_reviews.csv last modified: 20220405221612
[2023-10-18T11:17:00.057+0000] {base.py:287} INFO - Success criteria met. Exiting.
[2023-10-18T11:17:00.066+0000] {taskinstance.py:1400} INFO - Marking task as SUCCESS. dag_id=copy_tranform_to_mongo, task_id=waiting_for_data, execution_date=20210218T000000, start_date=20231018T111659, end_date=20231018T111700
[2023-10-18T11:17:00.119+0000] {local_task_job_runner.py:228} INFO - Task exited with return code 0
[2023-10-18T11:17:00.154+0000] {taskinstance.py:2778} INFO - 0 downstream tasks scheduled from follow-on schedule check
[2023-10-19T12:11:35.065+0000] {taskinstance.py:1159} INFO - Dependencies all met for dep_context=non-requeueable deps ti=<TaskInstance: copy_tranform_to_mongo.waiting_for_data scheduled__2021-02-18T00:00:00+00:00 [queued]>
[2023-10-19T12:11:35.075+0000] {taskinstance.py:1159} INFO - Dependencies all met for dep_context=requeueable deps ti=<TaskInstance: copy_tranform_to_mongo.waiting_for_data scheduled__2021-02-18T00:00:00+00:00 [queued]>
[2023-10-19T12:11:35.075+0000] {taskinstance.py:1361} INFO - Starting attempt 1 of 1
[2023-10-19T12:11:35.087+0000] {taskinstance.py:1382} INFO - Executing <Task(FileSensor): waiting_for_data> on 2021-02-18 00:00:00+00:00
[2023-10-19T12:11:35.093+0000] {standard_task_runner.py:57} INFO - Started process 299 to run task
[2023-10-19T12:11:35.095+0000] {standard_task_runner.py:84} INFO - Running: ['***', 'tasks', 'run', 'copy_tranform_to_mongo', 'waiting_for_data', 'scheduled__2021-02-18T00:00:00+00:00', '--job-id', '57', '--raw', '--subdir', 'DAGS_FOLDER/file_***-mongo.py', '--cfg-path', '/tmp/tmp2yjbngez']
[2023-10-19T12:11:35.096+0000] {standard_task_runner.py:85} INFO - Job 57: Subtask waiting_for_data
[2023-10-19T12:11:35.145+0000] {task_command.py:416} INFO - Running <TaskInstance: copy_tranform_to_mongo.waiting_for_data scheduled__2021-02-18T00:00:00+00:00 [running]> on host 6f5df7fea6fd
[2023-10-19T12:11:35.222+0000] {taskinstance.py:1662} INFO - Exporting env vars: AIRFLOW_CTX_DAG_OWNER='***' AIRFLOW_CTX_DAG_ID='copy_tranform_to_mongo' AIRFLOW_CTX_TASK_ID='waiting_for_data' AIRFLOW_CTX_EXECUTION_DATE='2021-02-18T00:00:00+00:00' AIRFLOW_CTX_TRY_NUMBER='1' AIRFLOW_CTX_DAG_RUN_ID='scheduled__2021-02-18T00:00:00+00:00'
[2023-10-19T12:11:35.232+0000] {base.py:73} INFO - Using connection ID 'fs_default' for task execution.
[2023-10-19T12:11:35.233+0000] {filesystem.py:64} INFO - Poking for file /opt/in/tiktok_google_play_reviews.csv
[2023-10-19T12:11:35.233+0000] {filesystem.py:69} INFO - Found File /opt/in/tiktok_google_play_reviews.csv last modified: 20220405221612
[2023-10-19T12:11:35.234+0000] {base.py:287} INFO - Success criteria met. Exiting.
[2023-10-19T12:11:35.243+0000] {taskinstance.py:1400} INFO - Marking task as SUCCESS. dag_id=copy_tranform_to_mongo, task_id=waiting_for_data, execution_date=20210218T000000, start_date=20231019T121135, end_date=20231019T121135
[2023-10-19T12:11:35.267+0000] {local_task_job_runner.py:228} INFO - Task exited with return code 0
[2023-10-19T12:11:35.307+0000] {taskinstance.py:2778} INFO - 1 downstream tasks scheduled from follow-on schedule check
