[2023-10-17T11:26:58.766+0000] {taskinstance.py:1159} INFO - Dependencies all met for dep_context=non-requeueable deps ti=<TaskInstance: copy_tranform_to_mongo.waiting_for_data scheduled__2023-08-07T00:00:00+00:00 [queued]>
[2023-10-17T11:26:58.772+0000] {taskinstance.py:1159} INFO - Dependencies all met for dep_context=requeueable deps ti=<TaskInstance: copy_tranform_to_mongo.waiting_for_data scheduled__2023-08-07T00:00:00+00:00 [queued]>
[2023-10-17T11:26:58.772+0000] {taskinstance.py:1361} INFO - Starting attempt 1 of 1
[2023-10-17T11:26:58.785+0000] {taskinstance.py:1382} INFO - Executing <Task(FileSensor): waiting_for_data> on 2023-08-07 00:00:00+00:00
[2023-10-17T11:26:58.790+0000] {standard_task_runner.py:57} INFO - Started process 2440 to run task
[2023-10-17T11:26:58.792+0000] {standard_task_runner.py:84} INFO - Running: ['***', 'tasks', 'run', 'copy_tranform_to_mongo', 'waiting_for_data', 'scheduled__2023-08-07T00:00:00+00:00', '--job-id', '953', '--raw', '--subdir', 'DAGS_FOLDER/file_***-mongo.py', '--cfg-path', '/tmp/tmp596yvrdh']
[2023-10-17T11:26:58.793+0000] {standard_task_runner.py:85} INFO - Job 953: Subtask waiting_for_data
[2023-10-17T11:26:58.827+0000] {task_command.py:416} INFO - Running <TaskInstance: copy_tranform_to_mongo.waiting_for_data scheduled__2023-08-07T00:00:00+00:00 [running]> on host 238c1d4ff767
[2023-10-17T11:26:58.883+0000] {taskinstance.py:1662} INFO - Exporting env vars: AIRFLOW_CTX_DAG_OWNER='***' AIRFLOW_CTX_DAG_ID='copy_tranform_to_mongo' AIRFLOW_CTX_TASK_ID='waiting_for_data' AIRFLOW_CTX_EXECUTION_DATE='2023-08-07T00:00:00+00:00' AIRFLOW_CTX_TRY_NUMBER='1' AIRFLOW_CTX_DAG_RUN_ID='scheduled__2023-08-07T00:00:00+00:00'
[2023-10-17T11:26:58.889+0000] {base.py:73} INFO - Using connection ID 'fs_default' for task execution.
[2023-10-17T11:26:58.890+0000] {filesystem.py:64} INFO - Poking for file /opt/in/tiktok_google_play_reviews.csv
[2023-10-17T11:26:58.890+0000] {filesystem.py:69} INFO - Found File /opt/in/tiktok_google_play_reviews.csv last modified: 20220405221612
[2023-10-17T11:26:58.890+0000] {base.py:287} INFO - Success criteria met. Exiting.
[2023-10-17T11:26:58.895+0000] {taskinstance.py:1400} INFO - Marking task as SUCCESS. dag_id=copy_tranform_to_mongo, task_id=waiting_for_data, execution_date=20230807T000000, start_date=20231017T112658, end_date=20231017T112658
[2023-10-17T11:26:58.924+0000] {local_task_job_runner.py:228} INFO - Task exited with return code 0
[2023-10-17T11:26:58.944+0000] {taskinstance.py:2778} INFO - 0 downstream tasks scheduled from follow-on schedule check
[2023-10-18T11:52:10.668+0000] {taskinstance.py:1159} INFO - Dependencies all met for dep_context=non-requeueable deps ti=<TaskInstance: copy_tranform_to_mongo.waiting_for_data scheduled__2023-08-07T00:00:00+00:00 [queued]>
[2023-10-18T11:52:10.680+0000] {taskinstance.py:1159} INFO - Dependencies all met for dep_context=requeueable deps ti=<TaskInstance: copy_tranform_to_mongo.waiting_for_data scheduled__2023-08-07T00:00:00+00:00 [queued]>
[2023-10-18T11:52:10.681+0000] {taskinstance.py:1361} INFO - Starting attempt 1 of 1
[2023-10-18T11:52:10.696+0000] {taskinstance.py:1382} INFO - Executing <Task(FileSensor): waiting_for_data> on 2023-08-07 00:00:00+00:00
[2023-10-18T11:52:10.705+0000] {standard_task_runner.py:57} INFO - Started process 4381 to run task
[2023-10-18T11:52:10.709+0000] {standard_task_runner.py:84} INFO - Running: ['***', 'tasks', 'run', 'copy_tranform_to_mongo', 'waiting_for_data', 'scheduled__2023-08-07T00:00:00+00:00', '--job-id', '1859', '--raw', '--subdir', 'DAGS_FOLDER/file_***-mongo.py', '--cfg-path', '/tmp/tmp0ntslkuo']
[2023-10-18T11:52:10.710+0000] {standard_task_runner.py:85} INFO - Job 1859: Subtask waiting_for_data
[2023-10-18T11:52:10.773+0000] {task_command.py:416} INFO - Running <TaskInstance: copy_tranform_to_mongo.waiting_for_data scheduled__2023-08-07T00:00:00+00:00 [running]> on host 0e68aa52dfc7
[2023-10-18T11:52:10.864+0000] {taskinstance.py:1662} INFO - Exporting env vars: AIRFLOW_CTX_DAG_OWNER='***' AIRFLOW_CTX_DAG_ID='copy_tranform_to_mongo' AIRFLOW_CTX_TASK_ID='waiting_for_data' AIRFLOW_CTX_EXECUTION_DATE='2023-08-07T00:00:00+00:00' AIRFLOW_CTX_TRY_NUMBER='1' AIRFLOW_CTX_DAG_RUN_ID='scheduled__2023-08-07T00:00:00+00:00'
[2023-10-18T11:52:10.876+0000] {base.py:73} INFO - Using connection ID 'fs_default' for task execution.
[2023-10-18T11:52:10.879+0000] {filesystem.py:64} INFO - Poking for file /opt/in/tiktok_google_play_reviews.csv
[2023-10-18T11:52:10.879+0000] {filesystem.py:69} INFO - Found File /opt/in/tiktok_google_play_reviews.csv last modified: 20220405221612
[2023-10-18T11:52:10.880+0000] {base.py:287} INFO - Success criteria met. Exiting.
[2023-10-18T11:52:10.889+0000] {taskinstance.py:1400} INFO - Marking task as SUCCESS. dag_id=copy_tranform_to_mongo, task_id=waiting_for_data, execution_date=20230807T000000, start_date=20231018T115210, end_date=20231018T115210
[2023-10-18T11:52:10.931+0000] {local_task_job_runner.py:228} INFO - Task exited with return code 0
[2023-10-18T11:52:11.014+0000] {taskinstance.py:2778} INFO - 0 downstream tasks scheduled from follow-on schedule check
