[2023-10-17T11:19:30.457+0000] {taskinstance.py:1159} INFO - Dependencies all met for dep_context=non-requeueable deps ti=<TaskInstance: copy_tranform_to_mongo.waiting_for_data scheduled__2021-04-30T00:00:00+00:00 [queued]>
[2023-10-17T11:19:30.466+0000] {taskinstance.py:1159} INFO - Dependencies all met for dep_context=requeueable deps ti=<TaskInstance: copy_tranform_to_mongo.waiting_for_data scheduled__2021-04-30T00:00:00+00:00 [queued]>
[2023-10-17T11:19:30.467+0000] {taskinstance.py:1361} INFO - Starting attempt 1 of 1
[2023-10-17T11:19:30.480+0000] {taskinstance.py:1382} INFO - Executing <Task(FileSensor): waiting_for_data> on 2021-04-30 00:00:00+00:00
[2023-10-17T11:19:30.487+0000] {standard_task_runner.py:57} INFO - Started process 672 to run task
[2023-10-17T11:19:30.489+0000] {standard_task_runner.py:84} INFO - Running: ['***', 'tasks', 'run', 'copy_tranform_to_mongo', 'waiting_for_data', 'scheduled__2021-04-30T00:00:00+00:00', '--job-id', '124', '--raw', '--subdir', 'DAGS_FOLDER/file_***-mongo.py', '--cfg-path', '/tmp/tmp8bkznn_4']
[2023-10-17T11:19:30.490+0000] {standard_task_runner.py:85} INFO - Job 124: Subtask waiting_for_data
[2023-10-17T11:19:30.525+0000] {task_command.py:416} INFO - Running <TaskInstance: copy_tranform_to_mongo.waiting_for_data scheduled__2021-04-30T00:00:00+00:00 [running]> on host 238c1d4ff767
[2023-10-17T11:19:30.587+0000] {taskinstance.py:1662} INFO - Exporting env vars: AIRFLOW_CTX_DAG_OWNER='***' AIRFLOW_CTX_DAG_ID='copy_tranform_to_mongo' AIRFLOW_CTX_TASK_ID='waiting_for_data' AIRFLOW_CTX_EXECUTION_DATE='2021-04-30T00:00:00+00:00' AIRFLOW_CTX_TRY_NUMBER='1' AIRFLOW_CTX_DAG_RUN_ID='scheduled__2021-04-30T00:00:00+00:00'
[2023-10-17T11:19:30.594+0000] {base.py:73} INFO - Using connection ID 'fs_default' for task execution.
[2023-10-17T11:19:30.594+0000] {filesystem.py:64} INFO - Poking for file /opt/in/tiktok_google_play_reviews.csv
[2023-10-17T11:19:30.595+0000] {filesystem.py:69} INFO - Found File /opt/in/tiktok_google_play_reviews.csv last modified: 20220405221612
[2023-10-17T11:19:30.595+0000] {base.py:287} INFO - Success criteria met. Exiting.
[2023-10-17T11:19:30.601+0000] {taskinstance.py:1400} INFO - Marking task as SUCCESS. dag_id=copy_tranform_to_mongo, task_id=waiting_for_data, execution_date=20210430T000000, start_date=20231017T111930, end_date=20231017T111930
[2023-10-17T11:19:30.621+0000] {local_task_job_runner.py:228} INFO - Task exited with return code 0
[2023-10-17T11:19:30.637+0000] {taskinstance.py:2778} INFO - 0 downstream tasks scheduled from follow-on schedule check
[2023-10-18T10:43:01.186+0000] {taskinstance.py:1159} INFO - Dependencies all met for dep_context=non-requeueable deps ti=<TaskInstance: copy_tranform_to_mongo.waiting_for_data scheduled__2021-04-30T00:00:00+00:00 [queued]>
[2023-10-18T10:43:01.192+0000] {taskinstance.py:1159} INFO - Dependencies all met for dep_context=requeueable deps ti=<TaskInstance: copy_tranform_to_mongo.waiting_for_data scheduled__2021-04-30T00:00:00+00:00 [queued]>
[2023-10-18T10:43:01.193+0000] {taskinstance.py:1361} INFO - Starting attempt 1 of 1
[2023-10-18T10:43:01.203+0000] {taskinstance.py:1382} INFO - Executing <Task(FileSensor): waiting_for_data> on 2021-04-30 00:00:00+00:00
[2023-10-18T10:43:01.208+0000] {standard_task_runner.py:57} INFO - Started process 1634 to run task
[2023-10-18T10:43:01.210+0000] {standard_task_runner.py:84} INFO - Running: ['***', 'tasks', 'run', 'copy_tranform_to_mongo', 'waiting_for_data', 'scheduled__2021-04-30T00:00:00+00:00', '--job-id', '123', '--raw', '--subdir', 'DAGS_FOLDER/file_***-mongo.py', '--cfg-path', '/tmp/tmptrzvjbj9']
[2023-10-18T10:43:01.211+0000] {standard_task_runner.py:85} INFO - Job 123: Subtask waiting_for_data
[2023-10-18T10:43:01.247+0000] {task_command.py:416} INFO - Running <TaskInstance: copy_tranform_to_mongo.waiting_for_data scheduled__2021-04-30T00:00:00+00:00 [running]> on host 2473b23ba069
[2023-10-18T10:43:01.314+0000] {taskinstance.py:1662} INFO - Exporting env vars: AIRFLOW_CTX_DAG_OWNER='***' AIRFLOW_CTX_DAG_ID='copy_tranform_to_mongo' AIRFLOW_CTX_TASK_ID='waiting_for_data' AIRFLOW_CTX_EXECUTION_DATE='2021-04-30T00:00:00+00:00' AIRFLOW_CTX_TRY_NUMBER='1' AIRFLOW_CTX_DAG_RUN_ID='scheduled__2021-04-30T00:00:00+00:00'
[2023-10-18T10:43:01.327+0000] {taskinstance.py:1937} ERROR - Task failed with exception
Traceback (most recent call last):
  File "/home/airflow/.local/lib/python3.8/site-packages/airflow/sensors/base.py", line 257, in execute
    raise e
  File "/home/airflow/.local/lib/python3.8/site-packages/airflow/sensors/base.py", line 239, in execute
    poke_return = self.poke(context)
  File "/home/airflow/.local/lib/python3.8/site-packages/airflow/sensors/filesystem.py", line 61, in poke
    hook = FSHook(self.fs_conn_id)
  File "/home/airflow/.local/lib/python3.8/site-packages/airflow/hooks/filesystem.py", line 38, in __init__
    conn = self.get_connection(conn_id)
  File "/home/airflow/.local/lib/python3.8/site-packages/airflow/hooks/base.py", line 72, in get_connection
    conn = Connection.get_connection_from_secrets(conn_id)
  File "/home/airflow/.local/lib/python3.8/site-packages/airflow/models/connection.py", line 477, in get_connection_from_secrets
    raise AirflowNotFoundException(f"The conn_id `{conn_id}` isn't defined")
airflow.exceptions.AirflowNotFoundException: The conn_id `fs_default` isn't defined
[2023-10-18T10:43:01.330+0000] {taskinstance.py:1400} INFO - Marking task as FAILED. dag_id=copy_tranform_to_mongo, task_id=waiting_for_data, execution_date=20210430T000000, start_date=20231018T104301, end_date=20231018T104301
[2023-10-18T10:43:01.338+0000] {standard_task_runner.py:104} ERROR - Failed to execute job 123 for task waiting_for_data (The conn_id `fs_default` isn't defined; 1634)
[2023-10-18T10:43:01.382+0000] {local_task_job_runner.py:228} INFO - Task exited with return code 1
[2023-10-18T10:43:01.419+0000] {taskinstance.py:2778} INFO - 0 downstream tasks scheduled from follow-on schedule check
[2023-10-18T11:17:41.777+0000] {taskinstance.py:1159} INFO - Dependencies all met for dep_context=non-requeueable deps ti=<TaskInstance: copy_tranform_to_mongo.waiting_for_data scheduled__2021-04-30T00:00:00+00:00 [queued]>
[2023-10-18T11:17:41.785+0000] {taskinstance.py:1159} INFO - Dependencies all met for dep_context=requeueable deps ti=<TaskInstance: copy_tranform_to_mongo.waiting_for_data scheduled__2021-04-30T00:00:00+00:00 [queued]>
[2023-10-18T11:17:41.785+0000] {taskinstance.py:1361} INFO - Starting attempt 1 of 1
[2023-10-18T11:17:41.797+0000] {taskinstance.py:1382} INFO - Executing <Task(FileSensor): waiting_for_data> on 2021-04-30 00:00:00+00:00
[2023-10-18T11:17:41.803+0000] {standard_task_runner.py:57} INFO - Started process 546 to run task
[2023-10-18T11:17:41.806+0000] {standard_task_runner.py:84} INFO - Running: ['***', 'tasks', 'run', 'copy_tranform_to_mongo', 'waiting_for_data', 'scheduled__2021-04-30T00:00:00+00:00', '--job-id', '204', '--raw', '--subdir', 'DAGS_FOLDER/file_***-mongo.py', '--cfg-path', '/tmp/tmpxu9kzj76']
[2023-10-18T11:17:41.808+0000] {standard_task_runner.py:85} INFO - Job 204: Subtask waiting_for_data
[2023-10-18T11:17:41.846+0000] {task_command.py:416} INFO - Running <TaskInstance: copy_tranform_to_mongo.waiting_for_data scheduled__2021-04-30T00:00:00+00:00 [running]> on host 0e68aa52dfc7
[2023-10-18T11:17:41.915+0000] {taskinstance.py:1662} INFO - Exporting env vars: AIRFLOW_CTX_DAG_OWNER='***' AIRFLOW_CTX_DAG_ID='copy_tranform_to_mongo' AIRFLOW_CTX_TASK_ID='waiting_for_data' AIRFLOW_CTX_EXECUTION_DATE='2021-04-30T00:00:00+00:00' AIRFLOW_CTX_TRY_NUMBER='1' AIRFLOW_CTX_DAG_RUN_ID='scheduled__2021-04-30T00:00:00+00:00'
[2023-10-18T11:17:41.927+0000] {base.py:73} INFO - Using connection ID 'fs_default' for task execution.
[2023-10-18T11:17:41.928+0000] {filesystem.py:64} INFO - Poking for file /opt/in/tiktok_google_play_reviews.csv
[2023-10-18T11:17:41.928+0000] {filesystem.py:69} INFO - Found File /opt/in/tiktok_google_play_reviews.csv last modified: 20220405221612
[2023-10-18T11:17:41.928+0000] {base.py:287} INFO - Success criteria met. Exiting.
[2023-10-18T11:17:41.939+0000] {taskinstance.py:1400} INFO - Marking task as SUCCESS. dag_id=copy_tranform_to_mongo, task_id=waiting_for_data, execution_date=20210430T000000, start_date=20231018T111741, end_date=20231018T111741
[2023-10-18T11:17:41.978+0000] {local_task_job_runner.py:228} INFO - Task exited with return code 0
[2023-10-18T11:17:42.034+0000] {taskinstance.py:2778} INFO - 0 downstream tasks scheduled from follow-on schedule check
[2023-10-19T12:42:57.125+0000] {taskinstance.py:1159} INFO - Dependencies all met for dep_context=non-requeueable deps ti=<TaskInstance: copy_tranform_to_mongo.waiting_for_data scheduled__2021-04-30T00:00:00+00:00 [queued]>
[2023-10-19T12:42:57.138+0000] {taskinstance.py:1159} INFO - Dependencies all met for dep_context=requeueable deps ti=<TaskInstance: copy_tranform_to_mongo.waiting_for_data scheduled__2021-04-30T00:00:00+00:00 [queued]>
[2023-10-19T12:42:57.139+0000] {taskinstance.py:1361} INFO - Starting attempt 1 of 1
[2023-10-19T12:42:57.154+0000] {taskinstance.py:1382} INFO - Executing <Task(FileSensor): waiting_for_data> on 2021-04-30 00:00:00+00:00
[2023-10-19T12:42:57.162+0000] {standard_task_runner.py:57} INFO - Started process 1094 to run task
[2023-10-19T12:42:57.170+0000] {standard_task_runner.py:84} INFO - Running: ['***', 'tasks', 'run', 'copy_tranform_to_mongo', 'waiting_for_data', 'scheduled__2021-04-30T00:00:00+00:00', '--job-id', '218', '--raw', '--subdir', 'DAGS_FOLDER/file_***-mongo.py', '--cfg-path', '/tmp/tmpeln53z7u']
[2023-10-19T12:42:57.171+0000] {standard_task_runner.py:85} INFO - Job 218: Subtask waiting_for_data
[2023-10-19T12:42:57.281+0000] {task_command.py:416} INFO - Running <TaskInstance: copy_tranform_to_mongo.waiting_for_data scheduled__2021-04-30T00:00:00+00:00 [running]> on host 6f5df7fea6fd
[2023-10-19T12:42:57.544+0000] {taskinstance.py:1662} INFO - Exporting env vars: AIRFLOW_CTX_DAG_OWNER='***' AIRFLOW_CTX_DAG_ID='copy_tranform_to_mongo' AIRFLOW_CTX_TASK_ID='waiting_for_data' AIRFLOW_CTX_EXECUTION_DATE='2021-04-30T00:00:00+00:00' AIRFLOW_CTX_TRY_NUMBER='1' AIRFLOW_CTX_DAG_RUN_ID='scheduled__2021-04-30T00:00:00+00:00'
[2023-10-19T12:42:57.561+0000] {base.py:73} INFO - Using connection ID 'fs_default' for task execution.
[2023-10-19T12:42:57.562+0000] {filesystem.py:64} INFO - Poking for file /opt/in/tiktok_google_play_reviews.csv
[2023-10-19T12:42:57.562+0000] {filesystem.py:69} INFO - Found File /opt/in/tiktok_google_play_reviews.csv last modified: 20220405221612
[2023-10-19T12:42:57.563+0000] {base.py:287} INFO - Success criteria met. Exiting.
[2023-10-19T12:42:57.582+0000] {taskinstance.py:1400} INFO - Marking task as SUCCESS. dag_id=copy_tranform_to_mongo, task_id=waiting_for_data, execution_date=20210430T000000, start_date=20231019T124257, end_date=20231019T124257
[2023-10-19T12:42:57.638+0000] {local_task_job_runner.py:228} INFO - Task exited with return code 0
[2023-10-19T12:42:57.831+0000] {taskinstance.py:2778} INFO - 0 downstream tasks scheduled from follow-on schedule check
