[2023-10-17T11:20:26.295+0000] {taskinstance.py:1159} INFO - Dependencies all met for dep_context=non-requeueable deps ti=<TaskInstance: copy_tranform_to_mongo.waiting_for_data scheduled__2021-09-12T00:00:00+00:00 [queued]>
[2023-10-17T11:20:26.304+0000] {taskinstance.py:1159} INFO - Dependencies all met for dep_context=requeueable deps ti=<TaskInstance: copy_tranform_to_mongo.waiting_for_data scheduled__2021-09-12T00:00:00+00:00 [queued]>
[2023-10-17T11:20:26.305+0000] {taskinstance.py:1361} INFO - Starting attempt 1 of 1
[2023-10-17T11:20:26.329+0000] {taskinstance.py:1382} INFO - Executing <Task(FileSensor): waiting_for_data> on 2021-09-12 00:00:00+00:00
[2023-10-17T11:20:26.335+0000] {standard_task_runner.py:57} INFO - Started process 959 to run task
[2023-10-17T11:20:26.337+0000] {standard_task_runner.py:84} INFO - Running: ['***', 'tasks', 'run', 'copy_tranform_to_mongo', 'waiting_for_data', 'scheduled__2021-09-12T00:00:00+00:00', '--job-id', '259', '--raw', '--subdir', 'DAGS_FOLDER/file_***-mongo.py', '--cfg-path', '/tmp/tmp7eqmn34j']
[2023-10-17T11:20:26.339+0000] {standard_task_runner.py:85} INFO - Job 259: Subtask waiting_for_data
[2023-10-17T11:20:26.384+0000] {task_command.py:416} INFO - Running <TaskInstance: copy_tranform_to_mongo.waiting_for_data scheduled__2021-09-12T00:00:00+00:00 [running]> on host 238c1d4ff767
[2023-10-17T11:20:26.457+0000] {taskinstance.py:1662} INFO - Exporting env vars: AIRFLOW_CTX_DAG_OWNER='***' AIRFLOW_CTX_DAG_ID='copy_tranform_to_mongo' AIRFLOW_CTX_TASK_ID='waiting_for_data' AIRFLOW_CTX_EXECUTION_DATE='2021-09-12T00:00:00+00:00' AIRFLOW_CTX_TRY_NUMBER='1' AIRFLOW_CTX_DAG_RUN_ID='scheduled__2021-09-12T00:00:00+00:00'
[2023-10-17T11:20:26.465+0000] {base.py:73} INFO - Using connection ID 'fs_default' for task execution.
[2023-10-17T11:20:26.465+0000] {filesystem.py:64} INFO - Poking for file /opt/in/tiktok_google_play_reviews.csv
[2023-10-17T11:20:26.465+0000] {filesystem.py:69} INFO - Found File /opt/in/tiktok_google_play_reviews.csv last modified: 20220405221612
[2023-10-17T11:20:26.465+0000] {base.py:287} INFO - Success criteria met. Exiting.
[2023-10-17T11:20:26.473+0000] {taskinstance.py:1400} INFO - Marking task as SUCCESS. dag_id=copy_tranform_to_mongo, task_id=waiting_for_data, execution_date=20210912T000000, start_date=20231017T112026, end_date=20231017T112026
[2023-10-17T11:20:26.510+0000] {local_task_job_runner.py:228} INFO - Task exited with return code 0
[2023-10-17T11:20:26.524+0000] {taskinstance.py:2778} INFO - 0 downstream tasks scheduled from follow-on schedule check
[2023-10-18T10:48:14.341+0000] {taskinstance.py:1159} INFO - Dependencies all met for dep_context=non-requeueable deps ti=<TaskInstance: copy_tranform_to_mongo.waiting_for_data scheduled__2021-09-12T00:00:00+00:00 [queued]>
[2023-10-18T10:48:14.353+0000] {taskinstance.py:1159} INFO - Dependencies all met for dep_context=requeueable deps ti=<TaskInstance: copy_tranform_to_mongo.waiting_for_data scheduled__2021-09-12T00:00:00+00:00 [queued]>
[2023-10-18T10:48:14.354+0000] {taskinstance.py:1361} INFO - Starting attempt 1 of 1
[2023-10-18T10:48:14.371+0000] {taskinstance.py:1382} INFO - Executing <Task(FileSensor): waiting_for_data> on 2021-09-12 00:00:00+00:00
[2023-10-18T10:48:14.378+0000] {standard_task_runner.py:57} INFO - Started process 2088 to run task
[2023-10-18T10:48:14.388+0000] {standard_task_runner.py:84} INFO - Running: ['***', 'tasks', 'run', 'copy_tranform_to_mongo', 'waiting_for_data', 'scheduled__2021-09-12T00:00:00+00:00', '--job-id', '308', '--raw', '--subdir', 'DAGS_FOLDER/file_***-mongo.py', '--cfg-path', '/tmp/tmpkhxxbevr']
[2023-10-18T10:48:14.389+0000] {standard_task_runner.py:85} INFO - Job 308: Subtask waiting_for_data
[2023-10-18T10:48:14.488+0000] {task_command.py:416} INFO - Running <TaskInstance: copy_tranform_to_mongo.waiting_for_data scheduled__2021-09-12T00:00:00+00:00 [running]> on host 2473b23ba069
[2023-10-18T10:48:14.608+0000] {taskinstance.py:1662} INFO - Exporting env vars: AIRFLOW_CTX_DAG_OWNER='***' AIRFLOW_CTX_DAG_ID='copy_tranform_to_mongo' AIRFLOW_CTX_TASK_ID='waiting_for_data' AIRFLOW_CTX_EXECUTION_DATE='2021-09-12T00:00:00+00:00' AIRFLOW_CTX_TRY_NUMBER='1' AIRFLOW_CTX_DAG_RUN_ID='scheduled__2021-09-12T00:00:00+00:00'
[2023-10-18T10:48:14.619+0000] {base.py:73} INFO - Using connection ID 'fs_default' for task execution.
[2023-10-18T10:48:14.620+0000] {filesystem.py:64} INFO - Poking for file /opt/in/tiktok_google_play_reviews.csv
[2023-10-18T10:48:14.621+0000] {filesystem.py:69} INFO - Found File /opt/in/tiktok_google_play_reviews.csv last modified: 20220405221612
[2023-10-18T10:48:14.622+0000] {base.py:287} INFO - Success criteria met. Exiting.
[2023-10-18T10:48:14.639+0000] {taskinstance.py:1400} INFO - Marking task as SUCCESS. dag_id=copy_tranform_to_mongo, task_id=waiting_for_data, execution_date=20210912T000000, start_date=20231018T104814, end_date=20231018T104814
[2023-10-18T10:48:14.676+0000] {local_task_job_runner.py:228} INFO - Task exited with return code 0
[2023-10-18T10:48:14.711+0000] {taskinstance.py:2778} INFO - 1 downstream tasks scheduled from follow-on schedule check
[2023-10-18T11:44:50.102+0000] {taskinstance.py:1159} INFO - Dependencies all met for dep_context=non-requeueable deps ti=<TaskInstance: copy_tranform_to_mongo.waiting_for_data scheduled__2021-09-12T00:00:00+00:00 [queued]>
[2023-10-18T11:44:50.109+0000] {taskinstance.py:1159} INFO - Dependencies all met for dep_context=requeueable deps ti=<TaskInstance: copy_tranform_to_mongo.waiting_for_data scheduled__2021-09-12T00:00:00+00:00 [queued]>
[2023-10-18T11:44:50.109+0000] {taskinstance.py:1361} INFO - Starting attempt 1 of 1
[2023-10-18T11:44:50.124+0000] {taskinstance.py:1382} INFO - Executing <Task(FileSensor): waiting_for_data> on 2021-09-12 00:00:00+00:00
[2023-10-18T11:44:50.130+0000] {standard_task_runner.py:57} INFO - Started process 1498 to run task
[2023-10-18T11:44:50.133+0000] {standard_task_runner.py:84} INFO - Running: ['***', 'tasks', 'run', 'copy_tranform_to_mongo', 'waiting_for_data', 'scheduled__2021-09-12T00:00:00+00:00', '--job-id', '474', '--raw', '--subdir', 'DAGS_FOLDER/file_***-mongo.py', '--cfg-path', '/tmp/tmp3zehv0pm']
[2023-10-18T11:44:50.134+0000] {standard_task_runner.py:85} INFO - Job 474: Subtask waiting_for_data
[2023-10-18T11:44:50.181+0000] {task_command.py:416} INFO - Running <TaskInstance: copy_tranform_to_mongo.waiting_for_data scheduled__2021-09-12T00:00:00+00:00 [running]> on host 0e68aa52dfc7
[2023-10-18T11:44:50.254+0000] {taskinstance.py:1662} INFO - Exporting env vars: AIRFLOW_CTX_DAG_OWNER='***' AIRFLOW_CTX_DAG_ID='copy_tranform_to_mongo' AIRFLOW_CTX_TASK_ID='waiting_for_data' AIRFLOW_CTX_EXECUTION_DATE='2021-09-12T00:00:00+00:00' AIRFLOW_CTX_TRY_NUMBER='1' AIRFLOW_CTX_DAG_RUN_ID='scheduled__2021-09-12T00:00:00+00:00'
[2023-10-18T11:44:50.263+0000] {base.py:73} INFO - Using connection ID 'fs_default' for task execution.
[2023-10-18T11:44:50.263+0000] {filesystem.py:64} INFO - Poking for file /opt/in/tiktok_google_play_reviews.csv
[2023-10-18T11:44:50.264+0000] {filesystem.py:69} INFO - Found File /opt/in/tiktok_google_play_reviews.csv last modified: 20220405221612
[2023-10-18T11:44:50.264+0000] {base.py:287} INFO - Success criteria met. Exiting.
[2023-10-18T11:44:50.274+0000] {taskinstance.py:1400} INFO - Marking task as SUCCESS. dag_id=copy_tranform_to_mongo, task_id=waiting_for_data, execution_date=20210912T000000, start_date=20231018T114450, end_date=20231018T114450
[2023-10-18T11:44:50.305+0000] {local_task_job_runner.py:228} INFO - Task exited with return code 0
[2023-10-18T11:44:50.332+0000] {taskinstance.py:2778} INFO - 1 downstream tasks scheduled from follow-on schedule check
