[2023-10-17T11:20:15.931+0000] {taskinstance.py:1159} INFO - Dependencies all met for dep_context=non-requeueable deps ti=<TaskInstance: copy_tranform_to_mongo.waiting_for_data scheduled__2021-08-21T00:00:00+00:00 [queued]>
[2023-10-17T11:20:15.938+0000] {taskinstance.py:1159} INFO - Dependencies all met for dep_context=requeueable deps ti=<TaskInstance: copy_tranform_to_mongo.waiting_for_data scheduled__2021-08-21T00:00:00+00:00 [queued]>
[2023-10-17T11:20:15.938+0000] {taskinstance.py:1361} INFO - Starting attempt 1 of 1
[2023-10-17T11:20:15.946+0000] {taskinstance.py:1382} INFO - Executing <Task(FileSensor): waiting_for_data> on 2021-08-21 00:00:00+00:00
[2023-10-17T11:20:15.951+0000] {standard_task_runner.py:57} INFO - Started process 905 to run task
[2023-10-17T11:20:15.953+0000] {standard_task_runner.py:84} INFO - Running: ['***', 'tasks', 'run', 'copy_tranform_to_mongo', 'waiting_for_data', 'scheduled__2021-08-21T00:00:00+00:00', '--job-id', '237', '--raw', '--subdir', 'DAGS_FOLDER/file_***-mongo.py', '--cfg-path', '/tmp/tmpv3lt1xor']
[2023-10-17T11:20:15.954+0000] {standard_task_runner.py:85} INFO - Job 237: Subtask waiting_for_data
[2023-10-17T11:20:15.995+0000] {task_command.py:416} INFO - Running <TaskInstance: copy_tranform_to_mongo.waiting_for_data scheduled__2021-08-21T00:00:00+00:00 [running]> on host 238c1d4ff767
[2023-10-17T11:20:16.070+0000] {taskinstance.py:1662} INFO - Exporting env vars: AIRFLOW_CTX_DAG_OWNER='***' AIRFLOW_CTX_DAG_ID='copy_tranform_to_mongo' AIRFLOW_CTX_TASK_ID='waiting_for_data' AIRFLOW_CTX_EXECUTION_DATE='2021-08-21T00:00:00+00:00' AIRFLOW_CTX_TRY_NUMBER='1' AIRFLOW_CTX_DAG_RUN_ID='scheduled__2021-08-21T00:00:00+00:00'
[2023-10-17T11:20:16.077+0000] {base.py:73} INFO - Using connection ID 'fs_default' for task execution.
[2023-10-17T11:20:16.077+0000] {filesystem.py:64} INFO - Poking for file /opt/in/tiktok_google_play_reviews.csv
[2023-10-17T11:20:16.077+0000] {filesystem.py:69} INFO - Found File /opt/in/tiktok_google_play_reviews.csv last modified: 20220405221612
[2023-10-17T11:20:16.077+0000] {base.py:287} INFO - Success criteria met. Exiting.
[2023-10-17T11:20:16.083+0000] {taskinstance.py:1400} INFO - Marking task as SUCCESS. dag_id=copy_tranform_to_mongo, task_id=waiting_for_data, execution_date=20210821T000000, start_date=20231017T112015, end_date=20231017T112016
[2023-10-17T11:20:16.125+0000] {local_task_job_runner.py:228} INFO - Task exited with return code 0
[2023-10-17T11:20:16.151+0000] {taskinstance.py:2778} INFO - 0 downstream tasks scheduled from follow-on schedule check
[2023-10-18T10:48:02.182+0000] {taskinstance.py:1159} INFO - Dependencies all met for dep_context=non-requeueable deps ti=<TaskInstance: copy_tranform_to_mongo.waiting_for_data scheduled__2021-08-21T00:00:00+00:00 [queued]>
[2023-10-18T10:48:02.192+0000] {taskinstance.py:1159} INFO - Dependencies all met for dep_context=requeueable deps ti=<TaskInstance: copy_tranform_to_mongo.waiting_for_data scheduled__2021-08-21T00:00:00+00:00 [queued]>
[2023-10-18T10:48:02.193+0000] {taskinstance.py:1361} INFO - Starting attempt 1 of 1
[2023-10-18T10:48:02.204+0000] {taskinstance.py:1382} INFO - Executing <Task(FileSensor): waiting_for_data> on 2021-08-21 00:00:00+00:00
[2023-10-18T10:48:02.210+0000] {standard_task_runner.py:57} INFO - Started process 2005 to run task
[2023-10-18T10:48:02.213+0000] {standard_task_runner.py:84} INFO - Running: ['***', 'tasks', 'run', 'copy_tranform_to_mongo', 'waiting_for_data', 'scheduled__2021-08-21T00:00:00+00:00', '--job-id', '267', '--raw', '--subdir', 'DAGS_FOLDER/file_***-mongo.py', '--cfg-path', '/tmp/tmp6f9yshjo']
[2023-10-18T10:48:02.214+0000] {standard_task_runner.py:85} INFO - Job 267: Subtask waiting_for_data
[2023-10-18T10:48:02.258+0000] {task_command.py:416} INFO - Running <TaskInstance: copy_tranform_to_mongo.waiting_for_data scheduled__2021-08-21T00:00:00+00:00 [running]> on host 2473b23ba069
[2023-10-18T10:48:02.323+0000] {taskinstance.py:1662} INFO - Exporting env vars: AIRFLOW_CTX_DAG_OWNER='***' AIRFLOW_CTX_DAG_ID='copy_tranform_to_mongo' AIRFLOW_CTX_TASK_ID='waiting_for_data' AIRFLOW_CTX_EXECUTION_DATE='2021-08-21T00:00:00+00:00' AIRFLOW_CTX_TRY_NUMBER='1' AIRFLOW_CTX_DAG_RUN_ID='scheduled__2021-08-21T00:00:00+00:00'
[2023-10-18T10:48:02.330+0000] {base.py:73} INFO - Using connection ID 'fs_default' for task execution.
[2023-10-18T10:48:02.331+0000] {filesystem.py:64} INFO - Poking for file /opt/in/tiktok_google_play_reviews.csv
[2023-10-18T10:48:02.331+0000] {filesystem.py:69} INFO - Found File /opt/in/tiktok_google_play_reviews.csv last modified: 20220405221612
[2023-10-18T10:48:02.331+0000] {base.py:287} INFO - Success criteria met. Exiting.
[2023-10-18T10:48:02.339+0000] {taskinstance.py:1400} INFO - Marking task as SUCCESS. dag_id=copy_tranform_to_mongo, task_id=waiting_for_data, execution_date=20210821T000000, start_date=20231018T104802, end_date=20231018T104802
[2023-10-18T10:48:02.386+0000] {local_task_job_runner.py:228} INFO - Task exited with return code 0
[2023-10-18T10:48:02.420+0000] {taskinstance.py:2778} INFO - 1 downstream tasks scheduled from follow-on schedule check
[2023-10-18T11:44:36.765+0000] {taskinstance.py:1159} INFO - Dependencies all met for dep_context=non-requeueable deps ti=<TaskInstance: copy_tranform_to_mongo.waiting_for_data scheduled__2021-08-21T00:00:00+00:00 [queued]>
[2023-10-18T11:44:36.778+0000] {taskinstance.py:1159} INFO - Dependencies all met for dep_context=requeueable deps ti=<TaskInstance: copy_tranform_to_mongo.waiting_for_data scheduled__2021-08-21T00:00:00+00:00 [queued]>
[2023-10-18T11:44:36.778+0000] {taskinstance.py:1361} INFO - Starting attempt 1 of 1
[2023-10-18T11:44:36.796+0000] {taskinstance.py:1382} INFO - Executing <Task(FileSensor): waiting_for_data> on 2021-08-21 00:00:00+00:00
[2023-10-18T11:44:36.802+0000] {standard_task_runner.py:57} INFO - Started process 1409 to run task
[2023-10-18T11:44:36.806+0000] {standard_task_runner.py:84} INFO - Running: ['***', 'tasks', 'run', 'copy_tranform_to_mongo', 'waiting_for_data', 'scheduled__2021-08-21T00:00:00+00:00', '--job-id', '430', '--raw', '--subdir', 'DAGS_FOLDER/file_***-mongo.py', '--cfg-path', '/tmp/tmpns3g76w0']
[2023-10-18T11:44:36.807+0000] {standard_task_runner.py:85} INFO - Job 430: Subtask waiting_for_data
[2023-10-18T11:44:36.890+0000] {task_command.py:416} INFO - Running <TaskInstance: copy_tranform_to_mongo.waiting_for_data scheduled__2021-08-21T00:00:00+00:00 [running]> on host 0e68aa52dfc7
[2023-10-18T11:44:36.966+0000] {taskinstance.py:1662} INFO - Exporting env vars: AIRFLOW_CTX_DAG_OWNER='***' AIRFLOW_CTX_DAG_ID='copy_tranform_to_mongo' AIRFLOW_CTX_TASK_ID='waiting_for_data' AIRFLOW_CTX_EXECUTION_DATE='2021-08-21T00:00:00+00:00' AIRFLOW_CTX_TRY_NUMBER='1' AIRFLOW_CTX_DAG_RUN_ID='scheduled__2021-08-21T00:00:00+00:00'
[2023-10-18T11:44:36.973+0000] {base.py:73} INFO - Using connection ID 'fs_default' for task execution.
[2023-10-18T11:44:36.973+0000] {filesystem.py:64} INFO - Poking for file /opt/in/tiktok_google_play_reviews.csv
[2023-10-18T11:44:36.974+0000] {filesystem.py:69} INFO - Found File /opt/in/tiktok_google_play_reviews.csv last modified: 20220405221612
[2023-10-18T11:44:36.974+0000] {base.py:287} INFO - Success criteria met. Exiting.
[2023-10-18T11:44:36.982+0000] {taskinstance.py:1400} INFO - Marking task as SUCCESS. dag_id=copy_tranform_to_mongo, task_id=waiting_for_data, execution_date=20210821T000000, start_date=20231018T114436, end_date=20231018T114436
[2023-10-18T11:44:37.024+0000] {local_task_job_runner.py:228} INFO - Task exited with return code 0
[2023-10-18T11:44:37.054+0000] {taskinstance.py:2778} INFO - 1 downstream tasks scheduled from follow-on schedule check
