[2023-10-17T11:20:26.188+0000] {taskinstance.py:1159} INFO - Dependencies all met for dep_context=non-requeueable deps ti=<TaskInstance: copy_tranform_to_mongo.waiting_for_data scheduled__2021-09-11T00:00:00+00:00 [queued]>
[2023-10-17T11:20:26.197+0000] {taskinstance.py:1159} INFO - Dependencies all met for dep_context=requeueable deps ti=<TaskInstance: copy_tranform_to_mongo.waiting_for_data scheduled__2021-09-11T00:00:00+00:00 [queued]>
[2023-10-17T11:20:26.198+0000] {taskinstance.py:1361} INFO - Starting attempt 1 of 1
[2023-10-17T11:20:26.213+0000] {taskinstance.py:1382} INFO - Executing <Task(FileSensor): waiting_for_data> on 2021-09-11 00:00:00+00:00
[2023-10-17T11:20:26.220+0000] {standard_task_runner.py:57} INFO - Started process 957 to run task
[2023-10-17T11:20:26.223+0000] {standard_task_runner.py:84} INFO - Running: ['***', 'tasks', 'run', 'copy_tranform_to_mongo', 'waiting_for_data', 'scheduled__2021-09-11T00:00:00+00:00', '--job-id', '258', '--raw', '--subdir', 'DAGS_FOLDER/file_***-mongo.py', '--cfg-path', '/tmp/tmpnjtrxfbx']
[2023-10-17T11:20:26.224+0000] {standard_task_runner.py:85} INFO - Job 258: Subtask waiting_for_data
[2023-10-17T11:20:26.267+0000] {task_command.py:416} INFO - Running <TaskInstance: copy_tranform_to_mongo.waiting_for_data scheduled__2021-09-11T00:00:00+00:00 [running]> on host 238c1d4ff767
[2023-10-17T11:20:26.349+0000] {taskinstance.py:1662} INFO - Exporting env vars: AIRFLOW_CTX_DAG_OWNER='***' AIRFLOW_CTX_DAG_ID='copy_tranform_to_mongo' AIRFLOW_CTX_TASK_ID='waiting_for_data' AIRFLOW_CTX_EXECUTION_DATE='2021-09-11T00:00:00+00:00' AIRFLOW_CTX_TRY_NUMBER='1' AIRFLOW_CTX_DAG_RUN_ID='scheduled__2021-09-11T00:00:00+00:00'
[2023-10-17T11:20:26.358+0000] {base.py:73} INFO - Using connection ID 'fs_default' for task execution.
[2023-10-17T11:20:26.359+0000] {filesystem.py:64} INFO - Poking for file /opt/in/tiktok_google_play_reviews.csv
[2023-10-17T11:20:26.359+0000] {filesystem.py:69} INFO - Found File /opt/in/tiktok_google_play_reviews.csv last modified: 20220405221612
[2023-10-17T11:20:26.359+0000] {base.py:287} INFO - Success criteria met. Exiting.
[2023-10-17T11:20:26.369+0000] {taskinstance.py:1400} INFO - Marking task as SUCCESS. dag_id=copy_tranform_to_mongo, task_id=waiting_for_data, execution_date=20210911T000000, start_date=20231017T112026, end_date=20231017T112026
[2023-10-17T11:20:26.395+0000] {local_task_job_runner.py:228} INFO - Task exited with return code 0
[2023-10-17T11:20:26.412+0000] {taskinstance.py:2778} INFO - 0 downstream tasks scheduled from follow-on schedule check
[2023-10-18T10:48:14.026+0000] {taskinstance.py:1159} INFO - Dependencies all met for dep_context=non-requeueable deps ti=<TaskInstance: copy_tranform_to_mongo.waiting_for_data scheduled__2021-09-11T00:00:00+00:00 [queued]>
[2023-10-18T10:48:14.050+0000] {taskinstance.py:1159} INFO - Dependencies all met for dep_context=requeueable deps ti=<TaskInstance: copy_tranform_to_mongo.waiting_for_data scheduled__2021-09-11T00:00:00+00:00 [queued]>
[2023-10-18T10:48:14.050+0000] {taskinstance.py:1361} INFO - Starting attempt 1 of 1
[2023-10-18T10:48:14.070+0000] {taskinstance.py:1382} INFO - Executing <Task(FileSensor): waiting_for_data> on 2021-09-11 00:00:00+00:00
[2023-10-18T10:48:14.078+0000] {standard_task_runner.py:57} INFO - Started process 2083 to run task
[2023-10-18T10:48:14.084+0000] {standard_task_runner.py:84} INFO - Running: ['***', 'tasks', 'run', 'copy_tranform_to_mongo', 'waiting_for_data', 'scheduled__2021-09-11T00:00:00+00:00', '--job-id', '306', '--raw', '--subdir', 'DAGS_FOLDER/file_***-mongo.py', '--cfg-path', '/tmp/tmpcqj6d_gq']
[2023-10-18T10:48:14.085+0000] {standard_task_runner.py:85} INFO - Job 306: Subtask waiting_for_data
[2023-10-18T10:48:14.157+0000] {task_command.py:416} INFO - Running <TaskInstance: copy_tranform_to_mongo.waiting_for_data scheduled__2021-09-11T00:00:00+00:00 [running]> on host 2473b23ba069
[2023-10-18T10:48:14.283+0000] {taskinstance.py:1662} INFO - Exporting env vars: AIRFLOW_CTX_DAG_OWNER='***' AIRFLOW_CTX_DAG_ID='copy_tranform_to_mongo' AIRFLOW_CTX_TASK_ID='waiting_for_data' AIRFLOW_CTX_EXECUTION_DATE='2021-09-11T00:00:00+00:00' AIRFLOW_CTX_TRY_NUMBER='1' AIRFLOW_CTX_DAG_RUN_ID='scheduled__2021-09-11T00:00:00+00:00'
[2023-10-18T10:48:14.299+0000] {base.py:73} INFO - Using connection ID 'fs_default' for task execution.
[2023-10-18T10:48:14.300+0000] {filesystem.py:64} INFO - Poking for file /opt/in/tiktok_google_play_reviews.csv
[2023-10-18T10:48:14.300+0000] {filesystem.py:69} INFO - Found File /opt/in/tiktok_google_play_reviews.csv last modified: 20220405221612
[2023-10-18T10:48:14.301+0000] {base.py:287} INFO - Success criteria met. Exiting.
[2023-10-18T10:48:14.313+0000] {taskinstance.py:1400} INFO - Marking task as SUCCESS. dag_id=copy_tranform_to_mongo, task_id=waiting_for_data, execution_date=20210911T000000, start_date=20231018T104814, end_date=20231018T104814
[2023-10-18T10:48:14.374+0000] {local_task_job_runner.py:228} INFO - Task exited with return code 0
[2023-10-18T10:48:14.410+0000] {taskinstance.py:2778} INFO - 1 downstream tasks scheduled from follow-on schedule check
[2023-10-18T11:44:46.552+0000] {taskinstance.py:1159} INFO - Dependencies all met for dep_context=non-requeueable deps ti=<TaskInstance: copy_tranform_to_mongo.waiting_for_data scheduled__2021-09-11T00:00:00+00:00 [queued]>
[2023-10-18T11:44:46.559+0000] {taskinstance.py:1159} INFO - Dependencies all met for dep_context=requeueable deps ti=<TaskInstance: copy_tranform_to_mongo.waiting_for_data scheduled__2021-09-11T00:00:00+00:00 [queued]>
[2023-10-18T11:44:46.559+0000] {taskinstance.py:1361} INFO - Starting attempt 1 of 1
[2023-10-18T11:44:46.569+0000] {taskinstance.py:1382} INFO - Executing <Task(FileSensor): waiting_for_data> on 2021-09-11 00:00:00+00:00
[2023-10-18T11:44:46.574+0000] {standard_task_runner.py:57} INFO - Started process 1485 to run task
[2023-10-18T11:44:46.576+0000] {standard_task_runner.py:84} INFO - Running: ['***', 'tasks', 'run', 'copy_tranform_to_mongo', 'waiting_for_data', 'scheduled__2021-09-11T00:00:00+00:00', '--job-id', '469', '--raw', '--subdir', 'DAGS_FOLDER/file_***-mongo.py', '--cfg-path', '/tmp/tmpovj2x7lj']
[2023-10-18T11:44:46.578+0000] {standard_task_runner.py:85} INFO - Job 469: Subtask waiting_for_data
[2023-10-18T11:44:46.620+0000] {task_command.py:416} INFO - Running <TaskInstance: copy_tranform_to_mongo.waiting_for_data scheduled__2021-09-11T00:00:00+00:00 [running]> on host 0e68aa52dfc7
[2023-10-18T11:44:46.678+0000] {taskinstance.py:1662} INFO - Exporting env vars: AIRFLOW_CTX_DAG_OWNER='***' AIRFLOW_CTX_DAG_ID='copy_tranform_to_mongo' AIRFLOW_CTX_TASK_ID='waiting_for_data' AIRFLOW_CTX_EXECUTION_DATE='2021-09-11T00:00:00+00:00' AIRFLOW_CTX_TRY_NUMBER='1' AIRFLOW_CTX_DAG_RUN_ID='scheduled__2021-09-11T00:00:00+00:00'
[2023-10-18T11:44:46.686+0000] {base.py:73} INFO - Using connection ID 'fs_default' for task execution.
[2023-10-18T11:44:46.687+0000] {filesystem.py:64} INFO - Poking for file /opt/in/tiktok_google_play_reviews.csv
[2023-10-18T11:44:46.687+0000] {filesystem.py:69} INFO - Found File /opt/in/tiktok_google_play_reviews.csv last modified: 20220405221612
[2023-10-18T11:44:46.687+0000] {base.py:287} INFO - Success criteria met. Exiting.
[2023-10-18T11:44:46.694+0000] {taskinstance.py:1400} INFO - Marking task as SUCCESS. dag_id=copy_tranform_to_mongo, task_id=waiting_for_data, execution_date=20210911T000000, start_date=20231018T114446, end_date=20231018T114446
[2023-10-18T11:44:46.749+0000] {local_task_job_runner.py:228} INFO - Task exited with return code 0
[2023-10-18T11:44:46.771+0000] {taskinstance.py:2778} INFO - 1 downstream tasks scheduled from follow-on schedule check
