[2023-10-17T11:22:03.480+0000] {taskinstance.py:1159} INFO - Dependencies all met for dep_context=non-requeueable deps ti=<TaskInstance: copy_tranform_to_mongo.waiting_for_data scheduled__2022-02-28T00:00:00+00:00 [queued]>
[2023-10-17T11:22:03.487+0000] {taskinstance.py:1159} INFO - Dependencies all met for dep_context=requeueable deps ti=<TaskInstance: copy_tranform_to_mongo.waiting_for_data scheduled__2022-02-28T00:00:00+00:00 [queued]>
[2023-10-17T11:22:03.487+0000] {taskinstance.py:1361} INFO - Starting attempt 1 of 1
[2023-10-17T11:22:03.499+0000] {taskinstance.py:1382} INFO - Executing <Task(FileSensor): waiting_for_data> on 2022-02-28 00:00:00+00:00
[2023-10-17T11:22:03.506+0000] {standard_task_runner.py:57} INFO - Started process 1319 to run task
[2023-10-17T11:22:03.509+0000] {standard_task_runner.py:84} INFO - Running: ['***', 'tasks', 'run', 'copy_tranform_to_mongo', 'waiting_for_data', 'scheduled__2022-02-28T00:00:00+00:00', '--job-id', '428', '--raw', '--subdir', 'DAGS_FOLDER/file_***-mongo.py', '--cfg-path', '/tmp/tmphkcpp2up']
[2023-10-17T11:22:03.510+0000] {standard_task_runner.py:85} INFO - Job 428: Subtask waiting_for_data
[2023-10-17T11:22:03.545+0000] {task_command.py:416} INFO - Running <TaskInstance: copy_tranform_to_mongo.waiting_for_data scheduled__2022-02-28T00:00:00+00:00 [running]> on host 238c1d4ff767
[2023-10-17T11:22:03.610+0000] {taskinstance.py:1662} INFO - Exporting env vars: AIRFLOW_CTX_DAG_OWNER='***' AIRFLOW_CTX_DAG_ID='copy_tranform_to_mongo' AIRFLOW_CTX_TASK_ID='waiting_for_data' AIRFLOW_CTX_EXECUTION_DATE='2022-02-28T00:00:00+00:00' AIRFLOW_CTX_TRY_NUMBER='1' AIRFLOW_CTX_DAG_RUN_ID='scheduled__2022-02-28T00:00:00+00:00'
[2023-10-17T11:22:03.617+0000] {base.py:73} INFO - Using connection ID 'fs_default' for task execution.
[2023-10-17T11:22:03.617+0000] {filesystem.py:64} INFO - Poking for file /opt/in/tiktok_google_play_reviews.csv
[2023-10-17T11:22:03.617+0000] {filesystem.py:69} INFO - Found File /opt/in/tiktok_google_play_reviews.csv last modified: 20220405221612
[2023-10-17T11:22:03.617+0000] {base.py:287} INFO - Success criteria met. Exiting.
[2023-10-17T11:22:03.624+0000] {taskinstance.py:1400} INFO - Marking task as SUCCESS. dag_id=copy_tranform_to_mongo, task_id=waiting_for_data, execution_date=20220228T000000, start_date=20231017T112203, end_date=20231017T112203
[2023-10-17T11:22:03.640+0000] {local_task_job_runner.py:228} INFO - Task exited with return code 0
[2023-10-17T11:22:03.652+0000] {taskinstance.py:2778} INFO - 0 downstream tasks scheduled from follow-on schedule check
[2023-10-18T11:46:29.272+0000] {taskinstance.py:1159} INFO - Dependencies all met for dep_context=non-requeueable deps ti=<TaskInstance: copy_tranform_to_mongo.waiting_for_data scheduled__2022-02-28T00:00:00+00:00 [queued]>
[2023-10-18T11:46:29.286+0000] {taskinstance.py:1159} INFO - Dependencies all met for dep_context=requeueable deps ti=<TaskInstance: copy_tranform_to_mongo.waiting_for_data scheduled__2022-02-28T00:00:00+00:00 [queued]>
[2023-10-18T11:46:29.287+0000] {taskinstance.py:1361} INFO - Starting attempt 1 of 1
[2023-10-18T11:46:29.306+0000] {taskinstance.py:1382} INFO - Executing <Task(FileSensor): waiting_for_data> on 2022-02-28 00:00:00+00:00
[2023-10-18T11:46:29.318+0000] {standard_task_runner.py:57} INFO - Started process 2190 to run task
[2023-10-18T11:46:29.322+0000] {standard_task_runner.py:84} INFO - Running: ['***', 'tasks', 'run', 'copy_tranform_to_mongo', 'waiting_for_data', 'scheduled__2022-02-28T00:00:00+00:00', '--job-id', '808', '--raw', '--subdir', 'DAGS_FOLDER/file_***-mongo.py', '--cfg-path', '/tmp/tmph01n1om6']
[2023-10-18T11:46:29.323+0000] {standard_task_runner.py:85} INFO - Job 808: Subtask waiting_for_data
[2023-10-18T11:46:29.381+0000] {task_command.py:416} INFO - Running <TaskInstance: copy_tranform_to_mongo.waiting_for_data scheduled__2022-02-28T00:00:00+00:00 [running]> on host 0e68aa52dfc7
[2023-10-18T11:46:29.489+0000] {taskinstance.py:1662} INFO - Exporting env vars: AIRFLOW_CTX_DAG_OWNER='***' AIRFLOW_CTX_DAG_ID='copy_tranform_to_mongo' AIRFLOW_CTX_TASK_ID='waiting_for_data' AIRFLOW_CTX_EXECUTION_DATE='2022-02-28T00:00:00+00:00' AIRFLOW_CTX_TRY_NUMBER='1' AIRFLOW_CTX_DAG_RUN_ID='scheduled__2022-02-28T00:00:00+00:00'
[2023-10-18T11:46:29.502+0000] {base.py:73} INFO - Using connection ID 'fs_default' for task execution.
[2023-10-18T11:46:29.503+0000] {filesystem.py:64} INFO - Poking for file /opt/in/tiktok_google_play_reviews.csv
[2023-10-18T11:46:29.503+0000] {filesystem.py:69} INFO - Found File /opt/in/tiktok_google_play_reviews.csv last modified: 20220405221612
[2023-10-18T11:46:29.504+0000] {base.py:287} INFO - Success criteria met. Exiting.
[2023-10-18T11:46:29.528+0000] {taskinstance.py:1400} INFO - Marking task as SUCCESS. dag_id=copy_tranform_to_mongo, task_id=waiting_for_data, execution_date=20220228T000000, start_date=20231018T114629, end_date=20231018T114629
[2023-10-18T11:46:29.574+0000] {local_task_job_runner.py:228} INFO - Task exited with return code 0
[2023-10-18T11:46:29.616+0000] {taskinstance.py:2778} INFO - 1 downstream tasks scheduled from follow-on schedule check
