[2023-10-19T13:04:51.948+0000] {taskinstance.py:1159} INFO - Dependencies all met for dep_context=non-requeueable deps ti=<TaskInstance: copy_tranform_to_mongo.transform_data_by_pandas scheduled__2021-01-25T00:00:00+00:00 [queued]>
[2023-10-19T13:04:52.003+0000] {taskinstance.py:1159} INFO - Dependencies all met for dep_context=requeueable deps ti=<TaskInstance: copy_tranform_to_mongo.transform_data_by_pandas scheduled__2021-01-25T00:00:00+00:00 [queued]>
[2023-10-19T13:04:52.004+0000] {taskinstance.py:1361} INFO - Starting attempt 1 of 1
[2023-10-19T13:04:52.053+0000] {taskinstance.py:1382} INFO - Executing <Task(DockerOperator): transform_data_by_pandas> on 2021-01-25 00:00:00+00:00
[2023-10-19T13:04:52.076+0000] {standard_task_runner.py:57} INFO - Started process 277 to run task
[2023-10-19T13:04:52.105+0000] {standard_task_runner.py:84} INFO - Running: ['***', 'tasks', 'run', 'copy_tranform_to_mongo', 'transform_data_by_pandas', 'scheduled__2021-01-25T00:00:00+00:00', '--job-id', '74', '--raw', '--subdir', 'DAGS_FOLDER/file_***-mongo.py', '--cfg-path', '/tmp/tmpacn_v5xp']
[2023-10-19T13:04:52.110+0000] {standard_task_runner.py:85} INFO - Job 74: Subtask transform_data_by_pandas
[2023-10-19T13:04:52.238+0000] {task_command.py:416} INFO - Running <TaskInstance: copy_tranform_to_mongo.transform_data_by_pandas scheduled__2021-01-25T00:00:00+00:00 [running]> on host f2b9ba520501
[2023-10-19T13:04:52.426+0000] {taskinstance.py:1662} INFO - Exporting env vars: AIRFLOW_CTX_DAG_OWNER='***' AIRFLOW_CTX_DAG_ID='copy_tranform_to_mongo' AIRFLOW_CTX_TASK_ID='transform_data_by_pandas' AIRFLOW_CTX_EXECUTION_DATE='2021-01-25T00:00:00+00:00' AIRFLOW_CTX_TRY_NUMBER='1' AIRFLOW_CTX_DAG_RUN_ID='scheduled__2021-01-25T00:00:00+00:00'
[2023-10-19T13:04:52.462+0000] {docker.py:337} INFO - Starting docker container from image python/pandas:1.0.0
[2023-10-19T13:04:53.579+0000] {docker.py:406} INFO - Input Notebook:  /opt/pandasapp/notebooks/tiktok_google_reviews.ipynb
Output Notebook: /opt/pandasapp/notebooks/tiktok_google_reviews.ipynb
[2023-10-19T13:04:53.672+0000] {docker.py:406} INFO - Executing:   0%|          | 0/27 [00:00<?, ?cell/s]
[2023-10-19T13:04:55.577+0000] {docker.py:406} INFO - Executing notebook with kernel: python3
[2023-10-19T13:04:55.610+0000] {docker.py:406} INFO - Executing:   4%|▎         | 1/27 [00:01<00:50,  1.94s/cell]
[2023-10-19T13:04:55.734+0000] {docker.py:406} INFO - Executing:  11%|█         | 3/27 [00:02<00:13,  1.82cell/s]
[2023-10-19T13:04:58.341+0000] {docker.py:406} INFO - Executing:  15%|█▍        | 4/27 [00:04<00:29,  1.26s/cell]
[2023-10-19T13:05:04.423+0000] {docker.py:406} INFO - Executing:  22%|██▏       | 6/27 [00:10<00:45,  2.14s/cell]
[2023-10-19T13:05:04.584+0000] {docker.py:406} INFO - Executing:  33%|███▎      | 9/27 [00:10<00:19,  1.07s/cell]
[2023-10-19T13:05:04.709+0000] {docker.py:406} INFO - Executing:  41%|████      | 11/27 [00:11<00:11,  1.36cell/s]
[2023-10-19T13:05:05.161+0000] {docker.py:406} INFO - Executing:  48%|████▊     | 13/27 [00:11<00:08,  1.75cell/s]
[2023-10-19T13:05:05.277+0000] {docker.py:406} INFO - Executing:  56%|█████▌    | 15/27 [00:11<00:04,  2.43cell/s]
[2023-10-19T13:05:08.578+0000] {docker.py:406} INFO - Executing:  63%|██████▎   | 17/27 [00:14<00:07,  1.26cell/s]
[2023-10-19T13:05:09.008+0000] {docker.py:406} INFO - Executing:  70%|███████   | 19/27 [00:15<00:04,  1.62cell/s]
[2023-10-19T13:05:10.579+0000] {docker.py:406} INFO - Executing:  74%|███████▍  | 20/27 [00:16<00:05,  1.27cell/s]
[2023-10-19T13:05:11.235+0000] {docker.py:406} INFO - Executing:  78%|███████▊  | 21/27 [00:17<00:04,  1.31cell/s]
[2023-10-19T13:05:12.045+0000] {docker.py:406} INFO - Executing:  81%|████████▏ | 22/27 [00:18<00:03,  1.29cell/s]
[2023-10-19T13:05:12.522+0000] {docker.py:406} INFO - Executing:  85%|████████▌ | 23/27 [00:18<00:02,  1.43cell/s]
[2023-10-19T13:05:12.676+0000] {docker.py:406} INFO - Executing:  93%|█████████▎| 25/27 [00:19<00:00,  2.25cell/s]
[2023-10-19T13:05:14.914+0000] {docker.py:406} INFO - Executing:  96%|█████████▋| 26/27 [00:21<00:00,  1.17cell/s]
[2023-10-19T13:05:15.775+0000] {docker.py:406} INFO - Executing: 100%|██████████| 27/27 [00:22<00:00,  1.22cell/s]
[2023-10-19T13:05:16.223+0000] {taskinstance.py:1400} INFO - Marking task as SUCCESS. dag_id=copy_tranform_to_mongo, task_id=transform_data_by_pandas, execution_date=20210125T000000, start_date=20231019T130451, end_date=20231019T130516
[2023-10-19T13:05:16.266+0000] {local_task_job_runner.py:228} INFO - Task exited with return code 0
[2023-10-19T13:05:16.282+0000] {taskinstance.py:2778} INFO - 1 downstream tasks scheduled from follow-on schedule check
