[2023-10-17T11:25:36.845+0000] {taskinstance.py:1159} INFO - Dependencies all met for dep_context=non-requeueable deps ti=<TaskInstance: copy_tranform_to_mongo.waiting_for_data scheduled__2023-04-14T00:00:00+00:00 [queued]>
[2023-10-17T11:25:36.853+0000] {taskinstance.py:1159} INFO - Dependencies all met for dep_context=requeueable deps ti=<TaskInstance: copy_tranform_to_mongo.waiting_for_data scheduled__2023-04-14T00:00:00+00:00 [queued]>
[2023-10-17T11:25:36.853+0000] {taskinstance.py:1361} INFO - Starting attempt 1 of 1
[2023-10-17T11:25:36.863+0000] {taskinstance.py:1382} INFO - Executing <Task(FileSensor): waiting_for_data> on 2023-04-14 00:00:00+00:00
[2023-10-17T11:25:36.870+0000] {standard_task_runner.py:57} INFO - Started process 2188 to run task
[2023-10-17T11:25:36.873+0000] {standard_task_runner.py:84} INFO - Running: ['***', 'tasks', 'run', 'copy_tranform_to_mongo', 'waiting_for_data', 'scheduled__2023-04-14T00:00:00+00:00', '--job-id', '838', '--raw', '--subdir', 'DAGS_FOLDER/file_***-mongo.py', '--cfg-path', '/tmp/tmpiydi6m05']
[2023-10-17T11:25:36.873+0000] {standard_task_runner.py:85} INFO - Job 838: Subtask waiting_for_data
[2023-10-17T11:25:36.913+0000] {task_command.py:416} INFO - Running <TaskInstance: copy_tranform_to_mongo.waiting_for_data scheduled__2023-04-14T00:00:00+00:00 [running]> on host 238c1d4ff767
[2023-10-17T11:25:36.988+0000] {taskinstance.py:1662} INFO - Exporting env vars: AIRFLOW_CTX_DAG_OWNER='***' AIRFLOW_CTX_DAG_ID='copy_tranform_to_mongo' AIRFLOW_CTX_TASK_ID='waiting_for_data' AIRFLOW_CTX_EXECUTION_DATE='2023-04-14T00:00:00+00:00' AIRFLOW_CTX_TRY_NUMBER='1' AIRFLOW_CTX_DAG_RUN_ID='scheduled__2023-04-14T00:00:00+00:00'
[2023-10-17T11:25:36.997+0000] {base.py:73} INFO - Using connection ID 'fs_default' for task execution.
[2023-10-17T11:25:36.997+0000] {filesystem.py:64} INFO - Poking for file /opt/in/tiktok_google_play_reviews.csv
[2023-10-17T11:25:36.997+0000] {filesystem.py:69} INFO - Found File /opt/in/tiktok_google_play_reviews.csv last modified: 20220405221612
[2023-10-17T11:25:36.998+0000] {base.py:287} INFO - Success criteria met. Exiting.
[2023-10-17T11:25:37.007+0000] {taskinstance.py:1400} INFO - Marking task as SUCCESS. dag_id=copy_tranform_to_mongo, task_id=waiting_for_data, execution_date=20230414T000000, start_date=20231017T112536, end_date=20231017T112537
[2023-10-17T11:25:37.045+0000] {local_task_job_runner.py:228} INFO - Task exited with return code 0
[2023-10-17T11:25:37.063+0000] {taskinstance.py:2778} INFO - 0 downstream tasks scheduled from follow-on schedule check
[2023-10-18T11:51:00.081+0000] {taskinstance.py:1159} INFO - Dependencies all met for dep_context=non-requeueable deps ti=<TaskInstance: copy_tranform_to_mongo.waiting_for_data scheduled__2023-04-14T00:00:00+00:00 [queued]>
[2023-10-18T11:51:00.098+0000] {taskinstance.py:1159} INFO - Dependencies all met for dep_context=requeueable deps ti=<TaskInstance: copy_tranform_to_mongo.waiting_for_data scheduled__2023-04-14T00:00:00+00:00 [queued]>
[2023-10-18T11:51:00.098+0000] {taskinstance.py:1361} INFO - Starting attempt 1 of 1
[2023-10-18T11:51:00.124+0000] {taskinstance.py:1382} INFO - Executing <Task(FileSensor): waiting_for_data> on 2023-04-14 00:00:00+00:00
[2023-10-18T11:51:00.135+0000] {standard_task_runner.py:57} INFO - Started process 3905 to run task
[2023-10-18T11:51:00.141+0000] {standard_task_runner.py:84} INFO - Running: ['***', 'tasks', 'run', 'copy_tranform_to_mongo', 'waiting_for_data', 'scheduled__2023-04-14T00:00:00+00:00', '--job-id', '1629', '--raw', '--subdir', 'DAGS_FOLDER/file_***-mongo.py', '--cfg-path', '/tmp/tmp5sfvyibp']
[2023-10-18T11:51:00.143+0000] {standard_task_runner.py:85} INFO - Job 1629: Subtask waiting_for_data
[2023-10-18T11:51:00.227+0000] {task_command.py:416} INFO - Running <TaskInstance: copy_tranform_to_mongo.waiting_for_data scheduled__2023-04-14T00:00:00+00:00 [running]> on host 0e68aa52dfc7
[2023-10-18T11:51:00.343+0000] {taskinstance.py:1662} INFO - Exporting env vars: AIRFLOW_CTX_DAG_OWNER='***' AIRFLOW_CTX_DAG_ID='copy_tranform_to_mongo' AIRFLOW_CTX_TASK_ID='waiting_for_data' AIRFLOW_CTX_EXECUTION_DATE='2023-04-14T00:00:00+00:00' AIRFLOW_CTX_TRY_NUMBER='1' AIRFLOW_CTX_DAG_RUN_ID='scheduled__2023-04-14T00:00:00+00:00'
[2023-10-18T11:51:00.362+0000] {base.py:73} INFO - Using connection ID 'fs_default' for task execution.
[2023-10-18T11:51:00.363+0000] {filesystem.py:64} INFO - Poking for file /opt/in/tiktok_google_play_reviews.csv
[2023-10-18T11:51:00.363+0000] {filesystem.py:69} INFO - Found File /opt/in/tiktok_google_play_reviews.csv last modified: 20220405221612
[2023-10-18T11:51:00.363+0000] {base.py:287} INFO - Success criteria met. Exiting.
[2023-10-18T11:51:00.381+0000] {taskinstance.py:1400} INFO - Marking task as SUCCESS. dag_id=copy_tranform_to_mongo, task_id=waiting_for_data, execution_date=20230414T000000, start_date=20231018T115100, end_date=20231018T115100
[2023-10-18T11:51:00.445+0000] {local_task_job_runner.py:228} INFO - Task exited with return code 0
[2023-10-18T11:51:00.512+0000] {taskinstance.py:2778} INFO - 1 downstream tasks scheduled from follow-on schedule check
