[2023-10-17T11:22:57.877+0000] {taskinstance.py:1159} INFO - Dependencies all met for dep_context=non-requeueable deps ti=<TaskInstance: copy_tranform_to_mongo.waiting_for_data scheduled__2022-06-26T00:00:00+00:00 [queued]>
[2023-10-17T11:22:57.884+0000] {taskinstance.py:1159} INFO - Dependencies all met for dep_context=requeueable deps ti=<TaskInstance: copy_tranform_to_mongo.waiting_for_data scheduled__2022-06-26T00:00:00+00:00 [queued]>
[2023-10-17T11:22:57.885+0000] {taskinstance.py:1361} INFO - Starting attempt 1 of 1
[2023-10-17T11:22:57.894+0000] {taskinstance.py:1382} INFO - Executing <Task(FileSensor): waiting_for_data> on 2022-06-26 00:00:00+00:00
[2023-10-17T11:22:57.898+0000] {standard_task_runner.py:57} INFO - Started process 1569 to run task
[2023-10-17T11:22:57.900+0000] {standard_task_runner.py:84} INFO - Running: ['***', 'tasks', 'run', 'copy_tranform_to_mongo', 'waiting_for_data', 'scheduled__2022-06-26T00:00:00+00:00', '--job-id', '546', '--raw', '--subdir', 'DAGS_FOLDER/file_***-mongo.py', '--cfg-path', '/tmp/tmpwhueswas']
[2023-10-17T11:22:57.900+0000] {standard_task_runner.py:85} INFO - Job 546: Subtask waiting_for_data
[2023-10-17T11:22:57.932+0000] {task_command.py:416} INFO - Running <TaskInstance: copy_tranform_to_mongo.waiting_for_data scheduled__2022-06-26T00:00:00+00:00 [running]> on host 238c1d4ff767
[2023-10-17T11:22:57.999+0000] {taskinstance.py:1662} INFO - Exporting env vars: AIRFLOW_CTX_DAG_OWNER='***' AIRFLOW_CTX_DAG_ID='copy_tranform_to_mongo' AIRFLOW_CTX_TASK_ID='waiting_for_data' AIRFLOW_CTX_EXECUTION_DATE='2022-06-26T00:00:00+00:00' AIRFLOW_CTX_TRY_NUMBER='1' AIRFLOW_CTX_DAG_RUN_ID='scheduled__2022-06-26T00:00:00+00:00'
[2023-10-17T11:22:58.007+0000] {base.py:73} INFO - Using connection ID 'fs_default' for task execution.
[2023-10-17T11:22:58.007+0000] {filesystem.py:64} INFO - Poking for file /opt/in/tiktok_google_play_reviews.csv
[2023-10-17T11:22:58.008+0000] {filesystem.py:69} INFO - Found File /opt/in/tiktok_google_play_reviews.csv last modified: 20220405221612
[2023-10-17T11:22:58.008+0000] {base.py:287} INFO - Success criteria met. Exiting.
[2023-10-17T11:22:58.015+0000] {taskinstance.py:1400} INFO - Marking task as SUCCESS. dag_id=copy_tranform_to_mongo, task_id=waiting_for_data, execution_date=20220626T000000, start_date=20231017T112257, end_date=20231017T112258
[2023-10-17T11:22:58.072+0000] {local_task_job_runner.py:228} INFO - Task exited with return code 0
[2023-10-17T11:22:58.083+0000] {taskinstance.py:2778} INFO - 0 downstream tasks scheduled from follow-on schedule check
[2023-10-18T11:47:46.247+0000] {taskinstance.py:1159} INFO - Dependencies all met for dep_context=non-requeueable deps ti=<TaskInstance: copy_tranform_to_mongo.waiting_for_data scheduled__2022-06-26T00:00:00+00:00 [queued]>
[2023-10-18T11:47:46.258+0000] {taskinstance.py:1159} INFO - Dependencies all met for dep_context=requeueable deps ti=<TaskInstance: copy_tranform_to_mongo.waiting_for_data scheduled__2022-06-26T00:00:00+00:00 [queued]>
[2023-10-18T11:47:46.259+0000] {taskinstance.py:1361} INFO - Starting attempt 1 of 1
[2023-10-18T11:47:46.280+0000] {taskinstance.py:1382} INFO - Executing <Task(FileSensor): waiting_for_data> on 2022-06-26 00:00:00+00:00
[2023-10-18T11:47:46.293+0000] {standard_task_runner.py:57} INFO - Started process 2689 to run task
[2023-10-18T11:47:46.302+0000] {standard_task_runner.py:84} INFO - Running: ['***', 'tasks', 'run', 'copy_tranform_to_mongo', 'waiting_for_data', 'scheduled__2022-06-26T00:00:00+00:00', '--job-id', '1045', '--raw', '--subdir', 'DAGS_FOLDER/file_***-mongo.py', '--cfg-path', '/tmp/tmpall5oraj']
[2023-10-18T11:47:46.304+0000] {standard_task_runner.py:85} INFO - Job 1045: Subtask waiting_for_data
[2023-10-18T11:47:46.404+0000] {task_command.py:416} INFO - Running <TaskInstance: copy_tranform_to_mongo.waiting_for_data scheduled__2022-06-26T00:00:00+00:00 [running]> on host 0e68aa52dfc7
[2023-10-18T11:47:46.533+0000] {taskinstance.py:1662} INFO - Exporting env vars: AIRFLOW_CTX_DAG_OWNER='***' AIRFLOW_CTX_DAG_ID='copy_tranform_to_mongo' AIRFLOW_CTX_TASK_ID='waiting_for_data' AIRFLOW_CTX_EXECUTION_DATE='2022-06-26T00:00:00+00:00' AIRFLOW_CTX_TRY_NUMBER='1' AIRFLOW_CTX_DAG_RUN_ID='scheduled__2022-06-26T00:00:00+00:00'
[2023-10-18T11:47:46.545+0000] {base.py:73} INFO - Using connection ID 'fs_default' for task execution.
[2023-10-18T11:47:46.546+0000] {filesystem.py:64} INFO - Poking for file /opt/in/tiktok_google_play_reviews.csv
[2023-10-18T11:47:46.547+0000] {filesystem.py:69} INFO - Found File /opt/in/tiktok_google_play_reviews.csv last modified: 20220405221612
[2023-10-18T11:47:46.547+0000] {base.py:287} INFO - Success criteria met. Exiting.
[2023-10-18T11:47:46.558+0000] {taskinstance.py:1400} INFO - Marking task as SUCCESS. dag_id=copy_tranform_to_mongo, task_id=waiting_for_data, execution_date=20220626T000000, start_date=20231018T114746, end_date=20231018T114746
[2023-10-18T11:47:46.617+0000] {local_task_job_runner.py:228} INFO - Task exited with return code 0
[2023-10-18T11:47:46.653+0000] {taskinstance.py:2778} INFO - 1 downstream tasks scheduled from follow-on schedule check
