[2023-10-17T11:22:41.966+0000] {taskinstance.py:1159} INFO - Dependencies all met for dep_context=non-requeueable deps ti=<TaskInstance: copy_tranform_to_mongo.waiting_for_data scheduled__2022-06-01T00:00:00+00:00 [queued]>
[2023-10-17T11:22:41.974+0000] {taskinstance.py:1159} INFO - Dependencies all met for dep_context=requeueable deps ti=<TaskInstance: copy_tranform_to_mongo.waiting_for_data scheduled__2022-06-01T00:00:00+00:00 [queued]>
[2023-10-17T11:22:41.975+0000] {taskinstance.py:1361} INFO - Starting attempt 1 of 1
[2023-10-17T11:22:41.986+0000] {taskinstance.py:1382} INFO - Executing <Task(FileSensor): waiting_for_data> on 2022-06-01 00:00:00+00:00
[2023-10-17T11:22:41.995+0000] {standard_task_runner.py:57} INFO - Started process 1513 to run task
[2023-10-17T11:22:41.997+0000] {standard_task_runner.py:84} INFO - Running: ['***', 'tasks', 'run', 'copy_tranform_to_mongo', 'waiting_for_data', 'scheduled__2022-06-01T00:00:00+00:00', '--job-id', '521', '--raw', '--subdir', 'DAGS_FOLDER/file_***-mongo.py', '--cfg-path', '/tmp/tmpltyez67z']
[2023-10-17T11:22:41.998+0000] {standard_task_runner.py:85} INFO - Job 521: Subtask waiting_for_data
[2023-10-17T11:22:42.033+0000] {task_command.py:416} INFO - Running <TaskInstance: copy_tranform_to_mongo.waiting_for_data scheduled__2022-06-01T00:00:00+00:00 [running]> on host 238c1d4ff767
[2023-10-17T11:22:42.094+0000] {taskinstance.py:1662} INFO - Exporting env vars: AIRFLOW_CTX_DAG_OWNER='***' AIRFLOW_CTX_DAG_ID='copy_tranform_to_mongo' AIRFLOW_CTX_TASK_ID='waiting_for_data' AIRFLOW_CTX_EXECUTION_DATE='2022-06-01T00:00:00+00:00' AIRFLOW_CTX_TRY_NUMBER='1' AIRFLOW_CTX_DAG_RUN_ID='scheduled__2022-06-01T00:00:00+00:00'
[2023-10-17T11:22:42.101+0000] {base.py:73} INFO - Using connection ID 'fs_default' for task execution.
[2023-10-17T11:22:42.102+0000] {filesystem.py:64} INFO - Poking for file /opt/in/tiktok_google_play_reviews.csv
[2023-10-17T11:22:42.102+0000] {filesystem.py:69} INFO - Found File /opt/in/tiktok_google_play_reviews.csv last modified: 20220405221612
[2023-10-17T11:22:42.102+0000] {base.py:287} INFO - Success criteria met. Exiting.
[2023-10-17T11:22:42.107+0000] {taskinstance.py:1400} INFO - Marking task as SUCCESS. dag_id=copy_tranform_to_mongo, task_id=waiting_for_data, execution_date=20220601T000000, start_date=20231017T112241, end_date=20231017T112242
[2023-10-17T11:22:42.129+0000] {local_task_job_runner.py:228} INFO - Task exited with return code 0
[2023-10-17T11:22:42.143+0000] {taskinstance.py:2778} INFO - 0 downstream tasks scheduled from follow-on schedule check
[2023-10-18T11:47:26.451+0000] {taskinstance.py:1159} INFO - Dependencies all met for dep_context=non-requeueable deps ti=<TaskInstance: copy_tranform_to_mongo.waiting_for_data scheduled__2022-06-01T00:00:00+00:00 [queued]>
[2023-10-18T11:47:26.462+0000] {taskinstance.py:1159} INFO - Dependencies all met for dep_context=requeueable deps ti=<TaskInstance: copy_tranform_to_mongo.waiting_for_data scheduled__2022-06-01T00:00:00+00:00 [queued]>
[2023-10-18T11:47:26.462+0000] {taskinstance.py:1361} INFO - Starting attempt 1 of 1
[2023-10-18T11:47:26.477+0000] {taskinstance.py:1382} INFO - Executing <Task(FileSensor): waiting_for_data> on 2022-06-01 00:00:00+00:00
[2023-10-18T11:47:26.486+0000] {standard_task_runner.py:57} INFO - Started process 2579 to run task
[2023-10-18T11:47:26.488+0000] {standard_task_runner.py:84} INFO - Running: ['***', 'tasks', 'run', 'copy_tranform_to_mongo', 'waiting_for_data', 'scheduled__2022-06-01T00:00:00+00:00', '--job-id', '994', '--raw', '--subdir', 'DAGS_FOLDER/file_***-mongo.py', '--cfg-path', '/tmp/tmp9v9jcvsj']
[2023-10-18T11:47:26.489+0000] {standard_task_runner.py:85} INFO - Job 994: Subtask waiting_for_data
[2023-10-18T11:47:26.542+0000] {task_command.py:416} INFO - Running <TaskInstance: copy_tranform_to_mongo.waiting_for_data scheduled__2022-06-01T00:00:00+00:00 [running]> on host 0e68aa52dfc7
[2023-10-18T11:47:26.629+0000] {taskinstance.py:1662} INFO - Exporting env vars: AIRFLOW_CTX_DAG_OWNER='***' AIRFLOW_CTX_DAG_ID='copy_tranform_to_mongo' AIRFLOW_CTX_TASK_ID='waiting_for_data' AIRFLOW_CTX_EXECUTION_DATE='2022-06-01T00:00:00+00:00' AIRFLOW_CTX_TRY_NUMBER='1' AIRFLOW_CTX_DAG_RUN_ID='scheduled__2022-06-01T00:00:00+00:00'
[2023-10-18T11:47:26.642+0000] {base.py:73} INFO - Using connection ID 'fs_default' for task execution.
[2023-10-18T11:47:26.643+0000] {filesystem.py:64} INFO - Poking for file /opt/in/tiktok_google_play_reviews.csv
[2023-10-18T11:47:26.643+0000] {filesystem.py:69} INFO - Found File /opt/in/tiktok_google_play_reviews.csv last modified: 20220405221612
[2023-10-18T11:47:26.643+0000] {base.py:287} INFO - Success criteria met. Exiting.
[2023-10-18T11:47:26.656+0000] {taskinstance.py:1400} INFO - Marking task as SUCCESS. dag_id=copy_tranform_to_mongo, task_id=waiting_for_data, execution_date=20220601T000000, start_date=20231018T114726, end_date=20231018T114726
[2023-10-18T11:47:26.708+0000] {local_task_job_runner.py:228} INFO - Task exited with return code 0
[2023-10-18T11:47:26.744+0000] {taskinstance.py:2778} INFO - 1 downstream tasks scheduled from follow-on schedule check
