[2023-10-19T13:04:49.018+0000] {taskinstance.py:1159} INFO - Dependencies all met for dep_context=non-requeueable deps ti=<TaskInstance: copy_tranform_to_mongo.transform_data_by_pandas scheduled__2021-01-18T00:00:00+00:00 [queued]>
[2023-10-19T13:04:49.032+0000] {taskinstance.py:1159} INFO - Dependencies all met for dep_context=requeueable deps ti=<TaskInstance: copy_tranform_to_mongo.transform_data_by_pandas scheduled__2021-01-18T00:00:00+00:00 [queued]>
[2023-10-19T13:04:49.033+0000] {taskinstance.py:1361} INFO - Starting attempt 1 of 1
[2023-10-19T13:04:49.056+0000] {taskinstance.py:1382} INFO - Executing <Task(DockerOperator): transform_data_by_pandas> on 2021-01-18 00:00:00+00:00
[2023-10-19T13:04:49.065+0000] {standard_task_runner.py:57} INFO - Started process 255 to run task
[2023-10-19T13:04:49.070+0000] {standard_task_runner.py:84} INFO - Running: ['***', 'tasks', 'run', 'copy_tranform_to_mongo', 'transform_data_by_pandas', 'scheduled__2021-01-18T00:00:00+00:00', '--job-id', '63', '--raw', '--subdir', 'DAGS_FOLDER/file_***-mongo.py', '--cfg-path', '/tmp/tmp29u5rkae']
[2023-10-19T13:04:49.072+0000] {standard_task_runner.py:85} INFO - Job 63: Subtask transform_data_by_pandas
[2023-10-19T13:04:49.139+0000] {task_command.py:416} INFO - Running <TaskInstance: copy_tranform_to_mongo.transform_data_by_pandas scheduled__2021-01-18T00:00:00+00:00 [running]> on host f2b9ba520501
[2023-10-19T13:04:49.263+0000] {taskinstance.py:1662} INFO - Exporting env vars: AIRFLOW_CTX_DAG_OWNER='***' AIRFLOW_CTX_DAG_ID='copy_tranform_to_mongo' AIRFLOW_CTX_TASK_ID='transform_data_by_pandas' AIRFLOW_CTX_EXECUTION_DATE='2021-01-18T00:00:00+00:00' AIRFLOW_CTX_TRY_NUMBER='1' AIRFLOW_CTX_DAG_RUN_ID='scheduled__2021-01-18T00:00:00+00:00'
[2023-10-19T13:04:49.311+0000] {docker.py:337} INFO - Starting docker container from image python/pandas:1.0.0
[2023-10-19T13:04:50.436+0000] {docker.py:406} INFO - Input Notebook:  /opt/pandasapp/notebooks/tiktok_google_reviews.ipynb
Output Notebook: /opt/pandasapp/notebooks/tiktok_google_reviews.ipynb
[2023-10-19T13:04:50.589+0000] {docker.py:406} INFO - Executing:   0%|          | 0/27 [00:00<?, ?cell/s]
[2023-10-19T13:04:52.811+0000] {docker.py:406} INFO - Executing notebook with kernel: python3
[2023-10-19T13:04:52.831+0000] {docker.py:406} INFO - Executing:   4%|▎         | 1/27 [00:02<00:58,  2.24s/cell]
[2023-10-19T13:04:54.981+0000] {docker.py:406} INFO - Executing:  15%|█▍        | 4/27 [00:04<00:23,  1.01s/cell]
[2023-10-19T13:04:59.799+0000] {docker.py:406} INFO - Executing:  22%|██▏       | 6/27 [00:09<00:33,  1.62s/cell]
[2023-10-19T13:05:00.062+0000] {docker.py:406} INFO - Executing:  33%|███▎      | 9/27 [00:09<00:15,  1.14cell/s]
[2023-10-19T13:05:00.164+0000] {docker.py:406} INFO - Executing:  37%|███▋      | 10/27 [00:09<00:12,  1.36cell/s]
[2023-10-19T13:05:00.589+0000] {docker.py:406} INFO - Executing:  44%|████▍     | 12/27 [00:10<00:08,  1.81cell/s]
[2023-10-19T13:05:00.711+0000] {docker.py:406} INFO - Executing:  48%|████▊     | 13/27 [00:10<00:06,  2.14cell/s]
[2023-10-19T13:05:00.856+0000] {docker.py:406} INFO - Executing:  56%|█████▌    | 15/27 [00:10<00:03,  3.09cell/s]
[2023-10-19T13:05:01.709+0000] {docker.py:406} INFO - Executing:  59%|█████▉    | 16/27 [00:11<00:04,  2.31cell/s]
[2023-10-19T13:05:03.718+0000] {docker.py:406} INFO - Executing:  63%|██████▎   | 17/27 [00:13<00:07,  1.27cell/s]
[2023-10-19T13:05:04.144+0000] {docker.py:406} INFO - Executing:  70%|███████   | 19/27 [00:13<00:04,  1.77cell/s]
[2023-10-19T13:05:04.897+0000] {docker.py:406} INFO - Executing:  74%|███████▍  | 20/27 [00:14<00:04,  1.65cell/s]
[2023-10-19T13:05:05.772+0000] {docker.py:406} INFO - Executing:  78%|███████▊  | 21/27 [00:15<00:04,  1.49cell/s]
[2023-10-19T13:05:06.750+0000] {docker.py:406} INFO - Executing:  81%|████████▏ | 22/27 [00:16<00:03,  1.34cell/s]
[2023-10-19T13:05:07.632+0000] {docker.py:406} INFO - Executing:  85%|████████▌ | 23/27 [00:17<00:03,  1.28cell/s]
[2023-10-19T13:05:11.135+0000] {docker.py:406} INFO - Executing:  96%|█████████▋| 26/27 [00:20<00:00,  1.01cell/s]
[2023-10-19T13:05:11.257+0000] {docker.py:406} INFO - Executing: 100%|██████████| 27/27 [00:20<00:00,  1.23cell/s]
[2023-10-19T13:05:12.940+0000] {docker.py:406} INFO - Executing: 100%|██████████| 27/27 [00:22<00:00,  1.21cell/s]
[2023-10-19T13:05:14.165+0000] {taskinstance.py:1400} INFO - Marking task as SUCCESS. dag_id=copy_tranform_to_mongo, task_id=transform_data_by_pandas, execution_date=20210118T000000, start_date=20231019T130449, end_date=20231019T130514
[2023-10-19T13:05:14.237+0000] {local_task_job_runner.py:228} INFO - Task exited with return code 0
[2023-10-19T13:05:14.283+0000] {taskinstance.py:2778} INFO - 1 downstream tasks scheduled from follow-on schedule check
