[2023-10-17T11:25:48.322+0000] {taskinstance.py:1159} INFO - Dependencies all met for dep_context=non-requeueable deps ti=<TaskInstance: copy_tranform_to_mongo.waiting_for_data scheduled__2023-05-11T00:00:00+00:00 [queued]>
[2023-10-17T11:25:48.331+0000] {taskinstance.py:1159} INFO - Dependencies all met for dep_context=requeueable deps ti=<TaskInstance: copy_tranform_to_mongo.waiting_for_data scheduled__2023-05-11T00:00:00+00:00 [queued]>
[2023-10-17T11:25:48.331+0000] {taskinstance.py:1361} INFO - Starting attempt 1 of 1
[2023-10-17T11:25:48.355+0000] {taskinstance.py:1382} INFO - Executing <Task(FileSensor): waiting_for_data> on 2023-05-11 00:00:00+00:00
[2023-10-17T11:25:48.363+0000] {standard_task_runner.py:57} INFO - Started process 2250 to run task
[2023-10-17T11:25:48.366+0000] {standard_task_runner.py:84} INFO - Running: ['***', 'tasks', 'run', 'copy_tranform_to_mongo', 'waiting_for_data', 'scheduled__2023-05-11T00:00:00+00:00', '--job-id', '865', '--raw', '--subdir', 'DAGS_FOLDER/file_***-mongo.py', '--cfg-path', '/tmp/tmpzki0363a']
[2023-10-17T11:25:48.367+0000] {standard_task_runner.py:85} INFO - Job 865: Subtask waiting_for_data
[2023-10-17T11:25:48.413+0000] {task_command.py:416} INFO - Running <TaskInstance: copy_tranform_to_mongo.waiting_for_data scheduled__2023-05-11T00:00:00+00:00 [running]> on host 238c1d4ff767
[2023-10-17T11:25:48.489+0000] {taskinstance.py:1662} INFO - Exporting env vars: AIRFLOW_CTX_DAG_OWNER='***' AIRFLOW_CTX_DAG_ID='copy_tranform_to_mongo' AIRFLOW_CTX_TASK_ID='waiting_for_data' AIRFLOW_CTX_EXECUTION_DATE='2023-05-11T00:00:00+00:00' AIRFLOW_CTX_TRY_NUMBER='1' AIRFLOW_CTX_DAG_RUN_ID='scheduled__2023-05-11T00:00:00+00:00'
[2023-10-17T11:25:48.498+0000] {base.py:73} INFO - Using connection ID 'fs_default' for task execution.
[2023-10-17T11:25:48.498+0000] {filesystem.py:64} INFO - Poking for file /opt/in/tiktok_google_play_reviews.csv
[2023-10-17T11:25:48.498+0000] {filesystem.py:69} INFO - Found File /opt/in/tiktok_google_play_reviews.csv last modified: 20220405221612
[2023-10-17T11:25:48.498+0000] {base.py:287} INFO - Success criteria met. Exiting.
[2023-10-17T11:25:48.506+0000] {taskinstance.py:1400} INFO - Marking task as SUCCESS. dag_id=copy_tranform_to_mongo, task_id=waiting_for_data, execution_date=20230511T000000, start_date=20231017T112548, end_date=20231017T112548
[2023-10-17T11:25:48.541+0000] {local_task_job_runner.py:228} INFO - Task exited with return code 0
[2023-10-17T11:25:48.555+0000] {taskinstance.py:2778} INFO - 0 downstream tasks scheduled from follow-on schedule check
[2023-10-18T11:51:16.456+0000] {taskinstance.py:1159} INFO - Dependencies all met for dep_context=non-requeueable deps ti=<TaskInstance: copy_tranform_to_mongo.waiting_for_data scheduled__2023-05-11T00:00:00+00:00 [queued]>
[2023-10-18T11:51:16.466+0000] {taskinstance.py:1159} INFO - Dependencies all met for dep_context=requeueable deps ti=<TaskInstance: copy_tranform_to_mongo.waiting_for_data scheduled__2023-05-11T00:00:00+00:00 [queued]>
[2023-10-18T11:51:16.467+0000] {taskinstance.py:1361} INFO - Starting attempt 1 of 1
[2023-10-18T11:51:16.483+0000] {taskinstance.py:1382} INFO - Executing <Task(FileSensor): waiting_for_data> on 2023-05-11 00:00:00+00:00
[2023-10-18T11:51:16.492+0000] {standard_task_runner.py:57} INFO - Started process 4013 to run task
[2023-10-18T11:51:16.498+0000] {standard_task_runner.py:84} INFO - Running: ['***', 'tasks', 'run', 'copy_tranform_to_mongo', 'waiting_for_data', 'scheduled__2023-05-11T00:00:00+00:00', '--job-id', '1682', '--raw', '--subdir', 'DAGS_FOLDER/file_***-mongo.py', '--cfg-path', '/tmp/tmp6dp9tz7n']
[2023-10-18T11:51:16.499+0000] {standard_task_runner.py:85} INFO - Job 1682: Subtask waiting_for_data
[2023-10-18T11:51:16.556+0000] {task_command.py:416} INFO - Running <TaskInstance: copy_tranform_to_mongo.waiting_for_data scheduled__2023-05-11T00:00:00+00:00 [running]> on host 0e68aa52dfc7
[2023-10-18T11:51:16.655+0000] {taskinstance.py:1662} INFO - Exporting env vars: AIRFLOW_CTX_DAG_OWNER='***' AIRFLOW_CTX_DAG_ID='copy_tranform_to_mongo' AIRFLOW_CTX_TASK_ID='waiting_for_data' AIRFLOW_CTX_EXECUTION_DATE='2023-05-11T00:00:00+00:00' AIRFLOW_CTX_TRY_NUMBER='1' AIRFLOW_CTX_DAG_RUN_ID='scheduled__2023-05-11T00:00:00+00:00'
[2023-10-18T11:51:16.666+0000] {base.py:73} INFO - Using connection ID 'fs_default' for task execution.
[2023-10-18T11:51:16.666+0000] {filesystem.py:64} INFO - Poking for file /opt/in/tiktok_google_play_reviews.csv
[2023-10-18T11:51:16.667+0000] {filesystem.py:69} INFO - Found File /opt/in/tiktok_google_play_reviews.csv last modified: 20220405221612
[2023-10-18T11:51:16.667+0000] {base.py:287} INFO - Success criteria met. Exiting.
[2023-10-18T11:51:16.677+0000] {taskinstance.py:1400} INFO - Marking task as SUCCESS. dag_id=copy_tranform_to_mongo, task_id=waiting_for_data, execution_date=20230511T000000, start_date=20231018T115116, end_date=20231018T115116
[2023-10-18T11:51:16.707+0000] {local_task_job_runner.py:228} INFO - Task exited with return code 0
[2023-10-18T11:51:16.744+0000] {taskinstance.py:2778} INFO - 1 downstream tasks scheduled from follow-on schedule check
