[2023-10-17T11:19:38.046+0000] {taskinstance.py:1159} INFO - Dependencies all met for dep_context=non-requeueable deps ti=<TaskInstance: copy_tranform_to_mongo.waiting_for_data scheduled__2021-05-20T00:00:00+00:00 [queued]>
[2023-10-17T11:19:38.055+0000] {taskinstance.py:1159} INFO - Dependencies all met for dep_context=requeueable deps ti=<TaskInstance: copy_tranform_to_mongo.waiting_for_data scheduled__2021-05-20T00:00:00+00:00 [queued]>
[2023-10-17T11:19:38.056+0000] {taskinstance.py:1361} INFO - Starting attempt 1 of 1
[2023-10-17T11:19:38.069+0000] {taskinstance.py:1382} INFO - Executing <Task(FileSensor): waiting_for_data> on 2021-05-20 00:00:00+00:00
[2023-10-17T11:19:38.076+0000] {standard_task_runner.py:57} INFO - Started process 712 to run task
[2023-10-17T11:19:38.079+0000] {standard_task_runner.py:84} INFO - Running: ['***', 'tasks', 'run', 'copy_tranform_to_mongo', 'waiting_for_data', 'scheduled__2021-05-20T00:00:00+00:00', '--job-id', '144', '--raw', '--subdir', 'DAGS_FOLDER/file_***-mongo.py', '--cfg-path', '/tmp/tmpmt58alkw']
[2023-10-17T11:19:38.081+0000] {standard_task_runner.py:85} INFO - Job 144: Subtask waiting_for_data
[2023-10-17T11:19:38.118+0000] {task_command.py:416} INFO - Running <TaskInstance: copy_tranform_to_mongo.waiting_for_data scheduled__2021-05-20T00:00:00+00:00 [running]> on host 238c1d4ff767
[2023-10-17T11:19:38.178+0000] {taskinstance.py:1662} INFO - Exporting env vars: AIRFLOW_CTX_DAG_OWNER='***' AIRFLOW_CTX_DAG_ID='copy_tranform_to_mongo' AIRFLOW_CTX_TASK_ID='waiting_for_data' AIRFLOW_CTX_EXECUTION_DATE='2021-05-20T00:00:00+00:00' AIRFLOW_CTX_TRY_NUMBER='1' AIRFLOW_CTX_DAG_RUN_ID='scheduled__2021-05-20T00:00:00+00:00'
[2023-10-17T11:19:38.186+0000] {base.py:73} INFO - Using connection ID 'fs_default' for task execution.
[2023-10-17T11:19:38.186+0000] {filesystem.py:64} INFO - Poking for file /opt/in/tiktok_google_play_reviews.csv
[2023-10-17T11:19:38.187+0000] {filesystem.py:69} INFO - Found File /opt/in/tiktok_google_play_reviews.csv last modified: 20220405221612
[2023-10-17T11:19:38.187+0000] {base.py:287} INFO - Success criteria met. Exiting.
[2023-10-17T11:19:38.193+0000] {taskinstance.py:1400} INFO - Marking task as SUCCESS. dag_id=copy_tranform_to_mongo, task_id=waiting_for_data, execution_date=20210520T000000, start_date=20231017T111938, end_date=20231017T111938
[2023-10-17T11:19:38.210+0000] {local_task_job_runner.py:228} INFO - Task exited with return code 0
[2023-10-17T11:19:38.225+0000] {taskinstance.py:2778} INFO - 0 downstream tasks scheduled from follow-on schedule check
[2023-10-18T10:43:15.398+0000] {taskinstance.py:1159} INFO - Dependencies all met for dep_context=non-requeueable deps ti=<TaskInstance: copy_tranform_to_mongo.waiting_for_data scheduled__2021-05-20T00:00:00+00:00 [queued]>
[2023-10-18T10:43:15.412+0000] {taskinstance.py:1159} INFO - Dependencies all met for dep_context=requeueable deps ti=<TaskInstance: copy_tranform_to_mongo.waiting_for_data scheduled__2021-05-20T00:00:00+00:00 [queued]>
[2023-10-18T10:43:15.413+0000] {taskinstance.py:1361} INFO - Starting attempt 1 of 1
[2023-10-18T10:43:15.429+0000] {taskinstance.py:1382} INFO - Executing <Task(FileSensor): waiting_for_data> on 2021-05-20 00:00:00+00:00
[2023-10-18T10:43:15.434+0000] {standard_task_runner.py:57} INFO - Started process 1684 to run task
[2023-10-18T10:43:15.436+0000] {standard_task_runner.py:84} INFO - Running: ['***', 'tasks', 'run', 'copy_tranform_to_mongo', 'waiting_for_data', 'scheduled__2021-05-20T00:00:00+00:00', '--job-id', '143', '--raw', '--subdir', 'DAGS_FOLDER/file_***-mongo.py', '--cfg-path', '/tmp/tmp37q_2kn3']
[2023-10-18T10:43:15.437+0000] {standard_task_runner.py:85} INFO - Job 143: Subtask waiting_for_data
[2023-10-18T10:43:15.488+0000] {task_command.py:416} INFO - Running <TaskInstance: copy_tranform_to_mongo.waiting_for_data scheduled__2021-05-20T00:00:00+00:00 [running]> on host 2473b23ba069
[2023-10-18T10:43:15.565+0000] {taskinstance.py:1662} INFO - Exporting env vars: AIRFLOW_CTX_DAG_OWNER='***' AIRFLOW_CTX_DAG_ID='copy_tranform_to_mongo' AIRFLOW_CTX_TASK_ID='waiting_for_data' AIRFLOW_CTX_EXECUTION_DATE='2021-05-20T00:00:00+00:00' AIRFLOW_CTX_TRY_NUMBER='1' AIRFLOW_CTX_DAG_RUN_ID='scheduled__2021-05-20T00:00:00+00:00'
[2023-10-18T10:43:15.578+0000] {taskinstance.py:1937} ERROR - Task failed with exception
Traceback (most recent call last):
  File "/home/airflow/.local/lib/python3.8/site-packages/airflow/sensors/base.py", line 257, in execute
    raise e
  File "/home/airflow/.local/lib/python3.8/site-packages/airflow/sensors/base.py", line 239, in execute
    poke_return = self.poke(context)
  File "/home/airflow/.local/lib/python3.8/site-packages/airflow/sensors/filesystem.py", line 61, in poke
    hook = FSHook(self.fs_conn_id)
  File "/home/airflow/.local/lib/python3.8/site-packages/airflow/hooks/filesystem.py", line 38, in __init__
    conn = self.get_connection(conn_id)
  File "/home/airflow/.local/lib/python3.8/site-packages/airflow/hooks/base.py", line 72, in get_connection
    conn = Connection.get_connection_from_secrets(conn_id)
  File "/home/airflow/.local/lib/python3.8/site-packages/airflow/models/connection.py", line 477, in get_connection_from_secrets
    raise AirflowNotFoundException(f"The conn_id `{conn_id}` isn't defined")
airflow.exceptions.AirflowNotFoundException: The conn_id `fs_default` isn't defined
[2023-10-18T10:43:15.580+0000] {taskinstance.py:1400} INFO - Marking task as FAILED. dag_id=copy_tranform_to_mongo, task_id=waiting_for_data, execution_date=20210520T000000, start_date=20231018T104315, end_date=20231018T104315
[2023-10-18T10:43:15.588+0000] {standard_task_runner.py:104} ERROR - Failed to execute job 143 for task waiting_for_data (The conn_id `fs_default` isn't defined; 1684)
[2023-10-18T10:43:15.609+0000] {local_task_job_runner.py:228} INFO - Task exited with return code 1
[2023-10-18T10:43:15.631+0000] {taskinstance.py:2778} INFO - 0 downstream tasks scheduled from follow-on schedule check
[2023-10-18T11:43:37.467+0000] {taskinstance.py:1159} INFO - Dependencies all met for dep_context=non-requeueable deps ti=<TaskInstance: copy_tranform_to_mongo.waiting_for_data scheduled__2021-05-20T00:00:00+00:00 [queued]>
[2023-10-18T11:43:37.478+0000] {taskinstance.py:1159} INFO - Dependencies all met for dep_context=requeueable deps ti=<TaskInstance: copy_tranform_to_mongo.waiting_for_data scheduled__2021-05-20T00:00:00+00:00 [queued]>
[2023-10-18T11:43:37.478+0000] {taskinstance.py:1361} INFO - Starting attempt 1 of 1
[2023-10-18T11:43:37.541+0000] {taskinstance.py:1382} INFO - Executing <Task(FileSensor): waiting_for_data> on 2021-05-20 00:00:00+00:00
[2023-10-18T11:43:37.557+0000] {standard_task_runner.py:57} INFO - Started process 1017 to run task
[2023-10-18T11:43:37.561+0000] {standard_task_runner.py:84} INFO - Running: ['***', 'tasks', 'run', 'copy_tranform_to_mongo', 'waiting_for_data', 'scheduled__2021-05-20T00:00:00+00:00', '--job-id', '242', '--raw', '--subdir', 'DAGS_FOLDER/file_***-mongo.py', '--cfg-path', '/tmp/tmplh51fvux']
[2023-10-18T11:43:37.562+0000] {standard_task_runner.py:85} INFO - Job 242: Subtask waiting_for_data
[2023-10-18T11:43:37.626+0000] {task_command.py:416} INFO - Running <TaskInstance: copy_tranform_to_mongo.waiting_for_data scheduled__2021-05-20T00:00:00+00:00 [running]> on host 0e68aa52dfc7
[2023-10-18T11:43:37.712+0000] {taskinstance.py:1662} INFO - Exporting env vars: AIRFLOW_CTX_DAG_OWNER='***' AIRFLOW_CTX_DAG_ID='copy_tranform_to_mongo' AIRFLOW_CTX_TASK_ID='waiting_for_data' AIRFLOW_CTX_EXECUTION_DATE='2021-05-20T00:00:00+00:00' AIRFLOW_CTX_TRY_NUMBER='1' AIRFLOW_CTX_DAG_RUN_ID='scheduled__2021-05-20T00:00:00+00:00'
[2023-10-18T11:43:37.724+0000] {base.py:73} INFO - Using connection ID 'fs_default' for task execution.
[2023-10-18T11:43:37.724+0000] {filesystem.py:64} INFO - Poking for file /opt/in/tiktok_google_play_reviews.csv
[2023-10-18T11:43:37.724+0000] {filesystem.py:69} INFO - Found File /opt/in/tiktok_google_play_reviews.csv last modified: 20220405221612
[2023-10-18T11:43:37.724+0000] {base.py:287} INFO - Success criteria met. Exiting.
[2023-10-18T11:43:37.734+0000] {taskinstance.py:1400} INFO - Marking task as SUCCESS. dag_id=copy_tranform_to_mongo, task_id=waiting_for_data, execution_date=20210520T000000, start_date=20231018T114337, end_date=20231018T114337
[2023-10-18T11:43:37.778+0000] {local_task_job_runner.py:228} INFO - Task exited with return code 0
[2023-10-18T11:43:37.808+0000] {taskinstance.py:2778} INFO - 0 downstream tasks scheduled from follow-on schedule check
