[2023-10-17T11:22:26.511+0000] {taskinstance.py:1159} INFO - Dependencies all met for dep_context=non-requeueable deps ti=<TaskInstance: copy_tranform_to_mongo.waiting_for_data scheduled__2022-04-23T00:00:00+00:00 [queued]>
[2023-10-17T11:22:26.522+0000] {taskinstance.py:1159} INFO - Dependencies all met for dep_context=requeueable deps ti=<TaskInstance: copy_tranform_to_mongo.waiting_for_data scheduled__2022-04-23T00:00:00+00:00 [queued]>
[2023-10-17T11:22:26.523+0000] {taskinstance.py:1361} INFO - Starting attempt 1 of 1
[2023-10-17T11:22:26.537+0000] {taskinstance.py:1382} INFO - Executing <Task(FileSensor): waiting_for_data> on 2022-04-23 00:00:00+00:00
[2023-10-17T11:22:26.543+0000] {standard_task_runner.py:57} INFO - Started process 1436 to run task
[2023-10-17T11:22:26.547+0000] {standard_task_runner.py:84} INFO - Running: ['***', 'tasks', 'run', 'copy_tranform_to_mongo', 'waiting_for_data', 'scheduled__2022-04-23T00:00:00+00:00', '--job-id', '482', '--raw', '--subdir', 'DAGS_FOLDER/file_***-mongo.py', '--cfg-path', '/tmp/tmp_74b9hhf']
[2023-10-17T11:22:26.548+0000] {standard_task_runner.py:85} INFO - Job 482: Subtask waiting_for_data
[2023-10-17T11:22:26.594+0000] {task_command.py:416} INFO - Running <TaskInstance: copy_tranform_to_mongo.waiting_for_data scheduled__2022-04-23T00:00:00+00:00 [running]> on host 238c1d4ff767
[2023-10-17T11:22:26.671+0000] {taskinstance.py:1662} INFO - Exporting env vars: AIRFLOW_CTX_DAG_OWNER='***' AIRFLOW_CTX_DAG_ID='copy_tranform_to_mongo' AIRFLOW_CTX_TASK_ID='waiting_for_data' AIRFLOW_CTX_EXECUTION_DATE='2022-04-23T00:00:00+00:00' AIRFLOW_CTX_TRY_NUMBER='1' AIRFLOW_CTX_DAG_RUN_ID='scheduled__2022-04-23T00:00:00+00:00'
[2023-10-17T11:22:26.680+0000] {base.py:73} INFO - Using connection ID 'fs_default' for task execution.
[2023-10-17T11:22:26.681+0000] {filesystem.py:64} INFO - Poking for file /opt/in/tiktok_google_play_reviews.csv
[2023-10-17T11:22:26.681+0000] {filesystem.py:69} INFO - Found File /opt/in/tiktok_google_play_reviews.csv last modified: 20220405221612
[2023-10-17T11:22:26.681+0000] {base.py:287} INFO - Success criteria met. Exiting.
[2023-10-17T11:22:26.690+0000] {taskinstance.py:1400} INFO - Marking task as SUCCESS. dag_id=copy_tranform_to_mongo, task_id=waiting_for_data, execution_date=20220423T000000, start_date=20231017T112226, end_date=20231017T112226
[2023-10-17T11:22:26.720+0000] {local_task_job_runner.py:228} INFO - Task exited with return code 0
[2023-10-17T11:22:26.737+0000] {taskinstance.py:2778} INFO - 0 downstream tasks scheduled from follow-on schedule check
[2023-10-18T11:47:03.956+0000] {taskinstance.py:1159} INFO - Dependencies all met for dep_context=non-requeueable deps ti=<TaskInstance: copy_tranform_to_mongo.waiting_for_data scheduled__2022-04-23T00:00:00+00:00 [queued]>
[2023-10-18T11:47:03.969+0000] {taskinstance.py:1159} INFO - Dependencies all met for dep_context=requeueable deps ti=<TaskInstance: copy_tranform_to_mongo.waiting_for_data scheduled__2022-04-23T00:00:00+00:00 [queued]>
[2023-10-18T11:47:03.969+0000] {taskinstance.py:1361} INFO - Starting attempt 1 of 1
[2023-10-18T11:47:03.990+0000] {taskinstance.py:1382} INFO - Executing <Task(FileSensor): waiting_for_data> on 2022-04-23 00:00:00+00:00
[2023-10-18T11:47:04.000+0000] {standard_task_runner.py:57} INFO - Started process 2426 to run task
[2023-10-18T11:47:04.005+0000] {standard_task_runner.py:84} INFO - Running: ['***', 'tasks', 'run', 'copy_tranform_to_mongo', 'waiting_for_data', 'scheduled__2022-04-23T00:00:00+00:00', '--job-id', '918', '--raw', '--subdir', 'DAGS_FOLDER/file_***-mongo.py', '--cfg-path', '/tmp/tmp9yi9s8hb']
[2023-10-18T11:47:04.006+0000] {standard_task_runner.py:85} INFO - Job 918: Subtask waiting_for_data
[2023-10-18T11:47:04.067+0000] {task_command.py:416} INFO - Running <TaskInstance: copy_tranform_to_mongo.waiting_for_data scheduled__2022-04-23T00:00:00+00:00 [running]> on host 0e68aa52dfc7
[2023-10-18T11:47:04.148+0000] {taskinstance.py:1662} INFO - Exporting env vars: AIRFLOW_CTX_DAG_OWNER='***' AIRFLOW_CTX_DAG_ID='copy_tranform_to_mongo' AIRFLOW_CTX_TASK_ID='waiting_for_data' AIRFLOW_CTX_EXECUTION_DATE='2022-04-23T00:00:00+00:00' AIRFLOW_CTX_TRY_NUMBER='1' AIRFLOW_CTX_DAG_RUN_ID='scheduled__2022-04-23T00:00:00+00:00'
[2023-10-18T11:47:04.157+0000] {base.py:73} INFO - Using connection ID 'fs_default' for task execution.
[2023-10-18T11:47:04.158+0000] {filesystem.py:64} INFO - Poking for file /opt/in/tiktok_google_play_reviews.csv
[2023-10-18T11:47:04.158+0000] {filesystem.py:69} INFO - Found File /opt/in/tiktok_google_play_reviews.csv last modified: 20220405221612
[2023-10-18T11:47:04.158+0000] {base.py:287} INFO - Success criteria met. Exiting.
[2023-10-18T11:47:04.168+0000] {taskinstance.py:1400} INFO - Marking task as SUCCESS. dag_id=copy_tranform_to_mongo, task_id=waiting_for_data, execution_date=20220423T000000, start_date=20231018T114703, end_date=20231018T114704
[2023-10-18T11:47:04.217+0000] {local_task_job_runner.py:228} INFO - Task exited with return code 0
[2023-10-18T11:47:04.255+0000] {taskinstance.py:2778} INFO - 1 downstream tasks scheduled from follow-on schedule check
