[2023-10-17T11:19:17.947+0000] {taskinstance.py:1159} INFO - Dependencies all met for dep_context=non-requeueable deps ti=<TaskInstance: copy_tranform_to_mongo.waiting_for_data scheduled__2021-03-28T00:00:00+00:00 [queued]>
[2023-10-17T11:19:17.957+0000] {taskinstance.py:1159} INFO - Dependencies all met for dep_context=requeueable deps ti=<TaskInstance: copy_tranform_to_mongo.waiting_for_data scheduled__2021-03-28T00:00:00+00:00 [queued]>
[2023-10-17T11:19:17.957+0000] {taskinstance.py:1361} INFO - Starting attempt 1 of 1
[2023-10-17T11:19:17.991+0000] {taskinstance.py:1382} INFO - Executing <Task(FileSensor): waiting_for_data> on 2021-03-28 00:00:00+00:00
[2023-10-17T11:19:17.998+0000] {standard_task_runner.py:57} INFO - Started process 607 to run task
[2023-10-17T11:19:18.002+0000] {standard_task_runner.py:84} INFO - Running: ['***', 'tasks', 'run', 'copy_tranform_to_mongo', 'waiting_for_data', 'scheduled__2021-03-28T00:00:00+00:00', '--job-id', '91', '--raw', '--subdir', 'DAGS_FOLDER/file_***-mongo.py', '--cfg-path', '/tmp/tmpmx8c99zr']
[2023-10-17T11:19:18.003+0000] {standard_task_runner.py:85} INFO - Job 91: Subtask waiting_for_data
[2023-10-17T11:19:18.048+0000] {task_command.py:416} INFO - Running <TaskInstance: copy_tranform_to_mongo.waiting_for_data scheduled__2021-03-28T00:00:00+00:00 [running]> on host 238c1d4ff767
[2023-10-17T11:19:18.121+0000] {taskinstance.py:1662} INFO - Exporting env vars: AIRFLOW_CTX_DAG_OWNER='***' AIRFLOW_CTX_DAG_ID='copy_tranform_to_mongo' AIRFLOW_CTX_TASK_ID='waiting_for_data' AIRFLOW_CTX_EXECUTION_DATE='2021-03-28T00:00:00+00:00' AIRFLOW_CTX_TRY_NUMBER='1' AIRFLOW_CTX_DAG_RUN_ID='scheduled__2021-03-28T00:00:00+00:00'
[2023-10-17T11:19:18.127+0000] {base.py:73} INFO - Using connection ID 'fs_default' for task execution.
[2023-10-17T11:19:18.128+0000] {filesystem.py:64} INFO - Poking for file /opt/in/tiktok_google_play_reviews.csv
[2023-10-17T11:19:18.128+0000] {filesystem.py:69} INFO - Found File /opt/in/tiktok_google_play_reviews.csv last modified: 20220405221612
[2023-10-17T11:19:18.128+0000] {base.py:287} INFO - Success criteria met. Exiting.
[2023-10-17T11:19:18.136+0000] {taskinstance.py:1400} INFO - Marking task as SUCCESS. dag_id=copy_tranform_to_mongo, task_id=waiting_for_data, execution_date=20210328T000000, start_date=20231017T111917, end_date=20231017T111918
[2023-10-17T11:19:18.174+0000] {local_task_job_runner.py:228} INFO - Task exited with return code 0
[2023-10-17T11:19:18.193+0000] {taskinstance.py:2778} INFO - 0 downstream tasks scheduled from follow-on schedule check
[2023-10-18T10:42:47.646+0000] {taskinstance.py:1159} INFO - Dependencies all met for dep_context=non-requeueable deps ti=<TaskInstance: copy_tranform_to_mongo.waiting_for_data scheduled__2021-03-28T00:00:00+00:00 [queued]>
[2023-10-18T10:42:47.660+0000] {taskinstance.py:1159} INFO - Dependencies all met for dep_context=requeueable deps ti=<TaskInstance: copy_tranform_to_mongo.waiting_for_data scheduled__2021-03-28T00:00:00+00:00 [queued]>
[2023-10-18T10:42:47.660+0000] {taskinstance.py:1361} INFO - Starting attempt 1 of 1
[2023-10-18T10:42:47.675+0000] {taskinstance.py:1382} INFO - Executing <Task(FileSensor): waiting_for_data> on 2021-03-28 00:00:00+00:00
[2023-10-18T10:42:47.685+0000] {standard_task_runner.py:57} INFO - Started process 1571 to run task
[2023-10-18T10:42:47.687+0000] {standard_task_runner.py:84} INFO - Running: ['***', 'tasks', 'run', 'copy_tranform_to_mongo', 'waiting_for_data', 'scheduled__2021-03-28T00:00:00+00:00', '--job-id', '90', '--raw', '--subdir', 'DAGS_FOLDER/file_***-mongo.py', '--cfg-path', '/tmp/tmpi89u_a_s']
[2023-10-18T10:42:47.688+0000] {standard_task_runner.py:85} INFO - Job 90: Subtask waiting_for_data
[2023-10-18T10:42:47.750+0000] {task_command.py:416} INFO - Running <TaskInstance: copy_tranform_to_mongo.waiting_for_data scheduled__2021-03-28T00:00:00+00:00 [running]> on host 2473b23ba069
[2023-10-18T10:42:47.858+0000] {taskinstance.py:1662} INFO - Exporting env vars: AIRFLOW_CTX_DAG_OWNER='***' AIRFLOW_CTX_DAG_ID='copy_tranform_to_mongo' AIRFLOW_CTX_TASK_ID='waiting_for_data' AIRFLOW_CTX_EXECUTION_DATE='2021-03-28T00:00:00+00:00' AIRFLOW_CTX_TRY_NUMBER='1' AIRFLOW_CTX_DAG_RUN_ID='scheduled__2021-03-28T00:00:00+00:00'
[2023-10-18T10:42:47.880+0000] {taskinstance.py:1937} ERROR - Task failed with exception
Traceback (most recent call last):
  File "/home/airflow/.local/lib/python3.8/site-packages/airflow/sensors/base.py", line 257, in execute
    raise e
  File "/home/airflow/.local/lib/python3.8/site-packages/airflow/sensors/base.py", line 239, in execute
    poke_return = self.poke(context)
  File "/home/airflow/.local/lib/python3.8/site-packages/airflow/sensors/filesystem.py", line 61, in poke
    hook = FSHook(self.fs_conn_id)
  File "/home/airflow/.local/lib/python3.8/site-packages/airflow/hooks/filesystem.py", line 38, in __init__
    conn = self.get_connection(conn_id)
  File "/home/airflow/.local/lib/python3.8/site-packages/airflow/hooks/base.py", line 72, in get_connection
    conn = Connection.get_connection_from_secrets(conn_id)
  File "/home/airflow/.local/lib/python3.8/site-packages/airflow/models/connection.py", line 477, in get_connection_from_secrets
    raise AirflowNotFoundException(f"The conn_id `{conn_id}` isn't defined")
airflow.exceptions.AirflowNotFoundException: The conn_id `fs_default` isn't defined
[2023-10-18T10:42:47.884+0000] {taskinstance.py:1400} INFO - Marking task as FAILED. dag_id=copy_tranform_to_mongo, task_id=waiting_for_data, execution_date=20210328T000000, start_date=20231018T104247, end_date=20231018T104247
[2023-10-18T10:42:47.898+0000] {standard_task_runner.py:104} ERROR - Failed to execute job 90 for task waiting_for_data (The conn_id `fs_default` isn't defined; 1571)
[2023-10-18T10:42:47.944+0000] {local_task_job_runner.py:228} INFO - Task exited with return code 1
[2023-10-18T10:42:47.986+0000] {taskinstance.py:2778} INFO - 0 downstream tasks scheduled from follow-on schedule check
[2023-10-18T11:17:19.735+0000] {taskinstance.py:1159} INFO - Dependencies all met for dep_context=non-requeueable deps ti=<TaskInstance: copy_tranform_to_mongo.waiting_for_data scheduled__2021-03-28T00:00:00+00:00 [queued]>
[2023-10-18T11:17:19.745+0000] {taskinstance.py:1159} INFO - Dependencies all met for dep_context=requeueable deps ti=<TaskInstance: copy_tranform_to_mongo.waiting_for_data scheduled__2021-03-28T00:00:00+00:00 [queued]>
[2023-10-18T11:17:19.745+0000] {taskinstance.py:1361} INFO - Starting attempt 1 of 1
[2023-10-18T11:17:19.757+0000] {taskinstance.py:1382} INFO - Executing <Task(FileSensor): waiting_for_data> on 2021-03-28 00:00:00+00:00
[2023-10-18T11:17:19.763+0000] {standard_task_runner.py:57} INFO - Started process 397 to run task
[2023-10-18T11:17:19.766+0000] {standard_task_runner.py:84} INFO - Running: ['***', 'tasks', 'run', 'copy_tranform_to_mongo', 'waiting_for_data', 'scheduled__2021-03-28T00:00:00+00:00', '--job-id', '133', '--raw', '--subdir', 'DAGS_FOLDER/file_***-mongo.py', '--cfg-path', '/tmp/tmprbp7p395']
[2023-10-18T11:17:19.767+0000] {standard_task_runner.py:85} INFO - Job 133: Subtask waiting_for_data
[2023-10-18T11:17:19.807+0000] {task_command.py:416} INFO - Running <TaskInstance: copy_tranform_to_mongo.waiting_for_data scheduled__2021-03-28T00:00:00+00:00 [running]> on host 0e68aa52dfc7
[2023-10-18T11:17:19.905+0000] {taskinstance.py:1662} INFO - Exporting env vars: AIRFLOW_CTX_DAG_OWNER='***' AIRFLOW_CTX_DAG_ID='copy_tranform_to_mongo' AIRFLOW_CTX_TASK_ID='waiting_for_data' AIRFLOW_CTX_EXECUTION_DATE='2021-03-28T00:00:00+00:00' AIRFLOW_CTX_TRY_NUMBER='1' AIRFLOW_CTX_DAG_RUN_ID='scheduled__2021-03-28T00:00:00+00:00'
[2023-10-18T11:17:19.916+0000] {base.py:73} INFO - Using connection ID 'fs_default' for task execution.
[2023-10-18T11:17:19.917+0000] {filesystem.py:64} INFO - Poking for file /opt/in/tiktok_google_play_reviews.csv
[2023-10-18T11:17:19.917+0000] {filesystem.py:69} INFO - Found File /opt/in/tiktok_google_play_reviews.csv last modified: 20220405221612
[2023-10-18T11:17:19.917+0000] {base.py:287} INFO - Success criteria met. Exiting.
[2023-10-18T11:17:19.929+0000] {taskinstance.py:1400} INFO - Marking task as SUCCESS. dag_id=copy_tranform_to_mongo, task_id=waiting_for_data, execution_date=20210328T000000, start_date=20231018T111719, end_date=20231018T111719
[2023-10-18T11:17:19.979+0000] {local_task_job_runner.py:228} INFO - Task exited with return code 0
[2023-10-18T11:17:20.016+0000] {taskinstance.py:2778} INFO - 1 downstream tasks scheduled from follow-on schedule check
[2023-10-19T12:11:59.753+0000] {taskinstance.py:1159} INFO - Dependencies all met for dep_context=non-requeueable deps ti=<TaskInstance: copy_tranform_to_mongo.waiting_for_data scheduled__2021-03-28T00:00:00+00:00 [queued]>
[2023-10-19T12:11:59.765+0000] {taskinstance.py:1159} INFO - Dependencies all met for dep_context=requeueable deps ti=<TaskInstance: copy_tranform_to_mongo.waiting_for_data scheduled__2021-03-28T00:00:00+00:00 [queued]>
[2023-10-19T12:11:59.765+0000] {taskinstance.py:1361} INFO - Starting attempt 1 of 1
[2023-10-19T12:11:59.780+0000] {taskinstance.py:1382} INFO - Executing <Task(FileSensor): waiting_for_data> on 2021-03-28 00:00:00+00:00
[2023-10-19T12:11:59.787+0000] {standard_task_runner.py:57} INFO - Started process 456 to run task
[2023-10-19T12:11:59.790+0000] {standard_task_runner.py:84} INFO - Running: ['***', 'tasks', 'run', 'copy_tranform_to_mongo', 'waiting_for_data', 'scheduled__2021-03-28T00:00:00+00:00', '--job-id', '135', '--raw', '--subdir', 'DAGS_FOLDER/file_***-mongo.py', '--cfg-path', '/tmp/tmpn8ol6i28']
[2023-10-19T12:11:59.791+0000] {standard_task_runner.py:85} INFO - Job 135: Subtask waiting_for_data
[2023-10-19T12:11:59.840+0000] {task_command.py:416} INFO - Running <TaskInstance: copy_tranform_to_mongo.waiting_for_data scheduled__2021-03-28T00:00:00+00:00 [running]> on host 6f5df7fea6fd
[2023-10-19T12:11:59.910+0000] {taskinstance.py:1662} INFO - Exporting env vars: AIRFLOW_CTX_DAG_OWNER='***' AIRFLOW_CTX_DAG_ID='copy_tranform_to_mongo' AIRFLOW_CTX_TASK_ID='waiting_for_data' AIRFLOW_CTX_EXECUTION_DATE='2021-03-28T00:00:00+00:00' AIRFLOW_CTX_TRY_NUMBER='1' AIRFLOW_CTX_DAG_RUN_ID='scheduled__2021-03-28T00:00:00+00:00'
[2023-10-19T12:11:59.921+0000] {base.py:73} INFO - Using connection ID 'fs_default' for task execution.
[2023-10-19T12:11:59.923+0000] {filesystem.py:64} INFO - Poking for file /opt/in/tiktok_google_play_reviews.csv
[2023-10-19T12:11:59.924+0000] {filesystem.py:69} INFO - Found File /opt/in/tiktok_google_play_reviews.csv last modified: 20220405221612
[2023-10-19T12:11:59.924+0000] {base.py:287} INFO - Success criteria met. Exiting.
[2023-10-19T12:11:59.937+0000] {taskinstance.py:1400} INFO - Marking task as SUCCESS. dag_id=copy_tranform_to_mongo, task_id=waiting_for_data, execution_date=20210328T000000, start_date=20231019T121159, end_date=20231019T121159
[2023-10-19T12:11:59.962+0000] {local_task_job_runner.py:228} INFO - Task exited with return code 0
[2023-10-19T12:12:00.057+0000] {taskinstance.py:2778} INFO - 0 downstream tasks scheduled from follow-on schedule check
