[2023-10-17T11:25:21.448+0000] {taskinstance.py:1159} INFO - Dependencies all met for dep_context=non-requeueable deps ti=<TaskInstance: copy_tranform_to_mongo.waiting_for_data scheduled__2023-03-07T00:00:00+00:00 [queued]>
[2023-10-17T11:25:21.458+0000] {taskinstance.py:1159} INFO - Dependencies all met for dep_context=requeueable deps ti=<TaskInstance: copy_tranform_to_mongo.waiting_for_data scheduled__2023-03-07T00:00:00+00:00 [queued]>
[2023-10-17T11:25:21.459+0000] {taskinstance.py:1361} INFO - Starting attempt 1 of 1
[2023-10-17T11:25:21.477+0000] {taskinstance.py:1382} INFO - Executing <Task(FileSensor): waiting_for_data> on 2023-03-07 00:00:00+00:00
[2023-10-17T11:25:21.482+0000] {standard_task_runner.py:57} INFO - Started process 2112 to run task
[2023-10-17T11:25:21.485+0000] {standard_task_runner.py:84} INFO - Running: ['***', 'tasks', 'run', 'copy_tranform_to_mongo', 'waiting_for_data', 'scheduled__2023-03-07T00:00:00+00:00', '--job-id', '800', '--raw', '--subdir', 'DAGS_FOLDER/file_***-mongo.py', '--cfg-path', '/tmp/tmpfw0e_au3']
[2023-10-17T11:25:21.485+0000] {standard_task_runner.py:85} INFO - Job 800: Subtask waiting_for_data
[2023-10-17T11:25:21.562+0000] {task_command.py:416} INFO - Running <TaskInstance: copy_tranform_to_mongo.waiting_for_data scheduled__2023-03-07T00:00:00+00:00 [running]> on host 238c1d4ff767
[2023-10-17T11:25:21.644+0000] {taskinstance.py:1662} INFO - Exporting env vars: AIRFLOW_CTX_DAG_OWNER='***' AIRFLOW_CTX_DAG_ID='copy_tranform_to_mongo' AIRFLOW_CTX_TASK_ID='waiting_for_data' AIRFLOW_CTX_EXECUTION_DATE='2023-03-07T00:00:00+00:00' AIRFLOW_CTX_TRY_NUMBER='1' AIRFLOW_CTX_DAG_RUN_ID='scheduled__2023-03-07T00:00:00+00:00'
[2023-10-17T11:25:21.653+0000] {base.py:73} INFO - Using connection ID 'fs_default' for task execution.
[2023-10-17T11:25:21.653+0000] {filesystem.py:64} INFO - Poking for file /opt/in/tiktok_google_play_reviews.csv
[2023-10-17T11:25:21.653+0000] {filesystem.py:69} INFO - Found File /opt/in/tiktok_google_play_reviews.csv last modified: 20220405221612
[2023-10-17T11:25:21.653+0000] {base.py:287} INFO - Success criteria met. Exiting.
[2023-10-17T11:25:21.661+0000] {taskinstance.py:1400} INFO - Marking task as SUCCESS. dag_id=copy_tranform_to_mongo, task_id=waiting_for_data, execution_date=20230307T000000, start_date=20231017T112521, end_date=20231017T112521
[2023-10-17T11:25:21.697+0000] {local_task_job_runner.py:228} INFO - Task exited with return code 0
[2023-10-17T11:25:21.712+0000] {taskinstance.py:2778} INFO - 0 downstream tasks scheduled from follow-on schedule check
[2023-10-18T11:50:39.492+0000] {taskinstance.py:1159} INFO - Dependencies all met for dep_context=non-requeueable deps ti=<TaskInstance: copy_tranform_to_mongo.waiting_for_data scheduled__2023-03-07T00:00:00+00:00 [queued]>
[2023-10-18T11:50:39.506+0000] {taskinstance.py:1159} INFO - Dependencies all met for dep_context=requeueable deps ti=<TaskInstance: copy_tranform_to_mongo.waiting_for_data scheduled__2023-03-07T00:00:00+00:00 [queued]>
[2023-10-18T11:50:39.507+0000] {taskinstance.py:1361} INFO - Starting attempt 1 of 1
[2023-10-18T11:50:39.525+0000] {taskinstance.py:1382} INFO - Executing <Task(FileSensor): waiting_for_data> on 2023-03-07 00:00:00+00:00
[2023-10-18T11:50:39.533+0000] {standard_task_runner.py:57} INFO - Started process 3746 to run task
[2023-10-18T11:50:39.538+0000] {standard_task_runner.py:84} INFO - Running: ['***', 'tasks', 'run', 'copy_tranform_to_mongo', 'waiting_for_data', 'scheduled__2023-03-07T00:00:00+00:00', '--job-id', '1554', '--raw', '--subdir', 'DAGS_FOLDER/file_***-mongo.py', '--cfg-path', '/tmp/tmpjgkkl3xh']
[2023-10-18T11:50:39.539+0000] {standard_task_runner.py:85} INFO - Job 1554: Subtask waiting_for_data
[2023-10-18T11:50:39.593+0000] {task_command.py:416} INFO - Running <TaskInstance: copy_tranform_to_mongo.waiting_for_data scheduled__2023-03-07T00:00:00+00:00 [running]> on host 0e68aa52dfc7
[2023-10-18T11:50:39.675+0000] {taskinstance.py:1662} INFO - Exporting env vars: AIRFLOW_CTX_DAG_OWNER='***' AIRFLOW_CTX_DAG_ID='copy_tranform_to_mongo' AIRFLOW_CTX_TASK_ID='waiting_for_data' AIRFLOW_CTX_EXECUTION_DATE='2023-03-07T00:00:00+00:00' AIRFLOW_CTX_TRY_NUMBER='1' AIRFLOW_CTX_DAG_RUN_ID='scheduled__2023-03-07T00:00:00+00:00'
[2023-10-18T11:50:39.688+0000] {base.py:73} INFO - Using connection ID 'fs_default' for task execution.
[2023-10-18T11:50:39.689+0000] {filesystem.py:64} INFO - Poking for file /opt/in/tiktok_google_play_reviews.csv
[2023-10-18T11:50:39.689+0000] {filesystem.py:69} INFO - Found File /opt/in/tiktok_google_play_reviews.csv last modified: 20220405221612
[2023-10-18T11:50:39.689+0000] {base.py:287} INFO - Success criteria met. Exiting.
[2023-10-18T11:50:39.698+0000] {taskinstance.py:1400} INFO - Marking task as SUCCESS. dag_id=copy_tranform_to_mongo, task_id=waiting_for_data, execution_date=20230307T000000, start_date=20231018T115039, end_date=20231018T115039
[2023-10-18T11:50:39.751+0000] {local_task_job_runner.py:228} INFO - Task exited with return code 0
[2023-10-18T11:50:39.777+0000] {taskinstance.py:2778} INFO - 1 downstream tasks scheduled from follow-on schedule check
