[2023-10-17T11:19:38.159+0000] {taskinstance.py:1159} INFO - Dependencies all met for dep_context=non-requeueable deps ti=<TaskInstance: copy_tranform_to_mongo.waiting_for_data scheduled__2021-05-21T00:00:00+00:00 [queued]>
[2023-10-17T11:19:38.166+0000] {taskinstance.py:1159} INFO - Dependencies all met for dep_context=requeueable deps ti=<TaskInstance: copy_tranform_to_mongo.waiting_for_data scheduled__2021-05-21T00:00:00+00:00 [queued]>
[2023-10-17T11:19:38.166+0000] {taskinstance.py:1361} INFO - Starting attempt 1 of 1
[2023-10-17T11:19:38.175+0000] {taskinstance.py:1382} INFO - Executing <Task(FileSensor): waiting_for_data> on 2021-05-21 00:00:00+00:00
[2023-10-17T11:19:38.181+0000] {standard_task_runner.py:57} INFO - Started process 713 to run task
[2023-10-17T11:19:38.184+0000] {standard_task_runner.py:84} INFO - Running: ['***', 'tasks', 'run', 'copy_tranform_to_mongo', 'waiting_for_data', 'scheduled__2021-05-21T00:00:00+00:00', '--job-id', '145', '--raw', '--subdir', 'DAGS_FOLDER/file_***-mongo.py', '--cfg-path', '/tmp/tmpa_d0_b4d']
[2023-10-17T11:19:38.184+0000] {standard_task_runner.py:85} INFO - Job 145: Subtask waiting_for_data
[2023-10-17T11:19:38.220+0000] {task_command.py:416} INFO - Running <TaskInstance: copy_tranform_to_mongo.waiting_for_data scheduled__2021-05-21T00:00:00+00:00 [running]> on host 238c1d4ff767
[2023-10-17T11:19:38.280+0000] {taskinstance.py:1662} INFO - Exporting env vars: AIRFLOW_CTX_DAG_OWNER='***' AIRFLOW_CTX_DAG_ID='copy_tranform_to_mongo' AIRFLOW_CTX_TASK_ID='waiting_for_data' AIRFLOW_CTX_EXECUTION_DATE='2021-05-21T00:00:00+00:00' AIRFLOW_CTX_TRY_NUMBER='1' AIRFLOW_CTX_DAG_RUN_ID='scheduled__2021-05-21T00:00:00+00:00'
[2023-10-17T11:19:38.287+0000] {base.py:73} INFO - Using connection ID 'fs_default' for task execution.
[2023-10-17T11:19:38.287+0000] {filesystem.py:64} INFO - Poking for file /opt/in/tiktok_google_play_reviews.csv
[2023-10-17T11:19:38.287+0000] {filesystem.py:69} INFO - Found File /opt/in/tiktok_google_play_reviews.csv last modified: 20220405221612
[2023-10-17T11:19:38.287+0000] {base.py:287} INFO - Success criteria met. Exiting.
[2023-10-17T11:19:38.293+0000] {taskinstance.py:1400} INFO - Marking task as SUCCESS. dag_id=copy_tranform_to_mongo, task_id=waiting_for_data, execution_date=20210521T000000, start_date=20231017T111938, end_date=20231017T111938
[2023-10-17T11:19:38.316+0000] {local_task_job_runner.py:228} INFO - Task exited with return code 0
[2023-10-17T11:19:38.330+0000] {taskinstance.py:2778} INFO - 0 downstream tasks scheduled from follow-on schedule check
[2023-10-18T10:43:15.582+0000] {taskinstance.py:1159} INFO - Dependencies all met for dep_context=non-requeueable deps ti=<TaskInstance: copy_tranform_to_mongo.waiting_for_data scheduled__2021-05-21T00:00:00+00:00 [queued]>
[2023-10-18T10:43:15.592+0000] {taskinstance.py:1159} INFO - Dependencies all met for dep_context=requeueable deps ti=<TaskInstance: copy_tranform_to_mongo.waiting_for_data scheduled__2021-05-21T00:00:00+00:00 [queued]>
[2023-10-18T10:43:15.592+0000] {taskinstance.py:1361} INFO - Starting attempt 1 of 1
[2023-10-18T10:43:15.605+0000] {taskinstance.py:1382} INFO - Executing <Task(FileSensor): waiting_for_data> on 2021-05-21 00:00:00+00:00
[2023-10-18T10:43:15.611+0000] {standard_task_runner.py:57} INFO - Started process 1685 to run task
[2023-10-18T10:43:15.613+0000] {standard_task_runner.py:84} INFO - Running: ['***', 'tasks', 'run', 'copy_tranform_to_mongo', 'waiting_for_data', 'scheduled__2021-05-21T00:00:00+00:00', '--job-id', '144', '--raw', '--subdir', 'DAGS_FOLDER/file_***-mongo.py', '--cfg-path', '/tmp/tmpl7l5h6nu']
[2023-10-18T10:43:15.614+0000] {standard_task_runner.py:85} INFO - Job 144: Subtask waiting_for_data
[2023-10-18T10:43:15.653+0000] {task_command.py:416} INFO - Running <TaskInstance: copy_tranform_to_mongo.waiting_for_data scheduled__2021-05-21T00:00:00+00:00 [running]> on host 2473b23ba069
[2023-10-18T10:43:15.707+0000] {taskinstance.py:1662} INFO - Exporting env vars: AIRFLOW_CTX_DAG_OWNER='***' AIRFLOW_CTX_DAG_ID='copy_tranform_to_mongo' AIRFLOW_CTX_TASK_ID='waiting_for_data' AIRFLOW_CTX_EXECUTION_DATE='2021-05-21T00:00:00+00:00' AIRFLOW_CTX_TRY_NUMBER='1' AIRFLOW_CTX_DAG_RUN_ID='scheduled__2021-05-21T00:00:00+00:00'
[2023-10-18T10:43:15.721+0000] {taskinstance.py:1937} ERROR - Task failed with exception
Traceback (most recent call last):
  File "/home/airflow/.local/lib/python3.8/site-packages/airflow/sensors/base.py", line 257, in execute
    raise e
  File "/home/airflow/.local/lib/python3.8/site-packages/airflow/sensors/base.py", line 239, in execute
    poke_return = self.poke(context)
  File "/home/airflow/.local/lib/python3.8/site-packages/airflow/sensors/filesystem.py", line 61, in poke
    hook = FSHook(self.fs_conn_id)
  File "/home/airflow/.local/lib/python3.8/site-packages/airflow/hooks/filesystem.py", line 38, in __init__
    conn = self.get_connection(conn_id)
  File "/home/airflow/.local/lib/python3.8/site-packages/airflow/hooks/base.py", line 72, in get_connection
    conn = Connection.get_connection_from_secrets(conn_id)
  File "/home/airflow/.local/lib/python3.8/site-packages/airflow/models/connection.py", line 477, in get_connection_from_secrets
    raise AirflowNotFoundException(f"The conn_id `{conn_id}` isn't defined")
airflow.exceptions.AirflowNotFoundException: The conn_id `fs_default` isn't defined
[2023-10-18T10:43:15.724+0000] {taskinstance.py:1400} INFO - Marking task as FAILED. dag_id=copy_tranform_to_mongo, task_id=waiting_for_data, execution_date=20210521T000000, start_date=20231018T104315, end_date=20231018T104315
[2023-10-18T10:43:15.733+0000] {standard_task_runner.py:104} ERROR - Failed to execute job 144 for task waiting_for_data (The conn_id `fs_default` isn't defined; 1685)
[2023-10-18T10:43:15.745+0000] {local_task_job_runner.py:228} INFO - Task exited with return code 1
[2023-10-18T10:43:15.766+0000] {taskinstance.py:2778} INFO - 0 downstream tasks scheduled from follow-on schedule check
[2023-10-18T11:43:37.530+0000] {taskinstance.py:1159} INFO - Dependencies all met for dep_context=non-requeueable deps ti=<TaskInstance: copy_tranform_to_mongo.waiting_for_data scheduled__2021-05-21T00:00:00+00:00 [queued]>
[2023-10-18T11:43:37.545+0000] {taskinstance.py:1159} INFO - Dependencies all met for dep_context=requeueable deps ti=<TaskInstance: copy_tranform_to_mongo.waiting_for_data scheduled__2021-05-21T00:00:00+00:00 [queued]>
[2023-10-18T11:43:37.545+0000] {taskinstance.py:1361} INFO - Starting attempt 1 of 1
[2023-10-18T11:43:37.565+0000] {taskinstance.py:1382} INFO - Executing <Task(FileSensor): waiting_for_data> on 2021-05-21 00:00:00+00:00
[2023-10-18T11:43:37.578+0000] {standard_task_runner.py:57} INFO - Started process 1018 to run task
[2023-10-18T11:43:37.581+0000] {standard_task_runner.py:84} INFO - Running: ['***', 'tasks', 'run', 'copy_tranform_to_mongo', 'waiting_for_data', 'scheduled__2021-05-21T00:00:00+00:00', '--job-id', '243', '--raw', '--subdir', 'DAGS_FOLDER/file_***-mongo.py', '--cfg-path', '/tmp/tmpd5clzryp']
[2023-10-18T11:43:37.584+0000] {standard_task_runner.py:85} INFO - Job 243: Subtask waiting_for_data
[2023-10-18T11:43:37.647+0000] {task_command.py:416} INFO - Running <TaskInstance: copy_tranform_to_mongo.waiting_for_data scheduled__2021-05-21T00:00:00+00:00 [running]> on host 0e68aa52dfc7
[2023-10-18T11:43:37.728+0000] {taskinstance.py:1662} INFO - Exporting env vars: AIRFLOW_CTX_DAG_OWNER='***' AIRFLOW_CTX_DAG_ID='copy_tranform_to_mongo' AIRFLOW_CTX_TASK_ID='waiting_for_data' AIRFLOW_CTX_EXECUTION_DATE='2021-05-21T00:00:00+00:00' AIRFLOW_CTX_TRY_NUMBER='1' AIRFLOW_CTX_DAG_RUN_ID='scheduled__2021-05-21T00:00:00+00:00'
[2023-10-18T11:43:37.739+0000] {base.py:73} INFO - Using connection ID 'fs_default' for task execution.
[2023-10-18T11:43:37.739+0000] {filesystem.py:64} INFO - Poking for file /opt/in/tiktok_google_play_reviews.csv
[2023-10-18T11:43:37.740+0000] {filesystem.py:69} INFO - Found File /opt/in/tiktok_google_play_reviews.csv last modified: 20220405221612
[2023-10-18T11:43:37.740+0000] {base.py:287} INFO - Success criteria met. Exiting.
[2023-10-18T11:43:37.750+0000] {taskinstance.py:1400} INFO - Marking task as SUCCESS. dag_id=copy_tranform_to_mongo, task_id=waiting_for_data, execution_date=20210521T000000, start_date=20231018T114337, end_date=20231018T114337
[2023-10-18T11:43:37.799+0000] {local_task_job_runner.py:228} INFO - Task exited with return code 0
[2023-10-18T11:43:37.822+0000] {taskinstance.py:2778} INFO - 0 downstream tasks scheduled from follow-on schedule check
