[2023-10-17T11:19:35.106+0000] {taskinstance.py:1159} INFO - Dependencies all met for dep_context=non-requeueable deps ti=<TaskInstance: copy_tranform_to_mongo.waiting_for_data scheduled__2021-05-09T00:00:00+00:00 [queued]>
[2023-10-17T11:19:35.117+0000] {taskinstance.py:1159} INFO - Dependencies all met for dep_context=requeueable deps ti=<TaskInstance: copy_tranform_to_mongo.waiting_for_data scheduled__2021-05-09T00:00:00+00:00 [queued]>
[2023-10-17T11:19:35.117+0000] {taskinstance.py:1361} INFO - Starting attempt 1 of 1
[2023-10-17T11:19:35.138+0000] {taskinstance.py:1382} INFO - Executing <Task(FileSensor): waiting_for_data> on 2021-05-09 00:00:00+00:00
[2023-10-17T11:19:35.144+0000] {standard_task_runner.py:57} INFO - Started process 691 to run task
[2023-10-17T11:19:35.148+0000] {standard_task_runner.py:84} INFO - Running: ['***', 'tasks', 'run', 'copy_tranform_to_mongo', 'waiting_for_data', 'scheduled__2021-05-09T00:00:00+00:00', '--job-id', '133', '--raw', '--subdir', 'DAGS_FOLDER/file_***-mongo.py', '--cfg-path', '/tmp/tmpdu9frc8w']
[2023-10-17T11:19:35.149+0000] {standard_task_runner.py:85} INFO - Job 133: Subtask waiting_for_data
[2023-10-17T11:19:35.198+0000] {task_command.py:416} INFO - Running <TaskInstance: copy_tranform_to_mongo.waiting_for_data scheduled__2021-05-09T00:00:00+00:00 [running]> on host 238c1d4ff767
[2023-10-17T11:19:35.278+0000] {taskinstance.py:1662} INFO - Exporting env vars: AIRFLOW_CTX_DAG_OWNER='***' AIRFLOW_CTX_DAG_ID='copy_tranform_to_mongo' AIRFLOW_CTX_TASK_ID='waiting_for_data' AIRFLOW_CTX_EXECUTION_DATE='2021-05-09T00:00:00+00:00' AIRFLOW_CTX_TRY_NUMBER='1' AIRFLOW_CTX_DAG_RUN_ID='scheduled__2021-05-09T00:00:00+00:00'
[2023-10-17T11:19:35.288+0000] {base.py:73} INFO - Using connection ID 'fs_default' for task execution.
[2023-10-17T11:19:35.289+0000] {filesystem.py:64} INFO - Poking for file /opt/in/tiktok_google_play_reviews.csv
[2023-10-17T11:19:35.289+0000] {filesystem.py:69} INFO - Found File /opt/in/tiktok_google_play_reviews.csv last modified: 20220405221612
[2023-10-17T11:19:35.289+0000] {base.py:287} INFO - Success criteria met. Exiting.
[2023-10-17T11:19:35.299+0000] {taskinstance.py:1400} INFO - Marking task as SUCCESS. dag_id=copy_tranform_to_mongo, task_id=waiting_for_data, execution_date=20210509T000000, start_date=20231017T111935, end_date=20231017T111935
[2023-10-17T11:19:35.320+0000] {local_task_job_runner.py:228} INFO - Task exited with return code 0
[2023-10-17T11:19:35.337+0000] {taskinstance.py:2778} INFO - 0 downstream tasks scheduled from follow-on schedule check
[2023-10-18T10:43:09.780+0000] {taskinstance.py:1159} INFO - Dependencies all met for dep_context=non-requeueable deps ti=<TaskInstance: copy_tranform_to_mongo.waiting_for_data scheduled__2021-05-09T00:00:00+00:00 [queued]>
[2023-10-18T10:43:09.788+0000] {taskinstance.py:1159} INFO - Dependencies all met for dep_context=requeueable deps ti=<TaskInstance: copy_tranform_to_mongo.waiting_for_data scheduled__2021-05-09T00:00:00+00:00 [queued]>
[2023-10-18T10:43:09.788+0000] {taskinstance.py:1361} INFO - Starting attempt 1 of 1
[2023-10-18T10:43:09.798+0000] {taskinstance.py:1382} INFO - Executing <Task(FileSensor): waiting_for_data> on 2021-05-09 00:00:00+00:00
[2023-10-18T10:43:09.803+0000] {standard_task_runner.py:57} INFO - Started process 1654 to run task
[2023-10-18T10:43:09.806+0000] {standard_task_runner.py:84} INFO - Running: ['***', 'tasks', 'run', 'copy_tranform_to_mongo', 'waiting_for_data', 'scheduled__2021-05-09T00:00:00+00:00', '--job-id', '132', '--raw', '--subdir', 'DAGS_FOLDER/file_***-mongo.py', '--cfg-path', '/tmp/tmpl5j2ybhu']
[2023-10-18T10:43:09.807+0000] {standard_task_runner.py:85} INFO - Job 132: Subtask waiting_for_data
[2023-10-18T10:43:09.857+0000] {task_command.py:416} INFO - Running <TaskInstance: copy_tranform_to_mongo.waiting_for_data scheduled__2021-05-09T00:00:00+00:00 [running]> on host 2473b23ba069
[2023-10-18T10:43:09.925+0000] {taskinstance.py:1662} INFO - Exporting env vars: AIRFLOW_CTX_DAG_OWNER='***' AIRFLOW_CTX_DAG_ID='copy_tranform_to_mongo' AIRFLOW_CTX_TASK_ID='waiting_for_data' AIRFLOW_CTX_EXECUTION_DATE='2021-05-09T00:00:00+00:00' AIRFLOW_CTX_TRY_NUMBER='1' AIRFLOW_CTX_DAG_RUN_ID='scheduled__2021-05-09T00:00:00+00:00'
[2023-10-18T10:43:09.938+0000] {taskinstance.py:1937} ERROR - Task failed with exception
Traceback (most recent call last):
  File "/home/airflow/.local/lib/python3.8/site-packages/airflow/sensors/base.py", line 257, in execute
    raise e
  File "/home/airflow/.local/lib/python3.8/site-packages/airflow/sensors/base.py", line 239, in execute
    poke_return = self.poke(context)
  File "/home/airflow/.local/lib/python3.8/site-packages/airflow/sensors/filesystem.py", line 61, in poke
    hook = FSHook(self.fs_conn_id)
  File "/home/airflow/.local/lib/python3.8/site-packages/airflow/hooks/filesystem.py", line 38, in __init__
    conn = self.get_connection(conn_id)
  File "/home/airflow/.local/lib/python3.8/site-packages/airflow/hooks/base.py", line 72, in get_connection
    conn = Connection.get_connection_from_secrets(conn_id)
  File "/home/airflow/.local/lib/python3.8/site-packages/airflow/models/connection.py", line 477, in get_connection_from_secrets
    raise AirflowNotFoundException(f"The conn_id `{conn_id}` isn't defined")
airflow.exceptions.AirflowNotFoundException: The conn_id `fs_default` isn't defined
[2023-10-18T10:43:09.942+0000] {taskinstance.py:1400} INFO - Marking task as FAILED. dag_id=copy_tranform_to_mongo, task_id=waiting_for_data, execution_date=20210509T000000, start_date=20231018T104309, end_date=20231018T104309
[2023-10-18T10:43:09.955+0000] {standard_task_runner.py:104} ERROR - Failed to execute job 132 for task waiting_for_data (The conn_id `fs_default` isn't defined; 1654)
[2023-10-18T10:43:09.979+0000] {local_task_job_runner.py:228} INFO - Task exited with return code 1
[2023-10-18T10:43:10.011+0000] {taskinstance.py:2778} INFO - 0 downstream tasks scheduled from follow-on schedule check
[2023-10-18T11:43:30.210+0000] {taskinstance.py:1159} INFO - Dependencies all met for dep_context=non-requeueable deps ti=<TaskInstance: copy_tranform_to_mongo.waiting_for_data scheduled__2021-05-09T00:00:00+00:00 [queued]>
[2023-10-18T11:43:30.223+0000] {taskinstance.py:1159} INFO - Dependencies all met for dep_context=requeueable deps ti=<TaskInstance: copy_tranform_to_mongo.waiting_for_data scheduled__2021-05-09T00:00:00+00:00 [queued]>
[2023-10-18T11:43:30.223+0000] {taskinstance.py:1361} INFO - Starting attempt 1 of 1
[2023-10-18T11:43:30.242+0000] {taskinstance.py:1382} INFO - Executing <Task(FileSensor): waiting_for_data> on 2021-05-09 00:00:00+00:00
[2023-10-18T11:43:30.252+0000] {standard_task_runner.py:57} INFO - Started process 976 to run task
[2023-10-18T11:43:30.255+0000] {standard_task_runner.py:84} INFO - Running: ['***', 'tasks', 'run', 'copy_tranform_to_mongo', 'waiting_for_data', 'scheduled__2021-05-09T00:00:00+00:00', '--job-id', '221', '--raw', '--subdir', 'DAGS_FOLDER/file_***-mongo.py', '--cfg-path', '/tmp/tmp8xi2ez4z']
[2023-10-18T11:43:30.257+0000] {standard_task_runner.py:85} INFO - Job 221: Subtask waiting_for_data
[2023-10-18T11:43:30.321+0000] {task_command.py:416} INFO - Running <TaskInstance: copy_tranform_to_mongo.waiting_for_data scheduled__2021-05-09T00:00:00+00:00 [running]> on host 0e68aa52dfc7
[2023-10-18T11:43:30.441+0000] {taskinstance.py:1662} INFO - Exporting env vars: AIRFLOW_CTX_DAG_OWNER='***' AIRFLOW_CTX_DAG_ID='copy_tranform_to_mongo' AIRFLOW_CTX_TASK_ID='waiting_for_data' AIRFLOW_CTX_EXECUTION_DATE='2021-05-09T00:00:00+00:00' AIRFLOW_CTX_TRY_NUMBER='1' AIRFLOW_CTX_DAG_RUN_ID='scheduled__2021-05-09T00:00:00+00:00'
[2023-10-18T11:43:30.456+0000] {base.py:73} INFO - Using connection ID 'fs_default' for task execution.
[2023-10-18T11:43:30.459+0000] {filesystem.py:64} INFO - Poking for file /opt/in/tiktok_google_play_reviews.csv
[2023-10-18T11:43:30.460+0000] {filesystem.py:69} INFO - Found File /opt/in/tiktok_google_play_reviews.csv last modified: 20220405221612
[2023-10-18T11:43:30.460+0000] {base.py:287} INFO - Success criteria met. Exiting.
[2023-10-18T11:43:30.470+0000] {taskinstance.py:1400} INFO - Marking task as SUCCESS. dag_id=copy_tranform_to_mongo, task_id=waiting_for_data, execution_date=20210509T000000, start_date=20231018T114330, end_date=20231018T114330
[2023-10-18T11:43:30.516+0000] {local_task_job_runner.py:228} INFO - Task exited with return code 0
[2023-10-18T11:43:30.541+0000] {taskinstance.py:2778} INFO - 0 downstream tasks scheduled from follow-on schedule check
[2023-10-19T12:44:25.890+0000] {taskinstance.py:1159} INFO - Dependencies all met for dep_context=non-requeueable deps ti=<TaskInstance: copy_tranform_to_mongo.waiting_for_data scheduled__2021-05-09T00:00:00+00:00 [queued]>
[2023-10-19T12:44:25.905+0000] {taskinstance.py:1159} INFO - Dependencies all met for dep_context=requeueable deps ti=<TaskInstance: copy_tranform_to_mongo.waiting_for_data scheduled__2021-05-09T00:00:00+00:00 [queued]>
[2023-10-19T12:44:25.906+0000] {taskinstance.py:1361} INFO - Starting attempt 1 of 1
[2023-10-19T12:44:25.928+0000] {taskinstance.py:1382} INFO - Executing <Task(FileSensor): waiting_for_data> on 2021-05-09 00:00:00+00:00
[2023-10-19T12:44:25.937+0000] {standard_task_runner.py:57} INFO - Started process 1189 to run task
[2023-10-19T12:44:25.940+0000] {standard_task_runner.py:84} INFO - Running: ['***', 'tasks', 'run', 'copy_tranform_to_mongo', 'waiting_for_data', 'scheduled__2021-05-09T00:00:00+00:00', '--job-id', '257', '--raw', '--subdir', 'DAGS_FOLDER/file_***-mongo.py', '--cfg-path', '/tmp/tmpzgnp9hh9']
[2023-10-19T12:44:25.942+0000] {standard_task_runner.py:85} INFO - Job 257: Subtask waiting_for_data
[2023-10-19T12:44:26.001+0000] {task_command.py:416} INFO - Running <TaskInstance: copy_tranform_to_mongo.waiting_for_data scheduled__2021-05-09T00:00:00+00:00 [running]> on host 6f5df7fea6fd
[2023-10-19T12:44:26.154+0000] {taskinstance.py:1662} INFO - Exporting env vars: AIRFLOW_CTX_DAG_OWNER='***' AIRFLOW_CTX_DAG_ID='copy_tranform_to_mongo' AIRFLOW_CTX_TASK_ID='waiting_for_data' AIRFLOW_CTX_EXECUTION_DATE='2021-05-09T00:00:00+00:00' AIRFLOW_CTX_TRY_NUMBER='1' AIRFLOW_CTX_DAG_RUN_ID='scheduled__2021-05-09T00:00:00+00:00'
[2023-10-19T12:44:26.167+0000] {base.py:73} INFO - Using connection ID 'fs_default' for task execution.
[2023-10-19T12:44:26.167+0000] {filesystem.py:64} INFO - Poking for file /opt/in/tiktok_google_play_reviews.csv
[2023-10-19T12:44:26.167+0000] {filesystem.py:69} INFO - Found File /opt/in/tiktok_google_play_reviews.csv last modified: 20220405221612
[2023-10-19T12:44:26.167+0000] {base.py:287} INFO - Success criteria met. Exiting.
[2023-10-19T12:44:26.190+0000] {taskinstance.py:1400} INFO - Marking task as SUCCESS. dag_id=copy_tranform_to_mongo, task_id=waiting_for_data, execution_date=20210509T000000, start_date=20231019T124425, end_date=20231019T124426
[2023-10-19T12:44:26.320+0000] {local_task_job_runner.py:228} INFO - Task exited with return code 0
[2023-10-19T12:44:26.368+0000] {taskinstance.py:2778} INFO - 1 downstream tasks scheduled from follow-on schedule check
