[2023-10-17T11:19:45.312+0000] {taskinstance.py:1159} INFO - Dependencies all met for dep_context=non-requeueable deps ti=<TaskInstance: copy_tranform_to_mongo.waiting_for_data scheduled__2021-06-05T00:00:00+00:00 [queued]>
[2023-10-17T11:19:45.325+0000] {taskinstance.py:1159} INFO - Dependencies all met for dep_context=requeueable deps ti=<TaskInstance: copy_tranform_to_mongo.waiting_for_data scheduled__2021-06-05T00:00:00+00:00 [queued]>
[2023-10-17T11:19:45.326+0000] {taskinstance.py:1361} INFO - Starting attempt 1 of 1
[2023-10-17T11:19:45.376+0000] {taskinstance.py:1382} INFO - Executing <Task(FileSensor): waiting_for_data> on 2021-06-05 00:00:00+00:00
[2023-10-17T11:19:45.382+0000] {standard_task_runner.py:57} INFO - Started process 745 to run task
[2023-10-17T11:19:45.388+0000] {standard_task_runner.py:84} INFO - Running: ['***', 'tasks', 'run', 'copy_tranform_to_mongo', 'waiting_for_data', 'scheduled__2021-06-05T00:00:00+00:00', '--job-id', '160', '--raw', '--subdir', 'DAGS_FOLDER/file_***-mongo.py', '--cfg-path', '/tmp/tmp_wai8ctu']
[2023-10-17T11:19:45.389+0000] {standard_task_runner.py:85} INFO - Job 160: Subtask waiting_for_data
[2023-10-17T11:19:45.446+0000] {task_command.py:416} INFO - Running <TaskInstance: copy_tranform_to_mongo.waiting_for_data scheduled__2021-06-05T00:00:00+00:00 [running]> on host 238c1d4ff767
[2023-10-17T11:19:45.527+0000] {taskinstance.py:1662} INFO - Exporting env vars: AIRFLOW_CTX_DAG_OWNER='***' AIRFLOW_CTX_DAG_ID='copy_tranform_to_mongo' AIRFLOW_CTX_TASK_ID='waiting_for_data' AIRFLOW_CTX_EXECUTION_DATE='2021-06-05T00:00:00+00:00' AIRFLOW_CTX_TRY_NUMBER='1' AIRFLOW_CTX_DAG_RUN_ID='scheduled__2021-06-05T00:00:00+00:00'
[2023-10-17T11:19:45.539+0000] {base.py:73} INFO - Using connection ID 'fs_default' for task execution.
[2023-10-17T11:19:45.539+0000] {filesystem.py:64} INFO - Poking for file /opt/in/tiktok_google_play_reviews.csv
[2023-10-17T11:19:45.539+0000] {filesystem.py:69} INFO - Found File /opt/in/tiktok_google_play_reviews.csv last modified: 20220405221612
[2023-10-17T11:19:45.539+0000] {base.py:287} INFO - Success criteria met. Exiting.
[2023-10-17T11:19:45.549+0000] {taskinstance.py:1400} INFO - Marking task as SUCCESS. dag_id=copy_tranform_to_mongo, task_id=waiting_for_data, execution_date=20210605T000000, start_date=20231017T111945, end_date=20231017T111945
[2023-10-17T11:19:45.602+0000] {local_task_job_runner.py:228} INFO - Task exited with return code 0
[2023-10-17T11:19:45.618+0000] {taskinstance.py:2778} INFO - 0 downstream tasks scheduled from follow-on schedule check
[2023-10-18T10:43:25.834+0000] {taskinstance.py:1159} INFO - Dependencies all met for dep_context=non-requeueable deps ti=<TaskInstance: copy_tranform_to_mongo.waiting_for_data scheduled__2021-06-05T00:00:00+00:00 [queued]>
[2023-10-18T10:43:25.840+0000] {taskinstance.py:1159} INFO - Dependencies all met for dep_context=requeueable deps ti=<TaskInstance: copy_tranform_to_mongo.waiting_for_data scheduled__2021-06-05T00:00:00+00:00 [queued]>
[2023-10-18T10:43:25.840+0000] {taskinstance.py:1361} INFO - Starting attempt 1 of 1
[2023-10-18T10:43:25.848+0000] {taskinstance.py:1382} INFO - Executing <Task(FileSensor): waiting_for_data> on 2021-06-05 00:00:00+00:00
[2023-10-18T10:43:25.852+0000] {standard_task_runner.py:57} INFO - Started process 1714 to run task
[2023-10-18T10:43:25.854+0000] {standard_task_runner.py:84} INFO - Running: ['***', 'tasks', 'run', 'copy_tranform_to_mongo', 'waiting_for_data', 'scheduled__2021-06-05T00:00:00+00:00', '--job-id', '159', '--raw', '--subdir', 'DAGS_FOLDER/file_***-mongo.py', '--cfg-path', '/tmp/tmp_vhircbi']
[2023-10-18T10:43:25.855+0000] {standard_task_runner.py:85} INFO - Job 159: Subtask waiting_for_data
[2023-10-18T10:43:25.886+0000] {task_command.py:416} INFO - Running <TaskInstance: copy_tranform_to_mongo.waiting_for_data scheduled__2021-06-05T00:00:00+00:00 [running]> on host 2473b23ba069
[2023-10-18T10:43:25.935+0000] {taskinstance.py:1662} INFO - Exporting env vars: AIRFLOW_CTX_DAG_OWNER='***' AIRFLOW_CTX_DAG_ID='copy_tranform_to_mongo' AIRFLOW_CTX_TASK_ID='waiting_for_data' AIRFLOW_CTX_EXECUTION_DATE='2021-06-05T00:00:00+00:00' AIRFLOW_CTX_TRY_NUMBER='1' AIRFLOW_CTX_DAG_RUN_ID='scheduled__2021-06-05T00:00:00+00:00'
[2023-10-18T10:43:25.946+0000] {taskinstance.py:1937} ERROR - Task failed with exception
Traceback (most recent call last):
  File "/home/airflow/.local/lib/python3.8/site-packages/airflow/sensors/base.py", line 257, in execute
    raise e
  File "/home/airflow/.local/lib/python3.8/site-packages/airflow/sensors/base.py", line 239, in execute
    poke_return = self.poke(context)
  File "/home/airflow/.local/lib/python3.8/site-packages/airflow/sensors/filesystem.py", line 61, in poke
    hook = FSHook(self.fs_conn_id)
  File "/home/airflow/.local/lib/python3.8/site-packages/airflow/hooks/filesystem.py", line 38, in __init__
    conn = self.get_connection(conn_id)
  File "/home/airflow/.local/lib/python3.8/site-packages/airflow/hooks/base.py", line 72, in get_connection
    conn = Connection.get_connection_from_secrets(conn_id)
  File "/home/airflow/.local/lib/python3.8/site-packages/airflow/models/connection.py", line 477, in get_connection_from_secrets
    raise AirflowNotFoundException(f"The conn_id `{conn_id}` isn't defined")
airflow.exceptions.AirflowNotFoundException: The conn_id `fs_default` isn't defined
[2023-10-18T10:43:25.949+0000] {taskinstance.py:1400} INFO - Marking task as FAILED. dag_id=copy_tranform_to_mongo, task_id=waiting_for_data, execution_date=20210605T000000, start_date=20231018T104325, end_date=20231018T104325
[2023-10-18T10:43:25.956+0000] {standard_task_runner.py:104} ERROR - Failed to execute job 159 for task waiting_for_data (The conn_id `fs_default` isn't defined; 1714)
[2023-10-18T10:43:25.986+0000] {local_task_job_runner.py:228} INFO - Task exited with return code 1
[2023-10-18T10:43:26.018+0000] {taskinstance.py:2778} INFO - 0 downstream tasks scheduled from follow-on schedule check
[2023-10-18T11:43:46.089+0000] {taskinstance.py:1159} INFO - Dependencies all met for dep_context=non-requeueable deps ti=<TaskInstance: copy_tranform_to_mongo.waiting_for_data scheduled__2021-06-05T00:00:00+00:00 [queued]>
[2023-10-18T11:43:46.096+0000] {taskinstance.py:1159} INFO - Dependencies all met for dep_context=requeueable deps ti=<TaskInstance: copy_tranform_to_mongo.waiting_for_data scheduled__2021-06-05T00:00:00+00:00 [queued]>
[2023-10-18T11:43:46.097+0000] {taskinstance.py:1361} INFO - Starting attempt 1 of 1
[2023-10-18T11:43:46.105+0000] {taskinstance.py:1382} INFO - Executing <Task(FileSensor): waiting_for_data> on 2021-06-05 00:00:00+00:00
[2023-10-18T11:43:46.111+0000] {standard_task_runner.py:57} INFO - Started process 1082 to run task
[2023-10-18T11:43:46.113+0000] {standard_task_runner.py:84} INFO - Running: ['***', 'tasks', 'run', 'copy_tranform_to_mongo', 'waiting_for_data', 'scheduled__2021-06-05T00:00:00+00:00', '--job-id', '275', '--raw', '--subdir', 'DAGS_FOLDER/file_***-mongo.py', '--cfg-path', '/tmp/tmpws490850']
[2023-10-18T11:43:46.114+0000] {standard_task_runner.py:85} INFO - Job 275: Subtask waiting_for_data
[2023-10-18T11:43:46.154+0000] {task_command.py:416} INFO - Running <TaskInstance: copy_tranform_to_mongo.waiting_for_data scheduled__2021-06-05T00:00:00+00:00 [running]> on host 0e68aa52dfc7
[2023-10-18T11:43:46.240+0000] {taskinstance.py:1662} INFO - Exporting env vars: AIRFLOW_CTX_DAG_OWNER='***' AIRFLOW_CTX_DAG_ID='copy_tranform_to_mongo' AIRFLOW_CTX_TASK_ID='waiting_for_data' AIRFLOW_CTX_EXECUTION_DATE='2021-06-05T00:00:00+00:00' AIRFLOW_CTX_TRY_NUMBER='1' AIRFLOW_CTX_DAG_RUN_ID='scheduled__2021-06-05T00:00:00+00:00'
[2023-10-18T11:43:46.249+0000] {base.py:73} INFO - Using connection ID 'fs_default' for task execution.
[2023-10-18T11:43:46.250+0000] {filesystem.py:64} INFO - Poking for file /opt/in/tiktok_google_play_reviews.csv
[2023-10-18T11:43:46.250+0000] {filesystem.py:69} INFO - Found File /opt/in/tiktok_google_play_reviews.csv last modified: 20220405221612
[2023-10-18T11:43:46.250+0000] {base.py:287} INFO - Success criteria met. Exiting.
[2023-10-18T11:43:46.260+0000] {taskinstance.py:1400} INFO - Marking task as SUCCESS. dag_id=copy_tranform_to_mongo, task_id=waiting_for_data, execution_date=20210605T000000, start_date=20231018T114346, end_date=20231018T114346
[2023-10-18T11:43:46.285+0000] {local_task_job_runner.py:228} INFO - Task exited with return code 0
[2023-10-18T11:43:46.316+0000] {taskinstance.py:2778} INFO - 1 downstream tasks scheduled from follow-on schedule check
