[2023-10-19T14:04:52.728+0000] {taskinstance.py:1159} INFO - Dependencies all met for dep_context=non-requeueable deps ti=<TaskInstance: copy_tranform_to_mongo.waiting_for_data manual__2023-10-19T14:04:51.446338+00:00 [queued]>
[2023-10-19T14:04:52.734+0000] {taskinstance.py:1159} INFO - Dependencies all met for dep_context=requeueable deps ti=<TaskInstance: copy_tranform_to_mongo.waiting_for_data manual__2023-10-19T14:04:51.446338+00:00 [queued]>
[2023-10-19T14:04:52.735+0000] {taskinstance.py:1361} INFO - Starting attempt 1 of 1
[2023-10-19T14:04:52.743+0000] {taskinstance.py:1382} INFO - Executing <Task(FileSensor): waiting_for_data> on 2023-10-19 14:04:51.446338+00:00
[2023-10-19T14:04:52.748+0000] {standard_task_runner.py:57} INFO - Started process 62 to run task
[2023-10-19T14:04:52.751+0000] {standard_task_runner.py:84} INFO - Running: ['***', 'tasks', 'run', 'copy_tranform_to_mongo', 'waiting_for_data', 'manual__2023-10-19T14:04:51.446338+00:00', '--job-id', '4', '--raw', '--subdir', 'DAGS_FOLDER/file_***-mongo.py', '--cfg-path', '/tmp/tmpg454kfwx']
[2023-10-19T14:04:52.752+0000] {standard_task_runner.py:85} INFO - Job 4: Subtask waiting_for_data
[2023-10-19T14:04:52.783+0000] {task_command.py:416} INFO - Running <TaskInstance: copy_tranform_to_mongo.waiting_for_data manual__2023-10-19T14:04:51.446338+00:00 [running]> on host 298aa8126952
[2023-10-19T14:04:52.829+0000] {taskinstance.py:1662} INFO - Exporting env vars: AIRFLOW_CTX_DAG_OWNER='***' AIRFLOW_CTX_DAG_ID='copy_tranform_to_mongo' AIRFLOW_CTX_TASK_ID='waiting_for_data' AIRFLOW_CTX_EXECUTION_DATE='2023-10-19T14:04:51.446338+00:00' AIRFLOW_CTX_TRY_NUMBER='1' AIRFLOW_CTX_DAG_RUN_ID='manual__2023-10-19T14:04:51.446338+00:00'
[2023-10-19T14:04:52.840+0000] {taskinstance.py:1937} ERROR - Task failed with exception
Traceback (most recent call last):
  File "/home/airflow/.local/lib/python3.8/site-packages/airflow/sensors/base.py", line 257, in execute
    raise e
  File "/home/airflow/.local/lib/python3.8/site-packages/airflow/sensors/base.py", line 239, in execute
    poke_return = self.poke(context)
  File "/home/airflow/.local/lib/python3.8/site-packages/airflow/sensors/filesystem.py", line 61, in poke
    hook = FSHook(self.fs_conn_id)
  File "/home/airflow/.local/lib/python3.8/site-packages/airflow/hooks/filesystem.py", line 38, in __init__
    conn = self.get_connection(conn_id)
  File "/home/airflow/.local/lib/python3.8/site-packages/airflow/hooks/base.py", line 72, in get_connection
    conn = Connection.get_connection_from_secrets(conn_id)
  File "/home/airflow/.local/lib/python3.8/site-packages/airflow/models/connection.py", line 477, in get_connection_from_secrets
    raise AirflowNotFoundException(f"The conn_id `{conn_id}` isn't defined")
airflow.exceptions.AirflowNotFoundException: The conn_id `fs_default` isn't defined
[2023-10-19T14:04:52.842+0000] {taskinstance.py:1400} INFO - Marking task as FAILED. dag_id=copy_tranform_to_mongo, task_id=waiting_for_data, execution_date=20231019T140451, start_date=20231019T140452, end_date=20231019T140452
[2023-10-19T14:04:52.849+0000] {standard_task_runner.py:104} ERROR - Failed to execute job 4 for task waiting_for_data (The conn_id `fs_default` isn't defined; 62)
[2023-10-19T14:04:52.882+0000] {local_task_job_runner.py:228} INFO - Task exited with return code 1
[2023-10-19T14:04:52.912+0000] {taskinstance.py:2778} INFO - 0 downstream tasks scheduled from follow-on schedule check
