[2023-10-17T11:23:58.701+0000] {taskinstance.py:1159} INFO - Dependencies all met for dep_context=non-requeueable deps ti=<TaskInstance: copy_tranform_to_mongo.waiting_for_data scheduled__2022-09-24T00:00:00+00:00 [queued]>
[2023-10-17T11:23:58.709+0000] {taskinstance.py:1159} INFO - Dependencies all met for dep_context=requeueable deps ti=<TaskInstance: copy_tranform_to_mongo.waiting_for_data scheduled__2022-09-24T00:00:00+00:00 [queued]>
[2023-10-17T11:23:58.709+0000] {taskinstance.py:1361} INFO - Starting attempt 1 of 1
[2023-10-17T11:23:58.719+0000] {taskinstance.py:1382} INFO - Executing <Task(FileSensor): waiting_for_data> on 2022-09-24 00:00:00+00:00
[2023-10-17T11:23:58.726+0000] {standard_task_runner.py:57} INFO - Started process 1759 to run task
[2023-10-17T11:23:58.727+0000] {standard_task_runner.py:84} INFO - Running: ['***', 'tasks', 'run', 'copy_tranform_to_mongo', 'waiting_for_data', 'scheduled__2022-09-24T00:00:00+00:00', '--job-id', '636', '--raw', '--subdir', 'DAGS_FOLDER/file_***-mongo.py', '--cfg-path', '/tmp/tmplag09m5s']
[2023-10-17T11:23:58.728+0000] {standard_task_runner.py:85} INFO - Job 636: Subtask waiting_for_data
[2023-10-17T11:23:58.763+0000] {task_command.py:416} INFO - Running <TaskInstance: copy_tranform_to_mongo.waiting_for_data scheduled__2022-09-24T00:00:00+00:00 [running]> on host 238c1d4ff767
[2023-10-17T11:23:58.826+0000] {taskinstance.py:1662} INFO - Exporting env vars: AIRFLOW_CTX_DAG_OWNER='***' AIRFLOW_CTX_DAG_ID='copy_tranform_to_mongo' AIRFLOW_CTX_TASK_ID='waiting_for_data' AIRFLOW_CTX_EXECUTION_DATE='2022-09-24T00:00:00+00:00' AIRFLOW_CTX_TRY_NUMBER='1' AIRFLOW_CTX_DAG_RUN_ID='scheduled__2022-09-24T00:00:00+00:00'
[2023-10-17T11:23:58.832+0000] {base.py:73} INFO - Using connection ID 'fs_default' for task execution.
[2023-10-17T11:23:58.833+0000] {filesystem.py:64} INFO - Poking for file /opt/in/tiktok_google_play_reviews.csv
[2023-10-17T11:23:58.833+0000] {filesystem.py:69} INFO - Found File /opt/in/tiktok_google_play_reviews.csv last modified: 20220405221612
[2023-10-17T11:23:58.833+0000] {base.py:287} INFO - Success criteria met. Exiting.
[2023-10-17T11:23:58.839+0000] {taskinstance.py:1400} INFO - Marking task as SUCCESS. dag_id=copy_tranform_to_mongo, task_id=waiting_for_data, execution_date=20220924T000000, start_date=20231017T112358, end_date=20231017T112358
[2023-10-17T11:23:58.859+0000] {local_task_job_runner.py:228} INFO - Task exited with return code 0
[2023-10-17T11:23:58.871+0000] {taskinstance.py:2778} INFO - 0 downstream tasks scheduled from follow-on schedule check
[2023-10-18T11:48:38.663+0000] {taskinstance.py:1159} INFO - Dependencies all met for dep_context=non-requeueable deps ti=<TaskInstance: copy_tranform_to_mongo.waiting_for_data scheduled__2022-09-24T00:00:00+00:00 [queued]>
[2023-10-18T11:48:38.673+0000] {taskinstance.py:1159} INFO - Dependencies all met for dep_context=requeueable deps ti=<TaskInstance: copy_tranform_to_mongo.waiting_for_data scheduled__2022-09-24T00:00:00+00:00 [queued]>
[2023-10-18T11:48:38.673+0000] {taskinstance.py:1361} INFO - Starting attempt 1 of 1
[2023-10-18T11:48:38.690+0000] {taskinstance.py:1382} INFO - Executing <Task(FileSensor): waiting_for_data> on 2022-09-24 00:00:00+00:00
[2023-10-18T11:48:38.698+0000] {standard_task_runner.py:57} INFO - Started process 3064 to run task
[2023-10-18T11:48:38.701+0000] {standard_task_runner.py:84} INFO - Running: ['***', 'tasks', 'run', 'copy_tranform_to_mongo', 'waiting_for_data', 'scheduled__2022-09-24T00:00:00+00:00', '--job-id', '1226', '--raw', '--subdir', 'DAGS_FOLDER/file_***-mongo.py', '--cfg-path', '/tmp/tmp2z6ye8lm']
[2023-10-18T11:48:38.703+0000] {standard_task_runner.py:85} INFO - Job 1226: Subtask waiting_for_data
[2023-10-18T11:48:38.749+0000] {task_command.py:416} INFO - Running <TaskInstance: copy_tranform_to_mongo.waiting_for_data scheduled__2022-09-24T00:00:00+00:00 [running]> on host 0e68aa52dfc7
[2023-10-18T11:48:38.809+0000] {taskinstance.py:1662} INFO - Exporting env vars: AIRFLOW_CTX_DAG_OWNER='***' AIRFLOW_CTX_DAG_ID='copy_tranform_to_mongo' AIRFLOW_CTX_TASK_ID='waiting_for_data' AIRFLOW_CTX_EXECUTION_DATE='2022-09-24T00:00:00+00:00' AIRFLOW_CTX_TRY_NUMBER='1' AIRFLOW_CTX_DAG_RUN_ID='scheduled__2022-09-24T00:00:00+00:00'
[2023-10-18T11:48:38.818+0000] {base.py:73} INFO - Using connection ID 'fs_default' for task execution.
[2023-10-18T11:48:38.819+0000] {filesystem.py:64} INFO - Poking for file /opt/in/tiktok_google_play_reviews.csv
[2023-10-18T11:48:38.819+0000] {filesystem.py:69} INFO - Found File /opt/in/tiktok_google_play_reviews.csv last modified: 20220405221612
[2023-10-18T11:48:38.819+0000] {base.py:287} INFO - Success criteria met. Exiting.
[2023-10-18T11:48:38.828+0000] {taskinstance.py:1400} INFO - Marking task as SUCCESS. dag_id=copy_tranform_to_mongo, task_id=waiting_for_data, execution_date=20220924T000000, start_date=20231018T114838, end_date=20231018T114838
[2023-10-18T11:48:38.879+0000] {local_task_job_runner.py:228} INFO - Task exited with return code 0
[2023-10-18T11:48:38.902+0000] {taskinstance.py:2778} INFO - 1 downstream tasks scheduled from follow-on schedule check
