[2023-10-17T11:24:13.054+0000] {taskinstance.py:1159} INFO - Dependencies all met for dep_context=non-requeueable deps ti=<TaskInstance: copy_tranform_to_mongo.waiting_for_data scheduled__2022-10-22T00:00:00+00:00 [queued]>
[2023-10-17T11:24:13.063+0000] {taskinstance.py:1159} INFO - Dependencies all met for dep_context=requeueable deps ti=<TaskInstance: copy_tranform_to_mongo.waiting_for_data scheduled__2022-10-22T00:00:00+00:00 [queued]>
[2023-10-17T11:24:13.063+0000] {taskinstance.py:1361} INFO - Starting attempt 1 of 1
[2023-10-17T11:24:13.078+0000] {taskinstance.py:1382} INFO - Executing <Task(FileSensor): waiting_for_data> on 2022-10-22 00:00:00+00:00
[2023-10-17T11:24:13.087+0000] {standard_task_runner.py:57} INFO - Started process 1824 to run task
[2023-10-17T11:24:13.090+0000] {standard_task_runner.py:84} INFO - Running: ['***', 'tasks', 'run', 'copy_tranform_to_mongo', 'waiting_for_data', 'scheduled__2022-10-22T00:00:00+00:00', '--job-id', '664', '--raw', '--subdir', 'DAGS_FOLDER/file_***-mongo.py', '--cfg-path', '/tmp/tmpj4ylwc51']
[2023-10-17T11:24:13.091+0000] {standard_task_runner.py:85} INFO - Job 664: Subtask waiting_for_data
[2023-10-17T11:24:13.140+0000] {task_command.py:416} INFO - Running <TaskInstance: copy_tranform_to_mongo.waiting_for_data scheduled__2022-10-22T00:00:00+00:00 [running]> on host 238c1d4ff767
[2023-10-17T11:24:13.223+0000] {taskinstance.py:1662} INFO - Exporting env vars: AIRFLOW_CTX_DAG_OWNER='***' AIRFLOW_CTX_DAG_ID='copy_tranform_to_mongo' AIRFLOW_CTX_TASK_ID='waiting_for_data' AIRFLOW_CTX_EXECUTION_DATE='2022-10-22T00:00:00+00:00' AIRFLOW_CTX_TRY_NUMBER='1' AIRFLOW_CTX_DAG_RUN_ID='scheduled__2022-10-22T00:00:00+00:00'
[2023-10-17T11:24:13.235+0000] {base.py:73} INFO - Using connection ID 'fs_default' for task execution.
[2023-10-17T11:24:13.235+0000] {filesystem.py:64} INFO - Poking for file /opt/in/tiktok_google_play_reviews.csv
[2023-10-17T11:24:13.236+0000] {filesystem.py:69} INFO - Found File /opt/in/tiktok_google_play_reviews.csv last modified: 20220405221612
[2023-10-17T11:24:13.237+0000] {base.py:287} INFO - Success criteria met. Exiting.
[2023-10-17T11:24:13.245+0000] {taskinstance.py:1400} INFO - Marking task as SUCCESS. dag_id=copy_tranform_to_mongo, task_id=waiting_for_data, execution_date=20221022T000000, start_date=20231017T112413, end_date=20231017T112413
[2023-10-17T11:24:13.303+0000] {local_task_job_runner.py:228} INFO - Task exited with return code 0
[2023-10-17T11:24:13.353+0000] {taskinstance.py:2778} INFO - 0 downstream tasks scheduled from follow-on schedule check
[2023-10-18T11:48:56.339+0000] {taskinstance.py:1159} INFO - Dependencies all met for dep_context=non-requeueable deps ti=<TaskInstance: copy_tranform_to_mongo.waiting_for_data scheduled__2022-10-22T00:00:00+00:00 [queued]>
[2023-10-18T11:48:56.350+0000] {taskinstance.py:1159} INFO - Dependencies all met for dep_context=requeueable deps ti=<TaskInstance: copy_tranform_to_mongo.waiting_for_data scheduled__2022-10-22T00:00:00+00:00 [queued]>
[2023-10-18T11:48:56.350+0000] {taskinstance.py:1361} INFO - Starting attempt 1 of 1
[2023-10-18T11:48:56.364+0000] {taskinstance.py:1382} INFO - Executing <Task(FileSensor): waiting_for_data> on 2022-10-22 00:00:00+00:00
[2023-10-18T11:48:56.372+0000] {standard_task_runner.py:57} INFO - Started process 3178 to run task
[2023-10-18T11:48:56.374+0000] {standard_task_runner.py:84} INFO - Running: ['***', 'tasks', 'run', 'copy_tranform_to_mongo', 'waiting_for_data', 'scheduled__2022-10-22T00:00:00+00:00', '--job-id', '1282', '--raw', '--subdir', 'DAGS_FOLDER/file_***-mongo.py', '--cfg-path', '/tmp/tmpzm9zbzk7']
[2023-10-18T11:48:56.376+0000] {standard_task_runner.py:85} INFO - Job 1282: Subtask waiting_for_data
[2023-10-18T11:48:56.429+0000] {task_command.py:416} INFO - Running <TaskInstance: copy_tranform_to_mongo.waiting_for_data scheduled__2022-10-22T00:00:00+00:00 [running]> on host 0e68aa52dfc7
[2023-10-18T11:48:56.512+0000] {taskinstance.py:1662} INFO - Exporting env vars: AIRFLOW_CTX_DAG_OWNER='***' AIRFLOW_CTX_DAG_ID='copy_tranform_to_mongo' AIRFLOW_CTX_TASK_ID='waiting_for_data' AIRFLOW_CTX_EXECUTION_DATE='2022-10-22T00:00:00+00:00' AIRFLOW_CTX_TRY_NUMBER='1' AIRFLOW_CTX_DAG_RUN_ID='scheduled__2022-10-22T00:00:00+00:00'
[2023-10-18T11:48:56.523+0000] {base.py:73} INFO - Using connection ID 'fs_default' for task execution.
[2023-10-18T11:48:56.523+0000] {filesystem.py:64} INFO - Poking for file /opt/in/tiktok_google_play_reviews.csv
[2023-10-18T11:48:56.523+0000] {filesystem.py:69} INFO - Found File /opt/in/tiktok_google_play_reviews.csv last modified: 20220405221612
[2023-10-18T11:48:56.523+0000] {base.py:287} INFO - Success criteria met. Exiting.
[2023-10-18T11:48:56.534+0000] {taskinstance.py:1400} INFO - Marking task as SUCCESS. dag_id=copy_tranform_to_mongo, task_id=waiting_for_data, execution_date=20221022T000000, start_date=20231018T114856, end_date=20231018T114856
[2023-10-18T11:48:56.587+0000] {local_task_job_runner.py:228} INFO - Task exited with return code 0
[2023-10-18T11:48:56.615+0000] {taskinstance.py:2778} INFO - 0 downstream tasks scheduled from follow-on schedule check
