[2023-10-17T11:20:11.129+0000] {taskinstance.py:1159} INFO - Dependencies all met for dep_context=non-requeueable deps ti=<TaskInstance: copy_tranform_to_mongo.waiting_for_data scheduled__2021-08-06T00:00:00+00:00 [queued]>
[2023-10-17T11:20:11.141+0000] {taskinstance.py:1159} INFO - Dependencies all met for dep_context=requeueable deps ti=<TaskInstance: copy_tranform_to_mongo.waiting_for_data scheduled__2021-08-06T00:00:00+00:00 [queued]>
[2023-10-17T11:20:11.141+0000] {taskinstance.py:1361} INFO - Starting attempt 1 of 1
[2023-10-17T11:20:11.178+0000] {taskinstance.py:1382} INFO - Executing <Task(FileSensor): waiting_for_data> on 2021-08-06 00:00:00+00:00
[2023-10-17T11:20:11.186+0000] {standard_task_runner.py:57} INFO - Started process 877 to run task
[2023-10-17T11:20:11.189+0000] {standard_task_runner.py:84} INFO - Running: ['***', 'tasks', 'run', 'copy_tranform_to_mongo', 'waiting_for_data', 'scheduled__2021-08-06T00:00:00+00:00', '--job-id', '222', '--raw', '--subdir', 'DAGS_FOLDER/file_***-mongo.py', '--cfg-path', '/tmp/tmpyb7oi4ha']
[2023-10-17T11:20:11.190+0000] {standard_task_runner.py:85} INFO - Job 222: Subtask waiting_for_data
[2023-10-17T11:20:11.238+0000] {task_command.py:416} INFO - Running <TaskInstance: copy_tranform_to_mongo.waiting_for_data scheduled__2021-08-06T00:00:00+00:00 [running]> on host 238c1d4ff767
[2023-10-17T11:20:11.325+0000] {taskinstance.py:1662} INFO - Exporting env vars: AIRFLOW_CTX_DAG_OWNER='***' AIRFLOW_CTX_DAG_ID='copy_tranform_to_mongo' AIRFLOW_CTX_TASK_ID='waiting_for_data' AIRFLOW_CTX_EXECUTION_DATE='2021-08-06T00:00:00+00:00' AIRFLOW_CTX_TRY_NUMBER='1' AIRFLOW_CTX_DAG_RUN_ID='scheduled__2021-08-06T00:00:00+00:00'
[2023-10-17T11:20:11.333+0000] {base.py:73} INFO - Using connection ID 'fs_default' for task execution.
[2023-10-17T11:20:11.334+0000] {filesystem.py:64} INFO - Poking for file /opt/in/tiktok_google_play_reviews.csv
[2023-10-17T11:20:11.334+0000] {filesystem.py:69} INFO - Found File /opt/in/tiktok_google_play_reviews.csv last modified: 20220405221612
[2023-10-17T11:20:11.334+0000] {base.py:287} INFO - Success criteria met. Exiting.
[2023-10-17T11:20:11.341+0000] {taskinstance.py:1400} INFO - Marking task as SUCCESS. dag_id=copy_tranform_to_mongo, task_id=waiting_for_data, execution_date=20210806T000000, start_date=20231017T112011, end_date=20231017T112011
[2023-10-17T11:20:11.362+0000] {local_task_job_runner.py:228} INFO - Task exited with return code 0
[2023-10-17T11:20:11.376+0000] {taskinstance.py:2778} INFO - 0 downstream tasks scheduled from follow-on schedule check
[2023-10-18T10:43:53.611+0000] {taskinstance.py:1159} INFO - Dependencies all met for dep_context=non-requeueable deps ti=<TaskInstance: copy_tranform_to_mongo.waiting_for_data scheduled__2021-08-06T00:00:00+00:00 [queued]>
[2023-10-18T10:43:53.623+0000] {taskinstance.py:1159} INFO - Dependencies all met for dep_context=requeueable deps ti=<TaskInstance: copy_tranform_to_mongo.waiting_for_data scheduled__2021-08-06T00:00:00+00:00 [queued]>
[2023-10-18T10:43:53.624+0000] {taskinstance.py:1361} INFO - Starting attempt 1 of 1
[2023-10-18T10:43:53.640+0000] {taskinstance.py:1382} INFO - Executing <Task(FileSensor): waiting_for_data> on 2021-08-06 00:00:00+00:00
[2023-10-18T10:43:53.647+0000] {standard_task_runner.py:57} INFO - Started process 1847 to run task
[2023-10-18T10:43:53.651+0000] {standard_task_runner.py:84} INFO - Running: ['***', 'tasks', 'run', 'copy_tranform_to_mongo', 'waiting_for_data', 'scheduled__2021-08-06T00:00:00+00:00', '--job-id', '221', '--raw', '--subdir', 'DAGS_FOLDER/file_***-mongo.py', '--cfg-path', '/tmp/tmpz242140o']
[2023-10-18T10:43:53.653+0000] {standard_task_runner.py:85} INFO - Job 221: Subtask waiting_for_data
[2023-10-18T10:43:53.701+0000] {task_command.py:416} INFO - Running <TaskInstance: copy_tranform_to_mongo.waiting_for_data scheduled__2021-08-06T00:00:00+00:00 [running]> on host 2473b23ba069
[2023-10-18T10:43:53.775+0000] {taskinstance.py:1662} INFO - Exporting env vars: AIRFLOW_CTX_DAG_OWNER='***' AIRFLOW_CTX_DAG_ID='copy_tranform_to_mongo' AIRFLOW_CTX_TASK_ID='waiting_for_data' AIRFLOW_CTX_EXECUTION_DATE='2021-08-06T00:00:00+00:00' AIRFLOW_CTX_TRY_NUMBER='1' AIRFLOW_CTX_DAG_RUN_ID='scheduled__2021-08-06T00:00:00+00:00'
[2023-10-18T10:43:53.785+0000] {base.py:73} INFO - Using connection ID 'fs_default' for task execution.
[2023-10-18T10:43:53.786+0000] {filesystem.py:64} INFO - Poking for file in/tiktok_google_play_reviews.csv
[2023-10-18T10:44:53.847+0000] {base.py:73} INFO - Using connection ID 'fs_default' for task execution.
[2023-10-18T10:44:53.848+0000] {filesystem.py:64} INFO - Poking for file in/tiktok_google_play_reviews.csv
[2023-10-18T10:45:53.912+0000] {base.py:73} INFO - Using connection ID 'fs_default' for task execution.
[2023-10-18T10:45:53.912+0000] {filesystem.py:64} INFO - Poking for file in/tiktok_google_play_reviews.csv
[2023-10-18T10:46:53.981+0000] {base.py:73} INFO - Using connection ID 'fs_default' for task execution.
[2023-10-18T10:46:53.981+0000] {filesystem.py:64} INFO - Poking for file in/tiktok_google_play_reviews.csv
[2023-10-18T10:47:54.048+0000] {base.py:73} INFO - Using connection ID 'fs_default' for task execution.
[2023-10-18T10:47:54.053+0000] {filesystem.py:64} INFO - Poking for file /opt/in/tiktok_google_play_reviews.csv
[2023-10-18T10:47:54.053+0000] {filesystem.py:69} INFO - Found File /opt/in/tiktok_google_play_reviews.csv last modified: 20220405221612
[2023-10-18T10:47:54.054+0000] {base.py:287} INFO - Success criteria met. Exiting.
[2023-10-18T10:47:54.068+0000] {taskinstance.py:1400} INFO - Marking task as SUCCESS. dag_id=copy_tranform_to_mongo, task_id=waiting_for_data, execution_date=20210806T000000, start_date=20231018T104353, end_date=20231018T104754
[2023-10-18T10:47:54.268+0000] {local_task_job_runner.py:228} INFO - Task exited with return code 0
[2023-10-18T10:47:54.296+0000] {taskinstance.py:2778} INFO - 1 downstream tasks scheduled from follow-on schedule check
[2023-10-18T11:44:26.644+0000] {taskinstance.py:1159} INFO - Dependencies all met for dep_context=non-requeueable deps ti=<TaskInstance: copy_tranform_to_mongo.waiting_for_data scheduled__2021-08-06T00:00:00+00:00 [queued]>
[2023-10-18T11:44:26.654+0000] {taskinstance.py:1159} INFO - Dependencies all met for dep_context=requeueable deps ti=<TaskInstance: copy_tranform_to_mongo.waiting_for_data scheduled__2021-08-06T00:00:00+00:00 [queued]>
[2023-10-18T11:44:26.655+0000] {taskinstance.py:1361} INFO - Starting attempt 1 of 1
[2023-10-18T11:44:26.667+0000] {taskinstance.py:1382} INFO - Executing <Task(FileSensor): waiting_for_data> on 2021-08-06 00:00:00+00:00
[2023-10-18T11:44:26.676+0000] {standard_task_runner.py:57} INFO - Started process 1345 to run task
[2023-10-18T11:44:26.679+0000] {standard_task_runner.py:84} INFO - Running: ['***', 'tasks', 'run', 'copy_tranform_to_mongo', 'waiting_for_data', 'scheduled__2021-08-06T00:00:00+00:00', '--job-id', '398', '--raw', '--subdir', 'DAGS_FOLDER/file_***-mongo.py', '--cfg-path', '/tmp/tmp_5je2pmi']
[2023-10-18T11:44:26.680+0000] {standard_task_runner.py:85} INFO - Job 398: Subtask waiting_for_data
[2023-10-18T11:44:26.733+0000] {task_command.py:416} INFO - Running <TaskInstance: copy_tranform_to_mongo.waiting_for_data scheduled__2021-08-06T00:00:00+00:00 [running]> on host 0e68aa52dfc7
[2023-10-18T11:44:26.814+0000] {taskinstance.py:1662} INFO - Exporting env vars: AIRFLOW_CTX_DAG_OWNER='***' AIRFLOW_CTX_DAG_ID='copy_tranform_to_mongo' AIRFLOW_CTX_TASK_ID='waiting_for_data' AIRFLOW_CTX_EXECUTION_DATE='2021-08-06T00:00:00+00:00' AIRFLOW_CTX_TRY_NUMBER='1' AIRFLOW_CTX_DAG_RUN_ID='scheduled__2021-08-06T00:00:00+00:00'
[2023-10-18T11:44:26.822+0000] {base.py:73} INFO - Using connection ID 'fs_default' for task execution.
[2023-10-18T11:44:26.823+0000] {filesystem.py:64} INFO - Poking for file /opt/in/tiktok_google_play_reviews.csv
[2023-10-18T11:44:26.823+0000] {filesystem.py:69} INFO - Found File /opt/in/tiktok_google_play_reviews.csv last modified: 20220405221612
[2023-10-18T11:44:26.823+0000] {base.py:287} INFO - Success criteria met. Exiting.
[2023-10-18T11:44:26.833+0000] {taskinstance.py:1400} INFO - Marking task as SUCCESS. dag_id=copy_tranform_to_mongo, task_id=waiting_for_data, execution_date=20210806T000000, start_date=20231018T114426, end_date=20231018T114426
[2023-10-18T11:44:26.894+0000] {local_task_job_runner.py:228} INFO - Task exited with return code 0
[2023-10-18T11:44:26.917+0000] {taskinstance.py:2778} INFO - 0 downstream tasks scheduled from follow-on schedule check
